<?xml version="1.0" encoding="UTF-8"?>
<TestRun id="c9046d45-e066-456f-90b2-ee55a0f8b982" name="Justin@JUSTIN-LAPTOP 2010-10-17 14:30:23" runUser="Justin-Laptop\Justin" xmlns="http://microsoft.com/schemas/VisualStudio/TeamTest/2010">
  <TestSettings name="Local" id="ea36617e-255b-41c6-a9d8-bdc56b785769">
    <Description>These are default test settings for a local test run.</Description>
    <Deployment runDeploymentRoot="Justin_JUSTIN-LAPTOP 2010-10-17 14_30_23">
      <DeploymentItem filename="C:\Projects\UndeadEarth\UndeadEarth.Model\bin\Debug\UndeadEarth.Model.dll" />
      <DeploymentItem filename="C:\Projects\UndeadEarth\External Assemblies\Microsoft.Practices.ObjectBuilder2.dll" />
      <DeploymentItem filename="C:\Projects\UndeadEarth\UndeadEarth.Dal\bin\Debug\UndeadEarth.Dal.dll" />
      <DeploymentItem filename="C:\Projects\UndeadEarth\External Assemblies\Microsoft.Practices.Unity.dll" />
      <DeploymentItem filename="C:\Projects\UndeadEarth\External Assemblies\Microsoft.Practices.Unity.Configuration.dll" />
      <DeploymentItem filename="C:\Projects\UndeadEarth\UndeadEarth.Contract\bin\Debug\UndeadEarth.Contract.dll" />
      <DeploymentItem filename="C:\Projects\UndeadEarth\External Assemblies\Moq.dll" />
    </Deployment>
    <Execution>
      <TestTypeSpecific>
        <UnitTestRunConfig testTypeId="13cdc9d9-ddb5-4fa4-a97d-d965ccfc6d4b">
          <AssemblyResolution>
            <TestDirectory useLoadContext="true" />
          </AssemblyResolution>
        </UnitTestRunConfig>
        <WebTestRunConfiguration testTypeId="4e7599fa-5ecb-43e9-a887-cd63cf72d207">
          <Browser name="Internet Explorer 7.0">
            <Headers>
              <Header name="User-Agent" value="Mozilla/4.0 (compatible; MSIE 7.0; Windows NT 5.1)" />
              <Header name="Accept" value="*/*" />
              <Header name="Accept-Language" value="{{$IEAcceptLanguage}}" />
              <Header name="Accept-Encoding" value="GZIP" />
            </Headers>
          </Browser>
        </WebTestRunConfiguration>
      </TestTypeSpecific>
      <AgentRule name="LocalMachineDefaultRole">
        <DataCollectors>
          <DataCollector uri="datacollector://microsoft/CodeCoverage/1.0" assemblyQualifiedName="Microsoft.VisualStudio.TestTools.CodeCoverage.CoveragePlugIn, Microsoft.VisualStudio.QualityTools.Plugins.CodeCoverage, Version=10.0.0.0, Culture=neutral, PublicKeyToken=b03f5f7f11d50a3a" friendlyName="Code Coverage">
            <Configuration>
              <CodeCoverage xmlns="">
                <Regular>
                  <CodeCoverageItem binaryFile="C:\Projects\UndeadEarth\UndeadEarth.Dal\bin\Debug\UndeadEarth.Dal.dll" pdbFile="C:\Projects\UndeadEarth\UndeadEarth.Dal\bin\Debug\UndeadEarth.Dal.instr.pdb" instrumentInPlace="true" />
                  <CodeCoverageItem binaryFile="C:\Projects\UndeadEarth\UndeadEarth.Model\bin\Debug\UndeadEarth.Model.dll" pdbFile="C:\Projects\UndeadEarth\UndeadEarth.Model\bin\Debug\UndeadEarth.Model.instr.pdb" instrumentInPlace="true" />
                  <CodeCoverageItem binaryFile="C:\Projects\UndeadEarth\UndeadEarth.Contract\bin\Debug\UndeadEarth.Contract.dll" pdbFile="C:\Projects\UndeadEarth\UndeadEarth.Contract\bin\Debug\UndeadEarth.Contract.instr.pdb" instrumentInPlace="true" />
                </Regular>
              </CodeCoverage>
            </Configuration>
          </DataCollector>
        </DataCollectors>
      </AgentRule>
    </Execution>
  </TestSettings>
  <Times creation="2010-10-17T14:30:23.3871060-05:00" queuing="2010-10-17T14:30:24.3571615-05:00" start="2010-10-17T14:30:24.4651677-05:00" finish="2010-10-17T14:30:37.5519162-05:00" />
  <ResultSummary outcome="Failed">
    <Counters total="314" executed="314" passed="313" error="0" failed="1" timeout="0" aborted="0" inconclusive="0" passedButRunAborted="0" notRunnable="0" notExecuted="0" disconnected="0" warning="0" completed="0" inProgress="0" pending="0" />
    <ResultFiles>
      <ResultFile path="JUSTIN-LAPTOP\data.coverage" />
    </ResultFiles>
  </ResultSummary>
  <TestDefinitions>
    <UnitTest name="should_return_hotzone_is_not_cleared_for_other_user" storage="c:\projects\undeadearth\undeadearth.test\bin\debug\undeadearth.test.dll" id="61f1fbc3-1b38-ec7e-962e-44e1959bccb8">
      <Execution id="c540dbae-953b-4640-89db-ae98f57a013a" />
      <TestMethod codeBase="C:/Projects/UndeadEarth/UndeadEarth.Test/bin/Debug/UndeadEarth.Test.DLL" adapterTypeName="Microsoft.VisualStudio.TestTools.TestTypes.Unit.UnitTestAdapter, Microsoft.VisualStudio.QualityTools.Tips.UnitTest.Adapter, Version=10.0.0.0, Culture=neutral, PublicKeyToken=b03f5f7f11d50a3a" className="UndeadEarth.Test.Dal.when_determining_if_hotzones_is_cleared, UndeadEarth.Test, Version=1.0.0.0, Culture=neutral, PublicKeyToken=null" name="should_return_hotzone_is_not_cleared_for_other_user" />
    </UnitTest>
    <UnitTest name="should_throw_error_if_trying_to_update_user_attack_power_and_user_does_not_exist" storage="c:\projects\undeadearth\undeadearth.test\bin\debug\undeadearth.test.dll" id="7c9fa0fb-7cf0-12c6-f8da-d4fb82dffc47">
      <Execution id="37120228-e445-48c7-949e-57c38dae6973" />
      <TestMethod codeBase="C:/Projects/UndeadEarth/UndeadEarth.Test/bin/Debug/UndeadEarth.Test.DLL" adapterTypeName="Microsoft.VisualStudio.TestTools.TestTypes.Unit.UnitTestAdapter, Microsoft.VisualStudio.QualityTools.Tips.UnitTest.Adapter, Version=10.0.0.0, Culture=neutral, PublicKeyToken=b03f5f7f11d50a3a" className="UndeadEarth.Test.Dal.when_saving_user, UndeadEarth.Test, Version=1.0.0.0, Culture=neutral, PublicKeyToken=null" name="should_throw_error_if_trying_to_update_user_attack_power_and_user_does_not_exist" />
    </UnitTest>
    <UnitTest name="should_start_with_energy_of_100" storage="c:\projects\undeadearth\undeadearth.test\bin\debug\undeadearth.test.dll" id="3b3489bf-140a-7d3d-ca59-73f946c71ab3">
      <Execution id="f3cc3933-e90a-494e-ab54-df5acd4f732f" />
      <TestMethod codeBase="C:/Projects/UndeadEarth/UndeadEarth.Test/bin/Debug/UndeadEarth.Test.DLL" adapterTypeName="Microsoft.VisualStudio.TestTools.TestTypes.Unit.UnitTestAdapter, Microsoft.VisualStudio.QualityTools.Tips.UnitTest.Adapter, Version=10.0.0.0, Culture=neutral, PublicKeyToken=b03f5f7f11d50a3a" className="UndeadEarth.Test.Model.when_creating_user, UndeadEarth.Test, Version=1.0.0.0, Culture=neutral, PublicKeyToken=null" name="should_start_with_energy_of_100" />
    </UnitTest>
    <UnitTest name="should_decrement_the_zombies_left_in_a_zombie_pack_after_a_hunt" storage="c:\projects\undeadearth\undeadearth.test\bin\debug\undeadearth.test.dll" id="799c0d6a-4d65-290e-a185-a723c64e9bd5">
      <Execution id="3ce8c6ca-2716-477a-92a2-5e8700fab320" />
      <TestMethod codeBase="C:/Projects/UndeadEarth/UndeadEarth.Test/bin/Debug/UndeadEarth.Test.DLL" adapterTypeName="Microsoft.VisualStudio.TestTools.TestTypes.Unit.UnitTestAdapter, Microsoft.VisualStudio.QualityTools.Tips.UnitTest.Adapter, Version=10.0.0.0, Culture=neutral, PublicKeyToken=b03f5f7f11d50a3a" className="UndeadEarth.Test.Model.when_hunting_for_zombies, UndeadEarth.Test, Version=1.0.0.0, Culture=neutral, PublicKeyToken=null" name="should_decrement_the_zombies_left_in_a_zombie_pack_after_a_hunt" />
    </UnitTest>
    <UnitTest name="should_return_attack_power_along_with_any_attack_power_increase_from_multiple_safehouse_items_and_user_has_no_money" storage="c:\projects\undeadearth\undeadearth.test\bin\debug\undeadearth.test.dll" id="c85e6447-a3ca-1d12-8c38-f937a72eca57">
      <Execution id="8168023e-bedf-4066-a714-8cd4da0b7260" />
      <TestMethod codeBase="C:/Projects/UndeadEarth/UndeadEarth.Test/bin/Debug/UndeadEarth.Test.DLL" adapterTypeName="Microsoft.VisualStudio.TestTools.TestTypes.Unit.UnitTestAdapter, Microsoft.VisualStudio.QualityTools.Tips.UnitTest.Adapter, Version=10.0.0.0, Culture=neutral, PublicKeyToken=b03f5f7f11d50a3a" className="UndeadEarth.Test.Model.when_determining_users_max_potential_attack_power, UndeadEarth.Test, Version=1.0.0.0, Culture=neutral, PublicKeyToken=null" name="should_return_attack_power_along_with_any_attack_power_increase_from_multiple_safehouse_items_and_user_has_no_money" />
    </UnitTest>
    <UnitTest name="should_hunt_if_users_has_enough_energy" storage="c:\projects\undeadearth\undeadearth.test\bin\debug\undeadearth.test.dll" id="10dff579-2252-675a-f00d-0bb39990c8c6">
      <Execution id="c663c4f7-f68a-4a42-aa52-7fea5492de37" />
      <TestMethod codeBase="C:/Projects/UndeadEarth/UndeadEarth.Test/bin/Debug/UndeadEarth.Test.DLL" adapterTypeName="Microsoft.VisualStudio.TestTools.TestTypes.Unit.UnitTestAdapter, Microsoft.VisualStudio.QualityTools.Tips.UnitTest.Adapter, Version=10.0.0.0, Culture=neutral, PublicKeyToken=b03f5f7f11d50a3a" className="UndeadEarth.Test.Model.when_hunting_for_zombies, UndeadEarth.Test, Version=1.0.0.0, Culture=neutral, PublicKeyToken=null" name="should_hunt_if_users_has_enough_energy" />
    </UnitTest>
    <UnitTest name="should_return_zero_for_attack_power_if_user_does_not_exist" storage="c:\projects\undeadearth\undeadearth.test\bin\debug\undeadearth.test.dll" id="bb35c303-68f9-bb58-ec6c-79aa0b063947">
      <Execution id="90850a03-1ce8-447c-8800-f6f4b2a7aae9" />
      <TestMethod codeBase="C:/Projects/UndeadEarth/UndeadEarth.Test/bin/Debug/UndeadEarth.Test.DLL" adapterTypeName="Microsoft.VisualStudio.TestTools.TestTypes.Unit.UnitTestAdapter, Microsoft.VisualStudio.QualityTools.Tips.UnitTest.Adapter, Version=10.0.0.0, Culture=neutral, PublicKeyToken=b03f5f7f11d50a3a" className="UndeadEarth.Test.Model.when_retrieving_user_attack_power, UndeadEarth.Test, Version=1.0.0.0, Culture=neutral, PublicKeyToken=null" name="should_return_zero_for_attack_power_if_user_does_not_exist" />
    </UnitTest>
    <UnitTest name="should_set_last_saved_energy_to_max_energy_if_last_saved_energy_does_not_exist" storage="c:\projects\undeadearth\undeadearth.test\bin\debug\undeadearth.test.dll" id="3bf90928-3e3e-817d-0c2a-b114432020ae">
      <Execution id="d6302711-ab5a-4bfb-9133-381d61525556" />
      <TestMethod codeBase="C:/Projects/UndeadEarth/UndeadEarth.Test/bin/Debug/UndeadEarth.Test.DLL" adapterTypeName="Microsoft.VisualStudio.TestTools.TestTypes.Unit.UnitTestAdapter, Microsoft.VisualStudio.QualityTools.Tips.UnitTest.Adapter, Version=10.0.0.0, Culture=neutral, PublicKeyToken=b03f5f7f11d50a3a" className="UndeadEarth.Test.Model.when_determining_users_current_energy, UndeadEarth.Test, Version=1.0.0.0, Culture=neutral, PublicKeyToken=null" name="should_set_last_saved_energy_to_max_energy_if_last_saved_energy_does_not_exist" />
    </UnitTest>
    <UnitTest name="should_return_achievement_for_collecting_10000_dollars" storage="c:\projects\undeadearth\undeadearth.test\bin\debug\undeadearth.test.dll" id="166bc0da-4e9a-a151-a5ee-18d3adcd0291">
      <Execution id="9b8b3668-048a-4fea-8d30-e92df80e22b4" />
      <TestMethod codeBase="C:/Projects/UndeadEarth/UndeadEarth.Test/bin/Debug/UndeadEarth.Test.DLL" adapterTypeName="Microsoft.VisualStudio.TestTools.TestTypes.Unit.UnitTestAdapter, Microsoft.VisualStudio.QualityTools.Tips.UnitTest.Adapter, Version=10.0.0.0, Culture=neutral, PublicKeyToken=b03f5f7f11d50a3a" className="UndeadEarth.Test.Model.when_retrieving_achievements, UndeadEarth.Test, Version=1.0.0.0, Culture=neutral, PublicKeyToken=null" name="should_return_achievement_for_collecting_10000_dollars" />
    </UnitTest>
    <UnitTest name="should_return_items_below_a_given_prices" storage="c:\projects\undeadearth\undeadearth.test\bin\debug\undeadearth.test.dll" id="2d393202-3b6b-ea77-5db0-849ebdcd5101">
      <Execution id="2da0acf6-ee7f-4346-b5e9-267d67650b92" />
      <TestMethod codeBase="C:/Projects/UndeadEarth/UndeadEarth.Test/bin/Debug/UndeadEarth.Test.DLL" adapterTypeName="Microsoft.VisualStudio.TestTools.TestTypes.Unit.UnitTestAdapter, Microsoft.VisualStudio.QualityTools.Tips.UnitTest.Adapter, Version=10.0.0.0, Culture=neutral, PublicKeyToken=b03f5f7f11d50a3a" className="UndeadEarth.Test.Dal.when_retrieving_items, UndeadEarth.Test, Version=1.0.0.0, Culture=neutral, PublicKeyToken=null" name="should_return_items_below_a_given_prices" />
    </UnitTest>
    <UnitTest name="should_remove_user_item" storage="c:\projects\undeadearth\undeadearth.test\bin\debug\undeadearth.test.dll" id="24c64596-5cab-4a6f-68a2-2b1dbc11b2be">
      <Execution id="820303c9-7183-47dd-9a6d-1982583fe9be" />
      <TestMethod codeBase="C:/Projects/UndeadEarth/UndeadEarth.Test/bin/Debug/UndeadEarth.Test.DLL" adapterTypeName="Microsoft.VisualStudio.TestTools.TestTypes.Unit.UnitTestAdapter, Microsoft.VisualStudio.QualityTools.Tips.UnitTest.Adapter, Version=10.0.0.0, Culture=neutral, PublicKeyToken=b03f5f7f11d50a3a" className="UndeadEarth.Test.Dal.when_retrieving_items, UndeadEarth.Test, Version=1.0.0.0, Culture=neutral, PublicKeyToken=null" name="should_remove_user_item" />
    </UnitTest>
    <UnitTest name="should_return_if_item_does_not_exist" storage="c:\projects\undeadearth\undeadearth.test\bin\debug\undeadearth.test.dll" id="592a8210-389c-d154-bfaf-1570717dbd73">
      <Execution id="d4d5ee2c-de49-4cf0-85ea-8b8d4e5b5575" />
      <TestMethod codeBase="C:/Projects/UndeadEarth/UndeadEarth.Test/bin/Debug/UndeadEarth.Test.DLL" adapterTypeName="Microsoft.VisualStudio.TestTools.TestTypes.Unit.UnitTestAdapter, Microsoft.VisualStudio.QualityTools.Tips.UnitTest.Adapter, Version=10.0.0.0, Culture=neutral, PublicKeyToken=b03f5f7f11d50a3a" className="UndeadEarth.Test.Model.when_using_items, UndeadEarth.Test, Version=1.0.0.0, Culture=neutral, PublicKeyToken=null" name="should_return_if_item_does_not_exist" />
    </UnitTest>
    <UnitTest name="should_mark_zombie_pack_as_destroyed_if_the_hunt_destroyed_the_last_zombie" storage="c:\projects\undeadearth\undeadearth.test\bin\debug\undeadearth.test.dll" id="353e37f8-b3ee-d1bc-48f1-1354650acd50">
      <Execution id="c19a488d-7bcd-4702-b628-d0d201ab4683" />
      <TestMethod codeBase="C:/Projects/UndeadEarth/UndeadEarth.Test/bin/Debug/UndeadEarth.Test.DLL" adapterTypeName="Microsoft.VisualStudio.TestTools.TestTypes.Unit.UnitTestAdapter, Microsoft.VisualStudio.QualityTools.Tips.UnitTest.Adapter, Version=10.0.0.0, Culture=neutral, PublicKeyToken=b03f5f7f11d50a3a" className="UndeadEarth.Test.Model.when_hunting_for_zombies, UndeadEarth.Test, Version=1.0.0.0, Culture=neutral, PublicKeyToken=null" name="should_mark_zombie_pack_as_destroyed_if_the_hunt_destroyed_the_last_zombie" />
    </UnitTest>
    <UnitTest name="should_disregard_if_user_has_max_items_already" storage="c:\projects\undeadearth\undeadearth.test\bin\debug\undeadearth.test.dll" id="c3a4535b-76d1-c39a-2397-114110fb9661">
      <Execution id="f7c04305-f456-4801-af02-37bb3c5d685b" />
      <TestMethod codeBase="C:/Projects/UndeadEarth/UndeadEarth.Test/bin/Debug/UndeadEarth.Test.DLL" adapterTypeName="Microsoft.VisualStudio.TestTools.TestTypes.Unit.UnitTestAdapter, Microsoft.VisualStudio.QualityTools.Tips.UnitTest.Adapter, Version=10.0.0.0, Culture=neutral, PublicKeyToken=b03f5f7f11d50a3a" className="UndeadEarth.Test.Model.when_buying_items_from_shop, UndeadEarth.Test, Version=1.0.0.0, Culture=neutral, PublicKeyToken=null" name="should_disregard_if_user_has_max_items_already" />
    </UnitTest>
    <UnitTest name="should_return_zero_if_distance_is_null" storage="c:\projects\undeadearth\undeadearth.test\bin\debug\undeadearth.test.dll" id="cb80e7a8-021c-5d6c-c831-c1f7e461a27c">
      <Execution id="eccb185e-d724-4b03-8527-f7a11b2dc007" />
      <TestMethod codeBase="C:/Projects/UndeadEarth/UndeadEarth.Test/bin/Debug/UndeadEarth.Test.DLL" adapterTypeName="Microsoft.VisualStudio.TestTools.TestTypes.Unit.UnitTestAdapter, Microsoft.VisualStudio.QualityTools.Tips.UnitTest.Adapter, Version=10.0.0.0, Culture=neutral, PublicKeyToken=b03f5f7f11d50a3a" className="UndeadEarth.Test.Dal.when_retrieving_items, UndeadEarth.Test, Version=1.0.0.0, Culture=neutral, PublicKeyToken=null" name="should_return_zero_if_distance_is_null" />
    </UnitTest>
    <UnitTest name="should_decrement_number_of_zombies_by_users_attack_power_on_successful_hunt" storage="c:\projects\undeadearth\undeadearth.test\bin\debug\undeadearth.test.dll" id="d646a28e-30d8-4c55-0af1-38d31ab16a6a">
      <Execution id="896de528-46a1-4356-a98c-22a24a1808bc" />
      <TestMethod codeBase="C:/Projects/UndeadEarth/UndeadEarth.Test/bin/Debug/UndeadEarth.Test.DLL" adapterTypeName="Microsoft.VisualStudio.TestTools.TestTypes.Unit.UnitTestAdapter, Microsoft.VisualStudio.QualityTools.Tips.UnitTest.Adapter, Version=10.0.0.0, Culture=neutral, PublicKeyToken=b03f5f7f11d50a3a" className="UndeadEarth.Test.Model.when_hunting_for_zombies, UndeadEarth.Test, Version=1.0.0.0, Culture=neutral, PublicKeyToken=null" name="should_decrement_number_of_zombies_by_users_attack_power_on_successful_hunt" />
    </UnitTest>
    <UnitTest name="should_throw_error_for_saving_last_energy_if_user_does_not_exist" storage="c:\projects\undeadearth\undeadearth.test\bin\debug\undeadearth.test.dll" id="241aa01b-d31a-aa87-10ed-03e9fc36dd2d">
      <Execution id="ce8f50b2-c632-4ad9-9870-17a3c7d7e018" />
      <TestMethod codeBase="C:/Projects/UndeadEarth/UndeadEarth.Test/bin/Debug/UndeadEarth.Test.DLL" adapterTypeName="Microsoft.VisualStudio.TestTools.TestTypes.Unit.UnitTestAdapter, Microsoft.VisualStudio.QualityTools.Tips.UnitTest.Adapter, Version=10.0.0.0, Culture=neutral, PublicKeyToken=b03f5f7f11d50a3a" className="UndeadEarth.Test.Dal.when_saving_user_sight_radius, UndeadEarth.Test, Version=1.0.0.0, Culture=neutral, PublicKeyToken=null" name="should_throw_error_for_saving_last_energy_if_user_does_not_exist" />
    </UnitTest>
    <UnitTest name="should_return_base_attack_power_if_user_does_not_have_any_money_and_no_items_in_safehouse" storage="c:\projects\undeadearth\undeadearth.test\bin\debug\undeadearth.test.dll" id="43a1b4c2-5164-126a-d787-254e51bf5cb0">
      <Execution id="9ee0ff48-bba1-44dd-bff9-e796c29faf53" />
      <TestMethod codeBase="C:/Projects/UndeadEarth/UndeadEarth.Test/bin/Debug/UndeadEarth.Test.DLL" adapterTypeName="Microsoft.VisualStudio.TestTools.TestTypes.Unit.UnitTestAdapter, Microsoft.VisualStudio.QualityTools.Tips.UnitTest.Adapter, Version=10.0.0.0, Culture=neutral, PublicKeyToken=b03f5f7f11d50a3a" className="UndeadEarth.Test.Model.when_determining_users_max_potential_attack_power, UndeadEarth.Test, Version=1.0.0.0, Culture=neutral, PublicKeyToken=null" name="should_return_base_attack_power_if_user_does_not_have_any_money_and_no_items_in_safehouse" />
    </UnitTest>
    <UnitTest name="should_return_false_if_user_does_not_exist" storage="c:\projects\undeadearth\undeadearth.test\bin\debug\undeadearth.test.dll" id="441c5aa1-1be2-b7ff-84a3-c2712387e211">
      <Execution id="90f11086-8b78-4e3a-9e9e-1f2aef88d399" />
      <TestMethod codeBase="C:/Projects/UndeadEarth/UndeadEarth.Test/bin/Debug/UndeadEarth.Test.DLL" adapterTypeName="Microsoft.VisualStudio.TestTools.TestTypes.Unit.UnitTestAdapter, Microsoft.VisualStudio.QualityTools.Tips.UnitTest.Adapter, Version=10.0.0.0, Culture=neutral, PublicKeyToken=b03f5f7f11d50a3a" className="UndeadEarth.Test.Dal.when_retrieving_user, UndeadEarth.Test, Version=1.0.0.0, Culture=neutral, PublicKeyToken=null" name="should_return_false_if_user_does_not_exist" />
    </UnitTest>
    <UnitTest name="should_insert_zombie_pack_progress_that_does_exist" storage="c:\projects\undeadearth\undeadearth.test\bin\debug\undeadearth.test.dll" id="17c9071b-a2b6-56fe-9dc6-b3135a8d71e5">
      <Execution id="f5ca0bf8-6b58-4378-b453-a5ecee5e2a8b" />
      <TestMethod codeBase="C:/Projects/UndeadEarth/UndeadEarth.Test/bin/Debug/UndeadEarth.Test.DLL" adapterTypeName="Microsoft.VisualStudio.TestTools.TestTypes.Unit.UnitTestAdapter, Microsoft.VisualStudio.QualityTools.Tips.UnitTest.Adapter, Version=10.0.0.0, Culture=neutral, PublicKeyToken=b03f5f7f11d50a3a" className="UndeadEarth.Test.Dal.when_saving_user_zombie_pack_progress, UndeadEarth.Test, Version=1.0.0.0, Culture=neutral, PublicKeyToken=null" name="should_insert_zombie_pack_progress_that_does_exist" />
    </UnitTest>
    <UnitTest name="should_return_users_base_energy_if_user_does_not_have_any_items" storage="c:\projects\undeadearth\undeadearth.test\bin\debug\undeadearth.test.dll" id="b9bdcc23-3882-fdc6-ae71-589fdcc2d732">
      <Execution id="40dcda76-3251-4b70-b9bb-a54b049761f3" />
      <TestMethod codeBase="C:/Projects/UndeadEarth/UndeadEarth.Test/bin/Debug/UndeadEarth.Test.DLL" adapterTypeName="Microsoft.VisualStudio.TestTools.TestTypes.Unit.UnitTestAdapter, Microsoft.VisualStudio.QualityTools.Tips.UnitTest.Adapter, Version=10.0.0.0, Culture=neutral, PublicKeyToken=b03f5f7f11d50a3a" className="UndeadEarth.Test.Model.when_determining_users_max_energy, UndeadEarth.Test, Version=1.0.0.0, Culture=neutral, PublicKeyToken=null" name="should_return_users_base_energy_if_user_does_not_have_any_items" />
    </UnitTest>
    <UnitTest name="should_return_false_if_hotzone_doesnt_exists" storage="c:\projects\undeadearth\undeadearth.test\bin\debug\undeadearth.test.dll" id="369b7a6d-08d3-f340-d283-f5ee6842f08e">
      <Execution id="e5f3b0fc-3a56-43e8-a2a4-e398fc84e9db" />
      <TestMethod codeBase="C:/Projects/UndeadEarth/UndeadEarth.Test/bin/Debug/UndeadEarth.Test.DLL" adapterTypeName="Microsoft.VisualStudio.TestTools.TestTypes.Unit.UnitTestAdapter, Microsoft.VisualStudio.QualityTools.Tips.UnitTest.Adapter, Version=10.0.0.0, Culture=neutral, PublicKeyToken=b03f5f7f11d50a3a" className="UndeadEarth.Test.Dal.when_retrieving_hot_zones, UndeadEarth.Test, Version=1.0.0.0, Culture=neutral, PublicKeyToken=null" name="should_return_false_if_hotzone_doesnt_exists" />
    </UnitTest>
    <UnitTest name="should_return_achievement_for_traveling_10_miles" storage="c:\projects\undeadearth\undeadearth.test\bin\debug\undeadearth.test.dll" id="11ca7b9d-e2f9-e5ce-6eed-7e1247933dec">
      <Execution id="ea5bc97a-35e9-420d-b419-41ed421b1b4d" />
      <TestMethod codeBase="C:/Projects/UndeadEarth/UndeadEarth.Test/bin/Debug/UndeadEarth.Test.DLL" adapterTypeName="Microsoft.VisualStudio.TestTools.TestTypes.Unit.UnitTestAdapter, Microsoft.VisualStudio.QualityTools.Tips.UnitTest.Adapter, Version=10.0.0.0, Culture=neutral, PublicKeyToken=b03f5f7f11d50a3a" className="UndeadEarth.Test.Model.when_retrieving_achievements, UndeadEarth.Test, Version=1.0.0.0, Culture=neutral, PublicKeyToken=null" name="should_return_achievement_for_traveling_10_miles" />
    </UnitTest>
    <UnitTest name="should_return_0_if_user_does_not_exist" storage="c:\projects\undeadearth\undeadearth.test\bin\debug\undeadearth.test.dll" id="24bc110f-ba75-2876-7218-d24fbd5282b6">
      <Execution id="9563a8aa-c9ab-4cd4-88f6-bdcdc05d8c26" />
      <TestMethod codeBase="C:/Projects/UndeadEarth/UndeadEarth.Test/bin/Debug/UndeadEarth.Test.DLL" adapterTypeName="Microsoft.VisualStudio.TestTools.TestTypes.Unit.UnitTestAdapter, Microsoft.VisualStudio.QualityTools.Tips.UnitTest.Adapter, Version=10.0.0.0, Culture=neutral, PublicKeyToken=b03f5f7f11d50a3a" className="UndeadEarth.Test.Model.when_determining_users_min_sight_radius, UndeadEarth.Test, Version=1.0.0.0, Culture=neutral, PublicKeyToken=null" name="should_return_0_if_user_does_not_exist" />
    </UnitTest>
    <UnitTest name="should_update_users_energy_based_on_distance_moved" storage="c:\projects\undeadearth\undeadearth.test\bin\debug\undeadearth.test.dll" id="7153296b-7930-7df3-3632-012c2eca18ad">
      <Execution id="a6c896b0-cca0-40bb-8b2f-c92a97e78373" />
      <TestMethod codeBase="C:/Projects/UndeadEarth/UndeadEarth.Test/bin/Debug/UndeadEarth.Test.DLL" adapterTypeName="Microsoft.VisualStudio.TestTools.TestTypes.Unit.UnitTestAdapter, Microsoft.VisualStudio.QualityTools.Tips.UnitTest.Adapter, Version=10.0.0.0, Culture=neutral, PublicKeyToken=b03f5f7f11d50a3a" className="UndeadEarth.Test.Model.when_moving_user, UndeadEarth.Test, Version=1.0.0.0, Culture=neutral, PublicKeyToken=null" name="should_update_users_energy_based_on_distance_moved" />
    </UnitTest>
    <UnitTest name="should_return_0_for_base_energy" storage="c:\projects\undeadearth\undeadearth.test\bin\debug\undeadearth.test.dll" id="f6ae9d1e-5852-50cb-8378-e1ac4634a91b">
      <Execution id="4b70891b-0f71-4fee-b370-cae67e989ee5" />
      <TestMethod codeBase="C:/Projects/UndeadEarth/UndeadEarth.Test/bin/Debug/UndeadEarth.Test.DLL" adapterTypeName="Microsoft.VisualStudio.TestTools.TestTypes.Unit.UnitTestAdapter, Microsoft.VisualStudio.QualityTools.Tips.UnitTest.Adapter, Version=10.0.0.0, Culture=neutral, PublicKeyToken=b03f5f7f11d50a3a" className="UndeadEarth.Test.Dal.when_retrieving_user_energy, UndeadEarth.Test, Version=1.0.0.0, Culture=neutral, PublicKeyToken=null" name="should_return_0_for_base_energy" />
    </UnitTest>
    <UnitTest name="should_throw_exception_when_returning_baseline_attack_power_for_user_that_doesnt_exist" storage="c:\projects\undeadearth\undeadearth.test\bin\debug\undeadearth.test.dll" id="7acb1219-a69e-e102-dd8e-4060793e7b6e">
      <Execution id="f712f66f-a652-4039-8582-29fec1dad7b7" />
      <TestMethod codeBase="C:/Projects/UndeadEarth/UndeadEarth.Test/bin/Debug/UndeadEarth.Test.DLL" adapterTypeName="Microsoft.VisualStudio.TestTools.TestTypes.Unit.UnitTestAdapter, Microsoft.VisualStudio.QualityTools.Tips.UnitTest.Adapter, Version=10.0.0.0, Culture=neutral, PublicKeyToken=b03f5f7f11d50a3a" className="UndeadEarth.Test.Dal.when_retrieving_user, UndeadEarth.Test, Version=1.0.0.0, Culture=neutral, PublicKeyToken=null" name="should_throw_exception_when_returning_baseline_attack_power_for_user_that_doesnt_exist" />
    </UnitTest>
    <UnitTest name="should_return_falise_if_user_zombie_pack_progress_does_not_exist" storage="c:\projects\undeadearth\undeadearth.test\bin\debug\undeadearth.test.dll" id="b60197de-ab24-075d-fbab-bf70fa600887">
      <Execution id="974332ec-c4f5-42a0-83ac-704bed9bcfbb" />
      <TestMethod codeBase="C:/Projects/UndeadEarth/UndeadEarth.Test/bin/Debug/UndeadEarth.Test.DLL" adapterTypeName="Microsoft.VisualStudio.TestTools.TestTypes.Unit.UnitTestAdapter, Microsoft.VisualStudio.QualityTools.Tips.UnitTest.Adapter, Version=10.0.0.0, Culture=neutral, PublicKeyToken=b03f5f7f11d50a3a" className="UndeadEarth.Test.Dal.when_retrieving_user_zombie_pack_progress, UndeadEarth.Test, Version=1.0.0.0, Culture=neutral, PublicKeyToken=null" name="should_return_falise_if_user_zombie_pack_progress_does_not_exist" />
    </UnitTest>
    <UnitTest name="should_return_achievement_for_destroying_10000_zombie_packs" storage="c:\projects\undeadearth\undeadearth.test\bin\debug\undeadearth.test.dll" id="6c066a85-168d-65f4-cc37-317318414373">
      <Execution id="91c20e9d-591a-4803-b301-874280aad383" />
      <TestMethod codeBase="C:/Projects/UndeadEarth/UndeadEarth.Test/bin/Debug/UndeadEarth.Test.DLL" adapterTypeName="Microsoft.VisualStudio.TestTools.TestTypes.Unit.UnitTestAdapter, Microsoft.VisualStudio.QualityTools.Tips.UnitTest.Adapter, Version=10.0.0.0, Culture=neutral, PublicKeyToken=b03f5f7f11d50a3a" className="UndeadEarth.Test.Model.when_retrieving_achievements, UndeadEarth.Test, Version=1.0.0.0, Culture=neutral, PublicKeyToken=null" name="should_return_achievement_for_destroying_10000_zombie_packs" />
    </UnitTest>
    <UnitTest name="should_return_correct_energy_for_given_level" storage="c:\projects\undeadearth\undeadearth.test\bin\debug\undeadearth.test.dll" id="c19d7fe3-d556-ad76-9806-5e328516f06f">
      <Execution id="9d35bea7-271e-4d28-b896-fa0b6f84067f" />
      <TestMethod codeBase="C:/Projects/UndeadEarth/UndeadEarth.Test/bin/Debug/UndeadEarth.Test.DLL" adapterTypeName="Microsoft.VisualStudio.TestTools.TestTypes.Unit.UnitTestAdapter, Microsoft.VisualStudio.QualityTools.Tips.UnitTest.Adapter, Version=10.0.0.0, Culture=neutral, PublicKeyToken=b03f5f7f11d50a3a" className="UndeadEarth.Test.Model.when_servicing_user_level_and_attributes, UndeadEarth.Test, Version=1.0.0.0, Culture=neutral, PublicKeyToken=null" name="should_return_correct_energy_for_given_level" />
    </UnitTest>
    <UnitTest name="should_return_false_if_safe_house_does_not_have_item" storage="c:\projects\undeadearth\undeadearth.test\bin\debug\undeadearth.test.dll" id="3d1741aa-9576-2eb5-470e-7f713a2bc4d7">
      <Execution id="0c1a96dd-3a95-4da9-9f95-f36c73b331e9" />
      <TestMethod codeBase="C:/Projects/UndeadEarth/UndeadEarth.Test/bin/Debug/UndeadEarth.Test.DLL" adapterTypeName="Microsoft.VisualStudio.TestTools.TestTypes.Unit.UnitTestAdapter, Microsoft.VisualStudio.QualityTools.Tips.UnitTest.Adapter, Version=10.0.0.0, Culture=neutral, PublicKeyToken=b03f5f7f11d50a3a" className="UndeadEarth.Test.Dal.when_retrieving_safe_houses, UndeadEarth.Test, Version=1.0.0.0, Culture=neutral, PublicKeyToken=null" name="should_return_false_if_safe_house_does_not_have_item" />
    </UnitTest>
    <UnitTest name="should_save_user_max_energy" storage="c:\projects\undeadearth\undeadearth.test\bin\debug\undeadearth.test.dll" id="60b889f5-aa93-4766-ebaf-876bc425b3c4">
      <Execution id="7aee473a-805f-4f48-b116-9f17307dcd1e" />
      <TestMethod codeBase="C:/Projects/UndeadEarth/UndeadEarth.Test/bin/Debug/UndeadEarth.Test.DLL" adapterTypeName="Microsoft.VisualStudio.TestTools.TestTypes.Unit.UnitTestAdapter, Microsoft.VisualStudio.QualityTools.Tips.UnitTest.Adapter, Version=10.0.0.0, Culture=neutral, PublicKeyToken=b03f5f7f11d50a3a" className="UndeadEarth.Test.Dal.Utility.when_saving_user_energy, UndeadEarth.Test, Version=1.0.0.0, Culture=neutral, PublicKeyToken=null" name="should_save_user_max_energy" />
    </UnitTest>
    <UnitTest name="should_move_user_and_update_users_location_if_user_has_enough_energy_to_move_to_location" storage="c:\projects\undeadearth\undeadearth.test\bin\debug\undeadearth.test.dll" id="1339f28e-8dc2-ea63-491b-e46002a2f545">
      <Execution id="98b5a1b2-b2db-43db-9130-90eee3328c76" />
      <TestMethod codeBase="C:/Projects/UndeadEarth/UndeadEarth.Test/bin/Debug/UndeadEarth.Test.DLL" adapterTypeName="Microsoft.VisualStudio.TestTools.TestTypes.Unit.UnitTestAdapter, Microsoft.VisualStudio.QualityTools.Tips.UnitTest.Adapter, Version=10.0.0.0, Culture=neutral, PublicKeyToken=b03f5f7f11d50a3a" className="UndeadEarth.Test.Model.when_moving_user, UndeadEarth.Test, Version=1.0.0.0, Culture=neutral, PublicKeyToken=null" name="should_move_user_and_update_users_location_if_user_has_enough_energy_to_move_to_location" />
    </UnitTest>
    <UnitTest name="the_attack_for_determinging_zombie_pack_difficulty_should_be_1" storage="c:\projects\undeadearth\undeadearth.test\bin\debug\undeadearth.test.dll" id="ed27cc8b-f076-d5ca-e1a7-e11e80ed7216">
      <Execution id="111f64ec-9dad-4606-baa9-9277be27b885" />
      <TestMethod codeBase="C:/Projects/UndeadEarth/UndeadEarth.Test/bin/Debug/UndeadEarth.Test.DLL" adapterTypeName="Microsoft.VisualStudio.TestTools.TestTypes.Unit.UnitTestAdapter, Microsoft.VisualStudio.QualityTools.Tips.UnitTest.Adapter, Version=10.0.0.0, Culture=neutral, PublicKeyToken=b03f5f7f11d50a3a" className="UndeadEarth.Test.Dal.when_inserting_user, UndeadEarth.Test, Version=1.0.0.0, Culture=neutral, PublicKeyToken=null" name="the_attack_for_determinging_zombie_pack_difficulty_should_be_1" />
    </UnitTest>
    <UnitTest name="should_return_null_if_no_item_found" storage="c:\projects\undeadearth\undeadearth.test\bin\debug\undeadearth.test.dll" id="d079bc7a-5632-90a3-fd08-a3194bc2d4b6">
      <Execution id="7f5e61a8-6714-4f52-9e77-f4c24b48be6d" />
      <TestMethod codeBase="C:/Projects/UndeadEarth/UndeadEarth.Test/bin/Debug/UndeadEarth.Test.DLL" adapterTypeName="Microsoft.VisualStudio.TestTools.TestTypes.Unit.UnitTestAdapter, Microsoft.VisualStudio.QualityTools.Tips.UnitTest.Adapter, Version=10.0.0.0, Culture=neutral, PublicKeyToken=b03f5f7f11d50a3a" className="UndeadEarth.Test.Dal.when_retrieving_items, UndeadEarth.Test, Version=1.0.0.0, Culture=neutral, PublicKeyToken=null" name="should_return_null_if_no_item_found" />
    </UnitTest>
    <UnitTest name="should_disregard_if_safe_house_does_not_exist" storage="c:\projects\undeadearth\undeadearth.test\bin\debug\undeadearth.test.dll" id="7685b20a-de0b-8bc0-6c22-3a9d32aab4bd">
      <Execution id="f2b38f7a-7714-4852-a6cf-87fd3408abfc" />
      <TestMethod codeBase="C:/Projects/UndeadEarth/UndeadEarth.Test/bin/Debug/UndeadEarth.Test.DLL" adapterTypeName="Microsoft.VisualStudio.TestTools.TestTypes.Unit.UnitTestAdapter, Microsoft.VisualStudio.QualityTools.Tips.UnitTest.Adapter, Version=10.0.0.0, Culture=neutral, PublicKeyToken=b03f5f7f11d50a3a" className="UndeadEarth.Test.Model.when_transferring_items_from_safe_house_to_user, UndeadEarth.Test, Version=1.0.0.0, Culture=neutral, PublicKeyToken=null" name="should_disregard_if_safe_house_does_not_exist" />
    </UnitTest>
    <UnitTest name="should_retrieve_user_current_item_slot_capacity" storage="c:\projects\undeadearth\undeadearth.test\bin\debug\undeadearth.test.dll" id="fb8ca09b-7f12-89fe-19bf-bcebd7198872">
      <Execution id="f7d0a0dc-87b6-4695-aec0-7146a4245d46" />
      <TestMethod codeBase="C:/Projects/UndeadEarth/UndeadEarth.Test/bin/Debug/UndeadEarth.Test.DLL" adapterTypeName="Microsoft.VisualStudio.TestTools.TestTypes.Unit.UnitTestAdapter, Microsoft.VisualStudio.QualityTools.Tips.UnitTest.Adapter, Version=10.0.0.0, Culture=neutral, PublicKeyToken=b03f5f7f11d50a3a" className="UndeadEarth.Test.Dal.when_retrieving_user, UndeadEarth.Test, Version=1.0.0.0, Culture=neutral, PublicKeyToken=null" name="should_retrieve_user_current_item_slot_capacity" />
    </UnitTest>
    <UnitTest name="should_return_0_if_user_does_not_exist" storage="c:\projects\undeadearth\undeadearth.test\bin\debug\undeadearth.test.dll" id="9f650caf-3801-3ddc-df66-451ef0461b2d">
      <Execution id="9db4ec8f-6980-4bde-a107-20316b6e9ca5" />
      <TestMethod codeBase="C:/Projects/UndeadEarth/UndeadEarth.Test/bin/Debug/UndeadEarth.Test.DLL" adapterTypeName="Microsoft.VisualStudio.TestTools.TestTypes.Unit.UnitTestAdapter, Microsoft.VisualStudio.QualityTools.Tips.UnitTest.Adapter, Version=10.0.0.0, Culture=neutral, PublicKeyToken=b03f5f7f11d50a3a" className="UndeadEarth.Test.Model.when_determining_users_current_energy, UndeadEarth.Test, Version=1.0.0.0, Culture=neutral, PublicKeyToken=null" name="should_return_0_if_user_does_not_exist" />
    </UnitTest>
    <UnitTest name="should_create_user_with_starting_location" storage="c:\projects\undeadearth\undeadearth.test\bin\debug\undeadearth.test.dll" id="40ac08e5-9855-8df2-ac1a-e320ada85f67">
      <Execution id="6d6c174a-3551-4094-9606-7b2f126d5d0b" />
      <TestMethod codeBase="C:/Projects/UndeadEarth/UndeadEarth.Test/bin/Debug/UndeadEarth.Test.DLL" adapterTypeName="Microsoft.VisualStudio.TestTools.TestTypes.Unit.UnitTestAdapter, Microsoft.VisualStudio.QualityTools.Tips.UnitTest.Adapter, Version=10.0.0.0, Culture=neutral, PublicKeyToken=b03f5f7f11d50a3a" className="UndeadEarth.Test.Model.when_creating_user, UndeadEarth.Test, Version=1.0.0.0, Culture=neutral, PublicKeyToken=null" name="should_create_user_with_starting_location" />
    </UnitTest>
    <UnitTest name="should_return_achievement_for_destroying_10_zombie_packs" storage="c:\projects\undeadearth\undeadearth.test\bin\debug\undeadearth.test.dll" id="6f4679a3-c135-f19d-6bfb-2e441fc3cb12">
      <Execution id="e794a89b-9e62-4b63-99dc-b91e96c7001e" />
      <TestMethod codeBase="C:/Projects/UndeadEarth/UndeadEarth.Test/bin/Debug/UndeadEarth.Test.DLL" adapterTypeName="Microsoft.VisualStudio.TestTools.TestTypes.Unit.UnitTestAdapter, Microsoft.VisualStudio.QualityTools.Tips.UnitTest.Adapter, Version=10.0.0.0, Culture=neutral, PublicKeyToken=b03f5f7f11d50a3a" className="UndeadEarth.Test.Model.when_retrieving_achievements, UndeadEarth.Test, Version=1.0.0.0, Culture=neutral, PublicKeyToken=null" name="should_return_achievement_for_destroying_10_zombie_packs" />
    </UnitTest>
    <UnitTest name="should_get_user_item_count" storage="c:\projects\undeadearth\undeadearth.test\bin\debug\undeadearth.test.dll" id="5fa17309-6178-e440-0cb3-9987b0eaea65">
      <Execution id="4b7c1c6b-ada6-4d2b-993d-8ef071862a7c" />
      <TestMethod codeBase="C:/Projects/UndeadEarth/UndeadEarth.Test/bin/Debug/UndeadEarth.Test.DLL" adapterTypeName="Microsoft.VisualStudio.TestTools.TestTypes.Unit.UnitTestAdapter, Microsoft.VisualStudio.QualityTools.Tips.UnitTest.Adapter, Version=10.0.0.0, Culture=neutral, PublicKeyToken=b03f5f7f11d50a3a" className="UndeadEarth.Test.Dal.when_retrieving_items, UndeadEarth.Test, Version=1.0.0.0, Culture=neutral, PublicKeyToken=null" name="should_get_user_item_count" />
    </UnitTest>
    <UnitTest name="should_throw_error_if_user_already_exists" storage="c:\projects\undeadearth\undeadearth.test\bin\debug\undeadearth.test.dll" id="6d259f14-cf5c-860f-f3bc-07fb6a901208">
      <Execution id="8c70903f-a96e-4391-9c1e-c00bf5363443" />
      <TestMethod codeBase="C:/Projects/UndeadEarth/UndeadEarth.Test/bin/Debug/UndeadEarth.Test.DLL" adapterTypeName="Microsoft.VisualStudio.TestTools.TestTypes.Unit.UnitTestAdapter, Microsoft.VisualStudio.QualityTools.Tips.UnitTest.Adapter, Version=10.0.0.0, Culture=neutral, PublicKeyToken=b03f5f7f11d50a3a" className="UndeadEarth.Test.Dal.when_inserting_user, UndeadEarth.Test, Version=1.0.0.0, Culture=neutral, PublicKeyToken=null" name="should_throw_error_if_user_already_exists" />
    </UnitTest>
    <UnitTest name="should_set_user_current_base_attack" storage="c:\projects\undeadearth\undeadearth.test\bin\debug\undeadearth.test.dll" id="890ef093-5e72-8ed9-1c1c-1c73a74ec8fc">
      <Execution id="f2ad3ee4-587a-4374-a367-3aaa705e8307" />
      <TestMethod codeBase="C:/Projects/UndeadEarth/UndeadEarth.Test/bin/Debug/UndeadEarth.Test.DLL" adapterTypeName="Microsoft.VisualStudio.TestTools.TestTypes.Unit.UnitTestAdapter, Microsoft.VisualStudio.QualityTools.Tips.UnitTest.Adapter, Version=10.0.0.0, Culture=neutral, PublicKeyToken=b03f5f7f11d50a3a" className="UndeadEarth.Test.Dal.when_saving_user, UndeadEarth.Test, Version=1.0.0.0, Culture=neutral, PublicKeyToken=null" name="should_set_user_current_base_attack" />
    </UnitTest>
    <UnitTest name="the_energy_for_determining_zombie_pack_difficulty_should_be_100" storage="c:\projects\undeadearth\undeadearth.test\bin\debug\undeadearth.test.dll" id="c9a124e9-2f09-63d2-22cf-ad1bad23f16c">
      <Execution id="487c0d97-5b79-44fa-8a9e-a1a88cafbc1d" />
      <TestMethod codeBase="C:/Projects/UndeadEarth/UndeadEarth.Test/bin/Debug/UndeadEarth.Test.DLL" adapterTypeName="Microsoft.VisualStudio.TestTools.TestTypes.Unit.UnitTestAdapter, Microsoft.VisualStudio.QualityTools.Tips.UnitTest.Adapter, Version=10.0.0.0, Culture=neutral, PublicKeyToken=b03f5f7f11d50a3a" className="UndeadEarth.Test.Dal.when_inserting_user, UndeadEarth.Test, Version=1.0.0.0, Culture=neutral, PublicKeyToken=null" name="the_energy_for_determining_zombie_pack_difficulty_should_be_100" />
    </UnitTest>
    <UnitTest name="should_return_energy_along_with_any_energy_increase_from_many_items_in_safehouse" storage="c:\projects\undeadearth\undeadearth.test\bin\debug\undeadearth.test.dll" id="214d4e68-bd5b-8ca7-2eae-cad7ae4b5618">
      <Execution id="66c2a893-9525-49de-8265-cb18d418f56e" />
      <TestMethod codeBase="C:/Projects/UndeadEarth/UndeadEarth.Test/bin/Debug/UndeadEarth.Test.DLL" adapterTypeName="Microsoft.VisualStudio.TestTools.TestTypes.Unit.UnitTestAdapter, Microsoft.VisualStudio.QualityTools.Tips.UnitTest.Adapter, Version=10.0.0.0, Culture=neutral, PublicKeyToken=b03f5f7f11d50a3a" className="UndeadEarth.Test.Model.when_determining_users_max_potential_energy, UndeadEarth.Test, Version=1.0.0.0, Culture=neutral, PublicKeyToken=null" name="should_return_energy_along_with_any_energy_increase_from_many_items_in_safehouse" />
    </UnitTest>
    <UnitTest name="should_disregard_if_item_does_not_exist" storage="c:\projects\undeadearth\undeadearth.test\bin\debug\undeadearth.test.dll" id="7c057236-5b5f-451c-5800-6e05c196b383">
      <Execution id="51d4e0eb-8e24-43fe-af47-03ee573e0db7" />
      <TestMethod codeBase="C:/Projects/UndeadEarth/UndeadEarth.Test/bin/Debug/UndeadEarth.Test.DLL" adapterTypeName="Microsoft.VisualStudio.TestTools.TestTypes.Unit.UnitTestAdapter, Microsoft.VisualStudio.QualityTools.Tips.UnitTest.Adapter, Version=10.0.0.0, Culture=neutral, PublicKeyToken=b03f5f7f11d50a3a" className="UndeadEarth.Test.Model.when_transferring_items_from_safe_house_to_user, UndeadEarth.Test, Version=1.0.0.0, Culture=neutral, PublicKeyToken=null" name="should_disregard_if_item_does_not_exist" />
    </UnitTest>
    <UnitTest name="should_return_0_if_time_passed_into_calculate_energy_is_less_than_the_last_saved_energy_record" storage="c:\projects\undeadearth\undeadearth.test\bin\debug\undeadearth.test.dll" id="57effb65-6bba-b10e-d004-938020663a0f">
      <Execution id="bfd2f927-dc0a-4bd1-add8-c17fb61145a0" />
      <TestMethod codeBase="C:/Projects/UndeadEarth/UndeadEarth.Test/bin/Debug/UndeadEarth.Test.DLL" adapterTypeName="Microsoft.VisualStudio.TestTools.TestTypes.Unit.UnitTestAdapter, Microsoft.VisualStudio.QualityTools.Tips.UnitTest.Adapter, Version=10.0.0.0, Culture=neutral, PublicKeyToken=b03f5f7f11d50a3a" className="UndeadEarth.Test.Model.when_determining_users_current_energy, UndeadEarth.Test, Version=1.0.0.0, Culture=neutral, PublicKeyToken=null" name="should_return_0_if_time_passed_into_calculate_energy_is_less_than_the_last_saved_energy_record" />
    </UnitTest>
    <UnitTest name="should_return_last_energy_saved_If_there_is_no_difference_between_the_current_time_passed_in_and_the_last_saved_energy_from_the_repository" storage="c:\projects\undeadearth\undeadearth.test\bin\debug\undeadearth.test.dll" id="d688d02d-3269-304b-a6e8-10e959d858db">
      <Execution id="74e0766d-57be-4f6a-abab-359cee8d12cf" />
      <TestMethod codeBase="C:/Projects/UndeadEarth/UndeadEarth.Test/bin/Debug/UndeadEarth.Test.DLL" adapterTypeName="Microsoft.VisualStudio.TestTools.TestTypes.Unit.UnitTestAdapter, Microsoft.VisualStudio.QualityTools.Tips.UnitTest.Adapter, Version=10.0.0.0, Culture=neutral, PublicKeyToken=b03f5f7f11d50a3a" className="UndeadEarth.Test.Model.when_determining_users_current_energy, UndeadEarth.Test, Version=1.0.0.0, Culture=neutral, PublicKeyToken=null" name="should_return_last_energy_saved_If_there_is_no_difference_between_the_current_time_passed_in_and_the_last_saved_energy_from_the_repository" />
    </UnitTest>
    <UnitTest name="should_return_achievement_for_killing_100_zombies" storage="c:\projects\undeadearth\undeadearth.test\bin\debug\undeadearth.test.dll" id="6d677716-f4a3-32e4-d489-2827222e4b43">
      <Execution id="d3a1d81d-9602-4123-a9f7-67066dea7b87" />
      <TestMethod codeBase="C:/Projects/UndeadEarth/UndeadEarth.Test/bin/Debug/UndeadEarth.Test.DLL" adapterTypeName="Microsoft.VisualStudio.TestTools.TestTypes.Unit.UnitTestAdapter, Microsoft.VisualStudio.QualityTools.Tips.UnitTest.Adapter, Version=10.0.0.0, Culture=neutral, PublicKeyToken=b03f5f7f11d50a3a" className="UndeadEarth.Test.Model.when_retrieving_achievements, UndeadEarth.Test, Version=1.0.0.0, Culture=neutral, PublicKeyToken=null" name="should_return_achievement_for_killing_100_zombies" />
    </UnitTest>
    <UnitTest name="should_update_user_last_hotzone_location_after_successful_hunt" storage="c:\projects\undeadearth\undeadearth.test\bin\debug\undeadearth.test.dll" id="6e5c9897-01e5-0ddc-270e-62065e9e22f7">
      <Execution id="0bd6c959-afa9-4af9-8640-c61b536fbdcc" />
      <TestMethod codeBase="C:/Projects/UndeadEarth/UndeadEarth.Test/bin/Debug/UndeadEarth.Test.DLL" adapterTypeName="Microsoft.VisualStudio.TestTools.TestTypes.Unit.UnitTestAdapter, Microsoft.VisualStudio.QualityTools.Tips.UnitTest.Adapter, Version=10.0.0.0, Culture=neutral, PublicKeyToken=b03f5f7f11d50a3a" className="UndeadEarth.Test.Model.when_hunting_for_zombies, UndeadEarth.Test, Version=1.0.0.0, Culture=neutral, PublicKeyToken=null" name="should_update_user_last_hotzone_location_after_successful_hunt" />
    </UnitTest>
    <UnitTest name="should_record_how_many_miles_have_been_moved_for_achievements" storage="c:\projects\undeadearth\undeadearth.test\bin\debug\undeadearth.test.dll" id="52c534e6-f8bb-1f9f-939a-d5c5c52fa419">
      <Execution id="9c7de865-6fce-4c44-9242-2bbf2f35fd2b" />
      <TestMethod codeBase="C:/Projects/UndeadEarth/UndeadEarth.Test/bin/Debug/UndeadEarth.Test.DLL" adapterTypeName="Microsoft.VisualStudio.TestTools.TestTypes.Unit.UnitTestAdapter, Microsoft.VisualStudio.QualityTools.Tips.UnitTest.Adapter, Version=10.0.0.0, Culture=neutral, PublicKeyToken=b03f5f7f11d50a3a" className="UndeadEarth.Test.Model.when_moving_user, UndeadEarth.Test, Version=1.0.0.0, Culture=neutral, PublicKeyToken=null" name="should_record_how_many_miles_have_been_moved_for_achievements" />
    </UnitTest>
    <UnitTest name="should_return_a_hunt_count_of_50_to_60_if_resolved_as_an_medium_hotzone" storage="c:\projects\undeadearth\undeadearth.test\bin\debug\undeadearth.test.dll" id="3693aeb9-70b2-f86c-f600-b99b067f3b4e">
      <Execution id="f1510c3e-4f16-4f7c-88a0-bd7b4e883f19" />
      <TestMethod codeBase="C:/Projects/UndeadEarth/UndeadEarth.Test/bin/Debug/UndeadEarth.Test.DLL" adapterTypeName="Microsoft.VisualStudio.TestTools.TestTypes.Unit.UnitTestAdapter, Microsoft.VisualStudio.QualityTools.Tips.UnitTest.Adapter, Version=10.0.0.0, Culture=neutral, PublicKeyToken=b03f5f7f11d50a3a" className="UndeadEarth.Test.Model.when_determining_zombie_pack_progress, UndeadEarth.Test, Version=1.0.0.0, Culture=neutral, PublicKeyToken=null" name="should_return_a_hunt_count_of_50_to_60_if_resolved_as_an_medium_hotzone" />
    </UnitTest>
    <UnitTest name="the_last_visited_hotzone_should_be_starting_location" storage="c:\projects\undeadearth\undeadearth.test\bin\debug\undeadearth.test.dll" id="5edbb1cd-bd31-7ac9-084c-f6f749883ff2">
      <Execution id="44437398-ed5e-4555-95d7-204c0d486bb3" />
      <TestMethod codeBase="C:/Projects/UndeadEarth/UndeadEarth.Test/bin/Debug/UndeadEarth.Test.DLL" adapterTypeName="Microsoft.VisualStudio.TestTools.TestTypes.Unit.UnitTestAdapter, Microsoft.VisualStudio.QualityTools.Tips.UnitTest.Adapter, Version=10.0.0.0, Culture=neutral, PublicKeyToken=b03f5f7f11d50a3a" className="UndeadEarth.Test.Dal.when_inserting_user, UndeadEarth.Test, Version=1.0.0.0, Culture=neutral, PublicKeyToken=null" name="the_last_visited_hotzone_should_be_starting_location" />
    </UnitTest>
    <UnitTest name="should_return_null_for_last_saved_energy_if_user_exists_but_energy_is_null" storage="c:\projects\undeadearth\undeadearth.test\bin\debug\undeadearth.test.dll" id="da679302-1a0c-b7f2-1c7e-e59bb2763f0f">
      <Execution id="f5b4dbb4-5682-441b-a120-fa1cbb5974d9" />
      <TestMethod codeBase="C:/Projects/UndeadEarth/UndeadEarth.Test/bin/Debug/UndeadEarth.Test.DLL" adapterTypeName="Microsoft.VisualStudio.TestTools.TestTypes.Unit.UnitTestAdapter, Microsoft.VisualStudio.QualityTools.Tips.UnitTest.Adapter, Version=10.0.0.0, Culture=neutral, PublicKeyToken=b03f5f7f11d50a3a" className="UndeadEarth.Test.Dal.when_retrieving_user_energy, UndeadEarth.Test, Version=1.0.0.0, Culture=neutral, PublicKeyToken=null" name="should_return_null_for_last_saved_energy_if_user_exists_but_energy_is_null" />
    </UnitTest>
    <UnitTest name="should_record_peak_zombies_destroyed" storage="c:\projects\undeadearth\undeadearth.test\bin\debug\undeadearth.test.dll" id="e6a8c00a-faa8-0745-e831-40d2f4668ade">
      <Execution id="63dbd9ed-4ae3-4870-8311-730d66ee1f6d" />
      <TestMethod codeBase="C:/Projects/UndeadEarth/UndeadEarth.Test/bin/Debug/UndeadEarth.Test.DLL" adapterTypeName="Microsoft.VisualStudio.TestTools.TestTypes.Unit.UnitTestAdapter, Microsoft.VisualStudio.QualityTools.Tips.UnitTest.Adapter, Version=10.0.0.0, Culture=neutral, PublicKeyToken=b03f5f7f11d50a3a" className="UndeadEarth.Test.Model.when_hunting_for_zombies, UndeadEarth.Test, Version=1.0.0.0, Culture=neutral, PublicKeyToken=null" name="should_record_peak_zombies_destroyed" />
    </UnitTest>
    <UnitTest name="should_return_current_level_for_user" storage="c:\projects\undeadearth\undeadearth.test\bin\debug\undeadearth.test.dll" id="0ee84f2b-31e9-0047-e6f0-0ec71b544574">
      <Execution id="6a04ddae-208c-4353-8873-20a6e0f247f0" />
      <TestMethod codeBase="C:/Projects/UndeadEarth/UndeadEarth.Test/bin/Debug/UndeadEarth.Test.DLL" adapterTypeName="Microsoft.VisualStudio.TestTools.TestTypes.Unit.UnitTestAdapter, Microsoft.VisualStudio.QualityTools.Tips.UnitTest.Adapter, Version=10.0.0.0, Culture=neutral, PublicKeyToken=b03f5f7f11d50a3a" className="UndeadEarth.Test.Model.when_servicing_user_level_and_attributes, UndeadEarth.Test, Version=1.0.0.0, Culture=neutral, PublicKeyToken=null" name="should_return_current_level_for_user" />
    </UnitTest>
    <UnitTest name="should_retrieve_user_current_base_energy" storage="c:\projects\undeadearth\undeadearth.test\bin\debug\undeadearth.test.dll" id="69653733-6f17-afcb-14dc-a6126a62b1ee">
      <Execution id="1e9cd312-df9f-4245-aee9-267bdbc44ad6" />
      <TestMethod codeBase="C:/Projects/UndeadEarth/UndeadEarth.Test/bin/Debug/UndeadEarth.Test.DLL" adapterTypeName="Microsoft.VisualStudio.TestTools.TestTypes.Unit.UnitTestAdapter, Microsoft.VisualStudio.QualityTools.Tips.UnitTest.Adapter, Version=10.0.0.0, Culture=neutral, PublicKeyToken=b03f5f7f11d50a3a" className="UndeadEarth.Test.Dal.when_retrieving_user, UndeadEarth.Test, Version=1.0.0.0, Culture=neutral, PublicKeyToken=null" name="should_retrieve_user_current_base_energy" />
    </UnitTest>
    <UnitTest name="should_return_zero_if_energy_is_null" storage="c:\projects\undeadearth\undeadearth.test\bin\debug\undeadearth.test.dll" id="6fb9a1f1-9260-fa0f-3246-029c6bade6db">
      <Execution id="a1024fdb-60d5-47d8-96a6-6b0b11e201e8" />
      <TestMethod codeBase="C:/Projects/UndeadEarth/UndeadEarth.Test/bin/Debug/UndeadEarth.Test.DLL" adapterTypeName="Microsoft.VisualStudio.TestTools.TestTypes.Unit.UnitTestAdapter, Microsoft.VisualStudio.QualityTools.Tips.UnitTest.Adapter, Version=10.0.0.0, Culture=neutral, PublicKeyToken=b03f5f7f11d50a3a" className="UndeadEarth.Test.Dal.when_retrieving_items, UndeadEarth.Test, Version=1.0.0.0, Culture=neutral, PublicKeyToken=null" name="should_return_zero_if_energy_is_null" />
    </UnitTest>
    <UnitTest name="should_set_last_sight_radius_date_to_datetimenow_if_its_null_but_last_sight_radius_isnt" storage="c:\projects\undeadearth\undeadearth.test\bin\debug\undeadearth.test.dll" id="9dde4be1-7360-a906-9538-025b609b4796">
      <Execution id="bbbcfebf-006a-4d15-a83c-4338d4e2bfdf" />
      <TestMethod codeBase="C:/Projects/UndeadEarth/UndeadEarth.Test/bin/Debug/UndeadEarth.Test.DLL" adapterTypeName="Microsoft.VisualStudio.TestTools.TestTypes.Unit.UnitTestAdapter, Microsoft.VisualStudio.QualityTools.Tips.UnitTest.Adapter, Version=10.0.0.0, Culture=neutral, PublicKeyToken=b03f5f7f11d50a3a" className="UndeadEarth.Test.Dal.when_retrieving_user_sight_radius, UndeadEarth.Test, Version=1.0.0.0, Culture=neutral, PublicKeyToken=null" name="should_set_last_sight_radius_date_to_datetimenow_if_its_null_but_last_sight_radius_isnt" />
    </UnitTest>
    <UnitTest name="should_retrieve_list_of_items_in_safe_house_that_belong_to_user" storage="c:\projects\undeadearth\undeadearth.test\bin\debug\undeadearth.test.dll" id="66236707-8e98-8099-42db-7e8aeb3fbf02">
      <Execution id="1c1658c5-874d-4320-a3ce-f9a2b0b8d172" />
      <TestMethod codeBase="C:/Projects/UndeadEarth/UndeadEarth.Test/bin/Debug/UndeadEarth.Test.DLL" adapterTypeName="Microsoft.VisualStudio.TestTools.TestTypes.Unit.UnitTestAdapter, Microsoft.VisualStudio.QualityTools.Tips.UnitTest.Adapter, Version=10.0.0.0, Culture=neutral, PublicKeyToken=b03f5f7f11d50a3a" className="UndeadEarth.Test.Dal.when_retrieving_safe_houses, UndeadEarth.Test, Version=1.0.0.0, Culture=neutral, PublicKeyToken=null" name="should_retrieve_list_of_items_in_safe_house_that_belong_to_user" />
    </UnitTest>
    <UnitTest name="should_throw_error_when_returning_user_energy_and_user_doesnt_exist" storage="c:\projects\undeadearth\undeadearth.test\bin\debug\undeadearth.test.dll" id="a92236ed-a367-c7c7-0a25-b11ae709bcb3">
      <Execution id="3ce38829-7a8b-4793-bfc4-a9b03cf2e909" />
      <TestMethod codeBase="C:/Projects/UndeadEarth/UndeadEarth.Test/bin/Debug/UndeadEarth.Test.DLL" adapterTypeName="Microsoft.VisualStudio.TestTools.TestTypes.Unit.UnitTestAdapter, Microsoft.VisualStudio.QualityTools.Tips.UnitTest.Adapter, Version=10.0.0.0, Culture=neutral, PublicKeyToken=b03f5f7f11d50a3a" className="UndeadEarth.Test.Dal.when_retrieving_user, UndeadEarth.Test, Version=1.0.0.0, Culture=neutral, PublicKeyToken=null" name="should_throw_error_when_returning_user_energy_and_user_doesnt_exist" />
    </UnitTest>
    <UnitTest name="should_truncate_seconds_and_milliseconds_from_times_that_are_being_used_for_calculating_energy" storage="c:\projects\undeadearth\undeadearth.test\bin\debug\undeadearth.test.dll" id="70a48ca4-778f-c05e-3b5d-4d1dd614ffe7">
      <Execution id="05df2f04-4161-4fb6-bb43-2b58d0da7512" />
      <TestMethod codeBase="C:/Projects/UndeadEarth/UndeadEarth.Test/bin/Debug/UndeadEarth.Test.DLL" adapterTypeName="Microsoft.VisualStudio.TestTools.TestTypes.Unit.UnitTestAdapter, Microsoft.VisualStudio.QualityTools.Tips.UnitTest.Adapter, Version=10.0.0.0, Culture=neutral, PublicKeyToken=b03f5f7f11d50a3a" className="UndeadEarth.Test.Model.when_determining_users_current_energy, UndeadEarth.Test, Version=1.0.0.0, Culture=neutral, PublicKeyToken=null" name="should_truncate_seconds_and_milliseconds_from_times_that_are_being_used_for_calculating_energy" />
    </UnitTest>
    <UnitTest name="should_disregard_one_use_items_that_can_be_bought" storage="c:\projects\undeadearth\undeadearth.test\bin\debug\undeadearth.test.dll" id="b5bf2f35-dde6-66e3-7545-0164ceb4c3bb">
      <Execution id="58d79610-2f7d-4c94-abfb-258489b15813" />
      <TestMethod codeBase="C:/Projects/UndeadEarth/UndeadEarth.Test/bin/Debug/UndeadEarth.Test.DLL" adapterTypeName="Microsoft.VisualStudio.TestTools.TestTypes.Unit.UnitTestAdapter, Microsoft.VisualStudio.QualityTools.Tips.UnitTest.Adapter, Version=10.0.0.0, Culture=neutral, PublicKeyToken=b03f5f7f11d50a3a" className="UndeadEarth.Test.Model.when_determining_users_max_potential_energy, UndeadEarth.Test, Version=1.0.0.0, Culture=neutral, PublicKeyToken=null" name="should_disregard_one_use_items_that_can_be_bought" />
    </UnitTest>
    <UnitTest name="should_return_null_for_base_sight_radius_if_user_does_not_exist" storage="c:\projects\undeadearth\undeadearth.test\bin\debug\undeadearth.test.dll" id="dcd64675-21d8-0b9a-9cf5-ac50822ee771">
      <Execution id="198ece14-d864-41dc-a89a-9afee6b14e8b" />
      <TestMethod codeBase="C:/Projects/UndeadEarth/UndeadEarth.Test/bin/Debug/UndeadEarth.Test.DLL" adapterTypeName="Microsoft.VisualStudio.TestTools.TestTypes.Unit.UnitTestAdapter, Microsoft.VisualStudio.QualityTools.Tips.UnitTest.Adapter, Version=10.0.0.0, Culture=neutral, PublicKeyToken=b03f5f7f11d50a3a" className="UndeadEarth.Test.Dal.when_retrieving_user_sight_radius, UndeadEarth.Test, Version=1.0.0.0, Culture=neutral, PublicKeyToken=null" name="should_return_null_for_base_sight_radius_if_user_does_not_exist" />
    </UnitTest>
    <UnitTest name="should_increment_zombie_pack_destroyed_count" storage="c:\projects\undeadearth\undeadearth.test\bin\debug\undeadearth.test.dll" id="556fe5d0-aedd-a933-babc-4606a23e064e">
      <Execution id="88ad4d14-d24f-4a89-b867-f3e37b844151" />
      <TestMethod codeBase="C:/Projects/UndeadEarth/UndeadEarth.Test/bin/Debug/UndeadEarth.Test.DLL" adapterTypeName="Microsoft.VisualStudio.TestTools.TestTypes.Unit.UnitTestAdapter, Microsoft.VisualStudio.QualityTools.Tips.UnitTest.Adapter, Version=10.0.0.0, Culture=neutral, PublicKeyToken=b03f5f7f11d50a3a" className="UndeadEarth.Test.Dal.when_saving_user_counts, UndeadEarth.Test, Version=1.0.0.0, Culture=neutral, PublicKeyToken=null" name="should_increment_zombie_pack_destroyed_count" />
    </UnitTest>
    <UnitTest name="should_give_energy_based_on_best_items_from_user_usersafehouse_and_items_that_can_be_bought" storage="c:\projects\undeadearth\undeadearth.test\bin\debug\undeadearth.test.dll" id="6b30f78c-5c97-e5aa-0928-de7f5ee83660">
      <Execution id="66950b8d-1203-4d88-bf6d-b5f72eeb4e8d" />
      <TestMethod codeBase="C:/Projects/UndeadEarth/UndeadEarth.Test/bin/Debug/UndeadEarth.Test.DLL" adapterTypeName="Microsoft.VisualStudio.TestTools.TestTypes.Unit.UnitTestAdapter, Microsoft.VisualStudio.QualityTools.Tips.UnitTest.Adapter, Version=10.0.0.0, Culture=neutral, PublicKeyToken=b03f5f7f11d50a3a" className="UndeadEarth.Test.Model.when_determining_users_max_potential_energy, UndeadEarth.Test, Version=1.0.0.0, Culture=neutral, PublicKeyToken=null" name="should_give_energy_based_on_best_items_from_user_usersafehouse_and_items_that_can_be_bought" />
    </UnitTest>
    <UnitTest name="should_set_user_current_base_energy" storage="c:\projects\undeadearth\undeadearth.test\bin\debug\undeadearth.test.dll" id="5f382a5a-614c-c9d5-67f1-1ceadc4420b1">
      <Execution id="fbed73e4-2448-47c0-ab3a-ce6399167c81" />
      <TestMethod codeBase="C:/Projects/UndeadEarth/UndeadEarth.Test/bin/Debug/UndeadEarth.Test.DLL" adapterTypeName="Microsoft.VisualStudio.TestTools.TestTypes.Unit.UnitTestAdapter, Microsoft.VisualStudio.QualityTools.Tips.UnitTest.Adapter, Version=10.0.0.0, Culture=neutral, PublicKeyToken=b03f5f7f11d50a3a" className="UndeadEarth.Test.Dal.when_saving_user, UndeadEarth.Test, Version=1.0.0.0, Culture=neutral, PublicKeyToken=null" name="should_set_user_current_base_energy" />
    </UnitTest>
    <UnitTest name="should_update_user_location_if_user_exists" storage="c:\projects\undeadearth\undeadearth.test\bin\debug\undeadearth.test.dll" id="00f036f8-7ea4-f115-2065-21a527c875c4">
      <Execution id="c05d98fa-d156-4a6c-a0c5-239154dfc36d" />
      <TestMethod codeBase="C:/Projects/UndeadEarth/UndeadEarth.Test/bin/Debug/UndeadEarth.Test.DLL" adapterTypeName="Microsoft.VisualStudio.TestTools.TestTypes.Unit.UnitTestAdapter, Microsoft.VisualStudio.QualityTools.Tips.UnitTest.Adapter, Version=10.0.0.0, Culture=neutral, PublicKeyToken=b03f5f7f11d50a3a" className="UndeadEarth.Test.Dal.when_saving_user, UndeadEarth.Test, Version=1.0.0.0, Culture=neutral, PublicKeyToken=null" name="should_update_user_location_if_user_exists" />
    </UnitTest>
    <UnitTest name="should_return_null_for_last_saved_sight_radius_if_user_does_not_exist" storage="c:\projects\undeadearth\undeadearth.test\bin\debug\undeadearth.test.dll" id="f171bbe9-81e2-ed24-643d-8a7305f52326">
      <Execution id="acc19dc7-2837-4412-b22b-424d0ae6af02" />
      <TestMethod codeBase="C:/Projects/UndeadEarth/UndeadEarth.Test/bin/Debug/UndeadEarth.Test.DLL" adapterTypeName="Microsoft.VisualStudio.TestTools.TestTypes.Unit.UnitTestAdapter, Microsoft.VisualStudio.QualityTools.Tips.UnitTest.Adapter, Version=10.0.0.0, Culture=neutral, PublicKeyToken=b03f5f7f11d50a3a" className="UndeadEarth.Test.Dal.when_retrieving_user_sight_radius, UndeadEarth.Test, Version=1.0.0.0, Culture=neutral, PublicKeyToken=null" name="should_return_null_for_last_saved_sight_radius_if_user_does_not_exist" />
    </UnitTest>
    <UnitTest name="should_add_money_passed_in_to_money_of_the_current_user" storage="c:\projects\undeadearth\undeadearth.test\bin\debug\undeadearth.test.dll" id="db2cbd38-a14d-b06e-fd2b-542b84645680">
      <Execution id="35ebde4f-5cae-4cf7-8760-2da2e839ae39" />
      <TestMethod codeBase="C:/Projects/UndeadEarth/UndeadEarth.Test/bin/Debug/UndeadEarth.Test.DLL" adapterTypeName="Microsoft.VisualStudio.TestTools.TestTypes.Unit.UnitTestAdapter, Microsoft.VisualStudio.QualityTools.Tips.UnitTest.Adapter, Version=10.0.0.0, Culture=neutral, PublicKeyToken=b03f5f7f11d50a3a" className="UndeadEarth.Test.Dal.when_saving_user, UndeadEarth.Test, Version=1.0.0.0, Culture=neutral, PublicKeyToken=null" name="should_add_money_passed_in_to_money_of_the_current_user" />
    </UnitTest>
    <UnitTest name="should_return_all_hot_zones" storage="c:\projects\undeadearth\undeadearth.test\bin\debug\undeadearth.test.dll" id="7209dcdb-bb1a-d89a-c5cb-4180ad1a5427">
      <Execution id="cd3b7269-4d89-456b-9247-9ebdc883c581" />
      <TestMethod codeBase="C:/Projects/UndeadEarth/UndeadEarth.Test/bin/Debug/UndeadEarth.Test.DLL" adapterTypeName="Microsoft.VisualStudio.TestTools.TestTypes.Unit.UnitTestAdapter, Microsoft.VisualStudio.QualityTools.Tips.UnitTest.Adapter, Version=10.0.0.0, Culture=neutral, PublicKeyToken=b03f5f7f11d50a3a" className="UndeadEarth.Test.Dal.when_retrieving_hot_zones, UndeadEarth.Test, Version=1.0.0.0, Culture=neutral, PublicKeyToken=null" name="should_return_all_hot_zones" />
    </UnitTest>
    <UnitTest name="should_not_hunt_if_user_doesnt_have_enough_energy" storage="c:\projects\undeadearth\undeadearth.test\bin\debug\undeadearth.test.dll" id="68ea6353-2c49-a913-f384-cf2dc40e93c0">
      <Execution id="2810e5e5-ecd9-4409-a29c-3d5a1da5d89e" />
      <TestMethod codeBase="C:/Projects/UndeadEarth/UndeadEarth.Test/bin/Debug/UndeadEarth.Test.DLL" adapterTypeName="Microsoft.VisualStudio.TestTools.TestTypes.Unit.UnitTestAdapter, Microsoft.VisualStudio.QualityTools.Tips.UnitTest.Adapter, Version=10.0.0.0, Culture=neutral, PublicKeyToken=b03f5f7f11d50a3a" className="UndeadEarth.Test.Model.when_hunting_for_zombies, UndeadEarth.Test, Version=1.0.0.0, Culture=neutral, PublicKeyToken=null" name="should_not_hunt_if_user_doesnt_have_enough_energy" />
    </UnitTest>
    <UnitTest name="should_save_item_in_safe_house_inventory_and_remove_from_user_inventory" storage="c:\projects\undeadearth\undeadearth.test\bin\debug\undeadearth.test.dll" id="7d9357cd-185a-7a7d-46d5-6e0825f094b5">
      <Execution id="fef5a052-f4ad-480e-976e-0d416e01e93b" />
      <TestMethod codeBase="C:/Projects/UndeadEarth/UndeadEarth.Test/bin/Debug/UndeadEarth.Test.DLL" adapterTypeName="Microsoft.VisualStudio.TestTools.TestTypes.Unit.UnitTestAdapter, Microsoft.VisualStudio.QualityTools.Tips.UnitTest.Adapter, Version=10.0.0.0, Culture=neutral, PublicKeyToken=b03f5f7f11d50a3a" className="UndeadEarth.Test.Model.when_transferring_items_from_user_to_safe_house, UndeadEarth.Test, Version=1.0.0.0, Culture=neutral, PublicKeyToken=null" name="should_save_item_in_safe_house_inventory_and_remove_from_user_inventory" />
    </UnitTest>
    <UnitTest name="should_determine_base_line_for_user_that_changes_hotzones" storage="c:\projects\undeadearth\undeadearth.test\bin\debug\undeadearth.test.dll" id="d8cfd2cc-f7c2-fb7c-2948-c14069a906b1">
      <Execution id="c109110b-32c6-43ee-9019-f89d7eac5931" />
      <TestMethod codeBase="C:/Projects/UndeadEarth/UndeadEarth.Test/bin/Debug/UndeadEarth.Test.DLL" adapterTypeName="Microsoft.VisualStudio.TestTools.TestTypes.Unit.UnitTestAdapter, Microsoft.VisualStudio.QualityTools.Tips.UnitTest.Adapter, Version=10.0.0.0, Culture=neutral, PublicKeyToken=b03f5f7f11d50a3a" className="UndeadEarth.Test.Model.when_determining_energy_cost_for_hunting_at_zombie_pack, UndeadEarth.Test, Version=1.0.0.0, Culture=neutral, PublicKeyToken=null" name="should_determine_base_line_for_user_that_changes_hotzones" />
    </UnitTest>
    <UnitTest name="should_return_achievement_for_peak_zombies_100" storage="c:\projects\undeadearth\undeadearth.test\bin\debug\undeadearth.test.dll" id="a4df90b5-6a65-c11c-9306-ae984a6862f3">
      <Execution id="cc121f79-2dee-4b03-aea0-95b9f991249a" />
      <TestMethod codeBase="C:/Projects/UndeadEarth/UndeadEarth.Test/bin/Debug/UndeadEarth.Test.DLL" adapterTypeName="Microsoft.VisualStudio.TestTools.TestTypes.Unit.UnitTestAdapter, Microsoft.VisualStudio.QualityTools.Tips.UnitTest.Adapter, Version=10.0.0.0, Culture=neutral, PublicKeyToken=b03f5f7f11d50a3a" className="UndeadEarth.Test.Model.when_retrieving_achievements, UndeadEarth.Test, Version=1.0.0.0, Culture=neutral, PublicKeyToken=null" name="should_return_achievement_for_peak_zombies_100" />
    </UnitTest>
    <UnitTest name="should_return_all_stores_in_radius" storage="c:\projects\undeadearth\undeadearth.test\bin\debug\undeadearth.test.dll" id="3d4be643-5d31-3e26-f950-26a5f925e40b">
      <Execution id="1c0389a0-8234-4929-969b-0263f59eaab1" />
      <TestMethod codeBase="C:/Projects/UndeadEarth/UndeadEarth.Test/bin/Debug/UndeadEarth.Test.DLL" adapterTypeName="Microsoft.VisualStudio.TestTools.TestTypes.Unit.UnitTestAdapter, Microsoft.VisualStudio.QualityTools.Tips.UnitTest.Adapter, Version=10.0.0.0, Culture=neutral, PublicKeyToken=b03f5f7f11d50a3a" className="UndeadEarth.Test.Dal.when_retrieving_stores, UndeadEarth.Test, Version=1.0.0.0, Culture=neutral, PublicKeyToken=null" name="should_return_all_stores_in_radius" />
    </UnitTest>
    <UnitTest name="should_start_with_attack_power_of_1" storage="c:\projects\undeadearth\undeadearth.test\bin\debug\undeadearth.test.dll" id="6f5b8bdf-f4f3-b0ac-2d17-1c769ba70ec7">
      <Execution id="dd274991-855c-4cc7-846f-67f07ee758ce" />
      <TestMethod codeBase="C:/Projects/UndeadEarth/UndeadEarth.Test/bin/Debug/UndeadEarth.Test.DLL" adapterTypeName="Microsoft.VisualStudio.TestTools.TestTypes.Unit.UnitTestAdapter, Microsoft.VisualStudio.QualityTools.Tips.UnitTest.Adapter, Version=10.0.0.0, Culture=neutral, PublicKeyToken=b03f5f7f11d50a3a" className="UndeadEarth.Test.Model.when_creating_user, UndeadEarth.Test, Version=1.0.0.0, Culture=neutral, PublicKeyToken=null" name="should_start_with_attack_power_of_1" />
    </UnitTest>
    <UnitTest name="should_update_existing_zombie_pack_progress" storage="c:\projects\undeadearth\undeadearth.test\bin\debug\undeadearth.test.dll" id="7d2305d4-075e-49ce-735b-3ccd549f53b8">
      <Execution id="3dd9c7e4-f51a-4bbe-9eaf-d7641154f0c7" />
      <TestMethod codeBase="C:/Projects/UndeadEarth/UndeadEarth.Test/bin/Debug/UndeadEarth.Test.DLL" adapterTypeName="Microsoft.VisualStudio.TestTools.TestTypes.Unit.UnitTestAdapter, Microsoft.VisualStudio.QualityTools.Tips.UnitTest.Adapter, Version=10.0.0.0, Culture=neutral, PublicKeyToken=b03f5f7f11d50a3a" className="UndeadEarth.Test.Dal.when_saving_user_zombie_pack_progress, UndeadEarth.Test, Version=1.0.0.0, Culture=neutral, PublicKeyToken=null" name="should_update_existing_zombie_pack_progress" />
    </UnitTest>
    <UnitTest name="should_return_false_if_zombiepack_does_not_exist" storage="c:\projects\undeadearth\undeadearth.test\bin\debug\undeadearth.test.dll" id="cfacc8e4-11ef-5e59-c2dc-f7d2d86d5a2e">
      <Execution id="30f19f91-e243-46f2-b301-94d369c1a867" />
      <TestMethod codeBase="C:/Projects/UndeadEarth/UndeadEarth.Test/bin/Debug/UndeadEarth.Test.DLL" adapterTypeName="Microsoft.VisualStudio.TestTools.TestTypes.Unit.UnitTestAdapter, Microsoft.VisualStudio.QualityTools.Tips.UnitTest.Adapter, Version=10.0.0.0, Culture=neutral, PublicKeyToken=b03f5f7f11d50a3a" className="UndeadEarth.Test.Dal.when_checking_if_zombie_pack_exists, UndeadEarth.Test, Version=1.0.0.0, Culture=neutral, PublicKeyToken=null" name="should_return_false_if_zombiepack_does_not_exist" />
    </UnitTest>
    <UnitTest name="should_not_hunt_if_user_doesnt_exist" storage="c:\projects\undeadearth\undeadearth.test\bin\debug\undeadearth.test.dll" id="5a128d3b-35ba-f233-4f32-be0f8dfb906e">
      <Execution id="2845c151-f634-4f39-9415-1f68ccce4d48" />
      <TestMethod codeBase="C:/Projects/UndeadEarth/UndeadEarth.Test/bin/Debug/UndeadEarth.Test.DLL" adapterTypeName="Microsoft.VisualStudio.TestTools.TestTypes.Unit.UnitTestAdapter, Microsoft.VisualStudio.QualityTools.Tips.UnitTest.Adapter, Version=10.0.0.0, Culture=neutral, PublicKeyToken=b03f5f7f11d50a3a" className="UndeadEarth.Test.Model.when_hunting_for_zombies, UndeadEarth.Test, Version=1.0.0.0, Culture=neutral, PublicKeyToken=null" name="should_not_hunt_if_user_doesnt_exist" />
    </UnitTest>
    <UnitTest name="should_set_to_max_energy_if_item_energy_is_greater_than_max" storage="c:\projects\undeadearth\undeadearth.test\bin\debug\undeadearth.test.dll" id="b28183ac-a700-53c3-0c4c-4c663c3d39eb">
      <Execution id="a023c0cc-b40f-4e62-a8f1-c36cf61390de" />
      <TestMethod codeBase="C:/Projects/UndeadEarth/UndeadEarth.Test/bin/Debug/UndeadEarth.Test.DLL" adapterTypeName="Microsoft.VisualStudio.TestTools.TestTypes.Unit.UnitTestAdapter, Microsoft.VisualStudio.QualityTools.Tips.UnitTest.Adapter, Version=10.0.0.0, Culture=neutral, PublicKeyToken=b03f5f7f11d50a3a" className="UndeadEarth.Test.Model.when_using_items, UndeadEarth.Test, Version=1.0.0.0, Culture=neutral, PublicKeyToken=null" name="should_set_to_max_energy_if_item_energy_is_greater_than_max" />
    </UnitTest>
    <UnitTest name="should_calculate_northern_point" storage="c:\projects\undeadearth\undeadearth.test\bin\debug\undeadearth.test.dll" id="5b2a5f35-2435-a2ba-eaf1-4c274bced244">
      <Execution id="c1255fef-60c8-4149-888b-b4d2d9d2dfea" />
      <TestMethod codeBase="C:/Projects/UndeadEarth/UndeadEarth.Test/bin/Debug/UndeadEarth.Test.DLL" adapterTypeName="Microsoft.VisualStudio.TestTools.TestTypes.Unit.UnitTestAdapter, Microsoft.VisualStudio.QualityTools.Tips.UnitTest.Adapter, Version=10.0.0.0, Culture=neutral, PublicKeyToken=b03f5f7f11d50a3a" className="UndeadEarth.Test.Model.when_calculating_distance, UndeadEarth.Test, Version=1.0.0.0, Culture=neutral, PublicKeyToken=null" name="should_calculate_northern_point" />
    </UnitTest>
    <UnitTest name="should_return_if_item_is_not_one_time_use_item" storage="c:\projects\undeadearth\undeadearth.test\bin\debug\undeadearth.test.dll" id="9c6c437e-182b-5735-6616-67dd466d97ca">
      <Execution id="33bbc630-5186-49e1-8a40-6dde5e715a09" />
      <TestMethod codeBase="C:/Projects/UndeadEarth/UndeadEarth.Test/bin/Debug/UndeadEarth.Test.DLL" adapterTypeName="Microsoft.VisualStudio.TestTools.TestTypes.Unit.UnitTestAdapter, Microsoft.VisualStudio.QualityTools.Tips.UnitTest.Adapter, Version=10.0.0.0, Culture=neutral, PublicKeyToken=b03f5f7f11d50a3a" className="UndeadEarth.Test.Model.when_using_items, UndeadEarth.Test, Version=1.0.0.0, Culture=neutral, PublicKeyToken=null" name="should_return_if_item_is_not_one_time_use_item" />
    </UnitTest>
    <UnitTest name="should_return_attack_power_along_with_any_attack_power_increase_from_buying_item_with_no_items_in_safehouse" storage="c:\projects\undeadearth\undeadearth.test\bin\debug\undeadearth.test.dll" id="3a65c876-9662-16ec-4c81-7bea778d6951">
      <Execution id="c881b268-8dd6-40cd-ad8a-d35264ac42b5" />
      <TestMethod codeBase="C:/Projects/UndeadEarth/UndeadEarth.Test/bin/Debug/UndeadEarth.Test.DLL" adapterTypeName="Microsoft.VisualStudio.TestTools.TestTypes.Unit.UnitTestAdapter, Microsoft.VisualStudio.QualityTools.Tips.UnitTest.Adapter, Version=10.0.0.0, Culture=neutral, PublicKeyToken=b03f5f7f11d50a3a" className="UndeadEarth.Test.Model.when_determining_users_max_potential_attack_power, UndeadEarth.Test, Version=1.0.0.0, Culture=neutral, PublicKeyToken=null" name="should_return_attack_power_along_with_any_attack_power_increase_from_buying_item_with_no_items_in_safehouse" />
    </UnitTest>
    <UnitTest name="should_calculate_southern_point" storage="c:\projects\undeadearth\undeadearth.test\bin\debug\undeadearth.test.dll" id="8f46b492-6eff-ef62-7327-4eb38c11c2ef">
      <Execution id="bacb2daa-471c-461d-9ade-d4fead6c72a7" />
      <TestMethod codeBase="C:/Projects/UndeadEarth/UndeadEarth.Test/bin/Debug/UndeadEarth.Test.DLL" adapterTypeName="Microsoft.VisualStudio.TestTools.TestTypes.Unit.UnitTestAdapter, Microsoft.VisualStudio.QualityTools.Tips.UnitTest.Adapter, Version=10.0.0.0, Culture=neutral, PublicKeyToken=b03f5f7f11d50a3a" className="UndeadEarth.Test.Model.when_calculating_distance, UndeadEarth.Test, Version=1.0.0.0, Culture=neutral, PublicKeyToken=null" name="should_calculate_southern_point" />
    </UnitTest>
    <UnitTest name="should_set_base_line_for_users_max_potential_if_last_hotzone_visited_does_not_equal_the_hotzone_for_the_current_zombie_pack" storage="c:\projects\undeadearth\undeadearth.test\bin\debug\undeadearth.test.dll" id="783f6a3b-54fe-a923-8c75-e72b281f150f">
      <Execution id="01992e52-64b2-4b42-bcee-11a47e1d7fcb" />
      <TestMethod codeBase="C:/Projects/UndeadEarth/UndeadEarth.Test/bin/Debug/UndeadEarth.Test.DLL" adapterTypeName="Microsoft.VisualStudio.TestTools.TestTypes.Unit.UnitTestAdapter, Microsoft.VisualStudio.QualityTools.Tips.UnitTest.Adapter, Version=10.0.0.0, Culture=neutral, PublicKeyToken=b03f5f7f11d50a3a" className="UndeadEarth.Test.Model.when_determining_zombie_pack_progress, UndeadEarth.Test, Version=1.0.0.0, Culture=neutral, PublicKeyToken=null" name="should_set_base_line_for_users_max_potential_if_last_hotzone_visited_does_not_equal_the_hotzone_for_the_current_zombie_pack" />
    </UnitTest>
    <UnitTest name="should_take_money_from_user_and_add_item_to_user_inventory" storage="c:\projects\undeadearth\undeadearth.test\bin\debug\undeadearth.test.dll" id="685ba115-26b4-cfb7-772c-f8e84fc12c79">
      <Execution id="e398379c-cb1b-41f4-8b2f-5ce2354c4253" />
      <TestMethod codeBase="C:/Projects/UndeadEarth/UndeadEarth.Test/bin/Debug/UndeadEarth.Test.DLL" adapterTypeName="Microsoft.VisualStudio.TestTools.TestTypes.Unit.UnitTestAdapter, Microsoft.VisualStudio.QualityTools.Tips.UnitTest.Adapter, Version=10.0.0.0, Culture=neutral, PublicKeyToken=b03f5f7f11d50a3a" className="UndeadEarth.Test.Model.when_buying_items_from_shop, UndeadEarth.Test, Version=1.0.0.0, Culture=neutral, PublicKeyToken=null" name="should_take_money_from_user_and_add_item_to_user_inventory" />
    </UnitTest>
    <UnitTest name="should_take_into_consideration_equipped_items_when_determining_max_energy" storage="c:\projects\undeadearth\undeadearth.test\bin\debug\undeadearth.test.dll" id="9a7f21c9-61b5-30cc-38aa-34a79b6a0201">
      <Execution id="4bef2fbf-7cc0-4c18-9f89-18180a8dfc95" />
      <TestMethod codeBase="C:/Projects/UndeadEarth/UndeadEarth.Test/bin/Debug/UndeadEarth.Test.DLL" adapterTypeName="Microsoft.VisualStudio.TestTools.TestTypes.Unit.UnitTestAdapter, Microsoft.VisualStudio.QualityTools.Tips.UnitTest.Adapter, Version=10.0.0.0, Culture=neutral, PublicKeyToken=b03f5f7f11d50a3a" className="UndeadEarth.Test.Model.when_determining_users_current_energy, UndeadEarth.Test, Version=1.0.0.0, Culture=neutral, PublicKeyToken=null" name="should_take_into_consideration_equipped_items_when_determining_max_energy" />
    </UnitTest>
    <UnitTest name="should_retrieve_zombie_pack_by_id" storage="c:\projects\undeadearth\undeadearth.test\bin\debug\undeadearth.test.dll" id="25699796-3f06-4f57-c2f3-62593d0f8db7">
      <Execution id="206f2991-f737-429d-995b-f6a07faa2ad2" />
      <TestMethod codeBase="C:/Projects/UndeadEarth/UndeadEarth.Test/bin/Debug/UndeadEarth.Test.DLL" adapterTypeName="Microsoft.VisualStudio.TestTools.TestTypes.Unit.UnitTestAdapter, Microsoft.VisualStudio.QualityTools.Tips.UnitTest.Adapter, Version=10.0.0.0, Culture=neutral, PublicKeyToken=b03f5f7f11d50a3a" className="UndeadEarth.Test.Dal.when_retrieving_zombie_packs, UndeadEarth.Test, Version=1.0.0.0, Culture=neutral, PublicKeyToken=null" name="should_retrieve_zombie_pack_by_id" />
    </UnitTest>
    <UnitTest name="should_disregard_creation_if_user_already_exists_for_facebookId" storage="c:\projects\undeadearth\undeadearth.test\bin\debug\undeadearth.test.dll" id="99d5bdbd-2ac1-c2dd-bd8e-ff998f163943">
      <Execution id="9665e38d-4a14-46a0-beaf-6bf935e806b0" />
      <TestMethod codeBase="C:/Projects/UndeadEarth/UndeadEarth.Test/bin/Debug/UndeadEarth.Test.DLL" adapterTypeName="Microsoft.VisualStudio.TestTools.TestTypes.Unit.UnitTestAdapter, Microsoft.VisualStudio.QualityTools.Tips.UnitTest.Adapter, Version=10.0.0.0, Culture=neutral, PublicKeyToken=b03f5f7f11d50a3a" className="UndeadEarth.Test.Model.when_creating_user, UndeadEarth.Test, Version=1.0.0.0, Culture=neutral, PublicKeyToken=null" name="should_disregard_creation_if_user_already_exists_for_facebookId" />
    </UnitTest>
    <UnitTest name="should_return_true_if_user_has_item" storage="c:\projects\undeadearth\undeadearth.test\bin\debug\undeadearth.test.dll" id="583a3b80-1851-93ab-c2ab-87d678e4ad81">
      <Execution id="e95f61eb-814c-42ea-a69c-b191457f3efd" />
      <TestMethod codeBase="C:/Projects/UndeadEarth/UndeadEarth.Test/bin/Debug/UndeadEarth.Test.DLL" adapterTypeName="Microsoft.VisualStudio.TestTools.TestTypes.Unit.UnitTestAdapter, Microsoft.VisualStudio.QualityTools.Tips.UnitTest.Adapter, Version=10.0.0.0, Culture=neutral, PublicKeyToken=b03f5f7f11d50a3a" className="UndeadEarth.Test.Dal.when_retrieving_items, UndeadEarth.Test, Version=1.0.0.0, Culture=neutral, PublicKeyToken=null" name="should_return_true_if_user_has_item" />
    </UnitTest>
    <UnitTest name="should_disregard_move_if_user_does_not_exist" storage="c:\projects\undeadearth\undeadearth.test\bin\debug\undeadearth.test.dll" id="4d9cdfe2-8eee-3937-2a7d-b414e3b51b00">
      <Execution id="80770c77-50c3-4dba-b4d5-1d6f718ba3e2" />
      <TestMethod codeBase="C:/Projects/UndeadEarth/UndeadEarth.Test/bin/Debug/UndeadEarth.Test.DLL" adapterTypeName="Microsoft.VisualStudio.TestTools.TestTypes.Unit.UnitTestAdapter, Microsoft.VisualStudio.QualityTools.Tips.UnitTest.Adapter, Version=10.0.0.0, Culture=neutral, PublicKeyToken=b03f5f7f11d50a3a" className="UndeadEarth.Test.Model.when_moving_user, UndeadEarth.Test, Version=1.0.0.0, Culture=neutral, PublicKeyToken=null" name="should_disregard_move_if_user_does_not_exist" />
    </UnitTest>
    <UnitTest name="should_return_false_if_item_does_not_exist" storage="c:\projects\undeadearth\undeadearth.test\bin\debug\undeadearth.test.dll" id="43ea7dc5-29f2-fc24-7626-37c50ab77488">
      <Execution id="a92f0d2b-f1c4-49ae-ad9d-33e39a579c3f" />
      <TestMethod codeBase="C:/Projects/UndeadEarth/UndeadEarth.Test/bin/Debug/UndeadEarth.Test.DLL" adapterTypeName="Microsoft.VisualStudio.TestTools.TestTypes.Unit.UnitTestAdapter, Microsoft.VisualStudio.QualityTools.Tips.UnitTest.Adapter, Version=10.0.0.0, Culture=neutral, PublicKeyToken=b03f5f7f11d50a3a" className="UndeadEarth.Test.Dal.when_retrieving_items, UndeadEarth.Test, Version=1.0.0.0, Culture=neutral, PublicKeyToken=null" name="should_return_false_if_item_does_not_exist" />
    </UnitTest>
    <UnitTest name="the_starting_energy_should_be_100" storage="c:\projects\undeadearth\undeadearth.test\bin\debug\undeadearth.test.dll" id="ba822c9a-2244-54af-db34-ae1b0ff7f2ea">
      <Execution id="bfc28adc-2e6d-4428-94cc-cbc350d27afc" />
      <TestMethod codeBase="C:/Projects/UndeadEarth/UndeadEarth.Test/bin/Debug/UndeadEarth.Test.DLL" adapterTypeName="Microsoft.VisualStudio.TestTools.TestTypes.Unit.UnitTestAdapter, Microsoft.VisualStudio.QualityTools.Tips.UnitTest.Adapter, Version=10.0.0.0, Culture=neutral, PublicKeyToken=b03f5f7f11d50a3a" className="UndeadEarth.Test.Dal.when_inserting_user, UndeadEarth.Test, Version=1.0.0.0, Culture=neutral, PublicKeyToken=null" name="the_starting_energy_should_be_100" />
    </UnitTest>
    <UnitTest name="should_return_achievement_for_traveling_1000_miles" storage="c:\projects\undeadearth\undeadearth.test\bin\debug\undeadearth.test.dll" id="e47b507d-8276-c45e-8213-bc71e7175571">
      <Execution id="6170d9d1-b797-4031-96f7-41927ee2e38b" />
      <TestMethod codeBase="C:/Projects/UndeadEarth/UndeadEarth.Test/bin/Debug/UndeadEarth.Test.DLL" adapterTypeName="Microsoft.VisualStudio.TestTools.TestTypes.Unit.UnitTestAdapter, Microsoft.VisualStudio.QualityTools.Tips.UnitTest.Adapter, Version=10.0.0.0, Culture=neutral, PublicKeyToken=b03f5f7f11d50a3a" className="UndeadEarth.Test.Model.when_retrieving_achievements, UndeadEarth.Test, Version=1.0.0.0, Culture=neutral, PublicKeyToken=null" name="should_return_achievement_for_traveling_1000_miles" />
    </UnitTest>
    <UnitTest name="should_disregard_if_user_has_more_than_the_allowed_amount_of_items" storage="c:\projects\undeadearth\undeadearth.test\bin\debug\undeadearth.test.dll" id="7bf1b32b-b544-1d63-7f85-8cb3721cb13c">
      <Execution id="b6d916ab-92b9-4da2-a6da-af36e74aeba3" />
      <TestMethod codeBase="C:/Projects/UndeadEarth/UndeadEarth.Test/bin/Debug/UndeadEarth.Test.DLL" adapterTypeName="Microsoft.VisualStudio.TestTools.TestTypes.Unit.UnitTestAdapter, Microsoft.VisualStudio.QualityTools.Tips.UnitTest.Adapter, Version=10.0.0.0, Culture=neutral, PublicKeyToken=b03f5f7f11d50a3a" className="UndeadEarth.Test.Model.when_transferring_items_from_safe_house_to_user, UndeadEarth.Test, Version=1.0.0.0, Culture=neutral, PublicKeyToken=null" name="should_disregard_if_user_has_more_than_the_allowed_amount_of_items" />
    </UnitTest>
    <UnitTest name="should_return_last_saved_sight_radius_for_user" storage="c:\projects\undeadearth\undeadearth.test\bin\debug\undeadearth.test.dll" id="efd3fdf9-6214-c49f-4a2b-bfb2fe87d588">
      <Execution id="36abec50-4d25-431e-87cc-3aff55e77553" />
      <TestMethod codeBase="C:/Projects/UndeadEarth/UndeadEarth.Test/bin/Debug/UndeadEarth.Test.DLL" adapterTypeName="Microsoft.VisualStudio.TestTools.TestTypes.Unit.UnitTestAdapter, Microsoft.VisualStudio.QualityTools.Tips.UnitTest.Adapter, Version=10.0.0.0, Culture=neutral, PublicKeyToken=b03f5f7f11d50a3a" className="UndeadEarth.Test.Dal.when_retrieving_user_sight_radius, UndeadEarth.Test, Version=1.0.0.0, Culture=neutral, PublicKeyToken=null" name="should_return_last_saved_sight_radius_for_user" />
    </UnitTest>
    <UnitTest name="should_not_hunt_if_user_is_not_at_zombie_pack_latitude" storage="c:\projects\undeadearth\undeadearth.test\bin\debug\undeadearth.test.dll" id="75a342b2-ef01-e34d-c6b4-7a9dc15f6b1e">
      <Execution id="9fb83877-3235-414f-84e0-0fb76de9db8b" />
      <TestMethod codeBase="C:/Projects/UndeadEarth/UndeadEarth.Test/bin/Debug/UndeadEarth.Test.DLL" adapterTypeName="Microsoft.VisualStudio.TestTools.TestTypes.Unit.UnitTestAdapter, Microsoft.VisualStudio.QualityTools.Tips.UnitTest.Adapter, Version=10.0.0.0, Culture=neutral, PublicKeyToken=b03f5f7f11d50a3a" className="UndeadEarth.Test.Model.when_hunting_for_zombies, UndeadEarth.Test, Version=1.0.0.0, Culture=neutral, PublicKeyToken=null" name="should_not_hunt_if_user_is_not_at_zombie_pack_latitude" />
    </UnitTest>
    <UnitTest name="should_retriever_an_empty_list_given_invalid_hotzone_id" storage="c:\projects\undeadearth\undeadearth.test\bin\debug\undeadearth.test.dll" id="5afe1781-3ccb-0558-a937-e74f932ccd49">
      <Execution id="2019f0c5-6180-4fbe-a93d-aae3cf655592" />
      <TestMethod codeBase="C:/Projects/UndeadEarth/UndeadEarth.Test/bin/Debug/UndeadEarth.Test.DLL" adapterTypeName="Microsoft.VisualStudio.TestTools.TestTypes.Unit.UnitTestAdapter, Microsoft.VisualStudio.QualityTools.Tips.UnitTest.Adapter, Version=10.0.0.0, Culture=neutral, PublicKeyToken=b03f5f7f11d50a3a" className="UndeadEarth.Test.Dal.when_retrieving_stores, UndeadEarth.Test, Version=1.0.0.0, Culture=neutral, PublicKeyToken=null" name="should_retriever_an_empty_list_given_invalid_hotzone_id" />
    </UnitTest>
    <UnitTest name="should_destroy_zombie_pack_if_users_attack_power_exceeds_the_number_of_zombies" storage="c:\projects\undeadearth\undeadearth.test\bin\debug\undeadearth.test.dll" id="79f08418-c51b-ec01-a3f0-aeabf52599fa">
      <Execution id="8476dc39-c247-43d1-a221-48d45894fddf" />
      <TestMethod codeBase="C:/Projects/UndeadEarth/UndeadEarth.Test/bin/Debug/UndeadEarth.Test.DLL" adapterTypeName="Microsoft.VisualStudio.TestTools.TestTypes.Unit.UnitTestAdapter, Microsoft.VisualStudio.QualityTools.Tips.UnitTest.Adapter, Version=10.0.0.0, Culture=neutral, PublicKeyToken=b03f5f7f11d50a3a" className="UndeadEarth.Test.Model.when_hunting_for_zombies, UndeadEarth.Test, Version=1.0.0.0, Culture=neutral, PublicKeyToken=null" name="should_destroy_zombie_pack_if_users_attack_power_exceeds_the_number_of_zombies" />
    </UnitTest>
    <UnitTest name="should_return_last_saved_energy_for_user" storage="c:\projects\undeadearth\undeadearth.test\bin\debug\undeadearth.test.dll" id="33a5dc0c-cb8c-881e-3374-24e7b48bd3e1">
      <Execution id="c0005a20-bfe3-42e8-9209-9ade0eba0f93" />
      <TestMethod codeBase="C:/Projects/UndeadEarth/UndeadEarth.Test/bin/Debug/UndeadEarth.Test.DLL" adapterTypeName="Microsoft.VisualStudio.TestTools.TestTypes.Unit.UnitTestAdapter, Microsoft.VisualStudio.QualityTools.Tips.UnitTest.Adapter, Version=10.0.0.0, Culture=neutral, PublicKeyToken=b03f5f7f11d50a3a" className="UndeadEarth.Test.Dal.when_retrieving_user_energy, UndeadEarth.Test, Version=1.0.0.0, Culture=neutral, PublicKeyToken=null" name="should_return_last_saved_energy_for_user" />
    </UnitTest>
    <UnitTest name="should_return_achievement_for_destroying_1000_zombie_packs" storage="c:\projects\undeadearth\undeadearth.test\bin\debug\undeadearth.test.dll" id="2db0a3b3-aad5-d46f-7403-c997f42720f5">
      <Execution id="1829e992-9999-4397-bdf1-6bc2da6e19a9" />
      <TestMethod codeBase="C:/Projects/UndeadEarth/UndeadEarth.Test/bin/Debug/UndeadEarth.Test.DLL" adapterTypeName="Microsoft.VisualStudio.TestTools.TestTypes.Unit.UnitTestAdapter, Microsoft.VisualStudio.QualityTools.Tips.UnitTest.Adapter, Version=10.0.0.0, Culture=neutral, PublicKeyToken=b03f5f7f11d50a3a" className="UndeadEarth.Test.Model.when_retrieving_achievements, UndeadEarth.Test, Version=1.0.0.0, Culture=neutral, PublicKeyToken=null" name="should_return_achievement_for_destroying_1000_zombie_packs" />
    </UnitTest>
    <UnitTest name="should_return_max_energy_if_calculated_energy_for_time_passed_in_is_greater_than_max_energy_of_user" storage="c:\projects\undeadearth\undeadearth.test\bin\debug\undeadearth.test.dll" id="27e73228-a40a-9260-7cd7-3a5d45c78078">
      <Execution id="b2b578fa-f24a-4791-860e-dc8a28022833" />
      <TestMethod codeBase="C:/Projects/UndeadEarth/UndeadEarth.Test/bin/Debug/UndeadEarth.Test.DLL" adapterTypeName="Microsoft.VisualStudio.TestTools.TestTypes.Unit.UnitTestAdapter, Microsoft.VisualStudio.QualityTools.Tips.UnitTest.Adapter, Version=10.0.0.0, Culture=neutral, PublicKeyToken=b03f5f7f11d50a3a" className="UndeadEarth.Test.Model.when_determining_users_current_energy, UndeadEarth.Test, Version=1.0.0.0, Culture=neutral, PublicKeyToken=null" name="should_return_max_energy_if_calculated_energy_for_time_passed_in_is_greater_than_max_energy_of_user" />
    </UnitTest>
    <UnitTest name="should_start_with_5_tents_on_person" storage="c:\projects\undeadearth\undeadearth.test\bin\debug\undeadearth.test.dll" id="c59ebd84-a390-b0a9-9601-b22bb9ff7f1d">
      <Execution id="9cac3b3e-56a6-448b-ad87-f2ea57df59a7" />
      <TestMethod codeBase="C:/Projects/UndeadEarth/UndeadEarth.Test/bin/Debug/UndeadEarth.Test.DLL" adapterTypeName="Microsoft.VisualStudio.TestTools.TestTypes.Unit.UnitTestAdapter, Microsoft.VisualStudio.QualityTools.Tips.UnitTest.Adapter, Version=10.0.0.0, Culture=neutral, PublicKeyToken=b03f5f7f11d50a3a" className="UndeadEarth.Test.Model.when_creating_user, UndeadEarth.Test, Version=1.0.0.0, Culture=neutral, PublicKeyToken=null" name="should_start_with_5_tents_on_person" />
    </UnitTest>
    <UnitTest name="should_retrieve_safe_houses_associated_with_hotzone" storage="c:\projects\undeadearth\undeadearth.test\bin\debug\undeadearth.test.dll" id="9654d44e-cffe-084f-c793-37a48f54fd16">
      <Execution id="210b6cd0-8eed-4213-9a43-002d51ab4773" />
      <TestMethod codeBase="C:/Projects/UndeadEarth/UndeadEarth.Test/bin/Debug/UndeadEarth.Test.DLL" adapterTypeName="Microsoft.VisualStudio.TestTools.TestTypes.Unit.UnitTestAdapter, Microsoft.VisualStudio.QualityTools.Tips.UnitTest.Adapter, Version=10.0.0.0, Culture=neutral, PublicKeyToken=b03f5f7f11d50a3a" className="UndeadEarth.Test.Dal.when_retrieving_safe_houses, UndeadEarth.Test, Version=1.0.0.0, Culture=neutral, PublicKeyToken=null" name="should_retrieve_safe_houses_associated_with_hotzone" />
    </UnitTest>
    <UnitTest name="should_return_hotzones_destroyed" storage="c:\projects\undeadearth\undeadearth.test\bin\debug\undeadearth.test.dll" id="01475b3a-fc7d-1f41-65ba-f4ddf4a86946">
      <Execution id="aefc37f5-4e49-4e57-b817-83dae6838b8b" />
      <TestMethod codeBase="C:/Projects/UndeadEarth/UndeadEarth.Test/bin/Debug/UndeadEarth.Test.DLL" adapterTypeName="Microsoft.VisualStudio.TestTools.TestTypes.Unit.UnitTestAdapter, Microsoft.VisualStudio.QualityTools.Tips.UnitTest.Adapter, Version=10.0.0.0, Culture=neutral, PublicKeyToken=b03f5f7f11d50a3a" className="UndeadEarth.Test.Dal.when_retrieving_user_counts, UndeadEarth.Test, Version=1.0.0.0, Culture=neutral, PublicKeyToken=null" name="should_return_hotzones_destroyed" />
    </UnitTest>
    <UnitTest name="should_throw_exception_if_update_on_baseline_is_done_on_user_that_doest_exist" storage="c:\projects\undeadearth\undeadearth.test\bin\debug\undeadearth.test.dll" id="dcf1db6a-6e15-f745-8c61-5c0cbc68681f">
      <Execution id="9546fb11-8494-4615-bb49-1a0df1d8ef0e" />
      <TestMethod codeBase="C:/Projects/UndeadEarth/UndeadEarth.Test/bin/Debug/UndeadEarth.Test.DLL" adapterTypeName="Microsoft.VisualStudio.TestTools.TestTypes.Unit.UnitTestAdapter, Microsoft.VisualStudio.QualityTools.Tips.UnitTest.Adapter, Version=10.0.0.0, Culture=neutral, PublicKeyToken=b03f5f7f11d50a3a" className="UndeadEarth.Test.Dal.when_saving_user, UndeadEarth.Test, Version=1.0.0.0, Culture=neutral, PublicKeyToken=null" name="should_throw_exception_if_update_on_baseline_is_done_on_user_that_doest_exist" />
    </UnitTest>
    <UnitTest name="should_return_achievement_for_destroying_1_zombiePack" storage="c:\projects\undeadearth\undeadearth.test\bin\debug\undeadearth.test.dll" id="5d04ca0e-dd33-bf62-c1bb-e7d225b4949c">
      <Execution id="1ef2c83c-ea48-4b34-ab5b-96a5c307edd3" />
      <TestMethod codeBase="C:/Projects/UndeadEarth/UndeadEarth.Test/bin/Debug/UndeadEarth.Test.DLL" adapterTypeName="Microsoft.VisualStudio.TestTools.TestTypes.Unit.UnitTestAdapter, Microsoft.VisualStudio.QualityTools.Tips.UnitTest.Adapter, Version=10.0.0.0, Culture=neutral, PublicKeyToken=b03f5f7f11d50a3a" className="UndeadEarth.Test.Model.when_retrieving_achievements, UndeadEarth.Test, Version=1.0.0.0, Culture=neutral, PublicKeyToken=null" name="should_return_achievement_for_destroying_1_zombiePack" />
    </UnitTest>
    <UnitTest name="should_record_zombies_killed_after_hunt" storage="c:\projects\undeadearth\undeadearth.test\bin\debug\undeadearth.test.dll" id="21426709-ea7c-0595-beae-1978da06ff6a">
      <Execution id="eebd7ca3-01ad-4950-924a-23927f95ed10" />
      <TestMethod codeBase="C:/Projects/UndeadEarth/UndeadEarth.Test/bin/Debug/UndeadEarth.Test.DLL" adapterTypeName="Microsoft.VisualStudio.TestTools.TestTypes.Unit.UnitTestAdapter, Microsoft.VisualStudio.QualityTools.Tips.UnitTest.Adapter, Version=10.0.0.0, Culture=neutral, PublicKeyToken=b03f5f7f11d50a3a" className="UndeadEarth.Test.Model.when_hunting_for_zombies, UndeadEarth.Test, Version=1.0.0.0, Culture=neutral, PublicKeyToken=null" name="should_record_zombies_killed_after_hunt" />
    </UnitTest>
    <UnitTest name="should_return_all_zombie_packs_in_radius" storage="c:\projects\undeadearth\undeadearth.test\bin\debug\undeadearth.test.dll" id="a95e4141-d767-b753-e492-b99e6f8ee705">
      <Execution id="96b81b66-7235-4a80-87d2-456caf0b71b2" />
      <TestMethod codeBase="C:/Projects/UndeadEarth/UndeadEarth.Test/bin/Debug/UndeadEarth.Test.DLL" adapterTypeName="Microsoft.VisualStudio.TestTools.TestTypes.Unit.UnitTestAdapter, Microsoft.VisualStudio.QualityTools.Tips.UnitTest.Adapter, Version=10.0.0.0, Culture=neutral, PublicKeyToken=b03f5f7f11d50a3a" className="UndeadEarth.Test.Dal.when_retrieving_zombie_packs, UndeadEarth.Test, Version=1.0.0.0, Culture=neutral, PublicKeyToken=null" name="should_return_all_zombie_packs_in_radius" />
    </UnitTest>
    <UnitTest name="should_return_current_zombie_pack_progress_if_user_has_already_visited_zombie_pack" storage="c:\projects\undeadearth\undeadearth.test\bin\debug\undeadearth.test.dll" id="a7c3501c-4b66-95e5-cfa7-a3027a1486c4">
      <Execution id="a2a8772d-1346-477d-9650-96c9631169f6" />
      <TestMethod codeBase="C:/Projects/UndeadEarth/UndeadEarth.Test/bin/Debug/UndeadEarth.Test.DLL" adapterTypeName="Microsoft.VisualStudio.TestTools.TestTypes.Unit.UnitTestAdapter, Microsoft.VisualStudio.QualityTools.Tips.UnitTest.Adapter, Version=10.0.0.0, Culture=neutral, PublicKeyToken=b03f5f7f11d50a3a" className="UndeadEarth.Test.Model.when_determining_zombie_pack_progress, UndeadEarth.Test, Version=1.0.0.0, Culture=neutral, PublicKeyToken=null" name="should_return_current_zombie_pack_progress_if_user_has_already_visited_zombie_pack" />
    </UnitTest>
    <UnitTest name="should_return_null_for_last_visited_hotzone_if_no_hotzone_has_been_set" storage="c:\projects\undeadearth\undeadearth.test\bin\debug\undeadearth.test.dll" id="606e3bbd-fbf0-39e8-d39a-d95b2f760af1">
      <Execution id="0f068fd7-514e-43bd-818a-36cb515c595f" />
      <TestMethod codeBase="C:/Projects/UndeadEarth/UndeadEarth.Test/bin/Debug/UndeadEarth.Test.DLL" adapterTypeName="Microsoft.VisualStudio.TestTools.TestTypes.Unit.UnitTestAdapter, Microsoft.VisualStudio.QualityTools.Tips.UnitTest.Adapter, Version=10.0.0.0, Culture=neutral, PublicKeyToken=b03f5f7f11d50a3a" className="UndeadEarth.Test.Dal.when_retrieving_user, UndeadEarth.Test, Version=1.0.0.0, Culture=neutral, PublicKeyToken=null" name="should_return_null_for_last_visited_hotzone_if_no_hotzone_has_been_set" />
    </UnitTest>
    <UnitTest name="the_starting_attack_power_should_be_1" storage="c:\projects\undeadearth\undeadearth.test\bin\debug\undeadearth.test.dll" id="3dc86e55-9e89-b185-10f6-85c78270b263">
      <Execution id="8f346d6f-1c70-4fed-a952-6eeb0ddac285" />
      <TestMethod codeBase="C:/Projects/UndeadEarth/UndeadEarth.Test/bin/Debug/UndeadEarth.Test.DLL" adapterTypeName="Microsoft.VisualStudio.TestTools.TestTypes.Unit.UnitTestAdapter, Microsoft.VisualStudio.QualityTools.Tips.UnitTest.Adapter, Version=10.0.0.0, Culture=neutral, PublicKeyToken=b03f5f7f11d50a3a" className="UndeadEarth.Test.Dal.when_inserting_user, UndeadEarth.Test, Version=1.0.0.0, Culture=neutral, PublicKeyToken=null" name="the_starting_attack_power_should_be_1" />
    </UnitTest>
    <UnitTest name="should_insert_empty_record_for_user_if_non_exists" storage="c:\projects\undeadearth\undeadearth.test\bin\debug\undeadearth.test.dll" id="c4f416aa-df0e-260b-8e45-51ab2e95c489">
      <Execution id="834b3df6-c6cd-4ab0-974a-235f92ea4ba9" />
      <TestMethod codeBase="C:/Projects/UndeadEarth/UndeadEarth.Test/bin/Debug/UndeadEarth.Test.DLL" adapterTypeName="Microsoft.VisualStudio.TestTools.TestTypes.Unit.UnitTestAdapter, Microsoft.VisualStudio.QualityTools.Tips.UnitTest.Adapter, Version=10.0.0.0, Culture=neutral, PublicKeyToken=b03f5f7f11d50a3a" className="UndeadEarth.Test.Dal.when_retrieving_user_counts, UndeadEarth.Test, Version=1.0.0.0, Culture=neutral, PublicKeyToken=null" name="should_insert_empty_record_for_user_if_non_exists" />
    </UnitTest>
    <UnitTest name="should_throw_exception_if_update_on_last_visit_hotzone_is_done_on_user_that_doest_exist" storage="c:\projects\undeadearth\undeadearth.test\bin\debug\undeadearth.test.dll" id="ec86a5c7-025b-b62c-fbf3-4b0194192c0a">
      <Execution id="b7bef396-da5c-45c5-96cc-0a8e1504f8de" />
      <TestMethod codeBase="C:/Projects/UndeadEarth/UndeadEarth.Test/bin/Debug/UndeadEarth.Test.DLL" adapterTypeName="Microsoft.VisualStudio.TestTools.TestTypes.Unit.UnitTestAdapter, Microsoft.VisualStudio.QualityTools.Tips.UnitTest.Adapter, Version=10.0.0.0, Culture=neutral, PublicKeyToken=b03f5f7f11d50a3a" className="UndeadEarth.Test.Dal.when_saving_user, UndeadEarth.Test, Version=1.0.0.0, Culture=neutral, PublicKeyToken=null" name="should_throw_exception_if_update_on_last_visit_hotzone_is_done_on_user_that_doest_exist" />
    </UnitTest>
    <UnitTest name="should_return_all_items_in_store" storage="c:\projects\undeadearth\undeadearth.test\bin\debug\undeadearth.test.dll" id="48c2a012-1ba3-1243-1cd5-aab81b26906b">
      <Execution id="71265f85-b559-483d-af21-656de0d4cd0f" />
      <TestMethod codeBase="C:/Projects/UndeadEarth/UndeadEarth.Test/bin/Debug/UndeadEarth.Test.DLL" adapterTypeName="Microsoft.VisualStudio.TestTools.TestTypes.Unit.UnitTestAdapter, Microsoft.VisualStudio.QualityTools.Tips.UnitTest.Adapter, Version=10.0.0.0, Culture=neutral, PublicKeyToken=b03f5f7f11d50a3a" className="UndeadEarth.Test.Dal.when_retrieving_stores, UndeadEarth.Test, Version=1.0.0.0, Culture=neutral, PublicKeyToken=null" name="should_return_all_items_in_store" />
    </UnitTest>
    <UnitTest name="should_retrieve_all_stores" storage="c:\projects\undeadearth\undeadearth.test\bin\debug\undeadearth.test.dll" id="1cb99b44-08d0-1c2c-78e8-64869fef3154">
      <Execution id="2d689c3c-d5cc-461e-ae28-167348b0de0d" />
      <TestMethod codeBase="C:/Projects/UndeadEarth/UndeadEarth.Test/bin/Debug/UndeadEarth.Test.DLL" adapterTypeName="Microsoft.VisualStudio.TestTools.TestTypes.Unit.UnitTestAdapter, Microsoft.VisualStudio.QualityTools.Tips.UnitTest.Adapter, Version=10.0.0.0, Culture=neutral, PublicKeyToken=b03f5f7f11d50a3a" className="UndeadEarth.Test.Dal.when_retrieving_stores, UndeadEarth.Test, Version=1.0.0.0, Culture=neutral, PublicKeyToken=null" name="should_retrieve_all_stores" />
    </UnitTest>
    <UnitTest name="should_record_hotzone_destoryed_if_hunting_cleared_hotzone" storage="c:\projects\undeadearth\undeadearth.test\bin\debug\undeadearth.test.dll" id="abb8373c-7671-9802-6d68-5c17e7124ebd">
      <Execution id="43d87b66-62bf-473e-b4aa-4b196d15a5e9" />
      <TestMethod codeBase="C:/Projects/UndeadEarth/UndeadEarth.Test/bin/Debug/UndeadEarth.Test.DLL" adapterTypeName="Microsoft.VisualStudio.TestTools.TestTypes.Unit.UnitTestAdapter, Microsoft.VisualStudio.QualityTools.Tips.UnitTest.Adapter, Version=10.0.0.0, Culture=neutral, PublicKeyToken=b03f5f7f11d50a3a" className="UndeadEarth.Test.Model.when_hunting_for_zombies, UndeadEarth.Test, Version=1.0.0.0, Culture=neutral, PublicKeyToken=null" name="should_record_hotzone_destoryed_if_hunting_cleared_hotzone" />
    </UnitTest>
    <UnitTest name="should_return_number_of_zombie_packs_left" storage="c:\projects\undeadearth\undeadearth.test\bin\debug\undeadearth.test.dll" id="57f6bfb3-878f-ec7b-71d8-e1ae592b6823">
      <Execution id="9f95acc9-85db-4510-8b71-6202cc711f0c" />
      <TestMethod codeBase="C:/Projects/UndeadEarth/UndeadEarth.Test/bin/Debug/UndeadEarth.Test.DLL" adapterTypeName="Microsoft.VisualStudio.TestTools.TestTypes.Unit.UnitTestAdapter, Microsoft.VisualStudio.QualityTools.Tips.UnitTest.Adapter, Version=10.0.0.0, Culture=neutral, PublicKeyToken=b03f5f7f11d50a3a" className="UndeadEarth.Test.Dal.when_retrieving_hot_zones, UndeadEarth.Test, Version=1.0.0.0, Culture=neutral, PublicKeyToken=null" name="should_return_number_of_zombie_packs_left" />
    </UnitTest>
    <UnitTest name="should_retrieve_miles_traveled_for_user_that_exists" storage="c:\projects\undeadearth\undeadearth.test\bin\debug\undeadearth.test.dll" id="de169ee4-3985-9538-838d-f920eef5b26b">
      <Execution id="ebbfec80-b406-4c72-bded-fcc55aefdb3f" />
      <TestMethod codeBase="C:/Projects/UndeadEarth/UndeadEarth.Test/bin/Debug/UndeadEarth.Test.DLL" adapterTypeName="Microsoft.VisualStudio.TestTools.TestTypes.Unit.UnitTestAdapter, Microsoft.VisualStudio.QualityTools.Tips.UnitTest.Adapter, Version=10.0.0.0, Culture=neutral, PublicKeyToken=b03f5f7f11d50a3a" className="UndeadEarth.Test.Dal.when_retrieving_user_counts, UndeadEarth.Test, Version=1.0.0.0, Culture=neutral, PublicKeyToken=null" name="should_retrieve_miles_traveled_for_user_that_exists" />
    </UnitTest>
    <UnitTest name="should_add_tent" storage="c:\projects\undeadearth\undeadearth.test\bin\debug\undeadearth.test.dll" id="4ad82b7e-b664-1e32-b013-da054510a32b">
      <Execution id="c8e5219c-f561-4d84-9339-3ea1408912cd" />
      <TestMethod codeBase="C:/Projects/UndeadEarth/UndeadEarth.Test/bin/Debug/UndeadEarth.Test.DLL" adapterTypeName="Microsoft.VisualStudio.TestTools.TestTypes.Unit.UnitTestAdapter, Microsoft.VisualStudio.QualityTools.Tips.UnitTest.Adapter, Version=10.0.0.0, Culture=neutral, PublicKeyToken=b03f5f7f11d50a3a" className="UndeadEarth.Test.Dal.when_saving_user_items, UndeadEarth.Test, Version=1.0.0.0, Culture=neutral, PublicKeyToken=null" name="should_add_tent" />
    </UnitTest>
    <UnitTest name="should_check_users_level_after_hunt" storage="c:\projects\undeadearth\undeadearth.test\bin\debug\undeadearth.test.dll" id="01612aab-c0ea-12bb-1a12-76fce19990e3">
      <Execution id="088c03fd-7cb2-48cc-9343-e87bb8467881" />
      <TestMethod codeBase="C:/Projects/UndeadEarth/UndeadEarth.Test/bin/Debug/UndeadEarth.Test.DLL" adapterTypeName="Microsoft.VisualStudio.TestTools.TestTypes.Unit.UnitTestAdapter, Microsoft.VisualStudio.QualityTools.Tips.UnitTest.Adapter, Version=10.0.0.0, Culture=neutral, PublicKeyToken=b03f5f7f11d50a3a" className="UndeadEarth.Test.Model.when_hunting_for_zombies, UndeadEarth.Test, Version=1.0.0.0, Culture=neutral, PublicKeyToken=null" name="should_check_users_level_after_hunt" />
    </UnitTest>
    <UnitTest name="should_throw_exception_when_retrieving_user_level_and_user_does_not_exist" storage="c:\projects\undeadearth\undeadearth.test\bin\debug\undeadearth.test.dll" id="e1d44afa-1394-6d68-cf3a-361e5ec94e83">
      <Execution id="3a0872d6-31f6-489b-a0e3-dfe384dc1e38" />
      <TestMethod codeBase="C:/Projects/UndeadEarth/UndeadEarth.Test/bin/Debug/UndeadEarth.Test.DLL" adapterTypeName="Microsoft.VisualStudio.TestTools.TestTypes.Unit.UnitTestAdapter, Microsoft.VisualStudio.QualityTools.Tips.UnitTest.Adapter, Version=10.0.0.0, Culture=neutral, PublicKeyToken=b03f5f7f11d50a3a" className="UndeadEarth.Test.Dal.when_retrieving_user, UndeadEarth.Test, Version=1.0.0.0, Culture=neutral, PublicKeyToken=null" name="should_throw_exception_when_retrieving_user_level_and_user_does_not_exist" />
    </UnitTest>
    <UnitTest name="should_retriever_an_empty_list_given_invalid_hotzone_id" storage="c:\projects\undeadearth\undeadearth.test\bin\debug\undeadearth.test.dll" id="5b97deff-fa6b-c377-8ff2-c9c8d4bf8e55">
      <Execution id="5eca2f78-1b22-48ba-a52d-2bb2872574a3" />
      <TestMethod codeBase="C:/Projects/UndeadEarth/UndeadEarth.Test/bin/Debug/UndeadEarth.Test.DLL" adapterTypeName="Microsoft.VisualStudio.TestTools.TestTypes.Unit.UnitTestAdapter, Microsoft.VisualStudio.QualityTools.Tips.UnitTest.Adapter, Version=10.0.0.0, Culture=neutral, PublicKeyToken=b03f5f7f11d50a3a" className="UndeadEarth.Test.Dal.when_retrieving_safe_houses, UndeadEarth.Test, Version=1.0.0.0, Culture=neutral, PublicKeyToken=null" name="should_retriever_an_empty_list_given_invalid_hotzone_id" />
    </UnitTest>
    <UnitTest name="should_return_calcuated_energy_for_user_based_on_minutes_passed_since_last_saved_energy" storage="c:\projects\undeadearth\undeadearth.test\bin\debug\undeadearth.test.dll" id="f0a78964-7df7-6d28-3ebe-f82c2151fafb">
      <Execution id="a2316bea-6599-4069-b3f5-5c769644a104" />
      <TestMethod codeBase="C:/Projects/UndeadEarth/UndeadEarth.Test/bin/Debug/UndeadEarth.Test.DLL" adapterTypeName="Microsoft.VisualStudio.TestTools.TestTypes.Unit.UnitTestAdapter, Microsoft.VisualStudio.QualityTools.Tips.UnitTest.Adapter, Version=10.0.0.0, Culture=neutral, PublicKeyToken=b03f5f7f11d50a3a" className="UndeadEarth.Test.Model.when_determining_users_current_energy, UndeadEarth.Test, Version=1.0.0.0, Culture=neutral, PublicKeyToken=null" name="should_return_calcuated_energy_for_user_based_on_minutes_passed_since_last_saved_energy" />
    </UnitTest>
    <UnitTest name="should_throw_exception_when_returning_baseline_energy_for_user_that_doesnt_exist" storage="c:\projects\undeadearth\undeadearth.test\bin\debug\undeadearth.test.dll" id="a4e874d3-81be-9f49-2511-92f0df88cee7">
      <Execution id="1d911569-a79b-433e-8240-f6bf8dbf8f45" />
      <TestMethod codeBase="C:/Projects/UndeadEarth/UndeadEarth.Test/bin/Debug/UndeadEarth.Test.DLL" adapterTypeName="Microsoft.VisualStudio.TestTools.TestTypes.Unit.UnitTestAdapter, Microsoft.VisualStudio.QualityTools.Tips.UnitTest.Adapter, Version=10.0.0.0, Culture=neutral, PublicKeyToken=b03f5f7f11d50a3a" className="UndeadEarth.Test.Dal.when_retrieving_user, UndeadEarth.Test, Version=1.0.0.0, Culture=neutral, PublicKeyToken=null" name="should_throw_exception_when_returning_baseline_energy_for_user_that_doesnt_exist" />
    </UnitTest>
    <UnitTest name="should_retrieve_item_by_item_id" storage="c:\projects\undeadearth\undeadearth.test\bin\debug\undeadearth.test.dll" id="0da63870-00bb-b6e5-56ff-c32676768cb3">
      <Execution id="00de187d-c520-4b26-8bcd-03e42967d794" />
      <TestMethod codeBase="C:/Projects/UndeadEarth/UndeadEarth.Test/bin/Debug/UndeadEarth.Test.DLL" adapterTypeName="Microsoft.VisualStudio.TestTools.TestTypes.Unit.UnitTestAdapter, Microsoft.VisualStudio.QualityTools.Tips.UnitTest.Adapter, Version=10.0.0.0, Culture=neutral, PublicKeyToken=b03f5f7f11d50a3a" className="UndeadEarth.Test.Dal.when_retrieving_items, UndeadEarth.Test, Version=1.0.0.0, Culture=neutral, PublicKeyToken=null" name="should_retrieve_item_by_item_id" />
    </UnitTest>
    <UnitTest name="should_return_lastvisite_hotzone_id_for_user_that_has_visited_a_hotzone" storage="c:\projects\undeadearth\undeadearth.test\bin\debug\undeadearth.test.dll" id="15d93832-4f17-b3dc-992d-8c3088d960e1">
      <Execution id="a89c7056-df15-46f6-be98-e186ee77cc5b" />
      <TestMethod codeBase="C:/Projects/UndeadEarth/UndeadEarth.Test/bin/Debug/UndeadEarth.Test.DLL" adapterTypeName="Microsoft.VisualStudio.TestTools.TestTypes.Unit.UnitTestAdapter, Microsoft.VisualStudio.QualityTools.Tips.UnitTest.Adapter, Version=10.0.0.0, Culture=neutral, PublicKeyToken=b03f5f7f11d50a3a" className="UndeadEarth.Test.Dal.when_retrieving_user, UndeadEarth.Test, Version=1.0.0.0, Culture=neutral, PublicKeyToken=null" name="should_return_lastvisite_hotzone_id_for_user_that_has_visited_a_hotzone" />
    </UnitTest>
    <UnitTest name="should_retrieve_user_current_base_attack" storage="c:\projects\undeadearth\undeadearth.test\bin\debug\undeadearth.test.dll" id="6efd94c0-48f1-f3dc-5a7c-d483288ae14d">
      <Execution id="15640e32-cf34-4685-86df-db8fafd3b18c" />
      <TestMethod codeBase="C:/Projects/UndeadEarth/UndeadEarth.Test/bin/Debug/UndeadEarth.Test.DLL" adapterTypeName="Microsoft.VisualStudio.TestTools.TestTypes.Unit.UnitTestAdapter, Microsoft.VisualStudio.QualityTools.Tips.UnitTest.Adapter, Version=10.0.0.0, Culture=neutral, PublicKeyToken=b03f5f7f11d50a3a" className="UndeadEarth.Test.Dal.when_retrieving_user, UndeadEarth.Test, Version=1.0.0.0, Culture=neutral, PublicKeyToken=null" name="should_retrieve_user_current_base_attack" />
    </UnitTest>
    <UnitTest name="should_disregard_if_safe_house_does_not_exist" storage="c:\projects\undeadearth\undeadearth.test\bin\debug\undeadearth.test.dll" id="fda20422-40a9-5283-8a02-f548ab2ba5fd">
      <Execution id="f8698164-1ebc-43dd-9aa3-2a0bc12140f7" />
      <TestMethod codeBase="C:/Projects/UndeadEarth/UndeadEarth.Test/bin/Debug/UndeadEarth.Test.DLL" adapterTypeName="Microsoft.VisualStudio.TestTools.TestTypes.Unit.UnitTestAdapter, Microsoft.VisualStudio.QualityTools.Tips.UnitTest.Adapter, Version=10.0.0.0, Culture=neutral, PublicKeyToken=b03f5f7f11d50a3a" className="UndeadEarth.Test.Model.when_transferring_items_from_user_to_safe_house, UndeadEarth.Test, Version=1.0.0.0, Culture=neutral, PublicKeyToken=null" name="should_disregard_if_safe_house_does_not_exist" />
    </UnitTest>
    <UnitTest name="should_set_peak_attack_if_greater_than_whats_currently_saved" storage="c:\projects\undeadearth\undeadearth.test\bin\debug\undeadearth.test.dll" id="b3df8862-1b3b-daec-78d1-26c8d0d4c769">
      <Execution id="1b7911f9-04bb-42f4-b5a3-d7998a290dfb" />
      <TestMethod codeBase="C:/Projects/UndeadEarth/UndeadEarth.Test/bin/Debug/UndeadEarth.Test.DLL" adapterTypeName="Microsoft.VisualStudio.TestTools.TestTypes.Unit.UnitTestAdapter, Microsoft.VisualStudio.QualityTools.Tips.UnitTest.Adapter, Version=10.0.0.0, Culture=neutral, PublicKeyToken=b03f5f7f11d50a3a" className="UndeadEarth.Test.Dal.when_saving_user_counts, UndeadEarth.Test, Version=1.0.0.0, Culture=neutral, PublicKeyToken=null" name="should_set_peak_attack_if_greater_than_whats_currently_saved" />
    </UnitTest>
    <UnitTest name="should_retrieve_zombies_detroyed" storage="c:\projects\undeadearth\undeadearth.test\bin\debug\undeadearth.test.dll" id="cb08040d-63a1-ab84-f3c4-dce8729ce3d1">
      <Execution id="8c1a812c-1112-49dd-8b63-79bdb0b0f8d9" />
      <TestMethod codeBase="C:/Projects/UndeadEarth/UndeadEarth.Test/bin/Debug/UndeadEarth.Test.DLL" adapterTypeName="Microsoft.VisualStudio.TestTools.TestTypes.Unit.UnitTestAdapter, Microsoft.VisualStudio.QualityTools.Tips.UnitTest.Adapter, Version=10.0.0.0, Culture=neutral, PublicKeyToken=b03f5f7f11d50a3a" className="UndeadEarth.Test.Dal.when_retrieving_user_counts, UndeadEarth.Test, Version=1.0.0.0, Culture=neutral, PublicKeyToken=null" name="should_retrieve_zombies_detroyed" />
    </UnitTest>
    <UnitTest name="should_return_zero_if_attack_is_null" storage="c:\projects\undeadearth\undeadearth.test\bin\debug\undeadearth.test.dll" id="4aab1a6a-e217-fabe-67d7-73dafcd94369">
      <Execution id="279c468e-e436-41aa-8b0e-9aad772bafbf" />
      <TestMethod codeBase="C:/Projects/UndeadEarth/UndeadEarth.Test/bin/Debug/UndeadEarth.Test.DLL" adapterTypeName="Microsoft.VisualStudio.TestTools.TestTypes.Unit.UnitTestAdapter, Microsoft.VisualStudio.QualityTools.Tips.UnitTest.Adapter, Version=10.0.0.0, Culture=neutral, PublicKeyToken=b03f5f7f11d50a3a" className="UndeadEarth.Test.Dal.when_retrieving_items, UndeadEarth.Test, Version=1.0.0.0, Culture=neutral, PublicKeyToken=null" name="should_return_zero_if_attack_is_null" />
    </UnitTest>
    <UnitTest name="should_increment_accumulated_money" storage="c:\projects\undeadearth\undeadearth.test\bin\debug\undeadearth.test.dll" id="eb7106dc-eb88-ec99-7bfd-0b16f51297ea">
      <Execution id="9fe454e6-e833-4014-9d54-f06ecb20c79d" />
      <TestMethod codeBase="C:/Projects/UndeadEarth/UndeadEarth.Test/bin/Debug/UndeadEarth.Test.DLL" adapterTypeName="Microsoft.VisualStudio.TestTools.TestTypes.Unit.UnitTestAdapter, Microsoft.VisualStudio.QualityTools.Tips.UnitTest.Adapter, Version=10.0.0.0, Culture=neutral, PublicKeyToken=b03f5f7f11d50a3a" className="UndeadEarth.Test.Dal.when_saving_user_counts, UndeadEarth.Test, Version=1.0.0.0, Culture=neutral, PublicKeyToken=null" name="should_increment_accumulated_money" />
    </UnitTest>
    <UnitTest name="should_return_attack_power_based_on_items_in_safehouse_with_user_not_having_any_money" storage="c:\projects\undeadearth\undeadearth.test\bin\debug\undeadearth.test.dll" id="bed0bac3-5433-e3b2-3646-ee5b82bf2f3c">
      <Execution id="d0534394-687a-45a1-81c5-0972a580c0be" />
      <TestMethod codeBase="C:/Projects/UndeadEarth/UndeadEarth.Test/bin/Debug/UndeadEarth.Test.DLL" adapterTypeName="Microsoft.VisualStudio.TestTools.TestTypes.Unit.UnitTestAdapter, Microsoft.VisualStudio.QualityTools.Tips.UnitTest.Adapter, Version=10.0.0.0, Culture=neutral, PublicKeyToken=b03f5f7f11d50a3a" className="UndeadEarth.Test.Model.when_determining_users_max_potential_attack_power, UndeadEarth.Test, Version=1.0.0.0, Culture=neutral, PublicKeyToken=null" name="should_return_attack_power_based_on_items_in_safehouse_with_user_not_having_any_money" />
    </UnitTest>
    <UnitTest name="should_return_min_sight_radius_if_calculated_sight_for_time_passed_in_is_less_than_min_sight_radius_of_user" storage="c:\projects\undeadearth\undeadearth.test\bin\debug\undeadearth.test.dll" id="dfea3fa1-b295-8c05-710e-e2cb6ce3f9d6">
      <Execution id="a15850bc-deb4-4e09-8294-53327fe751c3" />
      <TestMethod codeBase="C:/Projects/UndeadEarth/UndeadEarth.Test/bin/Debug/UndeadEarth.Test.DLL" adapterTypeName="Microsoft.VisualStudio.TestTools.TestTypes.Unit.UnitTestAdapter, Microsoft.VisualStudio.QualityTools.Tips.UnitTest.Adapter, Version=10.0.0.0, Culture=neutral, PublicKeyToken=b03f5f7f11d50a3a" className="UndeadEarth.Test.Model.when_determining_users_current_sight_radius, UndeadEarth.Test, Version=1.0.0.0, Culture=neutral, PublicKeyToken=null" name="should_return_min_sight_radius_if_calculated_sight_for_time_passed_in_is_less_than_min_sight_radius_of_user" />
    </UnitTest>
    <UnitTest name="should_set_last_saved_sight_radius_to_base_sight_radius_if_last_saved_radius_does_not_exist" storage="c:\projects\undeadearth\undeadearth.test\bin\debug\undeadearth.test.dll" id="a2865b2e-10f7-d550-33c8-b7ec8623e85f">
      <Execution id="29f19742-4d2e-4bbe-a015-8c56200821e8" />
      <TestMethod codeBase="C:/Projects/UndeadEarth/UndeadEarth.Test/bin/Debug/UndeadEarth.Test.DLL" adapterTypeName="Microsoft.VisualStudio.TestTools.TestTypes.Unit.UnitTestAdapter, Microsoft.VisualStudio.QualityTools.Tips.UnitTest.Adapter, Version=10.0.0.0, Culture=neutral, PublicKeyToken=b03f5f7f11d50a3a" className="UndeadEarth.Test.Model.when_determining_users_current_sight_radius, UndeadEarth.Test, Version=1.0.0.0, Culture=neutral, PublicKeyToken=null" name="should_set_last_saved_sight_radius_to_base_sight_radius_if_last_saved_radius_does_not_exist" />
    </UnitTest>
    <UnitTest name="should_set_energy_to_zero_if_item_energy_plus_user_energy_is_negative" storage="c:\projects\undeadearth\undeadearth.test\bin\debug\undeadearth.test.dll" id="7a4bb2ce-d62d-4561-dc89-28a6c8155af3">
      <Execution id="ddce0300-919b-42a9-8903-dc7ccd1172ae" />
      <TestMethod codeBase="C:/Projects/UndeadEarth/UndeadEarth.Test/bin/Debug/UndeadEarth.Test.DLL" adapterTypeName="Microsoft.VisualStudio.TestTools.TestTypes.Unit.UnitTestAdapter, Microsoft.VisualStudio.QualityTools.Tips.UnitTest.Adapter, Version=10.0.0.0, Culture=neutral, PublicKeyToken=b03f5f7f11d50a3a" className="UndeadEarth.Test.Model.when_using_items, UndeadEarth.Test, Version=1.0.0.0, Culture=neutral, PublicKeyToken=null" name="should_set_energy_to_zero_if_item_energy_plus_user_energy_is_negative" />
    </UnitTest>
    <UnitTest name="should_save_and_return_zombie_pack_progress_with_random_difficulty_if_its_the_first_time_user_has_visited_zombie_pack" storage="c:\projects\undeadearth\undeadearth.test\bin\debug\undeadearth.test.dll" id="2448c480-75b4-6f61-f066-698054ffd863">
      <Execution id="c17c8491-6227-4671-be65-43eca5e504f3" />
      <TestMethod codeBase="C:/Projects/UndeadEarth/UndeadEarth.Test/bin/Debug/UndeadEarth.Test.DLL" adapterTypeName="Microsoft.VisualStudio.TestTools.TestTypes.Unit.UnitTestAdapter, Microsoft.VisualStudio.QualityTools.Tips.UnitTest.Adapter, Version=10.0.0.0, Culture=neutral, PublicKeyToken=b03f5f7f11d50a3a" className="UndeadEarth.Test.Model.when_determining_zombie_pack_progress, UndeadEarth.Test, Version=1.0.0.0, Culture=neutral, PublicKeyToken=null" name="should_save_and_return_zombie_pack_progress_with_random_difficulty_if_its_the_first_time_user_has_visited_zombie_pack" />
    </UnitTest>
    <UnitTest name="should_calculate_western_point" storage="c:\projects\undeadearth\undeadearth.test\bin\debug\undeadearth.test.dll" id="49e3a9e9-dcf0-f3e5-85da-9f5499fab731">
      <Execution id="9dde1334-b1eb-4298-9476-49b48cbef939" />
      <TestMethod codeBase="C:/Projects/UndeadEarth/UndeadEarth.Test/bin/Debug/UndeadEarth.Test.DLL" adapterTypeName="Microsoft.VisualStudio.TestTools.TestTypes.Unit.UnitTestAdapter, Microsoft.VisualStudio.QualityTools.Tips.UnitTest.Adapter, Version=10.0.0.0, Culture=neutral, PublicKeyToken=b03f5f7f11d50a3a" className="UndeadEarth.Test.Model.when_calculating_distance, UndeadEarth.Test, Version=1.0.0.0, Culture=neutral, PublicKeyToken=null" name="should_calculate_western_point" />
    </UnitTest>
    <UnitTest name="should_return_achievement_for_destroying_100_hotzones" storage="c:\projects\undeadearth\undeadearth.test\bin\debug\undeadearth.test.dll" id="1ade4597-88a4-ccb5-c182-1ea16f848376">
      <Execution id="06774c37-f372-4052-be29-98569cb607cd" />
      <TestMethod codeBase="C:/Projects/UndeadEarth/UndeadEarth.Test/bin/Debug/UndeadEarth.Test.DLL" adapterTypeName="Microsoft.VisualStudio.TestTools.TestTypes.Unit.UnitTestAdapter, Microsoft.VisualStudio.QualityTools.Tips.UnitTest.Adapter, Version=10.0.0.0, Culture=neutral, PublicKeyToken=b03f5f7f11d50a3a" className="UndeadEarth.Test.Model.when_retrieving_achievements, UndeadEarth.Test, Version=1.0.0.0, Culture=neutral, PublicKeyToken=null" name="should_return_achievement_for_destroying_100_hotzones" />
    </UnitTest>
    <UnitTest name="should_return_true_if_hotzone_is_a_starting_hotzone" storage="c:\projects\undeadearth\undeadearth.test\bin\debug\undeadearth.test.dll" id="53d3d174-2438-d916-b931-5b84347506a5">
      <Execution id="c8dbe16a-e968-4901-a3ed-bd62ba267c51" />
      <TestMethod codeBase="C:/Projects/UndeadEarth/UndeadEarth.Test/bin/Debug/UndeadEarth.Test.DLL" adapterTypeName="Microsoft.VisualStudio.TestTools.TestTypes.Unit.UnitTestAdapter, Microsoft.VisualStudio.QualityTools.Tips.UnitTest.Adapter, Version=10.0.0.0, Culture=neutral, PublicKeyToken=b03f5f7f11d50a3a" className="UndeadEarth.Test.Dal.when_retrieving_hot_zones, UndeadEarth.Test, Version=1.0.0.0, Culture=neutral, PublicKeyToken=null" name="should_return_true_if_hotzone_is_a_starting_hotzone" />
    </UnitTest>
    <UnitTest name="should_save_user_sight_radius" storage="c:\projects\undeadearth\undeadearth.test\bin\debug\undeadearth.test.dll" id="ea325b6e-c3ab-3827-d099-c8e61f5a4b92">
      <Execution id="bc14a1ae-3b23-40ad-bce9-67479ea406ee" />
      <TestMethod codeBase="C:/Projects/UndeadEarth/UndeadEarth.Test/bin/Debug/UndeadEarth.Test.DLL" adapterTypeName="Microsoft.VisualStudio.TestTools.TestTypes.Unit.UnitTestAdapter, Microsoft.VisualStudio.QualityTools.Tips.UnitTest.Adapter, Version=10.0.0.0, Culture=neutral, PublicKeyToken=b03f5f7f11d50a3a" className="UndeadEarth.Test.Dal.when_saving_user_sight_radius, UndeadEarth.Test, Version=1.0.0.0, Culture=neutral, PublicKeyToken=null" name="should_save_user_sight_radius" />
    </UnitTest>
    <UnitTest name="should_return_hotzone_as_cleared" storage="c:\projects\undeadearth\undeadearth.test\bin\debug\undeadearth.test.dll" id="b16bd29a-b3d8-bf0d-809b-edcc4ff2fca0">
      <Execution id="7efd6a78-9fcd-4a61-bd15-34d0399ef591" />
      <TestMethod codeBase="C:/Projects/UndeadEarth/UndeadEarth.Test/bin/Debug/UndeadEarth.Test.DLL" adapterTypeName="Microsoft.VisualStudio.TestTools.TestTypes.Unit.UnitTestAdapter, Microsoft.VisualStudio.QualityTools.Tips.UnitTest.Adapter, Version=10.0.0.0, Culture=neutral, PublicKeyToken=b03f5f7f11d50a3a" className="UndeadEarth.Test.Dal.when_determining_if_hotzones_is_cleared, UndeadEarth.Test, Version=1.0.0.0, Culture=neutral, PublicKeyToken=null" name="should_return_hotzone_as_cleared" />
    </UnitTest>
    <UnitTest name="given_user_has_money_and_items_in_safe_house_and_can_buy_items_should_return_the_energy_that_is_greater_between_safehouse_items_and_store_items" storage="c:\projects\undeadearth\undeadearth.test\bin\debug\undeadearth.test.dll" id="a2cd0fe1-b87c-c070-6665-87346857dbcd">
      <Execution id="3a398ffd-5267-4bff-aecd-40d99aaa2239" />
      <TestMethod codeBase="C:/Projects/UndeadEarth/UndeadEarth.Test/bin/Debug/UndeadEarth.Test.DLL" adapterTypeName="Microsoft.VisualStudio.TestTools.TestTypes.Unit.UnitTestAdapter, Microsoft.VisualStudio.QualityTools.Tips.UnitTest.Adapter, Version=10.0.0.0, Culture=neutral, PublicKeyToken=b03f5f7f11d50a3a" className="UndeadEarth.Test.Model.when_determining_users_max_potential_energy, UndeadEarth.Test, Version=1.0.0.0, Culture=neutral, PublicKeyToken=null" name="given_user_has_money_and_items_in_safe_house_and_can_buy_items_should_return_the_energy_that_is_greater_between_safehouse_items_and_store_items" />
    </UnitTest>
    <UnitTest name="should_return_achievement_for_collecting_100000_dollars" storage="c:\projects\undeadearth\undeadearth.test\bin\debug\undeadearth.test.dll" id="13954612-b76a-9796-df53-2efe3530832a">
      <Execution id="ca807642-aba7-4754-807b-725852c58d55" />
      <TestMethod codeBase="C:/Projects/UndeadEarth/UndeadEarth.Test/bin/Debug/UndeadEarth.Test.DLL" adapterTypeName="Microsoft.VisualStudio.TestTools.TestTypes.Unit.UnitTestAdapter, Microsoft.VisualStudio.QualityTools.Tips.UnitTest.Adapter, Version=10.0.0.0, Culture=neutral, PublicKeyToken=b03f5f7f11d50a3a" className="UndeadEarth.Test.Model.when_retrieving_achievements, UndeadEarth.Test, Version=1.0.0.0, Culture=neutral, PublicKeyToken=null" name="should_return_achievement_for_collecting_100000_dollars" />
    </UnitTest>
    <UnitTest name="should_throw_error_for_saving_last_energy_if_user_does_not_exist" storage="c:\projects\undeadearth\undeadearth.test\bin\debug\undeadearth.test.dll" id="61f447bc-f31d-7adc-e8ff-51ce31625b90">
      <Execution id="c40afe9e-9872-45b6-b348-cdcdaccb22f0" />
      <TestMethod codeBase="C:/Projects/UndeadEarth/UndeadEarth.Test/bin/Debug/UndeadEarth.Test.DLL" adapterTypeName="Microsoft.VisualStudio.TestTools.TestTypes.Unit.UnitTestAdapter, Microsoft.VisualStudio.QualityTools.Tips.UnitTest.Adapter, Version=10.0.0.0, Culture=neutral, PublicKeyToken=b03f5f7f11d50a3a" className="UndeadEarth.Test.Dal.Utility.when_saving_user_energy, UndeadEarth.Test, Version=1.0.0.0, Culture=neutral, PublicKeyToken=null" name="should_throw_error_for_saving_last_energy_if_user_does_not_exist" />
    </UnitTest>
    <UnitTest name="should_return_correct_inventory_slot_number_for_given_level" storage="c:\projects\undeadearth\undeadearth.test\bin\debug\undeadearth.test.dll" id="40c4a339-897f-73e3-e8be-fed33feff0fc">
      <Execution id="d0190a5a-d4df-4cae-bc5a-b5697936a95b" />
      <TestMethod codeBase="C:/Projects/UndeadEarth/UndeadEarth.Test/bin/Debug/UndeadEarth.Test.DLL" adapterTypeName="Microsoft.VisualStudio.TestTools.TestTypes.Unit.UnitTestAdapter, Microsoft.VisualStudio.QualityTools.Tips.UnitTest.Adapter, Version=10.0.0.0, Culture=neutral, PublicKeyToken=b03f5f7f11d50a3a" className="UndeadEarth.Test.Model.when_servicing_user_level_and_attributes, UndeadEarth.Test, Version=1.0.0.0, Culture=neutral, PublicKeyToken=null" name="should_return_correct_inventory_slot_number_for_given_level" />
    </UnitTest>
    <UnitTest name="should_return_the_number_of_zombie_kills_needed_for_next_level" storage="c:\projects\undeadearth\undeadearth.test\bin\debug\undeadearth.test.dll" id="24e2889f-3174-5207-6e2d-3941d6d3ab4a">
      <Execution id="4e5051e2-2f88-423c-abb5-f97e437a30a8" />
      <TestMethod codeBase="C:/Projects/UndeadEarth/UndeadEarth.Test/bin/Debug/UndeadEarth.Test.DLL" adapterTypeName="Microsoft.VisualStudio.TestTools.TestTypes.Unit.UnitTestAdapter, Microsoft.VisualStudio.QualityTools.Tips.UnitTest.Adapter, Version=10.0.0.0, Culture=neutral, PublicKeyToken=b03f5f7f11d50a3a" className="UndeadEarth.Test.Model.when_servicing_user_level_and_attributes, UndeadEarth.Test, Version=1.0.0.0, Culture=neutral, PublicKeyToken=null" name="should_return_the_number_of_zombie_kills_needed_for_next_level" />
    </UnitTest>
    <UnitTest name="should_return_accumulated_money" storage="c:\projects\undeadearth\undeadearth.test\bin\debug\undeadearth.test.dll" id="8538b685-e301-b4f2-f6ec-7abb74e1fb4b">
      <Execution id="f279fc40-f322-4457-adb1-d2b3e73fdf88" />
      <TestMethod codeBase="C:/Projects/UndeadEarth/UndeadEarth.Test/bin/Debug/UndeadEarth.Test.DLL" adapterTypeName="Microsoft.VisualStudio.TestTools.TestTypes.Unit.UnitTestAdapter, Microsoft.VisualStudio.QualityTools.Tips.UnitTest.Adapter, Version=10.0.0.0, Culture=neutral, PublicKeyToken=b03f5f7f11d50a3a" className="UndeadEarth.Test.Dal.when_retrieving_user_counts, UndeadEarth.Test, Version=1.0.0.0, Culture=neutral, PublicKeyToken=null" name="should_return_accumulated_money" />
    </UnitTest>
    <UnitTest name="should_return_if_user_has_not_killed_enough_zombies_for_next_level" storage="c:\projects\undeadearth\undeadearth.test\bin\debug\undeadearth.test.dll" id="35d7f681-d185-2e89-da65-ece3bc8e6e75">
      <Execution id="c73ae4f6-80f2-44cd-885a-57bb4122a54e" />
      <TestMethod codeBase="C:/Projects/UndeadEarth/UndeadEarth.Test/bin/Debug/UndeadEarth.Test.DLL" adapterTypeName="Microsoft.VisualStudio.TestTools.TestTypes.Unit.UnitTestAdapter, Microsoft.VisualStudio.QualityTools.Tips.UnitTest.Adapter, Version=10.0.0.0, Culture=neutral, PublicKeyToken=b03f5f7f11d50a3a" className="UndeadEarth.Test.Model.when_servicing_user_level_and_attributes, UndeadEarth.Test, Version=1.0.0.0, Culture=neutral, PublicKeyToken=null" name="should_return_if_user_has_not_killed_enough_zombies_for_next_level" />
    </UnitTest>
    <UnitTest name="should_not_set_sight_radius_lower_than_the_minimum_sight_radius_for_user" storage="c:\projects\undeadearth\undeadearth.test\bin\debug\undeadearth.test.dll" id="00803d11-60d8-3003-79e6-d2290acd2110">
      <Execution id="fa07653e-92cd-42c4-84ce-2e81ce7da5d9" />
      <TestMethod codeBase="C:/Projects/UndeadEarth/UndeadEarth.Test/bin/Debug/UndeadEarth.Test.DLL" adapterTypeName="Microsoft.VisualStudio.TestTools.TestTypes.Unit.UnitTestAdapter, Microsoft.VisualStudio.QualityTools.Tips.UnitTest.Adapter, Version=10.0.0.0, Culture=neutral, PublicKeyToken=b03f5f7f11d50a3a" className="UndeadEarth.Test.Model.when_using_items, UndeadEarth.Test, Version=1.0.0.0, Culture=neutral, PublicKeyToken=null" name="should_not_set_sight_radius_lower_than_the_minimum_sight_radius_for_user" />
    </UnitTest>
    <UnitTest name="should_return_if_user_does_not_exist" storage="c:\projects\undeadearth\undeadearth.test\bin\debug\undeadearth.test.dll" id="74c211d1-a8ea-e685-b3ae-006434becd54">
      <Execution id="56805c82-32ae-4f75-b40d-508a5220043d" />
      <TestMethod codeBase="C:/Projects/UndeadEarth/UndeadEarth.Test/bin/Debug/UndeadEarth.Test.DLL" adapterTypeName="Microsoft.VisualStudio.TestTools.TestTypes.Unit.UnitTestAdapter, Microsoft.VisualStudio.QualityTools.Tips.UnitTest.Adapter, Version=10.0.0.0, Culture=neutral, PublicKeyToken=b03f5f7f11d50a3a" className="UndeadEarth.Test.Model.when_using_items, UndeadEarth.Test, Version=1.0.0.0, Culture=neutral, PublicKeyToken=null" name="should_return_if_user_does_not_exist" />
    </UnitTest>
    <UnitTest name="should_return_an_empty_progress_if_zombie_pack_doesnt_exist" storage="c:\projects\undeadearth\undeadearth.test\bin\debug\undeadearth.test.dll" id="ba89953e-a09d-28cf-6946-aa203e1b8fb8">
      <Execution id="43962dc0-d619-493b-b5c7-a5b40e026810" />
      <TestMethod codeBase="C:/Projects/UndeadEarth/UndeadEarth.Test/bin/Debug/UndeadEarth.Test.DLL" adapterTypeName="Microsoft.VisualStudio.TestTools.TestTypes.Unit.UnitTestAdapter, Microsoft.VisualStudio.QualityTools.Tips.UnitTest.Adapter, Version=10.0.0.0, Culture=neutral, PublicKeyToken=b03f5f7f11d50a3a" className="UndeadEarth.Test.Model.when_determining_zombie_pack_progress, UndeadEarth.Test, Version=1.0.0.0, Culture=neutral, PublicKeyToken=null" name="should_return_an_empty_progress_if_zombie_pack_doesnt_exist" />
    </UnitTest>
    <UnitTest name="should_return_achievement_for_collecting_1000000_dollars" storage="c:\projects\undeadearth\undeadearth.test\bin\debug\undeadearth.test.dll" id="456f5311-d61b-5ef4-13ac-a1ceca766e06">
      <Execution id="6e66e047-4c6a-4870-8bb4-daee63141d0c" />
      <TestMethod codeBase="C:/Projects/UndeadEarth/UndeadEarth.Test/bin/Debug/UndeadEarth.Test.DLL" adapterTypeName="Microsoft.VisualStudio.TestTools.TestTypes.Unit.UnitTestAdapter, Microsoft.VisualStudio.QualityTools.Tips.UnitTest.Adapter, Version=10.0.0.0, Culture=neutral, PublicKeyToken=b03f5f7f11d50a3a" className="UndeadEarth.Test.Model.when_retrieving_achievements, UndeadEarth.Test, Version=1.0.0.0, Culture=neutral, PublicKeyToken=null" name="should_return_achievement_for_collecting_1000000_dollars" />
    </UnitTest>
    <UnitTest name="should_return_null_for_last_saved_sight_radius_if_user_exists_but_sight_radius_is_null" storage="c:\projects\undeadearth\undeadearth.test\bin\debug\undeadearth.test.dll" id="027692e3-3856-06fd-bce6-644a6cf7eb82">
      <Execution id="8b3fa119-839a-4b6f-a399-a3ee854a5fed" />
      <TestMethod codeBase="C:/Projects/UndeadEarth/UndeadEarth.Test/bin/Debug/UndeadEarth.Test.DLL" adapterTypeName="Microsoft.VisualStudio.TestTools.TestTypes.Unit.UnitTestAdapter, Microsoft.VisualStudio.QualityTools.Tips.UnitTest.Adapter, Version=10.0.0.0, Culture=neutral, PublicKeyToken=b03f5f7f11d50a3a" className="UndeadEarth.Test.Dal.when_retrieving_user_sight_radius, UndeadEarth.Test, Version=1.0.0.0, Culture=neutral, PublicKeyToken=null" name="should_return_null_for_last_saved_sight_radius_if_user_exists_but_sight_radius_is_null" />
    </UnitTest>
    <UnitTest name="should_update_baseline_attack_power_for_user" storage="c:\projects\undeadearth\undeadearth.test\bin\debug\undeadearth.test.dll" id="1f98f9e8-cb47-74ae-9470-dfe55c54483a">
      <Execution id="28e1c3c3-2da7-4ff5-87de-cd9aca41d777" />
      <TestMethod codeBase="C:/Projects/UndeadEarth/UndeadEarth.Test/bin/Debug/UndeadEarth.Test.DLL" adapterTypeName="Microsoft.VisualStudio.TestTools.TestTypes.Unit.UnitTestAdapter, Microsoft.VisualStudio.QualityTools.Tips.UnitTest.Adapter, Version=10.0.0.0, Culture=neutral, PublicKeyToken=b03f5f7f11d50a3a" className="UndeadEarth.Test.Dal.when_saving_user, UndeadEarth.Test, Version=1.0.0.0, Culture=neutral, PublicKeyToken=null" name="should_update_baseline_attack_power_for_user" />
    </UnitTest>
    <UnitTest name="should_record_money_earned_after_a_succesful_hunt" storage="c:\projects\undeadearth\undeadearth.test\bin\debug\undeadearth.test.dll" id="147b1cfd-fcbf-4ec1-a009-05f059879e52">
      <Execution id="5dd6f2a1-599a-4209-89d9-6dec6b3593ee" />
      <TestMethod codeBase="C:/Projects/UndeadEarth/UndeadEarth.Test/bin/Debug/UndeadEarth.Test.DLL" adapterTypeName="Microsoft.VisualStudio.TestTools.TestTypes.Unit.UnitTestAdapter, Microsoft.VisualStudio.QualityTools.Tips.UnitTest.Adapter, Version=10.0.0.0, Culture=neutral, PublicKeyToken=b03f5f7f11d50a3a" className="UndeadEarth.Test.Model.when_hunting_for_zombies, UndeadEarth.Test, Version=1.0.0.0, Culture=neutral, PublicKeyToken=null" name="should_record_money_earned_after_a_succesful_hunt" />
    </UnitTest>
    <UnitTest name="should_disregard_hunt_if_zombie_pack_does_not_have_any_zombies" storage="c:\projects\undeadearth\undeadearth.test\bin\debug\undeadearth.test.dll" id="6fc1d911-2aa7-09d2-3f37-8e698e0a0e1a">
      <Execution id="227d3b82-3822-4d45-bbea-f9ef08d13ac7" />
      <TestMethod codeBase="C:/Projects/UndeadEarth/UndeadEarth.Test/bin/Debug/UndeadEarth.Test.DLL" adapterTypeName="Microsoft.VisualStudio.TestTools.TestTypes.Unit.UnitTestAdapter, Microsoft.VisualStudio.QualityTools.Tips.UnitTest.Adapter, Version=10.0.0.0, Culture=neutral, PublicKeyToken=b03f5f7f11d50a3a" className="UndeadEarth.Test.Model.when_hunting_for_zombies, UndeadEarth.Test, Version=1.0.0.0, Culture=neutral, PublicKeyToken=null" name="should_disregard_hunt_if_zombie_pack_does_not_have_any_zombies" />
    </UnitTest>
    <UnitTest name="should_set_sight_radius_to_5_for_user_who_exists_but_does_not_have_a_base_sight_radius_value" storage="c:\projects\undeadearth\undeadearth.test\bin\debug\undeadearth.test.dll" id="cf462ec4-8531-1e43-07c6-e34f96bb70c0">
      <Execution id="72ea0a71-0322-4d83-adba-d9004ad5ce69" />
      <TestMethod codeBase="C:/Projects/UndeadEarth/UndeadEarth.Test/bin/Debug/UndeadEarth.Test.DLL" adapterTypeName="Microsoft.VisualStudio.TestTools.TestTypes.Unit.UnitTestAdapter, Microsoft.VisualStudio.QualityTools.Tips.UnitTest.Adapter, Version=10.0.0.0, Culture=neutral, PublicKeyToken=b03f5f7f11d50a3a" className="UndeadEarth.Test.Model.when_determining_users_current_sight_radius, UndeadEarth.Test, Version=1.0.0.0, Culture=neutral, PublicKeyToken=null" name="should_set_sight_radius_to_5_for_user_who_exists_but_does_not_have_a_base_sight_radius_value" />
    </UnitTest>
    <UnitTest name="should_change_users_sight_radius_if_item_has_a_distance_attribute_not_equal_to_zero" storage="c:\projects\undeadearth\undeadearth.test\bin\debug\undeadearth.test.dll" id="bb62f7f6-95bc-c16c-f91c-8661bb447531">
      <Execution id="60a3c26f-3bcf-4dc2-a59f-d311b59d6f15" />
      <TestMethod codeBase="C:/Projects/UndeadEarth/UndeadEarth.Test/bin/Debug/UndeadEarth.Test.DLL" adapterTypeName="Microsoft.VisualStudio.TestTools.TestTypes.Unit.UnitTestAdapter, Microsoft.VisualStudio.QualityTools.Tips.UnitTest.Adapter, Version=10.0.0.0, Culture=neutral, PublicKeyToken=b03f5f7f11d50a3a" className="UndeadEarth.Test.Model.when_using_items, UndeadEarth.Test, Version=1.0.0.0, Culture=neutral, PublicKeyToken=null" name="should_change_users_sight_radius_if_item_has_a_distance_attribute_not_equal_to_zero" />
    </UnitTest>
    <UnitTest name="should_throw_error_if_facebook_user_id_is_0_user_exists_is_attempted" storage="c:\projects\undeadearth\undeadearth.test\bin\debug\undeadearth.test.dll" id="20c7eedc-a25f-bd99-048a-d0191e8444d6">
      <Execution id="51595ce2-6f2a-426a-b241-e12f13022872" />
      <TestMethod codeBase="C:/Projects/UndeadEarth/UndeadEarth.Test/bin/Debug/UndeadEarth.Test.DLL" adapterTypeName="Microsoft.VisualStudio.TestTools.TestTypes.Unit.UnitTestAdapter, Microsoft.VisualStudio.QualityTools.Tips.UnitTest.Adapter, Version=10.0.0.0, Culture=neutral, PublicKeyToken=b03f5f7f11d50a3a" className="UndeadEarth.Test.Dal.when_retrieving_user, UndeadEarth.Test, Version=1.0.0.0, Culture=neutral, PublicKeyToken=null" name="should_throw_error_if_facebook_user_id_is_0_user_exists_is_attempted" />
    </UnitTest>
    <UnitTest name="should_save_user_item_in_safe_house" storage="c:\projects\undeadearth\undeadearth.test\bin\debug\undeadearth.test.dll" id="f9c3b8d4-44eb-d441-d7b4-5980f2089bf1">
      <Execution id="2b184373-193b-41a5-b417-d22d8f01bcfe" />
      <TestMethod codeBase="C:/Projects/UndeadEarth/UndeadEarth.Test/bin/Debug/UndeadEarth.Test.DLL" adapterTypeName="Microsoft.VisualStudio.TestTools.TestTypes.Unit.UnitTestAdapter, Microsoft.VisualStudio.QualityTools.Tips.UnitTest.Adapter, Version=10.0.0.0, Culture=neutral, PublicKeyToken=b03f5f7f11d50a3a" className="UndeadEarth.Test.Dal.when_retrieving_items, UndeadEarth.Test, Version=1.0.0.0, Culture=neutral, PublicKeyToken=null" name="should_save_user_item_in_safe_house" />
    </UnitTest>
    <UnitTest name="should_disregard_if_safe_house_does_not_have_item" storage="c:\projects\undeadearth\undeadearth.test\bin\debug\undeadearth.test.dll" id="8522a95f-e160-dcf6-186a-2eac6493fad8">
      <Execution id="65768801-6a93-4fa9-977e-8c4e9fbb5e5b" />
      <TestMethod codeBase="C:/Projects/UndeadEarth/UndeadEarth.Test/bin/Debug/UndeadEarth.Test.DLL" adapterTypeName="Microsoft.VisualStudio.TestTools.TestTypes.Unit.UnitTestAdapter, Microsoft.VisualStudio.QualityTools.Tips.UnitTest.Adapter, Version=10.0.0.0, Culture=neutral, PublicKeyToken=b03f5f7f11d50a3a" className="UndeadEarth.Test.Model.when_transferring_items_from_safe_house_to_user, UndeadEarth.Test, Version=1.0.0.0, Culture=neutral, PublicKeyToken=null" name="should_disregard_if_safe_house_does_not_have_item" />
    </UnitTest>
    <UnitTest name="should_set_last_energy_date_to_datetimenow_if_its_null_but_last_energy_isnt" storage="c:\projects\undeadearth\undeadearth.test\bin\debug\undeadearth.test.dll" id="99355754-b969-f315-3b5a-88e1622f783a">
      <Execution id="7da044da-06d1-41b8-8b6c-6ce311fff249" />
      <TestMethod codeBase="C:/Projects/UndeadEarth/UndeadEarth.Test/bin/Debug/UndeadEarth.Test.DLL" adapterTypeName="Microsoft.VisualStudio.TestTools.TestTypes.Unit.UnitTestAdapter, Microsoft.VisualStudio.QualityTools.Tips.UnitTest.Adapter, Version=10.0.0.0, Culture=neutral, PublicKeyToken=b03f5f7f11d50a3a" className="UndeadEarth.Test.Dal.when_retrieving_user_energy, UndeadEarth.Test, Version=1.0.0.0, Culture=neutral, PublicKeyToken=null" name="should_set_last_energy_date_to_datetimenow_if_its_null_but_last_energy_isnt" />
    </UnitTest>
    <UnitTest name="should_throw_error_for_saving_mas_energy_if_user_does_not_exist" storage="c:\projects\undeadearth\undeadearth.test\bin\debug\undeadearth.test.dll" id="3e4c555c-eb52-8e6a-77bb-fba4f57ae14d">
      <Execution id="9af4c756-5a49-431d-870c-4dc3ccdeae4d" />
      <TestMethod codeBase="C:/Projects/UndeadEarth/UndeadEarth.Test/bin/Debug/UndeadEarth.Test.DLL" adapterTypeName="Microsoft.VisualStudio.TestTools.TestTypes.Unit.UnitTestAdapter, Microsoft.VisualStudio.QualityTools.Tips.UnitTest.Adapter, Version=10.0.0.0, Culture=neutral, PublicKeyToken=b03f5f7f11d50a3a" className="UndeadEarth.Test.Dal.Utility.when_saving_user_energy, UndeadEarth.Test, Version=1.0.0.0, Culture=neutral, PublicKeyToken=null" name="should_throw_error_for_saving_mas_energy_if_user_does_not_exist" />
    </UnitTest>
    <UnitTest name="should_return_base_energy_if_user_does_not_have_any_money_and_no_items_in_safehouse" storage="c:\projects\undeadearth\undeadearth.test\bin\debug\undeadearth.test.dll" id="1176458c-eb17-c2d6-8c27-e75b41695c1a">
      <Execution id="acf0fac4-ec06-4379-9267-36aec41b9098" />
      <TestMethod codeBase="C:/Projects/UndeadEarth/UndeadEarth.Test/bin/Debug/UndeadEarth.Test.DLL" adapterTypeName="Microsoft.VisualStudio.TestTools.TestTypes.Unit.UnitTestAdapter, Microsoft.VisualStudio.QualityTools.Tips.UnitTest.Adapter, Version=10.0.0.0, Culture=neutral, PublicKeyToken=b03f5f7f11d50a3a" className="UndeadEarth.Test.Model.when_determining_users_max_potential_energy, UndeadEarth.Test, Version=1.0.0.0, Culture=neutral, PublicKeyToken=null" name="should_return_base_energy_if_user_does_not_have_any_money_and_no_items_in_safehouse" />
    </UnitTest>
    <UnitTest name="should_return_energy_along_with_any_energy_increase_from_buying_item_with_no_items_in_safehouse" storage="c:\projects\undeadearth\undeadearth.test\bin\debug\undeadearth.test.dll" id="6f612bd1-261c-e125-ca8e-f3d31afd386b">
      <Execution id="bb5538ce-9df3-4bdd-b9f0-bc25d7899ccd" />
      <TestMethod codeBase="C:/Projects/UndeadEarth/UndeadEarth.Test/bin/Debug/UndeadEarth.Test.DLL" adapterTypeName="Microsoft.VisualStudio.TestTools.TestTypes.Unit.UnitTestAdapter, Microsoft.VisualStudio.QualityTools.Tips.UnitTest.Adapter, Version=10.0.0.0, Culture=neutral, PublicKeyToken=b03f5f7f11d50a3a" className="UndeadEarth.Test.Model.when_determining_users_max_potential_energy, UndeadEarth.Test, Version=1.0.0.0, Culture=neutral, PublicKeyToken=null" name="should_return_energy_along_with_any_energy_increase_from_buying_item_with_no_items_in_safehouse" />
    </UnitTest>
    <UnitTest name="should_retrieve_all_safe_houses_within_radius" storage="c:\projects\undeadearth\undeadearth.test\bin\debug\undeadearth.test.dll" id="948eaf49-3d62-1046-def5-d76ed8415a60">
      <Execution id="27270a51-b7f1-48bc-ac70-0a6695c5af6a" />
      <TestMethod codeBase="C:/Projects/UndeadEarth/UndeadEarth.Test/bin/Debug/UndeadEarth.Test.DLL" adapterTypeName="Microsoft.VisualStudio.TestTools.TestTypes.Unit.UnitTestAdapter, Microsoft.VisualStudio.QualityTools.Tips.UnitTest.Adapter, Version=10.0.0.0, Culture=neutral, PublicKeyToken=b03f5f7f11d50a3a" className="UndeadEarth.Test.Dal.when_retrieving_safe_houses, UndeadEarth.Test, Version=1.0.0.0, Culture=neutral, PublicKeyToken=null" name="should_retrieve_all_safe_houses_within_radius" />
    </UnitTest>
    <UnitTest name="should_return_true_if_hotzone_exists" storage="c:\projects\undeadearth\undeadearth.test\bin\debug\undeadearth.test.dll" id="986c501e-f914-4dd0-53c3-b0c1bdfdf5be">
      <Execution id="da8193bc-3335-4628-b623-2ce31594b643" />
      <TestMethod codeBase="C:/Projects/UndeadEarth/UndeadEarth.Test/bin/Debug/UndeadEarth.Test.DLL" adapterTypeName="Microsoft.VisualStudio.TestTools.TestTypes.Unit.UnitTestAdapter, Microsoft.VisualStudio.QualityTools.Tips.UnitTest.Adapter, Version=10.0.0.0, Culture=neutral, PublicKeyToken=b03f5f7f11d50a3a" className="UndeadEarth.Test.Dal.when_retrieving_hot_zones, UndeadEarth.Test, Version=1.0.0.0, Culture=neutral, PublicKeyToken=null" name="should_return_true_if_hotzone_exists" />
    </UnitTest>
    <UnitTest name="should_return_all_zombie_packs_assocaited_with_hotzone" storage="c:\projects\undeadearth\undeadearth.test\bin\debug\undeadearth.test.dll" id="03a8dd14-ba0a-c947-44ec-1c0c4c677ff9">
      <Execution id="b110422c-19f5-49f4-a88c-86a79c1d8b6e" />
      <TestMethod codeBase="C:/Projects/UndeadEarth/UndeadEarth.Test/bin/Debug/UndeadEarth.Test.DLL" adapterTypeName="Microsoft.VisualStudio.TestTools.TestTypes.Unit.UnitTestAdapter, Microsoft.VisualStudio.QualityTools.Tips.UnitTest.Adapter, Version=10.0.0.0, Culture=neutral, PublicKeyToken=b03f5f7f11d50a3a" className="UndeadEarth.Test.Dal.when_retrieving_zombie_packs, UndeadEarth.Test, Version=1.0.0.0, Culture=neutral, PublicKeyToken=null" name="should_return_all_zombie_packs_assocaited_with_hotzone" />
    </UnitTest>
    <UnitTest name="should_record_zombiepack_destoryed_if_zombiepack_cleared" storage="c:\projects\undeadearth\undeadearth.test\bin\debug\undeadearth.test.dll" id="e4615602-9641-d148-59c9-84c9addeee4f">
      <Execution id="e33065a5-5215-4e57-9176-289e7f9e4816" />
      <TestMethod codeBase="C:/Projects/UndeadEarth/UndeadEarth.Test/bin/Debug/UndeadEarth.Test.DLL" adapterTypeName="Microsoft.VisualStudio.TestTools.TestTypes.Unit.UnitTestAdapter, Microsoft.VisualStudio.QualityTools.Tips.UnitTest.Adapter, Version=10.0.0.0, Culture=neutral, PublicKeyToken=b03f5f7f11d50a3a" className="UndeadEarth.Test.Model.when_hunting_for_zombies, UndeadEarth.Test, Version=1.0.0.0, Culture=neutral, PublicKeyToken=null" name="should_record_zombiepack_destoryed_if_zombiepack_cleared" />
    </UnitTest>
    <UnitTest name="should_update_users_energy_if_user_can_hunt" storage="c:\projects\undeadearth\undeadearth.test\bin\debug\undeadearth.test.dll" id="6d50870f-a5f5-48df-fa3a-fd929ac4d6d9">
      <Execution id="486a8158-abc2-4189-944a-44094307ab4b" />
      <TestMethod codeBase="C:/Projects/UndeadEarth/UndeadEarth.Test/bin/Debug/UndeadEarth.Test.DLL" adapterTypeName="Microsoft.VisualStudio.TestTools.TestTypes.Unit.UnitTestAdapter, Microsoft.VisualStudio.QualityTools.Tips.UnitTest.Adapter, Version=10.0.0.0, Culture=neutral, PublicKeyToken=b03f5f7f11d50a3a" className="UndeadEarth.Test.Model.when_hunting_for_zombies, UndeadEarth.Test, Version=1.0.0.0, Culture=neutral, PublicKeyToken=null" name="should_update_users_energy_if_user_can_hunt" />
    </UnitTest>
    <UnitTest name="should_disregard_if_item_does_not_exist" storage="c:\projects\undeadearth\undeadearth.test\bin\debug\undeadearth.test.dll" id="c55622f2-a19b-2b7c-fbf0-3bcc9fa792bb">
      <Execution id="2399b8c1-facf-4c3e-be17-99f6308cf450" />
      <TestMethod codeBase="C:/Projects/UndeadEarth/UndeadEarth.Test/bin/Debug/UndeadEarth.Test.DLL" adapterTypeName="Microsoft.VisualStudio.TestTools.TestTypes.Unit.UnitTestAdapter, Microsoft.VisualStudio.QualityTools.Tips.UnitTest.Adapter, Version=10.0.0.0, Culture=neutral, PublicKeyToken=b03f5f7f11d50a3a" className="UndeadEarth.Test.Model.when_transferring_items_from_user_to_safe_house, UndeadEarth.Test, Version=1.0.0.0, Culture=neutral, PublicKeyToken=null" name="should_disregard_if_item_does_not_exist" />
    </UnitTest>
    <UnitTest name="should_return_true_if_safe_house_exists" storage="c:\projects\undeadearth\undeadearth.test\bin\debug\undeadearth.test.dll" id="4c87210c-f927-e260-2776-9399fcbfbd1c">
      <Execution id="834cd5b7-71c9-4d82-97c7-effc4a913d7b" />
      <TestMethod codeBase="C:/Projects/UndeadEarth/UndeadEarth.Test/bin/Debug/UndeadEarth.Test.DLL" adapterTypeName="Microsoft.VisualStudio.TestTools.TestTypes.Unit.UnitTestAdapter, Microsoft.VisualStudio.QualityTools.Tips.UnitTest.Adapter, Version=10.0.0.0, Culture=neutral, PublicKeyToken=b03f5f7f11d50a3a" className="UndeadEarth.Test.Dal.when_retrieving_safe_houses, UndeadEarth.Test, Version=1.0.0.0, Culture=neutral, PublicKeyToken=null" name="should_return_true_if_safe_house_exists" />
    </UnitTest>
    <UnitTest name="should_return_false_if_facebook_user_doesnt_exist" storage="c:\projects\undeadearth\undeadearth.test\bin\debug\undeadearth.test.dll" id="b3e73d9f-e8d5-d40e-f226-223e65b83b5c">
      <Execution id="09b491dc-c6d4-4a15-80f9-59fedb3057a1" />
      <TestMethod codeBase="C:/Projects/UndeadEarth/UndeadEarth.Test/bin/Debug/UndeadEarth.Test.DLL" adapterTypeName="Microsoft.VisualStudio.TestTools.TestTypes.Unit.UnitTestAdapter, Microsoft.VisualStudio.QualityTools.Tips.UnitTest.Adapter, Version=10.0.0.0, Culture=neutral, PublicKeyToken=b03f5f7f11d50a3a" className="UndeadEarth.Test.Dal.when_retrieving_user, UndeadEarth.Test, Version=1.0.0.0, Culture=neutral, PublicKeyToken=null" name="should_return_false_if_facebook_user_doesnt_exist" />
    </UnitTest>
    <UnitTest name="should_return_a_hunt_count_of_5_to_8_if_resolved_as_an_easy_hotzone" storage="c:\projects\undeadearth\undeadearth.test\bin\debug\undeadearth.test.dll" id="00142389-87b0-3d28-5cfb-700928afa29a">
      <Execution id="276d38b7-fb18-4323-920b-ecbc7df9b921" />
      <TestMethod codeBase="C:/Projects/UndeadEarth/UndeadEarth.Test/bin/Debug/UndeadEarth.Test.DLL" adapterTypeName="Microsoft.VisualStudio.TestTools.TestTypes.Unit.UnitTestAdapter, Microsoft.VisualStudio.QualityTools.Tips.UnitTest.Adapter, Version=10.0.0.0, Culture=neutral, PublicKeyToken=b03f5f7f11d50a3a" className="UndeadEarth.Test.Model.when_determining_zombie_pack_progress, UndeadEarth.Test, Version=1.0.0.0, Culture=neutral, PublicKeyToken=null" name="should_return_a_hunt_count_of_5_to_8_if_resolved_as_an_easy_hotzone" />
    </UnitTest>
    <UnitTest name="should_throw_error_if_user_does_not_exist" storage="c:\projects\undeadearth\undeadearth.test\bin\debug\undeadearth.test.dll" id="65c104b2-1ff7-266c-33d4-c2e6789ce0d4">
      <Execution id="ea1843e5-5a23-46c2-9714-a5d1185db0d8" />
      <TestMethod codeBase="C:/Projects/UndeadEarth/UndeadEarth.Test/bin/Debug/UndeadEarth.Test.DLL" adapterTypeName="Microsoft.VisualStudio.TestTools.TestTypes.Unit.UnitTestAdapter, Microsoft.VisualStudio.QualityTools.Tips.UnitTest.Adapter, Version=10.0.0.0, Culture=neutral, PublicKeyToken=b03f5f7f11d50a3a" className="UndeadEarth.Test.Model.when_servicing_user_level_and_attributes, UndeadEarth.Test, Version=1.0.0.0, Culture=neutral, PublicKeyToken=null" name="should_throw_error_if_user_does_not_exist" />
    </UnitTest>
    <UnitTest name="should_return_base_sight_radius_plus_any_equiped_items_that_affect_sight_radius" storage="c:\projects\undeadearth\undeadearth.test\bin\debug\undeadearth.test.dll" id="9091ae17-a6a8-ad22-153b-b3d1f20f3512">
      <Execution id="f1856616-85c9-4fed-9f3f-27f2a243a2ba" />
      <TestMethod codeBase="C:/Projects/UndeadEarth/UndeadEarth.Test/bin/Debug/UndeadEarth.Test.DLL" adapterTypeName="Microsoft.VisualStudio.TestTools.TestTypes.Unit.UnitTestAdapter, Microsoft.VisualStudio.QualityTools.Tips.UnitTest.Adapter, Version=10.0.0.0, Culture=neutral, PublicKeyToken=b03f5f7f11d50a3a" className="UndeadEarth.Test.Model.when_determining_users_min_sight_radius, UndeadEarth.Test, Version=1.0.0.0, Culture=neutral, PublicKeyToken=null" name="should_return_base_sight_radius_plus_any_equiped_items_that_affect_sight_radius" />
    </UnitTest>
    <UnitTest name="should_calculate_eastern_point" storage="c:\projects\undeadearth\undeadearth.test\bin\debug\undeadearth.test.dll" id="e2e442ef-e02c-6299-5fbd-dd49fb1d3672">
      <Execution id="e4c95071-fc12-4430-b660-4bd0892d8f27" />
      <TestMethod codeBase="C:/Projects/UndeadEarth/UndeadEarth.Test/bin/Debug/UndeadEarth.Test.DLL" adapterTypeName="Microsoft.VisualStudio.TestTools.TestTypes.Unit.UnitTestAdapter, Microsoft.VisualStudio.QualityTools.Tips.UnitTest.Adapter, Version=10.0.0.0, Culture=neutral, PublicKeyToken=b03f5f7f11d50a3a" className="UndeadEarth.Test.Model.when_calculating_distance, UndeadEarth.Test, Version=1.0.0.0, Culture=neutral, PublicKeyToken=null" name="should_calculate_eastern_point" />
    </UnitTest>
    <UnitTest name="should_return_min_sight_radius_for_user_if_user_exists_but_last_saved_sight_radius_does_not_exist" storage="c:\projects\undeadearth\undeadearth.test\bin\debug\undeadearth.test.dll" id="321c5a91-a83b-02fd-e40b-ce47e7f12083">
      <Execution id="1e0ddb52-c188-491f-ac02-94b9bcf0cc20" />
      <TestMethod codeBase="C:/Projects/UndeadEarth/UndeadEarth.Test/bin/Debug/UndeadEarth.Test.DLL" adapterTypeName="Microsoft.VisualStudio.TestTools.TestTypes.Unit.UnitTestAdapter, Microsoft.VisualStudio.QualityTools.Tips.UnitTest.Adapter, Version=10.0.0.0, Culture=neutral, PublicKeyToken=b03f5f7f11d50a3a" className="UndeadEarth.Test.Model.when_determining_users_current_sight_radius, UndeadEarth.Test, Version=1.0.0.0, Culture=neutral, PublicKeyToken=null" name="should_return_min_sight_radius_for_user_if_user_exists_but_last_saved_sight_radius_does_not_exist" />
    </UnitTest>
    <UnitTest name="should_return_achievement_for_collecting_1000_dollars" storage="c:\projects\undeadearth\undeadearth.test\bin\debug\undeadearth.test.dll" id="537a2b77-3b56-7fda-5cef-ce5b7fef8e47">
      <Execution id="bb8744e7-5556-498f-ab8e-9a09cb16d2bb" />
      <TestMethod codeBase="C:/Projects/UndeadEarth/UndeadEarth.Test/bin/Debug/UndeadEarth.Test.DLL" adapterTypeName="Microsoft.VisualStudio.TestTools.TestTypes.Unit.UnitTestAdapter, Microsoft.VisualStudio.QualityTools.Tips.UnitTest.Adapter, Version=10.0.0.0, Culture=neutral, PublicKeyToken=b03f5f7f11d50a3a" className="UndeadEarth.Test.Model.when_retrieving_achievements, UndeadEarth.Test, Version=1.0.0.0, Culture=neutral, PublicKeyToken=null" name="should_return_achievement_for_collecting_1000_dollars" />
    </UnitTest>
    <UnitTest name="should_disregard_safehouse_items_that_are_one_use" storage="c:\projects\undeadearth\undeadearth.test\bin\debug\undeadearth.test.dll" id="c2fceb1f-5078-88e7-1674-00e75ecef9dd">
      <Execution id="f034ce61-acd3-493f-b155-efd7815e43d4" />
      <TestMethod codeBase="C:/Projects/UndeadEarth/UndeadEarth.Test/bin/Debug/UndeadEarth.Test.DLL" adapterTypeName="Microsoft.VisualStudio.TestTools.TestTypes.Unit.UnitTestAdapter, Microsoft.VisualStudio.QualityTools.Tips.UnitTest.Adapter, Version=10.0.0.0, Culture=neutral, PublicKeyToken=b03f5f7f11d50a3a" className="UndeadEarth.Test.Model.when_determining_users_max_potential_energy, UndeadEarth.Test, Version=1.0.0.0, Culture=neutral, PublicKeyToken=null" name="should_disregard_safehouse_items_that_are_one_use" />
    </UnitTest>
    <UnitTest name="should_return_true_if_facebook_user_exists" storage="c:\projects\undeadearth\undeadearth.test\bin\debug\undeadearth.test.dll" id="399d3773-04b9-f157-2193-2a81aa17c4e4">
      <Execution id="4b453f21-72f2-49ea-9ae8-34a68cfab22f" />
      <TestMethod codeBase="C:/Projects/UndeadEarth/UndeadEarth.Test/bin/Debug/UndeadEarth.Test.DLL" adapterTypeName="Microsoft.VisualStudio.TestTools.TestTypes.Unit.UnitTestAdapter, Microsoft.VisualStudio.QualityTools.Tips.UnitTest.Adapter, Version=10.0.0.0, Culture=neutral, PublicKeyToken=b03f5f7f11d50a3a" className="UndeadEarth.Test.Dal.when_retrieving_user, UndeadEarth.Test, Version=1.0.0.0, Culture=neutral, PublicKeyToken=null" name="should_return_true_if_facebook_user_exists" />
    </UnitTest>
    <UnitTest name="should_return_achievement_for_killing_10000_zombies" storage="c:\projects\undeadearth\undeadearth.test\bin\debug\undeadearth.test.dll" id="95c19639-802d-b1a1-d6b5-8e055a02797d">
      <Execution id="71862e17-e03d-430c-a752-0b9af02be876" />
      <TestMethod codeBase="C:/Projects/UndeadEarth/UndeadEarth.Test/bin/Debug/UndeadEarth.Test.DLL" adapterTypeName="Microsoft.VisualStudio.TestTools.TestTypes.Unit.UnitTestAdapter, Microsoft.VisualStudio.QualityTools.Tips.UnitTest.Adapter, Version=10.0.0.0, Culture=neutral, PublicKeyToken=b03f5f7f11d50a3a" className="UndeadEarth.Test.Model.when_retrieving_achievements, UndeadEarth.Test, Version=1.0.0.0, Culture=neutral, PublicKeyToken=null" name="should_return_achievement_for_killing_10000_zombies" />
    </UnitTest>
    <UnitTest name="should_return_hotzones_that_are_marked_as_starting_hotzones" storage="c:\projects\undeadearth\undeadearth.test\bin\debug\undeadearth.test.dll" id="5e0523e6-700c-d803-6a13-76f99c5ecb12">
      <Execution id="779f1697-ca15-452a-ad7e-6ce7290e88c1" />
      <TestMethod codeBase="C:/Projects/UndeadEarth/UndeadEarth.Test/bin/Debug/UndeadEarth.Test.DLL" adapterTypeName="Microsoft.VisualStudio.TestTools.TestTypes.Unit.UnitTestAdapter, Microsoft.VisualStudio.QualityTools.Tips.UnitTest.Adapter, Version=10.0.0.0, Culture=neutral, PublicKeyToken=b03f5f7f11d50a3a" className="UndeadEarth.Test.Dal.when_retrieving_hot_zones, UndeadEarth.Test, Version=1.0.0.0, Culture=neutral, PublicKeyToken=null" name="should_return_hotzones_that_are_marked_as_starting_hotzones" />
    </UnitTest>
    <UnitTest name="should_return_max_energy_for_user_if_user_exists_but_last_saved_energy_does_not_exist" storage="c:\projects\undeadearth\undeadearth.test\bin\debug\undeadearth.test.dll" id="7b96fc08-5095-7079-15b5-f39e447dbf49">
      <Execution id="b5a3f166-b118-4ee2-9c13-5db566db8bd8" />
      <TestMethod codeBase="C:/Projects/UndeadEarth/UndeadEarth.Test/bin/Debug/UndeadEarth.Test.DLL" adapterTypeName="Microsoft.VisualStudio.TestTools.TestTypes.Unit.UnitTestAdapter, Microsoft.VisualStudio.QualityTools.Tips.UnitTest.Adapter, Version=10.0.0.0, Culture=neutral, PublicKeyToken=b03f5f7f11d50a3a" className="UndeadEarth.Test.Model.when_determining_users_current_energy, UndeadEarth.Test, Version=1.0.0.0, Culture=neutral, PublicKeyToken=null" name="should_return_max_energy_for_user_if_user_exists_but_last_saved_energy_does_not_exist" />
    </UnitTest>
    <UnitTest name="should_disregard_if_item_does_not_exist" storage="c:\projects\undeadearth\undeadearth.test\bin\debug\undeadearth.test.dll" id="08042b30-bcf9-bd89-006e-14ec4c40ac45">
      <Execution id="81d218c8-21c5-4c3e-957a-50c71a6edd47" />
      <TestMethod codeBase="C:/Projects/UndeadEarth/UndeadEarth.Test/bin/Debug/UndeadEarth.Test.DLL" adapterTypeName="Microsoft.VisualStudio.TestTools.TestTypes.Unit.UnitTestAdapter, Microsoft.VisualStudio.QualityTools.Tips.UnitTest.Adapter, Version=10.0.0.0, Culture=neutral, PublicKeyToken=b03f5f7f11d50a3a" className="UndeadEarth.Test.Model.when_buying_items_from_shop, UndeadEarth.Test, Version=1.0.0.0, Culture=neutral, PublicKeyToken=null" name="should_disregard_if_item_does_not_exist" />
    </UnitTest>
    <UnitTest name="should_return_energy_based_on_items_in_safehouse_with_user_not_having_any_money" storage="c:\projects\undeadearth\undeadearth.test\bin\debug\undeadearth.test.dll" id="0c8abc46-7ae3-a530-a75d-2f31cb9a36fc">
      <Execution id="ce56f935-3c69-4bdb-bb30-eca0e1d28893" />
      <TestMethod codeBase="C:/Projects/UndeadEarth/UndeadEarth.Test/bin/Debug/UndeadEarth.Test.DLL" adapterTypeName="Microsoft.VisualStudio.TestTools.TestTypes.Unit.UnitTestAdapter, Microsoft.VisualStudio.QualityTools.Tips.UnitTest.Adapter, Version=10.0.0.0, Culture=neutral, PublicKeyToken=b03f5f7f11d50a3a" className="UndeadEarth.Test.Model.when_determining_users_max_potential_energy, UndeadEarth.Test, Version=1.0.0.0, Culture=neutral, PublicKeyToken=null" name="should_return_energy_based_on_items_in_safehouse_with_user_not_having_any_money" />
    </UnitTest>
    <UnitTest name="should_return_attack_power_along_with_any_attack_power_increase_from_buying_many_of_the_same_item_with_no_items_in_safehouse" storage="c:\projects\undeadearth\undeadearth.test\bin\debug\undeadearth.test.dll" id="2bb944ea-67c4-2ec5-7a6c-8e36c6922cdf">
      <Execution id="087acaf1-94f6-4b1a-935e-5e57ea4b919e" />
      <TestMethod codeBase="C:/Projects/UndeadEarth/UndeadEarth.Test/bin/Debug/UndeadEarth.Test.DLL" adapterTypeName="Microsoft.VisualStudio.TestTools.TestTypes.Unit.UnitTestAdapter, Microsoft.VisualStudio.QualityTools.Tips.UnitTest.Adapter, Version=10.0.0.0, Culture=neutral, PublicKeyToken=b03f5f7f11d50a3a" className="UndeadEarth.Test.Model.when_determining_users_max_potential_attack_power, UndeadEarth.Test, Version=1.0.0.0, Culture=neutral, PublicKeyToken=null" name="should_return_attack_power_along_with_any_attack_power_increase_from_buying_many_of_the_same_item_with_no_items_in_safehouse" />
    </UnitTest>
    <UnitTest name="should_update_users_base_energy" storage="c:\projects\undeadearth\undeadearth.test\bin\debug\undeadearth.test.dll" id="ef0ae882-4dcb-0302-71db-13ab90020039">
      <Execution id="0c7cb880-2154-4a26-99aa-bf1b1699ac6d" />
      <TestMethod codeBase="C:/Projects/UndeadEarth/UndeadEarth.Test/bin/Debug/UndeadEarth.Test.DLL" adapterTypeName="Microsoft.VisualStudio.TestTools.TestTypes.Unit.UnitTestAdapter, Microsoft.VisualStudio.QualityTools.Tips.UnitTest.Adapter, Version=10.0.0.0, Culture=neutral, PublicKeyToken=b03f5f7f11d50a3a" className="UndeadEarth.Test.Dal.when_saving_user, UndeadEarth.Test, Version=1.0.0.0, Culture=neutral, PublicKeyToken=null" name="should_update_users_base_energy" />
    </UnitTest>
    <UnitTest name="should_retrieve_safe_house_item_id" storage="c:\projects\undeadearth\undeadearth.test\bin\debug\undeadearth.test.dll" id="d6a3e7bf-2e31-3f07-2490-3e67884ebb4a">
      <Execution id="76c41091-3188-4c70-900a-d32ac0f43e76" />
      <TestMethod codeBase="C:/Projects/UndeadEarth/UndeadEarth.Test/bin/Debug/UndeadEarth.Test.DLL" adapterTypeName="Microsoft.VisualStudio.TestTools.TestTypes.Unit.UnitTestAdapter, Microsoft.VisualStudio.QualityTools.Tips.UnitTest.Adapter, Version=10.0.0.0, Culture=neutral, PublicKeyToken=b03f5f7f11d50a3a" className="UndeadEarth.Test.Dal.when_retrieving_safe_houses, UndeadEarth.Test, Version=1.0.0.0, Culture=neutral, PublicKeyToken=null" name="should_retrieve_safe_house_item_id" />
    </UnitTest>
    <UnitTest name="should_disregard_if_user_does_not_exist" storage="c:\projects\undeadearth\undeadearth.test\bin\debug\undeadearth.test.dll" id="7d282b5a-4c68-651b-2ed3-0d406222883a">
      <Execution id="9c66ae6d-ed09-46ab-949a-103cde2bb1a9" />
      <TestMethod codeBase="C:/Projects/UndeadEarth/UndeadEarth.Test/bin/Debug/UndeadEarth.Test.DLL" adapterTypeName="Microsoft.VisualStudio.TestTools.TestTypes.Unit.UnitTestAdapter, Microsoft.VisualStudio.QualityTools.Tips.UnitTest.Adapter, Version=10.0.0.0, Culture=neutral, PublicKeyToken=b03f5f7f11d50a3a" className="UndeadEarth.Test.Model.when_buying_items_from_shop, UndeadEarth.Test, Version=1.0.0.0, Culture=neutral, PublicKeyToken=null" name="should_disregard_if_user_does_not_exist" />
    </UnitTest>
    <UnitTest name="should_return_a_hunt_count_of_20_to_30_if_resolved_as_an_medium_hotzone" storage="c:\projects\undeadearth\undeadearth.test\bin\debug\undeadearth.test.dll" id="369fc750-bfe7-36a0-13ca-f53d742d9647">
      <Execution id="ec33ccd9-75d4-4d9f-8302-7e6a9a100795" />
      <TestMethod codeBase="C:/Projects/UndeadEarth/UndeadEarth.Test/bin/Debug/UndeadEarth.Test.DLL" adapterTypeName="Microsoft.VisualStudio.TestTools.TestTypes.Unit.UnitTestAdapter, Microsoft.VisualStudio.QualityTools.Tips.UnitTest.Adapter, Version=10.0.0.0, Culture=neutral, PublicKeyToken=b03f5f7f11d50a3a" className="UndeadEarth.Test.Model.when_determining_zombie_pack_progress, UndeadEarth.Test, Version=1.0.0.0, Culture=neutral, PublicKeyToken=null" name="should_return_a_hunt_count_of_20_to_30_if_resolved_as_an_medium_hotzone" />
    </UnitTest>
    <UnitTest name="should_return_energy_along_with_any_energy_increase_from_buying_many_of_the_same_item_with_no_items_in_safehouse" storage="c:\projects\undeadearth\undeadearth.test\bin\debug\undeadearth.test.dll" id="86693507-7b03-3b4f-52d7-489bc76e87d4">
      <Execution id="58055fa5-50bd-404d-94c0-fa622ab15fff" />
      <TestMethod codeBase="C:/Projects/UndeadEarth/UndeadEarth.Test/bin/Debug/UndeadEarth.Test.DLL" adapterTypeName="Microsoft.VisualStudio.TestTools.TestTypes.Unit.UnitTestAdapter, Microsoft.VisualStudio.QualityTools.Tips.UnitTest.Adapter, Version=10.0.0.0, Culture=neutral, PublicKeyToken=b03f5f7f11d50a3a" className="UndeadEarth.Test.Model.when_determining_users_max_potential_energy, UndeadEarth.Test, Version=1.0.0.0, Culture=neutral, PublicKeyToken=null" name="should_return_energy_along_with_any_energy_increase_from_buying_many_of_the_same_item_with_no_items_in_safehouse" />
    </UnitTest>
    <UnitTest name="should_return_0_for_attack_power_if_user_does_not_exist" storage="c:\projects\undeadearth\undeadearth.test\bin\debug\undeadearth.test.dll" id="5a7c17db-19ea-927d-e739-dca3cee988f6">
      <Execution id="719a8c5c-ecfe-4b15-85e6-656ae80cd25c" />
      <TestMethod codeBase="C:/Projects/UndeadEarth/UndeadEarth.Test/bin/Debug/UndeadEarth.Test.DLL" adapterTypeName="Microsoft.VisualStudio.TestTools.TestTypes.Unit.UnitTestAdapter, Microsoft.VisualStudio.QualityTools.Tips.UnitTest.Adapter, Version=10.0.0.0, Culture=neutral, PublicKeyToken=b03f5f7f11d50a3a" className="UndeadEarth.Test.Model.when_determining_users_max_potential_attack_power, UndeadEarth.Test, Version=1.0.0.0, Culture=neutral, PublicKeyToken=null" name="should_return_0_for_attack_power_if_user_does_not_exist" />
    </UnitTest>
    <UnitTest name="should_set_latitude_longitude_position_for_hotzone" storage="c:\projects\undeadearth\undeadearth.test\bin\debug\undeadearth.test.dll" id="af74033c-8ac7-9c6c-bed1-b5a7d2c06950">
      <Execution id="a220b9a8-64ce-4cbb-9014-0ae4069a55f5" />
      <TestMethod codeBase="C:/Projects/UndeadEarth/UndeadEarth.Test/bin/Debug/UndeadEarth.Test.DLL" adapterTypeName="Microsoft.VisualStudio.TestTools.TestTypes.Unit.UnitTestAdapter, Microsoft.VisualStudio.QualityTools.Tips.UnitTest.Adapter, Version=10.0.0.0, Culture=neutral, PublicKeyToken=b03f5f7f11d50a3a" className="UndeadEarth.Test.Model.when_creating_user, UndeadEarth.Test, Version=1.0.0.0, Culture=neutral, PublicKeyToken=null" name="should_set_latitude_longitude_position_for_hotzone" />
    </UnitTest>
    <UnitTest name="should_throw_error_if_trying_to_update_base_line_energy_and_user_does_not_exist" storage="c:\projects\undeadearth\undeadearth.test\bin\debug\undeadearth.test.dll" id="162e548e-a661-0b73-7a6e-7c4d1ab7a750">
      <Execution id="9da32b5f-77ac-4257-aaba-ec7ae52e2cdf" />
      <TestMethod codeBase="C:/Projects/UndeadEarth/UndeadEarth.Test/bin/Debug/UndeadEarth.Test.DLL" adapterTypeName="Microsoft.VisualStudio.TestTools.TestTypes.Unit.UnitTestAdapter, Microsoft.VisualStudio.QualityTools.Tips.UnitTest.Adapter, Version=10.0.0.0, Culture=neutral, PublicKeyToken=b03f5f7f11d50a3a" className="UndeadEarth.Test.Dal.when_saving_user, UndeadEarth.Test, Version=1.0.0.0, Culture=neutral, PublicKeyToken=null" name="should_throw_error_if_trying_to_update_base_line_energy_and_user_does_not_exist" />
    </UnitTest>
    <UnitTest name="should_return_achievement_for_traveling_10000_miles" storage="c:\projects\undeadearth\undeadearth.test\bin\debug\undeadearth.test.dll" id="3871d8b4-607c-f461-9b36-17221688eb47">
      <Execution id="3ac42530-fa19-4737-b310-a68bdd7d3dd7" />
      <TestMethod codeBase="C:/Projects/UndeadEarth/UndeadEarth.Test/bin/Debug/UndeadEarth.Test.DLL" adapterTypeName="Microsoft.VisualStudio.TestTools.TestTypes.Unit.UnitTestAdapter, Microsoft.VisualStudio.QualityTools.Tips.UnitTest.Adapter, Version=10.0.0.0, Culture=neutral, PublicKeyToken=b03f5f7f11d50a3a" className="UndeadEarth.Test.Model.when_retrieving_achievements, UndeadEarth.Test, Version=1.0.0.0, Culture=neutral, PublicKeyToken=null" name="should_return_achievement_for_traveling_10000_miles" />
    </UnitTest>
    <UnitTest name="should_return_user_by_facebook_user_id" storage="c:\projects\undeadearth\undeadearth.test\bin\debug\undeadearth.test.dll" id="c5a39b6e-0b51-8275-3d9b-29919f35b9b0">
      <Execution id="eeaf77ed-2c30-4ae3-bd2e-fb1a75645fff" />
      <TestMethod codeBase="C:/Projects/UndeadEarth/UndeadEarth.Test/bin/Debug/UndeadEarth.Test.DLL" adapterTypeName="Microsoft.VisualStudio.TestTools.TestTypes.Unit.UnitTestAdapter, Microsoft.VisualStudio.QualityTools.Tips.UnitTest.Adapter, Version=10.0.0.0, Culture=neutral, PublicKeyToken=b03f5f7f11d50a3a" className="UndeadEarth.Test.Dal.when_retrieving_user, UndeadEarth.Test, Version=1.0.0.0, Culture=neutral, PublicKeyToken=null" name="should_return_user_by_facebook_user_id" />
    </UnitTest>
    <UnitTest name="should_return_true_if_safe_house_has_item" storage="c:\projects\undeadearth\undeadearth.test\bin\debug\undeadearth.test.dll" id="6d97d05d-3cb4-4245-56ca-8b9bbc35a993">
      <Execution id="31188552-09be-4071-8ceb-cb71b05acb56" />
      <TestMethod codeBase="C:/Projects/UndeadEarth/UndeadEarth.Test/bin/Debug/UndeadEarth.Test.DLL" adapterTypeName="Microsoft.VisualStudio.TestTools.TestTypes.Unit.UnitTestAdapter, Microsoft.VisualStudio.QualityTools.Tips.UnitTest.Adapter, Version=10.0.0.0, Culture=neutral, PublicKeyToken=b03f5f7f11d50a3a" className="UndeadEarth.Test.Dal.when_retrieving_safe_houses, UndeadEarth.Test, Version=1.0.0.0, Culture=neutral, PublicKeyToken=null" name="should_return_true_if_safe_house_has_item" />
    </UnitTest>
    <UnitTest name="should_return_achievement_for_peak_zombies_10" storage="c:\projects\undeadearth\undeadearth.test\bin\debug\undeadearth.test.dll" id="c0f6a7ca-70c4-38dc-b622-ea187fd81d6d">
      <Execution id="b491692d-ba7a-4a16-9929-b6f8e2e1651d" />
      <TestMethod codeBase="C:/Projects/UndeadEarth/UndeadEarth.Test/bin/Debug/UndeadEarth.Test.DLL" adapterTypeName="Microsoft.VisualStudio.TestTools.TestTypes.Unit.UnitTestAdapter, Microsoft.VisualStudio.QualityTools.Tips.UnitTest.Adapter, Version=10.0.0.0, Culture=neutral, PublicKeyToken=b03f5f7f11d50a3a" className="UndeadEarth.Test.Model.when_retrieving_achievements, UndeadEarth.Test, Version=1.0.0.0, Culture=neutral, PublicKeyToken=null" name="should_return_achievement_for_peak_zombies_10" />
    </UnitTest>
    <UnitTest name="should_increment_zombies_killed_for_user" storage="c:\projects\undeadearth\undeadearth.test\bin\debug\undeadearth.test.dll" id="f3fa3c96-f413-1277-0bee-c65969207b6c">
      <Execution id="bd10a178-48e4-49c0-8393-47abd5a1ba6f" />
      <TestMethod codeBase="C:/Projects/UndeadEarth/UndeadEarth.Test/bin/Debug/UndeadEarth.Test.DLL" adapterTypeName="Microsoft.VisualStudio.TestTools.TestTypes.Unit.UnitTestAdapter, Microsoft.VisualStudio.QualityTools.Tips.UnitTest.Adapter, Version=10.0.0.0, Culture=neutral, PublicKeyToken=b03f5f7f11d50a3a" className="UndeadEarth.Test.Dal.when_saving_user_counts, UndeadEarth.Test, Version=1.0.0.0, Culture=neutral, PublicKeyToken=null" name="should_increment_zombies_killed_for_user" />
    </UnitTest>
    <UnitTest name="should_return_correct_base_attack_power_for_given_level" storage="c:\projects\undeadearth\undeadearth.test\bin\debug\undeadearth.test.dll" id="f9b81dce-55e1-263a-0b23-09249cae8cd4">
      <Execution id="4b051a4d-d447-4c1b-8d9e-8dddc3c1a5af" />
      <TestMethod codeBase="C:/Projects/UndeadEarth/UndeadEarth.Test/bin/Debug/UndeadEarth.Test.DLL" adapterTypeName="Microsoft.VisualStudio.TestTools.TestTypes.Unit.UnitTestAdapter, Microsoft.VisualStudio.QualityTools.Tips.UnitTest.Adapter, Version=10.0.0.0, Culture=neutral, PublicKeyToken=b03f5f7f11d50a3a" className="UndeadEarth.Test.Model.when_servicing_user_level_and_attributes, UndeadEarth.Test, Version=1.0.0.0, Culture=neutral, PublicKeyToken=null" name="should_return_correct_base_attack_power_for_given_level" />
    </UnitTest>
    <UnitTest name="should_return_achievement_for_traveling_100000_miles" storage="c:\projects\undeadearth\undeadearth.test\bin\debug\undeadearth.test.dll" id="847097ef-3573-f329-f9db-f7704607c613">
      <Execution id="4b9eacb3-d7ff-4e41-b55e-d51f901f0e81" />
      <TestMethod codeBase="C:/Projects/UndeadEarth/UndeadEarth.Test/bin/Debug/UndeadEarth.Test.DLL" adapterTypeName="Microsoft.VisualStudio.TestTools.TestTypes.Unit.UnitTestAdapter, Microsoft.VisualStudio.QualityTools.Tips.UnitTest.Adapter, Version=10.0.0.0, Culture=neutral, PublicKeyToken=b03f5f7f11d50a3a" className="UndeadEarth.Test.Model.when_retrieving_achievements, UndeadEarth.Test, Version=1.0.0.0, Culture=neutral, PublicKeyToken=null" name="should_return_achievement_for_traveling_100000_miles" />
    </UnitTest>
    <UnitTest name="should_return_0_if_user_does_not_exist" storage="c:\projects\undeadearth\undeadearth.test\bin\debug\undeadearth.test.dll" id="65a45aea-1388-af89-1298-2c122710d67c">
      <Execution id="d2093858-2e1d-4c66-8dec-914062dd4e55" />
      <TestMethod codeBase="C:/Projects/UndeadEarth/UndeadEarth.Test/bin/Debug/UndeadEarth.Test.DLL" adapterTypeName="Microsoft.VisualStudio.TestTools.TestTypes.Unit.UnitTestAdapter, Microsoft.VisualStudio.QualityTools.Tips.UnitTest.Adapter, Version=10.0.0.0, Culture=neutral, PublicKeyToken=b03f5f7f11d50a3a" className="UndeadEarth.Test.Model.when_determining_users_max_energy, UndeadEarth.Test, Version=1.0.0.0, Culture=neutral, PublicKeyToken=null" name="should_return_0_if_user_does_not_exist" />
    </UnitTest>
    <UnitTest name="should_disregard_creation_if_location_specified_is_not_a_starting_hot_zone" storage="c:\projects\undeadearth\undeadearth.test\bin\debug\undeadearth.test.dll" id="58cdb593-e628-53cb-1ff9-a712c7cfa07d">
      <Execution id="e148c173-9635-4dd4-8c7e-f59eedcc3acd" />
      <TestMethod codeBase="C:/Projects/UndeadEarth/UndeadEarth.Test/bin/Debug/UndeadEarth.Test.DLL" adapterTypeName="Microsoft.VisualStudio.TestTools.TestTypes.Unit.UnitTestAdapter, Microsoft.VisualStudio.QualityTools.Tips.UnitTest.Adapter, Version=10.0.0.0, Culture=neutral, PublicKeyToken=b03f5f7f11d50a3a" className="UndeadEarth.Test.Model.when_creating_user, UndeadEarth.Test, Version=1.0.0.0, Culture=neutral, PublicKeyToken=null" name="should_disregard_creation_if_location_specified_is_not_a_starting_hot_zone" />
    </UnitTest>
    <UnitTest name="should_return_achievement_for_traveling_100_miles" storage="c:\projects\undeadearth\undeadearth.test\bin\debug\undeadearth.test.dll" id="7b6f7aba-399c-6729-f243-4ff68995d88e">
      <Execution id="51905e93-539a-4e7d-b93e-18313df4a81a" />
      <TestMethod codeBase="C:/Projects/UndeadEarth/UndeadEarth.Test/bin/Debug/UndeadEarth.Test.DLL" adapterTypeName="Microsoft.VisualStudio.TestTools.TestTypes.Unit.UnitTestAdapter, Microsoft.VisualStudio.QualityTools.Tips.UnitTest.Adapter, Version=10.0.0.0, Culture=neutral, PublicKeyToken=b03f5f7f11d50a3a" className="UndeadEarth.Test.Model.when_retrieving_achievements, UndeadEarth.Test, Version=1.0.0.0, Culture=neutral, PublicKeyToken=null" name="should_return_achievement_for_traveling_100_miles" />
    </UnitTest>
    <UnitTest name="given_user_has_money_and_items_in_safe_house_and_can_buy_items_should_return_best_combination" storage="c:\projects\undeadearth\undeadearth.test\bin\debug\undeadearth.test.dll" id="cfb75f84-eedb-9c69-8ad1-7d1a16a63ca8">
      <Execution id="65680625-dbe4-4c7b-b6fe-93c48d0f278c" />
      <TestMethod codeBase="C:/Projects/UndeadEarth/UndeadEarth.Test/bin/Debug/UndeadEarth.Test.DLL" adapterTypeName="Microsoft.VisualStudio.TestTools.TestTypes.Unit.UnitTestAdapter, Microsoft.VisualStudio.QualityTools.Tips.UnitTest.Adapter, Version=10.0.0.0, Culture=neutral, PublicKeyToken=b03f5f7f11d50a3a" className="UndeadEarth.Test.Model.when_determining_users_max_potential_attack_power, UndeadEarth.Test, Version=1.0.0.0, Culture=neutral, PublicKeyToken=null" name="given_user_has_money_and_items_in_safe_house_and_can_buy_items_should_return_best_combination" />
    </UnitTest>
    <UnitTest name="should_return_hotzone_id_containing_zombie_pack" storage="c:\projects\undeadearth\undeadearth.test\bin\debug\undeadearth.test.dll" id="e26f0cbc-ec75-e273-f755-4a50e6a1f30a">
      <Execution id="bae14ca3-994b-44b3-b2e4-d8206f8439e3" />
      <TestMethod codeBase="C:/Projects/UndeadEarth/UndeadEarth.Test/bin/Debug/UndeadEarth.Test.DLL" adapterTypeName="Microsoft.VisualStudio.TestTools.TestTypes.Unit.UnitTestAdapter, Microsoft.VisualStudio.QualityTools.Tips.UnitTest.Adapter, Version=10.0.0.0, Culture=neutral, PublicKeyToken=b03f5f7f11d50a3a" className="UndeadEarth.Test.Dal.when_retrieving_zombie_packs, UndeadEarth.Test, Version=1.0.0.0, Culture=neutral, PublicKeyToken=null" name="should_return_hotzone_id_containing_zombie_pack" />
    </UnitTest>
    <UnitTest name="should_return_false_if_zombie_pack_is_not_destroyed_by_user" storage="c:\projects\undeadearth\undeadearth.test\bin\debug\undeadearth.test.dll" id="27dffa83-35e8-a35a-74a3-14e94b831d3a">
      <Execution id="5bbc4f8a-585e-4130-b157-6000c70c1ba8" />
      <TestMethod codeBase="C:/Projects/UndeadEarth/UndeadEarth.Test/bin/Debug/UndeadEarth.Test.DLL" adapterTypeName="Microsoft.VisualStudio.TestTools.TestTypes.Unit.UnitTestAdapter, Microsoft.VisualStudio.QualityTools.Tips.UnitTest.Adapter, Version=10.0.0.0, Culture=neutral, PublicKeyToken=b03f5f7f11d50a3a" className="UndeadEarth.Test.Dal.when_retrieving_user_zombie_pack_progress, UndeadEarth.Test, Version=1.0.0.0, Culture=neutral, PublicKeyToken=null" name="should_return_false_if_zombie_pack_is_not_destroyed_by_user" />
    </UnitTest>
    <UnitTest name="should_return_true_if_store_exists" storage="c:\projects\undeadearth\undeadearth.test\bin\debug\undeadearth.test.dll" id="31907ecc-7480-4064-cd3b-514e2ff26de7">
      <Execution id="b9140378-00c4-4c5a-8e68-fcde750fd82e" />
      <TestMethod codeBase="C:/Projects/UndeadEarth/UndeadEarth.Test/bin/Debug/UndeadEarth.Test.DLL" adapterTypeName="Microsoft.VisualStudio.TestTools.TestTypes.Unit.UnitTestAdapter, Microsoft.VisualStudio.QualityTools.Tips.UnitTest.Adapter, Version=10.0.0.0, Culture=neutral, PublicKeyToken=b03f5f7f11d50a3a" className="UndeadEarth.Test.Dal.when_retrieving_stores, UndeadEarth.Test, Version=1.0.0.0, Culture=neutral, PublicKeyToken=null" name="should_return_true_if_store_exists" />
    </UnitTest>
    <UnitTest name="should_return_0_for_energy_if_user_does_not_exist" storage="c:\projects\undeadearth\undeadearth.test\bin\debug\undeadearth.test.dll" id="b32170cc-6301-2795-2015-78cba1f92dc0">
      <Execution id="b8dc199c-bfb3-4b5f-8dd7-576cf005bb1b" />
      <TestMethod codeBase="C:/Projects/UndeadEarth/UndeadEarth.Test/bin/Debug/UndeadEarth.Test.DLL" adapterTypeName="Microsoft.VisualStudio.TestTools.TestTypes.Unit.UnitTestAdapter, Microsoft.VisualStudio.QualityTools.Tips.UnitTest.Adapter, Version=10.0.0.0, Culture=neutral, PublicKeyToken=b03f5f7f11d50a3a" className="UndeadEarth.Test.Model.when_determining_users_max_potential_energy, UndeadEarth.Test, Version=1.0.0.0, Culture=neutral, PublicKeyToken=null" name="should_return_0_for_energy_if_user_does_not_exist" />
    </UnitTest>
    <UnitTest name="should_return_zombie_packs_destroyed" storage="c:\projects\undeadearth\undeadearth.test\bin\debug\undeadearth.test.dll" id="95004e80-f255-f931-0117-595d4516dea1">
      <Execution id="60bfbb9d-fae1-4073-9328-cf968b5f3f7d" />
      <TestMethod codeBase="C:/Projects/UndeadEarth/UndeadEarth.Test/bin/Debug/UndeadEarth.Test.DLL" adapterTypeName="Microsoft.VisualStudio.TestTools.TestTypes.Unit.UnitTestAdapter, Microsoft.VisualStudio.QualityTools.Tips.UnitTest.Adapter, Version=10.0.0.0, Culture=neutral, PublicKeyToken=b03f5f7f11d50a3a" className="UndeadEarth.Test.Dal.when_retrieving_user_counts, UndeadEarth.Test, Version=1.0.0.0, Culture=neutral, PublicKeyToken=null" name="should_return_zombie_packs_destroyed" />
    </UnitTest>
    <UnitTest name="should_disregard_one_use_items_that_can_be_bought" storage="c:\projects\undeadearth\undeadearth.test\bin\debug\undeadearth.test.dll" id="e9706036-01bc-4fd1-60c9-f67ac8f10adb">
      <Execution id="7485d5a7-f2de-4175-8989-1b717b64526b" />
      <TestMethod codeBase="C:/Projects/UndeadEarth/UndeadEarth.Test/bin/Debug/UndeadEarth.Test.DLL" adapterTypeName="Microsoft.VisualStudio.TestTools.TestTypes.Unit.UnitTestAdapter, Microsoft.VisualStudio.QualityTools.Tips.UnitTest.Adapter, Version=10.0.0.0, Culture=neutral, PublicKeyToken=b03f5f7f11d50a3a" className="UndeadEarth.Test.Model.when_determining_users_max_potential_attack_power, UndeadEarth.Test, Version=1.0.0.0, Culture=neutral, PublicKeyToken=null" name="should_disregard_one_use_items_that_can_be_bought" />
    </UnitTest>
    <UnitTest name="should_throw_error_if_trying_update_user_level_and_user_does_not_exist" storage="c:\projects\undeadearth\undeadearth.test\bin\debug\undeadearth.test.dll" id="9a78eead-dd54-3b88-317e-c7ec25cf0f93">
      <Execution id="f30c27b4-33f4-4883-b548-f0ce6646d0bd" />
      <TestMethod codeBase="C:/Projects/UndeadEarth/UndeadEarth.Test/bin/Debug/UndeadEarth.Test.DLL" adapterTypeName="Microsoft.VisualStudio.TestTools.TestTypes.Unit.UnitTestAdapter, Microsoft.VisualStudio.QualityTools.Tips.UnitTest.Adapter, Version=10.0.0.0, Culture=neutral, PublicKeyToken=b03f5f7f11d50a3a" className="UndeadEarth.Test.Dal.when_saving_user, UndeadEarth.Test, Version=1.0.0.0, Culture=neutral, PublicKeyToken=null" name="should_throw_error_if_trying_update_user_level_and_user_does_not_exist" />
    </UnitTest>
    <UnitTest name="should_return_achievement_for_collecting_10_dollars" storage="c:\projects\undeadearth\undeadearth.test\bin\debug\undeadearth.test.dll" id="66169587-8c61-bb11-f455-fab6b8497218">
      <Execution id="559884d1-6ab0-4165-ad65-9c8914c9bffb" />
      <TestMethod codeBase="C:/Projects/UndeadEarth/UndeadEarth.Test/bin/Debug/UndeadEarth.Test.DLL" adapterTypeName="Microsoft.VisualStudio.TestTools.TestTypes.Unit.UnitTestAdapter, Microsoft.VisualStudio.QualityTools.Tips.UnitTest.Adapter, Version=10.0.0.0, Culture=neutral, PublicKeyToken=b03f5f7f11d50a3a" className="UndeadEarth.Test.Model.when_retrieving_achievements, UndeadEarth.Test, Version=1.0.0.0, Culture=neutral, PublicKeyToken=null" name="should_return_achievement_for_collecting_10_dollars" />
    </UnitTest>
    <UnitTest name="should_save_user_max_energy" storage="c:\projects\undeadearth\undeadearth.test\bin\debug\undeadearth.test.dll" id="aaf613d0-debf-b348-f6a8-625b151b543d">
      <Execution id="b3dfe539-ba6d-4f8e-87a1-3dcd4b78206c" />
      <TestMethod codeBase="C:/Projects/UndeadEarth/UndeadEarth.Test/bin/Debug/UndeadEarth.Test.DLL" adapterTypeName="Microsoft.VisualStudio.TestTools.TestTypes.Unit.UnitTestAdapter, Microsoft.VisualStudio.QualityTools.Tips.UnitTest.Adapter, Version=10.0.0.0, Culture=neutral, PublicKeyToken=b03f5f7f11d50a3a" className="UndeadEarth.Test.Dal.when_saving_user_sight_radius, UndeadEarth.Test, Version=1.0.0.0, Culture=neutral, PublicKeyToken=null" name="should_save_user_max_energy" />
    </UnitTest>
    <UnitTest name="should_return_false_if_store_does_not_exist" storage="c:\projects\undeadearth\undeadearth.test\bin\debug\undeadearth.test.dll" id="a5d1a057-084a-abb3-2d76-06c401ccb8d8">
      <Execution id="85b08b3d-eb45-44e1-a0da-1293b06202b9" />
      <TestMethod codeBase="C:/Projects/UndeadEarth/UndeadEarth.Test/bin/Debug/UndeadEarth.Test.DLL" adapterTypeName="Microsoft.VisualStudio.TestTools.TestTypes.Unit.UnitTestAdapter, Microsoft.VisualStudio.QualityTools.Tips.UnitTest.Adapter, Version=10.0.0.0, Culture=neutral, PublicKeyToken=b03f5f7f11d50a3a" className="UndeadEarth.Test.Dal.when_retrieving_stores, UndeadEarth.Test, Version=1.0.0.0, Culture=neutral, PublicKeyToken=null" name="should_return_false_if_store_does_not_exist" />
    </UnitTest>
    <UnitTest name="should_return_null_if_single_hotzone_doesnt_exist" storage="c:\projects\undeadearth\undeadearth.test\bin\debug\undeadearth.test.dll" id="9f145708-6c3c-b063-e40e-7d892e8c9ec8">
      <Execution id="3d7432d4-e044-4d39-b5a2-4dea4ef9eba2" />
      <TestMethod codeBase="C:/Projects/UndeadEarth/UndeadEarth.Test/bin/Debug/UndeadEarth.Test.DLL" adapterTypeName="Microsoft.VisualStudio.TestTools.TestTypes.Unit.UnitTestAdapter, Microsoft.VisualStudio.QualityTools.Tips.UnitTest.Adapter, Version=10.0.0.0, Culture=neutral, PublicKeyToken=b03f5f7f11d50a3a" className="UndeadEarth.Test.Dal.when_retrieving_hot_zones, UndeadEarth.Test, Version=1.0.0.0, Culture=neutral, PublicKeyToken=null" name="should_return_null_if_single_hotzone_doesnt_exist" />
    </UnitTest>
    <UnitTest name="should_return_users_base_sight_radius_if_user_does_not_have_any_items" storage="c:\projects\undeadearth\undeadearth.test\bin\debug\undeadearth.test.dll" id="d39a97f0-a02b-13f3-00ff-3ebdf64857ec">
      <Execution id="94963fdc-6902-4615-a41c-d082f54a7e23" />
      <TestMethod codeBase="C:/Projects/UndeadEarth/UndeadEarth.Test/bin/Debug/UndeadEarth.Test.DLL" adapterTypeName="Microsoft.VisualStudio.TestTools.TestTypes.Unit.UnitTestAdapter, Microsoft.VisualStudio.QualityTools.Tips.UnitTest.Adapter, Version=10.0.0.0, Culture=neutral, PublicKeyToken=b03f5f7f11d50a3a" className="UndeadEarth.Test.Model.when_determining_users_min_sight_radius, UndeadEarth.Test, Version=1.0.0.0, Culture=neutral, PublicKeyToken=null" name="should_return_users_base_sight_radius_if_user_does_not_have_any_items" />
    </UnitTest>
    <UnitTest name="should_return_one_for_attack_power_if_user_exists_but_does_not_have_any_inventory" storage="c:\projects\undeadearth\undeadearth.test\bin\debug\undeadearth.test.dll" id="db113e6e-fe96-562f-4c9e-fac3dbaaeedc">
      <Execution id="a2641da4-ead0-4aea-883f-ee91b654c9c9" />
      <TestMethod codeBase="C:/Projects/UndeadEarth/UndeadEarth.Test/bin/Debug/UndeadEarth.Test.DLL" adapterTypeName="Microsoft.VisualStudio.TestTools.TestTypes.Unit.UnitTestAdapter, Microsoft.VisualStudio.QualityTools.Tips.UnitTest.Adapter, Version=10.0.0.0, Culture=neutral, PublicKeyToken=b03f5f7f11d50a3a" className="UndeadEarth.Test.Model.when_retrieving_user_attack_power, UndeadEarth.Test, Version=1.0.0.0, Culture=neutral, PublicKeyToken=null" name="should_return_one_for_attack_power_if_user_exists_but_does_not_have_any_inventory" />
    </UnitTest>
    <UnitTest name="should_disregard_if_user_does_not_have_item" storage="c:\projects\undeadearth\undeadearth.test\bin\debug\undeadearth.test.dll" id="ce354fe1-08e2-7958-e209-2621b563d1da">
      <Execution id="f6a5597b-fad7-4194-9973-3f532560a0e1" />
      <TestMethod codeBase="C:/Projects/UndeadEarth/UndeadEarth.Test/bin/Debug/UndeadEarth.Test.DLL" adapterTypeName="Microsoft.VisualStudio.TestTools.TestTypes.Unit.UnitTestAdapter, Microsoft.VisualStudio.QualityTools.Tips.UnitTest.Adapter, Version=10.0.0.0, Culture=neutral, PublicKeyToken=b03f5f7f11d50a3a" className="UndeadEarth.Test.Model.when_transferring_items_from_user_to_safe_house, UndeadEarth.Test, Version=1.0.0.0, Culture=neutral, PublicKeyToken=null" name="should_disregard_if_user_does_not_have_item" />
    </UnitTest>
    <UnitTest name="should_return_an_empty_progress_if_user_does_not_exist" storage="c:\projects\undeadearth\undeadearth.test\bin\debug\undeadearth.test.dll" id="578c1082-4447-f4a0-bed7-4e23d16f558c">
      <Execution id="d12d011d-0b9c-4aa1-bb6c-fc86cd533543" />
      <TestMethod codeBase="C:/Projects/UndeadEarth/UndeadEarth.Test/bin/Debug/UndeadEarth.Test.DLL" adapterTypeName="Microsoft.VisualStudio.TestTools.TestTypes.Unit.UnitTestAdapter, Microsoft.VisualStudio.QualityTools.Tips.UnitTest.Adapter, Version=10.0.0.0, Culture=neutral, PublicKeyToken=b03f5f7f11d50a3a" className="UndeadEarth.Test.Model.when_determining_zombie_pack_progress, UndeadEarth.Test, Version=1.0.0.0, Culture=neutral, PublicKeyToken=null" name="should_return_an_empty_progress_if_user_does_not_exist" />
    </UnitTest>
    <UnitTest name="should_save_user_last_energy" storage="c:\projects\undeadearth\undeadearth.test\bin\debug\undeadearth.test.dll" id="b9daaf02-a2df-fc67-bf09-91db90f1040d">
      <Execution id="fcea2315-0228-4822-92a7-4a8a80b296a6" />
      <TestMethod codeBase="C:/Projects/UndeadEarth/UndeadEarth.Test/bin/Debug/UndeadEarth.Test.DLL" adapterTypeName="Microsoft.VisualStudio.TestTools.TestTypes.Unit.UnitTestAdapter, Microsoft.VisualStudio.QualityTools.Tips.UnitTest.Adapter, Version=10.0.0.0, Culture=neutral, PublicKeyToken=b03f5f7f11d50a3a" className="UndeadEarth.Test.Dal.Utility.when_saving_user_energy, UndeadEarth.Test, Version=1.0.0.0, Culture=neutral, PublicKeyToken=null" name="should_save_user_last_energy" />
    </UnitTest>
    <UnitTest name="should_set_user_level" storage="c:\projects\undeadearth\undeadearth.test\bin\debug\undeadearth.test.dll" id="a7658188-1d86-06a8-b6f3-6e5c757f83b4">
      <Execution id="591d9812-2de2-4faf-b4e6-ee3d493ff65d" />
      <TestMethod codeBase="C:/Projects/UndeadEarth/UndeadEarth.Test/bin/Debug/UndeadEarth.Test.DLL" adapterTypeName="Microsoft.VisualStudio.TestTools.TestTypes.Unit.UnitTestAdapter, Microsoft.VisualStudio.QualityTools.Tips.UnitTest.Adapter, Version=10.0.0.0, Culture=neutral, PublicKeyToken=b03f5f7f11d50a3a" className="UndeadEarth.Test.Dal.when_saving_user, UndeadEarth.Test, Version=1.0.0.0, Culture=neutral, PublicKeyToken=null" name="should_set_user_level" />
    </UnitTest>
    <UnitTest name="should_throw_error_if_trying_to_update_user_inventory_amount_and_user_does_not_exist" storage="c:\projects\undeadearth\undeadearth.test\bin\debug\undeadearth.test.dll" id="38152b9e-3e48-dd5e-0e37-b7a27de7e225">
      <Execution id="981f17a7-3ff0-4f1e-9434-b302cbda83f0" />
      <TestMethod codeBase="C:/Projects/UndeadEarth/UndeadEarth.Test/bin/Debug/UndeadEarth.Test.DLL" adapterTypeName="Microsoft.VisualStudio.TestTools.TestTypes.Unit.UnitTestAdapter, Microsoft.VisualStudio.QualityTools.Tips.UnitTest.Adapter, Version=10.0.0.0, Culture=neutral, PublicKeyToken=b03f5f7f11d50a3a" className="UndeadEarth.Test.Dal.when_saving_user, UndeadEarth.Test, Version=1.0.0.0, Culture=neutral, PublicKeyToken=null" name="should_throw_error_if_trying_to_update_user_inventory_amount_and_user_does_not_exist" />
    </UnitTest>
    <UnitTest name="should_return_a_hunt_count_of_10_to_15_if_resolved_as_an_medium_hotzone" storage="c:\projects\undeadearth\undeadearth.test\bin\debug\undeadearth.test.dll" id="b18d1727-ecb0-0941-0114-d84e798714f5">
      <Execution id="9859d0fe-2381-427e-a247-85f2de46b4ef" />
      <TestMethod codeBase="C:/Projects/UndeadEarth/UndeadEarth.Test/bin/Debug/UndeadEarth.Test.DLL" adapterTypeName="Microsoft.VisualStudio.TestTools.TestTypes.Unit.UnitTestAdapter, Microsoft.VisualStudio.QualityTools.Tips.UnitTest.Adapter, Version=10.0.0.0, Culture=neutral, PublicKeyToken=b03f5f7f11d50a3a" className="UndeadEarth.Test.Model.when_determining_zombie_pack_progress, UndeadEarth.Test, Version=1.0.0.0, Culture=neutral, PublicKeyToken=null" name="should_return_a_hunt_count_of_10_to_15_if_resolved_as_an_medium_hotzone" />
    </UnitTest>
    <UnitTest name="should_return_0_if_time_passed_into_calculate_sight_radius_is_less_than_the_last_saved_sight_radius_record" storage="c:\projects\undeadearth\undeadearth.test\bin\debug\undeadearth.test.dll" id="1426a62d-a078-b4b5-817b-9f560bfc1dfe">
      <Execution id="d112f9d1-96f2-475e-bb14-167d8db5d68e" />
      <TestMethod codeBase="C:/Projects/UndeadEarth/UndeadEarth.Test/bin/Debug/UndeadEarth.Test.DLL" adapterTypeName="Microsoft.VisualStudio.TestTools.TestTypes.Unit.UnitTestAdapter, Microsoft.VisualStudio.QualityTools.Tips.UnitTest.Adapter, Version=10.0.0.0, Culture=neutral, PublicKeyToken=b03f5f7f11d50a3a" className="UndeadEarth.Test.Model.when_determining_users_current_sight_radius, UndeadEarth.Test, Version=1.0.0.0, Culture=neutral, PublicKeyToken=null" name="should_return_0_if_time_passed_into_calculate_sight_radius_is_less_than_the_last_saved_sight_radius_record" />
    </UnitTest>
    <UnitTest name="should_update_users_inventory_amount" storage="c:\projects\undeadearth\undeadearth.test\bin\debug\undeadearth.test.dll" id="bdc5cf0e-b6b0-aab1-b4c9-cfdf4e4262c3">
      <Execution id="ddc6ac06-cf84-4a87-a107-894a58442d1b" />
      <TestMethod codeBase="C:/Projects/UndeadEarth/UndeadEarth.Test/bin/Debug/UndeadEarth.Test.DLL" adapterTypeName="Microsoft.VisualStudio.TestTools.TestTypes.Unit.UnitTestAdapter, Microsoft.VisualStudio.QualityTools.Tips.UnitTest.Adapter, Version=10.0.0.0, Culture=neutral, PublicKeyToken=b03f5f7f11d50a3a" className="UndeadEarth.Test.Dal.when_saving_user, UndeadEarth.Test, Version=1.0.0.0, Culture=neutral, PublicKeyToken=null" name="should_update_users_inventory_amount" />
    </UnitTest>
    <UnitTest name="should_return_base_sight_radius_for_user" storage="c:\projects\undeadearth\undeadearth.test\bin\debug\undeadearth.test.dll" id="05ef1086-81f0-526c-3f9d-15b7821d9bae">
      <Execution id="7e392f7c-425e-47af-937d-e60f95852025" />
      <TestMethod codeBase="C:/Projects/UndeadEarth/UndeadEarth.Test/bin/Debug/UndeadEarth.Test.DLL" adapterTypeName="Microsoft.VisualStudio.TestTools.TestTypes.Unit.UnitTestAdapter, Microsoft.VisualStudio.QualityTools.Tips.UnitTest.Adapter, Version=10.0.0.0, Culture=neutral, PublicKeyToken=b03f5f7f11d50a3a" className="UndeadEarth.Test.Dal.when_retrieving_user_sight_radius, UndeadEarth.Test, Version=1.0.0.0, Culture=neutral, PublicKeyToken=null" name="should_return_base_sight_radius_for_user" />
    </UnitTest>
    <UnitTest name="should_return_false_if_hotzone_is_not_a_starting_hotzone" storage="c:\projects\undeadearth\undeadearth.test\bin\debug\undeadearth.test.dll" id="e08ed2a3-8471-3997-30af-ab81916e00cb">
      <Execution id="1574b05a-e5e6-4e42-84c3-99cf551da18d" />
      <TestMethod codeBase="C:/Projects/UndeadEarth/UndeadEarth.Test/bin/Debug/UndeadEarth.Test.DLL" adapterTypeName="Microsoft.VisualStudio.TestTools.TestTypes.Unit.UnitTestAdapter, Microsoft.VisualStudio.QualityTools.Tips.UnitTest.Adapter, Version=10.0.0.0, Culture=neutral, PublicKeyToken=b03f5f7f11d50a3a" className="UndeadEarth.Test.Dal.when_retrieving_hot_zones, UndeadEarth.Test, Version=1.0.0.0, Culture=neutral, PublicKeyToken=null" name="should_return_false_if_hotzone_is_not_a_starting_hotzone" />
    </UnitTest>
    <UnitTest name="should_return_achievement_for_collecting_100_dollars" storage="c:\projects\undeadearth\undeadearth.test\bin\debug\undeadearth.test.dll" id="d9d60eb2-6c40-96e0-e46e-37fba7b51acb">
      <Execution id="e698dc8c-2c90-415d-b0f4-8da83d1e70c4" />
      <TestMethod codeBase="C:/Projects/UndeadEarth/UndeadEarth.Test/bin/Debug/UndeadEarth.Test.DLL" adapterTypeName="Microsoft.VisualStudio.TestTools.TestTypes.Unit.UnitTestAdapter, Microsoft.VisualStudio.QualityTools.Tips.UnitTest.Adapter, Version=10.0.0.0, Culture=neutral, PublicKeyToken=b03f5f7f11d50a3a" className="UndeadEarth.Test.Model.when_retrieving_achievements, UndeadEarth.Test, Version=1.0.0.0, Culture=neutral, PublicKeyToken=null" name="should_return_achievement_for_collecting_100_dollars" />
    </UnitTest>
    <UnitTest name="should_return_last_sight_radius_saved_If_there_is_no_difference_between_the_current_time_passed_in_and_the_last_saved_sight_radius_from_the_repository" storage="c:\projects\undeadearth\undeadearth.test\bin\debug\undeadearth.test.dll" id="5af90bb7-e3b0-b5e7-29f7-fc8b0902be24">
      <Execution id="3fd622f8-7632-4dcb-b0d2-53a0774befaa" />
      <TestMethod codeBase="C:/Projects/UndeadEarth/UndeadEarth.Test/bin/Debug/UndeadEarth.Test.DLL" adapterTypeName="Microsoft.VisualStudio.TestTools.TestTypes.Unit.UnitTestAdapter, Microsoft.VisualStudio.QualityTools.Tips.UnitTest.Adapter, Version=10.0.0.0, Culture=neutral, PublicKeyToken=b03f5f7f11d50a3a" className="UndeadEarth.Test.Model.when_determining_users_current_sight_radius, UndeadEarth.Test, Version=1.0.0.0, Culture=neutral, PublicKeyToken=null" name="should_return_last_sight_radius_saved_If_there_is_no_difference_between_the_current_time_passed_in_and_the_last_saved_sight_radius_from_the_repository" />
    </UnitTest>
    <UnitTest name="should_return_remaining_zombie_packs_in_hot_zones" storage="c:\projects\undeadearth\undeadearth.test\bin\debug\undeadearth.test.dll" id="2528801b-adfc-fc02-0810-867a75b047c9">
      <Execution id="badcf79f-3709-4b36-8106-cc0d5350fc69" />
      <TestMethod codeBase="C:/Projects/UndeadEarth/UndeadEarth.Test/bin/Debug/UndeadEarth.Test.DLL" adapterTypeName="Microsoft.VisualStudio.TestTools.TestTypes.Unit.UnitTestAdapter, Microsoft.VisualStudio.QualityTools.Tips.UnitTest.Adapter, Version=10.0.0.0, Culture=neutral, PublicKeyToken=b03f5f7f11d50a3a" className="UndeadEarth.Test.Dal.when_retrieving_hot_zones, UndeadEarth.Test, Version=1.0.0.0, Culture=neutral, PublicKeyToken=null" name="should_return_remaining_zombie_packs_in_hot_zones" />
    </UnitTest>
    <UnitTest name="should_return_true_if_zombie_pack_is_destroyed_by_user" storage="c:\projects\undeadearth\undeadearth.test\bin\debug\undeadearth.test.dll" id="461819df-bed1-d7c5-29ce-bdee0f8eaaa2">
      <Execution id="df8b909b-269a-40fd-9d8b-39f2d7933479" />
      <TestMethod codeBase="C:/Projects/UndeadEarth/UndeadEarth.Test/bin/Debug/UndeadEarth.Test.DLL" adapterTypeName="Microsoft.VisualStudio.TestTools.TestTypes.Unit.UnitTestAdapter, Microsoft.VisualStudio.QualityTools.Tips.UnitTest.Adapter, Version=10.0.0.0, Culture=neutral, PublicKeyToken=b03f5f7f11d50a3a" className="UndeadEarth.Test.Dal.when_retrieving_user_zombie_pack_progress, UndeadEarth.Test, Version=1.0.0.0, Culture=neutral, PublicKeyToken=null" name="should_return_true_if_zombie_pack_is_destroyed_by_user" />
    </UnitTest>
    <UnitTest name="should_not_throw_error_if_user_does_not_exist" storage="c:\projects\undeadearth\undeadearth.test\bin\debug\undeadearth.test.dll" id="ca1b8eb5-4ad5-3e56-62f6-d3c54fe84326">
      <Execution id="3c889df3-993f-456d-9308-e5cbdcc4772e" />
      <TestMethod codeBase="C:/Projects/UndeadEarth/UndeadEarth.Test/bin/Debug/UndeadEarth.Test.DLL" adapterTypeName="Microsoft.VisualStudio.TestTools.TestTypes.Unit.UnitTestAdapter, Microsoft.VisualStudio.QualityTools.Tips.UnitTest.Adapter, Version=10.0.0.0, Culture=neutral, PublicKeyToken=b03f5f7f11d50a3a" className="UndeadEarth.Test.Dal.when_saving_user, UndeadEarth.Test, Version=1.0.0.0, Culture=neutral, PublicKeyToken=null" name="should_not_throw_error_if_user_does_not_exist" />
    </UnitTest>
    <UnitTest name="should_increment_miles_count_for_user" storage="c:\projects\undeadearth\undeadearth.test\bin\debug\undeadearth.test.dll" id="2a84edfa-8723-e5ed-8953-7dd9bec52c09">
      <Execution id="c4418b6f-581d-4cfc-a6e7-d30452879c0b" />
      <TestMethod codeBase="C:/Projects/UndeadEarth/UndeadEarth.Test/bin/Debug/UndeadEarth.Test.DLL" adapterTypeName="Microsoft.VisualStudio.TestTools.TestTypes.Unit.UnitTestAdapter, Microsoft.VisualStudio.QualityTools.Tips.UnitTest.Adapter, Version=10.0.0.0, Culture=neutral, PublicKeyToken=b03f5f7f11d50a3a" className="UndeadEarth.Test.Dal.when_saving_user_counts, UndeadEarth.Test, Version=1.0.0.0, Culture=neutral, PublicKeyToken=null" name="should_increment_miles_count_for_user" />
    </UnitTest>
    <UnitTest name="should_return_baseline_energy_for_user_that_exists" storage="c:\projects\undeadearth\undeadearth.test\bin\debug\undeadearth.test.dll" id="7e9e7b54-d658-a1a5-ce5b-efa2cb03052c">
      <Execution id="50c14d9a-478e-45ac-885d-6a66146dc827" />
      <TestMethod codeBase="C:/Projects/UndeadEarth/UndeadEarth.Test/bin/Debug/UndeadEarth.Test.DLL" adapterTypeName="Microsoft.VisualStudio.TestTools.TestTypes.Unit.UnitTestAdapter, Microsoft.VisualStudio.QualityTools.Tips.UnitTest.Adapter, Version=10.0.0.0, Culture=neutral, PublicKeyToken=b03f5f7f11d50a3a" className="UndeadEarth.Test.Dal.when_retrieving_user, UndeadEarth.Test, Version=1.0.0.0, Culture=neutral, PublicKeyToken=null" name="should_return_baseline_energy_for_user_that_exists" />
    </UnitTest>
    <UnitTest name="should_return_null_if_zombie_pack_does_not_exist" storage="c:\projects\undeadearth\undeadearth.test\bin\debug\undeadearth.test.dll" id="9d81df93-5250-1a02-c112-738e62d8d757">
      <Execution id="883a4b3b-884c-4767-a7cd-538b4011144f" />
      <TestMethod codeBase="C:/Projects/UndeadEarth/UndeadEarth.Test/bin/Debug/UndeadEarth.Test.DLL" adapterTypeName="Microsoft.VisualStudio.TestTools.TestTypes.Unit.UnitTestAdapter, Microsoft.VisualStudio.QualityTools.Tips.UnitTest.Adapter, Version=10.0.0.0, Culture=neutral, PublicKeyToken=b03f5f7f11d50a3a" className="UndeadEarth.Test.Dal.when_retrieving_zombie_packs, UndeadEarth.Test, Version=1.0.0.0, Culture=neutral, PublicKeyToken=null" name="should_return_null_if_zombie_pack_does_not_exist" />
    </UnitTest>
    <UnitTest name="when_checking_user_level_and_zombie_kills_to_update_attributes_should_not_update_if_not_enough_zombie_kills" storage="c:\projects\undeadearth\undeadearth.test\bin\debug\undeadearth.test.dll" id="d9751d6d-b53f-ae7f-743d-a442b6a2d81c">
      <Execution id="0aaa2bf8-e05e-4c3d-ae5c-5fc244ff5d21" />
      <TestMethod codeBase="C:/Projects/UndeadEarth/UndeadEarth.Test/bin/Debug/UndeadEarth.Test.DLL" adapterTypeName="Microsoft.VisualStudio.TestTools.TestTypes.Unit.UnitTestAdapter, Microsoft.VisualStudio.QualityTools.Tips.UnitTest.Adapter, Version=10.0.0.0, Culture=neutral, PublicKeyToken=b03f5f7f11d50a3a" className="UndeadEarth.Test.Model.when_servicing_user_level_and_attributes, UndeadEarth.Test, Version=1.0.0.0, Culture=neutral, PublicKeyToken=null" name="when_checking_user_level_and_zombie_kills_to_update_attributes_should_not_update_if_not_enough_zombie_kills" />
    </UnitTest>
    <UnitTest name="should_update_users_zone_id_if_user_is_at_a_zombie_pack_location" storage="c:\projects\undeadearth\undeadearth.test\bin\debug\undeadearth.test.dll" id="ac6fd380-aa69-7042-79c1-72e377d208c7">
      <Execution id="d122118c-274e-4f45-a7be-c5b10322afee" />
      <TestMethod codeBase="C:/Projects/UndeadEarth/UndeadEarth.Test/bin/Debug/UndeadEarth.Test.DLL" adapterTypeName="Microsoft.VisualStudio.TestTools.TestTypes.Unit.UnitTestAdapter, Microsoft.VisualStudio.QualityTools.Tips.UnitTest.Adapter, Version=10.0.0.0, Culture=neutral, PublicKeyToken=b03f5f7f11d50a3a" className="UndeadEarth.Test.Model.when_hunting_for_zombies, UndeadEarth.Test, Version=1.0.0.0, Culture=neutral, PublicKeyToken=null" name="should_update_users_zone_id_if_user_is_at_a_zombie_pack_location" />
    </UnitTest>
    <UnitTest name="should_retrieve_single_hotzone" storage="c:\projects\undeadearth\undeadearth.test\bin\debug\undeadearth.test.dll" id="310db446-5a38-a2ff-c0c6-33525d60392a">
      <Execution id="3b586e41-c86a-4ae2-b094-c7fcd67fcdfe" />
      <TestMethod codeBase="C:/Projects/UndeadEarth/UndeadEarth.Test/bin/Debug/UndeadEarth.Test.DLL" adapterTypeName="Microsoft.VisualStudio.TestTools.TestTypes.Unit.UnitTestAdapter, Microsoft.VisualStudio.QualityTools.Tips.UnitTest.Adapter, Version=10.0.0.0, Culture=neutral, PublicKeyToken=b03f5f7f11d50a3a" className="UndeadEarth.Test.Dal.when_retrieving_hot_zones, UndeadEarth.Test, Version=1.0.0.0, Culture=neutral, PublicKeyToken=null" name="should_retrieve_single_hotzone" />
    </UnitTest>
    <UnitTest name="should_return_null_for_last_saved_energy_if_user_does_not_exist" storage="c:\projects\undeadearth\undeadearth.test\bin\debug\undeadearth.test.dll" id="83224f41-33be-cb5a-8243-f1cbb7067a6d">
      <Execution id="6b1a9cdd-b5bc-4c23-9e70-c43ff28d6179" />
      <TestMethod codeBase="C:/Projects/UndeadEarth/UndeadEarth.Test/bin/Debug/UndeadEarth.Test.DLL" adapterTypeName="Microsoft.VisualStudio.TestTools.TestTypes.Unit.UnitTestAdapter, Microsoft.VisualStudio.QualityTools.Tips.UnitTest.Adapter, Version=10.0.0.0, Culture=neutral, PublicKeyToken=b03f5f7f11d50a3a" className="UndeadEarth.Test.Dal.when_retrieving_user_energy, UndeadEarth.Test, Version=1.0.0.0, Culture=neutral, PublicKeyToken=null" name="should_return_null_for_last_saved_energy_if_user_does_not_exist" />
    </UnitTest>
    <UnitTest name="should_return_achievement_for_killing_1000000_zombies" storage="c:\projects\undeadearth\undeadearth.test\bin\debug\undeadearth.test.dll" id="8d764dc0-19cc-25ef-1223-85c01764c701">
      <Execution id="d2fecb3e-a9a2-4e5d-9359-341875d84739" />
      <TestMethod codeBase="C:/Projects/UndeadEarth/UndeadEarth.Test/bin/Debug/UndeadEarth.Test.DLL" adapterTypeName="Microsoft.VisualStudio.TestTools.TestTypes.Unit.UnitTestAdapter, Microsoft.VisualStudio.QualityTools.Tips.UnitTest.Adapter, Version=10.0.0.0, Culture=neutral, PublicKeyToken=b03f5f7f11d50a3a" className="UndeadEarth.Test.Model.when_retrieving_achievements, UndeadEarth.Test, Version=1.0.0.0, Culture=neutral, PublicKeyToken=null" name="should_return_achievement_for_killing_1000000_zombies" />
    </UnitTest>
    <UnitTest name="should_disregard_if_store_does_not_exist" storage="c:\projects\undeadearth\undeadearth.test\bin\debug\undeadearth.test.dll" id="eaf1ea02-9828-2113-565b-2356e5e99e6b">
      <Execution id="6aac10b1-9bfb-4ebd-8152-986fdadccfed" />
      <TestMethod codeBase="C:/Projects/UndeadEarth/UndeadEarth.Test/bin/Debug/UndeadEarth.Test.DLL" adapterTypeName="Microsoft.VisualStudio.TestTools.TestTypes.Unit.UnitTestAdapter, Microsoft.VisualStudio.QualityTools.Tips.UnitTest.Adapter, Version=10.0.0.0, Culture=neutral, PublicKeyToken=b03f5f7f11d50a3a" className="UndeadEarth.Test.Model.when_buying_items_from_shop, UndeadEarth.Test, Version=1.0.0.0, Culture=neutral, PublicKeyToken=null" name="should_disregard_if_store_does_not_exist" />
    </UnitTest>
    <UnitTest name="should_throw_error_when_returning_money_if_user_does_not_exist" storage="c:\projects\undeadearth\undeadearth.test\bin\debug\undeadearth.test.dll" id="aac835be-7dca-bf39-4e90-f32eb9f2669d">
      <Execution id="fa6d40b2-39cc-4077-b57b-0569a5c2978c" />
      <TestMethod codeBase="C:/Projects/UndeadEarth/UndeadEarth.Test/bin/Debug/UndeadEarth.Test.DLL" adapterTypeName="Microsoft.VisualStudio.TestTools.TestTypes.Unit.UnitTestAdapter, Microsoft.VisualStudio.QualityTools.Tips.UnitTest.Adapter, Version=10.0.0.0, Culture=neutral, PublicKeyToken=b03f5f7f11d50a3a" className="UndeadEarth.Test.Dal.when_retrieving_user, UndeadEarth.Test, Version=1.0.0.0, Culture=neutral, PublicKeyToken=null" name="should_throw_error_when_returning_money_if_user_does_not_exist" />
    </UnitTest>
    <UnitTest name="should_return_achievement_for_destroying_hotzone" storage="c:\projects\undeadearth\undeadearth.test\bin\debug\undeadearth.test.dll" id="f503de55-2c95-f110-a46c-919d6f50e064">
      <Execution id="e7a62416-7dac-49d5-8702-33cd746f74a7" />
      <TestMethod codeBase="C:/Projects/UndeadEarth/UndeadEarth.Test/bin/Debug/UndeadEarth.Test.DLL" adapterTypeName="Microsoft.VisualStudio.TestTools.TestTypes.Unit.UnitTestAdapter, Microsoft.VisualStudio.QualityTools.Tips.UnitTest.Adapter, Version=10.0.0.0, Culture=neutral, PublicKeyToken=b03f5f7f11d50a3a" className="UndeadEarth.Test.Model.when_retrieving_achievements, UndeadEarth.Test, Version=1.0.0.0, Culture=neutral, PublicKeyToken=null" name="should_return_achievement_for_destroying_hotzone" />
    </UnitTest>
    <UnitTest name="should_return_null_for_user_that_doesnt_exist" storage="c:\projects\undeadearth\undeadearth.test\bin\debug\undeadearth.test.dll" id="560e757d-7d9e-cf97-a66b-6eba9f0dbef7">
      <Execution id="c6be3591-ea23-4e86-92b9-c67c168c7837" />
      <TestMethod codeBase="C:/Projects/UndeadEarth/UndeadEarth.Test/bin/Debug/UndeadEarth.Test.DLL" adapterTypeName="Microsoft.VisualStudio.TestTools.TestTypes.Unit.UnitTestAdapter, Microsoft.VisualStudio.QualityTools.Tips.UnitTest.Adapter, Version=10.0.0.0, Culture=neutral, PublicKeyToken=b03f5f7f11d50a3a" className="UndeadEarth.Test.Dal.when_retrieving_user, UndeadEarth.Test, Version=1.0.0.0, Culture=neutral, PublicKeyToken=null" name="should_return_null_for_user_that_doesnt_exist" />
    </UnitTest>
    <UnitTest name="should_throw_error_when_returning_last_visited_hotzone_if_user_doesnt_exist" storage="c:\projects\undeadearth\undeadearth.test\bin\debug\undeadearth.test.dll" id="a082c5ab-9e9e-f9a3-c9b1-3688e77d4b93">
      <Execution id="d191e321-43fb-46a5-8cef-ef2e1ea63e74" />
      <TestMethod codeBase="C:/Projects/UndeadEarth/UndeadEarth.Test/bin/Debug/UndeadEarth.Test.DLL" adapterTypeName="Microsoft.VisualStudio.TestTools.TestTypes.Unit.UnitTestAdapter, Microsoft.VisualStudio.QualityTools.Tips.UnitTest.Adapter, Version=10.0.0.0, Culture=neutral, PublicKeyToken=b03f5f7f11d50a3a" className="UndeadEarth.Test.Dal.when_retrieving_user, UndeadEarth.Test, Version=1.0.0.0, Culture=neutral, PublicKeyToken=null" name="should_throw_error_when_returning_last_visited_hotzone_if_user_doesnt_exist" />
    </UnitTest>
    <UnitTest name="should_update_last_visited_hotzone_for_user" storage="c:\projects\undeadearth\undeadearth.test\bin\debug\undeadearth.test.dll" id="8ca88260-b717-95ca-37eb-ce8b3138fe45">
      <Execution id="735ed47b-3ad8-41a8-a0e4-41f32c7007b7" />
      <TestMethod codeBase="C:/Projects/UndeadEarth/UndeadEarth.Test/bin/Debug/UndeadEarth.Test.DLL" adapterTypeName="Microsoft.VisualStudio.TestTools.TestTypes.Unit.UnitTestAdapter, Microsoft.VisualStudio.QualityTools.Tips.UnitTest.Adapter, Version=10.0.0.0, Culture=neutral, PublicKeyToken=b03f5f7f11d50a3a" className="UndeadEarth.Test.Dal.when_saving_user, UndeadEarth.Test, Version=1.0.0.0, Culture=neutral, PublicKeyToken=null" name="should_update_last_visited_hotzone_for_user" />
    </UnitTest>
    <UnitTest name="should_disregard_if_user_does_not_exist" storage="c:\projects\undeadearth\undeadearth.test\bin\debug\undeadearth.test.dll" id="29506837-8c96-f6c6-14e0-93c8ab580351">
      <Execution id="62cc0267-cb66-4d5a-bb0d-a0a456148374" />
      <TestMethod codeBase="C:/Projects/UndeadEarth/UndeadEarth.Test/bin/Debug/UndeadEarth.Test.DLL" adapterTypeName="Microsoft.VisualStudio.TestTools.TestTypes.Unit.UnitTestAdapter, Microsoft.VisualStudio.QualityTools.Tips.UnitTest.Adapter, Version=10.0.0.0, Culture=neutral, PublicKeyToken=b03f5f7f11d50a3a" className="UndeadEarth.Test.Model.when_transferring_items_from_user_to_safe_house, UndeadEarth.Test, Version=1.0.0.0, Culture=neutral, PublicKeyToken=null" name="should_disregard_if_user_does_not_exist" />
    </UnitTest>
    <UnitTest name="should_return_base_energy_for_user" storage="c:\projects\undeadearth\undeadearth.test\bin\debug\undeadearth.test.dll" id="544cc1f1-3454-5e87-e24b-52c6acff6b61">
      <Execution id="04cf536e-fcb3-4a3f-9de4-427057e5bdb9" />
      <TestMethod codeBase="C:/Projects/UndeadEarth/UndeadEarth.Test/bin/Debug/UndeadEarth.Test.DLL" adapterTypeName="Microsoft.VisualStudio.TestTools.TestTypes.Unit.UnitTestAdapter, Microsoft.VisualStudio.QualityTools.Tips.UnitTest.Adapter, Version=10.0.0.0, Culture=neutral, PublicKeyToken=b03f5f7f11d50a3a" className="UndeadEarth.Test.Dal.when_retrieving_user_energy, UndeadEarth.Test, Version=1.0.0.0, Culture=neutral, PublicKeyToken=null" name="should_return_base_energy_for_user" />
    </UnitTest>
    <UnitTest name="should_save_item" storage="c:\projects\undeadearth\undeadearth.test\bin\debug\undeadearth.test.dll" id="e9fab572-8fef-43db-2f81-87bc2fbad50f">
      <Execution id="98ac79f6-5e7f-46fe-80b6-a4438588e7cf" />
      <TestMethod codeBase="C:/Projects/UndeadEarth/UndeadEarth.Test/bin/Debug/UndeadEarth.Test.DLL" adapterTypeName="Microsoft.VisualStudio.TestTools.TestTypes.Unit.UnitTestAdapter, Microsoft.VisualStudio.QualityTools.Tips.UnitTest.Adapter, Version=10.0.0.0, Culture=neutral, PublicKeyToken=b03f5f7f11d50a3a" className="UndeadEarth.Test.Dal.when_saving_user_items, UndeadEarth.Test, Version=1.0.0.0, Culture=neutral, PublicKeyToken=null" name="should_save_item" />
    </UnitTest>
    <UnitTest name="should_return_attack_power_along_with_any_attack_power_increase_from_buying_different_items_and_no_items_in_safehouse" storage="c:\projects\undeadearth\undeadearth.test\bin\debug\undeadearth.test.dll" id="bc2bbda1-dfbc-fff1-89f7-377eb332a077">
      <Execution id="158182f1-6e02-4d37-8fbf-ad0b7312dbd4" />
      <TestMethod codeBase="C:/Projects/UndeadEarth/UndeadEarth.Test/bin/Debug/UndeadEarth.Test.DLL" adapterTypeName="Microsoft.VisualStudio.TestTools.TestTypes.Unit.UnitTestAdapter, Microsoft.VisualStudio.QualityTools.Tips.UnitTest.Adapter, Version=10.0.0.0, Culture=neutral, PublicKeyToken=b03f5f7f11d50a3a" className="UndeadEarth.Test.Model.when_determining_users_max_potential_attack_power, UndeadEarth.Test, Version=1.0.0.0, Culture=neutral, PublicKeyToken=null" name="should_return_attack_power_along_with_any_attack_power_increase_from_buying_different_items_and_no_items_in_safehouse" />
    </UnitTest>
    <UnitTest name="should_return_true_if_item_does_exist" storage="c:\projects\undeadearth\undeadearth.test\bin\debug\undeadearth.test.dll" id="9d65c075-cd74-d595-76f3-d465e66be801">
      <Execution id="95c1a676-79e5-4774-be1d-0ce61e16376d" />
      <TestMethod codeBase="C:/Projects/UndeadEarth/UndeadEarth.Test/bin/Debug/UndeadEarth.Test.DLL" adapterTypeName="Microsoft.VisualStudio.TestTools.TestTypes.Unit.UnitTestAdapter, Microsoft.VisualStudio.QualityTools.Tips.UnitTest.Adapter, Version=10.0.0.0, Culture=neutral, PublicKeyToken=b03f5f7f11d50a3a" className="UndeadEarth.Test.Dal.when_retrieving_items, UndeadEarth.Test, Version=1.0.0.0, Culture=neutral, PublicKeyToken=null" name="should_return_true_if_item_does_exist" />
    </UnitTest>
    <UnitTest name="should_return_baseline_attack_power_for_user_that_exists" storage="c:\projects\undeadearth\undeadearth.test\bin\debug\undeadearth.test.dll" id="d51d0821-4280-76e7-8d6d-17b8ea1953f0">
      <Execution id="6bcd0a8b-0a35-4741-be11-fc055b4adc81" />
      <TestMethod codeBase="C:/Projects/UndeadEarth/UndeadEarth.Test/bin/Debug/UndeadEarth.Test.DLL" adapterTypeName="Microsoft.VisualStudio.TestTools.TestTypes.Unit.UnitTestAdapter, Microsoft.VisualStudio.QualityTools.Tips.UnitTest.Adapter, Version=10.0.0.0, Culture=neutral, PublicKeyToken=b03f5f7f11d50a3a" className="UndeadEarth.Test.Dal.when_retrieving_user, UndeadEarth.Test, Version=1.0.0.0, Culture=neutral, PublicKeyToken=null" name="should_return_baseline_attack_power_for_user_that_exists" />
    </UnitTest>
    <UnitTest name="should_throw_error_if_facebook_user_id_is_zero" storage="c:\projects\undeadearth\undeadearth.test\bin\debug\undeadearth.test.dll" id="6ee3e612-4bf5-4b89-e2d7-9da260f06cb5">
      <Execution id="7ef85988-31ac-4c0b-8b39-2f2f4c7fb783" />
      <TestMethod codeBase="C:/Projects/UndeadEarth/UndeadEarth.Test/bin/Debug/UndeadEarth.Test.DLL" adapterTypeName="Microsoft.VisualStudio.TestTools.TestTypes.Unit.UnitTestAdapter, Microsoft.VisualStudio.QualityTools.Tips.UnitTest.Adapter, Version=10.0.0.0, Culture=neutral, PublicKeyToken=b03f5f7f11d50a3a" className="UndeadEarth.Test.Dal.when_inserting_user, UndeadEarth.Test, Version=1.0.0.0, Culture=neutral, PublicKeyToken=null" name="should_throw_error_if_facebook_user_id_is_zero" />
    </UnitTest>
    <UnitTest name="should_return_achievement_for_killing_10_zombies" storage="c:\projects\undeadearth\undeadearth.test\bin\debug\undeadearth.test.dll" id="e731ae20-c844-7455-5d52-ca6eb82eb8c1">
      <Execution id="c838afc7-8704-4df0-aed0-7b97735e6da1" />
      <TestMethod codeBase="C:/Projects/UndeadEarth/UndeadEarth.Test/bin/Debug/UndeadEarth.Test.DLL" adapterTypeName="Microsoft.VisualStudio.TestTools.TestTypes.Unit.UnitTestAdapter, Microsoft.VisualStudio.QualityTools.Tips.UnitTest.Adapter, Version=10.0.0.0, Culture=neutral, PublicKeyToken=b03f5f7f11d50a3a" className="UndeadEarth.Test.Model.when_retrieving_achievements, UndeadEarth.Test, Version=1.0.0.0, Culture=neutral, PublicKeyToken=null" name="should_return_achievement_for_killing_10_zombies" />
    </UnitTest>
    <UnitTest name="should_return_peak_attack" storage="c:\projects\undeadearth\undeadearth.test\bin\debug\undeadearth.test.dll" id="8139f5f3-bee3-cd07-2820-fcf4f70f9ff0">
      <Execution id="9496fdca-ec8b-497f-9e5c-539a0d381a27" />
      <TestMethod codeBase="C:/Projects/UndeadEarth/UndeadEarth.Test/bin/Debug/UndeadEarth.Test.DLL" adapterTypeName="Microsoft.VisualStudio.TestTools.TestTypes.Unit.UnitTestAdapter, Microsoft.VisualStudio.QualityTools.Tips.UnitTest.Adapter, Version=10.0.0.0, Culture=neutral, PublicKeyToken=b03f5f7f11d50a3a" className="UndeadEarth.Test.Dal.when_retrieving_user_counts, UndeadEarth.Test, Version=1.0.0.0, Culture=neutral, PublicKeyToken=null" name="should_return_peak_attack" />
    </UnitTest>
    <UnitTest name="should_throw_error_when_returning_user_current_base_attack_if_user_doesnt_exist" storage="c:\projects\undeadearth\undeadearth.test\bin\debug\undeadearth.test.dll" id="c7989c99-7490-d68e-f8ba-99491ffceea3">
      <Execution id="082c7f9e-eb8a-44c9-89d1-d7298424d1b0" />
      <TestMethod codeBase="C:/Projects/UndeadEarth/UndeadEarth.Test/bin/Debug/UndeadEarth.Test.DLL" adapterTypeName="Microsoft.VisualStudio.TestTools.TestTypes.Unit.UnitTestAdapter, Microsoft.VisualStudio.QualityTools.Tips.UnitTest.Adapter, Version=10.0.0.0, Culture=neutral, PublicKeyToken=b03f5f7f11d50a3a" className="UndeadEarth.Test.Dal.when_retrieving_user, UndeadEarth.Test, Version=1.0.0.0, Culture=neutral, PublicKeyToken=null" name="should_throw_error_when_returning_user_current_base_attack_if_user_doesnt_exist" />
    </UnitTest>
    <UnitTest name="should_update_user_level_and_user_base_attack_and_user_base_energy_and_user_inventory_when_user_kills_enough_zombies_to_pass_level" storage="c:\projects\undeadearth\undeadearth.test\bin\debug\undeadearth.test.dll" id="bc231f56-0b8a-34bb-d73a-6bc2b970aa27">
      <Execution id="fee74385-39e7-48c7-907d-9049f807db4b" />
      <TestMethod codeBase="C:/Projects/UndeadEarth/UndeadEarth.Test/bin/Debug/UndeadEarth.Test.DLL" adapterTypeName="Microsoft.VisualStudio.TestTools.TestTypes.Unit.UnitTestAdapter, Microsoft.VisualStudio.QualityTools.Tips.UnitTest.Adapter, Version=10.0.0.0, Culture=neutral, PublicKeyToken=b03f5f7f11d50a3a" className="UndeadEarth.Test.Model.when_servicing_user_level_and_attributes, UndeadEarth.Test, Version=1.0.0.0, Culture=neutral, PublicKeyToken=null" name="should_update_user_level_and_user_base_attack_and_user_base_energy_and_user_inventory_when_user_kills_enough_zombies_to_pass_level" />
    </UnitTest>
    <UnitTest name="should_throw_error_if_user_does_not_exist" storage="c:\projects\undeadearth\undeadearth.test\bin\debug\undeadearth.test.dll" id="facd1619-809e-3892-1c5d-a369458909c6">
      <Execution id="ef253531-70f6-43b3-b1dd-d62a6543d5cf" />
      <TestMethod codeBase="C:/Projects/UndeadEarth/UndeadEarth.Test/bin/Debug/UndeadEarth.Test.DLL" adapterTypeName="Microsoft.VisualStudio.TestTools.TestTypes.Unit.UnitTestAdapter, Microsoft.VisualStudio.QualityTools.Tips.UnitTest.Adapter, Version=10.0.0.0, Culture=neutral, PublicKeyToken=b03f5f7f11d50a3a" className="UndeadEarth.Test.Dal.when_retrieving_user_energy, UndeadEarth.Test, Version=1.0.0.0, Culture=neutral, PublicKeyToken=null" name="should_throw_error_if_user_does_not_exist" />
    </UnitTest>
    <UnitTest name="should_throw_error_for_saving_mas_energy_if_user_does_not_exist" storage="c:\projects\undeadearth\undeadearth.test\bin\debug\undeadearth.test.dll" id="c9e2118a-af3f-f908-ba61-20f5edd2b827">
      <Execution id="6d4eab9d-fe1a-4074-8e6c-023ac8c1d572" />
      <TestMethod codeBase="C:/Projects/UndeadEarth/UndeadEarth.Test/bin/Debug/UndeadEarth.Test.DLL" adapterTypeName="Microsoft.VisualStudio.TestTools.TestTypes.Unit.UnitTestAdapter, Microsoft.VisualStudio.QualityTools.Tips.UnitTest.Adapter, Version=10.0.0.0, Culture=neutral, PublicKeyToken=b03f5f7f11d50a3a" className="UndeadEarth.Test.Dal.when_saving_user_sight_radius, UndeadEarth.Test, Version=1.0.0.0, Culture=neutral, PublicKeyToken=null" name="should_throw_error_for_saving_mas_energy_if_user_does_not_exist" />
    </UnitTest>
    <UnitTest name="should_not_hunt_if_user_is_not_at_zombie_pack_longitude" storage="c:\projects\undeadearth\undeadearth.test\bin\debug\undeadearth.test.dll" id="e714817d-ce86-8716-57bb-b981b1597240">
      <Execution id="9f258f45-94c7-45aa-bd84-d590f828d8f5" />
      <TestMethod codeBase="C:/Projects/UndeadEarth/UndeadEarth.Test/bin/Debug/UndeadEarth.Test.DLL" adapterTypeName="Microsoft.VisualStudio.TestTools.TestTypes.Unit.UnitTestAdapter, Microsoft.VisualStudio.QualityTools.Tips.UnitTest.Adapter, Version=10.0.0.0, Culture=neutral, PublicKeyToken=b03f5f7f11d50a3a" className="UndeadEarth.Test.Model.when_hunting_for_zombies, UndeadEarth.Test, Version=1.0.0.0, Culture=neutral, PublicKeyToken=null" name="should_not_hunt_if_user_is_not_at_zombie_pack_longitude" />
    </UnitTest>
    <UnitTest name="should_return_false_for_IsStartingHotzone_if_hotzone_doesnt_exist" storage="c:\projects\undeadearth\undeadearth.test\bin\debug\undeadearth.test.dll" id="269b2e64-447a-b926-cd3c-a38128cb3896">
      <Execution id="a973eff5-82a7-4504-9b68-d530d7365e2d" />
      <TestMethod codeBase="C:/Projects/UndeadEarth/UndeadEarth.Test/bin/Debug/UndeadEarth.Test.DLL" adapterTypeName="Microsoft.VisualStudio.TestTools.TestTypes.Unit.UnitTestAdapter, Microsoft.VisualStudio.QualityTools.Tips.UnitTest.Adapter, Version=10.0.0.0, Culture=neutral, PublicKeyToken=b03f5f7f11d50a3a" className="UndeadEarth.Test.Dal.when_retrieving_hot_zones, UndeadEarth.Test, Version=1.0.0.0, Culture=neutral, PublicKeyToken=null" name="should_return_false_for_IsStartingHotzone_if_hotzone_doesnt_exist" />
    </UnitTest>
    <UnitTest name="should_disregard_safehouse_items_that_are_one_use" storage="c:\projects\undeadearth\undeadearth.test\bin\debug\undeadearth.test.dll" id="b56cc93a-1a34-87ca-906c-3850d1ae7b74">
      <Execution id="892cd7f4-9626-43ab-aa48-1f9d8725b19f" />
      <TestMethod codeBase="C:/Projects/UndeadEarth/UndeadEarth.Test/bin/Debug/UndeadEarth.Test.DLL" adapterTypeName="Microsoft.VisualStudio.TestTools.TestTypes.Unit.UnitTestAdapter, Microsoft.VisualStudio.QualityTools.Tips.UnitTest.Adapter, Version=10.0.0.0, Culture=neutral, PublicKeyToken=b03f5f7f11d50a3a" className="UndeadEarth.Test.Model.when_determining_users_max_potential_attack_power, UndeadEarth.Test, Version=1.0.0.0, Culture=neutral, PublicKeyToken=null" name="should_disregard_safehouse_items_that_are_one_use" />
    </UnitTest>
    <UnitTest name="should_disregard_if_user_does_not_exist" storage="c:\projects\undeadearth\undeadearth.test\bin\debug\undeadearth.test.dll" id="81cb2920-61d9-e3df-f3bf-c3ed245e0ab0">
      <Execution id="d7d7457d-ead0-4b68-ba76-d004bd14d18d" />
      <TestMethod codeBase="C:/Projects/UndeadEarth/UndeadEarth.Test/bin/Debug/UndeadEarth.Test.DLL" adapterTypeName="Microsoft.VisualStudio.TestTools.TestTypes.Unit.UnitTestAdapter, Microsoft.VisualStudio.QualityTools.Tips.UnitTest.Adapter, Version=10.0.0.0, Culture=neutral, PublicKeyToken=b03f5f7f11d50a3a" className="UndeadEarth.Test.Model.when_transferring_items_from_safe_house_to_user, UndeadEarth.Test, Version=1.0.0.0, Culture=neutral, PublicKeyToken=null" name="should_disregard_if_user_does_not_exist" />
    </UnitTest>
    <UnitTest name="should_return_achievement_for_killing_1_zombie" storage="c:\projects\undeadearth\undeadearth.test\bin\debug\undeadearth.test.dll" id="1b56219d-f99d-2b01-66f0-01c3b94f4ee2">
      <Execution id="44941463-4cec-4006-bbd8-bcff9542598a" />
      <TestMethod codeBase="C:/Projects/UndeadEarth/UndeadEarth.Test/bin/Debug/UndeadEarth.Test.DLL" adapterTypeName="Microsoft.VisualStudio.TestTools.TestTypes.Unit.UnitTestAdapter, Microsoft.VisualStudio.QualityTools.Tips.UnitTest.Adapter, Version=10.0.0.0, Culture=neutral, PublicKeyToken=b03f5f7f11d50a3a" className="UndeadEarth.Test.Model.when_retrieving_achievements, UndeadEarth.Test, Version=1.0.0.0, Culture=neutral, PublicKeyToken=null" name="should_return_achievement_for_killing_1_zombie" />
    </UnitTest>
    <UnitTest name="should_return_achievement_for_killing_1000_zombies" storage="c:\projects\undeadearth\undeadearth.test\bin\debug\undeadearth.test.dll" id="809902e6-5c64-c35c-89c5-d13cd243728a">
      <Execution id="d5400241-b87b-465b-aa9e-4c4cf7d0dabd" />
      <TestMethod codeBase="C:/Projects/UndeadEarth/UndeadEarth.Test/bin/Debug/UndeadEarth.Test.DLL" adapterTypeName="Microsoft.VisualStudio.TestTools.TestTypes.Unit.UnitTestAdapter, Microsoft.VisualStudio.QualityTools.Tips.UnitTest.Adapter, Version=10.0.0.0, Culture=neutral, PublicKeyToken=b03f5f7f11d50a3a" className="UndeadEarth.Test.Model.when_retrieving_achievements, UndeadEarth.Test, Version=1.0.0.0, Culture=neutral, PublicKeyToken=null" name="should_return_achievement_for_killing_1000_zombies" />
    </UnitTest>
    <UnitTest name="should_return_achievement_for_peak_zombies_of_two" storage="c:\projects\undeadearth\undeadearth.test\bin\debug\undeadearth.test.dll" id="2604ff32-2b78-d0a6-0890-b8bb202063cc">
      <Execution id="00e8ae06-1e6a-4cd1-abe4-140ef2be3b5b" />
      <TestMethod codeBase="C:/Projects/UndeadEarth/UndeadEarth.Test/bin/Debug/UndeadEarth.Test.DLL" adapterTypeName="Microsoft.VisualStudio.TestTools.TestTypes.Unit.UnitTestAdapter, Microsoft.VisualStudio.QualityTools.Tips.UnitTest.Adapter, Version=10.0.0.0, Culture=neutral, PublicKeyToken=b03f5f7f11d50a3a" className="UndeadEarth.Test.Model.when_retrieving_achievements, UndeadEarth.Test, Version=1.0.0.0, Culture=neutral, PublicKeyToken=null" name="should_return_achievement_for_peak_zombies_of_two" />
    </UnitTest>
    <UnitTest name="should_return_0_if_user_does_not_exist" storage="c:\projects\undeadearth\undeadearth.test\bin\debug\undeadearth.test.dll" id="d8a245d8-8db6-bd87-8600-23c0fc08446c">
      <Execution id="65458838-7e9a-4b99-bb79-0dc14a1b7f78" />
      <TestMethod codeBase="C:/Projects/UndeadEarth/UndeadEarth.Test/bin/Debug/UndeadEarth.Test.DLL" adapterTypeName="Microsoft.VisualStudio.TestTools.TestTypes.Unit.UnitTestAdapter, Microsoft.VisualStudio.QualityTools.Tips.UnitTest.Adapter, Version=10.0.0.0, Culture=neutral, PublicKeyToken=b03f5f7f11d50a3a" className="UndeadEarth.Test.Model.when_determining_users_current_sight_radius, UndeadEarth.Test, Version=1.0.0.0, Culture=neutral, PublicKeyToken=null" name="should_return_0_if_user_does_not_exist" />
    </UnitTest>
    <UnitTest name="should_retrieve_user_zombie_pack_progress_for_user" storage="c:\projects\undeadearth\undeadearth.test\bin\debug\undeadearth.test.dll" id="612613da-83db-bad4-0786-2d957381d4ad">
      <Execution id="806afe27-e864-4dd6-90a0-4d06f8421d99" />
      <TestMethod codeBase="C:/Projects/UndeadEarth/UndeadEarth.Test/bin/Debug/UndeadEarth.Test.DLL" adapterTypeName="Microsoft.VisualStudio.TestTools.TestTypes.Unit.UnitTestAdapter, Microsoft.VisualStudio.QualityTools.Tips.UnitTest.Adapter, Version=10.0.0.0, Culture=neutral, PublicKeyToken=b03f5f7f11d50a3a" className="UndeadEarth.Test.Dal.when_retrieving_user_zombie_pack_progress, UndeadEarth.Test, Version=1.0.0.0, Culture=neutral, PublicKeyToken=null" name="should_retrieve_user_zombie_pack_progress_for_user" />
    </UnitTest>
    <UnitTest name="should_truncate_seconds_and_milliseconds_from_times_that_are_being_used_for_calculating_sight_radius" storage="c:\projects\undeadearth\undeadearth.test\bin\debug\undeadearth.test.dll" id="f6ef8399-e04f-58b6-2ee9-2d40209a41f1">
      <Execution id="82b27e75-0d13-4fdc-bd16-49439104f4e0" />
      <TestMethod codeBase="C:/Projects/UndeadEarth/UndeadEarth.Test/bin/Debug/UndeadEarth.Test.DLL" adapterTypeName="Microsoft.VisualStudio.TestTools.TestTypes.Unit.UnitTestAdapter, Microsoft.VisualStudio.QualityTools.Tips.UnitTest.Adapter, Version=10.0.0.0, Culture=neutral, PublicKeyToken=b03f5f7f11d50a3a" className="UndeadEarth.Test.Model.when_determining_users_current_sight_radius, UndeadEarth.Test, Version=1.0.0.0, Culture=neutral, PublicKeyToken=null" name="should_truncate_seconds_and_milliseconds_from_times_that_are_being_used_for_calculating_sight_radius" />
    </UnitTest>
    <UnitTest name="should_save_item_in_user_inventory_and_take_out_of_safe_house_inventory" storage="c:\projects\undeadearth\undeadearth.test\bin\debug\undeadearth.test.dll" id="5f1fabc6-b3c7-d9b8-821e-098ccaf3eed1">
      <Execution id="a5e17a81-ed8a-4ad4-9ef7-faa3cb44a7e8" />
      <TestMethod codeBase="C:/Projects/UndeadEarth/UndeadEarth.Test/bin/Debug/UndeadEarth.Test.DLL" adapterTypeName="Microsoft.VisualStudio.TestTools.TestTypes.Unit.UnitTestAdapter, Microsoft.VisualStudio.QualityTools.Tips.UnitTest.Adapter, Version=10.0.0.0, Culture=neutral, PublicKeyToken=b03f5f7f11d50a3a" className="UndeadEarth.Test.Model.when_transferring_items_from_safe_house_to_user, UndeadEarth.Test, Version=1.0.0.0, Culture=neutral, PublicKeyToken=null" name="should_save_item_in_user_inventory_and_take_out_of_safe_house_inventory" />
    </UnitTest>
    <UnitTest name="should_throw_error_if_facebook_user_id_is_0_and_retrieval_is_attempted" storage="c:\projects\undeadearth\undeadearth.test\bin\debug\undeadearth.test.dll" id="d10bf695-c889-b70c-ad2f-f77a6c930e0a">
      <Execution id="832519f0-cfdb-420f-8419-2c594150dee3" />
      <TestMethod codeBase="C:/Projects/UndeadEarth/UndeadEarth.Test/bin/Debug/UndeadEarth.Test.DLL" adapterTypeName="Microsoft.VisualStudio.TestTools.TestTypes.Unit.UnitTestAdapter, Microsoft.VisualStudio.QualityTools.Tips.UnitTest.Adapter, Version=10.0.0.0, Culture=neutral, PublicKeyToken=b03f5f7f11d50a3a" className="UndeadEarth.Test.Dal.when_retrieving_user, UndeadEarth.Test, Version=1.0.0.0, Culture=neutral, PublicKeyToken=null" name="should_throw_error_if_facebook_user_id_is_0_and_retrieval_is_attempted" />
    </UnitTest>
    <UnitTest name="should_create_counts_record_if_none_exists_for_user" storage="c:\projects\undeadearth\undeadearth.test\bin\debug\undeadearth.test.dll" id="4013d892-4605-1c26-5721-43931adf425c">
      <Execution id="0dcd11be-15bc-4dcf-af41-c9baa95fadb9" />
      <TestMethod codeBase="C:/Projects/UndeadEarth/UndeadEarth.Test/bin/Debug/UndeadEarth.Test.DLL" adapterTypeName="Microsoft.VisualStudio.TestTools.TestTypes.Unit.UnitTestAdapter, Microsoft.VisualStudio.QualityTools.Tips.UnitTest.Adapter, Version=10.0.0.0, Culture=neutral, PublicKeyToken=b03f5f7f11d50a3a" className="UndeadEarth.Test.Dal.when_saving_user_counts, UndeadEarth.Test, Version=1.0.0.0, Culture=neutral, PublicKeyToken=null" name="should_create_counts_record_if_none_exists_for_user" />
    </UnitTest>
    <UnitTest name="should_give_user_a_random_amount_of_money_after_hunt" storage="c:\projects\undeadearth\undeadearth.test\bin\debug\undeadearth.test.dll" id="537a0821-9a13-8b7a-298b-1a1d7b7834c1">
      <Execution id="14e30116-a423-4483-86cb-ca97c7466b5c" />
      <TestMethod codeBase="C:/Projects/UndeadEarth/UndeadEarth.Test/bin/Debug/UndeadEarth.Test.DLL" adapterTypeName="Microsoft.VisualStudio.TestTools.TestTypes.Unit.UnitTestAdapter, Microsoft.VisualStudio.QualityTools.Tips.UnitTest.Adapter, Version=10.0.0.0, Culture=neutral, PublicKeyToken=b03f5f7f11d50a3a" className="UndeadEarth.Test.Model.when_hunting_for_zombies, UndeadEarth.Test, Version=1.0.0.0, Culture=neutral, PublicKeyToken=null" name="should_give_user_a_random_amount_of_money_after_hunt" />
    </UnitTest>
    <UnitTest name="should_return_calcuated_sight_radius_for_user_based_on_minutes_passed_since_last_saved_sight_radius" storage="c:\projects\undeadearth\undeadearth.test\bin\debug\undeadearth.test.dll" id="95252275-5d7e-5275-9816-a53a17373eae">
      <Execution id="2e230d22-0d26-418c-8894-6e80d318dd28" />
      <TestMethod codeBase="C:/Projects/UndeadEarth/UndeadEarth.Test/bin/Debug/UndeadEarth.Test.DLL" adapterTypeName="Microsoft.VisualStudio.TestTools.TestTypes.Unit.UnitTestAdapter, Microsoft.VisualStudio.QualityTools.Tips.UnitTest.Adapter, Version=10.0.0.0, Culture=neutral, PublicKeyToken=b03f5f7f11d50a3a" className="UndeadEarth.Test.Model.when_determining_users_current_sight_radius, UndeadEarth.Test, Version=1.0.0.0, Culture=neutral, PublicKeyToken=null" name="should_return_calcuated_sight_radius_for_user_based_on_minutes_passed_since_last_saved_sight_radius" />
    </UnitTest>
    <UnitTest name="when_checking_user_level_and_zombie_kills_to_update_attributes_should_return_if_user_does_not_exist" storage="c:\projects\undeadearth\undeadearth.test\bin\debug\undeadearth.test.dll" id="86374614-7da2-d70a-a3e6-d86ececa0915">
      <Execution id="164ce69c-ed7f-4ace-86cb-7dda32ce3573" />
      <TestMethod codeBase="C:/Projects/UndeadEarth/UndeadEarth.Test/bin/Debug/UndeadEarth.Test.DLL" adapterTypeName="Microsoft.VisualStudio.TestTools.TestTypes.Unit.UnitTestAdapter, Microsoft.VisualStudio.QualityTools.Tips.UnitTest.Adapter, Version=10.0.0.0, Culture=neutral, PublicKeyToken=b03f5f7f11d50a3a" className="UndeadEarth.Test.Model.when_servicing_user_level_and_attributes, UndeadEarth.Test, Version=1.0.0.0, Culture=neutral, PublicKeyToken=null" name="when_checking_user_level_and_zombie_kills_to_update_attributes_should_return_if_user_does_not_exist" />
    </UnitTest>
    <UnitTest name="should_return_achivement_for_destroying_10_hotzones" storage="c:\projects\undeadearth\undeadearth.test\bin\debug\undeadearth.test.dll" id="49540a47-9778-939f-7252-2442e060eeb3">
      <Execution id="4d30b57a-fb63-49ce-b863-83697f9b31c8" />
      <TestMethod codeBase="C:/Projects/UndeadEarth/UndeadEarth.Test/bin/Debug/UndeadEarth.Test.DLL" adapterTypeName="Microsoft.VisualStudio.TestTools.TestTypes.Unit.UnitTestAdapter, Microsoft.VisualStudio.QualityTools.Tips.UnitTest.Adapter, Version=10.0.0.0, Culture=neutral, PublicKeyToken=b03f5f7f11d50a3a" className="UndeadEarth.Test.Model.when_retrieving_achievements, UndeadEarth.Test, Version=1.0.0.0, Culture=neutral, PublicKeyToken=null" name="should_return_achivement_for_destroying_10_hotzones" />
    </UnitTest>
    <UnitTest name="should_retrieve_users_current_level" storage="c:\projects\undeadearth\undeadearth.test\bin\debug\undeadearth.test.dll" id="a6b9a5f6-83d7-1eba-5a05-ac8e16d1f134">
      <Execution id="107e9142-b0ed-401e-b662-6433318631b2" />
      <TestMethod codeBase="C:/Projects/UndeadEarth/UndeadEarth.Test/bin/Debug/UndeadEarth.Test.DLL" adapterTypeName="Microsoft.VisualStudio.TestTools.TestTypes.Unit.UnitTestAdapter, Microsoft.VisualStudio.QualityTools.Tips.UnitTest.Adapter, Version=10.0.0.0, Culture=neutral, PublicKeyToken=b03f5f7f11d50a3a" className="UndeadEarth.Test.Dal.when_retrieving_user, UndeadEarth.Test, Version=1.0.0.0, Culture=neutral, PublicKeyToken=null" name="should_retrieve_users_current_level" />
    </UnitTest>
    <UnitTest name="should_calculate_miles_between_two_points" storage="c:\projects\undeadearth\undeadearth.test\bin\debug\undeadearth.test.dll" id="f395261d-5bed-0fbe-8f0d-91e27b638206">
      <Execution id="1695d64f-b0f4-46bb-b0e0-766dee058bf0" />
      <TestMethod codeBase="C:/Projects/UndeadEarth/UndeadEarth.Test/bin/Debug/UndeadEarth.Test.DLL" adapterTypeName="Microsoft.VisualStudio.TestTools.TestTypes.Unit.UnitTestAdapter, Microsoft.VisualStudio.QualityTools.Tips.UnitTest.Adapter, Version=10.0.0.0, Culture=neutral, PublicKeyToken=b03f5f7f11d50a3a" className="UndeadEarth.Test.Model.when_calculating_distance, UndeadEarth.Test, Version=1.0.0.0, Culture=neutral, PublicKeyToken=null" name="should_calculate_miles_between_two_points" />
    </UnitTest>
    <UnitTest name="should_return_null_if_user_does_not_exist" storage="c:\projects\undeadearth\undeadearth.test\bin\debug\undeadearth.test.dll" id="9829ccd4-7897-563f-fa8f-058ccd4d2394">
      <Execution id="791259e5-b595-4585-8600-dcb755e0d73e" />
      <TestMethod codeBase="C:/Projects/UndeadEarth/UndeadEarth.Test/bin/Debug/UndeadEarth.Test.DLL" adapterTypeName="Microsoft.VisualStudio.TestTools.TestTypes.Unit.UnitTestAdapter, Microsoft.VisualStudio.QualityTools.Tips.UnitTest.Adapter, Version=10.0.0.0, Culture=neutral, PublicKeyToken=b03f5f7f11d50a3a" className="UndeadEarth.Test.Dal.when_retrieving_user, UndeadEarth.Test, Version=1.0.0.0, Culture=neutral, PublicKeyToken=null" name="should_return_null_if_user_does_not_exist" />
    </UnitTest>
    <UnitTest name="should_update_hot_zone_if_user_is_on_new_hot_zone" storage="c:\projects\undeadearth\undeadearth.test\bin\debug\undeadearth.test.dll" id="5da90bcc-6e5d-3a2d-e174-d391c0422e11">
      <Execution id="06d1148a-6839-44bf-a21d-d6ae03bf0881" />
      <TestMethod codeBase="C:/Projects/UndeadEarth/UndeadEarth.Test/bin/Debug/UndeadEarth.Test.DLL" adapterTypeName="Microsoft.VisualStudio.TestTools.TestTypes.Unit.UnitTestAdapter, Microsoft.VisualStudio.QualityTools.Tips.UnitTest.Adapter, Version=10.0.0.0, Culture=neutral, PublicKeyToken=b03f5f7f11d50a3a" className="UndeadEarth.Test.Dal.when_saving_user, UndeadEarth.Test, Version=1.0.0.0, Culture=neutral, PublicKeyToken=null" name="should_update_hot_zone_if_user_is_on_new_hot_zone" />
    </UnitTest>
    <UnitTest name="should_update_zone_user_is_in" storage="c:\projects\undeadearth\undeadearth.test\bin\debug\undeadearth.test.dll" id="d9cc8fd3-0870-25cd-301c-1c45a9609c32">
      <Execution id="4aafe874-40da-4606-b2c8-e7d9e6d70694" />
      <TestMethod codeBase="C:/Projects/UndeadEarth/UndeadEarth.Test/bin/Debug/UndeadEarth.Test.DLL" adapterTypeName="Microsoft.VisualStudio.TestTools.TestTypes.Unit.UnitTestAdapter, Microsoft.VisualStudio.QualityTools.Tips.UnitTest.Adapter, Version=10.0.0.0, Culture=neutral, PublicKeyToken=b03f5f7f11d50a3a" className="UndeadEarth.Test.Dal.when_saving_user, UndeadEarth.Test, Version=1.0.0.0, Culture=neutral, PublicKeyToken=null" name="should_update_zone_user_is_in" />
    </UnitTest>
    <UnitTest name="should_remove_safe_house_item" storage="c:\projects\undeadearth\undeadearth.test\bin\debug\undeadearth.test.dll" id="f3417486-69dc-de2a-dd50-52fd43d006f5">
      <Execution id="786022b1-79ee-4880-800e-183741f2cf8f" />
      <TestMethod codeBase="C:/Projects/UndeadEarth/UndeadEarth.Test/bin/Debug/UndeadEarth.Test.DLL" adapterTypeName="Microsoft.VisualStudio.TestTools.TestTypes.Unit.UnitTestAdapter, Microsoft.VisualStudio.QualityTools.Tips.UnitTest.Adapter, Version=10.0.0.0, Culture=neutral, PublicKeyToken=b03f5f7f11d50a3a" className="UndeadEarth.Test.Dal.when_retrieving_items, UndeadEarth.Test, Version=1.0.0.0, Culture=neutral, PublicKeyToken=null" name="should_remove_safe_house_item" />
    </UnitTest>
    <UnitTest name="should_take_into_consideration_equipped_items_when_determining_min_sight_radius" storage="c:\projects\undeadearth\undeadearth.test\bin\debug\undeadearth.test.dll" id="ba999509-487a-7f04-1438-f406952dc58e">
      <Execution id="f9a36f83-fa40-4f30-a52a-b2d0c485f50e" />
      <TestMethod codeBase="C:/Projects/UndeadEarth/UndeadEarth.Test/bin/Debug/UndeadEarth.Test.DLL" adapterTypeName="Microsoft.VisualStudio.TestTools.TestTypes.Unit.UnitTestAdapter, Microsoft.VisualStudio.QualityTools.Tips.UnitTest.Adapter, Version=10.0.0.0, Culture=neutral, PublicKeyToken=b03f5f7f11d50a3a" className="UndeadEarth.Test.Model.when_determining_users_current_sight_radius, UndeadEarth.Test, Version=1.0.0.0, Culture=neutral, PublicKeyToken=null" name="should_take_into_consideration_equipped_items_when_determining_min_sight_radius" />
    </UnitTest>
    <UnitTest name="should_return_false_if_safe_house_does_not_exist" storage="c:\projects\undeadearth\undeadearth.test\bin\debug\undeadearth.test.dll" id="11b9b59c-993f-c435-5dd4-71b20fb4e5e5">
      <Execution id="24ade3f2-077d-4e54-a487-3c70de792149" />
      <TestMethod codeBase="C:/Projects/UndeadEarth/UndeadEarth.Test/bin/Debug/UndeadEarth.Test.DLL" adapterTypeName="Microsoft.VisualStudio.TestTools.TestTypes.Unit.UnitTestAdapter, Microsoft.VisualStudio.QualityTools.Tips.UnitTest.Adapter, Version=10.0.0.0, Culture=neutral, PublicKeyToken=b03f5f7f11d50a3a" className="UndeadEarth.Test.Dal.when_retrieving_safe_houses, UndeadEarth.Test, Version=1.0.0.0, Culture=neutral, PublicKeyToken=null" name="should_return_false_if_safe_house_does_not_exist" />
    </UnitTest>
    <UnitTest name="should_increment_hotzones_destroyed" storage="c:\projects\undeadearth\undeadearth.test\bin\debug\undeadearth.test.dll" id="50a0e180-73b1-f3e2-9755-9dfe75491e60">
      <Execution id="e9c4f929-40b4-4ad1-a69d-09d0c37f30ee" />
      <TestMethod codeBase="C:/Projects/UndeadEarth/UndeadEarth.Test/bin/Debug/UndeadEarth.Test.DLL" adapterTypeName="Microsoft.VisualStudio.TestTools.TestTypes.Unit.UnitTestAdapter, Microsoft.VisualStudio.QualityTools.Tips.UnitTest.Adapter, Version=10.0.0.0, Culture=neutral, PublicKeyToken=b03f5f7f11d50a3a" className="UndeadEarth.Test.Dal.when_saving_user_counts, UndeadEarth.Test, Version=1.0.0.0, Culture=neutral, PublicKeyToken=null" name="should_increment_hotzones_destroyed" />
    </UnitTest>
    <UnitTest name="should_retrieve_stores_associated_with_hotzone" storage="c:\projects\undeadearth\undeadearth.test\bin\debug\undeadearth.test.dll" id="a882d58c-8888-fab1-21e4-618bb71ae1ce">
      <Execution id="ae31ecbb-8796-4430-a4a0-f212ed3d8910" />
      <TestMethod codeBase="C:/Projects/UndeadEarth/UndeadEarth.Test/bin/Debug/UndeadEarth.Test.DLL" adapterTypeName="Microsoft.VisualStudio.TestTools.TestTypes.Unit.UnitTestAdapter, Microsoft.VisualStudio.QualityTools.Tips.UnitTest.Adapter, Version=10.0.0.0, Culture=neutral, PublicKeyToken=b03f5f7f11d50a3a" className="UndeadEarth.Test.Dal.when_retrieving_stores, UndeadEarth.Test, Version=1.0.0.0, Culture=neutral, PublicKeyToken=null" name="should_retrieve_stores_associated_with_hotzone" />
    </UnitTest>
    <UnitTest name="should_set_base_line_for_users_max_potential_if_last_hotzone_visited_is_null" storage="c:\projects\undeadearth\undeadearth.test\bin\debug\undeadearth.test.dll" id="95fac6cd-cd0a-1020-088f-f907c1eb2032">
      <Execution id="f43a79f1-6b88-4e94-bd54-77e70e1db164" />
      <TestMethod codeBase="C:/Projects/UndeadEarth/UndeadEarth.Test/bin/Debug/UndeadEarth.Test.DLL" adapterTypeName="Microsoft.VisualStudio.TestTools.TestTypes.Unit.UnitTestAdapter, Microsoft.VisualStudio.QualityTools.Tips.UnitTest.Adapter, Version=10.0.0.0, Culture=neutral, PublicKeyToken=b03f5f7f11d50a3a" className="UndeadEarth.Test.Model.when_determining_zombie_pack_progress, UndeadEarth.Test, Version=1.0.0.0, Culture=neutral, PublicKeyToken=null" name="should_set_base_line_for_users_max_potential_if_last_hotzone_visited_is_null" />
    </UnitTest>
    <UnitTest name="should_return_null_for_base_sight_radius_if_user_exists_but_max_sight_radius_is_null" storage="c:\projects\undeadearth\undeadearth.test\bin\debug\undeadearth.test.dll" id="55ffc7bf-3f9e-b38d-348c-5fc84dd1b9ed">
      <Execution id="03885357-e1ec-47eb-a9a3-f9d0068d2dc0" />
      <TestMethod codeBase="C:/Projects/UndeadEarth/UndeadEarth.Test/bin/Debug/UndeadEarth.Test.DLL" adapterTypeName="Microsoft.VisualStudio.TestTools.TestTypes.Unit.UnitTestAdapter, Microsoft.VisualStudio.QualityTools.Tips.UnitTest.Adapter, Version=10.0.0.0, Culture=neutral, PublicKeyToken=b03f5f7f11d50a3a" className="UndeadEarth.Test.Dal.when_retrieving_user_sight_radius, UndeadEarth.Test, Version=1.0.0.0, Culture=neutral, PublicKeyToken=null" name="should_return_null_for_base_sight_radius_if_user_exists_but_max_sight_radius_is_null" />
    </UnitTest>
    <UnitTest name="should_return_the_summation_of_the_attack_powers_of_items_on_person" storage="c:\projects\undeadearth\undeadearth.test\bin\debug\undeadearth.test.dll" id="19198647-e17a-fca8-64d0-a720ab9e3894">
      <Execution id="b1bc7264-2ae2-46b4-8860-dd7e69e02e15" />
      <TestMethod codeBase="C:/Projects/UndeadEarth/UndeadEarth.Test/bin/Debug/UndeadEarth.Test.DLL" adapterTypeName="Microsoft.VisualStudio.TestTools.TestTypes.Unit.UnitTestAdapter, Microsoft.VisualStudio.QualityTools.Tips.UnitTest.Adapter, Version=10.0.0.0, Culture=neutral, PublicKeyToken=b03f5f7f11d50a3a" className="UndeadEarth.Test.Model.when_retrieving_user_attack_power, UndeadEarth.Test, Version=1.0.0.0, Culture=neutral, PublicKeyToken=null" name="should_return_the_summation_of_the_attack_powers_of_items_on_person" />
    </UnitTest>
    <UnitTest name="should_return_the_amount_of_money_the_user_currently_has" storage="c:\projects\undeadearth\undeadearth.test\bin\debug\undeadearth.test.dll" id="6beb3a34-356e-6f1e-6b50-8d176c416598">
      <Execution id="733dfbba-97df-4422-aed7-884aad73fd0e" />
      <TestMethod codeBase="C:/Projects/UndeadEarth/UndeadEarth.Test/bin/Debug/UndeadEarth.Test.DLL" adapterTypeName="Microsoft.VisualStudio.TestTools.TestTypes.Unit.UnitTestAdapter, Microsoft.VisualStudio.QualityTools.Tips.UnitTest.Adapter, Version=10.0.0.0, Culture=neutral, PublicKeyToken=b03f5f7f11d50a3a" className="UndeadEarth.Test.Dal.when_retrieving_user, UndeadEarth.Test, Version=1.0.0.0, Culture=neutral, PublicKeyToken=null" name="should_return_the_amount_of_money_the_user_currently_has" />
    </UnitTest>
    <UnitTest name="should_return_base_eneryg_plus_any_equiped_items_that_affect_energy" storage="c:\projects\undeadearth\undeadearth.test\bin\debug\undeadearth.test.dll" id="17d3f4ec-e921-82a2-da9d-9f4177b91ac9">
      <Execution id="ac6e265a-186a-4fa0-8556-f1889500c454" />
      <TestMethod codeBase="C:/Projects/UndeadEarth/UndeadEarth.Test/bin/Debug/UndeadEarth.Test.DLL" adapterTypeName="Microsoft.VisualStudio.TestTools.TestTypes.Unit.UnitTestAdapter, Microsoft.VisualStudio.QualityTools.Tips.UnitTest.Adapter, Version=10.0.0.0, Culture=neutral, PublicKeyToken=b03f5f7f11d50a3a" className="UndeadEarth.Test.Model.when_determining_users_max_energy, UndeadEarth.Test, Version=1.0.0.0, Culture=neutral, PublicKeyToken=null" name="should_return_base_eneryg_plus_any_equiped_items_that_affect_energy" />
    </UnitTest>
    <UnitTest name="should_return_achievement_for_peak_zombies_1000" storage="c:\projects\undeadearth\undeadearth.test\bin\debug\undeadearth.test.dll" id="d531988b-f1bb-cf47-5dc0-2ed134630321">
      <Execution id="d5c7ff99-5808-415b-8ecd-c3e8edceeb18" />
      <TestMethod codeBase="C:/Projects/UndeadEarth/UndeadEarth.Test/bin/Debug/UndeadEarth.Test.DLL" adapterTypeName="Microsoft.VisualStudio.TestTools.TestTypes.Unit.UnitTestAdapter, Microsoft.VisualStudio.QualityTools.Tips.UnitTest.Adapter, Version=10.0.0.0, Culture=neutral, PublicKeyToken=b03f5f7f11d50a3a" className="UndeadEarth.Test.Model.when_retrieving_achievements, UndeadEarth.Test, Version=1.0.0.0, Culture=neutral, PublicKeyToken=null" name="should_return_achievement_for_peak_zombies_1000" />
    </UnitTest>
    <UnitTest name="should_return_achievement_for_destroying_100_zombie_packs" storage="c:\projects\undeadearth\undeadearth.test\bin\debug\undeadearth.test.dll" id="8cca1161-4d2c-f0a6-91e9-079cbe2f9201">
      <Execution id="9612e847-009f-461c-9fe9-735aa23b189a" />
      <TestMethod codeBase="C:/Projects/UndeadEarth/UndeadEarth.Test/bin/Debug/UndeadEarth.Test.DLL" adapterTypeName="Microsoft.VisualStudio.TestTools.TestTypes.Unit.UnitTestAdapter, Microsoft.VisualStudio.QualityTools.Tips.UnitTest.Adapter, Version=10.0.0.0, Culture=neutral, PublicKeyToken=b03f5f7f11d50a3a" className="UndeadEarth.Test.Model.when_retrieving_achievements, UndeadEarth.Test, Version=1.0.0.0, Culture=neutral, PublicKeyToken=null" name="should_return_achievement_for_destroying_100_zombie_packs" />
    </UnitTest>
    <UnitTest name="should_return_true_if_zombiepack_exists" storage="c:\projects\undeadearth\undeadearth.test\bin\debug\undeadearth.test.dll" id="21e42ea8-d73d-440e-e599-8f8f475201e3">
      <Execution id="a63a740d-36ac-4d63-b347-98ddd7598e05" />
      <TestMethod codeBase="C:/Projects/UndeadEarth/UndeadEarth.Test/bin/Debug/UndeadEarth.Test.DLL" adapterTypeName="Microsoft.VisualStudio.TestTools.TestTypes.Unit.UnitTestAdapter, Microsoft.VisualStudio.QualityTools.Tips.UnitTest.Adapter, Version=10.0.0.0, Culture=neutral, PublicKeyToken=b03f5f7f11d50a3a" className="UndeadEarth.Test.Dal.when_checking_if_zombie_pack_exists, UndeadEarth.Test, Version=1.0.0.0, Culture=neutral, PublicKeyToken=null" name="should_return_true_if_zombiepack_exists" />
    </UnitTest>
    <UnitTest name="should_set_energy_to_100_for_user_who_exists_but_does_not_have_a_max_energy_value" storage="c:\projects\undeadearth\undeadearth.test\bin\debug\undeadearth.test.dll" id="9e0a45ef-94e7-5d2e-296e-d43084cdb72d">
      <Execution id="84e79d62-f8d7-4661-a1bd-2ec4a4e736aa" />
      <TestMethod codeBase="C:/Projects/UndeadEarth/UndeadEarth.Test/bin/Debug/UndeadEarth.Test.DLL" adapterTypeName="Microsoft.VisualStudio.TestTools.TestTypes.Unit.UnitTestAdapter, Microsoft.VisualStudio.QualityTools.Tips.UnitTest.Adapter, Version=10.0.0.0, Culture=neutral, PublicKeyToken=b03f5f7f11d50a3a" className="UndeadEarth.Test.Model.when_determining_users_current_energy, UndeadEarth.Test, Version=1.0.0.0, Culture=neutral, PublicKeyToken=null" name="should_set_energy_to_100_for_user_who_exists_but_does_not_have_a_max_energy_value" />
    </UnitTest>
    <UnitTest name="should_return_user_if_user_exists" storage="c:\projects\undeadearth\undeadearth.test\bin\debug\undeadearth.test.dll" id="03d17922-b162-d76b-31f6-f34eb647e676">
      <Execution id="b0a8cb39-634b-4202-be3a-d4377e76467c" />
      <TestMethod codeBase="C:/Projects/UndeadEarth/UndeadEarth.Test/bin/Debug/UndeadEarth.Test.DLL" adapterTypeName="Microsoft.VisualStudio.TestTools.TestTypes.Unit.UnitTestAdapter, Microsoft.VisualStudio.QualityTools.Tips.UnitTest.Adapter, Version=10.0.0.0, Culture=neutral, PublicKeyToken=b03f5f7f11d50a3a" className="UndeadEarth.Test.Dal.when_retrieving_user, UndeadEarth.Test, Version=1.0.0.0, Culture=neutral, PublicKeyToken=null" name="should_return_user_if_user_exists" />
    </UnitTest>
    <UnitTest name="should_return_false_if_user_does_not_have_item" storage="c:\projects\undeadearth\undeadearth.test\bin\debug\undeadearth.test.dll" id="ef68a9ee-23ea-2d7b-e344-622c97db6fd2">
      <Execution id="d8c93c09-fcae-471e-bad6-d039ef9ef518" />
      <TestMethod codeBase="C:/Projects/UndeadEarth/UndeadEarth.Test/bin/Debug/UndeadEarth.Test.DLL" adapterTypeName="Microsoft.VisualStudio.TestTools.TestTypes.Unit.UnitTestAdapter, Microsoft.VisualStudio.QualityTools.Tips.UnitTest.Adapter, Version=10.0.0.0, Culture=neutral, PublicKeyToken=b03f5f7f11d50a3a" className="UndeadEarth.Test.Dal.when_retrieving_items, UndeadEarth.Test, Version=1.0.0.0, Culture=neutral, PublicKeyToken=null" name="should_return_false_if_user_does_not_have_item" />
    </UnitTest>
    <UnitTest name="should_get_user_item_id" storage="c:\projects\undeadearth\undeadearth.test\bin\debug\undeadearth.test.dll" id="540edc62-4548-f51c-ae34-777932919c2f">
      <Execution id="4362c98f-a0af-4366-9326-64e7bc4bbcf5" />
      <TestMethod codeBase="C:/Projects/UndeadEarth/UndeadEarth.Test/bin/Debug/UndeadEarth.Test.DLL" adapterTypeName="Microsoft.VisualStudio.TestTools.TestTypes.Unit.UnitTestAdapter, Microsoft.VisualStudio.QualityTools.Tips.UnitTest.Adapter, Version=10.0.0.0, Culture=neutral, PublicKeyToken=b03f5f7f11d50a3a" className="UndeadEarth.Test.Dal.when_retrieving_items, UndeadEarth.Test, Version=1.0.0.0, Culture=neutral, PublicKeyToken=null" name="should_get_user_item_id" />
    </UnitTest>
    <UnitTest name="should_disregard_move_if_user_does_not_have_enough_energy" storage="c:\projects\undeadearth\undeadearth.test\bin\debug\undeadearth.test.dll" id="4345b271-5a8d-5b15-7852-83ed69b14179">
      <Execution id="45b78ec6-8fcc-4360-bb45-9a6fd2e1ff86" />
      <TestMethod codeBase="C:/Projects/UndeadEarth/UndeadEarth.Test/bin/Debug/UndeadEarth.Test.DLL" adapterTypeName="Microsoft.VisualStudio.TestTools.TestTypes.Unit.UnitTestAdapter, Microsoft.VisualStudio.QualityTools.Tips.UnitTest.Adapter, Version=10.0.0.0, Culture=neutral, PublicKeyToken=b03f5f7f11d50a3a" className="UndeadEarth.Test.Model.when_moving_user, UndeadEarth.Test, Version=1.0.0.0, Culture=neutral, PublicKeyToken=null" name="should_disregard_move_if_user_does_not_have_enough_energy" />
    </UnitTest>
    <UnitTest name="the_starting_location_should_be_saved" storage="c:\projects\undeadearth\undeadearth.test\bin\debug\undeadearth.test.dll" id="f5ca8613-0214-ec34-e723-d1095b6a17b4">
      <Execution id="9516b051-6dcd-46b5-9159-0b79c8e048cb" />
      <TestMethod codeBase="C:/Projects/UndeadEarth/UndeadEarth.Test/bin/Debug/UndeadEarth.Test.DLL" adapterTypeName="Microsoft.VisualStudio.TestTools.TestTypes.Unit.UnitTestAdapter, Microsoft.VisualStudio.QualityTools.Tips.UnitTest.Adapter, Version=10.0.0.0, Culture=neutral, PublicKeyToken=b03f5f7f11d50a3a" className="UndeadEarth.Test.Dal.when_inserting_user, UndeadEarth.Test, Version=1.0.0.0, Culture=neutral, PublicKeyToken=null" name="the_starting_location_should_be_saved" />
    </UnitTest>
    <UnitTest name="should_update_users_base_attack" storage="c:\projects\undeadearth\undeadearth.test\bin\debug\undeadearth.test.dll" id="c154fab6-7379-ae56-989a-e56b1649db90">
      <Execution id="a7af735c-f8f7-48e9-a794-be954b05c24f" />
      <TestMethod codeBase="C:/Projects/UndeadEarth/UndeadEarth.Test/bin/Debug/UndeadEarth.Test.DLL" adapterTypeName="Microsoft.VisualStudio.TestTools.TestTypes.Unit.UnitTestAdapter, Microsoft.VisualStudio.QualityTools.Tips.UnitTest.Adapter, Version=10.0.0.0, Culture=neutral, PublicKeyToken=b03f5f7f11d50a3a" className="UndeadEarth.Test.Dal.when_saving_user, UndeadEarth.Test, Version=1.0.0.0, Culture=neutral, PublicKeyToken=null" name="should_update_users_base_attack" />
    </UnitTest>
    <UnitTest name="should_return_achievement_for_killing_100000_zombies" storage="c:\projects\undeadearth\undeadearth.test\bin\debug\undeadearth.test.dll" id="0e9255e8-5116-355b-a604-cafe47e04c3c">
      <Execution id="ceed493c-8989-4a7d-b3d8-b6514e820f57" />
      <TestMethod codeBase="C:/Projects/UndeadEarth/UndeadEarth.Test/bin/Debug/UndeadEarth.Test.DLL" adapterTypeName="Microsoft.VisualStudio.TestTools.TestTypes.Unit.UnitTestAdapter, Microsoft.VisualStudio.QualityTools.Tips.UnitTest.Adapter, Version=10.0.0.0, Culture=neutral, PublicKeyToken=b03f5f7f11d50a3a" className="UndeadEarth.Test.Model.when_retrieving_achievements, UndeadEarth.Test, Version=1.0.0.0, Culture=neutral, PublicKeyToken=null" name="should_return_achievement_for_killing_100000_zombies" />
    </UnitTest>
    <UnitTest name="should_return_true_if_user_exists" storage="c:\projects\undeadearth\undeadearth.test\bin\debug\undeadearth.test.dll" id="7e4ecb77-6a2d-3a8f-0c42-71f8df3a6f64">
      <Execution id="09078b64-a5f4-4dc0-a3bf-77ce96d5235b" />
      <TestMethod codeBase="C:/Projects/UndeadEarth/UndeadEarth.Test/bin/Debug/UndeadEarth.Test.DLL" adapterTypeName="Microsoft.VisualStudio.TestTools.TestTypes.Unit.UnitTestAdapter, Microsoft.VisualStudio.QualityTools.Tips.UnitTest.Adapter, Version=10.0.0.0, Culture=neutral, PublicKeyToken=b03f5f7f11d50a3a" className="UndeadEarth.Test.Dal.when_retrieving_user, UndeadEarth.Test, Version=1.0.0.0, Culture=neutral, PublicKeyToken=null" name="should_return_true_if_user_exists" />
    </UnitTest>
    <UnitTest name="should_return_list_of_user_items_from_user_id" storage="c:\projects\undeadearth\undeadearth.test\bin\debug\undeadearth.test.dll" id="d1295b3d-b18a-9feb-b9f7-b8d24a1390b4">
      <Execution id="3912b6ee-f0fa-4e12-90dc-82085eaec7af" />
      <TestMethod codeBase="C:/Projects/UndeadEarth/UndeadEarth.Test/bin/Debug/UndeadEarth.Test.DLL" adapterTypeName="Microsoft.VisualStudio.TestTools.TestTypes.Unit.UnitTestAdapter, Microsoft.VisualStudio.QualityTools.Tips.UnitTest.Adapter, Version=10.0.0.0, Culture=neutral, PublicKeyToken=b03f5f7f11d50a3a" className="UndeadEarth.Test.Dal.when_retrieving_items, UndeadEarth.Test, Version=1.0.0.0, Culture=neutral, PublicKeyToken=null" name="should_return_list_of_user_items_from_user_id" />
    </UnitTest>
    <UnitTest name="should_return_energy_along_with_any_energy_increase_from_buying_different_items_and_no_items_in_safehouse" storage="c:\projects\undeadearth\undeadearth.test\bin\debug\undeadearth.test.dll" id="b0037f39-501d-0ae0-4207-fd773fffa4a6">
      <Execution id="666f6095-f4dc-4beb-b3b8-968146165bf1" />
      <TestMethod codeBase="C:/Projects/UndeadEarth/UndeadEarth.Test/bin/Debug/UndeadEarth.Test.DLL" adapterTypeName="Microsoft.VisualStudio.TestTools.TestTypes.Unit.UnitTestAdapter, Microsoft.VisualStudio.QualityTools.Tips.UnitTest.Adapter, Version=10.0.0.0, Culture=neutral, PublicKeyToken=b03f5f7f11d50a3a" className="UndeadEarth.Test.Model.when_determining_users_max_potential_energy, UndeadEarth.Test, Version=1.0.0.0, Culture=neutral, PublicKeyToken=null" name="should_return_energy_along_with_any_energy_increase_from_buying_different_items_and_no_items_in_safehouse" />
    </UnitTest>
    <UnitTest name="should_not_hunt_if_zombie_pack_doesnt_exist" storage="c:\projects\undeadearth\undeadearth.test\bin\debug\undeadearth.test.dll" id="9e682854-c61c-e4ee-d65c-e57b13656d39">
      <Execution id="c2cf261d-766b-414f-ab51-bdd36e2ae13b" />
      <TestMethod codeBase="C:/Projects/UndeadEarth/UndeadEarth.Test/bin/Debug/UndeadEarth.Test.DLL" adapterTypeName="Microsoft.VisualStudio.TestTools.TestTypes.Unit.UnitTestAdapter, Microsoft.VisualStudio.QualityTools.Tips.UnitTest.Adapter, Version=10.0.0.0, Culture=neutral, PublicKeyToken=b03f5f7f11d50a3a" className="UndeadEarth.Test.Model.when_hunting_for_zombies, UndeadEarth.Test, Version=1.0.0.0, Culture=neutral, PublicKeyToken=null" name="should_not_hunt_if_zombie_pack_doesnt_exist" />
    </UnitTest>
    <UnitTest name="should_disregard_if_user_does_not_have_enough_money" storage="c:\projects\undeadearth\undeadearth.test\bin\debug\undeadearth.test.dll" id="27a4ff3c-3eae-1669-f1bc-bcc06d02612f">
      <Execution id="3c5d0412-2482-4dda-9308-e245b5868374" />
      <TestMethod codeBase="C:/Projects/UndeadEarth/UndeadEarth.Test/bin/Debug/UndeadEarth.Test.DLL" adapterTypeName="Microsoft.VisualStudio.TestTools.TestTypes.Unit.UnitTestAdapter, Microsoft.VisualStudio.QualityTools.Tips.UnitTest.Adapter, Version=10.0.0.0, Culture=neutral, PublicKeyToken=b03f5f7f11d50a3a" className="UndeadEarth.Test.Model.when_buying_items_from_shop, UndeadEarth.Test, Version=1.0.0.0, Culture=neutral, PublicKeyToken=null" name="should_disregard_if_user_does_not_have_enough_money" />
    </UnitTest>
    <UnitTest name="should_return_energy_cost_at_5_percent_of_maximum_potential" storage="c:\projects\undeadearth\undeadearth.test\bin\debug\undeadearth.test.dll" id="66e87870-2f0c-1802-4a46-f39d5c5c0c20">
      <Execution id="fc413c50-e6a9-4678-91f8-6f5f0c3c2de3" />
      <TestMethod codeBase="C:/Projects/UndeadEarth/UndeadEarth.Test/bin/Debug/UndeadEarth.Test.DLL" adapterTypeName="Microsoft.VisualStudio.TestTools.TestTypes.Unit.UnitTestAdapter, Microsoft.VisualStudio.QualityTools.Tips.UnitTest.Adapter, Version=10.0.0.0, Culture=neutral, PublicKeyToken=b03f5f7f11d50a3a" className="UndeadEarth.Test.Model.when_determining_energy_cost_for_hunting_at_zombie_pack, UndeadEarth.Test, Version=1.0.0.0, Culture=neutral, PublicKeyToken=null" name="should_return_energy_cost_at_5_percent_of_maximum_potential" />
    </UnitTest>
    <UnitTest name="should_change_users_energy_if_item_has_energy_attribute_not_equal_to_zero" storage="c:\projects\undeadearth\undeadearth.test\bin\debug\undeadearth.test.dll" id="b25aa57b-bb9a-f05f-4179-18f54e514dcd">
      <Execution id="609b68c0-ba3f-4e79-b759-779e22b03f61" />
      <TestMethod codeBase="C:/Projects/UndeadEarth/UndeadEarth.Test/bin/Debug/UndeadEarth.Test.DLL" adapterTypeName="Microsoft.VisualStudio.TestTools.TestTypes.Unit.UnitTestAdapter, Microsoft.VisualStudio.QualityTools.Tips.UnitTest.Adapter, Version=10.0.0.0, Culture=neutral, PublicKeyToken=b03f5f7f11d50a3a" className="UndeadEarth.Test.Model.when_using_items, UndeadEarth.Test, Version=1.0.0.0, Culture=neutral, PublicKeyToken=null" name="should_change_users_energy_if_item_has_energy_attribute_not_equal_to_zero" />
    </UnitTest>
  </TestDefinitions>
  <TestLists>
    <TestList name="Results Not in a List" id="8c84fa94-04c1-424b-9868-57a2d4851a1d" />
    <TestList name="All Loaded Results" id="19431567-8539-422a-85d7-44ee4e166bda" />
  </TestLists>
  <TestEntries>
    <TestEntry testId="00142389-87b0-3d28-5cfb-700928afa29a" executionId="276d38b7-fb18-4323-920b-ecbc7df9b921" testListId="8c84fa94-04c1-424b-9868-57a2d4851a1d" />
    <TestEntry testId="00803d11-60d8-3003-79e6-d2290acd2110" executionId="fa07653e-92cd-42c4-84ce-2e81ce7da5d9" testListId="8c84fa94-04c1-424b-9868-57a2d4851a1d" />
    <TestEntry testId="00f036f8-7ea4-f115-2065-21a527c875c4" executionId="c05d98fa-d156-4a6c-a0c5-239154dfc36d" testListId="8c84fa94-04c1-424b-9868-57a2d4851a1d" />
    <TestEntry testId="01475b3a-fc7d-1f41-65ba-f4ddf4a86946" executionId="aefc37f5-4e49-4e57-b817-83dae6838b8b" testListId="8c84fa94-04c1-424b-9868-57a2d4851a1d" />
    <TestEntry testId="01612aab-c0ea-12bb-1a12-76fce19990e3" executionId="088c03fd-7cb2-48cc-9343-e87bb8467881" testListId="8c84fa94-04c1-424b-9868-57a2d4851a1d" />
    <TestEntry testId="027692e3-3856-06fd-bce6-644a6cf7eb82" executionId="8b3fa119-839a-4b6f-a399-a3ee854a5fed" testListId="8c84fa94-04c1-424b-9868-57a2d4851a1d" />
    <TestEntry testId="03a8dd14-ba0a-c947-44ec-1c0c4c677ff9" executionId="b110422c-19f5-49f4-a88c-86a79c1d8b6e" testListId="8c84fa94-04c1-424b-9868-57a2d4851a1d" />
    <TestEntry testId="03d17922-b162-d76b-31f6-f34eb647e676" executionId="b0a8cb39-634b-4202-be3a-d4377e76467c" testListId="8c84fa94-04c1-424b-9868-57a2d4851a1d" />
    <TestEntry testId="05ef1086-81f0-526c-3f9d-15b7821d9bae" executionId="7e392f7c-425e-47af-937d-e60f95852025" testListId="8c84fa94-04c1-424b-9868-57a2d4851a1d" />
    <TestEntry testId="08042b30-bcf9-bd89-006e-14ec4c40ac45" executionId="81d218c8-21c5-4c3e-957a-50c71a6edd47" testListId="8c84fa94-04c1-424b-9868-57a2d4851a1d" />
    <TestEntry testId="0c8abc46-7ae3-a530-a75d-2f31cb9a36fc" executionId="ce56f935-3c69-4bdb-bb30-eca0e1d28893" testListId="8c84fa94-04c1-424b-9868-57a2d4851a1d" />
    <TestEntry testId="0da63870-00bb-b6e5-56ff-c32676768cb3" executionId="00de187d-c520-4b26-8bcd-03e42967d794" testListId="8c84fa94-04c1-424b-9868-57a2d4851a1d" />
    <TestEntry testId="0e9255e8-5116-355b-a604-cafe47e04c3c" executionId="ceed493c-8989-4a7d-b3d8-b6514e820f57" testListId="8c84fa94-04c1-424b-9868-57a2d4851a1d" />
    <TestEntry testId="0ee84f2b-31e9-0047-e6f0-0ec71b544574" executionId="6a04ddae-208c-4353-8873-20a6e0f247f0" testListId="8c84fa94-04c1-424b-9868-57a2d4851a1d" />
    <TestEntry testId="10dff579-2252-675a-f00d-0bb39990c8c6" executionId="c663c4f7-f68a-4a42-aa52-7fea5492de37" testListId="8c84fa94-04c1-424b-9868-57a2d4851a1d" />
    <TestEntry testId="1176458c-eb17-c2d6-8c27-e75b41695c1a" executionId="acf0fac4-ec06-4379-9267-36aec41b9098" testListId="8c84fa94-04c1-424b-9868-57a2d4851a1d" />
    <TestEntry testId="11b9b59c-993f-c435-5dd4-71b20fb4e5e5" executionId="24ade3f2-077d-4e54-a487-3c70de792149" testListId="8c84fa94-04c1-424b-9868-57a2d4851a1d" />
    <TestEntry testId="11ca7b9d-e2f9-e5ce-6eed-7e1247933dec" executionId="ea5bc97a-35e9-420d-b419-41ed421b1b4d" testListId="8c84fa94-04c1-424b-9868-57a2d4851a1d" />
    <TestEntry testId="1339f28e-8dc2-ea63-491b-e46002a2f545" executionId="98b5a1b2-b2db-43db-9130-90eee3328c76" testListId="8c84fa94-04c1-424b-9868-57a2d4851a1d" />
    <TestEntry testId="13954612-b76a-9796-df53-2efe3530832a" executionId="ca807642-aba7-4754-807b-725852c58d55" testListId="8c84fa94-04c1-424b-9868-57a2d4851a1d" />
    <TestEntry testId="1426a62d-a078-b4b5-817b-9f560bfc1dfe" executionId="d112f9d1-96f2-475e-bb14-167d8db5d68e" testListId="8c84fa94-04c1-424b-9868-57a2d4851a1d" />
    <TestEntry testId="147b1cfd-fcbf-4ec1-a009-05f059879e52" executionId="5dd6f2a1-599a-4209-89d9-6dec6b3593ee" testListId="8c84fa94-04c1-424b-9868-57a2d4851a1d" />
    <TestEntry testId="15d93832-4f17-b3dc-992d-8c3088d960e1" executionId="a89c7056-df15-46f6-be98-e186ee77cc5b" testListId="8c84fa94-04c1-424b-9868-57a2d4851a1d" />
    <TestEntry testId="162e548e-a661-0b73-7a6e-7c4d1ab7a750" executionId="9da32b5f-77ac-4257-aaba-ec7ae52e2cdf" testListId="8c84fa94-04c1-424b-9868-57a2d4851a1d" />
    <TestEntry testId="166bc0da-4e9a-a151-a5ee-18d3adcd0291" executionId="9b8b3668-048a-4fea-8d30-e92df80e22b4" testListId="8c84fa94-04c1-424b-9868-57a2d4851a1d" />
    <TestEntry testId="17c9071b-a2b6-56fe-9dc6-b3135a8d71e5" executionId="f5ca0bf8-6b58-4378-b453-a5ecee5e2a8b" testListId="8c84fa94-04c1-424b-9868-57a2d4851a1d" />
    <TestEntry testId="17d3f4ec-e921-82a2-da9d-9f4177b91ac9" executionId="ac6e265a-186a-4fa0-8556-f1889500c454" testListId="8c84fa94-04c1-424b-9868-57a2d4851a1d" />
    <TestEntry testId="19198647-e17a-fca8-64d0-a720ab9e3894" executionId="b1bc7264-2ae2-46b4-8860-dd7e69e02e15" testListId="8c84fa94-04c1-424b-9868-57a2d4851a1d" />
    <TestEntry testId="1ade4597-88a4-ccb5-c182-1ea16f848376" executionId="06774c37-f372-4052-be29-98569cb607cd" testListId="8c84fa94-04c1-424b-9868-57a2d4851a1d" />
    <TestEntry testId="1b56219d-f99d-2b01-66f0-01c3b94f4ee2" executionId="44941463-4cec-4006-bbd8-bcff9542598a" testListId="8c84fa94-04c1-424b-9868-57a2d4851a1d" />
    <TestEntry testId="1cb99b44-08d0-1c2c-78e8-64869fef3154" executionId="2d689c3c-d5cc-461e-ae28-167348b0de0d" testListId="8c84fa94-04c1-424b-9868-57a2d4851a1d" />
    <TestEntry testId="1f98f9e8-cb47-74ae-9470-dfe55c54483a" executionId="28e1c3c3-2da7-4ff5-87de-cd9aca41d777" testListId="8c84fa94-04c1-424b-9868-57a2d4851a1d" />
    <TestEntry testId="20c7eedc-a25f-bd99-048a-d0191e8444d6" executionId="51595ce2-6f2a-426a-b241-e12f13022872" testListId="8c84fa94-04c1-424b-9868-57a2d4851a1d" />
    <TestEntry testId="21426709-ea7c-0595-beae-1978da06ff6a" executionId="eebd7ca3-01ad-4950-924a-23927f95ed10" testListId="8c84fa94-04c1-424b-9868-57a2d4851a1d" />
    <TestEntry testId="214d4e68-bd5b-8ca7-2eae-cad7ae4b5618" executionId="66c2a893-9525-49de-8265-cb18d418f56e" testListId="8c84fa94-04c1-424b-9868-57a2d4851a1d" />
    <TestEntry testId="21e42ea8-d73d-440e-e599-8f8f475201e3" executionId="a63a740d-36ac-4d63-b347-98ddd7598e05" testListId="8c84fa94-04c1-424b-9868-57a2d4851a1d" />
    <TestEntry testId="241aa01b-d31a-aa87-10ed-03e9fc36dd2d" executionId="ce8f50b2-c632-4ad9-9870-17a3c7d7e018" testListId="8c84fa94-04c1-424b-9868-57a2d4851a1d" />
    <TestEntry testId="2448c480-75b4-6f61-f066-698054ffd863" executionId="c17c8491-6227-4671-be65-43eca5e504f3" testListId="8c84fa94-04c1-424b-9868-57a2d4851a1d" />
    <TestEntry testId="24bc110f-ba75-2876-7218-d24fbd5282b6" executionId="9563a8aa-c9ab-4cd4-88f6-bdcdc05d8c26" testListId="8c84fa94-04c1-424b-9868-57a2d4851a1d" />
    <TestEntry testId="24c64596-5cab-4a6f-68a2-2b1dbc11b2be" executionId="820303c9-7183-47dd-9a6d-1982583fe9be" testListId="8c84fa94-04c1-424b-9868-57a2d4851a1d" />
    <TestEntry testId="24e2889f-3174-5207-6e2d-3941d6d3ab4a" executionId="4e5051e2-2f88-423c-abb5-f97e437a30a8" testListId="8c84fa94-04c1-424b-9868-57a2d4851a1d" />
    <TestEntry testId="2528801b-adfc-fc02-0810-867a75b047c9" executionId="badcf79f-3709-4b36-8106-cc0d5350fc69" testListId="8c84fa94-04c1-424b-9868-57a2d4851a1d" />
    <TestEntry testId="25699796-3f06-4f57-c2f3-62593d0f8db7" executionId="206f2991-f737-429d-995b-f6a07faa2ad2" testListId="8c84fa94-04c1-424b-9868-57a2d4851a1d" />
    <TestEntry testId="2604ff32-2b78-d0a6-0890-b8bb202063cc" executionId="00e8ae06-1e6a-4cd1-abe4-140ef2be3b5b" testListId="8c84fa94-04c1-424b-9868-57a2d4851a1d" />
    <TestEntry testId="269b2e64-447a-b926-cd3c-a38128cb3896" executionId="a973eff5-82a7-4504-9b68-d530d7365e2d" testListId="8c84fa94-04c1-424b-9868-57a2d4851a1d" />
    <TestEntry testId="27a4ff3c-3eae-1669-f1bc-bcc06d02612f" executionId="3c5d0412-2482-4dda-9308-e245b5868374" testListId="8c84fa94-04c1-424b-9868-57a2d4851a1d" />
    <TestEntry testId="27dffa83-35e8-a35a-74a3-14e94b831d3a" executionId="5bbc4f8a-585e-4130-b157-6000c70c1ba8" testListId="8c84fa94-04c1-424b-9868-57a2d4851a1d" />
    <TestEntry testId="27e73228-a40a-9260-7cd7-3a5d45c78078" executionId="b2b578fa-f24a-4791-860e-dc8a28022833" testListId="8c84fa94-04c1-424b-9868-57a2d4851a1d" />
    <TestEntry testId="29506837-8c96-f6c6-14e0-93c8ab580351" executionId="62cc0267-cb66-4d5a-bb0d-a0a456148374" testListId="8c84fa94-04c1-424b-9868-57a2d4851a1d" />
    <TestEntry testId="2a84edfa-8723-e5ed-8953-7dd9bec52c09" executionId="c4418b6f-581d-4cfc-a6e7-d30452879c0b" testListId="8c84fa94-04c1-424b-9868-57a2d4851a1d" />
    <TestEntry testId="2bb944ea-67c4-2ec5-7a6c-8e36c6922cdf" executionId="087acaf1-94f6-4b1a-935e-5e57ea4b919e" testListId="8c84fa94-04c1-424b-9868-57a2d4851a1d" />
    <TestEntry testId="2d393202-3b6b-ea77-5db0-849ebdcd5101" executionId="2da0acf6-ee7f-4346-b5e9-267d67650b92" testListId="8c84fa94-04c1-424b-9868-57a2d4851a1d" />
    <TestEntry testId="2db0a3b3-aad5-d46f-7403-c997f42720f5" executionId="1829e992-9999-4397-bdf1-6bc2da6e19a9" testListId="8c84fa94-04c1-424b-9868-57a2d4851a1d" />
    <TestEntry testId="310db446-5a38-a2ff-c0c6-33525d60392a" executionId="3b586e41-c86a-4ae2-b094-c7fcd67fcdfe" testListId="8c84fa94-04c1-424b-9868-57a2d4851a1d" />
    <TestEntry testId="31907ecc-7480-4064-cd3b-514e2ff26de7" executionId="b9140378-00c4-4c5a-8e68-fcde750fd82e" testListId="8c84fa94-04c1-424b-9868-57a2d4851a1d" />
    <TestEntry testId="321c5a91-a83b-02fd-e40b-ce47e7f12083" executionId="1e0ddb52-c188-491f-ac02-94b9bcf0cc20" testListId="8c84fa94-04c1-424b-9868-57a2d4851a1d" />
    <TestEntry testId="33a5dc0c-cb8c-881e-3374-24e7b48bd3e1" executionId="c0005a20-bfe3-42e8-9209-9ade0eba0f93" testListId="8c84fa94-04c1-424b-9868-57a2d4851a1d" />
    <TestEntry testId="353e37f8-b3ee-d1bc-48f1-1354650acd50" executionId="c19a488d-7bcd-4702-b628-d0d201ab4683" testListId="8c84fa94-04c1-424b-9868-57a2d4851a1d" />
    <TestEntry testId="35d7f681-d185-2e89-da65-ece3bc8e6e75" executionId="c73ae4f6-80f2-44cd-885a-57bb4122a54e" testListId="8c84fa94-04c1-424b-9868-57a2d4851a1d" />
    <TestEntry testId="3693aeb9-70b2-f86c-f600-b99b067f3b4e" executionId="f1510c3e-4f16-4f7c-88a0-bd7b4e883f19" testListId="8c84fa94-04c1-424b-9868-57a2d4851a1d" />
    <TestEntry testId="369b7a6d-08d3-f340-d283-f5ee6842f08e" executionId="e5f3b0fc-3a56-43e8-a2a4-e398fc84e9db" testListId="8c84fa94-04c1-424b-9868-57a2d4851a1d" />
    <TestEntry testId="369fc750-bfe7-36a0-13ca-f53d742d9647" executionId="ec33ccd9-75d4-4d9f-8302-7e6a9a100795" testListId="8c84fa94-04c1-424b-9868-57a2d4851a1d" />
    <TestEntry testId="38152b9e-3e48-dd5e-0e37-b7a27de7e225" executionId="981f17a7-3ff0-4f1e-9434-b302cbda83f0" testListId="8c84fa94-04c1-424b-9868-57a2d4851a1d" />
    <TestEntry testId="3871d8b4-607c-f461-9b36-17221688eb47" executionId="3ac42530-fa19-4737-b310-a68bdd7d3dd7" testListId="8c84fa94-04c1-424b-9868-57a2d4851a1d" />
    <TestEntry testId="399d3773-04b9-f157-2193-2a81aa17c4e4" executionId="4b453f21-72f2-49ea-9ae8-34a68cfab22f" testListId="8c84fa94-04c1-424b-9868-57a2d4851a1d" />
    <TestEntry testId="3a65c876-9662-16ec-4c81-7bea778d6951" executionId="c881b268-8dd6-40cd-ad8a-d35264ac42b5" testListId="8c84fa94-04c1-424b-9868-57a2d4851a1d" />
    <TestEntry testId="3b3489bf-140a-7d3d-ca59-73f946c71ab3" executionId="f3cc3933-e90a-494e-ab54-df5acd4f732f" testListId="8c84fa94-04c1-424b-9868-57a2d4851a1d" />
    <TestEntry testId="3bf90928-3e3e-817d-0c2a-b114432020ae" executionId="d6302711-ab5a-4bfb-9133-381d61525556" testListId="8c84fa94-04c1-424b-9868-57a2d4851a1d" />
    <TestEntry testId="3d1741aa-9576-2eb5-470e-7f713a2bc4d7" executionId="0c1a96dd-3a95-4da9-9f95-f36c73b331e9" testListId="8c84fa94-04c1-424b-9868-57a2d4851a1d" />
    <TestEntry testId="3d4be643-5d31-3e26-f950-26a5f925e40b" executionId="1c0389a0-8234-4929-969b-0263f59eaab1" testListId="8c84fa94-04c1-424b-9868-57a2d4851a1d" />
    <TestEntry testId="3dc86e55-9e89-b185-10f6-85c78270b263" executionId="8f346d6f-1c70-4fed-a952-6eeb0ddac285" testListId="8c84fa94-04c1-424b-9868-57a2d4851a1d" />
    <TestEntry testId="3e4c555c-eb52-8e6a-77bb-fba4f57ae14d" executionId="9af4c756-5a49-431d-870c-4dc3ccdeae4d" testListId="8c84fa94-04c1-424b-9868-57a2d4851a1d" />
    <TestEntry testId="4013d892-4605-1c26-5721-43931adf425c" executionId="0dcd11be-15bc-4dcf-af41-c9baa95fadb9" testListId="8c84fa94-04c1-424b-9868-57a2d4851a1d" />
    <TestEntry testId="40ac08e5-9855-8df2-ac1a-e320ada85f67" executionId="6d6c174a-3551-4094-9606-7b2f126d5d0b" testListId="8c84fa94-04c1-424b-9868-57a2d4851a1d" />
    <TestEntry testId="40c4a339-897f-73e3-e8be-fed33feff0fc" executionId="d0190a5a-d4df-4cae-bc5a-b5697936a95b" testListId="8c84fa94-04c1-424b-9868-57a2d4851a1d" />
    <TestEntry testId="4345b271-5a8d-5b15-7852-83ed69b14179" executionId="45b78ec6-8fcc-4360-bb45-9a6fd2e1ff86" testListId="8c84fa94-04c1-424b-9868-57a2d4851a1d" />
    <TestEntry testId="43a1b4c2-5164-126a-d787-254e51bf5cb0" executionId="9ee0ff48-bba1-44dd-bff9-e796c29faf53" testListId="8c84fa94-04c1-424b-9868-57a2d4851a1d" />
    <TestEntry testId="43ea7dc5-29f2-fc24-7626-37c50ab77488" executionId="a92f0d2b-f1c4-49ae-ad9d-33e39a579c3f" testListId="8c84fa94-04c1-424b-9868-57a2d4851a1d" />
    <TestEntry testId="441c5aa1-1be2-b7ff-84a3-c2712387e211" executionId="90f11086-8b78-4e3a-9e9e-1f2aef88d399" testListId="8c84fa94-04c1-424b-9868-57a2d4851a1d" />
    <TestEntry testId="456f5311-d61b-5ef4-13ac-a1ceca766e06" executionId="6e66e047-4c6a-4870-8bb4-daee63141d0c" testListId="8c84fa94-04c1-424b-9868-57a2d4851a1d" />
    <TestEntry testId="461819df-bed1-d7c5-29ce-bdee0f8eaaa2" executionId="df8b909b-269a-40fd-9d8b-39f2d7933479" testListId="8c84fa94-04c1-424b-9868-57a2d4851a1d" />
    <TestEntry testId="48c2a012-1ba3-1243-1cd5-aab81b26906b" executionId="71265f85-b559-483d-af21-656de0d4cd0f" testListId="8c84fa94-04c1-424b-9868-57a2d4851a1d" />
    <TestEntry testId="49540a47-9778-939f-7252-2442e060eeb3" executionId="4d30b57a-fb63-49ce-b863-83697f9b31c8" testListId="8c84fa94-04c1-424b-9868-57a2d4851a1d" />
    <TestEntry testId="49e3a9e9-dcf0-f3e5-85da-9f5499fab731" executionId="9dde1334-b1eb-4298-9476-49b48cbef939" testListId="8c84fa94-04c1-424b-9868-57a2d4851a1d" />
    <TestEntry testId="4aab1a6a-e217-fabe-67d7-73dafcd94369" executionId="279c468e-e436-41aa-8b0e-9aad772bafbf" testListId="8c84fa94-04c1-424b-9868-57a2d4851a1d" />
    <TestEntry testId="4ad82b7e-b664-1e32-b013-da054510a32b" executionId="c8e5219c-f561-4d84-9339-3ea1408912cd" testListId="8c84fa94-04c1-424b-9868-57a2d4851a1d" />
    <TestEntry testId="4c87210c-f927-e260-2776-9399fcbfbd1c" executionId="834cd5b7-71c9-4d82-97c7-effc4a913d7b" testListId="8c84fa94-04c1-424b-9868-57a2d4851a1d" />
    <TestEntry testId="4d9cdfe2-8eee-3937-2a7d-b414e3b51b00" executionId="80770c77-50c3-4dba-b4d5-1d6f718ba3e2" testListId="8c84fa94-04c1-424b-9868-57a2d4851a1d" />
    <TestEntry testId="50a0e180-73b1-f3e2-9755-9dfe75491e60" executionId="e9c4f929-40b4-4ad1-a69d-09d0c37f30ee" testListId="8c84fa94-04c1-424b-9868-57a2d4851a1d" />
    <TestEntry testId="52c534e6-f8bb-1f9f-939a-d5c5c52fa419" executionId="9c7de865-6fce-4c44-9242-2bbf2f35fd2b" testListId="8c84fa94-04c1-424b-9868-57a2d4851a1d" />
    <TestEntry testId="537a0821-9a13-8b7a-298b-1a1d7b7834c1" executionId="14e30116-a423-4483-86cb-ca97c7466b5c" testListId="8c84fa94-04c1-424b-9868-57a2d4851a1d" />
    <TestEntry testId="537a2b77-3b56-7fda-5cef-ce5b7fef8e47" executionId="bb8744e7-5556-498f-ab8e-9a09cb16d2bb" testListId="8c84fa94-04c1-424b-9868-57a2d4851a1d" />
    <TestEntry testId="53d3d174-2438-d916-b931-5b84347506a5" executionId="c8dbe16a-e968-4901-a3ed-bd62ba267c51" testListId="8c84fa94-04c1-424b-9868-57a2d4851a1d" />
    <TestEntry testId="540edc62-4548-f51c-ae34-777932919c2f" executionId="4362c98f-a0af-4366-9326-64e7bc4bbcf5" testListId="8c84fa94-04c1-424b-9868-57a2d4851a1d" />
    <TestEntry testId="544cc1f1-3454-5e87-e24b-52c6acff6b61" executionId="04cf536e-fcb3-4a3f-9de4-427057e5bdb9" testListId="8c84fa94-04c1-424b-9868-57a2d4851a1d" />
    <TestEntry testId="556fe5d0-aedd-a933-babc-4606a23e064e" executionId="88ad4d14-d24f-4a89-b867-f3e37b844151" testListId="8c84fa94-04c1-424b-9868-57a2d4851a1d" />
    <TestEntry testId="55ffc7bf-3f9e-b38d-348c-5fc84dd1b9ed" executionId="03885357-e1ec-47eb-a9a3-f9d0068d2dc0" testListId="8c84fa94-04c1-424b-9868-57a2d4851a1d" />
    <TestEntry testId="560e757d-7d9e-cf97-a66b-6eba9f0dbef7" executionId="c6be3591-ea23-4e86-92b9-c67c168c7837" testListId="8c84fa94-04c1-424b-9868-57a2d4851a1d" />
    <TestEntry testId="578c1082-4447-f4a0-bed7-4e23d16f558c" executionId="d12d011d-0b9c-4aa1-bb6c-fc86cd533543" testListId="8c84fa94-04c1-424b-9868-57a2d4851a1d" />
    <TestEntry testId="57effb65-6bba-b10e-d004-938020663a0f" executionId="bfd2f927-dc0a-4bd1-add8-c17fb61145a0" testListId="8c84fa94-04c1-424b-9868-57a2d4851a1d" />
    <TestEntry testId="57f6bfb3-878f-ec7b-71d8-e1ae592b6823" executionId="9f95acc9-85db-4510-8b71-6202cc711f0c" testListId="8c84fa94-04c1-424b-9868-57a2d4851a1d" />
    <TestEntry testId="583a3b80-1851-93ab-c2ab-87d678e4ad81" executionId="e95f61eb-814c-42ea-a69c-b191457f3efd" testListId="8c84fa94-04c1-424b-9868-57a2d4851a1d" />
    <TestEntry testId="58cdb593-e628-53cb-1ff9-a712c7cfa07d" executionId="e148c173-9635-4dd4-8c7e-f59eedcc3acd" testListId="8c84fa94-04c1-424b-9868-57a2d4851a1d" />
    <TestEntry testId="592a8210-389c-d154-bfaf-1570717dbd73" executionId="d4d5ee2c-de49-4cf0-85ea-8b8d4e5b5575" testListId="8c84fa94-04c1-424b-9868-57a2d4851a1d" />
    <TestEntry testId="5a128d3b-35ba-f233-4f32-be0f8dfb906e" executionId="2845c151-f634-4f39-9415-1f68ccce4d48" testListId="8c84fa94-04c1-424b-9868-57a2d4851a1d" />
    <TestEntry testId="5a7c17db-19ea-927d-e739-dca3cee988f6" executionId="719a8c5c-ecfe-4b15-85e6-656ae80cd25c" testListId="8c84fa94-04c1-424b-9868-57a2d4851a1d" />
    <TestEntry testId="5af90bb7-e3b0-b5e7-29f7-fc8b0902be24" executionId="3fd622f8-7632-4dcb-b0d2-53a0774befaa" testListId="8c84fa94-04c1-424b-9868-57a2d4851a1d" />
    <TestEntry testId="5afe1781-3ccb-0558-a937-e74f932ccd49" executionId="2019f0c5-6180-4fbe-a93d-aae3cf655592" testListId="8c84fa94-04c1-424b-9868-57a2d4851a1d" />
    <TestEntry testId="5b2a5f35-2435-a2ba-eaf1-4c274bced244" executionId="c1255fef-60c8-4149-888b-b4d2d9d2dfea" testListId="8c84fa94-04c1-424b-9868-57a2d4851a1d" />
    <TestEntry testId="5b97deff-fa6b-c377-8ff2-c9c8d4bf8e55" executionId="5eca2f78-1b22-48ba-a52d-2bb2872574a3" testListId="8c84fa94-04c1-424b-9868-57a2d4851a1d" />
    <TestEntry testId="5d04ca0e-dd33-bf62-c1bb-e7d225b4949c" executionId="1ef2c83c-ea48-4b34-ab5b-96a5c307edd3" testListId="8c84fa94-04c1-424b-9868-57a2d4851a1d" />
    <TestEntry testId="5da90bcc-6e5d-3a2d-e174-d391c0422e11" executionId="06d1148a-6839-44bf-a21d-d6ae03bf0881" testListId="8c84fa94-04c1-424b-9868-57a2d4851a1d" />
    <TestEntry testId="5e0523e6-700c-d803-6a13-76f99c5ecb12" executionId="779f1697-ca15-452a-ad7e-6ce7290e88c1" testListId="8c84fa94-04c1-424b-9868-57a2d4851a1d" />
    <TestEntry testId="5edbb1cd-bd31-7ac9-084c-f6f749883ff2" executionId="44437398-ed5e-4555-95d7-204c0d486bb3" testListId="8c84fa94-04c1-424b-9868-57a2d4851a1d" />
    <TestEntry testId="5f1fabc6-b3c7-d9b8-821e-098ccaf3eed1" executionId="a5e17a81-ed8a-4ad4-9ef7-faa3cb44a7e8" testListId="8c84fa94-04c1-424b-9868-57a2d4851a1d" />
    <TestEntry testId="5f382a5a-614c-c9d5-67f1-1ceadc4420b1" executionId="fbed73e4-2448-47c0-ab3a-ce6399167c81" testListId="8c84fa94-04c1-424b-9868-57a2d4851a1d" />
    <TestEntry testId="5fa17309-6178-e440-0cb3-9987b0eaea65" executionId="4b7c1c6b-ada6-4d2b-993d-8ef071862a7c" testListId="8c84fa94-04c1-424b-9868-57a2d4851a1d" />
    <TestEntry testId="606e3bbd-fbf0-39e8-d39a-d95b2f760af1" executionId="0f068fd7-514e-43bd-818a-36cb515c595f" testListId="8c84fa94-04c1-424b-9868-57a2d4851a1d" />
    <TestEntry testId="60b889f5-aa93-4766-ebaf-876bc425b3c4" executionId="7aee473a-805f-4f48-b116-9f17307dcd1e" testListId="8c84fa94-04c1-424b-9868-57a2d4851a1d" />
    <TestEntry testId="612613da-83db-bad4-0786-2d957381d4ad" executionId="806afe27-e864-4dd6-90a0-4d06f8421d99" testListId="8c84fa94-04c1-424b-9868-57a2d4851a1d" />
    <TestEntry testId="61f1fbc3-1b38-ec7e-962e-44e1959bccb8" executionId="c540dbae-953b-4640-89db-ae98f57a013a" testListId="8c84fa94-04c1-424b-9868-57a2d4851a1d" />
    <TestEntry testId="61f447bc-f31d-7adc-e8ff-51ce31625b90" executionId="c40afe9e-9872-45b6-b348-cdcdaccb22f0" testListId="8c84fa94-04c1-424b-9868-57a2d4851a1d" />
    <TestEntry testId="65a45aea-1388-af89-1298-2c122710d67c" executionId="d2093858-2e1d-4c66-8dec-914062dd4e55" testListId="8c84fa94-04c1-424b-9868-57a2d4851a1d" />
    <TestEntry testId="65c104b2-1ff7-266c-33d4-c2e6789ce0d4" executionId="ea1843e5-5a23-46c2-9714-a5d1185db0d8" testListId="8c84fa94-04c1-424b-9868-57a2d4851a1d" />
    <TestEntry testId="66169587-8c61-bb11-f455-fab6b8497218" executionId="559884d1-6ab0-4165-ad65-9c8914c9bffb" testListId="8c84fa94-04c1-424b-9868-57a2d4851a1d" />
    <TestEntry testId="66236707-8e98-8099-42db-7e8aeb3fbf02" executionId="1c1658c5-874d-4320-a3ce-f9a2b0b8d172" testListId="8c84fa94-04c1-424b-9868-57a2d4851a1d" />
    <TestEntry testId="66e87870-2f0c-1802-4a46-f39d5c5c0c20" executionId="fc413c50-e6a9-4678-91f8-6f5f0c3c2de3" testListId="8c84fa94-04c1-424b-9868-57a2d4851a1d" />
    <TestEntry testId="685ba115-26b4-cfb7-772c-f8e84fc12c79" executionId="e398379c-cb1b-41f4-8b2f-5ce2354c4253" testListId="8c84fa94-04c1-424b-9868-57a2d4851a1d" />
    <TestEntry testId="68ea6353-2c49-a913-f384-cf2dc40e93c0" executionId="2810e5e5-ecd9-4409-a29c-3d5a1da5d89e" testListId="8c84fa94-04c1-424b-9868-57a2d4851a1d" />
    <TestEntry testId="69653733-6f17-afcb-14dc-a6126a62b1ee" executionId="1e9cd312-df9f-4245-aee9-267bdbc44ad6" testListId="8c84fa94-04c1-424b-9868-57a2d4851a1d" />
    <TestEntry testId="6b30f78c-5c97-e5aa-0928-de7f5ee83660" executionId="66950b8d-1203-4d88-bf6d-b5f72eeb4e8d" testListId="8c84fa94-04c1-424b-9868-57a2d4851a1d" />
    <TestEntry testId="6beb3a34-356e-6f1e-6b50-8d176c416598" executionId="733dfbba-97df-4422-aed7-884aad73fd0e" testListId="8c84fa94-04c1-424b-9868-57a2d4851a1d" />
    <TestEntry testId="6c066a85-168d-65f4-cc37-317318414373" executionId="91c20e9d-591a-4803-b301-874280aad383" testListId="8c84fa94-04c1-424b-9868-57a2d4851a1d" />
    <TestEntry testId="6d259f14-cf5c-860f-f3bc-07fb6a901208" executionId="8c70903f-a96e-4391-9c1e-c00bf5363443" testListId="8c84fa94-04c1-424b-9868-57a2d4851a1d" />
    <TestEntry testId="6d50870f-a5f5-48df-fa3a-fd929ac4d6d9" executionId="486a8158-abc2-4189-944a-44094307ab4b" testListId="8c84fa94-04c1-424b-9868-57a2d4851a1d" />
    <TestEntry testId="6d677716-f4a3-32e4-d489-2827222e4b43" executionId="d3a1d81d-9602-4123-a9f7-67066dea7b87" testListId="8c84fa94-04c1-424b-9868-57a2d4851a1d" />
    <TestEntry testId="6d97d05d-3cb4-4245-56ca-8b9bbc35a993" executionId="31188552-09be-4071-8ceb-cb71b05acb56" testListId="8c84fa94-04c1-424b-9868-57a2d4851a1d" />
    <TestEntry testId="6e5c9897-01e5-0ddc-270e-62065e9e22f7" executionId="0bd6c959-afa9-4af9-8640-c61b536fbdcc" testListId="8c84fa94-04c1-424b-9868-57a2d4851a1d" />
    <TestEntry testId="6ee3e612-4bf5-4b89-e2d7-9da260f06cb5" executionId="7ef85988-31ac-4c0b-8b39-2f2f4c7fb783" testListId="8c84fa94-04c1-424b-9868-57a2d4851a1d" />
    <TestEntry testId="6efd94c0-48f1-f3dc-5a7c-d483288ae14d" executionId="15640e32-cf34-4685-86df-db8fafd3b18c" testListId="8c84fa94-04c1-424b-9868-57a2d4851a1d" />
    <TestEntry testId="6f4679a3-c135-f19d-6bfb-2e441fc3cb12" executionId="e794a89b-9e62-4b63-99dc-b91e96c7001e" testListId="8c84fa94-04c1-424b-9868-57a2d4851a1d" />
    <TestEntry testId="6f5b8bdf-f4f3-b0ac-2d17-1c769ba70ec7" executionId="dd274991-855c-4cc7-846f-67f07ee758ce" testListId="8c84fa94-04c1-424b-9868-57a2d4851a1d" />
    <TestEntry testId="6f612bd1-261c-e125-ca8e-f3d31afd386b" executionId="bb5538ce-9df3-4bdd-b9f0-bc25d7899ccd" testListId="8c84fa94-04c1-424b-9868-57a2d4851a1d" />
    <TestEntry testId="6fb9a1f1-9260-fa0f-3246-029c6bade6db" executionId="a1024fdb-60d5-47d8-96a6-6b0b11e201e8" testListId="8c84fa94-04c1-424b-9868-57a2d4851a1d" />
    <TestEntry testId="6fc1d911-2aa7-09d2-3f37-8e698e0a0e1a" executionId="227d3b82-3822-4d45-bbea-f9ef08d13ac7" testListId="8c84fa94-04c1-424b-9868-57a2d4851a1d" />
    <TestEntry testId="70a48ca4-778f-c05e-3b5d-4d1dd614ffe7" executionId="05df2f04-4161-4fb6-bb43-2b58d0da7512" testListId="8c84fa94-04c1-424b-9868-57a2d4851a1d" />
    <TestEntry testId="7153296b-7930-7df3-3632-012c2eca18ad" executionId="a6c896b0-cca0-40bb-8b2f-c92a97e78373" testListId="8c84fa94-04c1-424b-9868-57a2d4851a1d" />
    <TestEntry testId="7209dcdb-bb1a-d89a-c5cb-4180ad1a5427" executionId="cd3b7269-4d89-456b-9247-9ebdc883c581" testListId="8c84fa94-04c1-424b-9868-57a2d4851a1d" />
    <TestEntry testId="74c211d1-a8ea-e685-b3ae-006434becd54" executionId="56805c82-32ae-4f75-b40d-508a5220043d" testListId="8c84fa94-04c1-424b-9868-57a2d4851a1d" />
    <TestEntry testId="75a342b2-ef01-e34d-c6b4-7a9dc15f6b1e" executionId="9fb83877-3235-414f-84e0-0fb76de9db8b" testListId="8c84fa94-04c1-424b-9868-57a2d4851a1d" />
    <TestEntry testId="7685b20a-de0b-8bc0-6c22-3a9d32aab4bd" executionId="f2b38f7a-7714-4852-a6cf-87fd3408abfc" testListId="8c84fa94-04c1-424b-9868-57a2d4851a1d" />
    <TestEntry testId="783f6a3b-54fe-a923-8c75-e72b281f150f" executionId="01992e52-64b2-4b42-bcee-11a47e1d7fcb" testListId="8c84fa94-04c1-424b-9868-57a2d4851a1d" />
    <TestEntry testId="799c0d6a-4d65-290e-a185-a723c64e9bd5" executionId="3ce8c6ca-2716-477a-92a2-5e8700fab320" testListId="8c84fa94-04c1-424b-9868-57a2d4851a1d" />
    <TestEntry testId="79f08418-c51b-ec01-a3f0-aeabf52599fa" executionId="8476dc39-c247-43d1-a221-48d45894fddf" testListId="8c84fa94-04c1-424b-9868-57a2d4851a1d" />
    <TestEntry testId="7a4bb2ce-d62d-4561-dc89-28a6c8155af3" executionId="ddce0300-919b-42a9-8903-dc7ccd1172ae" testListId="8c84fa94-04c1-424b-9868-57a2d4851a1d" />
    <TestEntry testId="7acb1219-a69e-e102-dd8e-4060793e7b6e" executionId="f712f66f-a652-4039-8582-29fec1dad7b7" testListId="8c84fa94-04c1-424b-9868-57a2d4851a1d" />
    <TestEntry testId="7b6f7aba-399c-6729-f243-4ff68995d88e" executionId="51905e93-539a-4e7d-b93e-18313df4a81a" testListId="8c84fa94-04c1-424b-9868-57a2d4851a1d" />
    <TestEntry testId="7b96fc08-5095-7079-15b5-f39e447dbf49" executionId="b5a3f166-b118-4ee2-9c13-5db566db8bd8" testListId="8c84fa94-04c1-424b-9868-57a2d4851a1d" />
    <TestEntry testId="7bf1b32b-b544-1d63-7f85-8cb3721cb13c" executionId="b6d916ab-92b9-4da2-a6da-af36e74aeba3" testListId="8c84fa94-04c1-424b-9868-57a2d4851a1d" />
    <TestEntry testId="7c057236-5b5f-451c-5800-6e05c196b383" executionId="51d4e0eb-8e24-43fe-af47-03ee573e0db7" testListId="8c84fa94-04c1-424b-9868-57a2d4851a1d" />
    <TestEntry testId="7c9fa0fb-7cf0-12c6-f8da-d4fb82dffc47" executionId="37120228-e445-48c7-949e-57c38dae6973" testListId="8c84fa94-04c1-424b-9868-57a2d4851a1d" />
    <TestEntry testId="7d2305d4-075e-49ce-735b-3ccd549f53b8" executionId="3dd9c7e4-f51a-4bbe-9eaf-d7641154f0c7" testListId="8c84fa94-04c1-424b-9868-57a2d4851a1d" />
    <TestEntry testId="7d282b5a-4c68-651b-2ed3-0d406222883a" executionId="9c66ae6d-ed09-46ab-949a-103cde2bb1a9" testListId="8c84fa94-04c1-424b-9868-57a2d4851a1d" />
    <TestEntry testId="7d9357cd-185a-7a7d-46d5-6e0825f094b5" executionId="fef5a052-f4ad-480e-976e-0d416e01e93b" testListId="8c84fa94-04c1-424b-9868-57a2d4851a1d" />
    <TestEntry testId="7e4ecb77-6a2d-3a8f-0c42-71f8df3a6f64" executionId="09078b64-a5f4-4dc0-a3bf-77ce96d5235b" testListId="8c84fa94-04c1-424b-9868-57a2d4851a1d" />
    <TestEntry testId="7e9e7b54-d658-a1a5-ce5b-efa2cb03052c" executionId="50c14d9a-478e-45ac-885d-6a66146dc827" testListId="8c84fa94-04c1-424b-9868-57a2d4851a1d" />
    <TestEntry testId="809902e6-5c64-c35c-89c5-d13cd243728a" executionId="d5400241-b87b-465b-aa9e-4c4cf7d0dabd" testListId="8c84fa94-04c1-424b-9868-57a2d4851a1d" />
    <TestEntry testId="8139f5f3-bee3-cd07-2820-fcf4f70f9ff0" executionId="9496fdca-ec8b-497f-9e5c-539a0d381a27" testListId="8c84fa94-04c1-424b-9868-57a2d4851a1d" />
    <TestEntry testId="81cb2920-61d9-e3df-f3bf-c3ed245e0ab0" executionId="d7d7457d-ead0-4b68-ba76-d004bd14d18d" testListId="8c84fa94-04c1-424b-9868-57a2d4851a1d" />
    <TestEntry testId="83224f41-33be-cb5a-8243-f1cbb7067a6d" executionId="6b1a9cdd-b5bc-4c23-9e70-c43ff28d6179" testListId="8c84fa94-04c1-424b-9868-57a2d4851a1d" />
    <TestEntry testId="847097ef-3573-f329-f9db-f7704607c613" executionId="4b9eacb3-d7ff-4e41-b55e-d51f901f0e81" testListId="8c84fa94-04c1-424b-9868-57a2d4851a1d" />
    <TestEntry testId="8522a95f-e160-dcf6-186a-2eac6493fad8" executionId="65768801-6a93-4fa9-977e-8c4e9fbb5e5b" testListId="8c84fa94-04c1-424b-9868-57a2d4851a1d" />
    <TestEntry testId="8538b685-e301-b4f2-f6ec-7abb74e1fb4b" executionId="f279fc40-f322-4457-adb1-d2b3e73fdf88" testListId="8c84fa94-04c1-424b-9868-57a2d4851a1d" />
    <TestEntry testId="86374614-7da2-d70a-a3e6-d86ececa0915" executionId="164ce69c-ed7f-4ace-86cb-7dda32ce3573" testListId="8c84fa94-04c1-424b-9868-57a2d4851a1d" />
    <TestEntry testId="86693507-7b03-3b4f-52d7-489bc76e87d4" executionId="58055fa5-50bd-404d-94c0-fa622ab15fff" testListId="8c84fa94-04c1-424b-9868-57a2d4851a1d" />
    <TestEntry testId="890ef093-5e72-8ed9-1c1c-1c73a74ec8fc" executionId="f2ad3ee4-587a-4374-a367-3aaa705e8307" testListId="8c84fa94-04c1-424b-9868-57a2d4851a1d" />
    <TestEntry testId="8ca88260-b717-95ca-37eb-ce8b3138fe45" executionId="735ed47b-3ad8-41a8-a0e4-41f32c7007b7" testListId="8c84fa94-04c1-424b-9868-57a2d4851a1d" />
    <TestEntry testId="8cca1161-4d2c-f0a6-91e9-079cbe2f9201" executionId="9612e847-009f-461c-9fe9-735aa23b189a" testListId="8c84fa94-04c1-424b-9868-57a2d4851a1d" />
    <TestEntry testId="8d764dc0-19cc-25ef-1223-85c01764c701" executionId="d2fecb3e-a9a2-4e5d-9359-341875d84739" testListId="8c84fa94-04c1-424b-9868-57a2d4851a1d" />
    <TestEntry testId="8f46b492-6eff-ef62-7327-4eb38c11c2ef" executionId="bacb2daa-471c-461d-9ade-d4fead6c72a7" testListId="8c84fa94-04c1-424b-9868-57a2d4851a1d" />
    <TestEntry testId="9091ae17-a6a8-ad22-153b-b3d1f20f3512" executionId="f1856616-85c9-4fed-9f3f-27f2a243a2ba" testListId="8c84fa94-04c1-424b-9868-57a2d4851a1d" />
    <TestEntry testId="948eaf49-3d62-1046-def5-d76ed8415a60" executionId="27270a51-b7f1-48bc-ac70-0a6695c5af6a" testListId="8c84fa94-04c1-424b-9868-57a2d4851a1d" />
    <TestEntry testId="95004e80-f255-f931-0117-595d4516dea1" executionId="60bfbb9d-fae1-4073-9328-cf968b5f3f7d" testListId="8c84fa94-04c1-424b-9868-57a2d4851a1d" />
    <TestEntry testId="95252275-5d7e-5275-9816-a53a17373eae" executionId="2e230d22-0d26-418c-8894-6e80d318dd28" testListId="8c84fa94-04c1-424b-9868-57a2d4851a1d" />
    <TestEntry testId="95c19639-802d-b1a1-d6b5-8e055a02797d" executionId="71862e17-e03d-430c-a752-0b9af02be876" testListId="8c84fa94-04c1-424b-9868-57a2d4851a1d" />
    <TestEntry testId="95fac6cd-cd0a-1020-088f-f907c1eb2032" executionId="f43a79f1-6b88-4e94-bd54-77e70e1db164" testListId="8c84fa94-04c1-424b-9868-57a2d4851a1d" />
    <TestEntry testId="9654d44e-cffe-084f-c793-37a48f54fd16" executionId="210b6cd0-8eed-4213-9a43-002d51ab4773" testListId="8c84fa94-04c1-424b-9868-57a2d4851a1d" />
    <TestEntry testId="9829ccd4-7897-563f-fa8f-058ccd4d2394" executionId="791259e5-b595-4585-8600-dcb755e0d73e" testListId="8c84fa94-04c1-424b-9868-57a2d4851a1d" />
    <TestEntry testId="986c501e-f914-4dd0-53c3-b0c1bdfdf5be" executionId="da8193bc-3335-4628-b623-2ce31594b643" testListId="8c84fa94-04c1-424b-9868-57a2d4851a1d" />
    <TestEntry testId="99355754-b969-f315-3b5a-88e1622f783a" executionId="7da044da-06d1-41b8-8b6c-6ce311fff249" testListId="8c84fa94-04c1-424b-9868-57a2d4851a1d" />
    <TestEntry testId="99d5bdbd-2ac1-c2dd-bd8e-ff998f163943" executionId="9665e38d-4a14-46a0-beaf-6bf935e806b0" testListId="8c84fa94-04c1-424b-9868-57a2d4851a1d" />
    <TestEntry testId="9a78eead-dd54-3b88-317e-c7ec25cf0f93" executionId="f30c27b4-33f4-4883-b548-f0ce6646d0bd" testListId="8c84fa94-04c1-424b-9868-57a2d4851a1d" />
    <TestEntry testId="9a7f21c9-61b5-30cc-38aa-34a79b6a0201" executionId="4bef2fbf-7cc0-4c18-9f89-18180a8dfc95" testListId="8c84fa94-04c1-424b-9868-57a2d4851a1d" />
    <TestEntry testId="9c6c437e-182b-5735-6616-67dd466d97ca" executionId="33bbc630-5186-49e1-8a40-6dde5e715a09" testListId="8c84fa94-04c1-424b-9868-57a2d4851a1d" />
    <TestEntry testId="9d65c075-cd74-d595-76f3-d465e66be801" executionId="95c1a676-79e5-4774-be1d-0ce61e16376d" testListId="8c84fa94-04c1-424b-9868-57a2d4851a1d" />
    <TestEntry testId="9d81df93-5250-1a02-c112-738e62d8d757" executionId="883a4b3b-884c-4767-a7cd-538b4011144f" testListId="8c84fa94-04c1-424b-9868-57a2d4851a1d" />
    <TestEntry testId="9dde4be1-7360-a906-9538-025b609b4796" executionId="bbbcfebf-006a-4d15-a83c-4338d4e2bfdf" testListId="8c84fa94-04c1-424b-9868-57a2d4851a1d" />
    <TestEntry testId="9e0a45ef-94e7-5d2e-296e-d43084cdb72d" executionId="84e79d62-f8d7-4661-a1bd-2ec4a4e736aa" testListId="8c84fa94-04c1-424b-9868-57a2d4851a1d" />
    <TestEntry testId="9e682854-c61c-e4ee-d65c-e57b13656d39" executionId="c2cf261d-766b-414f-ab51-bdd36e2ae13b" testListId="8c84fa94-04c1-424b-9868-57a2d4851a1d" />
    <TestEntry testId="9f145708-6c3c-b063-e40e-7d892e8c9ec8" executionId="3d7432d4-e044-4d39-b5a2-4dea4ef9eba2" testListId="8c84fa94-04c1-424b-9868-57a2d4851a1d" />
    <TestEntry testId="9f650caf-3801-3ddc-df66-451ef0461b2d" executionId="9db4ec8f-6980-4bde-a107-20316b6e9ca5" testListId="8c84fa94-04c1-424b-9868-57a2d4851a1d" />
    <TestEntry testId="a082c5ab-9e9e-f9a3-c9b1-3688e77d4b93" executionId="d191e321-43fb-46a5-8cef-ef2e1ea63e74" testListId="8c84fa94-04c1-424b-9868-57a2d4851a1d" />
    <TestEntry testId="a2865b2e-10f7-d550-33c8-b7ec8623e85f" executionId="29f19742-4d2e-4bbe-a015-8c56200821e8" testListId="8c84fa94-04c1-424b-9868-57a2d4851a1d" />
    <TestEntry testId="a2cd0fe1-b87c-c070-6665-87346857dbcd" executionId="3a398ffd-5267-4bff-aecd-40d99aaa2239" testListId="8c84fa94-04c1-424b-9868-57a2d4851a1d" />
    <TestEntry testId="a4df90b5-6a65-c11c-9306-ae984a6862f3" executionId="cc121f79-2dee-4b03-aea0-95b9f991249a" testListId="8c84fa94-04c1-424b-9868-57a2d4851a1d" />
    <TestEntry testId="a4e874d3-81be-9f49-2511-92f0df88cee7" executionId="1d911569-a79b-433e-8240-f6bf8dbf8f45" testListId="8c84fa94-04c1-424b-9868-57a2d4851a1d" />
    <TestEntry testId="a5d1a057-084a-abb3-2d76-06c401ccb8d8" executionId="85b08b3d-eb45-44e1-a0da-1293b06202b9" testListId="8c84fa94-04c1-424b-9868-57a2d4851a1d" />
    <TestEntry testId="a6b9a5f6-83d7-1eba-5a05-ac8e16d1f134" executionId="107e9142-b0ed-401e-b662-6433318631b2" testListId="8c84fa94-04c1-424b-9868-57a2d4851a1d" />
    <TestEntry testId="a7658188-1d86-06a8-b6f3-6e5c757f83b4" executionId="591d9812-2de2-4faf-b4e6-ee3d493ff65d" testListId="8c84fa94-04c1-424b-9868-57a2d4851a1d" />
    <TestEntry testId="a7c3501c-4b66-95e5-cfa7-a3027a1486c4" executionId="a2a8772d-1346-477d-9650-96c9631169f6" testListId="8c84fa94-04c1-424b-9868-57a2d4851a1d" />
    <TestEntry testId="a882d58c-8888-fab1-21e4-618bb71ae1ce" executionId="ae31ecbb-8796-4430-a4a0-f212ed3d8910" testListId="8c84fa94-04c1-424b-9868-57a2d4851a1d" />
    <TestEntry testId="a92236ed-a367-c7c7-0a25-b11ae709bcb3" executionId="3ce38829-7a8b-4793-bfc4-a9b03cf2e909" testListId="8c84fa94-04c1-424b-9868-57a2d4851a1d" />
    <TestEntry testId="a95e4141-d767-b753-e492-b99e6f8ee705" executionId="96b81b66-7235-4a80-87d2-456caf0b71b2" testListId="8c84fa94-04c1-424b-9868-57a2d4851a1d" />
    <TestEntry testId="aac835be-7dca-bf39-4e90-f32eb9f2669d" executionId="fa6d40b2-39cc-4077-b57b-0569a5c2978c" testListId="8c84fa94-04c1-424b-9868-57a2d4851a1d" />
    <TestEntry testId="aaf613d0-debf-b348-f6a8-625b151b543d" executionId="b3dfe539-ba6d-4f8e-87a1-3dcd4b78206c" testListId="8c84fa94-04c1-424b-9868-57a2d4851a1d" />
    <TestEntry testId="abb8373c-7671-9802-6d68-5c17e7124ebd" executionId="43d87b66-62bf-473e-b4aa-4b196d15a5e9" testListId="8c84fa94-04c1-424b-9868-57a2d4851a1d" />
    <TestEntry testId="ac6fd380-aa69-7042-79c1-72e377d208c7" executionId="d122118c-274e-4f45-a7be-c5b10322afee" testListId="8c84fa94-04c1-424b-9868-57a2d4851a1d" />
    <TestEntry testId="af74033c-8ac7-9c6c-bed1-b5a7d2c06950" executionId="a220b9a8-64ce-4cbb-9014-0ae4069a55f5" testListId="8c84fa94-04c1-424b-9868-57a2d4851a1d" />
    <TestEntry testId="b0037f39-501d-0ae0-4207-fd773fffa4a6" executionId="666f6095-f4dc-4beb-b3b8-968146165bf1" testListId="8c84fa94-04c1-424b-9868-57a2d4851a1d" />
    <TestEntry testId="b16bd29a-b3d8-bf0d-809b-edcc4ff2fca0" executionId="7efd6a78-9fcd-4a61-bd15-34d0399ef591" testListId="8c84fa94-04c1-424b-9868-57a2d4851a1d" />
    <TestEntry testId="b18d1727-ecb0-0941-0114-d84e798714f5" executionId="9859d0fe-2381-427e-a247-85f2de46b4ef" testListId="8c84fa94-04c1-424b-9868-57a2d4851a1d" />
    <TestEntry testId="b25aa57b-bb9a-f05f-4179-18f54e514dcd" executionId="609b68c0-ba3f-4e79-b759-779e22b03f61" testListId="8c84fa94-04c1-424b-9868-57a2d4851a1d" />
    <TestEntry testId="b28183ac-a700-53c3-0c4c-4c663c3d39eb" executionId="a023c0cc-b40f-4e62-a8f1-c36cf61390de" testListId="8c84fa94-04c1-424b-9868-57a2d4851a1d" />
    <TestEntry testId="b32170cc-6301-2795-2015-78cba1f92dc0" executionId="b8dc199c-bfb3-4b5f-8dd7-576cf005bb1b" testListId="8c84fa94-04c1-424b-9868-57a2d4851a1d" />
    <TestEntry testId="b3df8862-1b3b-daec-78d1-26c8d0d4c769" executionId="1b7911f9-04bb-42f4-b5a3-d7998a290dfb" testListId="8c84fa94-04c1-424b-9868-57a2d4851a1d" />
    <TestEntry testId="b3e73d9f-e8d5-d40e-f226-223e65b83b5c" executionId="09b491dc-c6d4-4a15-80f9-59fedb3057a1" testListId="8c84fa94-04c1-424b-9868-57a2d4851a1d" />
    <TestEntry testId="b56cc93a-1a34-87ca-906c-3850d1ae7b74" executionId="892cd7f4-9626-43ab-aa48-1f9d8725b19f" testListId="8c84fa94-04c1-424b-9868-57a2d4851a1d" />
    <TestEntry testId="b5bf2f35-dde6-66e3-7545-0164ceb4c3bb" executionId="58d79610-2f7d-4c94-abfb-258489b15813" testListId="8c84fa94-04c1-424b-9868-57a2d4851a1d" />
    <TestEntry testId="b60197de-ab24-075d-fbab-bf70fa600887" executionId="974332ec-c4f5-42a0-83ac-704bed9bcfbb" testListId="8c84fa94-04c1-424b-9868-57a2d4851a1d" />
    <TestEntry testId="b9bdcc23-3882-fdc6-ae71-589fdcc2d732" executionId="40dcda76-3251-4b70-b9bb-a54b049761f3" testListId="8c84fa94-04c1-424b-9868-57a2d4851a1d" />
    <TestEntry testId="b9daaf02-a2df-fc67-bf09-91db90f1040d" executionId="fcea2315-0228-4822-92a7-4a8a80b296a6" testListId="8c84fa94-04c1-424b-9868-57a2d4851a1d" />
    <TestEntry testId="ba822c9a-2244-54af-db34-ae1b0ff7f2ea" executionId="bfc28adc-2e6d-4428-94cc-cbc350d27afc" testListId="8c84fa94-04c1-424b-9868-57a2d4851a1d" />
    <TestEntry testId="ba89953e-a09d-28cf-6946-aa203e1b8fb8" executionId="43962dc0-d619-493b-b5c7-a5b40e026810" testListId="8c84fa94-04c1-424b-9868-57a2d4851a1d" />
    <TestEntry testId="ba999509-487a-7f04-1438-f406952dc58e" executionId="f9a36f83-fa40-4f30-a52a-b2d0c485f50e" testListId="8c84fa94-04c1-424b-9868-57a2d4851a1d" />
    <TestEntry testId="bb35c303-68f9-bb58-ec6c-79aa0b063947" executionId="90850a03-1ce8-447c-8800-f6f4b2a7aae9" testListId="8c84fa94-04c1-424b-9868-57a2d4851a1d" />
    <TestEntry testId="bb62f7f6-95bc-c16c-f91c-8661bb447531" executionId="60a3c26f-3bcf-4dc2-a59f-d311b59d6f15" testListId="8c84fa94-04c1-424b-9868-57a2d4851a1d" />
    <TestEntry testId="bc231f56-0b8a-34bb-d73a-6bc2b970aa27" executionId="fee74385-39e7-48c7-907d-9049f807db4b" testListId="8c84fa94-04c1-424b-9868-57a2d4851a1d" />
    <TestEntry testId="bc2bbda1-dfbc-fff1-89f7-377eb332a077" executionId="158182f1-6e02-4d37-8fbf-ad0b7312dbd4" testListId="8c84fa94-04c1-424b-9868-57a2d4851a1d" />
    <TestEntry testId="bdc5cf0e-b6b0-aab1-b4c9-cfdf4e4262c3" executionId="ddc6ac06-cf84-4a87-a107-894a58442d1b" testListId="8c84fa94-04c1-424b-9868-57a2d4851a1d" />
    <TestEntry testId="bed0bac3-5433-e3b2-3646-ee5b82bf2f3c" executionId="d0534394-687a-45a1-81c5-0972a580c0be" testListId="8c84fa94-04c1-424b-9868-57a2d4851a1d" />
    <TestEntry testId="c0f6a7ca-70c4-38dc-b622-ea187fd81d6d" executionId="b491692d-ba7a-4a16-9929-b6f8e2e1651d" testListId="8c84fa94-04c1-424b-9868-57a2d4851a1d" />
    <TestEntry testId="c154fab6-7379-ae56-989a-e56b1649db90" executionId="a7af735c-f8f7-48e9-a794-be954b05c24f" testListId="8c84fa94-04c1-424b-9868-57a2d4851a1d" />
    <TestEntry testId="c19d7fe3-d556-ad76-9806-5e328516f06f" executionId="9d35bea7-271e-4d28-b896-fa0b6f84067f" testListId="8c84fa94-04c1-424b-9868-57a2d4851a1d" />
    <TestEntry testId="c2fceb1f-5078-88e7-1674-00e75ecef9dd" executionId="f034ce61-acd3-493f-b155-efd7815e43d4" testListId="8c84fa94-04c1-424b-9868-57a2d4851a1d" />
    <TestEntry testId="c3a4535b-76d1-c39a-2397-114110fb9661" executionId="f7c04305-f456-4801-af02-37bb3c5d685b" testListId="8c84fa94-04c1-424b-9868-57a2d4851a1d" />
    <TestEntry testId="c4f416aa-df0e-260b-8e45-51ab2e95c489" executionId="834b3df6-c6cd-4ab0-974a-235f92ea4ba9" testListId="8c84fa94-04c1-424b-9868-57a2d4851a1d" />
    <TestEntry testId="c55622f2-a19b-2b7c-fbf0-3bcc9fa792bb" executionId="2399b8c1-facf-4c3e-be17-99f6308cf450" testListId="8c84fa94-04c1-424b-9868-57a2d4851a1d" />
    <TestEntry testId="c59ebd84-a390-b0a9-9601-b22bb9ff7f1d" executionId="9cac3b3e-56a6-448b-ad87-f2ea57df59a7" testListId="8c84fa94-04c1-424b-9868-57a2d4851a1d" />
    <TestEntry testId="c5a39b6e-0b51-8275-3d9b-29919f35b9b0" executionId="eeaf77ed-2c30-4ae3-bd2e-fb1a75645fff" testListId="8c84fa94-04c1-424b-9868-57a2d4851a1d" />
    <TestEntry testId="c7989c99-7490-d68e-f8ba-99491ffceea3" executionId="082c7f9e-eb8a-44c9-89d1-d7298424d1b0" testListId="8c84fa94-04c1-424b-9868-57a2d4851a1d" />
    <TestEntry testId="c85e6447-a3ca-1d12-8c38-f937a72eca57" executionId="8168023e-bedf-4066-a714-8cd4da0b7260" testListId="8c84fa94-04c1-424b-9868-57a2d4851a1d" />
    <TestEntry testId="c9a124e9-2f09-63d2-22cf-ad1bad23f16c" executionId="487c0d97-5b79-44fa-8a9e-a1a88cafbc1d" testListId="8c84fa94-04c1-424b-9868-57a2d4851a1d" />
    <TestEntry testId="c9e2118a-af3f-f908-ba61-20f5edd2b827" executionId="6d4eab9d-fe1a-4074-8e6c-023ac8c1d572" testListId="8c84fa94-04c1-424b-9868-57a2d4851a1d" />
    <TestEntry testId="ca1b8eb5-4ad5-3e56-62f6-d3c54fe84326" executionId="3c889df3-993f-456d-9308-e5cbdcc4772e" testListId="8c84fa94-04c1-424b-9868-57a2d4851a1d" />
    <TestEntry testId="cb08040d-63a1-ab84-f3c4-dce8729ce3d1" executionId="8c1a812c-1112-49dd-8b63-79bdb0b0f8d9" testListId="8c84fa94-04c1-424b-9868-57a2d4851a1d" />
    <TestEntry testId="cb80e7a8-021c-5d6c-c831-c1f7e461a27c" executionId="eccb185e-d724-4b03-8527-f7a11b2dc007" testListId="8c84fa94-04c1-424b-9868-57a2d4851a1d" />
    <TestEntry testId="ce354fe1-08e2-7958-e209-2621b563d1da" executionId="f6a5597b-fad7-4194-9973-3f532560a0e1" testListId="8c84fa94-04c1-424b-9868-57a2d4851a1d" />
    <TestEntry testId="cf462ec4-8531-1e43-07c6-e34f96bb70c0" executionId="72ea0a71-0322-4d83-adba-d9004ad5ce69" testListId="8c84fa94-04c1-424b-9868-57a2d4851a1d" />
    <TestEntry testId="cfacc8e4-11ef-5e59-c2dc-f7d2d86d5a2e" executionId="30f19f91-e243-46f2-b301-94d369c1a867" testListId="8c84fa94-04c1-424b-9868-57a2d4851a1d" />
    <TestEntry testId="cfb75f84-eedb-9c69-8ad1-7d1a16a63ca8" executionId="65680625-dbe4-4c7b-b6fe-93c48d0f278c" testListId="8c84fa94-04c1-424b-9868-57a2d4851a1d" />
    <TestEntry testId="d079bc7a-5632-90a3-fd08-a3194bc2d4b6" executionId="7f5e61a8-6714-4f52-9e77-f4c24b48be6d" testListId="8c84fa94-04c1-424b-9868-57a2d4851a1d" />
    <TestEntry testId="d10bf695-c889-b70c-ad2f-f77a6c930e0a" executionId="832519f0-cfdb-420f-8419-2c594150dee3" testListId="8c84fa94-04c1-424b-9868-57a2d4851a1d" />
    <TestEntry testId="d1295b3d-b18a-9feb-b9f7-b8d24a1390b4" executionId="3912b6ee-f0fa-4e12-90dc-82085eaec7af" testListId="8c84fa94-04c1-424b-9868-57a2d4851a1d" />
    <TestEntry testId="d39a97f0-a02b-13f3-00ff-3ebdf64857ec" executionId="94963fdc-6902-4615-a41c-d082f54a7e23" testListId="8c84fa94-04c1-424b-9868-57a2d4851a1d" />
    <TestEntry testId="d51d0821-4280-76e7-8d6d-17b8ea1953f0" executionId="6bcd0a8b-0a35-4741-be11-fc055b4adc81" testListId="8c84fa94-04c1-424b-9868-57a2d4851a1d" />
    <TestEntry testId="d531988b-f1bb-cf47-5dc0-2ed134630321" executionId="d5c7ff99-5808-415b-8ecd-c3e8edceeb18" testListId="8c84fa94-04c1-424b-9868-57a2d4851a1d" />
    <TestEntry testId="d646a28e-30d8-4c55-0af1-38d31ab16a6a" executionId="896de528-46a1-4356-a98c-22a24a1808bc" testListId="8c84fa94-04c1-424b-9868-57a2d4851a1d" />
    <TestEntry testId="d688d02d-3269-304b-a6e8-10e959d858db" executionId="74e0766d-57be-4f6a-abab-359cee8d12cf" testListId="8c84fa94-04c1-424b-9868-57a2d4851a1d" />
    <TestEntry testId="d6a3e7bf-2e31-3f07-2490-3e67884ebb4a" executionId="76c41091-3188-4c70-900a-d32ac0f43e76" testListId="8c84fa94-04c1-424b-9868-57a2d4851a1d" />
    <TestEntry testId="d8a245d8-8db6-bd87-8600-23c0fc08446c" executionId="65458838-7e9a-4b99-bb79-0dc14a1b7f78" testListId="8c84fa94-04c1-424b-9868-57a2d4851a1d" />
    <TestEntry testId="d8cfd2cc-f7c2-fb7c-2948-c14069a906b1" executionId="c109110b-32c6-43ee-9019-f89d7eac5931" testListId="8c84fa94-04c1-424b-9868-57a2d4851a1d" />
    <TestEntry testId="d9751d6d-b53f-ae7f-743d-a442b6a2d81c" executionId="0aaa2bf8-e05e-4c3d-ae5c-5fc244ff5d21" testListId="8c84fa94-04c1-424b-9868-57a2d4851a1d" />
    <TestEntry testId="d9cc8fd3-0870-25cd-301c-1c45a9609c32" executionId="4aafe874-40da-4606-b2c8-e7d9e6d70694" testListId="8c84fa94-04c1-424b-9868-57a2d4851a1d" />
    <TestEntry testId="d9d60eb2-6c40-96e0-e46e-37fba7b51acb" executionId="e698dc8c-2c90-415d-b0f4-8da83d1e70c4" testListId="8c84fa94-04c1-424b-9868-57a2d4851a1d" />
    <TestEntry testId="da679302-1a0c-b7f2-1c7e-e59bb2763f0f" executionId="f5b4dbb4-5682-441b-a120-fa1cbb5974d9" testListId="8c84fa94-04c1-424b-9868-57a2d4851a1d" />
    <TestEntry testId="db113e6e-fe96-562f-4c9e-fac3dbaaeedc" executionId="a2641da4-ead0-4aea-883f-ee91b654c9c9" testListId="8c84fa94-04c1-424b-9868-57a2d4851a1d" />
    <TestEntry testId="db2cbd38-a14d-b06e-fd2b-542b84645680" executionId="35ebde4f-5cae-4cf7-8760-2da2e839ae39" testListId="8c84fa94-04c1-424b-9868-57a2d4851a1d" />
    <TestEntry testId="dcd64675-21d8-0b9a-9cf5-ac50822ee771" executionId="198ece14-d864-41dc-a89a-9afee6b14e8b" testListId="8c84fa94-04c1-424b-9868-57a2d4851a1d" />
    <TestEntry testId="dcf1db6a-6e15-f745-8c61-5c0cbc68681f" executionId="9546fb11-8494-4615-bb49-1a0df1d8ef0e" testListId="8c84fa94-04c1-424b-9868-57a2d4851a1d" />
    <TestEntry testId="de169ee4-3985-9538-838d-f920eef5b26b" executionId="ebbfec80-b406-4c72-bded-fcc55aefdb3f" testListId="8c84fa94-04c1-424b-9868-57a2d4851a1d" />
    <TestEntry testId="dfea3fa1-b295-8c05-710e-e2cb6ce3f9d6" executionId="a15850bc-deb4-4e09-8294-53327fe751c3" testListId="8c84fa94-04c1-424b-9868-57a2d4851a1d" />
    <TestEntry testId="e08ed2a3-8471-3997-30af-ab81916e00cb" executionId="1574b05a-e5e6-4e42-84c3-99cf551da18d" testListId="8c84fa94-04c1-424b-9868-57a2d4851a1d" />
    <TestEntry testId="e1d44afa-1394-6d68-cf3a-361e5ec94e83" executionId="3a0872d6-31f6-489b-a0e3-dfe384dc1e38" testListId="8c84fa94-04c1-424b-9868-57a2d4851a1d" />
    <TestEntry testId="e26f0cbc-ec75-e273-f755-4a50e6a1f30a" executionId="bae14ca3-994b-44b3-b2e4-d8206f8439e3" testListId="8c84fa94-04c1-424b-9868-57a2d4851a1d" />
    <TestEntry testId="e2e442ef-e02c-6299-5fbd-dd49fb1d3672" executionId="e4c95071-fc12-4430-b660-4bd0892d8f27" testListId="8c84fa94-04c1-424b-9868-57a2d4851a1d" />
    <TestEntry testId="e4615602-9641-d148-59c9-84c9addeee4f" executionId="e33065a5-5215-4e57-9176-289e7f9e4816" testListId="8c84fa94-04c1-424b-9868-57a2d4851a1d" />
    <TestEntry testId="e47b507d-8276-c45e-8213-bc71e7175571" executionId="6170d9d1-b797-4031-96f7-41927ee2e38b" testListId="8c84fa94-04c1-424b-9868-57a2d4851a1d" />
    <TestEntry testId="e6a8c00a-faa8-0745-e831-40d2f4668ade" executionId="63dbd9ed-4ae3-4870-8311-730d66ee1f6d" testListId="8c84fa94-04c1-424b-9868-57a2d4851a1d" />
    <TestEntry testId="e714817d-ce86-8716-57bb-b981b1597240" executionId="9f258f45-94c7-45aa-bd84-d590f828d8f5" testListId="8c84fa94-04c1-424b-9868-57a2d4851a1d" />
    <TestEntry testId="e731ae20-c844-7455-5d52-ca6eb82eb8c1" executionId="c838afc7-8704-4df0-aed0-7b97735e6da1" testListId="8c84fa94-04c1-424b-9868-57a2d4851a1d" />
    <TestEntry testId="e9706036-01bc-4fd1-60c9-f67ac8f10adb" executionId="7485d5a7-f2de-4175-8989-1b717b64526b" testListId="8c84fa94-04c1-424b-9868-57a2d4851a1d" />
    <TestEntry testId="e9fab572-8fef-43db-2f81-87bc2fbad50f" executionId="98ac79f6-5e7f-46fe-80b6-a4438588e7cf" testListId="8c84fa94-04c1-424b-9868-57a2d4851a1d" />
    <TestEntry testId="ea325b6e-c3ab-3827-d099-c8e61f5a4b92" executionId="bc14a1ae-3b23-40ad-bce9-67479ea406ee" testListId="8c84fa94-04c1-424b-9868-57a2d4851a1d" />
    <TestEntry testId="eaf1ea02-9828-2113-565b-2356e5e99e6b" executionId="6aac10b1-9bfb-4ebd-8152-986fdadccfed" testListId="8c84fa94-04c1-424b-9868-57a2d4851a1d" />
    <TestEntry testId="eb7106dc-eb88-ec99-7bfd-0b16f51297ea" executionId="9fe454e6-e833-4014-9d54-f06ecb20c79d" testListId="8c84fa94-04c1-424b-9868-57a2d4851a1d" />
    <TestEntry testId="ec86a5c7-025b-b62c-fbf3-4b0194192c0a" executionId="b7bef396-da5c-45c5-96cc-0a8e1504f8de" testListId="8c84fa94-04c1-424b-9868-57a2d4851a1d" />
    <TestEntry testId="ed27cc8b-f076-d5ca-e1a7-e11e80ed7216" executionId="111f64ec-9dad-4606-baa9-9277be27b885" testListId="8c84fa94-04c1-424b-9868-57a2d4851a1d" />
    <TestEntry testId="ef0ae882-4dcb-0302-71db-13ab90020039" executionId="0c7cb880-2154-4a26-99aa-bf1b1699ac6d" testListId="8c84fa94-04c1-424b-9868-57a2d4851a1d" />
    <TestEntry testId="ef68a9ee-23ea-2d7b-e344-622c97db6fd2" executionId="d8c93c09-fcae-471e-bad6-d039ef9ef518" testListId="8c84fa94-04c1-424b-9868-57a2d4851a1d" />
    <TestEntry testId="efd3fdf9-6214-c49f-4a2b-bfb2fe87d588" executionId="36abec50-4d25-431e-87cc-3aff55e77553" testListId="8c84fa94-04c1-424b-9868-57a2d4851a1d" />
    <TestEntry testId="f0a78964-7df7-6d28-3ebe-f82c2151fafb" executionId="a2316bea-6599-4069-b3f5-5c769644a104" testListId="8c84fa94-04c1-424b-9868-57a2d4851a1d" />
    <TestEntry testId="f171bbe9-81e2-ed24-643d-8a7305f52326" executionId="acc19dc7-2837-4412-b22b-424d0ae6af02" testListId="8c84fa94-04c1-424b-9868-57a2d4851a1d" />
    <TestEntry testId="f3417486-69dc-de2a-dd50-52fd43d006f5" executionId="786022b1-79ee-4880-800e-183741f2cf8f" testListId="8c84fa94-04c1-424b-9868-57a2d4851a1d" />
    <TestEntry testId="f395261d-5bed-0fbe-8f0d-91e27b638206" executionId="1695d64f-b0f4-46bb-b0e0-766dee058bf0" testListId="8c84fa94-04c1-424b-9868-57a2d4851a1d" />
    <TestEntry testId="f3fa3c96-f413-1277-0bee-c65969207b6c" executionId="bd10a178-48e4-49c0-8393-47abd5a1ba6f" testListId="8c84fa94-04c1-424b-9868-57a2d4851a1d" />
    <TestEntry testId="f503de55-2c95-f110-a46c-919d6f50e064" executionId="e7a62416-7dac-49d5-8702-33cd746f74a7" testListId="8c84fa94-04c1-424b-9868-57a2d4851a1d" />
    <TestEntry testId="f5ca8613-0214-ec34-e723-d1095b6a17b4" executionId="9516b051-6dcd-46b5-9159-0b79c8e048cb" testListId="8c84fa94-04c1-424b-9868-57a2d4851a1d" />
    <TestEntry testId="f6ae9d1e-5852-50cb-8378-e1ac4634a91b" executionId="4b70891b-0f71-4fee-b370-cae67e989ee5" testListId="8c84fa94-04c1-424b-9868-57a2d4851a1d" />
    <TestEntry testId="f6ef8399-e04f-58b6-2ee9-2d40209a41f1" executionId="82b27e75-0d13-4fdc-bd16-49439104f4e0" testListId="8c84fa94-04c1-424b-9868-57a2d4851a1d" />
    <TestEntry testId="f9b81dce-55e1-263a-0b23-09249cae8cd4" executionId="4b051a4d-d447-4c1b-8d9e-8dddc3c1a5af" testListId="8c84fa94-04c1-424b-9868-57a2d4851a1d" />
    <TestEntry testId="f9c3b8d4-44eb-d441-d7b4-5980f2089bf1" executionId="2b184373-193b-41a5-b417-d22d8f01bcfe" testListId="8c84fa94-04c1-424b-9868-57a2d4851a1d" />
    <TestEntry testId="facd1619-809e-3892-1c5d-a369458909c6" executionId="ef253531-70f6-43b3-b1dd-d62a6543d5cf" testListId="8c84fa94-04c1-424b-9868-57a2d4851a1d" />
    <TestEntry testId="fb8ca09b-7f12-89fe-19bf-bcebd7198872" executionId="f7d0a0dc-87b6-4695-aec0-7146a4245d46" testListId="8c84fa94-04c1-424b-9868-57a2d4851a1d" />
    <TestEntry testId="fda20422-40a9-5283-8a02-f548ab2ba5fd" executionId="f8698164-1ebc-43dd-9aa3-2a0bc12140f7" testListId="8c84fa94-04c1-424b-9868-57a2d4851a1d" />
  </TestEntries>
  <Results>
    <UnitTestResult executionId="276d38b7-fb18-4323-920b-ecbc7df9b921" testId="00142389-87b0-3d28-5cfb-700928afa29a" testName="should_return_a_hunt_count_of_5_to_8_if_resolved_as_an_easy_hotzone" computerName="JUSTIN-LAPTOP" duration="00:00:00.2383086" startTime="2010-10-17T14:30:25.1552071-05:00" endTime="2010-10-17T14:30:25.6802372-05:00" testType="13cdc9d9-ddb5-4fa4-a97d-d965ccfc6d4b" outcome="Passed" testListId="8c84fa94-04c1-424b-9868-57a2d4851a1d" relativeResultsDirectory="276d38b7-fb18-4323-920b-ecbc7df9b921">
    </UnitTestResult>
    <UnitTestResult executionId="fa07653e-92cd-42c4-84ce-2e81ce7da5d9" testId="00803d11-60d8-3003-79e6-d2290acd2110" testName="should_not_set_sight_radius_lower_than_the_minimum_sight_radius_for_user" computerName="JUSTIN-LAPTOP" duration="00:00:00.0646617" startTime="2010-10-17T14:30:25.6822373-05:00" endTime="2010-10-17T14:30:25.7522413-05:00" testType="13cdc9d9-ddb5-4fa4-a97d-d965ccfc6d4b" outcome="Passed" testListId="8c84fa94-04c1-424b-9868-57a2d4851a1d" relativeResultsDirectory="fa07653e-92cd-42c4-84ce-2e81ce7da5d9">
    </UnitTestResult>
    <UnitTestResult executionId="c05d98fa-d156-4a6c-a0c5-239154dfc36d" testId="00f036f8-7ea4-f115-2065-21a527c875c4" testName="should_update_user_location_if_user_exists" computerName="JUSTIN-LAPTOP" duration="00:00:00.2947623" startTime="2010-10-17T14:30:25.7532413-05:00" endTime="2010-10-17T14:30:26.0522584-05:00" testType="13cdc9d9-ddb5-4fa4-a97d-d965ccfc6d4b" outcome="Passed" testListId="8c84fa94-04c1-424b-9868-57a2d4851a1d" relativeResultsDirectory="c05d98fa-d156-4a6c-a0c5-239154dfc36d">
    </UnitTestResult>
    <UnitTestResult executionId="aefc37f5-4e49-4e57-b817-83dae6838b8b" testId="01475b3a-fc7d-1f41-65ba-f4ddf4a86946" testName="should_return_hotzones_destroyed" computerName="JUSTIN-LAPTOP" duration="00:00:00.0465375" startTime="2010-10-17T14:30:26.0532585-05:00" endTime="2010-10-17T14:30:26.1052615-05:00" testType="13cdc9d9-ddb5-4fa4-a97d-d965ccfc6d4b" outcome="Passed" testListId="8c84fa94-04c1-424b-9868-57a2d4851a1d" relativeResultsDirectory="aefc37f5-4e49-4e57-b817-83dae6838b8b">
    </UnitTestResult>
    <UnitTestResult executionId="088c03fd-7cb2-48cc-9343-e87bb8467881" testId="01612aab-c0ea-12bb-1a12-76fce19990e3" testName="should_check_users_level_after_hunt" computerName="JUSTIN-LAPTOP" duration="00:00:00.1060291" startTime="2010-10-17T14:30:26.1122619-05:00" endTime="2010-10-17T14:30:26.2242683-05:00" testType="13cdc9d9-ddb5-4fa4-a97d-d965ccfc6d4b" outcome="Passed" testListId="8c84fa94-04c1-424b-9868-57a2d4851a1d" relativeResultsDirectory="088c03fd-7cb2-48cc-9343-e87bb8467881">
    </UnitTestResult>
    <UnitTestResult executionId="8b3fa119-839a-4b6f-a399-a3ee854a5fed" testId="027692e3-3856-06fd-bce6-644a6cf7eb82" testName="should_return_null_for_last_saved_sight_radius_if_user_exists_but_sight_radius_is_null" computerName="JUSTIN-LAPTOP" duration="00:00:00.0576336" startTime="2010-10-17T14:30:26.2252683-05:00" endTime="2010-10-17T14:30:26.2872719-05:00" testType="13cdc9d9-ddb5-4fa4-a97d-d965ccfc6d4b" outcome="Passed" testListId="8c84fa94-04c1-424b-9868-57a2d4851a1d" relativeResultsDirectory="8b3fa119-839a-4b6f-a399-a3ee854a5fed">
    </UnitTestResult>
    <UnitTestResult executionId="b110422c-19f5-49f4-a88c-86a79c1d8b6e" testId="03a8dd14-ba0a-c947-44ec-1c0c4c677ff9" testName="should_return_all_zombie_packs_assocaited_with_hotzone" computerName="JUSTIN-LAPTOP" duration="00:00:00.0493720" startTime="2010-10-17T14:30:26.2892720-05:00" endTime="2010-10-17T14:30:26.3432751-05:00" testType="13cdc9d9-ddb5-4fa4-a97d-d965ccfc6d4b" outcome="Passed" testListId="8c84fa94-04c1-424b-9868-57a2d4851a1d" relativeResultsDirectory="b110422c-19f5-49f4-a88c-86a79c1d8b6e">
    </UnitTestResult>
    <UnitTestResult executionId="b0a8cb39-634b-4202-be3a-d4377e76467c" testId="03d17922-b162-d76b-31f6-f34eb647e676" testName="should_return_user_if_user_exists" computerName="JUSTIN-LAPTOP" duration="00:00:00.0261105" startTime="2010-10-17T14:30:26.3442751-05:00" endTime="2010-10-17T14:30:26.3752769-05:00" testType="13cdc9d9-ddb5-4fa4-a97d-d965ccfc6d4b" outcome="Passed" testListId="8c84fa94-04c1-424b-9868-57a2d4851a1d" relativeResultsDirectory="b0a8cb39-634b-4202-be3a-d4377e76467c">
    </UnitTestResult>
    <UnitTestResult executionId="7e392f7c-425e-47af-937d-e60f95852025" testId="05ef1086-81f0-526c-3f9d-15b7821d9bae" testName="should_return_base_sight_radius_for_user" computerName="JUSTIN-LAPTOP" duration="00:00:00.0218140" startTime="2010-10-17T14:30:26.3762770-05:00" endTime="2010-10-17T14:30:26.4022785-05:00" testType="13cdc9d9-ddb5-4fa4-a97d-d965ccfc6d4b" outcome="Passed" testListId="8c84fa94-04c1-424b-9868-57a2d4851a1d" relativeResultsDirectory="7e392f7c-425e-47af-937d-e60f95852025">
    </UnitTestResult>
    <UnitTestResult executionId="81d218c8-21c5-4c3e-957a-50c71a6edd47" testId="08042b30-bcf9-bd89-006e-14ec4c40ac45" testName="should_disregard_if_item_does_not_exist" computerName="JUSTIN-LAPTOP" duration="00:00:00.0212370" startTime="2010-10-17T14:30:26.4032785-05:00" endTime="2010-10-17T14:30:26.4292800-05:00" testType="13cdc9d9-ddb5-4fa4-a97d-d965ccfc6d4b" outcome="Passed" testListId="8c84fa94-04c1-424b-9868-57a2d4851a1d" relativeResultsDirectory="81d218c8-21c5-4c3e-957a-50c71a6edd47">
    </UnitTestResult>
    <UnitTestResult executionId="ce56f935-3c69-4bdb-bb30-eca0e1d28893" testId="0c8abc46-7ae3-a530-a75d-2f31cb9a36fc" testName="should_return_energy_based_on_items_in_safehouse_with_user_not_having_any_money" computerName="JUSTIN-LAPTOP" duration="00:00:00.0284292" startTime="2010-10-17T14:30:26.4302801-05:00" endTime="2010-10-17T14:30:26.4672822-05:00" testType="13cdc9d9-ddb5-4fa4-a97d-d965ccfc6d4b" outcome="Passed" testListId="8c84fa94-04c1-424b-9868-57a2d4851a1d" relativeResultsDirectory="ce56f935-3c69-4bdb-bb30-eca0e1d28893">
    </UnitTestResult>
    <UnitTestResult executionId="00de187d-c520-4b26-8bcd-03e42967d794" testId="0da63870-00bb-b6e5-56ff-c32676768cb3" testName="should_retrieve_item_by_item_id" computerName="JUSTIN-LAPTOP" duration="00:00:00.0821813" startTime="2010-10-17T14:30:26.4732825-05:00" endTime="2010-10-17T14:30:26.5612875-05:00" testType="13cdc9d9-ddb5-4fa4-a97d-d965ccfc6d4b" outcome="Passed" testListId="8c84fa94-04c1-424b-9868-57a2d4851a1d" relativeResultsDirectory="00de187d-c520-4b26-8bcd-03e42967d794">
    </UnitTestResult>
    <UnitTestResult executionId="ceed493c-8989-4a7d-b3d8-b6514e820f57" testId="0e9255e8-5116-355b-a604-cafe47e04c3c" testName="should_return_achievement_for_killing_100000_zombies" computerName="JUSTIN-LAPTOP" duration="00:00:00.0242056" startTime="2010-10-17T14:30:26.5662878-05:00" endTime="2010-10-17T14:30:26.5992897-05:00" testType="13cdc9d9-ddb5-4fa4-a97d-d965ccfc6d4b" outcome="Passed" testListId="8c84fa94-04c1-424b-9868-57a2d4851a1d" relativeResultsDirectory="ceed493c-8989-4a7d-b3d8-b6514e820f57">
    </UnitTestResult>
    <UnitTestResult executionId="6a04ddae-208c-4353-8873-20a6e0f247f0" testId="0ee84f2b-31e9-0047-e6f0-0ec71b544574" testName="should_return_current_level_for_user" computerName="JUSTIN-LAPTOP" duration="00:00:00.0083369" startTime="2010-10-17T14:30:26.6102903-05:00" endTime="2010-10-17T14:30:26.6312915-05:00" testType="13cdc9d9-ddb5-4fa4-a97d-d965ccfc6d4b" outcome="Passed" testListId="8c84fa94-04c1-424b-9868-57a2d4851a1d" relativeResultsDirectory="6a04ddae-208c-4353-8873-20a6e0f247f0">
    </UnitTestResult>
    <UnitTestResult executionId="c663c4f7-f68a-4a42-aa52-7fea5492de37" testId="10dff579-2252-675a-f00d-0bb39990c8c6" testName="should_hunt_if_users_has_enough_energy" computerName="JUSTIN-LAPTOP" duration="00:00:00.0152653" startTime="2010-10-17T14:30:26.6322916-05:00" endTime="2010-10-17T14:30:26.6522928-05:00" testType="13cdc9d9-ddb5-4fa4-a97d-d965ccfc6d4b" outcome="Passed" testListId="8c84fa94-04c1-424b-9868-57a2d4851a1d" relativeResultsDirectory="c663c4f7-f68a-4a42-aa52-7fea5492de37">
    </UnitTestResult>
    <UnitTestResult executionId="acf0fac4-ec06-4379-9267-36aec41b9098" testId="1176458c-eb17-c2d6-8c27-e75b41695c1a" testName="should_return_base_energy_if_user_does_not_have_any_money_and_no_items_in_safehouse" computerName="JUSTIN-LAPTOP" duration="00:00:00.0048350" startTime="2010-10-17T14:30:26.6532928-05:00" endTime="2010-10-17T14:30:26.6632934-05:00" testType="13cdc9d9-ddb5-4fa4-a97d-d965ccfc6d4b" outcome="Passed" testListId="8c84fa94-04c1-424b-9868-57a2d4851a1d" relativeResultsDirectory="acf0fac4-ec06-4379-9267-36aec41b9098">
    </UnitTestResult>
    <UnitTestResult executionId="24ade3f2-077d-4e54-a487-3c70de792149" testId="11b9b59c-993f-c435-5dd4-71b20fb4e5e5" testName="should_return_false_if_safe_house_does_not_exist" computerName="JUSTIN-LAPTOP" duration="00:00:00.0390941" startTime="2010-10-17T14:30:26.6652935-05:00" endTime="2010-10-17T14:30:26.7092960-05:00" testType="13cdc9d9-ddb5-4fa4-a97d-d965ccfc6d4b" outcome="Passed" testListId="8c84fa94-04c1-424b-9868-57a2d4851a1d" relativeResultsDirectory="24ade3f2-077d-4e54-a487-3c70de792149">
    </UnitTestResult>
    <UnitTestResult executionId="ea5bc97a-35e9-420d-b419-41ed421b1b4d" testId="11ca7b9d-e2f9-e5ce-6eed-7e1247933dec" testName="should_return_achievement_for_traveling_10_miles" computerName="JUSTIN-LAPTOP" duration="00:00:00.0020487" startTime="2010-10-17T14:30:26.7102961-05:00" endTime="2010-10-17T14:30:26.7172965-05:00" testType="13cdc9d9-ddb5-4fa4-a97d-d965ccfc6d4b" outcome="Passed" testListId="8c84fa94-04c1-424b-9868-57a2d4851a1d" relativeResultsDirectory="ea5bc97a-35e9-420d-b419-41ed421b1b4d">
    </UnitTestResult>
    <UnitTestResult executionId="98b5a1b2-b2db-43db-9130-90eee3328c76" testId="1339f28e-8dc2-ea63-491b-e46002a2f545" testName="should_move_user_and_update_users_location_if_user_has_enough_energy_to_move_to_location" computerName="JUSTIN-LAPTOP" duration="00:00:00.0133146" startTime="2010-10-17T14:30:26.7182965-05:00" endTime="2010-10-17T14:30:26.7362976-05:00" testType="13cdc9d9-ddb5-4fa4-a97d-d965ccfc6d4b" outcome="Passed" testListId="8c84fa94-04c1-424b-9868-57a2d4851a1d" relativeResultsDirectory="98b5a1b2-b2db-43db-9130-90eee3328c76">
    </UnitTestResult>
    <UnitTestResult executionId="ca807642-aba7-4754-807b-725852c58d55" testId="13954612-b76a-9796-df53-2efe3530832a" testName="should_return_achievement_for_collecting_100000_dollars" computerName="JUSTIN-LAPTOP" duration="00:00:00.0026120" startTime="2010-10-17T14:30:26.7372976-05:00" endTime="2010-10-17T14:30:26.7442980-05:00" testType="13cdc9d9-ddb5-4fa4-a97d-d965ccfc6d4b" outcome="Passed" testListId="8c84fa94-04c1-424b-9868-57a2d4851a1d" relativeResultsDirectory="ca807642-aba7-4754-807b-725852c58d55">
    </UnitTestResult>
    <UnitTestResult executionId="d112f9d1-96f2-475e-bb14-167d8db5d68e" testId="1426a62d-a078-b4b5-817b-9f560bfc1dfe" testName="should_return_0_if_time_passed_into_calculate_sight_radius_is_less_than_the_last_saved_sight_radius_record" computerName="JUSTIN-LAPTOP" duration="00:00:00.0120410" startTime="2010-10-17T14:30:26.7452981-05:00" endTime="2010-10-17T14:30:26.7622990-05:00" testType="13cdc9d9-ddb5-4fa4-a97d-d965ccfc6d4b" outcome="Passed" testListId="8c84fa94-04c1-424b-9868-57a2d4851a1d" relativeResultsDirectory="d112f9d1-96f2-475e-bb14-167d8db5d68e">
    </UnitTestResult>
    <UnitTestResult executionId="5dd6f2a1-599a-4209-89d9-6dec6b3593ee" testId="147b1cfd-fcbf-4ec1-a009-05f059879e52" testName="should_record_money_earned_after_a_succesful_hunt" computerName="JUSTIN-LAPTOP" duration="00:00:00.0154083" startTime="2010-10-17T14:30:26.7632991-05:00" endTime="2010-10-17T14:30:26.7833002-05:00" testType="13cdc9d9-ddb5-4fa4-a97d-d965ccfc6d4b" outcome="Passed" testListId="8c84fa94-04c1-424b-9868-57a2d4851a1d" relativeResultsDirectory="5dd6f2a1-599a-4209-89d9-6dec6b3593ee">
    </UnitTestResult>
    <UnitTestResult executionId="a89c7056-df15-46f6-be98-e186ee77cc5b" testId="15d93832-4f17-b3dc-992d-8c3088d960e1" testName="should_return_lastvisite_hotzone_id_for_user_that_has_visited_a_hotzone" computerName="JUSTIN-LAPTOP" duration="00:00:00.0206555" startTime="2010-10-17T14:30:26.7843003-05:00" endTime="2010-10-17T14:30:26.8103018-05:00" testType="13cdc9d9-ddb5-4fa4-a97d-d965ccfc6d4b" outcome="Passed" testListId="8c84fa94-04c1-424b-9868-57a2d4851a1d" relativeResultsDirectory="a89c7056-df15-46f6-be98-e186ee77cc5b">
    </UnitTestResult>
    <UnitTestResult executionId="9da32b5f-77ac-4257-aaba-ec7ae52e2cdf" testId="162e548e-a661-0b73-7a6e-7c4d1ab7a750" testName="should_throw_error_if_trying_to_update_base_line_energy_and_user_does_not_exist" computerName="JUSTIN-LAPTOP" duration="00:00:00.0241882" startTime="2010-10-17T14:30:26.8123019-05:00" endTime="2010-10-17T14:30:26.8413036-05:00" testType="13cdc9d9-ddb5-4fa4-a97d-d965ccfc6d4b" outcome="Passed" testListId="8c84fa94-04c1-424b-9868-57a2d4851a1d" relativeResultsDirectory="9da32b5f-77ac-4257-aaba-ec7ae52e2cdf">
    </UnitTestResult>
    <UnitTestResult executionId="9b8b3668-048a-4fea-8d30-e92df80e22b4" testId="166bc0da-4e9a-a151-a5ee-18d3adcd0291" testName="should_return_achievement_for_collecting_10000_dollars" computerName="JUSTIN-LAPTOP" duration="00:00:00.0016581" startTime="2010-10-17T14:30:26.8423036-05:00" endTime="2010-10-17T14:30:26.8483040-05:00" testType="13cdc9d9-ddb5-4fa4-a97d-d965ccfc6d4b" outcome="Passed" testListId="8c84fa94-04c1-424b-9868-57a2d4851a1d" relativeResultsDirectory="9b8b3668-048a-4fea-8d30-e92df80e22b4">
    </UnitTestResult>
    <UnitTestResult executionId="f5ca0bf8-6b58-4378-b453-a5ecee5e2a8b" testId="17c9071b-a2b6-56fe-9dc6-b3135a8d71e5" testName="should_insert_zombie_pack_progress_that_does_exist" computerName="JUSTIN-LAPTOP" duration="00:00:00.0485373" startTime="2010-10-17T14:30:26.8503041-05:00" endTime="2010-10-17T14:30:26.9043072-05:00" testType="13cdc9d9-ddb5-4fa4-a97d-d965ccfc6d4b" outcome="Passed" testListId="8c84fa94-04c1-424b-9868-57a2d4851a1d" relativeResultsDirectory="f5ca0bf8-6b58-4378-b453-a5ecee5e2a8b">
    </UnitTestResult>
    <UnitTestResult executionId="ac6e265a-186a-4fa0-8556-f1889500c454" testId="17d3f4ec-e921-82a2-da9d-9f4177b91ac9" testName="should_return_base_eneryg_plus_any_equiped_items_that_affect_energy" computerName="JUSTIN-LAPTOP" duration="00:00:00.0123214" startTime="2010-10-17T14:30:26.9083074-05:00" endTime="2010-10-17T14:30:26.9263084-05:00" testType="13cdc9d9-ddb5-4fa4-a97d-d965ccfc6d4b" outcome="Passed" testListId="8c84fa94-04c1-424b-9868-57a2d4851a1d" relativeResultsDirectory="ac6e265a-186a-4fa0-8556-f1889500c454">
    </UnitTestResult>
    <UnitTestResult executionId="b1bc7264-2ae2-46b4-8860-dd7e69e02e15" testId="19198647-e17a-fca8-64d0-a720ab9e3894" testName="should_return_the_summation_of_the_attack_powers_of_items_on_person" computerName="JUSTIN-LAPTOP" duration="00:00:00.0108436" startTime="2010-10-17T14:30:26.9273085-05:00" endTime="2010-10-17T14:30:26.9453095-05:00" testType="13cdc9d9-ddb5-4fa4-a97d-d965ccfc6d4b" outcome="Passed" testListId="8c84fa94-04c1-424b-9868-57a2d4851a1d" relativeResultsDirectory="b1bc7264-2ae2-46b4-8860-dd7e69e02e15">
    </UnitTestResult>
    <UnitTestResult executionId="06774c37-f372-4052-be29-98569cb607cd" testId="1ade4597-88a4-ccb5-c182-1ea16f848376" testName="should_return_achievement_for_destroying_100_hotzones" computerName="JUSTIN-LAPTOP" duration="00:00:00.0021160" startTime="2010-10-17T14:30:26.9463096-05:00" endTime="2010-10-17T14:30:26.9533100-05:00" testType="13cdc9d9-ddb5-4fa4-a97d-d965ccfc6d4b" outcome="Passed" testListId="8c84fa94-04c1-424b-9868-57a2d4851a1d" relativeResultsDirectory="06774c37-f372-4052-be29-98569cb607cd">
    </UnitTestResult>
    <UnitTestResult executionId="44941463-4cec-4006-bbd8-bcff9542598a" testId="1b56219d-f99d-2b01-66f0-01c3b94f4ee2" testName="should_return_achievement_for_killing_1_zombie" computerName="JUSTIN-LAPTOP" duration="00:00:00.0016723" startTime="2010-10-17T14:30:26.9553101-05:00" endTime="2010-10-17T14:30:26.9633105-05:00" testType="13cdc9d9-ddb5-4fa4-a97d-d965ccfc6d4b" outcome="Passed" testListId="8c84fa94-04c1-424b-9868-57a2d4851a1d" relativeResultsDirectory="44941463-4cec-4006-bbd8-bcff9542598a">
    </UnitTestResult>
    <UnitTestResult executionId="2d689c3c-d5cc-461e-ae28-167348b0de0d" testId="1cb99b44-08d0-1c2c-78e8-64869fef3154" testName="should_retrieve_all_stores" computerName="JUSTIN-LAPTOP" duration="00:00:00.0529845" startTime="2010-10-17T14:30:26.9643106-05:00" endTime="2010-10-17T14:30:27.0233140-05:00" testType="13cdc9d9-ddb5-4fa4-a97d-d965ccfc6d4b" outcome="Passed" testListId="8c84fa94-04c1-424b-9868-57a2d4851a1d" relativeResultsDirectory="2d689c3c-d5cc-461e-ae28-167348b0de0d">
    </UnitTestResult>
    <UnitTestResult executionId="28e1c3c3-2da7-4ff5-87de-cd9aca41d777" testId="1f98f9e8-cb47-74ae-9470-dfe55c54483a" testName="should_update_baseline_attack_power_for_user" computerName="JUSTIN-LAPTOP" duration="00:00:00.1354750" startTime="2010-10-17T14:30:27.0243140-05:00" endTime="2010-10-17T14:30:27.1643220-05:00" testType="13cdc9d9-ddb5-4fa4-a97d-d965ccfc6d4b" outcome="Passed" testListId="8c84fa94-04c1-424b-9868-57a2d4851a1d" relativeResultsDirectory="28e1c3c3-2da7-4ff5-87de-cd9aca41d777">
    </UnitTestResult>
    <UnitTestResult executionId="51595ce2-6f2a-426a-b241-e12f13022872" testId="20c7eedc-a25f-bd99-048a-d0191e8444d6" testName="should_throw_error_if_facebook_user_id_is_0_user_exists_is_attempted" computerName="JUSTIN-LAPTOP" duration="00:00:00.0567729" startTime="2010-10-17T14:30:27.1653221-05:00" endTime="2010-10-17T14:30:27.2293258-05:00" testType="13cdc9d9-ddb5-4fa4-a97d-d965ccfc6d4b" outcome="Passed" testListId="8c84fa94-04c1-424b-9868-57a2d4851a1d" relativeResultsDirectory="51595ce2-6f2a-426a-b241-e12f13022872">
    </UnitTestResult>
    <UnitTestResult executionId="eebd7ca3-01ad-4950-924a-23927f95ed10" testId="21426709-ea7c-0595-beae-1978da06ff6a" testName="should_record_zombies_killed_after_hunt" computerName="JUSTIN-LAPTOP" duration="00:00:00.0132157" startTime="2010-10-17T14:30:27.2303258-05:00" endTime="2010-10-17T14:30:27.2493269-05:00" testType="13cdc9d9-ddb5-4fa4-a97d-d965ccfc6d4b" outcome="Passed" testListId="8c84fa94-04c1-424b-9868-57a2d4851a1d" relativeResultsDirectory="eebd7ca3-01ad-4950-924a-23927f95ed10">
    </UnitTestResult>
    <UnitTestResult executionId="66c2a893-9525-49de-8265-cb18d418f56e" testId="214d4e68-bd5b-8ca7-2eae-cad7ae4b5618" testName="should_return_energy_along_with_any_energy_increase_from_many_items_in_safehouse" computerName="JUSTIN-LAPTOP" duration="00:00:00.0070353" startTime="2010-10-17T14:30:27.2503270-05:00" endTime="2010-10-17T14:30:27.2623276-05:00" testType="13cdc9d9-ddb5-4fa4-a97d-d965ccfc6d4b" outcome="Passed" testListId="8c84fa94-04c1-424b-9868-57a2d4851a1d" relativeResultsDirectory="66c2a893-9525-49de-8265-cb18d418f56e">
    </UnitTestResult>
    <UnitTestResult executionId="a63a740d-36ac-4d63-b347-98ddd7598e05" testId="21e42ea8-d73d-440e-e599-8f8f475201e3" testName="should_return_true_if_zombiepack_exists" computerName="JUSTIN-LAPTOP" duration="00:00:00.0264035" startTime="2010-10-17T14:30:27.2633277-05:00" endTime="2010-10-17T14:30:27.2953295-05:00" testType="13cdc9d9-ddb5-4fa4-a97d-d965ccfc6d4b" outcome="Passed" testListId="8c84fa94-04c1-424b-9868-57a2d4851a1d" relativeResultsDirectory="a63a740d-36ac-4d63-b347-98ddd7598e05">
    </UnitTestResult>
    <UnitTestResult executionId="ce8f50b2-c632-4ad9-9870-17a3c7d7e018" testId="241aa01b-d31a-aa87-10ed-03e9fc36dd2d" testName="should_throw_error_for_saving_last_energy_if_user_does_not_exist" computerName="JUSTIN-LAPTOP" duration="00:00:00.0189114" startTime="2010-10-17T14:30:27.2973296-05:00" endTime="2010-10-17T14:30:27.3213310-05:00" testType="13cdc9d9-ddb5-4fa4-a97d-d965ccfc6d4b" outcome="Passed" testListId="8c84fa94-04c1-424b-9868-57a2d4851a1d" relativeResultsDirectory="ce8f50b2-c632-4ad9-9870-17a3c7d7e018">
    </UnitTestResult>
    <UnitTestResult executionId="c17c8491-6227-4671-be65-43eca5e504f3" testId="2448c480-75b4-6f61-f066-698054ffd863" testName="should_save_and_return_zombie_pack_progress_with_random_difficulty_if_its_the_first_time_user_has_visited_zombie_pack" computerName="JUSTIN-LAPTOP" duration="00:00:00.0133899" startTime="2010-10-17T14:30:27.3223311-05:00" endTime="2010-10-17T14:30:27.3403321-05:00" testType="13cdc9d9-ddb5-4fa4-a97d-d965ccfc6d4b" outcome="Passed" testListId="8c84fa94-04c1-424b-9868-57a2d4851a1d" relativeResultsDirectory="c17c8491-6227-4671-be65-43eca5e504f3">
    </UnitTestResult>
    <UnitTestResult executionId="9563a8aa-c9ab-4cd4-88f6-bdcdc05d8c26" testId="24bc110f-ba75-2876-7218-d24fbd5282b6" testName="should_return_0_if_user_does_not_exist" computerName="JUSTIN-LAPTOP" duration="00:00:00.0027149" startTime="2010-10-17T14:30:27.3483326-05:00" endTime="2010-10-17T14:30:27.3563330-05:00" testType="13cdc9d9-ddb5-4fa4-a97d-d965ccfc6d4b" outcome="Passed" testListId="8c84fa94-04c1-424b-9868-57a2d4851a1d" relativeResultsDirectory="9563a8aa-c9ab-4cd4-88f6-bdcdc05d8c26">
    </UnitTestResult>
    <UnitTestResult executionId="820303c9-7183-47dd-9a6d-1982583fe9be" testId="24c64596-5cab-4a6f-68a2-2b1dbc11b2be" testName="should_remove_user_item" computerName="JUSTIN-LAPTOP" duration="00:00:00.0434846" startTime="2010-10-17T14:30:27.3583331-05:00" endTime="2010-10-17T14:30:27.4063359-05:00" testType="13cdc9d9-ddb5-4fa4-a97d-d965ccfc6d4b" outcome="Passed" testListId="8c84fa94-04c1-424b-9868-57a2d4851a1d" relativeResultsDirectory="820303c9-7183-47dd-9a6d-1982583fe9be">
    </UnitTestResult>
    <UnitTestResult executionId="4e5051e2-2f88-423c-abb5-f97e437a30a8" testId="24e2889f-3174-5207-6e2d-3941d6d3ab4a" testName="should_return_the_number_of_zombie_kills_needed_for_next_level" computerName="JUSTIN-LAPTOP" duration="00:00:00.0008343" startTime="2010-10-17T14:30:27.4083360-05:00" endTime="2010-10-17T14:30:27.4153364-05:00" testType="13cdc9d9-ddb5-4fa4-a97d-d965ccfc6d4b" outcome="Passed" testListId="8c84fa94-04c1-424b-9868-57a2d4851a1d" relativeResultsDirectory="4e5051e2-2f88-423c-abb5-f97e437a30a8">
    </UnitTestResult>
    <UnitTestResult executionId="badcf79f-3709-4b36-8106-cc0d5350fc69" testId="2528801b-adfc-fc02-0810-867a75b047c9" testName="should_return_remaining_zombie_packs_in_hot_zones" computerName="JUSTIN-LAPTOP" duration="00:00:00.0852881" startTime="2010-10-17T14:30:27.4183366-05:00" endTime="2010-10-17T14:30:27.5083417-05:00" testType="13cdc9d9-ddb5-4fa4-a97d-d965ccfc6d4b" outcome="Passed" testListId="8c84fa94-04c1-424b-9868-57a2d4851a1d" relativeResultsDirectory="badcf79f-3709-4b36-8106-cc0d5350fc69">
    </UnitTestResult>
    <UnitTestResult executionId="206f2991-f737-429d-995b-f6a07faa2ad2" testId="25699796-3f06-4f57-c2f3-62593d0f8db7" testName="should_retrieve_zombie_pack_by_id" computerName="JUSTIN-LAPTOP" duration="00:00:00.0224713" startTime="2010-10-17T14:30:27.5113419-05:00" endTime="2010-10-17T14:30:27.5383434-05:00" testType="13cdc9d9-ddb5-4fa4-a97d-d965ccfc6d4b" outcome="Passed" testListId="8c84fa94-04c1-424b-9868-57a2d4851a1d" relativeResultsDirectory="206f2991-f737-429d-995b-f6a07faa2ad2">
    </UnitTestResult>
    <UnitTestResult executionId="00e8ae06-1e6a-4cd1-abe4-140ef2be3b5b" testId="2604ff32-2b78-d0a6-0890-b8bb202063cc" testName="should_return_achievement_for_peak_zombies_of_two" computerName="JUSTIN-LAPTOP" duration="00:00:00.0028053" startTime="2010-10-17T14:30:27.5393435-05:00" endTime="2010-10-17T14:30:27.5473439-05:00" testType="13cdc9d9-ddb5-4fa4-a97d-d965ccfc6d4b" outcome="Passed" testListId="8c84fa94-04c1-424b-9868-57a2d4851a1d" relativeResultsDirectory="00e8ae06-1e6a-4cd1-abe4-140ef2be3b5b">
    </UnitTestResult>
    <UnitTestResult executionId="a973eff5-82a7-4504-9b68-d530d7365e2d" testId="269b2e64-447a-b926-cd3c-a38128cb3896" testName="should_return_false_for_IsStartingHotzone_if_hotzone_doesnt_exist" computerName="JUSTIN-LAPTOP" duration="00:00:00.0361303" startTime="2010-10-17T14:30:27.5513442-05:00" endTime="2010-10-17T14:30:27.5933466-05:00" testType="13cdc9d9-ddb5-4fa4-a97d-d965ccfc6d4b" outcome="Passed" testListId="8c84fa94-04c1-424b-9868-57a2d4851a1d" relativeResultsDirectory="a973eff5-82a7-4504-9b68-d530d7365e2d">
    </UnitTestResult>
    <UnitTestResult executionId="3c5d0412-2482-4dda-9308-e245b5868374" testId="27a4ff3c-3eae-1669-f1bc-bcc06d02612f" testName="should_disregard_if_user_does_not_have_enough_money" computerName="JUSTIN-LAPTOP" duration="00:00:00.0125264" startTime="2010-10-17T14:30:27.5943466-05:00" endTime="2010-10-17T14:30:27.6143478-05:00" testType="13cdc9d9-ddb5-4fa4-a97d-d965ccfc6d4b" outcome="Passed" testListId="8c84fa94-04c1-424b-9868-57a2d4851a1d" relativeResultsDirectory="3c5d0412-2482-4dda-9308-e245b5868374">
    </UnitTestResult>
    <UnitTestResult executionId="5bbc4f8a-585e-4130-b157-6000c70c1ba8" testId="27dffa83-35e8-a35a-74a3-14e94b831d3a" testName="should_return_false_if_zombie_pack_is_not_destroyed_by_user" computerName="JUSTIN-LAPTOP" duration="00:00:00.0464241" startTime="2010-10-17T14:30:27.6153478-05:00" endTime="2010-10-17T14:30:27.6683509-05:00" testType="13cdc9d9-ddb5-4fa4-a97d-d965ccfc6d4b" outcome="Passed" testListId="8c84fa94-04c1-424b-9868-57a2d4851a1d" relativeResultsDirectory="5bbc4f8a-585e-4130-b157-6000c70c1ba8">
    </UnitTestResult>
    <UnitTestResult executionId="b2b578fa-f24a-4791-860e-dc8a28022833" testId="27e73228-a40a-9260-7cd7-3a5d45c78078" testName="should_return_max_energy_if_calculated_energy_for_time_passed_in_is_greater_than_max_energy_of_user" computerName="JUSTIN-LAPTOP" duration="00:00:00.0093848" startTime="2010-10-17T14:30:27.6693509-05:00" endTime="2010-10-17T14:30:27.6833517-05:00" testType="13cdc9d9-ddb5-4fa4-a97d-d965ccfc6d4b" outcome="Passed" testListId="8c84fa94-04c1-424b-9868-57a2d4851a1d" relativeResultsDirectory="b2b578fa-f24a-4791-860e-dc8a28022833">
    </UnitTestResult>
    <UnitTestResult executionId="62cc0267-cb66-4d5a-bb0d-a0a456148374" testId="29506837-8c96-f6c6-14e0-93c8ab580351" testName="should_disregard_if_user_does_not_exist" computerName="JUSTIN-LAPTOP" duration="00:00:00.0135504" startTime="2010-10-17T14:30:27.6853518-05:00" endTime="2010-10-17T14:30:27.7053530-05:00" testType="13cdc9d9-ddb5-4fa4-a97d-d965ccfc6d4b" outcome="Passed" testListId="8c84fa94-04c1-424b-9868-57a2d4851a1d" relativeResultsDirectory="62cc0267-cb66-4d5a-bb0d-a0a456148374">
    </UnitTestResult>
    <UnitTestResult executionId="c4418b6f-581d-4cfc-a6e7-d30452879c0b" testId="2a84edfa-8723-e5ed-8953-7dd9bec52c09" testName="should_increment_miles_count_for_user" computerName="JUSTIN-LAPTOP" duration="00:00:00.0253151" startTime="2010-10-17T14:30:27.7063530-05:00" endTime="2010-10-17T14:30:27.7363548-05:00" testType="13cdc9d9-ddb5-4fa4-a97d-d965ccfc6d4b" outcome="Passed" testListId="8c84fa94-04c1-424b-9868-57a2d4851a1d" relativeResultsDirectory="c4418b6f-581d-4cfc-a6e7-d30452879c0b">
    </UnitTestResult>
    <UnitTestResult executionId="087acaf1-94f6-4b1a-935e-5e57ea4b919e" testId="2bb944ea-67c4-2ec5-7a6c-8e36c6922cdf" testName="should_return_attack_power_along_with_any_attack_power_increase_from_buying_many_of_the_same_item_with_no_items_in_safehouse" computerName="JUSTIN-LAPTOP" duration="00:00:00.0084264" startTime="2010-10-17T14:30:27.7373548-05:00" endTime="2010-10-17T14:30:27.7523557-05:00" testType="13cdc9d9-ddb5-4fa4-a97d-d965ccfc6d4b" outcome="Passed" testListId="8c84fa94-04c1-424b-9868-57a2d4851a1d" relativeResultsDirectory="087acaf1-94f6-4b1a-935e-5e57ea4b919e">
    </UnitTestResult>
    <UnitTestResult executionId="2da0acf6-ee7f-4346-b5e9-267d67650b92" testId="2d393202-3b6b-ea77-5db0-849ebdcd5101" testName="should_return_items_below_a_given_prices" computerName="JUSTIN-LAPTOP" duration="00:00:00.0428164" startTime="2010-10-17T14:30:27.7533557-05:00" endTime="2010-10-17T14:30:27.8013585-05:00" testType="13cdc9d9-ddb5-4fa4-a97d-d965ccfc6d4b" outcome="Passed" testListId="8c84fa94-04c1-424b-9868-57a2d4851a1d" relativeResultsDirectory="2da0acf6-ee7f-4346-b5e9-267d67650b92">
    </UnitTestResult>
    <UnitTestResult executionId="1829e992-9999-4397-bdf1-6bc2da6e19a9" testId="2db0a3b3-aad5-d46f-7403-c997f42720f5" testName="should_return_achievement_for_destroying_1000_zombie_packs" computerName="JUSTIN-LAPTOP" duration="00:00:00.0019944" startTime="2010-10-17T14:30:27.8023585-05:00" endTime="2010-10-17T14:30:27.8083589-05:00" testType="13cdc9d9-ddb5-4fa4-a97d-d965ccfc6d4b" outcome="Passed" testListId="8c84fa94-04c1-424b-9868-57a2d4851a1d" relativeResultsDirectory="1829e992-9999-4397-bdf1-6bc2da6e19a9">
    </UnitTestResult>
    <UnitTestResult executionId="3b586e41-c86a-4ae2-b094-c7fcd67fcdfe" testId="310db446-5a38-a2ff-c0c6-33525d60392a" testName="should_retrieve_single_hotzone" computerName="JUSTIN-LAPTOP" duration="00:00:00.0772830" startTime="2010-10-17T14:30:27.8103590-05:00" endTime="2010-10-17T14:30:27.8923637-05:00" testType="13cdc9d9-ddb5-4fa4-a97d-d965ccfc6d4b" outcome="Passed" testListId="8c84fa94-04c1-424b-9868-57a2d4851a1d" relativeResultsDirectory="3b586e41-c86a-4ae2-b094-c7fcd67fcdfe">
    </UnitTestResult>
    <UnitTestResult executionId="b9140378-00c4-4c5a-8e68-fcde750fd82e" testId="31907ecc-7480-4064-cd3b-514e2ff26de7" testName="should_return_true_if_store_exists" computerName="JUSTIN-LAPTOP" duration="00:00:00.0749785" startTime="2010-10-17T14:30:27.8933637-05:00" endTime="2010-10-17T14:30:27.9733683-05:00" testType="13cdc9d9-ddb5-4fa4-a97d-d965ccfc6d4b" outcome="Passed" testListId="8c84fa94-04c1-424b-9868-57a2d4851a1d" relativeResultsDirectory="b9140378-00c4-4c5a-8e68-fcde750fd82e">
    </UnitTestResult>
    <UnitTestResult executionId="1e0ddb52-c188-491f-ac02-94b9bcf0cc20" testId="321c5a91-a83b-02fd-e40b-ce47e7f12083" testName="should_return_min_sight_radius_for_user_if_user_exists_but_last_saved_sight_radius_does_not_exist" computerName="JUSTIN-LAPTOP" duration="00:00:00.0112419" startTime="2010-10-17T14:30:27.9743684-05:00" endTime="2010-10-17T14:30:27.9903693-05:00" testType="13cdc9d9-ddb5-4fa4-a97d-d965ccfc6d4b" outcome="Passed" testListId="8c84fa94-04c1-424b-9868-57a2d4851a1d" relativeResultsDirectory="1e0ddb52-c188-491f-ac02-94b9bcf0cc20">
    </UnitTestResult>
    <UnitTestResult executionId="c0005a20-bfe3-42e8-9209-9ade0eba0f93" testId="33a5dc0c-cb8c-881e-3374-24e7b48bd3e1" testName="should_return_last_saved_energy_for_user" computerName="JUSTIN-LAPTOP" duration="00:00:00.0344183" startTime="2010-10-17T14:30:27.9913693-05:00" endTime="2010-10-17T14:30:28.0303716-05:00" testType="13cdc9d9-ddb5-4fa4-a97d-d965ccfc6d4b" outcome="Passed" testListId="8c84fa94-04c1-424b-9868-57a2d4851a1d" relativeResultsDirectory="c0005a20-bfe3-42e8-9209-9ade0eba0f93">
    </UnitTestResult>
    <UnitTestResult executionId="c19a488d-7bcd-4702-b628-d0d201ab4683" testId="353e37f8-b3ee-d1bc-48f1-1354650acd50" testName="should_mark_zombie_pack_as_destroyed_if_the_hunt_destroyed_the_last_zombie" computerName="JUSTIN-LAPTOP" duration="00:00:00.0140480" startTime="2010-10-17T14:30:28.0313716-05:00" endTime="2010-10-17T14:30:28.0503727-05:00" testType="13cdc9d9-ddb5-4fa4-a97d-d965ccfc6d4b" outcome="Passed" testListId="8c84fa94-04c1-424b-9868-57a2d4851a1d" relativeResultsDirectory="c19a488d-7bcd-4702-b628-d0d201ab4683">
    </UnitTestResult>
    <UnitTestResult executionId="c73ae4f6-80f2-44cd-885a-57bb4122a54e" testId="35d7f681-d185-2e89-da65-ece3bc8e6e75" testName="should_return_if_user_has_not_killed_enough_zombies_for_next_level" computerName="JUSTIN-LAPTOP" duration="00:00:00.0094468" startTime="2010-10-17T14:30:28.0523728-05:00" endTime="2010-10-17T14:30:28.0683737-05:00" testType="13cdc9d9-ddb5-4fa4-a97d-d965ccfc6d4b" outcome="Passed" testListId="8c84fa94-04c1-424b-9868-57a2d4851a1d" relativeResultsDirectory="c73ae4f6-80f2-44cd-885a-57bb4122a54e">
    </UnitTestResult>
    <UnitTestResult executionId="f1510c3e-4f16-4f7c-88a0-bd7b4e883f19" testId="3693aeb9-70b2-f86c-f600-b99b067f3b4e" testName="should_return_a_hunt_count_of_50_to_60_if_resolved_as_an_medium_hotzone" computerName="JUSTIN-LAPTOP" duration="00:00:00.0113019" startTime="2010-10-17T14:30:28.0693738-05:00" endTime="2010-10-17T14:30:28.0853747-05:00" testType="13cdc9d9-ddb5-4fa4-a97d-d965ccfc6d4b" outcome="Passed" testListId="8c84fa94-04c1-424b-9868-57a2d4851a1d" relativeResultsDirectory="f1510c3e-4f16-4f7c-88a0-bd7b4e883f19">
    </UnitTestResult>
    <UnitTestResult executionId="e5f3b0fc-3a56-43e8-a2a4-e398fc84e9db" testId="369b7a6d-08d3-f340-d283-f5ee6842f08e" testName="should_return_false_if_hotzone_doesnt_exists" computerName="JUSTIN-LAPTOP" duration="00:00:00.0344685" startTime="2010-10-17T14:30:28.0863748-05:00" endTime="2010-10-17T14:30:28.1243769-05:00" testType="13cdc9d9-ddb5-4fa4-a97d-d965ccfc6d4b" outcome="Passed" testListId="8c84fa94-04c1-424b-9868-57a2d4851a1d" relativeResultsDirectory="e5f3b0fc-3a56-43e8-a2a4-e398fc84e9db">
    </UnitTestResult>
    <UnitTestResult executionId="ec33ccd9-75d4-4d9f-8302-7e6a9a100795" testId="369fc750-bfe7-36a0-13ca-f53d742d9647" testName="should_return_a_hunt_count_of_20_to_30_if_resolved_as_an_medium_hotzone" computerName="JUSTIN-LAPTOP" duration="00:00:00.0114510" startTime="2010-10-17T14:30:28.1253770-05:00" endTime="2010-10-17T14:30:28.1423780-05:00" testType="13cdc9d9-ddb5-4fa4-a97d-d965ccfc6d4b" outcome="Passed" testListId="8c84fa94-04c1-424b-9868-57a2d4851a1d" relativeResultsDirectory="ec33ccd9-75d4-4d9f-8302-7e6a9a100795">
    </UnitTestResult>
    <UnitTestResult executionId="981f17a7-3ff0-4f1e-9434-b302cbda83f0" testId="38152b9e-3e48-dd5e-0e37-b7a27de7e225" testName="should_throw_error_if_trying_to_update_user_inventory_amount_and_user_does_not_exist" computerName="JUSTIN-LAPTOP" duration="00:00:00.0226998" startTime="2010-10-17T14:30:28.1433780-05:00" endTime="2010-10-17T14:30:28.1693795-05:00" testType="13cdc9d9-ddb5-4fa4-a97d-d965ccfc6d4b" outcome="Passed" testListId="8c84fa94-04c1-424b-9868-57a2d4851a1d" relativeResultsDirectory="981f17a7-3ff0-4f1e-9434-b302cbda83f0">
    </UnitTestResult>
    <UnitTestResult executionId="3ac42530-fa19-4737-b310-a68bdd7d3dd7" testId="3871d8b4-607c-f461-9b36-17221688eb47" testName="should_return_achievement_for_traveling_10000_miles" computerName="JUSTIN-LAPTOP" duration="00:00:00.0014510" startTime="2010-10-17T14:30:28.1713796-05:00" endTime="2010-10-17T14:30:28.1773800-05:00" testType="13cdc9d9-ddb5-4fa4-a97d-d965ccfc6d4b" outcome="Passed" testListId="8c84fa94-04c1-424b-9868-57a2d4851a1d" relativeResultsDirectory="3ac42530-fa19-4737-b310-a68bdd7d3dd7">
    </UnitTestResult>
    <UnitTestResult executionId="4b453f21-72f2-49ea-9ae8-34a68cfab22f" testId="399d3773-04b9-f157-2193-2a81aa17c4e4" testName="should_return_true_if_facebook_user_exists" computerName="JUSTIN-LAPTOP" duration="00:00:00.0303082" startTime="2010-10-17T14:30:28.1783800-05:00" endTime="2010-10-17T14:30:28.2133820-05:00" testType="13cdc9d9-ddb5-4fa4-a97d-d965ccfc6d4b" outcome="Passed" testListId="8c84fa94-04c1-424b-9868-57a2d4851a1d" relativeResultsDirectory="4b453f21-72f2-49ea-9ae8-34a68cfab22f">
    </UnitTestResult>
    <UnitTestResult executionId="c881b268-8dd6-40cd-ad8a-d35264ac42b5" testId="3a65c876-9662-16ec-4c81-7bea778d6951" testName="should_return_attack_power_along_with_any_attack_power_increase_from_buying_item_with_no_items_in_safehouse" computerName="JUSTIN-LAPTOP" duration="00:00:00.0095035" startTime="2010-10-17T14:30:28.2153822-05:00" endTime="2010-10-17T14:30:28.2293830-05:00" testType="13cdc9d9-ddb5-4fa4-a97d-d965ccfc6d4b" outcome="Passed" testListId="8c84fa94-04c1-424b-9868-57a2d4851a1d" relativeResultsDirectory="c881b268-8dd6-40cd-ad8a-d35264ac42b5">
    </UnitTestResult>
    <UnitTestResult executionId="f3cc3933-e90a-494e-ab54-df5acd4f732f" testId="3b3489bf-140a-7d3d-ca59-73f946c71ab3" testName="should_start_with_energy_of_100" computerName="JUSTIN-LAPTOP" duration="00:00:00.0142279" startTime="2010-10-17T14:30:28.2303830-05:00" endTime="2010-10-17T14:30:28.2493841-05:00" testType="13cdc9d9-ddb5-4fa4-a97d-d965ccfc6d4b" outcome="Passed" testListId="8c84fa94-04c1-424b-9868-57a2d4851a1d" relativeResultsDirectory="f3cc3933-e90a-494e-ab54-df5acd4f732f">
    </UnitTestResult>
    <UnitTestResult executionId="d6302711-ab5a-4bfb-9133-381d61525556" testId="3bf90928-3e3e-817d-0c2a-b114432020ae" testName="should_set_last_saved_energy_to_max_energy_if_last_saved_energy_does_not_exist" computerName="JUSTIN-LAPTOP" duration="00:00:00.0067509" startTime="2010-10-17T14:30:28.2513842-05:00" endTime="2010-10-17T14:30:28.2623848-05:00" testType="13cdc9d9-ddb5-4fa4-a97d-d965ccfc6d4b" outcome="Passed" testListId="8c84fa94-04c1-424b-9868-57a2d4851a1d" relativeResultsDirectory="d6302711-ab5a-4bfb-9133-381d61525556">
    </UnitTestResult>
    <UnitTestResult executionId="0c1a96dd-3a95-4da9-9f95-f36c73b331e9" testId="3d1741aa-9576-2eb5-470e-7f713a2bc4d7" testName="should_return_false_if_safe_house_does_not_have_item" computerName="JUSTIN-LAPTOP" duration="00:00:00.0318557" startTime="2010-10-17T14:30:28.2643850-05:00" endTime="2010-10-17T14:30:28.3003870-05:00" testType="13cdc9d9-ddb5-4fa4-a97d-d965ccfc6d4b" outcome="Passed" testListId="8c84fa94-04c1-424b-9868-57a2d4851a1d" relativeResultsDirectory="0c1a96dd-3a95-4da9-9f95-f36c73b331e9">
    </UnitTestResult>
    <UnitTestResult executionId="1c0389a0-8234-4929-969b-0263f59eaab1" testId="3d4be643-5d31-3e26-f950-26a5f925e40b" testName="should_return_all_stores_in_radius" computerName="JUSTIN-LAPTOP" duration="00:00:00.0494632" startTime="2010-10-17T14:30:28.3013871-05:00" endTime="2010-10-17T14:30:28.3573903-05:00" testType="13cdc9d9-ddb5-4fa4-a97d-d965ccfc6d4b" outcome="Passed" testListId="8c84fa94-04c1-424b-9868-57a2d4851a1d" relativeResultsDirectory="1c0389a0-8234-4929-969b-0263f59eaab1">
    </UnitTestResult>
    <UnitTestResult executionId="8f346d6f-1c70-4fed-a952-6eeb0ddac285" testId="3dc86e55-9e89-b185-10f6-85c78270b263" testName="the_starting_attack_power_should_be_1" computerName="JUSTIN-LAPTOP" duration="00:00:00.0225556" startTime="2010-10-17T14:30:28.3583903-05:00" endTime="2010-10-17T14:30:28.3863919-05:00" testType="13cdc9d9-ddb5-4fa4-a97d-d965ccfc6d4b" outcome="Passed" testListId="8c84fa94-04c1-424b-9868-57a2d4851a1d" relativeResultsDirectory="8f346d6f-1c70-4fed-a952-6eeb0ddac285">
    </UnitTestResult>
    <UnitTestResult executionId="9af4c756-5a49-431d-870c-4dc3ccdeae4d" testId="3e4c555c-eb52-8e6a-77bb-fba4f57ae14d" testName="should_throw_error_for_saving_mas_energy_if_user_does_not_exist" computerName="JUSTIN-LAPTOP" duration="00:00:00.0188693" startTime="2010-10-17T14:30:28.3873920-05:00" endTime="2010-10-17T14:30:28.4103933-05:00" testType="13cdc9d9-ddb5-4fa4-a97d-d965ccfc6d4b" outcome="Passed" testListId="8c84fa94-04c1-424b-9868-57a2d4851a1d" relativeResultsDirectory="9af4c756-5a49-431d-870c-4dc3ccdeae4d">
    </UnitTestResult>
    <UnitTestResult executionId="0dcd11be-15bc-4dcf-af41-c9baa95fadb9" testId="4013d892-4605-1c26-5721-43931adf425c" testName="should_create_counts_record_if_none_exists_for_user" computerName="JUSTIN-LAPTOP" duration="00:00:00.0157532" startTime="2010-10-17T14:30:28.4123934-05:00" endTime="2010-10-17T14:30:28.4323946-05:00" testType="13cdc9d9-ddb5-4fa4-a97d-d965ccfc6d4b" outcome="Passed" testListId="8c84fa94-04c1-424b-9868-57a2d4851a1d" relativeResultsDirectory="0dcd11be-15bc-4dcf-af41-c9baa95fadb9">
    </UnitTestResult>
    <UnitTestResult executionId="6d6c174a-3551-4094-9606-7b2f126d5d0b" testId="40ac08e5-9855-8df2-ac1a-e320ada85f67" testName="should_create_user_with_starting_location" computerName="JUSTIN-LAPTOP" duration="00:00:00.0053727" startTime="2010-10-17T14:30:28.4343947-05:00" endTime="2010-10-17T14:30:28.4443953-05:00" testType="13cdc9d9-ddb5-4fa4-a97d-d965ccfc6d4b" outcome="Passed" testListId="8c84fa94-04c1-424b-9868-57a2d4851a1d" relativeResultsDirectory="6d6c174a-3551-4094-9606-7b2f126d5d0b">
    </UnitTestResult>
    <UnitTestResult executionId="d0190a5a-d4df-4cae-bc5a-b5697936a95b" testId="40c4a339-897f-73e3-e8be-fed33feff0fc" testName="should_return_correct_inventory_slot_number_for_given_level" computerName="JUSTIN-LAPTOP" duration="00:00:00.0006929" startTime="2010-10-17T14:30:28.4463954-05:00" endTime="2010-10-17T14:30:28.4513957-05:00" testType="13cdc9d9-ddb5-4fa4-a97d-d965ccfc6d4b" outcome="Passed" testListId="8c84fa94-04c1-424b-9868-57a2d4851a1d" relativeResultsDirectory="d0190a5a-d4df-4cae-bc5a-b5697936a95b">
    </UnitTestResult>
    <UnitTestResult executionId="45b78ec6-8fcc-4360-bb45-9a6fd2e1ff86" testId="4345b271-5a8d-5b15-7852-83ed69b14179" testName="should_disregard_move_if_user_does_not_have_enough_energy" computerName="JUSTIN-LAPTOP" duration="00:00:00.0082332" startTime="2010-10-17T14:30:28.4523957-05:00" endTime="2010-10-17T14:30:28.4653965-05:00" testType="13cdc9d9-ddb5-4fa4-a97d-d965ccfc6d4b" outcome="Passed" testListId="8c84fa94-04c1-424b-9868-57a2d4851a1d" relativeResultsDirectory="45b78ec6-8fcc-4360-bb45-9a6fd2e1ff86">
    </UnitTestResult>
    <UnitTestResult executionId="9ee0ff48-bba1-44dd-bff9-e796c29faf53" testId="43a1b4c2-5164-126a-d787-254e51bf5cb0" testName="should_return_base_attack_power_if_user_does_not_have_any_money_and_no_items_in_safehouse" computerName="JUSTIN-LAPTOP" duration="00:00:00.0043787" startTime="2010-10-17T14:30:28.4713968-05:00" endTime="2010-10-17T14:30:28.4803973-05:00" testType="13cdc9d9-ddb5-4fa4-a97d-d965ccfc6d4b" outcome="Passed" testListId="8c84fa94-04c1-424b-9868-57a2d4851a1d" relativeResultsDirectory="9ee0ff48-bba1-44dd-bff9-e796c29faf53">
    </UnitTestResult>
    <UnitTestResult executionId="a92f0d2b-f1c4-49ae-ad9d-33e39a579c3f" testId="43ea7dc5-29f2-fc24-7626-37c50ab77488" testName="should_return_false_if_item_does_not_exist" computerName="JUSTIN-LAPTOP" duration="00:00:00.0295982" startTime="2010-10-17T14:30:28.4823974-05:00" endTime="2010-10-17T14:30:28.5163994-05:00" testType="13cdc9d9-ddb5-4fa4-a97d-d965ccfc6d4b" outcome="Passed" testListId="8c84fa94-04c1-424b-9868-57a2d4851a1d" relativeResultsDirectory="a92f0d2b-f1c4-49ae-ad9d-33e39a579c3f">
    </UnitTestResult>
    <UnitTestResult executionId="90f11086-8b78-4e3a-9e9e-1f2aef88d399" testId="441c5aa1-1be2-b7ff-84a3-c2712387e211" testName="should_return_false_if_user_does_not_exist" computerName="JUSTIN-LAPTOP" duration="00:00:00.0216333" startTime="2010-10-17T14:30:28.5173994-05:00" endTime="2010-10-17T14:30:28.5454010-05:00" testType="13cdc9d9-ddb5-4fa4-a97d-d965ccfc6d4b" outcome="Passed" testListId="8c84fa94-04c1-424b-9868-57a2d4851a1d" relativeResultsDirectory="90f11086-8b78-4e3a-9e9e-1f2aef88d399">
    </UnitTestResult>
    <UnitTestResult executionId="6e66e047-4c6a-4870-8bb4-daee63141d0c" testId="456f5311-d61b-5ef4-13ac-a1ceca766e06" testName="should_return_achievement_for_collecting_1000000_dollars" computerName="JUSTIN-LAPTOP" duration="00:00:00.0013590" startTime="2010-10-17T14:30:28.5484012-05:00" endTime="2010-10-17T14:30:28.5534015-05:00" testType="13cdc9d9-ddb5-4fa4-a97d-d965ccfc6d4b" outcome="Passed" testListId="8c84fa94-04c1-424b-9868-57a2d4851a1d" relativeResultsDirectory="6e66e047-4c6a-4870-8bb4-daee63141d0c">
    </UnitTestResult>
    <UnitTestResult executionId="df8b909b-269a-40fd-9d8b-39f2d7933479" testId="461819df-bed1-d7c5-29ce-bdee0f8eaaa2" testName="should_return_true_if_zombie_pack_is_destroyed_by_user" computerName="JUSTIN-LAPTOP" duration="00:00:00.0381204" startTime="2010-10-17T14:30:28.5574017-05:00" endTime="2010-10-17T14:30:28.5994041-05:00" testType="13cdc9d9-ddb5-4fa4-a97d-d965ccfc6d4b" outcome="Passed" testListId="8c84fa94-04c1-424b-9868-57a2d4851a1d" relativeResultsDirectory="df8b909b-269a-40fd-9d8b-39f2d7933479">
    </UnitTestResult>
    <UnitTestResult executionId="71265f85-b559-483d-af21-656de0d4cd0f" testId="48c2a012-1ba3-1243-1cd5-aab81b26906b" testName="should_return_all_items_in_store" computerName="JUSTIN-LAPTOP" duration="00:00:00.0269137" startTime="2010-10-17T14:30:28.6024043-05:00" endTime="2010-10-17T14:30:28.6344061-05:00" testType="13cdc9d9-ddb5-4fa4-a97d-d965ccfc6d4b" outcome="Passed" testListId="8c84fa94-04c1-424b-9868-57a2d4851a1d" relativeResultsDirectory="71265f85-b559-483d-af21-656de0d4cd0f">
    </UnitTestResult>
    <UnitTestResult executionId="4d30b57a-fb63-49ce-b863-83697f9b31c8" testId="49540a47-9778-939f-7252-2442e060eeb3" testName="should_return_achivement_for_destroying_10_hotzones" computerName="JUSTIN-LAPTOP" duration="00:00:00.0013704" startTime="2010-10-17T14:30:28.6374063-05:00" endTime="2010-10-17T14:30:28.6454068-05:00" testType="13cdc9d9-ddb5-4fa4-a97d-d965ccfc6d4b" outcome="Passed" testListId="8c84fa94-04c1-424b-9868-57a2d4851a1d" relativeResultsDirectory="4d30b57a-fb63-49ce-b863-83697f9b31c8">
    </UnitTestResult>
    <UnitTestResult executionId="9dde1334-b1eb-4298-9476-49b48cbef939" testId="49e3a9e9-dcf0-f3e5-85da-9f5499fab731" testName="should_calculate_western_point" computerName="JUSTIN-LAPTOP" duration="00:00:00.0011840" startTime="2010-10-17T14:30:28.6484069-05:00" endTime="2010-10-17T14:30:28.6534072-05:00" testType="13cdc9d9-ddb5-4fa4-a97d-d965ccfc6d4b" outcome="Passed" testListId="8c84fa94-04c1-424b-9868-57a2d4851a1d" relativeResultsDirectory="9dde1334-b1eb-4298-9476-49b48cbef939">
    </UnitTestResult>
    <UnitTestResult executionId="279c468e-e436-41aa-8b0e-9aad772bafbf" testId="4aab1a6a-e217-fabe-67d7-73dafcd94369" testName="should_return_zero_if_attack_is_null" computerName="JUSTIN-LAPTOP" duration="00:00:00.0254630" startTime="2010-10-17T14:30:28.6544073-05:00" endTime="2010-10-17T14:30:28.6844090-05:00" testType="13cdc9d9-ddb5-4fa4-a97d-d965ccfc6d4b" outcome="Passed" testListId="8c84fa94-04c1-424b-9868-57a2d4851a1d" relativeResultsDirectory="279c468e-e436-41aa-8b0e-9aad772bafbf">
    </UnitTestResult>
    <UnitTestResult executionId="c8e5219c-f561-4d84-9339-3ea1408912cd" testId="4ad82b7e-b664-1e32-b013-da054510a32b" testName="should_add_tent" computerName="JUSTIN-LAPTOP" duration="00:00:00.0144208" startTime="2010-10-17T14:30:28.6854090-05:00" endTime="2010-10-17T14:30:28.7054102-05:00" testType="13cdc9d9-ddb5-4fa4-a97d-d965ccfc6d4b" outcome="Passed" testListId="8c84fa94-04c1-424b-9868-57a2d4851a1d" relativeResultsDirectory="c8e5219c-f561-4d84-9339-3ea1408912cd">
    </UnitTestResult>
    <UnitTestResult executionId="834cd5b7-71c9-4d82-97c7-effc4a913d7b" testId="4c87210c-f927-e260-2776-9399fcbfbd1c" testName="should_return_true_if_safe_house_exists" computerName="JUSTIN-LAPTOP" duration="00:00:00.0262045" startTime="2010-10-17T14:30:28.7064102-05:00" endTime="2010-10-17T14:30:28.7374120-05:00" testType="13cdc9d9-ddb5-4fa4-a97d-d965ccfc6d4b" outcome="Passed" testListId="8c84fa94-04c1-424b-9868-57a2d4851a1d" relativeResultsDirectory="834cd5b7-71c9-4d82-97c7-effc4a913d7b">
    </UnitTestResult>
    <UnitTestResult executionId="80770c77-50c3-4dba-b4d5-1d6f718ba3e2" testId="4d9cdfe2-8eee-3937-2a7d-b414e3b51b00" testName="should_disregard_move_if_user_does_not_exist" computerName="JUSTIN-LAPTOP" duration="00:00:00.0039071" startTime="2010-10-17T14:30:28.7384121-05:00" endTime="2010-10-17T14:30:28.7474126-05:00" testType="13cdc9d9-ddb5-4fa4-a97d-d965ccfc6d4b" outcome="Passed" testListId="8c84fa94-04c1-424b-9868-57a2d4851a1d" relativeResultsDirectory="80770c77-50c3-4dba-b4d5-1d6f718ba3e2">
    </UnitTestResult>
    <UnitTestResult executionId="e9c4f929-40b4-4ad1-a69d-09d0c37f30ee" testId="50a0e180-73b1-f3e2-9755-9dfe75491e60" testName="should_increment_hotzones_destroyed" computerName="JUSTIN-LAPTOP" duration="00:00:00.0176597" startTime="2010-10-17T14:30:28.7494127-05:00" endTime="2010-10-17T14:30:28.7724140-05:00" testType="13cdc9d9-ddb5-4fa4-a97d-d965ccfc6d4b" outcome="Passed" testListId="8c84fa94-04c1-424b-9868-57a2d4851a1d" relativeResultsDirectory="e9c4f929-40b4-4ad1-a69d-09d0c37f30ee">
    </UnitTestResult>
    <UnitTestResult executionId="9c7de865-6fce-4c44-9242-2bbf2f35fd2b" testId="52c534e6-f8bb-1f9f-939a-d5c5c52fa419" testName="should_record_how_many_miles_have_been_moved_for_achievements" computerName="JUSTIN-LAPTOP" duration="00:00:00.0204217" startTime="2010-10-17T14:30:28.7734141-05:00" endTime="2010-10-17T14:30:28.7994156-05:00" testType="13cdc9d9-ddb5-4fa4-a97d-d965ccfc6d4b" outcome="Passed" testListId="8c84fa94-04c1-424b-9868-57a2d4851a1d" relativeResultsDirectory="9c7de865-6fce-4c44-9242-2bbf2f35fd2b">
    </UnitTestResult>
    <UnitTestResult executionId="14e30116-a423-4483-86cb-ca97c7466b5c" testId="537a0821-9a13-8b7a-298b-1a1d7b7834c1" testName="should_give_user_a_random_amount_of_money_after_hunt" computerName="JUSTIN-LAPTOP" duration="00:00:00.0153301" startTime="2010-10-17T14:30:28.8014157-05:00" endTime="2010-10-17T14:30:28.8224169-05:00" testType="13cdc9d9-ddb5-4fa4-a97d-d965ccfc6d4b" outcome="Passed" testListId="8c84fa94-04c1-424b-9868-57a2d4851a1d" relativeResultsDirectory="14e30116-a423-4483-86cb-ca97c7466b5c">
    </UnitTestResult>
    <UnitTestResult executionId="bb8744e7-5556-498f-ab8e-9a09cb16d2bb" testId="537a2b77-3b56-7fda-5cef-ce5b7fef8e47" testName="should_return_achievement_for_collecting_1000_dollars" computerName="JUSTIN-LAPTOP" duration="00:00:00.0017371" startTime="2010-10-17T14:30:28.8234169-05:00" endTime="2010-10-17T14:30:28.8304173-05:00" testType="13cdc9d9-ddb5-4fa4-a97d-d965ccfc6d4b" outcome="Passed" testListId="8c84fa94-04c1-424b-9868-57a2d4851a1d" relativeResultsDirectory="bb8744e7-5556-498f-ab8e-9a09cb16d2bb">
    </UnitTestResult>
    <UnitTestResult executionId="c8dbe16a-e968-4901-a3ed-bd62ba267c51" testId="53d3d174-2438-d916-b931-5b84347506a5" testName="should_return_true_if_hotzone_is_a_starting_hotzone" computerName="JUSTIN-LAPTOP" duration="00:00:00.0316547" startTime="2010-10-17T14:30:28.8324174-05:00" endTime="2010-10-17T14:30:28.8694196-05:00" testType="13cdc9d9-ddb5-4fa4-a97d-d965ccfc6d4b" outcome="Passed" testListId="8c84fa94-04c1-424b-9868-57a2d4851a1d" relativeResultsDirectory="c8dbe16a-e968-4901-a3ed-bd62ba267c51">
    </UnitTestResult>
    <UnitTestResult executionId="4362c98f-a0af-4366-9326-64e7bc4bbcf5" testId="540edc62-4548-f51c-ae34-777932919c2f" testName="should_get_user_item_id" computerName="JUSTIN-LAPTOP" duration="00:00:00.0326925" startTime="2010-10-17T14:30:28.8704196-05:00" endTime="2010-10-17T14:30:28.9094219-05:00" testType="13cdc9d9-ddb5-4fa4-a97d-d965ccfc6d4b" outcome="Passed" testListId="8c84fa94-04c1-424b-9868-57a2d4851a1d" relativeResultsDirectory="4362c98f-a0af-4366-9326-64e7bc4bbcf5">
    </UnitTestResult>
    <UnitTestResult executionId="04cf536e-fcb3-4a3f-9de4-427057e5bdb9" testId="544cc1f1-3454-5e87-e24b-52c6acff6b61" testName="should_return_base_energy_for_user" computerName="JUSTIN-LAPTOP" duration="00:00:00.0202726" startTime="2010-10-17T14:30:28.9104219-05:00" endTime="2010-10-17T14:30:28.9354233-05:00" testType="13cdc9d9-ddb5-4fa4-a97d-d965ccfc6d4b" outcome="Passed" testListId="8c84fa94-04c1-424b-9868-57a2d4851a1d" relativeResultsDirectory="04cf536e-fcb3-4a3f-9de4-427057e5bdb9">
    </UnitTestResult>
    <UnitTestResult executionId="88ad4d14-d24f-4a89-b867-f3e37b844151" testId="556fe5d0-aedd-a933-babc-4606a23e064e" testName="should_increment_zombie_pack_destroyed_count" computerName="JUSTIN-LAPTOP" duration="00:00:00.0193219" startTime="2010-10-17T14:30:28.9374235-05:00" endTime="2010-10-17T14:30:28.9624249-05:00" testType="13cdc9d9-ddb5-4fa4-a97d-d965ccfc6d4b" outcome="Passed" testListId="8c84fa94-04c1-424b-9868-57a2d4851a1d" relativeResultsDirectory="88ad4d14-d24f-4a89-b867-f3e37b844151">
    </UnitTestResult>
    <UnitTestResult executionId="03885357-e1ec-47eb-a9a3-f9d0068d2dc0" testId="55ffc7bf-3f9e-b38d-348c-5fc84dd1b9ed" testName="should_return_null_for_base_sight_radius_if_user_exists_but_max_sight_radius_is_null" computerName="JUSTIN-LAPTOP" duration="00:00:00.0195614" startTime="2010-10-17T14:30:28.9644250-05:00" endTime="2010-10-17T14:30:28.9904265-05:00" testType="13cdc9d9-ddb5-4fa4-a97d-d965ccfc6d4b" outcome="Passed" testListId="8c84fa94-04c1-424b-9868-57a2d4851a1d" relativeResultsDirectory="03885357-e1ec-47eb-a9a3-f9d0068d2dc0">
    </UnitTestResult>
    <UnitTestResult executionId="c6be3591-ea23-4e86-92b9-c67c168c7837" testId="560e757d-7d9e-cf97-a66b-6eba9f0dbef7" testName="should_return_null_for_user_that_doesnt_exist" computerName="JUSTIN-LAPTOP" duration="00:00:00.0192271" startTime="2010-10-17T14:30:28.9914265-05:00" endTime="2010-10-17T14:30:29.0154279-05:00" testType="13cdc9d9-ddb5-4fa4-a97d-d965ccfc6d4b" outcome="Passed" testListId="8c84fa94-04c1-424b-9868-57a2d4851a1d" relativeResultsDirectory="c6be3591-ea23-4e86-92b9-c67c168c7837">
    </UnitTestResult>
    <UnitTestResult executionId="d12d011d-0b9c-4aa1-bb6c-fc86cd533543" testId="578c1082-4447-f4a0-bed7-4e23d16f558c" testName="should_return_an_empty_progress_if_user_does_not_exist" computerName="JUSTIN-LAPTOP" duration="00:00:00.0022120" startTime="2010-10-17T14:30:29.0174280-05:00" endTime="2010-10-17T14:30:29.0264285-05:00" testType="13cdc9d9-ddb5-4fa4-a97d-d965ccfc6d4b" outcome="Passed" testListId="8c84fa94-04c1-424b-9868-57a2d4851a1d" relativeResultsDirectory="d12d011d-0b9c-4aa1-bb6c-fc86cd533543">
    </UnitTestResult>
    <UnitTestResult executionId="bfd2f927-dc0a-4bd1-add8-c17fb61145a0" testId="57effb65-6bba-b10e-d004-938020663a0f" testName="should_return_0_if_time_passed_into_calculate_energy_is_less_than_the_last_saved_energy_record" computerName="JUSTIN-LAPTOP" duration="00:00:00.0035853" startTime="2010-10-17T14:30:29.0284287-05:00" endTime="2010-10-17T14:30:29.0364291-05:00" testType="13cdc9d9-ddb5-4fa4-a97d-d965ccfc6d4b" outcome="Passed" testListId="8c84fa94-04c1-424b-9868-57a2d4851a1d" relativeResultsDirectory="bfd2f927-dc0a-4bd1-add8-c17fb61145a0">
    </UnitTestResult>
    <UnitTestResult executionId="9f95acc9-85db-4510-8b71-6202cc711f0c" testId="57f6bfb3-878f-ec7b-71d8-e1ae592b6823" testName="should_return_number_of_zombie_packs_left" computerName="JUSTIN-LAPTOP" duration="00:00:00.0412268" startTime="2010-10-17T14:30:29.0384292-05:00" endTime="2010-10-17T14:30:29.0844319-05:00" testType="13cdc9d9-ddb5-4fa4-a97d-d965ccfc6d4b" outcome="Passed" testListId="8c84fa94-04c1-424b-9868-57a2d4851a1d" relativeResultsDirectory="9f95acc9-85db-4510-8b71-6202cc711f0c">
    </UnitTestResult>
    <UnitTestResult executionId="e95f61eb-814c-42ea-a69c-b191457f3efd" testId="583a3b80-1851-93ab-c2ab-87d678e4ad81" testName="should_return_true_if_user_has_item" computerName="JUSTIN-LAPTOP" duration="00:00:00.0316786" startTime="2010-10-17T14:30:29.0854319-05:00" endTime="2010-10-17T14:30:29.1224340-05:00" testType="13cdc9d9-ddb5-4fa4-a97d-d965ccfc6d4b" outcome="Passed" testListId="8c84fa94-04c1-424b-9868-57a2d4851a1d" relativeResultsDirectory="e95f61eb-814c-42ea-a69c-b191457f3efd">
    </UnitTestResult>
    <UnitTestResult executionId="e148c173-9635-4dd4-8c7e-f59eedcc3acd" testId="58cdb593-e628-53cb-1ff9-a712c7cfa07d" testName="should_disregard_creation_if_location_specified_is_not_a_starting_hot_zone" computerName="JUSTIN-LAPTOP" duration="00:00:00.0070953" startTime="2010-10-17T14:30:29.1254342-05:00" endTime="2010-10-17T14:30:29.1374349-05:00" testType="13cdc9d9-ddb5-4fa4-a97d-d965ccfc6d4b" outcome="Passed" testListId="8c84fa94-04c1-424b-9868-57a2d4851a1d" relativeResultsDirectory="e148c173-9635-4dd4-8c7e-f59eedcc3acd">
    </UnitTestResult>
    <UnitTestResult executionId="d4d5ee2c-de49-4cf0-85ea-8b8d4e5b5575" testId="592a8210-389c-d154-bfaf-1570717dbd73" testName="should_return_if_item_does_not_exist" computerName="JUSTIN-LAPTOP" duration="00:00:00.0059214" startTime="2010-10-17T14:30:29.1384349-05:00" endTime="2010-10-17T14:30:29.1484355-05:00" testType="13cdc9d9-ddb5-4fa4-a97d-d965ccfc6d4b" outcome="Passed" testListId="8c84fa94-04c1-424b-9868-57a2d4851a1d" relativeResultsDirectory="d4d5ee2c-de49-4cf0-85ea-8b8d4e5b5575">
    </UnitTestResult>
    <UnitTestResult executionId="2845c151-f634-4f39-9415-1f68ccce4d48" testId="5a128d3b-35ba-f233-4f32-be0f8dfb906e" testName="should_not_hunt_if_user_doesnt_exist" computerName="JUSTIN-LAPTOP" duration="00:00:00.0039800" startTime="2010-10-17T14:30:29.1524358-05:00" endTime="2010-10-17T14:30:29.1614363-05:00" testType="13cdc9d9-ddb5-4fa4-a97d-d965ccfc6d4b" outcome="Passed" testListId="8c84fa94-04c1-424b-9868-57a2d4851a1d" relativeResultsDirectory="2845c151-f634-4f39-9415-1f68ccce4d48">
    </UnitTestResult>
    <UnitTestResult executionId="719a8c5c-ecfe-4b15-85e6-656ae80cd25c" testId="5a7c17db-19ea-927d-e739-dca3cee988f6" testName="should_return_0_for_attack_power_if_user_does_not_exist" computerName="JUSTIN-LAPTOP" duration="00:00:00.0048200" startTime="2010-10-17T14:30:29.1634364-05:00" endTime="2010-10-17T14:30:29.1734370-05:00" testType="13cdc9d9-ddb5-4fa4-a97d-d965ccfc6d4b" outcome="Passed" testListId="8c84fa94-04c1-424b-9868-57a2d4851a1d" relativeResultsDirectory="719a8c5c-ecfe-4b15-85e6-656ae80cd25c">
    </UnitTestResult>
    <UnitTestResult executionId="3fd622f8-7632-4dcb-b0d2-53a0774befaa" testId="5af90bb7-e3b0-b5e7-29f7-fc8b0902be24" testName="should_return_last_sight_radius_saved_If_there_is_no_difference_between_the_current_time_passed_in_and_the_last_saved_sight_radius_from_the_repository" computerName="JUSTIN-LAPTOP" duration="00:00:00.0067010" startTime="2010-10-17T14:30:29.1764371-05:00" endTime="2010-10-17T14:30:29.1884378-05:00" testType="13cdc9d9-ddb5-4fa4-a97d-d965ccfc6d4b" outcome="Passed" testListId="8c84fa94-04c1-424b-9868-57a2d4851a1d" relativeResultsDirectory="3fd622f8-7632-4dcb-b0d2-53a0774befaa">
    </UnitTestResult>
    <UnitTestResult executionId="2019f0c5-6180-4fbe-a93d-aae3cf655592" testId="5afe1781-3ccb-0558-a937-e74f932ccd49" testName="should_retriever_an_empty_list_given_invalid_hotzone_id" computerName="JUSTIN-LAPTOP" duration="00:00:00.0245354" startTime="2010-10-17T14:30:29.1904379-05:00" endTime="2010-10-17T14:30:29.2204396-05:00" testType="13cdc9d9-ddb5-4fa4-a97d-d965ccfc6d4b" outcome="Passed" testListId="8c84fa94-04c1-424b-9868-57a2d4851a1d" relativeResultsDirectory="2019f0c5-6180-4fbe-a93d-aae3cf655592">
    </UnitTestResult>
    <UnitTestResult executionId="c1255fef-60c8-4149-888b-b4d2d9d2dfea" testId="5b2a5f35-2435-a2ba-eaf1-4c274bced244" testName="should_calculate_northern_point" computerName="JUSTIN-LAPTOP" duration="00:00:00.0004688" startTime="2010-10-17T14:30:29.2214397-05:00" endTime="2010-10-17T14:30:29.2274400-05:00" testType="13cdc9d9-ddb5-4fa4-a97d-d965ccfc6d4b" outcome="Passed" testListId="8c84fa94-04c1-424b-9868-57a2d4851a1d" relativeResultsDirectory="c1255fef-60c8-4149-888b-b4d2d9d2dfea">
    </UnitTestResult>
    <UnitTestResult executionId="5eca2f78-1b22-48ba-a52d-2bb2872574a3" testId="5b97deff-fa6b-c377-8ff2-c9c8d4bf8e55" testName="should_retriever_an_empty_list_given_invalid_hotzone_id" computerName="JUSTIN-LAPTOP" duration="00:00:00.0297263" startTime="2010-10-17T14:30:29.2284401-05:00" endTime="2010-10-17T14:30:29.2624420-05:00" testType="13cdc9d9-ddb5-4fa4-a97d-d965ccfc6d4b" outcome="Passed" testListId="8c84fa94-04c1-424b-9868-57a2d4851a1d" relativeResultsDirectory="5eca2f78-1b22-48ba-a52d-2bb2872574a3">
    </UnitTestResult>
    <UnitTestResult executionId="1ef2c83c-ea48-4b34-ab5b-96a5c307edd3" testId="5d04ca0e-dd33-bf62-c1bb-e7d225b4949c" testName="should_return_achievement_for_destroying_1_zombiePack" computerName="JUSTIN-LAPTOP" duration="00:00:00.0014506" startTime="2010-10-17T14:30:29.2644422-05:00" endTime="2010-10-17T14:30:29.2704425-05:00" testType="13cdc9d9-ddb5-4fa4-a97d-d965ccfc6d4b" outcome="Passed" testListId="8c84fa94-04c1-424b-9868-57a2d4851a1d" relativeResultsDirectory="1ef2c83c-ea48-4b34-ab5b-96a5c307edd3">
    </UnitTestResult>
    <UnitTestResult executionId="06d1148a-6839-44bf-a21d-d6ae03bf0881" testId="5da90bcc-6e5d-3a2d-e174-d391c0422e11" testName="should_update_hot_zone_if_user_is_on_new_hot_zone" computerName="JUSTIN-LAPTOP" duration="00:00:00.0302129" startTime="2010-10-17T14:30:29.2724426-05:00" endTime="2010-10-17T14:30:29.3174452-05:00" testType="13cdc9d9-ddb5-4fa4-a97d-d965ccfc6d4b" outcome="Passed" testListId="8c84fa94-04c1-424b-9868-57a2d4851a1d" relativeResultsDirectory="06d1148a-6839-44bf-a21d-d6ae03bf0881">
    </UnitTestResult>
    <UnitTestResult executionId="779f1697-ca15-452a-ad7e-6ce7290e88c1" testId="5e0523e6-700c-d803-6a13-76f99c5ecb12" testName="should_return_hotzones_that_are_marked_as_starting_hotzones" computerName="JUSTIN-LAPTOP" duration="00:00:00.0424570" startTime="2010-10-17T14:30:29.3184452-05:00" endTime="2010-10-17T14:30:29.3654479-05:00" testType="13cdc9d9-ddb5-4fa4-a97d-d965ccfc6d4b" outcome="Passed" testListId="8c84fa94-04c1-424b-9868-57a2d4851a1d" relativeResultsDirectory="779f1697-ca15-452a-ad7e-6ce7290e88c1">
    </UnitTestResult>
    <UnitTestResult executionId="44437398-ed5e-4555-95d7-204c0d486bb3" testId="5edbb1cd-bd31-7ac9-084c-f6f749883ff2" testName="the_last_visited_hotzone_should_be_starting_location" computerName="JUSTIN-LAPTOP" duration="00:00:00.0203208" startTime="2010-10-17T14:30:29.3674480-05:00" endTime="2010-10-17T14:30:29.3914494-05:00" testType="13cdc9d9-ddb5-4fa4-a97d-d965ccfc6d4b" outcome="Passed" testListId="8c84fa94-04c1-424b-9868-57a2d4851a1d" relativeResultsDirectory="44437398-ed5e-4555-95d7-204c0d486bb3">
    </UnitTestResult>
    <UnitTestResult executionId="a5e17a81-ed8a-4ad4-9ef7-faa3cb44a7e8" testId="5f1fabc6-b3c7-d9b8-821e-098ccaf3eed1" testName="should_save_item_in_user_inventory_and_take_out_of_safe_house_inventory" computerName="JUSTIN-LAPTOP" duration="00:00:00.0209254" startTime="2010-10-17T14:30:29.3924495-05:00" endTime="2010-10-17T14:30:29.4194510-05:00" testType="13cdc9d9-ddb5-4fa4-a97d-d965ccfc6d4b" outcome="Passed" testListId="8c84fa94-04c1-424b-9868-57a2d4851a1d" relativeResultsDirectory="a5e17a81-ed8a-4ad4-9ef7-faa3cb44a7e8">
    </UnitTestResult>
    <UnitTestResult executionId="fbed73e4-2448-47c0-ab3a-ce6399167c81" testId="5f382a5a-614c-c9d5-67f1-1ceadc4420b1" testName="should_set_user_current_base_energy" computerName="JUSTIN-LAPTOP" duration="00:00:00.0252628" startTime="2010-10-17T14:30:29.4204511-05:00" endTime="2010-10-17T14:30:29.4504528-05:00" testType="13cdc9d9-ddb5-4fa4-a97d-d965ccfc6d4b" outcome="Passed" testListId="8c84fa94-04c1-424b-9868-57a2d4851a1d" relativeResultsDirectory="fbed73e4-2448-47c0-ab3a-ce6399167c81">
    </UnitTestResult>
    <UnitTestResult executionId="4b7c1c6b-ada6-4d2b-993d-8ef071862a7c" testId="5fa17309-6178-e440-0cb3-9987b0eaea65" testName="should_get_user_item_count" computerName="JUSTIN-LAPTOP" duration="00:00:00.0304674" startTime="2010-10-17T14:30:29.4514529-05:00" endTime="2010-10-17T14:30:29.4864549-05:00" testType="13cdc9d9-ddb5-4fa4-a97d-d965ccfc6d4b" outcome="Passed" testListId="8c84fa94-04c1-424b-9868-57a2d4851a1d" relativeResultsDirectory="4b7c1c6b-ada6-4d2b-993d-8ef071862a7c">
    </UnitTestResult>
    <UnitTestResult executionId="0f068fd7-514e-43bd-818a-36cb515c595f" testId="606e3bbd-fbf0-39e8-d39a-d95b2f760af1" testName="should_return_null_for_last_visited_hotzone_if_no_hotzone_has_been_set" computerName="JUSTIN-LAPTOP" duration="00:00:00.0199464" startTime="2010-10-17T14:30:29.4884550-05:00" endTime="2010-10-17T14:30:29.5134564-05:00" testType="13cdc9d9-ddb5-4fa4-a97d-d965ccfc6d4b" outcome="Passed" testListId="8c84fa94-04c1-424b-9868-57a2d4851a1d" relativeResultsDirectory="0f068fd7-514e-43bd-818a-36cb515c595f">
    </UnitTestResult>
    <UnitTestResult executionId="7aee473a-805f-4f48-b116-9f17307dcd1e" testId="60b889f5-aa93-4766-ebaf-876bc425b3c4" testName="should_save_user_max_energy" computerName="JUSTIN-LAPTOP" duration="00:00:00.0191923" startTime="2010-10-17T14:30:29.5174566-05:00" endTime="2010-10-17T14:30:29.5434581-05:00" testType="13cdc9d9-ddb5-4fa4-a97d-d965ccfc6d4b" outcome="Passed" testListId="8c84fa94-04c1-424b-9868-57a2d4851a1d" relativeResultsDirectory="7aee473a-805f-4f48-b116-9f17307dcd1e">
    </UnitTestResult>
    <UnitTestResult executionId="806afe27-e864-4dd6-90a0-4d06f8421d99" testId="612613da-83db-bad4-0786-2d957381d4ad" testName="should_retrieve_user_zombie_pack_progress_for_user" computerName="JUSTIN-LAPTOP" duration="00:00:00.0409889" startTime="2010-10-17T14:30:29.5464583-05:00" endTime="2010-10-17T14:30:29.5914609-05:00" testType="13cdc9d9-ddb5-4fa4-a97d-d965ccfc6d4b" outcome="Passed" testListId="8c84fa94-04c1-424b-9868-57a2d4851a1d" relativeResultsDirectory="806afe27-e864-4dd6-90a0-4d06f8421d99">
    </UnitTestResult>
    <UnitTestResult executionId="c540dbae-953b-4640-89db-ae98f57a013a" testId="61f1fbc3-1b38-ec7e-962e-44e1959bccb8" testName="should_return_hotzone_is_not_cleared_for_other_user" computerName="JUSTIN-LAPTOP" duration="00:00:00.1451208" startTime="2010-10-17T14:30:29.5934610-05:00" endTime="2010-10-17T14:30:29.7454697-05:00" testType="13cdc9d9-ddb5-4fa4-a97d-d965ccfc6d4b" outcome="Passed" testListId="8c84fa94-04c1-424b-9868-57a2d4851a1d" relativeResultsDirectory="c540dbae-953b-4640-89db-ae98f57a013a">
    </UnitTestResult>
    <UnitTestResult executionId="c40afe9e-9872-45b6-b348-cdcdaccb22f0" testId="61f447bc-f31d-7adc-e8ff-51ce31625b90" testName="should_throw_error_for_saving_last_energy_if_user_does_not_exist" computerName="JUSTIN-LAPTOP" duration="00:00:00.0198945" startTime="2010-10-17T14:30:29.7464697-05:00" endTime="2010-10-17T14:30:29.7704711-05:00" testType="13cdc9d9-ddb5-4fa4-a97d-d965ccfc6d4b" outcome="Passed" testListId="8c84fa94-04c1-424b-9868-57a2d4851a1d" relativeResultsDirectory="c40afe9e-9872-45b6-b348-cdcdaccb22f0">
    </UnitTestResult>
    <UnitTestResult executionId="d2093858-2e1d-4c66-8dec-914062dd4e55" testId="65a45aea-1388-af89-1298-2c122710d67c" testName="should_return_0_if_user_does_not_exist" computerName="JUSTIN-LAPTOP" duration="00:00:00.0029009" startTime="2010-10-17T14:30:29.7774715-05:00" endTime="2010-10-17T14:30:29.7854720-05:00" testType="13cdc9d9-ddb5-4fa4-a97d-d965ccfc6d4b" outcome="Passed" testListId="8c84fa94-04c1-424b-9868-57a2d4851a1d" relativeResultsDirectory="d2093858-2e1d-4c66-8dec-914062dd4e55">
    </UnitTestResult>
    <UnitTestResult executionId="ea1843e5-5a23-46c2-9714-a5d1185db0d8" testId="65c104b2-1ff7-266c-33d4-c2e6789ce0d4" testName="should_throw_error_if_user_does_not_exist" computerName="JUSTIN-LAPTOP" duration="00:00:00.0026351" startTime="2010-10-17T14:30:29.7874721-05:00" endTime="2010-10-17T14:30:29.7944725-05:00" testType="13cdc9d9-ddb5-4fa4-a97d-d965ccfc6d4b" outcome="Passed" testListId="8c84fa94-04c1-424b-9868-57a2d4851a1d" relativeResultsDirectory="ea1843e5-5a23-46c2-9714-a5d1185db0d8">
    </UnitTestResult>
    <UnitTestResult executionId="559884d1-6ab0-4165-ad65-9c8914c9bffb" testId="66169587-8c61-bb11-f455-fab6b8497218" testName="should_return_achievement_for_collecting_10_dollars" computerName="JUSTIN-LAPTOP" duration="00:00:00.0015017" startTime="2010-10-17T14:30:29.7964726-05:00" endTime="2010-10-17T14:30:29.8024729-05:00" testType="13cdc9d9-ddb5-4fa4-a97d-d965ccfc6d4b" outcome="Passed" testListId="8c84fa94-04c1-424b-9868-57a2d4851a1d" relativeResultsDirectory="559884d1-6ab0-4165-ad65-9c8914c9bffb">
    </UnitTestResult>
    <UnitTestResult executionId="1c1658c5-874d-4320-a3ce-f9a2b0b8d172" testId="66236707-8e98-8099-42db-7e8aeb3fbf02" testName="should_retrieve_list_of_items_in_safe_house_that_belong_to_user" computerName="JUSTIN-LAPTOP" duration="00:00:00.0351825" startTime="2010-10-17T14:30:29.8034730-05:00" endTime="2010-10-17T14:30:29.8424752-05:00" testType="13cdc9d9-ddb5-4fa4-a97d-d965ccfc6d4b" outcome="Passed" testListId="8c84fa94-04c1-424b-9868-57a2d4851a1d" relativeResultsDirectory="1c1658c5-874d-4320-a3ce-f9a2b0b8d172">
    </UnitTestResult>
    <UnitTestResult executionId="fc413c50-e6a9-4678-91f8-6f5f0c3c2de3" testId="66e87870-2f0c-1802-4a46-f39d5c5c0c20" testName="should_return_energy_cost_at_5_percent_of_maximum_potential" computerName="JUSTIN-LAPTOP" duration="00:00:00.0102264" startTime="2010-10-17T14:30:29.8444753-05:00" endTime="2010-10-17T14:30:29.8584761-05:00" testType="13cdc9d9-ddb5-4fa4-a97d-d965ccfc6d4b" outcome="Passed" testListId="8c84fa94-04c1-424b-9868-57a2d4851a1d" relativeResultsDirectory="fc413c50-e6a9-4678-91f8-6f5f0c3c2de3">
    </UnitTestResult>
    <UnitTestResult executionId="e398379c-cb1b-41f4-8b2f-5ce2354c4253" testId="685ba115-26b4-cfb7-772c-f8e84fc12c79" testName="should_take_money_from_user_and_add_item_to_user_inventory" computerName="JUSTIN-LAPTOP" duration="00:00:00.0183607" startTime="2010-10-17T14:30:29.8594762-05:00" endTime="2010-10-17T14:30:29.8844776-05:00" testType="13cdc9d9-ddb5-4fa4-a97d-d965ccfc6d4b" outcome="Passed" testListId="8c84fa94-04c1-424b-9868-57a2d4851a1d" relativeResultsDirectory="e398379c-cb1b-41f4-8b2f-5ce2354c4253">
    </UnitTestResult>
    <UnitTestResult executionId="2810e5e5-ecd9-4409-a29c-3d5a1da5d89e" testId="68ea6353-2c49-a913-f384-cf2dc40e93c0" testName="should_not_hunt_if_user_doesnt_have_enough_energy" computerName="JUSTIN-LAPTOP" duration="00:00:00.0117440" startTime="2010-10-17T14:30:29.8854777-05:00" endTime="2010-10-17T14:30:29.9034787-05:00" testType="13cdc9d9-ddb5-4fa4-a97d-d965ccfc6d4b" outcome="Passed" testListId="8c84fa94-04c1-424b-9868-57a2d4851a1d" relativeResultsDirectory="2810e5e5-ecd9-4409-a29c-3d5a1da5d89e">
    </UnitTestResult>
    <UnitTestResult executionId="1e9cd312-df9f-4245-aee9-267bdbc44ad6" testId="69653733-6f17-afcb-14dc-a6126a62b1ee" testName="should_retrieve_user_current_base_energy" computerName="JUSTIN-LAPTOP" duration="00:00:00.0196700" startTime="2010-10-17T14:30:29.9044788-05:00" endTime="2010-10-17T14:30:29.9294802-05:00" testType="13cdc9d9-ddb5-4fa4-a97d-d965ccfc6d4b" outcome="Passed" testListId="8c84fa94-04c1-424b-9868-57a2d4851a1d" relativeResultsDirectory="1e9cd312-df9f-4245-aee9-267bdbc44ad6">
    </UnitTestResult>
    <UnitTestResult executionId="66950b8d-1203-4d88-bf6d-b5f72eeb4e8d" testId="6b30f78c-5c97-e5aa-0928-de7f5ee83660" testName="should_give_energy_based_on_best_items_from_user_usersafehouse_and_items_that_can_be_bought" computerName="JUSTIN-LAPTOP" duration="00:00:00.0074487" startTime="2010-10-17T14:30:29.9304803-05:00" endTime="2010-10-17T14:30:29.9434810-05:00" testType="13cdc9d9-ddb5-4fa4-a97d-d965ccfc6d4b" outcome="Passed" testListId="8c84fa94-04c1-424b-9868-57a2d4851a1d" relativeResultsDirectory="66950b8d-1203-4d88-bf6d-b5f72eeb4e8d">
    </UnitTestResult>
    <UnitTestResult executionId="733dfbba-97df-4422-aed7-884aad73fd0e" testId="6beb3a34-356e-6f1e-6b50-8d176c416598" testName="should_return_the_amount_of_money_the_user_currently_has" computerName="JUSTIN-LAPTOP" duration="00:00:00.0224992" startTime="2010-10-17T14:30:29.9444811-05:00" endTime="2010-10-17T14:30:29.9714826-05:00" testType="13cdc9d9-ddb5-4fa4-a97d-d965ccfc6d4b" outcome="Passed" testListId="8c84fa94-04c1-424b-9868-57a2d4851a1d" relativeResultsDirectory="733dfbba-97df-4422-aed7-884aad73fd0e">
    </UnitTestResult>
    <UnitTestResult executionId="91c20e9d-591a-4803-b301-874280aad383" testId="6c066a85-168d-65f4-cc37-317318414373" testName="should_return_achievement_for_destroying_10000_zombie_packs" computerName="JUSTIN-LAPTOP" duration="00:00:00.0018352" startTime="2010-10-17T14:30:29.9724827-05:00" endTime="2010-10-17T14:30:29.9794831-05:00" testType="13cdc9d9-ddb5-4fa4-a97d-d965ccfc6d4b" outcome="Passed" testListId="8c84fa94-04c1-424b-9868-57a2d4851a1d" relativeResultsDirectory="91c20e9d-591a-4803-b301-874280aad383">
    </UnitTestResult>
    <UnitTestResult executionId="8c70903f-a96e-4391-9c1e-c00bf5363443" testId="6d259f14-cf5c-860f-f3bc-07fb6a901208" testName="should_throw_error_if_user_already_exists" computerName="JUSTIN-LAPTOP" duration="00:00:00.0198418" startTime="2010-10-17T14:30:29.9804831-05:00" endTime="2010-10-17T14:30:30.0054845-05:00" testType="13cdc9d9-ddb5-4fa4-a97d-d965ccfc6d4b" outcome="Passed" testListId="8c84fa94-04c1-424b-9868-57a2d4851a1d" relativeResultsDirectory="8c70903f-a96e-4391-9c1e-c00bf5363443">
    </UnitTestResult>
    <UnitTestResult executionId="486a8158-abc2-4189-944a-44094307ab4b" testId="6d50870f-a5f5-48df-fa3a-fd929ac4d6d9" testName="should_update_users_energy_if_user_can_hunt" computerName="JUSTIN-LAPTOP" duration="00:00:00.0140261" startTime="2010-10-17T14:30:30.0064846-05:00" endTime="2010-10-17T14:30:30.0244856-05:00" testType="13cdc9d9-ddb5-4fa4-a97d-d965ccfc6d4b" outcome="Passed" testListId="8c84fa94-04c1-424b-9868-57a2d4851a1d" relativeResultsDirectory="486a8158-abc2-4189-944a-44094307ab4b">
    </UnitTestResult>
    <UnitTestResult executionId="d3a1d81d-9602-4123-a9f7-67066dea7b87" testId="6d677716-f4a3-32e4-d489-2827222e4b43" testName="should_return_achievement_for_killing_100_zombies" computerName="JUSTIN-LAPTOP" duration="00:00:00.0015102" startTime="2010-10-17T14:30:30.0264857-05:00" endTime="2010-10-17T14:30:30.0324861-05:00" testType="13cdc9d9-ddb5-4fa4-a97d-d965ccfc6d4b" outcome="Passed" testListId="8c84fa94-04c1-424b-9868-57a2d4851a1d" relativeResultsDirectory="d3a1d81d-9602-4123-a9f7-67066dea7b87">
    </UnitTestResult>
    <UnitTestResult executionId="31188552-09be-4071-8ceb-cb71b05acb56" testId="6d97d05d-3cb4-4245-56ca-8b9bbc35a993" testName="should_return_true_if_safe_house_has_item" computerName="JUSTIN-LAPTOP" duration="00:00:00.0272318" startTime="2010-10-17T14:30:30.0344862-05:00" endTime="2010-10-17T14:30:30.0664880-05:00" testType="13cdc9d9-ddb5-4fa4-a97d-d965ccfc6d4b" outcome="Passed" testListId="8c84fa94-04c1-424b-9868-57a2d4851a1d" relativeResultsDirectory="31188552-09be-4071-8ceb-cb71b05acb56">
    </UnitTestResult>
    <UnitTestResult executionId="0bd6c959-afa9-4af9-8640-c61b536fbdcc" testId="6e5c9897-01e5-0ddc-270e-62065e9e22f7" testName="should_update_user_last_hotzone_location_after_successful_hunt" computerName="JUSTIN-LAPTOP" duration="00:00:00.0206117" startTime="2010-10-17T14:30:30.0674881-05:00" endTime="2010-10-17T14:30:30.0934896-05:00" testType="13cdc9d9-ddb5-4fa4-a97d-d965ccfc6d4b" outcome="Passed" testListId="8c84fa94-04c1-424b-9868-57a2d4851a1d" relativeResultsDirectory="0bd6c959-afa9-4af9-8640-c61b536fbdcc">
    </UnitTestResult>
    <UnitTestResult executionId="7ef85988-31ac-4c0b-8b39-2f2f4c7fb783" testId="6ee3e612-4bf5-4b89-e2d7-9da260f06cb5" testName="should_throw_error_if_facebook_user_id_is_zero" computerName="JUSTIN-LAPTOP" duration="00:00:00.0042041" startTime="2010-10-17T14:30:30.0944896-05:00" endTime="2010-10-17T14:30:30.1044902-05:00" testType="13cdc9d9-ddb5-4fa4-a97d-d965ccfc6d4b" outcome="Passed" testListId="8c84fa94-04c1-424b-9868-57a2d4851a1d" relativeResultsDirectory="7ef85988-31ac-4c0b-8b39-2f2f4c7fb783">
    </UnitTestResult>
    <UnitTestResult executionId="15640e32-cf34-4685-86df-db8fafd3b18c" testId="6efd94c0-48f1-f3dc-5a7c-d483288ae14d" testName="should_retrieve_user_current_base_attack" computerName="JUSTIN-LAPTOP" duration="00:00:00.0203601" startTime="2010-10-17T14:30:30.1054903-05:00" endTime="2010-10-17T14:30:30.1304917-05:00" testType="13cdc9d9-ddb5-4fa4-a97d-d965ccfc6d4b" outcome="Passed" testListId="8c84fa94-04c1-424b-9868-57a2d4851a1d" relativeResultsDirectory="15640e32-cf34-4685-86df-db8fafd3b18c">
    </UnitTestResult>
    <UnitTestResult executionId="e794a89b-9e62-4b63-99dc-b91e96c7001e" testId="6f4679a3-c135-f19d-6bfb-2e441fc3cb12" testName="should_return_achievement_for_destroying_10_zombie_packs" computerName="JUSTIN-LAPTOP" duration="00:00:00.0014911" startTime="2010-10-17T14:30:30.1324918-05:00" endTime="2010-10-17T14:30:30.1404923-05:00" testType="13cdc9d9-ddb5-4fa4-a97d-d965ccfc6d4b" outcome="Passed" testListId="8c84fa94-04c1-424b-9868-57a2d4851a1d" relativeResultsDirectory="e794a89b-9e62-4b63-99dc-b91e96c7001e">
    </UnitTestResult>
    <UnitTestResult executionId="dd274991-855c-4cc7-846f-67f07ee758ce" testId="6f5b8bdf-f4f3-b0ac-2d17-1c769ba70ec7" testName="should_start_with_attack_power_of_1" computerName="JUSTIN-LAPTOP" duration="00:00:00.0046855" startTime="2010-10-17T14:30:30.1424924-05:00" endTime="2010-10-17T14:30:30.1514929-05:00" testType="13cdc9d9-ddb5-4fa4-a97d-d965ccfc6d4b" outcome="Passed" testListId="8c84fa94-04c1-424b-9868-57a2d4851a1d" relativeResultsDirectory="dd274991-855c-4cc7-846f-67f07ee758ce">
    </UnitTestResult>
    <UnitTestResult executionId="bb5538ce-9df3-4bdd-b9f0-bc25d7899ccd" testId="6f612bd1-261c-e125-ca8e-f3d31afd386b" testName="should_return_energy_along_with_any_energy_increase_from_buying_item_with_no_items_in_safehouse" computerName="JUSTIN-LAPTOP" duration="00:00:00.0067833" startTime="2010-10-17T14:30:30.1524930-05:00" endTime="2010-10-17T14:30:30.1644936-05:00" testType="13cdc9d9-ddb5-4fa4-a97d-d965ccfc6d4b" outcome="Passed" testListId="8c84fa94-04c1-424b-9868-57a2d4851a1d" relativeResultsDirectory="bb5538ce-9df3-4bdd-b9f0-bc25d7899ccd">
    </UnitTestResult>
    <UnitTestResult executionId="a1024fdb-60d5-47d8-96a6-6b0b11e201e8" testId="6fb9a1f1-9260-fa0f-3246-029c6bade6db" testName="should_return_zero_if_energy_is_null" computerName="JUSTIN-LAPTOP" duration="00:00:00.0319088" startTime="2010-10-17T14:30:30.1654937-05:00" endTime="2010-10-17T14:30:30.2024958-05:00" testType="13cdc9d9-ddb5-4fa4-a97d-d965ccfc6d4b" outcome="Passed" testListId="8c84fa94-04c1-424b-9868-57a2d4851a1d" relativeResultsDirectory="a1024fdb-60d5-47d8-96a6-6b0b11e201e8">
    </UnitTestResult>
    <UnitTestResult executionId="227d3b82-3822-4d45-bbea-f9ef08d13ac7" testId="6fc1d911-2aa7-09d2-3f37-8e698e0a0e1a" testName="should_disregard_hunt_if_zombie_pack_does_not_have_any_zombies" computerName="JUSTIN-LAPTOP" duration="00:00:00.0150651" startTime="2010-10-17T14:30:30.2054960-05:00" endTime="2010-10-17T14:30:30.2264972-05:00" testType="13cdc9d9-ddb5-4fa4-a97d-d965ccfc6d4b" outcome="Passed" testListId="8c84fa94-04c1-424b-9868-57a2d4851a1d" relativeResultsDirectory="227d3b82-3822-4d45-bbea-f9ef08d13ac7">
    </UnitTestResult>
    <UnitTestResult executionId="05df2f04-4161-4fb6-bb43-2b58d0da7512" testId="70a48ca4-778f-c05e-3b5d-4d1dd614ffe7" testName="should_truncate_seconds_and_milliseconds_from_times_that_are_being_used_for_calculating_energy" computerName="JUSTIN-LAPTOP" duration="00:00:00.0071200" startTime="2010-10-17T14:30:30.2284973-05:00" endTime="2010-10-17T14:30:30.2424981-05:00" testType="13cdc9d9-ddb5-4fa4-a97d-d965ccfc6d4b" outcome="Passed" testListId="8c84fa94-04c1-424b-9868-57a2d4851a1d" relativeResultsDirectory="05df2f04-4161-4fb6-bb43-2b58d0da7512">
    </UnitTestResult>
    <UnitTestResult executionId="a6c896b0-cca0-40bb-8b2f-c92a97e78373" testId="7153296b-7930-7df3-3632-012c2eca18ad" testName="should_update_users_energy_based_on_distance_moved" computerName="JUSTIN-LAPTOP" duration="00:00:00.0121180" startTime="2010-10-17T14:30:30.2434982-05:00" endTime="2010-10-17T14:30:30.2614992-05:00" testType="13cdc9d9-ddb5-4fa4-a97d-d965ccfc6d4b" outcome="Passed" testListId="8c84fa94-04c1-424b-9868-57a2d4851a1d" relativeResultsDirectory="a6c896b0-cca0-40bb-8b2f-c92a97e78373">
    </UnitTestResult>
    <UnitTestResult executionId="cd3b7269-4d89-456b-9247-9ebdc883c581" testId="7209dcdb-bb1a-d89a-c5cb-4180ad1a5427" testName="should_return_all_hot_zones" computerName="JUSTIN-LAPTOP" duration="00:00:00.0518094" startTime="2010-10-17T14:30:30.2644994-05:00" endTime="2010-10-17T14:30:30.3225027-05:00" testType="13cdc9d9-ddb5-4fa4-a97d-d965ccfc6d4b" outcome="Passed" testListId="8c84fa94-04c1-424b-9868-57a2d4851a1d" relativeResultsDirectory="cd3b7269-4d89-456b-9247-9ebdc883c581">
    </UnitTestResult>
    <UnitTestResult executionId="56805c82-32ae-4f75-b40d-508a5220043d" testId="74c211d1-a8ea-e685-b3ae-006434becd54" testName="should_return_if_user_does_not_exist" computerName="JUSTIN-LAPTOP" duration="00:00:00.0037668" startTime="2010-10-17T14:30:30.3235027-05:00" endTime="2010-10-17T14:30:30.3315032-05:00" testType="13cdc9d9-ddb5-4fa4-a97d-d965ccfc6d4b" outcome="Passed" testListId="8c84fa94-04c1-424b-9868-57a2d4851a1d" relativeResultsDirectory="56805c82-32ae-4f75-b40d-508a5220043d">
    </UnitTestResult>
    <UnitTestResult executionId="9fb83877-3235-414f-84e0-0fb76de9db8b" testId="75a342b2-ef01-e34d-c6b4-7a9dc15f6b1e" testName="should_not_hunt_if_user_is_not_at_zombie_pack_latitude" computerName="JUSTIN-LAPTOP" duration="00:00:00.0075621" startTime="2010-10-17T14:30:30.3325032-05:00" endTime="2010-10-17T14:30:30.3445039-05:00" testType="13cdc9d9-ddb5-4fa4-a97d-d965ccfc6d4b" outcome="Passed" testListId="8c84fa94-04c1-424b-9868-57a2d4851a1d" relativeResultsDirectory="9fb83877-3235-414f-84e0-0fb76de9db8b">
    </UnitTestResult>
    <UnitTestResult executionId="f2b38f7a-7714-4852-a6cf-87fd3408abfc" testId="7685b20a-de0b-8bc0-6c22-3a9d32aab4bd" testName="should_disregard_if_safe_house_does_not_exist" computerName="JUSTIN-LAPTOP" duration="00:00:00.0071638" startTime="2010-10-17T14:30:30.3455040-05:00" endTime="2010-10-17T14:30:30.3585047-05:00" testType="13cdc9d9-ddb5-4fa4-a97d-d965ccfc6d4b" outcome="Passed" testListId="8c84fa94-04c1-424b-9868-57a2d4851a1d" relativeResultsDirectory="f2b38f7a-7714-4852-a6cf-87fd3408abfc">
    </UnitTestResult>
    <UnitTestResult executionId="01992e52-64b2-4b42-bcee-11a47e1d7fcb" testId="783f6a3b-54fe-a923-8c75-e72b281f150f" testName="should_set_base_line_for_users_max_potential_if_last_hotzone_visited_does_not_equal_the_hotzone_for_the_current_zombie_pack" computerName="JUSTIN-LAPTOP" duration="00:00:00.0157540" startTime="2010-10-17T14:30:30.3595048-05:00" endTime="2010-10-17T14:30:30.3805060-05:00" testType="13cdc9d9-ddb5-4fa4-a97d-d965ccfc6d4b" outcome="Passed" testListId="8c84fa94-04c1-424b-9868-57a2d4851a1d" relativeResultsDirectory="01992e52-64b2-4b42-bcee-11a47e1d7fcb">
    </UnitTestResult>
    <UnitTestResult executionId="3ce8c6ca-2716-477a-92a2-5e8700fab320" testId="799c0d6a-4d65-290e-a185-a723c64e9bd5" testName="should_decrement_the_zombies_left_in_a_zombie_pack_after_a_hunt" computerName="JUSTIN-LAPTOP" duration="00:00:00.0135654" startTime="2010-10-17T14:30:30.3815060-05:00" endTime="2010-10-17T14:30:30.4005071-05:00" testType="13cdc9d9-ddb5-4fa4-a97d-d965ccfc6d4b" outcome="Passed" testListId="8c84fa94-04c1-424b-9868-57a2d4851a1d" relativeResultsDirectory="3ce8c6ca-2716-477a-92a2-5e8700fab320">
    </UnitTestResult>
    <UnitTestResult executionId="8476dc39-c247-43d1-a221-48d45894fddf" testId="79f08418-c51b-ec01-a3f0-aeabf52599fa" testName="should_destroy_zombie_pack_if_users_attack_power_exceeds_the_number_of_zombies" computerName="JUSTIN-LAPTOP" duration="00:00:00.0137328" startTime="2010-10-17T14:30:30.4015072-05:00" endTime="2010-10-17T14:30:30.4205083-05:00" testType="13cdc9d9-ddb5-4fa4-a97d-d965ccfc6d4b" outcome="Passed" testListId="8c84fa94-04c1-424b-9868-57a2d4851a1d" relativeResultsDirectory="8476dc39-c247-43d1-a221-48d45894fddf">
    </UnitTestResult>
    <UnitTestResult executionId="ddce0300-919b-42a9-8903-dc7ccd1172ae" testId="7a4bb2ce-d62d-4561-dc89-28a6c8155af3" testName="should_set_energy_to_zero_if_item_energy_plus_user_energy_is_negative" computerName="JUSTIN-LAPTOP" duration="00:00:00.0101972" startTime="2010-10-17T14:30:30.4215083-05:00" endTime="2010-10-17T14:30:30.4485099-05:00" testType="13cdc9d9-ddb5-4fa4-a97d-d965ccfc6d4b" outcome="Passed" testListId="8c84fa94-04c1-424b-9868-57a2d4851a1d" relativeResultsDirectory="ddce0300-919b-42a9-8903-dc7ccd1172ae">
    </UnitTestResult>
    <UnitTestResult executionId="f712f66f-a652-4039-8582-29fec1dad7b7" testId="7acb1219-a69e-e102-dd8e-4060793e7b6e" testName="should_throw_exception_when_returning_baseline_attack_power_for_user_that_doesnt_exist" computerName="JUSTIN-LAPTOP" duration="00:00:00.0210769" startTime="2010-10-17T14:30:30.4505100-05:00" endTime="2010-10-17T14:30:30.4775115-05:00" testType="13cdc9d9-ddb5-4fa4-a97d-d965ccfc6d4b" outcome="Passed" testListId="8c84fa94-04c1-424b-9868-57a2d4851a1d" relativeResultsDirectory="f712f66f-a652-4039-8582-29fec1dad7b7">
    </UnitTestResult>
    <UnitTestResult executionId="51905e93-539a-4e7d-b93e-18313df4a81a" testId="7b6f7aba-399c-6729-f243-4ff68995d88e" testName="should_return_achievement_for_traveling_100_miles" computerName="JUSTIN-LAPTOP" duration="00:00:00.0017866" startTime="2010-10-17T14:30:30.4785116-05:00" endTime="2010-10-17T14:30:30.4845119-05:00" testType="13cdc9d9-ddb5-4fa4-a97d-d965ccfc6d4b" outcome="Passed" testListId="8c84fa94-04c1-424b-9868-57a2d4851a1d" relativeResultsDirectory="51905e93-539a-4e7d-b93e-18313df4a81a">
    </UnitTestResult>
    <UnitTestResult executionId="b5a3f166-b118-4ee2-9c13-5db566db8bd8" testId="7b96fc08-5095-7079-15b5-f39e447dbf49" testName="should_return_max_energy_for_user_if_user_exists_but_last_saved_energy_does_not_exist" computerName="JUSTIN-LAPTOP" duration="00:00:00.0063789" startTime="2010-10-17T14:30:30.4855120-05:00" endTime="2010-10-17T14:30:30.4955126-05:00" testType="13cdc9d9-ddb5-4fa4-a97d-d965ccfc6d4b" outcome="Passed" testListId="8c84fa94-04c1-424b-9868-57a2d4851a1d" relativeResultsDirectory="b5a3f166-b118-4ee2-9c13-5db566db8bd8">
    </UnitTestResult>
    <UnitTestResult executionId="b6d916ab-92b9-4da2-a6da-af36e74aeba3" testId="7bf1b32b-b544-1d63-7f85-8cb3721cb13c" testName="should_disregard_if_user_has_more_than_the_allowed_amount_of_items" computerName="JUSTIN-LAPTOP" duration="00:00:00.0099217" startTime="2010-10-17T14:30:30.4965126-05:00" endTime="2010-10-17T14:30:30.5115135-05:00" testType="13cdc9d9-ddb5-4fa4-a97d-d965ccfc6d4b" outcome="Passed" testListId="8c84fa94-04c1-424b-9868-57a2d4851a1d" relativeResultsDirectory="b6d916ab-92b9-4da2-a6da-af36e74aeba3">
    </UnitTestResult>
    <UnitTestResult executionId="51d4e0eb-8e24-43fe-af47-03ee573e0db7" testId="7c057236-5b5f-451c-5800-6e05c196b383" testName="should_disregard_if_item_does_not_exist" computerName="JUSTIN-LAPTOP" duration="00:00:00.0081339" startTime="2010-10-17T14:30:30.5125135-05:00" endTime="2010-10-17T14:30:30.5255143-05:00" testType="13cdc9d9-ddb5-4fa4-a97d-d965ccfc6d4b" outcome="Passed" testListId="8c84fa94-04c1-424b-9868-57a2d4851a1d" relativeResultsDirectory="51d4e0eb-8e24-43fe-af47-03ee573e0db7">
    </UnitTestResult>
    <UnitTestResult executionId="37120228-e445-48c7-949e-57c38dae6973" testId="7c9fa0fb-7cf0-12c6-f8da-d4fb82dffc47" testName="should_throw_error_if_trying_to_update_user_attack_power_and_user_does_not_exist" computerName="JUSTIN-LAPTOP" duration="00:00:00.0220693" startTime="2010-10-17T14:30:30.5265143-05:00" endTime="2010-10-17T14:30:30.5525158-05:00" testType="13cdc9d9-ddb5-4fa4-a97d-d965ccfc6d4b" outcome="Passed" testListId="8c84fa94-04c1-424b-9868-57a2d4851a1d" relativeResultsDirectory="37120228-e445-48c7-949e-57c38dae6973">
    </UnitTestResult>
    <UnitTestResult executionId="3dd9c7e4-f51a-4bbe-9eaf-d7641154f0c7" testId="7d2305d4-075e-49ce-735b-3ccd549f53b8" testName="should_update_existing_zombie_pack_progress" computerName="JUSTIN-LAPTOP" duration="00:00:00.0166609" startTime="2010-10-17T14:30:30.5535159-05:00" endTime="2010-10-17T14:30:30.5755171-05:00" testType="13cdc9d9-ddb5-4fa4-a97d-d965ccfc6d4b" outcome="Passed" testListId="8c84fa94-04c1-424b-9868-57a2d4851a1d" relativeResultsDirectory="3dd9c7e4-f51a-4bbe-9eaf-d7641154f0c7">
    </UnitTestResult>
    <UnitTestResult executionId="9c66ae6d-ed09-46ab-949a-103cde2bb1a9" testId="7d282b5a-4c68-651b-2ed3-0d406222883a" testName="should_disregard_if_user_does_not_exist" computerName="JUSTIN-LAPTOP" duration="00:00:00.0037020" startTime="2010-10-17T14:30:30.5795174-05:00" endTime="2010-10-17T14:30:30.5895179-05:00" testType="13cdc9d9-ddb5-4fa4-a97d-d965ccfc6d4b" outcome="Passed" testListId="8c84fa94-04c1-424b-9868-57a2d4851a1d" relativeResultsDirectory="9c66ae6d-ed09-46ab-949a-103cde2bb1a9">
    </UnitTestResult>
    <UnitTestResult executionId="fef5a052-f4ad-480e-976e-0d416e01e93b" testId="7d9357cd-185a-7a7d-46d5-6e0825f094b5" testName="should_save_item_in_safe_house_inventory_and_remove_from_user_inventory" computerName="JUSTIN-LAPTOP" duration="00:00:00.0146028" startTime="2010-10-17T14:30:30.5905180-05:00" endTime="2010-10-17T14:30:30.6105191-05:00" testType="13cdc9d9-ddb5-4fa4-a97d-d965ccfc6d4b" outcome="Passed" testListId="8c84fa94-04c1-424b-9868-57a2d4851a1d" relativeResultsDirectory="fef5a052-f4ad-480e-976e-0d416e01e93b">
    </UnitTestResult>
    <UnitTestResult executionId="09078b64-a5f4-4dc0-a3bf-77ce96d5235b" testId="7e4ecb77-6a2d-3a8f-0c42-71f8df3a6f64" testName="should_return_true_if_user_exists" computerName="JUSTIN-LAPTOP" duration="00:00:00.0203674" startTime="2010-10-17T14:30:30.6115192-05:00" endTime="2010-10-17T14:30:30.6365206-05:00" testType="13cdc9d9-ddb5-4fa4-a97d-d965ccfc6d4b" outcome="Passed" testListId="8c84fa94-04c1-424b-9868-57a2d4851a1d" relativeResultsDirectory="09078b64-a5f4-4dc0-a3bf-77ce96d5235b">
    </UnitTestResult>
    <UnitTestResult executionId="50c14d9a-478e-45ac-885d-6a66146dc827" testId="7e9e7b54-d658-a1a5-ce5b-efa2cb03052c" testName="should_return_baseline_energy_for_user_that_exists" computerName="JUSTIN-LAPTOP" duration="00:00:00.0193888" startTime="2010-10-17T14:30:30.6385207-05:00" endTime="2010-10-17T14:30:30.6615221-05:00" testType="13cdc9d9-ddb5-4fa4-a97d-d965ccfc6d4b" outcome="Passed" testListId="8c84fa94-04c1-424b-9868-57a2d4851a1d" relativeResultsDirectory="50c14d9a-478e-45ac-885d-6a66146dc827">
    </UnitTestResult>
    <UnitTestResult executionId="d5400241-b87b-465b-aa9e-4c4cf7d0dabd" testId="809902e6-5c64-c35c-89c5-d13cd243728a" testName="should_return_achievement_for_killing_1000_zombies" computerName="JUSTIN-LAPTOP" duration="00:00:00.0013676" startTime="2010-10-17T14:30:30.6635222-05:00" endTime="2010-10-17T14:30:30.6705226-05:00" testType="13cdc9d9-ddb5-4fa4-a97d-d965ccfc6d4b" outcome="Passed" testListId="8c84fa94-04c1-424b-9868-57a2d4851a1d" relativeResultsDirectory="d5400241-b87b-465b-aa9e-4c4cf7d0dabd">
    </UnitTestResult>
    <UnitTestResult executionId="9496fdca-ec8b-497f-9e5c-539a0d381a27" testId="8139f5f3-bee3-cd07-2820-fcf4f70f9ff0" testName="should_return_peak_attack" computerName="JUSTIN-LAPTOP" duration="00:00:00.0143592" startTime="2010-10-17T14:30:30.6725227-05:00" endTime="2010-10-17T14:30:30.6905237-05:00" testType="13cdc9d9-ddb5-4fa4-a97d-d965ccfc6d4b" outcome="Passed" testListId="8c84fa94-04c1-424b-9868-57a2d4851a1d" relativeResultsDirectory="9496fdca-ec8b-497f-9e5c-539a0d381a27">
    </UnitTestResult>
    <UnitTestResult executionId="d7d7457d-ead0-4b68-ba76-d004bd14d18d" testId="81cb2920-61d9-e3df-f3bf-c3ed245e0ab0" testName="should_disregard_if_user_does_not_exist" computerName="JUSTIN-LAPTOP" duration="00:00:00.0049801" startTime="2010-10-17T14:30:30.6925238-05:00" endTime="2010-10-17T14:30:30.7025244-05:00" testType="13cdc9d9-ddb5-4fa4-a97d-d965ccfc6d4b" outcome="Passed" testListId="8c84fa94-04c1-424b-9868-57a2d4851a1d" relativeResultsDirectory="d7d7457d-ead0-4b68-ba76-d004bd14d18d">
    </UnitTestResult>
    <UnitTestResult executionId="6b1a9cdd-b5bc-4c23-9e70-c43ff28d6179" testId="83224f41-33be-cb5a-8243-f1cbb7067a6d" testName="should_return_null_for_last_saved_energy_if_user_does_not_exist" computerName="JUSTIN-LAPTOP" duration="00:00:00.0371393" startTime="2010-10-17T14:30:30.7045245-05:00" endTime="2010-10-17T14:30:30.7465269-05:00" testType="13cdc9d9-ddb5-4fa4-a97d-d965ccfc6d4b" outcome="Passed" testListId="8c84fa94-04c1-424b-9868-57a2d4851a1d" relativeResultsDirectory="6b1a9cdd-b5bc-4c23-9e70-c43ff28d6179">
    </UnitTestResult>
    <UnitTestResult executionId="4b9eacb3-d7ff-4e41-b55e-d51f901f0e81" testId="847097ef-3573-f329-f9db-f7704607c613" testName="should_return_achievement_for_traveling_100000_miles" computerName="JUSTIN-LAPTOP" duration="00:00:00.0014061" startTime="2010-10-17T14:30:30.7475270-05:00" endTime="2010-10-17T14:30:30.7535273-05:00" testType="13cdc9d9-ddb5-4fa4-a97d-d965ccfc6d4b" outcome="Passed" testListId="8c84fa94-04c1-424b-9868-57a2d4851a1d" relativeResultsDirectory="4b9eacb3-d7ff-4e41-b55e-d51f901f0e81">
    </UnitTestResult>
    <UnitTestResult executionId="65768801-6a93-4fa9-977e-8c4e9fbb5e5b" testId="8522a95f-e160-dcf6-186a-2eac6493fad8" testName="should_disregard_if_safe_house_does_not_have_item" computerName="JUSTIN-LAPTOP" duration="00:00:00.0125913" startTime="2010-10-17T14:30:30.7535273-05:00" endTime="2010-10-17T14:30:30.7705283-05:00" testType="13cdc9d9-ddb5-4fa4-a97d-d965ccfc6d4b" outcome="Passed" testListId="8c84fa94-04c1-424b-9868-57a2d4851a1d" relativeResultsDirectory="65768801-6a93-4fa9-977e-8c4e9fbb5e5b">
    </UnitTestResult>
    <UnitTestResult executionId="f279fc40-f322-4457-adb1-d2b3e73fdf88" testId="8538b685-e301-b4f2-f6ec-7abb74e1fb4b" testName="should_return_accumulated_money" computerName="JUSTIN-LAPTOP" duration="00:00:00.0128490" startTime="2010-10-17T14:30:30.7715284-05:00" endTime="2010-10-17T14:30:30.7895294-05:00" testType="13cdc9d9-ddb5-4fa4-a97d-d965ccfc6d4b" outcome="Passed" testListId="8c84fa94-04c1-424b-9868-57a2d4851a1d" relativeResultsDirectory="f279fc40-f322-4457-adb1-d2b3e73fdf88">
    </UnitTestResult>
    <UnitTestResult executionId="164ce69c-ed7f-4ace-86cb-7dda32ce3573" testId="86374614-7da2-d70a-a3e6-d86ececa0915" testName="when_checking_user_level_and_zombie_kills_to_update_attributes_should_return_if_user_does_not_exist" computerName="JUSTIN-LAPTOP" duration="00:00:00.0066253" startTime="2010-10-17T14:30:30.7905294-05:00" endTime="2010-10-17T14:30:30.8015301-05:00" testType="13cdc9d9-ddb5-4fa4-a97d-d965ccfc6d4b" outcome="Passed" testListId="8c84fa94-04c1-424b-9868-57a2d4851a1d" relativeResultsDirectory="164ce69c-ed7f-4ace-86cb-7dda32ce3573">
    </UnitTestResult>
    <UnitTestResult executionId="58055fa5-50bd-404d-94c0-fa622ab15fff" testId="86693507-7b03-3b4f-52d7-489bc76e87d4" testName="should_return_energy_along_with_any_energy_increase_from_buying_many_of_the_same_item_with_no_items_in_safehouse" computerName="JUSTIN-LAPTOP" duration="00:00:00.0066929" startTime="2010-10-17T14:30:30.8025301-05:00" endTime="2010-10-17T14:30:30.8145308-05:00" testType="13cdc9d9-ddb5-4fa4-a97d-d965ccfc6d4b" outcome="Passed" testListId="8c84fa94-04c1-424b-9868-57a2d4851a1d" relativeResultsDirectory="58055fa5-50bd-404d-94c0-fa622ab15fff">
    </UnitTestResult>
    <UnitTestResult executionId="f2ad3ee4-587a-4374-a367-3aaa705e8307" testId="890ef093-5e72-8ed9-1c1c-1c73a74ec8fc" testName="should_set_user_current_base_attack" computerName="JUSTIN-LAPTOP" duration="00:00:00.0260117" startTime="2010-10-17T14:30:30.8165309-05:00" endTime="2010-10-17T14:30:30.8465326-05:00" testType="13cdc9d9-ddb5-4fa4-a97d-d965ccfc6d4b" outcome="Passed" testListId="8c84fa94-04c1-424b-9868-57a2d4851a1d" relativeResultsDirectory="f2ad3ee4-587a-4374-a367-3aaa705e8307">
    </UnitTestResult>
    <UnitTestResult executionId="735ed47b-3ad8-41a8-a0e4-41f32c7007b7" testId="8ca88260-b717-95ca-37eb-ce8b3138fe45" testName="should_update_last_visited_hotzone_for_user" computerName="JUSTIN-LAPTOP" duration="00:00:00.0362936" startTime="2010-10-17T14:30:30.8475327-05:00" endTime="2010-10-17T14:30:30.8885350-05:00" testType="13cdc9d9-ddb5-4fa4-a97d-d965ccfc6d4b" outcome="Passed" testListId="8c84fa94-04c1-424b-9868-57a2d4851a1d" relativeResultsDirectory="735ed47b-3ad8-41a8-a0e4-41f32c7007b7">
    </UnitTestResult>
    <UnitTestResult executionId="9612e847-009f-461c-9fe9-735aa23b189a" testId="8cca1161-4d2c-f0a6-91e9-079cbe2f9201" testName="should_return_achievement_for_destroying_100_zombie_packs" computerName="JUSTIN-LAPTOP" duration="00:00:00.0020216" startTime="2010-10-17T14:30:30.8915352-05:00" endTime="2010-10-17T14:30:30.8975356-05:00" testType="13cdc9d9-ddb5-4fa4-a97d-d965ccfc6d4b" outcome="Passed" testListId="8c84fa94-04c1-424b-9868-57a2d4851a1d" relativeResultsDirectory="9612e847-009f-461c-9fe9-735aa23b189a">
    </UnitTestResult>
    <UnitTestResult executionId="d2fecb3e-a9a2-4e5d-9359-341875d84739" testId="8d764dc0-19cc-25ef-1223-85c01764c701" testName="should_return_achievement_for_killing_1000000_zombies" computerName="JUSTIN-LAPTOP" duration="00:00:00.0015896" startTime="2010-10-17T14:30:30.9055360-05:00" endTime="2010-10-17T14:30:30.9125364-05:00" testType="13cdc9d9-ddb5-4fa4-a97d-d965ccfc6d4b" outcome="Passed" testListId="8c84fa94-04c1-424b-9868-57a2d4851a1d" relativeResultsDirectory="d2fecb3e-a9a2-4e5d-9359-341875d84739">
    </UnitTestResult>
    <UnitTestResult executionId="bacb2daa-471c-461d-9ade-d4fead6c72a7" testId="8f46b492-6eff-ef62-7327-4eb38c11c2ef" testName="should_calculate_southern_point" computerName="JUSTIN-LAPTOP" duration="00:00:00.0005044" startTime="2010-10-17T14:30:30.9155366-05:00" endTime="2010-10-17T14:30:30.9195368-05:00" testType="13cdc9d9-ddb5-4fa4-a97d-d965ccfc6d4b" outcome="Passed" testListId="8c84fa94-04c1-424b-9868-57a2d4851a1d" relativeResultsDirectory="bacb2daa-471c-461d-9ade-d4fead6c72a7">
    </UnitTestResult>
    <UnitTestResult executionId="f1856616-85c9-4fed-9f3f-27f2a243a2ba" testId="9091ae17-a6a8-ad22-153b-b3d1f20f3512" testName="should_return_base_sight_radius_plus_any_equiped_items_that_affect_sight_radius" computerName="JUSTIN-LAPTOP" duration="00:00:00.0059753" startTime="2010-10-17T14:30:30.9255372-05:00" endTime="2010-10-17T14:30:30.9365378-05:00" testType="13cdc9d9-ddb5-4fa4-a97d-d965ccfc6d4b" outcome="Passed" testListId="8c84fa94-04c1-424b-9868-57a2d4851a1d" relativeResultsDirectory="f1856616-85c9-4fed-9f3f-27f2a243a2ba">
    </UnitTestResult>
    <UnitTestResult executionId="27270a51-b7f1-48bc-ac70-0a6695c5af6a" testId="948eaf49-3d62-1046-def5-d76ed8415a60" testName="should_retrieve_all_safe_houses_within_radius" computerName="JUSTIN-LAPTOP" duration="00:00:00.0514751" startTime="2010-10-17T14:30:30.9375379-05:00" endTime="2010-10-17T14:30:30.9935411-05:00" testType="13cdc9d9-ddb5-4fa4-a97d-d965ccfc6d4b" outcome="Passed" testListId="8c84fa94-04c1-424b-9868-57a2d4851a1d" relativeResultsDirectory="27270a51-b7f1-48bc-ac70-0a6695c5af6a">
    </UnitTestResult>
    <UnitTestResult executionId="60bfbb9d-fae1-4073-9328-cf968b5f3f7d" testId="95004e80-f255-f931-0117-595d4516dea1" testName="should_return_zombie_packs_destroyed" computerName="JUSTIN-LAPTOP" duration="00:00:00.0144861" startTime="2010-10-17T14:30:30.9995414-05:00" endTime="2010-10-17T14:30:31.0185425-05:00" testType="13cdc9d9-ddb5-4fa4-a97d-d965ccfc6d4b" outcome="Passed" testListId="8c84fa94-04c1-424b-9868-57a2d4851a1d" relativeResultsDirectory="60bfbb9d-fae1-4073-9328-cf968b5f3f7d">
    </UnitTestResult>
    <UnitTestResult executionId="2e230d22-0d26-418c-8894-6e80d318dd28" testId="95252275-5d7e-5275-9816-a53a17373eae" testName="should_return_calcuated_sight_radius_for_user_based_on_minutes_passed_since_last_saved_sight_radius" computerName="JUSTIN-LAPTOP" duration="00:00:00.0062533" startTime="2010-10-17T14:30:31.0215427-05:00" endTime="2010-10-17T14:30:31.0315432-05:00" testType="13cdc9d9-ddb5-4fa4-a97d-d965ccfc6d4b" outcome="Passed" testListId="8c84fa94-04c1-424b-9868-57a2d4851a1d" relativeResultsDirectory="2e230d22-0d26-418c-8894-6e80d318dd28">
    </UnitTestResult>
    <UnitTestResult executionId="71862e17-e03d-430c-a752-0b9af02be876" testId="95c19639-802d-b1a1-d6b5-8e055a02797d" testName="should_return_achievement_for_killing_10000_zombies" computerName="JUSTIN-LAPTOP" duration="00:00:00.0014490" startTime="2010-10-17T14:30:31.0365435-05:00" endTime="2010-10-17T14:30:31.0445440-05:00" testType="13cdc9d9-ddb5-4fa4-a97d-d965ccfc6d4b" outcome="Passed" testListId="8c84fa94-04c1-424b-9868-57a2d4851a1d" relativeResultsDirectory="71862e17-e03d-430c-a752-0b9af02be876">
    </UnitTestResult>
    <UnitTestResult executionId="f43a79f1-6b88-4e94-bd54-77e70e1db164" testId="95fac6cd-cd0a-1020-088f-f907c1eb2032" testName="should_set_base_line_for_users_max_potential_if_last_hotzone_visited_is_null" computerName="JUSTIN-LAPTOP" duration="00:00:00.0138705" startTime="2010-10-17T14:30:31.0475441-05:00" endTime="2010-10-17T14:30:31.0655452-05:00" testType="13cdc9d9-ddb5-4fa4-a97d-d965ccfc6d4b" outcome="Passed" testListId="8c84fa94-04c1-424b-9868-57a2d4851a1d" relativeResultsDirectory="f43a79f1-6b88-4e94-bd54-77e70e1db164">
    </UnitTestResult>
    <UnitTestResult executionId="210b6cd0-8eed-4213-9a43-002d51ab4773" testId="9654d44e-cffe-084f-c793-37a48f54fd16" testName="should_retrieve_safe_houses_associated_with_hotzone" computerName="JUSTIN-LAPTOP" duration="00:00:00.0270373" startTime="2010-10-17T14:30:31.0675453-05:00" endTime="2010-10-17T14:30:31.1005472-05:00" testType="13cdc9d9-ddb5-4fa4-a97d-d965ccfc6d4b" outcome="Passed" testListId="8c84fa94-04c1-424b-9868-57a2d4851a1d" relativeResultsDirectory="210b6cd0-8eed-4213-9a43-002d51ab4773">
    </UnitTestResult>
    <UnitTestResult executionId="791259e5-b595-4585-8600-dcb755e0d73e" testId="9829ccd4-7897-563f-fa8f-058ccd4d2394" testName="should_return_null_if_user_does_not_exist" computerName="JUSTIN-LAPTOP" duration="00:00:00.0190910" startTime="2010-10-17T14:30:31.1015472-05:00" endTime="2010-10-17T14:30:31.1245485-05:00" testType="13cdc9d9-ddb5-4fa4-a97d-d965ccfc6d4b" outcome="Passed" testListId="8c84fa94-04c1-424b-9868-57a2d4851a1d" relativeResultsDirectory="791259e5-b595-4585-8600-dcb755e0d73e">
    </UnitTestResult>
    <UnitTestResult executionId="da8193bc-3335-4628-b623-2ce31594b643" testId="986c501e-f914-4dd0-53c3-b0c1bdfdf5be" testName="should_return_true_if_hotzone_exists" computerName="JUSTIN-LAPTOP" duration="00:00:00.0324809" startTime="2010-10-17T14:30:31.1265487-05:00" endTime="2010-10-17T14:30:31.1625507-05:00" testType="13cdc9d9-ddb5-4fa4-a97d-d965ccfc6d4b" outcome="Passed" testListId="8c84fa94-04c1-424b-9868-57a2d4851a1d" relativeResultsDirectory="da8193bc-3335-4628-b623-2ce31594b643">
    </UnitTestResult>
    <UnitTestResult executionId="7da044da-06d1-41b8-8b6c-6ce311fff249" testId="99355754-b969-f315-3b5a-88e1622f783a" testName="should_set_last_energy_date_to_datetimenow_if_its_null_but_last_energy_isnt" computerName="JUSTIN-LAPTOP" duration="00:00:00.0337116" startTime="2010-10-17T14:30:31.1645508-05:00" endTime="2010-10-17T14:30:31.2025530-05:00" testType="13cdc9d9-ddb5-4fa4-a97d-d965ccfc6d4b" outcome="Passed" testListId="8c84fa94-04c1-424b-9868-57a2d4851a1d" relativeResultsDirectory="7da044da-06d1-41b8-8b6c-6ce311fff249">
    </UnitTestResult>
    <UnitTestResult executionId="9665e38d-4a14-46a0-beaf-6bf935e806b0" testId="99d5bdbd-2ac1-c2dd-bd8e-ff998f163943" testName="should_disregard_creation_if_user_already_exists_for_facebookId" computerName="JUSTIN-LAPTOP" duration="00:00:00.0056280" startTime="2010-10-17T14:30:31.2035531-05:00" endTime="2010-10-17T14:30:31.2145537-05:00" testType="13cdc9d9-ddb5-4fa4-a97d-d965ccfc6d4b" outcome="Passed" testListId="8c84fa94-04c1-424b-9868-57a2d4851a1d" relativeResultsDirectory="9665e38d-4a14-46a0-beaf-6bf935e806b0">
    </UnitTestResult>
    <UnitTestResult executionId="f30c27b4-33f4-4883-b548-f0ce6646d0bd" testId="9a78eead-dd54-3b88-317e-c7ec25cf0f93" testName="should_throw_error_if_trying_update_user_level_and_user_does_not_exist" computerName="JUSTIN-LAPTOP" duration="00:00:00.0223959" startTime="2010-10-17T14:30:31.2155538-05:00" endTime="2010-10-17T14:30:31.2435554-05:00" testType="13cdc9d9-ddb5-4fa4-a97d-d965ccfc6d4b" outcome="Passed" testListId="8c84fa94-04c1-424b-9868-57a2d4851a1d" relativeResultsDirectory="f30c27b4-33f4-4883-b548-f0ce6646d0bd">
    </UnitTestResult>
    <UnitTestResult executionId="4bef2fbf-7cc0-4c18-9f89-18180a8dfc95" testId="9a7f21c9-61b5-30cc-38aa-34a79b6a0201" testName="should_take_into_consideration_equipped_items_when_determining_max_energy" computerName="JUSTIN-LAPTOP" duration="00:00:00.0086011" startTime="2010-10-17T14:30:31.2445554-05:00" endTime="2010-10-17T14:30:31.2575562-05:00" testType="13cdc9d9-ddb5-4fa4-a97d-d965ccfc6d4b" outcome="Passed" testListId="8c84fa94-04c1-424b-9868-57a2d4851a1d" relativeResultsDirectory="4bef2fbf-7cc0-4c18-9f89-18180a8dfc95">
    </UnitTestResult>
    <UnitTestResult executionId="33bbc630-5186-49e1-8a40-6dde5e715a09" testId="9c6c437e-182b-5735-6616-67dd466d97ca" testName="should_return_if_item_is_not_one_time_use_item" computerName="JUSTIN-LAPTOP" duration="00:00:00.0074564" startTime="2010-10-17T14:30:31.2585562-05:00" endTime="2010-10-17T14:30:31.2705569-05:00" testType="13cdc9d9-ddb5-4fa4-a97d-d965ccfc6d4b" outcome="Passed" testListId="8c84fa94-04c1-424b-9868-57a2d4851a1d" relativeResultsDirectory="33bbc630-5186-49e1-8a40-6dde5e715a09">
    </UnitTestResult>
    <UnitTestResult executionId="95c1a676-79e5-4774-be1d-0ce61e16376d" testId="9d65c075-cd74-d595-76f3-d465e66be801" testName="should_return_true_if_item_does_exist" computerName="JUSTIN-LAPTOP" duration="00:00:00.0279214" startTime="2010-10-17T14:30:31.2715570-05:00" endTime="2010-10-17T14:30:31.3035588-05:00" testType="13cdc9d9-ddb5-4fa4-a97d-d965ccfc6d4b" outcome="Passed" testListId="8c84fa94-04c1-424b-9868-57a2d4851a1d" relativeResultsDirectory="95c1a676-79e5-4774-be1d-0ce61e16376d">
    </UnitTestResult>
    <UnitTestResult executionId="883a4b3b-884c-4767-a7cd-538b4011144f" testId="9d81df93-5250-1a02-c112-738e62d8d757" testName="should_return_null_if_zombie_pack_does_not_exist" computerName="JUSTIN-LAPTOP" duration="00:00:00.0182226" startTime="2010-10-17T14:30:31.3055589-05:00" endTime="2010-10-17T14:30:31.3285602-05:00" testType="13cdc9d9-ddb5-4fa4-a97d-d965ccfc6d4b" outcome="Passed" testListId="8c84fa94-04c1-424b-9868-57a2d4851a1d" relativeResultsDirectory="883a4b3b-884c-4767-a7cd-538b4011144f">
    </UnitTestResult>
    <UnitTestResult executionId="bbbcfebf-006a-4d15-a83c-4338d4e2bfdf" testId="9dde4be1-7360-a906-9538-025b609b4796" testName="should_set_last_sight_radius_date_to_datetimenow_if_its_null_but_last_sight_radius_isnt" computerName="JUSTIN-LAPTOP" duration="00:00:00.0243174" startTime="2010-10-17T14:30:31.3295603-05:00" endTime="2010-10-17T14:30:31.3575619-05:00" testType="13cdc9d9-ddb5-4fa4-a97d-d965ccfc6d4b" outcome="Passed" testListId="8c84fa94-04c1-424b-9868-57a2d4851a1d" relativeResultsDirectory="bbbcfebf-006a-4d15-a83c-4338d4e2bfdf">
    </UnitTestResult>
    <UnitTestResult executionId="84e79d62-f8d7-4661-a1bd-2ec4a4e736aa" testId="9e0a45ef-94e7-5d2e-296e-d43084cdb72d" testName="should_set_energy_to_100_for_user_who_exists_but_does_not_have_a_max_energy_value" computerName="JUSTIN-LAPTOP" duration="00:00:00.0075062" startTime="2010-10-17T14:30:31.3595620-05:00" endTime="2010-10-17T14:30:31.3725627-05:00" testType="13cdc9d9-ddb5-4fa4-a97d-d965ccfc6d4b" outcome="Passed" testListId="8c84fa94-04c1-424b-9868-57a2d4851a1d" relativeResultsDirectory="84e79d62-f8d7-4661-a1bd-2ec4a4e736aa">
    </UnitTestResult>
    <UnitTestResult executionId="c2cf261d-766b-414f-ab51-bdd36e2ae13b" testId="9e682854-c61c-e4ee-d65c-e57b13656d39" testName="should_not_hunt_if_zombie_pack_doesnt_exist" computerName="JUSTIN-LAPTOP" duration="00:00:00.0043625" startTime="2010-10-17T14:30:31.3745628-05:00" endTime="2010-10-17T14:30:31.3845634-05:00" testType="13cdc9d9-ddb5-4fa4-a97d-d965ccfc6d4b" outcome="Passed" testListId="8c84fa94-04c1-424b-9868-57a2d4851a1d" relativeResultsDirectory="c2cf261d-766b-414f-ab51-bdd36e2ae13b">
    </UnitTestResult>
    <UnitTestResult executionId="3d7432d4-e044-4d39-b5a2-4dea4ef9eba2" testId="9f145708-6c3c-b063-e40e-7d892e8c9ec8" testName="should_return_null_if_single_hotzone_doesnt_exist" computerName="JUSTIN-LAPTOP" duration="00:00:00.0336066" startTime="2010-10-17T14:30:31.3855635-05:00" endTime="2010-10-17T14:30:31.4255658-05:00" testType="13cdc9d9-ddb5-4fa4-a97d-d965ccfc6d4b" outcome="Passed" testListId="8c84fa94-04c1-424b-9868-57a2d4851a1d" relativeResultsDirectory="3d7432d4-e044-4d39-b5a2-4dea4ef9eba2">
    </UnitTestResult>
    <UnitTestResult executionId="9db4ec8f-6980-4bde-a107-20316b6e9ca5" testId="9f650caf-3801-3ddc-df66-451ef0461b2d" testName="should_return_0_if_user_does_not_exist" computerName="JUSTIN-LAPTOP" duration="00:00:00.0026886" startTime="2010-10-17T14:30:31.4275659-05:00" endTime="2010-10-17T14:30:31.4355663-05:00" testType="13cdc9d9-ddb5-4fa4-a97d-d965ccfc6d4b" outcome="Passed" testListId="8c84fa94-04c1-424b-9868-57a2d4851a1d" relativeResultsDirectory="9db4ec8f-6980-4bde-a107-20316b6e9ca5">
    </UnitTestResult>
    <UnitTestResult executionId="d191e321-43fb-46a5-8cef-ef2e1ea63e74" testId="a082c5ab-9e9e-f9a3-c9b1-3688e77d4b93" testName="should_throw_error_when_returning_last_visited_hotzone_if_user_doesnt_exist" computerName="JUSTIN-LAPTOP" duration="00:00:00.0191623" startTime="2010-10-17T14:30:31.4365664-05:00" endTime="2010-10-17T14:30:31.4635679-05:00" testType="13cdc9d9-ddb5-4fa4-a97d-d965ccfc6d4b" outcome="Passed" testListId="8c84fa94-04c1-424b-9868-57a2d4851a1d" relativeResultsDirectory="d191e321-43fb-46a5-8cef-ef2e1ea63e74">
    </UnitTestResult>
    <UnitTestResult executionId="29f19742-4d2e-4bbe-a015-8c56200821e8" testId="a2865b2e-10f7-d550-33c8-b7ec8623e85f" testName="should_set_last_saved_sight_radius_to_base_sight_radius_if_last_saved_radius_does_not_exist" computerName="JUSTIN-LAPTOP" duration="00:00:00.0063104" startTime="2010-10-17T14:30:31.4655681-05:00" endTime="2010-10-17T14:30:31.4805689-05:00" testType="13cdc9d9-ddb5-4fa4-a97d-d965ccfc6d4b" outcome="Passed" testListId="8c84fa94-04c1-424b-9868-57a2d4851a1d" relativeResultsDirectory="29f19742-4d2e-4bbe-a015-8c56200821e8">
    </UnitTestResult>
    <UnitTestResult executionId="3a398ffd-5267-4bff-aecd-40d99aaa2239" testId="a2cd0fe1-b87c-c070-6665-87346857dbcd" testName="given_user_has_money_and_items_in_safe_house_and_can_buy_items_should_return_the_energy_that_is_greater_between_safehouse_items_and_store_items" computerName="JUSTIN-LAPTOP" duration="00:00:00.0066325" startTime="2010-10-17T14:30:31.4825690-05:00" endTime="2010-10-17T14:30:31.4925696-05:00" testType="13cdc9d9-ddb5-4fa4-a97d-d965ccfc6d4b" outcome="Passed" testListId="8c84fa94-04c1-424b-9868-57a2d4851a1d" relativeResultsDirectory="3a398ffd-5267-4bff-aecd-40d99aaa2239">
    </UnitTestResult>
    <UnitTestResult executionId="cc121f79-2dee-4b03-aea0-95b9f991249a" testId="a4df90b5-6a65-c11c-9306-ae984a6862f3" testName="should_return_achievement_for_peak_zombies_100" computerName="JUSTIN-LAPTOP" duration="00:00:00.0013890" startTime="2010-10-17T14:30:31.4945697-05:00" endTime="2010-10-17T14:30:31.5015701-05:00" testType="13cdc9d9-ddb5-4fa4-a97d-d965ccfc6d4b" outcome="Passed" testListId="8c84fa94-04c1-424b-9868-57a2d4851a1d" relativeResultsDirectory="cc121f79-2dee-4b03-aea0-95b9f991249a">
    </UnitTestResult>
    <UnitTestResult executionId="1d911569-a79b-433e-8240-f6bf8dbf8f45" testId="a4e874d3-81be-9f49-2511-92f0df88cee7" testName="should_throw_exception_when_returning_baseline_energy_for_user_that_doesnt_exist" computerName="JUSTIN-LAPTOP" duration="00:00:00.0202523" startTime="2010-10-17T14:30:31.5025702-05:00" endTime="2010-10-17T14:30:31.5265715-05:00" testType="13cdc9d9-ddb5-4fa4-a97d-d965ccfc6d4b" outcome="Passed" testListId="8c84fa94-04c1-424b-9868-57a2d4851a1d" relativeResultsDirectory="1d911569-a79b-433e-8240-f6bf8dbf8f45">
    </UnitTestResult>
    <UnitTestResult executionId="85b08b3d-eb45-44e1-a0da-1293b06202b9" testId="a5d1a057-084a-abb3-2d76-06c401ccb8d8" testName="should_return_false_if_store_does_not_exist" computerName="JUSTIN-LAPTOP" duration="00:00:00.0213553" startTime="2010-10-17T14:30:31.5275716-05:00" endTime="2010-10-17T14:30:31.5545731-05:00" testType="13cdc9d9-ddb5-4fa4-a97d-d965ccfc6d4b" outcome="Passed" testListId="8c84fa94-04c1-424b-9868-57a2d4851a1d" relativeResultsDirectory="85b08b3d-eb45-44e1-a0da-1293b06202b9">
    </UnitTestResult>
    <UnitTestResult executionId="107e9142-b0ed-401e-b662-6433318631b2" testId="a6b9a5f6-83d7-1eba-5a05-ac8e16d1f134" testName="should_retrieve_users_current_level" computerName="JUSTIN-LAPTOP" duration="00:00:00.0301501" startTime="2010-10-17T14:30:31.5555732-05:00" endTime="2010-10-17T14:30:31.5905752-05:00" testType="13cdc9d9-ddb5-4fa4-a97d-d965ccfc6d4b" outcome="Passed" testListId="8c84fa94-04c1-424b-9868-57a2d4851a1d" relativeResultsDirectory="107e9142-b0ed-401e-b662-6433318631b2">
    </UnitTestResult>
    <UnitTestResult executionId="591d9812-2de2-4faf-b4e6-ee3d493ff65d" testId="a7658188-1d86-06a8-b6f3-6e5c757f83b4" testName="should_set_user_level" computerName="JUSTIN-LAPTOP" duration="00:00:00.0263865" startTime="2010-10-17T14:30:31.5915753-05:00" endTime="2010-10-17T14:30:31.6235771-05:00" testType="13cdc9d9-ddb5-4fa4-a97d-d965ccfc6d4b" outcome="Passed" testListId="8c84fa94-04c1-424b-9868-57a2d4851a1d" relativeResultsDirectory="591d9812-2de2-4faf-b4e6-ee3d493ff65d">
    </UnitTestResult>
    <UnitTestResult executionId="a2a8772d-1346-477d-9650-96c9631169f6" testId="a7c3501c-4b66-95e5-cfa7-a3027a1486c4" testName="should_return_current_zombie_pack_progress_if_user_has_already_visited_zombie_pack" computerName="JUSTIN-LAPTOP" duration="00:00:00.0075090" startTime="2010-10-17T14:30:31.6255772-05:00" endTime="2010-10-17T14:30:31.6385779-05:00" testType="13cdc9d9-ddb5-4fa4-a97d-d965ccfc6d4b" outcome="Passed" testListId="8c84fa94-04c1-424b-9868-57a2d4851a1d" relativeResultsDirectory="a2a8772d-1346-477d-9650-96c9631169f6">
    </UnitTestResult>
    <UnitTestResult executionId="ae31ecbb-8796-4430-a4a0-f212ed3d8910" testId="a882d58c-8888-fab1-21e4-618bb71ae1ce" testName="should_retrieve_stores_associated_with_hotzone" computerName="JUSTIN-LAPTOP" duration="00:00:00.0241959" startTime="2010-10-17T14:30:31.6395780-05:00" endTime="2010-10-17T14:30:31.6695797-05:00" testType="13cdc9d9-ddb5-4fa4-a97d-d965ccfc6d4b" outcome="Passed" testListId="8c84fa94-04c1-424b-9868-57a2d4851a1d" relativeResultsDirectory="ae31ecbb-8796-4430-a4a0-f212ed3d8910">
    </UnitTestResult>
    <UnitTestResult executionId="3ce38829-7a8b-4793-bfc4-a9b03cf2e909" testId="a92236ed-a367-c7c7-0a25-b11ae709bcb3" testName="should_throw_error_when_returning_user_energy_and_user_doesnt_exist" computerName="JUSTIN-LAPTOP" duration="00:00:00.0190099" startTime="2010-10-17T14:30:31.6705798-05:00" endTime="2010-10-17T14:30:31.6935811-05:00" testType="13cdc9d9-ddb5-4fa4-a97d-d965ccfc6d4b" outcome="Passed" testListId="8c84fa94-04c1-424b-9868-57a2d4851a1d" relativeResultsDirectory="3ce38829-7a8b-4793-bfc4-a9b03cf2e909">
    </UnitTestResult>
    <UnitTestResult executionId="96b81b66-7235-4a80-87d2-456caf0b71b2" testId="a95e4141-d767-b753-e492-b99e6f8ee705" testName="should_return_all_zombie_packs_in_radius" computerName="JUSTIN-LAPTOP" duration="00:00:00.0378128" startTime="2010-10-17T14:30:31.6955812-05:00" endTime="2010-10-17T14:30:31.7385837-05:00" testType="13cdc9d9-ddb5-4fa4-a97d-d965ccfc6d4b" outcome="Passed" testListId="8c84fa94-04c1-424b-9868-57a2d4851a1d" relativeResultsDirectory="96b81b66-7235-4a80-87d2-456caf0b71b2">
    </UnitTestResult>
    <UnitTestResult executionId="fa6d40b2-39cc-4077-b57b-0569a5c2978c" testId="aac835be-7dca-bf39-4e90-f32eb9f2669d" testName="should_throw_error_when_returning_money_if_user_does_not_exist" computerName="JUSTIN-LAPTOP" duration="00:00:00.0202778" startTime="2010-10-17T14:30:31.7395837-05:00" endTime="2010-10-17T14:30:31.7645852-05:00" testType="13cdc9d9-ddb5-4fa4-a97d-d965ccfc6d4b" outcome="Passed" testListId="8c84fa94-04c1-424b-9868-57a2d4851a1d" relativeResultsDirectory="fa6d40b2-39cc-4077-b57b-0569a5c2978c">
    </UnitTestResult>
    <UnitTestResult executionId="b3dfe539-ba6d-4f8e-87a1-3dcd4b78206c" testId="aaf613d0-debf-b348-f6a8-625b151b543d" testName="should_save_user_max_energy" computerName="JUSTIN-LAPTOP" duration="00:00:00.0198908" startTime="2010-10-17T14:30:31.7665853-05:00" endTime="2010-10-17T14:30:31.7925868-05:00" testType="13cdc9d9-ddb5-4fa4-a97d-d965ccfc6d4b" outcome="Passed" testListId="8c84fa94-04c1-424b-9868-57a2d4851a1d" relativeResultsDirectory="b3dfe539-ba6d-4f8e-87a1-3dcd4b78206c">
    </UnitTestResult>
    <UnitTestResult executionId="43d87b66-62bf-473e-b4aa-4b196d15a5e9" testId="abb8373c-7671-9802-6d68-5c17e7124ebd" testName="should_record_hotzone_destoryed_if_hunting_cleared_hotzone" computerName="JUSTIN-LAPTOP" duration="00:00:00.0156531" startTime="2010-10-17T14:30:31.7955869-05:00" endTime="2010-10-17T14:30:31.8165881-05:00" testType="13cdc9d9-ddb5-4fa4-a97d-d965ccfc6d4b" outcome="Passed" testListId="8c84fa94-04c1-424b-9868-57a2d4851a1d" relativeResultsDirectory="43d87b66-62bf-473e-b4aa-4b196d15a5e9">
    </UnitTestResult>
    <UnitTestResult executionId="d122118c-274e-4f45-a7be-c5b10322afee" testId="ac6fd380-aa69-7042-79c1-72e377d208c7" testName="should_update_users_zone_id_if_user_is_at_a_zombie_pack_location" computerName="JUSTIN-LAPTOP" duration="00:00:00.0141331" startTime="2010-10-17T14:30:31.8195883-05:00" endTime="2010-10-17T14:30:31.8395894-05:00" testType="13cdc9d9-ddb5-4fa4-a97d-d965ccfc6d4b" outcome="Passed" testListId="8c84fa94-04c1-424b-9868-57a2d4851a1d" relativeResultsDirectory="d122118c-274e-4f45-a7be-c5b10322afee">
    </UnitTestResult>
    <UnitTestResult executionId="a220b9a8-64ce-4cbb-9014-0ae4069a55f5" testId="af74033c-8ac7-9c6c-bed1-b5a7d2c06950" testName="should_set_latitude_longitude_position_for_hotzone" computerName="JUSTIN-LAPTOP" duration="00:00:00.0058468" startTime="2010-10-17T14:30:31.8435897-05:00" endTime="2010-10-17T14:30:31.8535902-05:00" testType="13cdc9d9-ddb5-4fa4-a97d-d965ccfc6d4b" outcome="Passed" testListId="8c84fa94-04c1-424b-9868-57a2d4851a1d" relativeResultsDirectory="a220b9a8-64ce-4cbb-9014-0ae4069a55f5">
    </UnitTestResult>
    <UnitTestResult executionId="666f6095-f4dc-4beb-b3b8-968146165bf1" testId="b0037f39-501d-0ae0-4207-fd773fffa4a6" testName="should_return_energy_along_with_any_energy_increase_from_buying_different_items_and_no_items_in_safehouse" computerName="JUSTIN-LAPTOP" duration="00:00:00.0068639" startTime="2010-10-17T14:30:31.8605906-05:00" endTime="2010-10-17T14:30:31.8725913-05:00" testType="13cdc9d9-ddb5-4fa4-a97d-d965ccfc6d4b" outcome="Passed" testListId="8c84fa94-04c1-424b-9868-57a2d4851a1d" relativeResultsDirectory="666f6095-f4dc-4beb-b3b8-968146165bf1">
    </UnitTestResult>
    <UnitTestResult executionId="7efd6a78-9fcd-4a61-bd15-34d0399ef591" testId="b16bd29a-b3d8-bf0d-809b-edcc4ff2fca0" testName="should_return_hotzone_as_cleared" computerName="JUSTIN-LAPTOP" duration="00:00:00.0690907" startTime="2010-10-17T14:30:31.8735914-05:00" endTime="2010-10-17T14:30:31.9465956-05:00" testType="13cdc9d9-ddb5-4fa4-a97d-d965ccfc6d4b" outcome="Passed" testListId="8c84fa94-04c1-424b-9868-57a2d4851a1d" relativeResultsDirectory="7efd6a78-9fcd-4a61-bd15-34d0399ef591">
    </UnitTestResult>
    <UnitTestResult executionId="9859d0fe-2381-427e-a247-85f2de46b4ef" testId="b18d1727-ecb0-0941-0114-d84e798714f5" testName="should_return_a_hunt_count_of_10_to_15_if_resolved_as_an_medium_hotzone" computerName="JUSTIN-LAPTOP" duration="00:00:00.0106175" startTime="2010-10-17T14:30:31.9475956-05:00" endTime="2010-10-17T14:30:31.9635965-05:00" testType="13cdc9d9-ddb5-4fa4-a97d-d965ccfc6d4b" outcome="Passed" testListId="8c84fa94-04c1-424b-9868-57a2d4851a1d" relativeResultsDirectory="9859d0fe-2381-427e-a247-85f2de46b4ef">
    </UnitTestResult>
    <UnitTestResult executionId="609b68c0-ba3f-4e79-b759-779e22b03f61" testId="b25aa57b-bb9a-f05f-4179-18f54e514dcd" testName="should_change_users_energy_if_item_has_energy_attribute_not_equal_to_zero" computerName="JUSTIN-LAPTOP" duration="00:00:00.0092871" startTime="2010-10-17T14:30:31.9645966-05:00" endTime="2010-10-17T14:30:31.9785974-05:00" testType="13cdc9d9-ddb5-4fa4-a97d-d965ccfc6d4b" outcome="Passed" testListId="8c84fa94-04c1-424b-9868-57a2d4851a1d" relativeResultsDirectory="609b68c0-ba3f-4e79-b759-779e22b03f61">
    </UnitTestResult>
    <UnitTestResult executionId="a023c0cc-b40f-4e62-a8f1-c36cf61390de" testId="b28183ac-a700-53c3-0c4c-4c663c3d39eb" testName="should_set_to_max_energy_if_item_energy_is_greater_than_max" computerName="JUSTIN-LAPTOP" duration="00:00:00.0089998" startTime="2010-10-17T14:30:31.9795975-05:00" endTime="2010-10-17T14:30:31.9935983-05:00" testType="13cdc9d9-ddb5-4fa4-a97d-d965ccfc6d4b" outcome="Passed" testListId="8c84fa94-04c1-424b-9868-57a2d4851a1d" relativeResultsDirectory="a023c0cc-b40f-4e62-a8f1-c36cf61390de">
    </UnitTestResult>
    <UnitTestResult executionId="b8dc199c-bfb3-4b5f-8dd7-576cf005bb1b" testId="b32170cc-6301-2795-2015-78cba1f92dc0" testName="should_return_0_for_energy_if_user_does_not_exist" computerName="JUSTIN-LAPTOP" duration="00:00:00.0039853" startTime="2010-10-17T14:30:31.9945983-05:00" endTime="2010-10-17T14:30:32.0025988-05:00" testType="13cdc9d9-ddb5-4fa4-a97d-d965ccfc6d4b" outcome="Passed" testListId="8c84fa94-04c1-424b-9868-57a2d4851a1d" relativeResultsDirectory="b8dc199c-bfb3-4b5f-8dd7-576cf005bb1b">
    </UnitTestResult>
    <UnitTestResult executionId="1b7911f9-04bb-42f4-b5a3-d7998a290dfb" testId="b3df8862-1b3b-daec-78d1-26c8d0d4c769" testName="should_set_peak_attack_if_greater_than_whats_currently_saved" computerName="JUSTIN-LAPTOP" duration="00:00:00.0200505" startTime="2010-10-17T14:30:32.0035988-05:00" endTime="2010-10-17T14:30:32.0286003-05:00" testType="13cdc9d9-ddb5-4fa4-a97d-d965ccfc6d4b" outcome="Passed" testListId="8c84fa94-04c1-424b-9868-57a2d4851a1d" relativeResultsDirectory="1b7911f9-04bb-42f4-b5a3-d7998a290dfb">
    </UnitTestResult>
    <UnitTestResult executionId="09b491dc-c6d4-4a15-80f9-59fedb3057a1" testId="b3e73d9f-e8d5-d40e-f226-223e65b83b5c" testName="should_return_false_if_facebook_user_doesnt_exist" computerName="JUSTIN-LAPTOP" duration="00:00:00.0193122" startTime="2010-10-17T14:30:32.0296003-05:00" endTime="2010-10-17T14:30:32.0546017-05:00" testType="13cdc9d9-ddb5-4fa4-a97d-d965ccfc6d4b" outcome="Passed" testListId="8c84fa94-04c1-424b-9868-57a2d4851a1d" relativeResultsDirectory="09b491dc-c6d4-4a15-80f9-59fedb3057a1">
    </UnitTestResult>
    <UnitTestResult executionId="892cd7f4-9626-43ab-aa48-1f9d8725b19f" testId="b56cc93a-1a34-87ca-906c-3850d1ae7b74" testName="should_disregard_safehouse_items_that_are_one_use" computerName="JUSTIN-LAPTOP" duration="00:00:00.0064360" startTime="2010-10-17T14:30:32.0556018-05:00" endTime="2010-10-17T14:30:32.0666024-05:00" testType="13cdc9d9-ddb5-4fa4-a97d-d965ccfc6d4b" outcome="Passed" testListId="8c84fa94-04c1-424b-9868-57a2d4851a1d" relativeResultsDirectory="892cd7f4-9626-43ab-aa48-1f9d8725b19f">
    </UnitTestResult>
    <UnitTestResult executionId="58d79610-2f7d-4c94-abfb-258489b15813" testId="b5bf2f35-dde6-66e3-7545-0164ceb4c3bb" testName="should_disregard_one_use_items_that_can_be_bought" computerName="JUSTIN-LAPTOP" duration="00:00:00.0065912" startTime="2010-10-17T14:30:32.0676025-05:00" endTime="2010-10-17T14:30:32.0796032-05:00" testType="13cdc9d9-ddb5-4fa4-a97d-d965ccfc6d4b" outcome="Passed" testListId="8c84fa94-04c1-424b-9868-57a2d4851a1d" relativeResultsDirectory="58d79610-2f7d-4c94-abfb-258489b15813">
    </UnitTestResult>
    <UnitTestResult executionId="974332ec-c4f5-42a0-83ac-704bed9bcfbb" testId="b60197de-ab24-075d-fbab-bf70fa600887" testName="should_return_falise_if_user_zombie_pack_progress_does_not_exist" computerName="JUSTIN-LAPTOP" duration="00:00:00.0406554" startTime="2010-10-17T14:30:32.0806032-05:00" endTime="2010-10-17T14:30:32.1266059-05:00" testType="13cdc9d9-ddb5-4fa4-a97d-d965ccfc6d4b" outcome="Passed" testListId="8c84fa94-04c1-424b-9868-57a2d4851a1d" relativeResultsDirectory="974332ec-c4f5-42a0-83ac-704bed9bcfbb">
    </UnitTestResult>
    <UnitTestResult executionId="40dcda76-3251-4b70-b9bb-a54b049761f3" testId="b9bdcc23-3882-fdc6-ae71-589fdcc2d732" testName="should_return_users_base_energy_if_user_does_not_have_any_items" computerName="JUSTIN-LAPTOP" duration="00:00:00.0058598" startTime="2010-10-17T14:30:32.1276059-05:00" endTime="2010-10-17T14:30:32.1386065-05:00" testType="13cdc9d9-ddb5-4fa4-a97d-d965ccfc6d4b" outcome="Passed" testListId="8c84fa94-04c1-424b-9868-57a2d4851a1d" relativeResultsDirectory="40dcda76-3251-4b70-b9bb-a54b049761f3">
    </UnitTestResult>
    <UnitTestResult executionId="fcea2315-0228-4822-92a7-4a8a80b296a6" testId="b9daaf02-a2df-fc67-bf09-91db90f1040d" testName="should_save_user_last_energy" computerName="JUSTIN-LAPTOP" duration="00:00:00.0201178" startTime="2010-10-17T14:30:32.1396066-05:00" endTime="2010-10-17T14:30:32.1656081-05:00" testType="13cdc9d9-ddb5-4fa4-a97d-d965ccfc6d4b" outcome="Passed" testListId="8c84fa94-04c1-424b-9868-57a2d4851a1d" relativeResultsDirectory="fcea2315-0228-4822-92a7-4a8a80b296a6">
    </UnitTestResult>
    <UnitTestResult executionId="bfc28adc-2e6d-4428-94cc-cbc350d27afc" testId="ba822c9a-2244-54af-db34-ae1b0ff7f2ea" testName="the_starting_energy_should_be_100" computerName="JUSTIN-LAPTOP" duration="00:00:00.0189114" startTime="2010-10-17T14:30:32.1686083-05:00" endTime="2010-10-17T14:30:32.1916096-05:00" testType="13cdc9d9-ddb5-4fa4-a97d-d965ccfc6d4b" outcome="Passed" testListId="8c84fa94-04c1-424b-9868-57a2d4851a1d" relativeResultsDirectory="bfc28adc-2e6d-4428-94cc-cbc350d27afc">
    </UnitTestResult>
    <UnitTestResult executionId="43962dc0-d619-493b-b5c7-a5b40e026810" testId="ba89953e-a09d-28cf-6946-aa203e1b8fb8" testName="should_return_an_empty_progress_if_zombie_pack_doesnt_exist" computerName="JUSTIN-LAPTOP" duration="00:00:00.0035938" startTime="2010-10-17T14:30:32.1926096-05:00" endTime="2010-10-17T14:30:32.2016102-05:00" testType="13cdc9d9-ddb5-4fa4-a97d-d965ccfc6d4b" outcome="Passed" testListId="8c84fa94-04c1-424b-9868-57a2d4851a1d" relativeResultsDirectory="43962dc0-d619-493b-b5c7-a5b40e026810">
    </UnitTestResult>
    <UnitTestResult executionId="f9a36f83-fa40-4f30-a52a-b2d0c485f50e" testId="ba999509-487a-7f04-1438-f406952dc58e" testName="should_take_into_consideration_equipped_items_when_determining_min_sight_radius" computerName="JUSTIN-LAPTOP" duration="00:00:00.0091684" startTime="2010-10-17T14:30:32.2026102-05:00" endTime="2010-10-17T14:30:32.2156110-05:00" testType="13cdc9d9-ddb5-4fa4-a97d-d965ccfc6d4b" outcome="Passed" testListId="8c84fa94-04c1-424b-9868-57a2d4851a1d" relativeResultsDirectory="f9a36f83-fa40-4f30-a52a-b2d0c485f50e">
    </UnitTestResult>
    <UnitTestResult executionId="90850a03-1ce8-447c-8800-f6f4b2a7aae9" testId="bb35c303-68f9-bb58-ec6c-79aa0b063947" testName="should_return_zero_for_attack_power_if_user_does_not_exist" computerName="JUSTIN-LAPTOP" duration="00:00:00.0023814" startTime="2010-10-17T14:30:32.2166110-05:00" endTime="2010-10-17T14:30:32.2246115-05:00" testType="13cdc9d9-ddb5-4fa4-a97d-d965ccfc6d4b" outcome="Passed" testListId="8c84fa94-04c1-424b-9868-57a2d4851a1d" relativeResultsDirectory="90850a03-1ce8-447c-8800-f6f4b2a7aae9">
    </UnitTestResult>
    <UnitTestResult executionId="60a3c26f-3bcf-4dc2-a59f-d311b59d6f15" testId="bb62f7f6-95bc-c16c-f91c-8661bb447531" testName="should_change_users_sight_radius_if_item_has_a_distance_attribute_not_equal_to_zero" computerName="JUSTIN-LAPTOP" duration="00:00:00.0095521" startTime="2010-10-17T14:30:32.2256115-05:00" endTime="2010-10-17T14:30:32.2406124-05:00" testType="13cdc9d9-ddb5-4fa4-a97d-d965ccfc6d4b" outcome="Passed" testListId="8c84fa94-04c1-424b-9868-57a2d4851a1d" relativeResultsDirectory="60a3c26f-3bcf-4dc2-a59f-d311b59d6f15">
    </UnitTestResult>
    <UnitTestResult executionId="fee74385-39e7-48c7-907d-9049f807db4b" testId="bc231f56-0b8a-34bb-d73a-6bc2b970aa27" testName="should_update_user_level_and_user_base_attack_and_user_base_energy_and_user_inventory_when_user_kills_enough_zombies_to_pass_level" computerName="JUSTIN-LAPTOP" duration="00:00:00.0100501" startTime="2010-10-17T14:30:32.2416124-05:00" endTime="2010-10-17T14:30:32.2566133-05:00" testType="13cdc9d9-ddb5-4fa4-a97d-d965ccfc6d4b" outcome="Passed" testListId="8c84fa94-04c1-424b-9868-57a2d4851a1d" relativeResultsDirectory="fee74385-39e7-48c7-907d-9049f807db4b">
    </UnitTestResult>
    <UnitTestResult executionId="158182f1-6e02-4d37-8fbf-ad0b7312dbd4" testId="bc2bbda1-dfbc-fff1-89f7-377eb332a077" testName="should_return_attack_power_along_with_any_attack_power_increase_from_buying_different_items_and_no_items_in_safehouse" computerName="JUSTIN-LAPTOP" duration="00:00:00.0065580" startTime="2010-10-17T14:30:32.2586134-05:00" endTime="2010-10-17T14:30:32.2706141-05:00" testType="13cdc9d9-ddb5-4fa4-a97d-d965ccfc6d4b" outcome="Passed" testListId="8c84fa94-04c1-424b-9868-57a2d4851a1d" relativeResultsDirectory="158182f1-6e02-4d37-8fbf-ad0b7312dbd4">
    </UnitTestResult>
    <UnitTestResult executionId="ddc6ac06-cf84-4a87-a107-894a58442d1b" testId="bdc5cf0e-b6b0-aab1-b4c9-cfdf4e4262c3" testName="should_update_users_inventory_amount" computerName="JUSTIN-LAPTOP" duration="00:00:00.0653822" startTime="2010-10-17T14:30:32.2726142-05:00" endTime="2010-10-17T14:30:32.3446183-05:00" testType="13cdc9d9-ddb5-4fa4-a97d-d965ccfc6d4b" outcome="Passed" testListId="8c84fa94-04c1-424b-9868-57a2d4851a1d" relativeResultsDirectory="ddc6ac06-cf84-4a87-a107-894a58442d1b">
    </UnitTestResult>
    <UnitTestResult executionId="d0534394-687a-45a1-81c5-0972a580c0be" testId="bed0bac3-5433-e3b2-3646-ee5b82bf2f3c" testName="should_return_attack_power_based_on_items_in_safehouse_with_user_not_having_any_money" computerName="JUSTIN-LAPTOP" duration="00:00:00.0163699" startTime="2010-10-17T14:30:32.3506187-05:00" endTime="2010-10-17T14:30:32.3746200-05:00" testType="13cdc9d9-ddb5-4fa4-a97d-d965ccfc6d4b" outcome="Passed" testListId="8c84fa94-04c1-424b-9868-57a2d4851a1d" relativeResultsDirectory="d0534394-687a-45a1-81c5-0972a580c0be">
    </UnitTestResult>
    <UnitTestResult executionId="b491692d-ba7a-4a16-9929-b6f8e2e1651d" testId="c0f6a7ca-70c4-38dc-b622-ea187fd81d6d" testName="should_return_achievement_for_peak_zombies_10" computerName="JUSTIN-LAPTOP" duration="00:00:00.0023624" startTime="2010-10-17T14:30:32.3786203-05:00" endTime="2010-10-17T14:30:32.3876208-05:00" testType="13cdc9d9-ddb5-4fa4-a97d-d965ccfc6d4b" outcome="Passed" testListId="8c84fa94-04c1-424b-9868-57a2d4851a1d" relativeResultsDirectory="b491692d-ba7a-4a16-9929-b6f8e2e1651d">
    </UnitTestResult>
    <UnitTestResult executionId="a7af735c-f8f7-48e9-a794-be954b05c24f" testId="c154fab6-7379-ae56-989a-e56b1649db90" testName="should_update_users_base_attack" computerName="JUSTIN-LAPTOP" duration="00:00:00.1691457" startTime="2010-10-17T14:30:32.3946212-05:00" endTime="2010-10-17T14:30:32.5706313-05:00" testType="13cdc9d9-ddb5-4fa4-a97d-d965ccfc6d4b" outcome="Passed" testListId="8c84fa94-04c1-424b-9868-57a2d4851a1d" relativeResultsDirectory="a7af735c-f8f7-48e9-a794-be954b05c24f">
    </UnitTestResult>
    <UnitTestResult executionId="9d35bea7-271e-4d28-b896-fa0b6f84067f" testId="c19d7fe3-d556-ad76-9806-5e328516f06f" testName="should_return_correct_energy_for_given_level" computerName="JUSTIN-LAPTOP" duration="00:00:00.0224162" startTime="2010-10-17T14:30:32.5746315-05:00" endTime="2010-10-17T14:30:32.6076334-05:00" testType="13cdc9d9-ddb5-4fa4-a97d-d965ccfc6d4b" outcome="Failed" testListId="8c84fa94-04c1-424b-9868-57a2d4851a1d" relativeResultsDirectory="9d35bea7-271e-4d28-b896-fa0b6f84067f">
      <Output>
        <ErrorInfo>
          <Message>Assert.AreEqual failed. Expected:&lt;144&gt;. Actual:&lt;143&gt;. </Message>
          <StackTrace>   at UndeadEarth.Test.Model.TestExtensions.ShouldBe(Object actual, Object expected) in C:\Projects\UndeadEarth\UndeadEarth.Test\Model\when_servicing_user_level_and_attributes.cs:line 193
   at UndeadEarth.Test.Model.when_servicing_user_level_and_attributes.should_return_correct_energy_for_given_level() in C:\Projects\UndeadEarth\UndeadEarth.Test\Model\when_servicing_user_level_and_attributes.cs:line 96
</StackTrace>
        </ErrorInfo>
      </Output>
    </UnitTestResult>
    <UnitTestResult executionId="f034ce61-acd3-493f-b155-efd7815e43d4" testId="c2fceb1f-5078-88e7-1674-00e75ecef9dd" testName="should_disregard_safehouse_items_that_are_one_use" computerName="JUSTIN-LAPTOP" duration="00:00:00.0083827" startTime="2010-10-17T14:30:32.6096335-05:00" endTime="2010-10-17T14:30:32.6236343-05:00" testType="13cdc9d9-ddb5-4fa4-a97d-d965ccfc6d4b" outcome="Passed" testListId="8c84fa94-04c1-424b-9868-57a2d4851a1d" relativeResultsDirectory="f034ce61-acd3-493f-b155-efd7815e43d4">
    </UnitTestResult>
    <UnitTestResult executionId="f7c04305-f456-4801-af02-37bb3c5d685b" testId="c3a4535b-76d1-c39a-2397-114110fb9661" testName="should_disregard_if_user_has_max_items_already" computerName="JUSTIN-LAPTOP" duration="00:00:00.0119360" startTime="2010-10-17T14:30:32.6256344-05:00" endTime="2010-10-17T14:30:32.6446355-05:00" testType="13cdc9d9-ddb5-4fa4-a97d-d965ccfc6d4b" outcome="Passed" testListId="8c84fa94-04c1-424b-9868-57a2d4851a1d" relativeResultsDirectory="f7c04305-f456-4801-af02-37bb3c5d685b">
    </UnitTestResult>
    <UnitTestResult executionId="834b3df6-c6cd-4ab0-974a-235f92ea4ba9" testId="c4f416aa-df0e-260b-8e45-51ab2e95c489" testName="should_insert_empty_record_for_user_if_non_exists" computerName="JUSTIN-LAPTOP" duration="00:00:00.0222083" startTime="2010-10-17T14:30:32.6466356-05:00" endTime="2010-10-17T14:30:32.6736372-05:00" testType="13cdc9d9-ddb5-4fa4-a97d-d965ccfc6d4b" outcome="Passed" testListId="8c84fa94-04c1-424b-9868-57a2d4851a1d" relativeResultsDirectory="834b3df6-c6cd-4ab0-974a-235f92ea4ba9">
    </UnitTestResult>
    <UnitTestResult executionId="2399b8c1-facf-4c3e-be17-99f6308cf450" testId="c55622f2-a19b-2b7c-fbf0-3bcc9fa792bb" testName="should_disregard_if_item_does_not_exist" computerName="JUSTIN-LAPTOP" duration="00:00:00.0075641" startTime="2010-10-17T14:30:32.6746372-05:00" endTime="2010-10-17T14:30:32.6866379-05:00" testType="13cdc9d9-ddb5-4fa4-a97d-d965ccfc6d4b" outcome="Passed" testListId="8c84fa94-04c1-424b-9868-57a2d4851a1d" relativeResultsDirectory="2399b8c1-facf-4c3e-be17-99f6308cf450">
    </UnitTestResult>
    <UnitTestResult executionId="9cac3b3e-56a6-448b-ad87-f2ea57df59a7" testId="c59ebd84-a390-b0a9-9601-b22bb9ff7f1d" testName="should_start_with_5_tents_on_person" computerName="JUSTIN-LAPTOP" duration="00:00:00.0027700" startTime="2010-10-17T14:30:32.6876380-05:00" endTime="2010-10-17T14:30:32.6956384-05:00" testType="13cdc9d9-ddb5-4fa4-a97d-d965ccfc6d4b" outcome="Passed" testListId="8c84fa94-04c1-424b-9868-57a2d4851a1d" relativeResultsDirectory="9cac3b3e-56a6-448b-ad87-f2ea57df59a7">
    </UnitTestResult>
    <UnitTestResult executionId="eeaf77ed-2c30-4ae3-bd2e-fb1a75645fff" testId="c5a39b6e-0b51-8275-3d9b-29919f35b9b0" testName="should_return_user_by_facebook_user_id" computerName="JUSTIN-LAPTOP" duration="00:00:00.0201356" startTime="2010-10-17T14:30:32.6966385-05:00" endTime="2010-10-17T14:30:32.7216399-05:00" testType="13cdc9d9-ddb5-4fa4-a97d-d965ccfc6d4b" outcome="Passed" testListId="8c84fa94-04c1-424b-9868-57a2d4851a1d" relativeResultsDirectory="eeaf77ed-2c30-4ae3-bd2e-fb1a75645fff">
    </UnitTestResult>
    <UnitTestResult executionId="082c7f9e-eb8a-44c9-89d1-d7298424d1b0" testId="c7989c99-7490-d68e-f8ba-99491ffceea3" testName="should_throw_error_when_returning_user_current_base_attack_if_user_doesnt_exist" computerName="JUSTIN-LAPTOP" duration="00:00:00.0202069" startTime="2010-10-17T14:30:32.7226400-05:00" endTime="2010-10-17T14:30:32.7476414-05:00" testType="13cdc9d9-ddb5-4fa4-a97d-d965ccfc6d4b" outcome="Passed" testListId="8c84fa94-04c1-424b-9868-57a2d4851a1d" relativeResultsDirectory="082c7f9e-eb8a-44c9-89d1-d7298424d1b0">
    </UnitTestResult>
    <UnitTestResult executionId="8168023e-bedf-4066-a714-8cd4da0b7260" testId="c85e6447-a3ca-1d12-8c38-f937a72eca57" testName="should_return_attack_power_along_with_any_attack_power_increase_from_multiple_safehouse_items_and_user_has_no_money" computerName="JUSTIN-LAPTOP" duration="00:00:00.0072023" startTime="2010-10-17T14:30:32.7506416-05:00" endTime="2010-10-17T14:30:32.7626422-05:00" testType="13cdc9d9-ddb5-4fa4-a97d-d965ccfc6d4b" outcome="Passed" testListId="8c84fa94-04c1-424b-9868-57a2d4851a1d" relativeResultsDirectory="8168023e-bedf-4066-a714-8cd4da0b7260">
    </UnitTestResult>
    <UnitTestResult executionId="487c0d97-5b79-44fa-8a9e-a1a88cafbc1d" testId="c9a124e9-2f09-63d2-22cf-ad1bad23f16c" testName="the_energy_for_determining_zombie_pack_difficulty_should_be_100" computerName="JUSTIN-LAPTOP" duration="00:00:00.0249609" startTime="2010-10-17T14:30:32.7646424-05:00" endTime="2010-10-17T14:30:32.7936440-05:00" testType="13cdc9d9-ddb5-4fa4-a97d-d965ccfc6d4b" outcome="Passed" testListId="8c84fa94-04c1-424b-9868-57a2d4851a1d" relativeResultsDirectory="487c0d97-5b79-44fa-8a9e-a1a88cafbc1d">
    </UnitTestResult>
    <UnitTestResult executionId="6d4eab9d-fe1a-4074-8e6c-023ac8c1d572" testId="c9e2118a-af3f-f908-ba61-20f5edd2b827" testName="should_throw_error_for_saving_mas_energy_if_user_does_not_exist" computerName="JUSTIN-LAPTOP" duration="00:00:00.0162427" startTime="2010-10-17T14:30:32.7966442-05:00" endTime="2010-10-17T14:30:32.8176454-05:00" testType="13cdc9d9-ddb5-4fa4-a97d-d965ccfc6d4b" outcome="Passed" testListId="8c84fa94-04c1-424b-9868-57a2d4851a1d" relativeResultsDirectory="6d4eab9d-fe1a-4074-8e6c-023ac8c1d572">
    </UnitTestResult>
    <UnitTestResult executionId="3c889df3-993f-456d-9308-e5cbdcc4772e" testId="ca1b8eb5-4ad5-3e56-62f6-d3c54fe84326" testName="should_not_throw_error_if_user_does_not_exist" computerName="JUSTIN-LAPTOP" duration="00:00:00.0274834" startTime="2010-10-17T14:30:32.8206456-05:00" endTime="2010-10-17T14:30:32.8606478-05:00" testType="13cdc9d9-ddb5-4fa4-a97d-d965ccfc6d4b" outcome="Passed" testListId="8c84fa94-04c1-424b-9868-57a2d4851a1d" relativeResultsDirectory="3c889df3-993f-456d-9308-e5cbdcc4772e">
    </UnitTestResult>
    <UnitTestResult executionId="8c1a812c-1112-49dd-8b63-79bdb0b0f8d9" testId="cb08040d-63a1-ab84-f3c4-dce8729ce3d1" testName="should_retrieve_zombies_detroyed" computerName="JUSTIN-LAPTOP" duration="00:00:00.0137453" startTime="2010-10-17T14:30:32.8656481-05:00" endTime="2010-10-17T14:30:32.8866493-05:00" testType="13cdc9d9-ddb5-4fa4-a97d-d965ccfc6d4b" outcome="Passed" testListId="8c84fa94-04c1-424b-9868-57a2d4851a1d" relativeResultsDirectory="8c1a812c-1112-49dd-8b63-79bdb0b0f8d9">
    </UnitTestResult>
    <UnitTestResult executionId="eccb185e-d724-4b03-8527-f7a11b2dc007" testId="cb80e7a8-021c-5d6c-c831-c1f7e461a27c" testName="should_return_zero_if_distance_is_null" computerName="JUSTIN-LAPTOP" duration="00:00:00.0287509" startTime="2010-10-17T14:30:32.8896495-05:00" endTime="2010-10-17T14:30:32.9226514-05:00" testType="13cdc9d9-ddb5-4fa4-a97d-d965ccfc6d4b" outcome="Passed" testListId="8c84fa94-04c1-424b-9868-57a2d4851a1d" relativeResultsDirectory="eccb185e-d724-4b03-8527-f7a11b2dc007">
    </UnitTestResult>
    <UnitTestResult executionId="f6a5597b-fad7-4194-9973-3f532560a0e1" testId="ce354fe1-08e2-7958-e209-2621b563d1da" testName="should_disregard_if_user_does_not_have_item" computerName="JUSTIN-LAPTOP" duration="00:00:00.0111564" startTime="2010-10-17T14:30:32.9266516-05:00" endTime="2010-10-17T14:30:32.9446527-05:00" testType="13cdc9d9-ddb5-4fa4-a97d-d965ccfc6d4b" outcome="Passed" testListId="8c84fa94-04c1-424b-9868-57a2d4851a1d" relativeResultsDirectory="f6a5597b-fad7-4194-9973-3f532560a0e1">
    </UnitTestResult>
    <UnitTestResult executionId="72ea0a71-0322-4d83-adba-d9004ad5ce69" testId="cf462ec4-8531-1e43-07c6-e34f96bb70c0" testName="should_set_sight_radius_to_5_for_user_who_exists_but_does_not_have_a_base_sight_radius_value" computerName="JUSTIN-LAPTOP" duration="00:00:00.0074564" startTime="2010-10-17T14:30:32.9476528-05:00" endTime="2010-10-17T14:30:32.9606536-05:00" testType="13cdc9d9-ddb5-4fa4-a97d-d965ccfc6d4b" outcome="Passed" testListId="8c84fa94-04c1-424b-9868-57a2d4851a1d" relativeResultsDirectory="72ea0a71-0322-4d83-adba-d9004ad5ce69">
    </UnitTestResult>
    <UnitTestResult executionId="30f19f91-e243-46f2-b301-94d369c1a867" testId="cfacc8e4-11ef-5e59-c2dc-f7d2d86d5a2e" testName="should_return_false_if_zombiepack_does_not_exist" computerName="JUSTIN-LAPTOP" duration="00:00:00.0093171" startTime="2010-10-17T14:30:32.9636537-05:00" endTime="2010-10-17T14:30:32.9786546-05:00" testType="13cdc9d9-ddb5-4fa4-a97d-d965ccfc6d4b" outcome="Passed" testListId="8c84fa94-04c1-424b-9868-57a2d4851a1d" relativeResultsDirectory="30f19f91-e243-46f2-b301-94d369c1a867">
    </UnitTestResult>
    <UnitTestResult executionId="65680625-dbe4-4c7b-b6fe-93c48d0f278c" testId="cfb75f84-eedb-9c69-8ad1-7d1a16a63ca8" testName="given_user_has_money_and_items_in_safe_house_and_can_buy_items_should_return_best_combination" computerName="JUSTIN-LAPTOP" duration="00:00:00.0073875" startTime="2010-10-17T14:30:32.9806547-05:00" endTime="2010-10-17T14:30:32.9926554-05:00" testType="13cdc9d9-ddb5-4fa4-a97d-d965ccfc6d4b" outcome="Passed" testListId="8c84fa94-04c1-424b-9868-57a2d4851a1d" relativeResultsDirectory="65680625-dbe4-4c7b-b6fe-93c48d0f278c">
    </UnitTestResult>
    <UnitTestResult executionId="7f5e61a8-6714-4f52-9e77-f4c24b48be6d" testId="d079bc7a-5632-90a3-fd08-a3194bc2d4b6" testName="should_return_null_if_no_item_found" computerName="JUSTIN-LAPTOP" duration="00:00:00.0247178" startTime="2010-10-17T14:30:32.9966556-05:00" endTime="2010-10-17T14:30:33.0266573-05:00" testType="13cdc9d9-ddb5-4fa4-a97d-d965ccfc6d4b" outcome="Passed" testListId="8c84fa94-04c1-424b-9868-57a2d4851a1d" relativeResultsDirectory="7f5e61a8-6714-4f52-9e77-f4c24b48be6d">
    </UnitTestResult>
    <UnitTestResult executionId="832519f0-cfdb-420f-8419-2c594150dee3" testId="d10bf695-c889-b70c-ad2f-f77a6c930e0a" testName="should_throw_error_if_facebook_user_id_is_0_and_retrieval_is_attempted" computerName="JUSTIN-LAPTOP" duration="00:00:00.0192502" startTime="2010-10-17T14:30:33.0276574-05:00" endTime="2010-10-17T14:30:33.0526588-05:00" testType="13cdc9d9-ddb5-4fa4-a97d-d965ccfc6d4b" outcome="Passed" testListId="8c84fa94-04c1-424b-9868-57a2d4851a1d" relativeResultsDirectory="832519f0-cfdb-420f-8419-2c594150dee3">
    </UnitTestResult>
    <UnitTestResult executionId="3912b6ee-f0fa-4e12-90dc-82085eaec7af" testId="d1295b3d-b18a-9feb-b9f7-b8d24a1390b4" testName="should_return_list_of_user_items_from_user_id" computerName="JUSTIN-LAPTOP" duration="00:00:00.0358114" startTime="2010-10-17T14:30:33.0556590-05:00" endTime="2010-10-17T14:30:33.0966613-05:00" testType="13cdc9d9-ddb5-4fa4-a97d-d965ccfc6d4b" outcome="Passed" testListId="8c84fa94-04c1-424b-9868-57a2d4851a1d" relativeResultsDirectory="3912b6ee-f0fa-4e12-90dc-82085eaec7af">
    </UnitTestResult>
    <UnitTestResult executionId="94963fdc-6902-4615-a41c-d082f54a7e23" testId="d39a97f0-a02b-13f3-00ff-3ebdf64857ec" testName="should_return_users_base_sight_radius_if_user_does_not_have_any_items" computerName="JUSTIN-LAPTOP" duration="00:00:00.0048893" startTime="2010-10-17T14:30:33.1016616-05:00" endTime="2010-10-17T14:30:33.1126623-05:00" testType="13cdc9d9-ddb5-4fa4-a97d-d965ccfc6d4b" outcome="Passed" testListId="8c84fa94-04c1-424b-9868-57a2d4851a1d" relativeResultsDirectory="94963fdc-6902-4615-a41c-d082f54a7e23">
    </UnitTestResult>
    <UnitTestResult executionId="6bcd0a8b-0a35-4741-be11-fc055b4adc81" testId="d51d0821-4280-76e7-8d6d-17b8ea1953f0" testName="should_return_baseline_attack_power_for_user_that_exists" computerName="JUSTIN-LAPTOP" duration="00:00:00.0199909" startTime="2010-10-17T14:30:33.1156624-05:00" endTime="2010-10-17T14:30:33.1406639-05:00" testType="13cdc9d9-ddb5-4fa4-a97d-d965ccfc6d4b" outcome="Passed" testListId="8c84fa94-04c1-424b-9868-57a2d4851a1d" relativeResultsDirectory="6bcd0a8b-0a35-4741-be11-fc055b4adc81">
    </UnitTestResult>
    <UnitTestResult executionId="d5c7ff99-5808-415b-8ecd-c3e8edceeb18" testId="d531988b-f1bb-cf47-5dc0-2ed134630321" testName="should_return_achievement_for_peak_zombies_1000" computerName="JUSTIN-LAPTOP" duration="00:00:00.0016877" startTime="2010-10-17T14:30:33.1426640-05:00" endTime="2010-10-17T14:30:33.1476643-05:00" testType="13cdc9d9-ddb5-4fa4-a97d-d965ccfc6d4b" outcome="Passed" testListId="8c84fa94-04c1-424b-9868-57a2d4851a1d" relativeResultsDirectory="d5c7ff99-5808-415b-8ecd-c3e8edceeb18">
    </UnitTestResult>
    <UnitTestResult executionId="896de528-46a1-4356-a98c-22a24a1808bc" testId="d646a28e-30d8-4c55-0af1-38d31ab16a6a" testName="should_decrement_number_of_zombies_by_users_attack_power_on_successful_hunt" computerName="JUSTIN-LAPTOP" duration="00:00:00.0140306" startTime="2010-10-17T14:30:33.1516645-05:00" endTime="2010-10-17T14:30:33.1696655-05:00" testType="13cdc9d9-ddb5-4fa4-a97d-d965ccfc6d4b" outcome="Passed" testListId="8c84fa94-04c1-424b-9868-57a2d4851a1d" relativeResultsDirectory="896de528-46a1-4356-a98c-22a24a1808bc">
    </UnitTestResult>
    <UnitTestResult executionId="74e0766d-57be-4f6a-abab-359cee8d12cf" testId="d688d02d-3269-304b-a6e8-10e959d858db" testName="should_return_last_energy_saved_If_there_is_no_difference_between_the_current_time_passed_in_and_the_last_saved_energy_from_the_repository" computerName="JUSTIN-LAPTOP" duration="00:00:00.0062687" startTime="2010-10-17T14:30:33.1716656-05:00" endTime="2010-10-17T14:30:33.1836663-05:00" testType="13cdc9d9-ddb5-4fa4-a97d-d965ccfc6d4b" outcome="Passed" testListId="8c84fa94-04c1-424b-9868-57a2d4851a1d" relativeResultsDirectory="74e0766d-57be-4f6a-abab-359cee8d12cf">
    </UnitTestResult>
    <UnitTestResult executionId="76c41091-3188-4c70-900a-d32ac0f43e76" testId="d6a3e7bf-2e31-3f07-2490-3e67884ebb4a" testName="should_retrieve_safe_house_item_id" computerName="JUSTIN-LAPTOP" duration="00:00:00.0333566" startTime="2010-10-17T14:30:33.1866665-05:00" endTime="2010-10-17T14:30:33.2246687-05:00" testType="13cdc9d9-ddb5-4fa4-a97d-d965ccfc6d4b" outcome="Passed" testListId="8c84fa94-04c1-424b-9868-57a2d4851a1d" relativeResultsDirectory="76c41091-3188-4c70-900a-d32ac0f43e76">
    </UnitTestResult>
    <UnitTestResult executionId="65458838-7e9a-4b99-bb79-0dc14a1b7f78" testId="d8a245d8-8db6-bd87-8600-23c0fc08446c" testName="should_return_0_if_user_does_not_exist" computerName="JUSTIN-LAPTOP" duration="00:00:00.0021606" startTime="2010-10-17T14:30:33.2256687-05:00" endTime="2010-10-17T14:30:33.2316691-05:00" testType="13cdc9d9-ddb5-4fa4-a97d-d965ccfc6d4b" outcome="Passed" testListId="8c84fa94-04c1-424b-9868-57a2d4851a1d" relativeResultsDirectory="65458838-7e9a-4b99-bb79-0dc14a1b7f78">
    </UnitTestResult>
    <UnitTestResult executionId="c109110b-32c6-43ee-9019-f89d7eac5931" testId="d8cfd2cc-f7c2-fb7c-2948-c14069a906b1" testName="should_determine_base_line_for_user_that_changes_hotzones" computerName="JUSTIN-LAPTOP" duration="00:00:00.0129373" startTime="2010-10-17T14:30:33.2326691-05:00" endTime="2010-10-17T14:30:33.2506702-05:00" testType="13cdc9d9-ddb5-4fa4-a97d-d965ccfc6d4b" outcome="Passed" testListId="8c84fa94-04c1-424b-9868-57a2d4851a1d" relativeResultsDirectory="c109110b-32c6-43ee-9019-f89d7eac5931">
    </UnitTestResult>
    <UnitTestResult executionId="0aaa2bf8-e05e-4c3d-ae5c-5fc244ff5d21" testId="d9751d6d-b53f-ae7f-743d-a442b6a2d81c" testName="when_checking_user_level_and_zombie_kills_to_update_attributes_should_not_update_if_not_enough_zombie_kills" computerName="JUSTIN-LAPTOP" duration="00:00:00.0019490" startTime="2010-10-17T14:30:33.2516702-05:00" endTime="2010-10-17T14:30:33.2586706-05:00" testType="13cdc9d9-ddb5-4fa4-a97d-d965ccfc6d4b" outcome="Passed" testListId="8c84fa94-04c1-424b-9868-57a2d4851a1d" relativeResultsDirectory="0aaa2bf8-e05e-4c3d-ae5c-5fc244ff5d21">
    </UnitTestResult>
    <UnitTestResult executionId="4aafe874-40da-4606-b2c8-e7d9e6d70694" testId="d9cc8fd3-0870-25cd-301c-1c45a9609c32" testName="should_update_zone_user_is_in" computerName="JUSTIN-LAPTOP" duration="00:00:00.0242469" startTime="2010-10-17T14:30:33.2596707-05:00" endTime="2010-10-17T14:30:33.2886723-05:00" testType="13cdc9d9-ddb5-4fa4-a97d-d965ccfc6d4b" outcome="Passed" testListId="8c84fa94-04c1-424b-9868-57a2d4851a1d" relativeResultsDirectory="4aafe874-40da-4606-b2c8-e7d9e6d70694">
    </UnitTestResult>
    <UnitTestResult executionId="e698dc8c-2c90-415d-b0f4-8da83d1e70c4" testId="d9d60eb2-6c40-96e0-e46e-37fba7b51acb" testName="should_return_achievement_for_collecting_100_dollars" computerName="JUSTIN-LAPTOP" duration="00:00:00.0014287" startTime="2010-10-17T14:30:33.2896724-05:00" endTime="2010-10-17T14:30:33.2956727-05:00" testType="13cdc9d9-ddb5-4fa4-a97d-d965ccfc6d4b" outcome="Passed" testListId="8c84fa94-04c1-424b-9868-57a2d4851a1d" relativeResultsDirectory="e698dc8c-2c90-415d-b0f4-8da83d1e70c4">
    </UnitTestResult>
    <UnitTestResult executionId="f5b4dbb4-5682-441b-a120-fa1cbb5974d9" testId="da679302-1a0c-b7f2-1c7e-e59bb2763f0f" testName="should_return_null_for_last_saved_energy_if_user_exists_but_energy_is_null" computerName="JUSTIN-LAPTOP" duration="00:00:00.0286362" startTime="2010-10-17T14:30:33.2966728-05:00" endTime="2010-10-17T14:30:33.3296747-05:00" testType="13cdc9d9-ddb5-4fa4-a97d-d965ccfc6d4b" outcome="Passed" testListId="8c84fa94-04c1-424b-9868-57a2d4851a1d" relativeResultsDirectory="f5b4dbb4-5682-441b-a120-fa1cbb5974d9">
    </UnitTestResult>
    <UnitTestResult executionId="a2641da4-ead0-4aea-883f-ee91b654c9c9" testId="db113e6e-fe96-562f-4c9e-fac3dbaaeedc" testName="should_return_one_for_attack_power_if_user_exists_but_does_not_have_any_inventory" computerName="JUSTIN-LAPTOP" duration="00:00:00.0057998" startTime="2010-10-17T14:30:33.3306747-05:00" endTime="2010-10-17T14:30:33.3416754-05:00" testType="13cdc9d9-ddb5-4fa4-a97d-d965ccfc6d4b" outcome="Passed" testListId="8c84fa94-04c1-424b-9868-57a2d4851a1d" relativeResultsDirectory="a2641da4-ead0-4aea-883f-ee91b654c9c9">
    </UnitTestResult>
    <UnitTestResult executionId="35ebde4f-5cae-4cf7-8760-2da2e839ae39" testId="db2cbd38-a14d-b06e-fd2b-542b84645680" testName="should_add_money_passed_in_to_money_of_the_current_user" computerName="JUSTIN-LAPTOP" duration="00:00:00.0238891" startTime="2010-10-17T14:30:33.3426754-05:00" endTime="2010-10-17T14:30:33.3716771-05:00" testType="13cdc9d9-ddb5-4fa4-a97d-d965ccfc6d4b" outcome="Passed" testListId="8c84fa94-04c1-424b-9868-57a2d4851a1d" relativeResultsDirectory="35ebde4f-5cae-4cf7-8760-2da2e839ae39">
    </UnitTestResult>
    <UnitTestResult executionId="198ece14-d864-41dc-a89a-9afee6b14e8b" testId="dcd64675-21d8-0b9a-9cf5-ac50822ee771" testName="should_return_null_for_base_sight_radius_if_user_does_not_exist" computerName="JUSTIN-LAPTOP" duration="00:00:00.0193211" startTime="2010-10-17T14:30:33.3726771-05:00" endTime="2010-10-17T14:30:33.3976786-05:00" testType="13cdc9d9-ddb5-4fa4-a97d-d965ccfc6d4b" outcome="Passed" testListId="8c84fa94-04c1-424b-9868-57a2d4851a1d" relativeResultsDirectory="198ece14-d864-41dc-a89a-9afee6b14e8b">
    </UnitTestResult>
    <UnitTestResult executionId="9546fb11-8494-4615-bb49-1a0df1d8ef0e" testId="dcf1db6a-6e15-f745-8c61-5c0cbc68681f" testName="should_throw_exception_if_update_on_baseline_is_done_on_user_that_doest_exist" computerName="JUSTIN-LAPTOP" duration="00:00:00.0242218" startTime="2010-10-17T14:30:33.3996787-05:00" endTime="2010-10-17T14:30:33.4276803-05:00" testType="13cdc9d9-ddb5-4fa4-a97d-d965ccfc6d4b" outcome="Passed" testListId="8c84fa94-04c1-424b-9868-57a2d4851a1d" relativeResultsDirectory="9546fb11-8494-4615-bb49-1a0df1d8ef0e">
    </UnitTestResult>
    <UnitTestResult executionId="ebbfec80-b406-4c72-bded-fcc55aefdb3f" testId="de169ee4-3985-9538-838d-f920eef5b26b" testName="should_retrieve_miles_traveled_for_user_that_exists" computerName="JUSTIN-LAPTOP" duration="00:00:00.0155258" startTime="2010-10-17T14:30:33.4286803-05:00" endTime="2010-10-17T14:30:33.4496815-05:00" testType="13cdc9d9-ddb5-4fa4-a97d-d965ccfc6d4b" outcome="Passed" testListId="8c84fa94-04c1-424b-9868-57a2d4851a1d" relativeResultsDirectory="ebbfec80-b406-4c72-bded-fcc55aefdb3f">
    </UnitTestResult>
    <UnitTestResult executionId="a15850bc-deb4-4e09-8294-53327fe751c3" testId="dfea3fa1-b295-8c05-710e-e2cb6ce3f9d6" testName="should_return_min_sight_radius_if_calculated_sight_for_time_passed_in_is_less_than_min_sight_radius_of_user" computerName="JUSTIN-LAPTOP" duration="00:00:00.0068895" startTime="2010-10-17T14:30:33.4506816-05:00" endTime="2010-10-17T14:30:33.4636823-05:00" testType="13cdc9d9-ddb5-4fa4-a97d-d965ccfc6d4b" outcome="Passed" testListId="8c84fa94-04c1-424b-9868-57a2d4851a1d" relativeResultsDirectory="a15850bc-deb4-4e09-8294-53327fe751c3">
    </UnitTestResult>
    <UnitTestResult executionId="1574b05a-e5e6-4e42-84c3-99cf551da18d" testId="e08ed2a3-8471-3997-30af-ab81916e00cb" testName="should_return_false_if_hotzone_is_not_a_starting_hotzone" computerName="JUSTIN-LAPTOP" duration="00:00:00.0309642" startTime="2010-10-17T14:30:33.4646824-05:00" endTime="2010-10-17T14:30:33.4996844-05:00" testType="13cdc9d9-ddb5-4fa4-a97d-d965ccfc6d4b" outcome="Passed" testListId="8c84fa94-04c1-424b-9868-57a2d4851a1d" relativeResultsDirectory="1574b05a-e5e6-4e42-84c3-99cf551da18d">
    </UnitTestResult>
    <UnitTestResult executionId="3a0872d6-31f6-489b-a0e3-dfe384dc1e38" testId="e1d44afa-1394-6d68-cf3a-361e5ec94e83" testName="should_throw_exception_when_retrieving_user_level_and_user_does_not_exist" computerName="JUSTIN-LAPTOP" duration="00:00:00.0196291" startTime="2010-10-17T14:30:33.5006845-05:00" endTime="2010-10-17T14:30:33.5246858-05:00" testType="13cdc9d9-ddb5-4fa4-a97d-d965ccfc6d4b" outcome="Passed" testListId="8c84fa94-04c1-424b-9868-57a2d4851a1d" relativeResultsDirectory="3a0872d6-31f6-489b-a0e3-dfe384dc1e38">
    </UnitTestResult>
    <UnitTestResult executionId="bae14ca3-994b-44b3-b2e4-d8206f8439e3" testId="e26f0cbc-ec75-e273-f755-4a50e6a1f30a" testName="should_return_hotzone_id_containing_zombie_pack" computerName="JUSTIN-LAPTOP" duration="00:00:00.0208131" startTime="2010-10-17T14:30:33.5256859-05:00" endTime="2010-10-17T14:30:33.5516874-05:00" testType="13cdc9d9-ddb5-4fa4-a97d-d965ccfc6d4b" outcome="Passed" testListId="8c84fa94-04c1-424b-9868-57a2d4851a1d" relativeResultsDirectory="bae14ca3-994b-44b3-b2e4-d8206f8439e3">
    </UnitTestResult>
    <UnitTestResult executionId="e4c95071-fc12-4430-b660-4bd0892d8f27" testId="e2e442ef-e02c-6299-5fbd-dd49fb1d3672" testName="should_calculate_eastern_point" computerName="JUSTIN-LAPTOP" duration="00:00:00.0016885" startTime="2010-10-17T14:30:33.5596878-05:00" endTime="2010-10-17T14:30:33.5646881-05:00" testType="13cdc9d9-ddb5-4fa4-a97d-d965ccfc6d4b" outcome="Passed" testListId="8c84fa94-04c1-424b-9868-57a2d4851a1d" relativeResultsDirectory="e4c95071-fc12-4430-b660-4bd0892d8f27">
    </UnitTestResult>
    <UnitTestResult executionId="e33065a5-5215-4e57-9176-289e7f9e4816" testId="e4615602-9641-d148-59c9-84c9addeee4f" testName="should_record_zombiepack_destoryed_if_zombiepack_cleared" computerName="JUSTIN-LAPTOP" duration="00:00:00.0150424" startTime="2010-10-17T14:30:33.5656882-05:00" endTime="2010-10-17T14:30:33.5846893-05:00" testType="13cdc9d9-ddb5-4fa4-a97d-d965ccfc6d4b" outcome="Passed" testListId="8c84fa94-04c1-424b-9868-57a2d4851a1d" relativeResultsDirectory="e33065a5-5215-4e57-9176-289e7f9e4816">
    </UnitTestResult>
    <UnitTestResult executionId="6170d9d1-b797-4031-96f7-41927ee2e38b" testId="e47b507d-8276-c45e-8213-bc71e7175571" testName="should_return_achievement_for_traveling_1000_miles" computerName="JUSTIN-LAPTOP" duration="00:00:00.0014154" startTime="2010-10-17T14:30:33.5926897-05:00" endTime="2010-10-17T14:30:33.5996901-05:00" testType="13cdc9d9-ddb5-4fa4-a97d-d965ccfc6d4b" outcome="Passed" testListId="8c84fa94-04c1-424b-9868-57a2d4851a1d" relativeResultsDirectory="6170d9d1-b797-4031-96f7-41927ee2e38b">
    </UnitTestResult>
    <UnitTestResult executionId="63dbd9ed-4ae3-4870-8311-730d66ee1f6d" testId="e6a8c00a-faa8-0745-e831-40d2f4668ade" testName="should_record_peak_zombies_destroyed" computerName="JUSTIN-LAPTOP" duration="00:00:00.0152535" startTime="2010-10-17T14:30:33.6016902-05:00" endTime="2010-10-17T14:30:33.6216914-05:00" testType="13cdc9d9-ddb5-4fa4-a97d-d965ccfc6d4b" outcome="Passed" testListId="8c84fa94-04c1-424b-9868-57a2d4851a1d" relativeResultsDirectory="63dbd9ed-4ae3-4870-8311-730d66ee1f6d">
    </UnitTestResult>
    <UnitTestResult executionId="9f258f45-94c7-45aa-bd84-d590f828d8f5" testId="e714817d-ce86-8716-57bb-b981b1597240" testName="should_not_hunt_if_user_is_not_at_zombie_pack_longitude" computerName="JUSTIN-LAPTOP" duration="00:00:00.0096632" startTime="2010-10-17T14:30:33.6286918-05:00" endTime="2010-10-17T14:30:33.6456928-05:00" testType="13cdc9d9-ddb5-4fa4-a97d-d965ccfc6d4b" outcome="Passed" testListId="8c84fa94-04c1-424b-9868-57a2d4851a1d" relativeResultsDirectory="9f258f45-94c7-45aa-bd84-d590f828d8f5">
    </UnitTestResult>
    <UnitTestResult executionId="c838afc7-8704-4df0-aed0-7b97735e6da1" testId="e731ae20-c844-7455-5d52-ca6eb82eb8c1" testName="should_return_achievement_for_killing_10_zombies" computerName="JUSTIN-LAPTOP" duration="00:00:00.0021046" startTime="2010-10-17T14:30:33.6466928-05:00" endTime="2010-10-17T14:30:33.6556933-05:00" testType="13cdc9d9-ddb5-4fa4-a97d-d965ccfc6d4b" outcome="Passed" testListId="8c84fa94-04c1-424b-9868-57a2d4851a1d" relativeResultsDirectory="c838afc7-8704-4df0-aed0-7b97735e6da1">
    </UnitTestResult>
    <UnitTestResult executionId="7485d5a7-f2de-4175-8989-1b717b64526b" testId="e9706036-01bc-4fd1-60c9-f67ac8f10adb" testName="should_disregard_one_use_items_that_can_be_bought" computerName="JUSTIN-LAPTOP" duration="00:00:00.0065167" startTime="2010-10-17T14:30:33.6606936-05:00" endTime="2010-10-17T14:30:33.6716942-05:00" testType="13cdc9d9-ddb5-4fa4-a97d-d965ccfc6d4b" outcome="Passed" testListId="8c84fa94-04c1-424b-9868-57a2d4851a1d" relativeResultsDirectory="7485d5a7-f2de-4175-8989-1b717b64526b">
    </UnitTestResult>
    <UnitTestResult executionId="98ac79f6-5e7f-46fe-80b6-a4438588e7cf" testId="e9fab572-8fef-43db-2f81-87bc2fbad50f" testName="should_save_item" computerName="JUSTIN-LAPTOP" duration="00:00:00.0160850" startTime="2010-10-17T14:30:33.6726943-05:00" endTime="2010-10-17T14:30:33.6936955-05:00" testType="13cdc9d9-ddb5-4fa4-a97d-d965ccfc6d4b" outcome="Passed" testListId="8c84fa94-04c1-424b-9868-57a2d4851a1d" relativeResultsDirectory="98ac79f6-5e7f-46fe-80b6-a4438588e7cf">
    </UnitTestResult>
    <UnitTestResult executionId="bc14a1ae-3b23-40ad-bce9-67479ea406ee" testId="ea325b6e-c3ab-3827-d099-c8e61f5a4b92" testName="should_save_user_sight_radius" computerName="JUSTIN-LAPTOP" duration="00:00:00.0189649" startTime="2010-10-17T14:30:33.6976957-05:00" endTime="2010-10-17T14:30:33.7236972-05:00" testType="13cdc9d9-ddb5-4fa4-a97d-d965ccfc6d4b" outcome="Passed" testListId="8c84fa94-04c1-424b-9868-57a2d4851a1d" relativeResultsDirectory="bc14a1ae-3b23-40ad-bce9-67479ea406ee">
    </UnitTestResult>
    <UnitTestResult executionId="6aac10b1-9bfb-4ebd-8152-986fdadccfed" testId="eaf1ea02-9828-2113-565b-2356e5e99e6b" testName="should_disregard_if_store_does_not_exist" computerName="JUSTIN-LAPTOP" duration="00:00:00.0117610" startTime="2010-10-17T14:30:33.7246973-05:00" endTime="2010-10-17T14:30:33.7426983-05:00" testType="13cdc9d9-ddb5-4fa4-a97d-d965ccfc6d4b" outcome="Passed" testListId="8c84fa94-04c1-424b-9868-57a2d4851a1d" relativeResultsDirectory="6aac10b1-9bfb-4ebd-8152-986fdadccfed">
    </UnitTestResult>
    <UnitTestResult executionId="9fe454e6-e833-4014-9d54-f06ecb20c79d" testId="eb7106dc-eb88-ec99-7bfd-0b16f51297ea" testName="should_increment_accumulated_money" computerName="JUSTIN-LAPTOP" duration="00:00:00.0186874" startTime="2010-10-17T14:30:33.7446984-05:00" endTime="2010-10-17T14:30:33.7887009-05:00" testType="13cdc9d9-ddb5-4fa4-a97d-d965ccfc6d4b" outcome="Passed" testListId="8c84fa94-04c1-424b-9868-57a2d4851a1d" relativeResultsDirectory="9fe454e6-e833-4014-9d54-f06ecb20c79d">
    </UnitTestResult>
    <UnitTestResult executionId="b7bef396-da5c-45c5-96cc-0a8e1504f8de" testId="ec86a5c7-025b-b62c-fbf3-4b0194192c0a" testName="should_throw_exception_if_update_on_last_visit_hotzone_is_done_on_user_that_doest_exist" computerName="JUSTIN-LAPTOP" duration="00:00:00.0210866" startTime="2010-10-17T14:30:33.7897010-05:00" endTime="2010-10-17T14:30:33.8167025-05:00" testType="13cdc9d9-ddb5-4fa4-a97d-d965ccfc6d4b" outcome="Passed" testListId="8c84fa94-04c1-424b-9868-57a2d4851a1d" relativeResultsDirectory="b7bef396-da5c-45c5-96cc-0a8e1504f8de">
    </UnitTestResult>
    <UnitTestResult executionId="111f64ec-9dad-4606-baa9-9277be27b885" testId="ed27cc8b-f076-d5ca-e1a7-e11e80ed7216" testName="the_attack_for_determinging_zombie_pack_difficulty_should_be_1" computerName="JUSTIN-LAPTOP" duration="00:00:00.0222881" startTime="2010-10-17T14:30:33.8177026-05:00" endTime="2010-10-17T14:30:33.8447041-05:00" testType="13cdc9d9-ddb5-4fa4-a97d-d965ccfc6d4b" outcome="Passed" testListId="8c84fa94-04c1-424b-9868-57a2d4851a1d" relativeResultsDirectory="111f64ec-9dad-4606-baa9-9277be27b885">
    </UnitTestResult>
    <UnitTestResult executionId="0c7cb880-2154-4a26-99aa-bf1b1699ac6d" testId="ef0ae882-4dcb-0302-71db-13ab90020039" testName="should_update_users_base_energy" computerName="JUSTIN-LAPTOP" duration="00:00:00.0256235" startTime="2010-10-17T14:30:33.8457042-05:00" endTime="2010-10-17T14:30:33.8757059-05:00" testType="13cdc9d9-ddb5-4fa4-a97d-d965ccfc6d4b" outcome="Passed" testListId="8c84fa94-04c1-424b-9868-57a2d4851a1d" relativeResultsDirectory="0c7cb880-2154-4a26-99aa-bf1b1699ac6d">
    </UnitTestResult>
    <UnitTestResult executionId="d8c93c09-fcae-471e-bad6-d039ef9ef518" testId="ef68a9ee-23ea-2d7b-e344-622c97db6fd2" testName="should_return_false_if_user_does_not_have_item" computerName="JUSTIN-LAPTOP" duration="00:00:00.0294337" startTime="2010-10-17T14:30:33.8767060-05:00" endTime="2010-10-17T14:30:33.9107079-05:00" testType="13cdc9d9-ddb5-4fa4-a97d-d965ccfc6d4b" outcome="Passed" testListId="8c84fa94-04c1-424b-9868-57a2d4851a1d" relativeResultsDirectory="d8c93c09-fcae-471e-bad6-d039ef9ef518">
    </UnitTestResult>
    <UnitTestResult executionId="36abec50-4d25-431e-87cc-3aff55e77553" testId="efd3fdf9-6214-c49f-4a2b-bfb2fe87d588" testName="should_return_last_saved_sight_radius_for_user" computerName="JUSTIN-LAPTOP" duration="00:00:00.0238956" startTime="2010-10-17T14:30:33.9117080-05:00" endTime="2010-10-17T14:30:33.9407096-05:00" testType="13cdc9d9-ddb5-4fa4-a97d-d965ccfc6d4b" outcome="Passed" testListId="8c84fa94-04c1-424b-9868-57a2d4851a1d" relativeResultsDirectory="36abec50-4d25-431e-87cc-3aff55e77553">
    </UnitTestResult>
    <UnitTestResult executionId="a2316bea-6599-4069-b3f5-5c769644a104" testId="f0a78964-7df7-6d28-3ebe-f82c2151fafb" testName="should_return_calcuated_energy_for_user_based_on_minutes_passed_since_last_saved_energy" computerName="JUSTIN-LAPTOP" duration="00:00:00.0066005" startTime="2010-10-17T14:30:33.9427097-05:00" endTime="2010-10-17T14:30:33.9557105-05:00" testType="13cdc9d9-ddb5-4fa4-a97d-d965ccfc6d4b" outcome="Passed" testListId="8c84fa94-04c1-424b-9868-57a2d4851a1d" relativeResultsDirectory="a2316bea-6599-4069-b3f5-5c769644a104">
    </UnitTestResult>
    <UnitTestResult executionId="acc19dc7-2837-4412-b22b-424d0ae6af02" testId="f171bbe9-81e2-ed24-643d-8a7305f52326" testName="should_return_null_for_last_saved_sight_radius_if_user_does_not_exist" computerName="JUSTIN-LAPTOP" duration="00:00:00.0208893" startTime="2010-10-17T14:30:33.9577106-05:00" endTime="2010-10-17T14:30:33.9827120-05:00" testType="13cdc9d9-ddb5-4fa4-a97d-d965ccfc6d4b" outcome="Passed" testListId="8c84fa94-04c1-424b-9868-57a2d4851a1d" relativeResultsDirectory="acc19dc7-2837-4412-b22b-424d0ae6af02">
    </UnitTestResult>
    <UnitTestResult executionId="786022b1-79ee-4880-800e-183741f2cf8f" testId="f3417486-69dc-de2a-dd50-52fd43d006f5" testName="should_remove_safe_house_item" computerName="JUSTIN-LAPTOP" duration="00:00:00.0354492" startTime="2010-10-17T14:30:33.9837121-05:00" endTime="2010-10-17T14:30:34.0267145-05:00" testType="13cdc9d9-ddb5-4fa4-a97d-d965ccfc6d4b" outcome="Passed" testListId="8c84fa94-04c1-424b-9868-57a2d4851a1d" relativeResultsDirectory="786022b1-79ee-4880-800e-183741f2cf8f">
    </UnitTestResult>
    <UnitTestResult executionId="1695d64f-b0f4-46bb-b0e0-766dee058bf0" testId="f395261d-5bed-0fbe-8f0d-91e27b638206" testName="should_calculate_miles_between_two_points" computerName="JUSTIN-LAPTOP" duration="00:00:00.0013903" startTime="2010-10-17T14:30:34.0277146-05:00" endTime="2010-10-17T14:30:34.0337149-05:00" testType="13cdc9d9-ddb5-4fa4-a97d-d965ccfc6d4b" outcome="Passed" testListId="8c84fa94-04c1-424b-9868-57a2d4851a1d" relativeResultsDirectory="1695d64f-b0f4-46bb-b0e0-766dee058bf0">
    </UnitTestResult>
    <UnitTestResult executionId="bd10a178-48e4-49c0-8393-47abd5a1ba6f" testId="f3fa3c96-f413-1277-0bee-c65969207b6c" testName="should_increment_zombies_killed_for_user" computerName="JUSTIN-LAPTOP" duration="00:00:00.0185313" startTime="2010-10-17T14:30:34.0387152-05:00" endTime="2010-10-17T14:30:34.0617165-05:00" testType="13cdc9d9-ddb5-4fa4-a97d-d965ccfc6d4b" outcome="Passed" testListId="8c84fa94-04c1-424b-9868-57a2d4851a1d" relativeResultsDirectory="bd10a178-48e4-49c0-8393-47abd5a1ba6f">
    </UnitTestResult>
    <UnitTestResult executionId="e7a62416-7dac-49d5-8702-33cd746f74a7" testId="f503de55-2c95-f110-a46c-919d6f50e064" testName="should_return_achievement_for_destroying_hotzone" computerName="JUSTIN-LAPTOP" duration="00:00:00.0024248" startTime="2010-10-17T14:30:34.0647167-05:00" endTime="2010-10-17T14:30:34.0717171-05:00" testType="13cdc9d9-ddb5-4fa4-a97d-d965ccfc6d4b" outcome="Passed" testListId="8c84fa94-04c1-424b-9868-57a2d4851a1d" relativeResultsDirectory="e7a62416-7dac-49d5-8702-33cd746f74a7">
    </UnitTestResult>
    <UnitTestResult executionId="9516b051-6dcd-46b5-9159-0b79c8e048cb" testId="f5ca8613-0214-ec34-e723-d1095b6a17b4" testName="the_starting_location_should_be_saved" computerName="JUSTIN-LAPTOP" duration="00:00:00.0190156" startTime="2010-10-17T14:30:34.0757173-05:00" endTime="2010-10-17T14:30:34.0997187-05:00" testType="13cdc9d9-ddb5-4fa4-a97d-d965ccfc6d4b" outcome="Passed" testListId="8c84fa94-04c1-424b-9868-57a2d4851a1d" relativeResultsDirectory="9516b051-6dcd-46b5-9159-0b79c8e048cb">
    </UnitTestResult>
    <UnitTestResult executionId="4b70891b-0f71-4fee-b370-cae67e989ee5" testId="f6ae9d1e-5852-50cb-8378-e1ac4634a91b" testName="should_return_0_for_base_energy" computerName="JUSTIN-LAPTOP" duration="00:00:00.0209237" startTime="2010-10-17T14:30:34.1007188-05:00" endTime="2010-10-17T14:30:34.1257202-05:00" testType="13cdc9d9-ddb5-4fa4-a97d-d965ccfc6d4b" outcome="Passed" testListId="8c84fa94-04c1-424b-9868-57a2d4851a1d" relativeResultsDirectory="4b70891b-0f71-4fee-b370-cae67e989ee5">
    </UnitTestResult>
    <UnitTestResult executionId="82b27e75-0d13-4fdc-bd16-49439104f4e0" testId="f6ef8399-e04f-58b6-2ee9-2d40209a41f1" testName="should_truncate_seconds_and_milliseconds_from_times_that_are_being_used_for_calculating_sight_radius" computerName="JUSTIN-LAPTOP" duration="00:00:00.0078810" startTime="2010-10-17T14:30:34.1307205-05:00" endTime="2010-10-17T14:30:34.1437212-05:00" testType="13cdc9d9-ddb5-4fa4-a97d-d965ccfc6d4b" outcome="Passed" testListId="8c84fa94-04c1-424b-9868-57a2d4851a1d" relativeResultsDirectory="82b27e75-0d13-4fdc-bd16-49439104f4e0">
    </UnitTestResult>
    <UnitTestResult executionId="4b051a4d-d447-4c1b-8d9e-8dddc3c1a5af" testId="f9b81dce-55e1-263a-0b23-09249cae8cd4" testName="should_return_correct_base_attack_power_for_given_level" computerName="JUSTIN-LAPTOP" duration="00:00:00.0007071" startTime="2010-10-17T14:30:34.1467214-05:00" endTime="2010-10-17T14:30:34.1517217-05:00" testType="13cdc9d9-ddb5-4fa4-a97d-d965ccfc6d4b" outcome="Passed" testListId="8c84fa94-04c1-424b-9868-57a2d4851a1d" relativeResultsDirectory="4b051a4d-d447-4c1b-8d9e-8dddc3c1a5af">
    </UnitTestResult>
    <UnitTestResult executionId="2b184373-193b-41a5-b417-d22d8f01bcfe" testId="f9c3b8d4-44eb-d441-d7b4-5980f2089bf1" testName="should_save_user_item_in_safe_house" computerName="JUSTIN-LAPTOP" duration="00:00:00.0367143" startTime="2010-10-17T14:30:34.1567220-05:00" endTime="2010-10-17T14:30:34.1977243-05:00" testType="13cdc9d9-ddb5-4fa4-a97d-d965ccfc6d4b" outcome="Passed" testListId="8c84fa94-04c1-424b-9868-57a2d4851a1d" relativeResultsDirectory="2b184373-193b-41a5-b417-d22d8f01bcfe">
    </UnitTestResult>
    <UnitTestResult executionId="ef253531-70f6-43b3-b1dd-d62a6543d5cf" testId="facd1619-809e-3892-1c5d-a369458909c6" testName="should_throw_error_if_user_does_not_exist" computerName="JUSTIN-LAPTOP" duration="00:00:00.0220130" startTime="2010-10-17T14:30:34.1987244-05:00" endTime="2010-10-17T14:30:34.2247259-05:00" testType="13cdc9d9-ddb5-4fa4-a97d-d965ccfc6d4b" outcome="Passed" testListId="8c84fa94-04c1-424b-9868-57a2d4851a1d" relativeResultsDirectory="ef253531-70f6-43b3-b1dd-d62a6543d5cf">
    </UnitTestResult>
    <UnitTestResult executionId="f7d0a0dc-87b6-4695-aec0-7146a4245d46" testId="fb8ca09b-7f12-89fe-19bf-bcebd7198872" testName="should_retrieve_user_current_item_slot_capacity" computerName="JUSTIN-LAPTOP" duration="00:00:00.0194338" startTime="2010-10-17T14:30:34.2287261-05:00" endTime="2010-10-17T14:30:34.2537275-05:00" testType="13cdc9d9-ddb5-4fa4-a97d-d965ccfc6d4b" outcome="Passed" testListId="8c84fa94-04c1-424b-9868-57a2d4851a1d" relativeResultsDirectory="f7d0a0dc-87b6-4695-aec0-7146a4245d46">
    </UnitTestResult>
    <UnitTestResult executionId="f8698164-1ebc-43dd-9aa3-2a0bc12140f7" testId="fda20422-40a9-5283-8a02-f548ab2ba5fd" testName="should_disregard_if_safe_house_does_not_exist" computerName="JUSTIN-LAPTOP" duration="00:00:00.0074292" startTime="2010-10-17T14:30:34.2557276-05:00" endTime="2010-10-17T14:30:34.2677283-05:00" testType="13cdc9d9-ddb5-4fa4-a97d-d965ccfc6d4b" outcome="Passed" testListId="8c84fa94-04c1-424b-9868-57a2d4851a1d" relativeResultsDirectory="f8698164-1ebc-43dd-9aa3-2a0bc12140f7">
    </UnitTestResult>
  </Results>
</TestRun>