<?xml version="1.0" encoding="UTF-8"?>
<TestRun id="63d3b31f-c018-4598-acce-c63f1b16faef" name="Justin@JUSTIN-LAPTOP 2010-12-03 17:28:07" runUser="Justin-Laptop\Justin" xmlns="http://microsoft.com/schemas/VisualStudio/TeamTest/2010">
  <TestSettings name="Local" id="ea36617e-255b-41c6-a9d8-bdc56b785769">
    <Description>These are default test settings for a local test run.</Description>
    <Deployment runDeploymentRoot="Justin_JUSTIN-LAPTOP 2010-12-03 17_28_07">
      <DeploymentItem filename="C:\Projects\UndeadEarth\UndeadEarth.Model\bin\Debug\UndeadEarth.Model.dll" />
      <DeploymentItem filename="C:\Projects\UndeadEarth\External Assemblies\Microsoft.Practices.ObjectBuilder2.dll" />
      <DeploymentItem filename="C:\Projects\UndeadEarth\UndeadEarth.Dal\bin\Debug\UndeadEarth.Dal.dll" />
      <DeploymentItem filename="C:\Projects\UndeadEarth\External Assemblies\Microsoft.Practices.Unity.dll" />
      <DeploymentItem filename="C:\Projects\UndeadEarth\External Assemblies\Microsoft.Practices.Unity.Configuration.dll" />
      <DeploymentItem filename="C:\Projects\UndeadEarth\UndeadEarth.Contract\bin\Debug\UndeadEarth.Contract.dll" />
      <DeploymentItem filename="C:\Projects\UndeadEarth\External Assemblies\Moq.dll" />
    </Deployment>
    <Execution>
      <TestTypeSpecific>
        <UnitTestRunConfig testTypeId="13cdc9d9-ddb5-4fa4-a97d-d965ccfc6d4b">
          <AssemblyResolution>
            <TestDirectory useLoadContext="true" />
          </AssemblyResolution>
        </UnitTestRunConfig>
        <WebTestRunConfiguration testTypeId="4e7599fa-5ecb-43e9-a887-cd63cf72d207">
          <Browser name="Internet Explorer 7.0">
            <Headers>
              <Header name="User-Agent" value="Mozilla/4.0 (compatible; MSIE 7.0; Windows NT 5.1)" />
              <Header name="Accept" value="*/*" />
              <Header name="Accept-Language" value="{{$IEAcceptLanguage}}" />
              <Header name="Accept-Encoding" value="GZIP" />
            </Headers>
          </Browser>
        </WebTestRunConfiguration>
      </TestTypeSpecific>
      <AgentRule name="LocalMachineDefaultRole">
        <DataCollectors>
          <DataCollector uri="datacollector://microsoft/CodeCoverage/1.0" assemblyQualifiedName="Microsoft.VisualStudio.TestTools.CodeCoverage.CoveragePlugIn, Microsoft.VisualStudio.QualityTools.Plugins.CodeCoverage, Version=10.0.0.0, Culture=neutral, PublicKeyToken=b03f5f7f11d50a3a" friendlyName="Code Coverage">
            <Configuration>
              <CodeCoverage xmlns="">
                <Regular>
                  <CodeCoverageItem binaryFile="C:\Projects\UndeadEarth\UndeadEarth.Dal\bin\Debug\UndeadEarth.Dal.dll" pdbFile="C:\Projects\UndeadEarth\UndeadEarth.Dal\bin\Debug\UndeadEarth.Dal.instr.pdb" instrumentInPlace="true" />
                  <CodeCoverageItem binaryFile="C:\Projects\UndeadEarth\UndeadEarth.Model\bin\Debug\UndeadEarth.Model.dll" pdbFile="C:\Projects\UndeadEarth\UndeadEarth.Model\bin\Debug\UndeadEarth.Model.instr.pdb" instrumentInPlace="true" />
                  <CodeCoverageItem binaryFile="C:\Projects\UndeadEarth\UndeadEarth.Contract\bin\Debug\UndeadEarth.Contract.dll" pdbFile="C:\Projects\UndeadEarth\UndeadEarth.Contract\bin\Debug\UndeadEarth.Contract.instr.pdb" instrumentInPlace="true" />
                </Regular>
              </CodeCoverage>
            </Configuration>
          </DataCollector>
        </DataCollectors>
      </AgentRule>
    </Execution>
  </TestSettings>
  <Times creation="2010-12-03T17:28:07.3972952-06:00" queuing="2010-12-03T17:28:15.5897638-06:00" start="2010-12-03T17:28:15.8297775-06:00" finish="2010-12-03T17:28:45.4604723-06:00" />
  <ResultSummary outcome="Completed">
    <Counters total="321" executed="321" passed="321" error="0" failed="0" timeout="0" aborted="0" inconclusive="0" passedButRunAborted="0" notRunnable="0" notExecuted="0" disconnected="0" warning="0" completed="0" inProgress="0" pending="0" />
    <ResultFiles>
      <ResultFile path="JUSTIN-LAPTOP\data.coverage" />
    </ResultFiles>
  </ResultSummary>
  <TestDefinitions>
    <UnitTest name="should_return_hotzone_is_not_cleared_for_other_user" storage="c:\projects\undeadearth\undeadearth.test\bin\debug\undeadearth.test.dll" id="61f1fbc3-1b38-ec7e-962e-44e1959bccb8">
      <Execution id="f079026c-a3b4-4303-a877-03cb3d13cd31" />
      <TestMethod codeBase="C:/Projects/UndeadEarth/UndeadEarth.Test/bin/Debug/UndeadEarth.Test.DLL" adapterTypeName="Microsoft.VisualStudio.TestTools.TestTypes.Unit.UnitTestAdapter, Microsoft.VisualStudio.QualityTools.Tips.UnitTest.Adapter, Version=10.0.0.0, Culture=neutral, PublicKeyToken=b03f5f7f11d50a3a" className="UndeadEarth.Test.Dal.when_determining_if_hotzones_is_cleared, UndeadEarth.Test, Version=1.0.0.0, Culture=neutral, PublicKeyToken=null" name="should_return_hotzone_is_not_cleared_for_other_user" />
    </UnitTest>
    <UnitTest name="should_throw_error_if_trying_to_update_user_attack_power_and_user_does_not_exist" storage="c:\projects\undeadearth\undeadearth.test\bin\debug\undeadearth.test.dll" id="7c9fa0fb-7cf0-12c6-f8da-d4fb82dffc47">
      <Execution id="8c4853f6-79ce-4060-9322-e4f0d893b2c1" />
      <TestMethod codeBase="C:/Projects/UndeadEarth/UndeadEarth.Test/bin/Debug/UndeadEarth.Test.DLL" adapterTypeName="Microsoft.VisualStudio.TestTools.TestTypes.Unit.UnitTestAdapter, Microsoft.VisualStudio.QualityTools.Tips.UnitTest.Adapter, Version=10.0.0.0, Culture=neutral, PublicKeyToken=b03f5f7f11d50a3a" className="UndeadEarth.Test.Dal.when_saving_user, UndeadEarth.Test, Version=1.0.0.0, Culture=neutral, PublicKeyToken=null" name="should_throw_error_if_trying_to_update_user_attack_power_and_user_does_not_exist" />
    </UnitTest>
    <UnitTest name="should_start_with_energy_of_100" storage="c:\projects\undeadearth\undeadearth.test\bin\debug\undeadearth.test.dll" id="3b3489bf-140a-7d3d-ca59-73f946c71ab3">
      <Execution id="f0b150f1-1677-497e-8e16-bd09bed6bb8c" />
      <TestMethod codeBase="C:/Projects/UndeadEarth/UndeadEarth.Test/bin/Debug/UndeadEarth.Test.DLL" adapterTypeName="Microsoft.VisualStudio.TestTools.TestTypes.Unit.UnitTestAdapter, Microsoft.VisualStudio.QualityTools.Tips.UnitTest.Adapter, Version=10.0.0.0, Culture=neutral, PublicKeyToken=b03f5f7f11d50a3a" className="UndeadEarth.Test.Model.when_creating_user, UndeadEarth.Test, Version=1.0.0.0, Culture=neutral, PublicKeyToken=null" name="should_start_with_energy_of_100" />
    </UnitTest>
    <UnitTest name="should_decrement_the_zombies_left_in_a_zombie_pack_after_a_hunt" storage="c:\projects\undeadearth\undeadearth.test\bin\debug\undeadearth.test.dll" id="799c0d6a-4d65-290e-a185-a723c64e9bd5">
      <Execution id="7528a587-1af0-4c09-b34c-dc66b74d5ca3" />
      <TestMethod codeBase="C:/Projects/UndeadEarth/UndeadEarth.Test/bin/Debug/UndeadEarth.Test.DLL" adapterTypeName="Microsoft.VisualStudio.TestTools.TestTypes.Unit.UnitTestAdapter, Microsoft.VisualStudio.QualityTools.Tips.UnitTest.Adapter, Version=10.0.0.0, Culture=neutral, PublicKeyToken=b03f5f7f11d50a3a" className="UndeadEarth.Test.Model.when_hunting_for_zombies, UndeadEarth.Test, Version=1.0.0.0, Culture=neutral, PublicKeyToken=null" name="should_decrement_the_zombies_left_in_a_zombie_pack_after_a_hunt" />
    </UnitTest>
    <UnitTest name="should_return_attack_power_along_with_any_attack_power_increase_from_multiple_safehouse_items_and_user_has_no_money" storage="c:\projects\undeadearth\undeadearth.test\bin\debug\undeadearth.test.dll" id="c85e6447-a3ca-1d12-8c38-f937a72eca57">
      <Execution id="bb6ff0df-3b9f-4017-80ee-229b02714dc9" />
      <TestMethod codeBase="C:/Projects/UndeadEarth/UndeadEarth.Test/bin/Debug/UndeadEarth.Test.DLL" adapterTypeName="Microsoft.VisualStudio.TestTools.TestTypes.Unit.UnitTestAdapter, Microsoft.VisualStudio.QualityTools.Tips.UnitTest.Adapter, Version=10.0.0.0, Culture=neutral, PublicKeyToken=b03f5f7f11d50a3a" className="UndeadEarth.Test.Model.when_determining_users_max_potential_attack_power, UndeadEarth.Test, Version=1.0.0.0, Culture=neutral, PublicKeyToken=null" name="should_return_attack_power_along_with_any_attack_power_increase_from_multiple_safehouse_items_and_user_has_no_money" />
    </UnitTest>
    <UnitTest name="should_hunt_if_users_has_enough_energy" storage="c:\projects\undeadearth\undeadearth.test\bin\debug\undeadearth.test.dll" id="10dff579-2252-675a-f00d-0bb39990c8c6">
      <Execution id="cc674761-03f9-4fa8-b941-254c5586ff94" />
      <TestMethod codeBase="C:/Projects/UndeadEarth/UndeadEarth.Test/bin/Debug/UndeadEarth.Test.DLL" adapterTypeName="Microsoft.VisualStudio.TestTools.TestTypes.Unit.UnitTestAdapter, Microsoft.VisualStudio.QualityTools.Tips.UnitTest.Adapter, Version=10.0.0.0, Culture=neutral, PublicKeyToken=b03f5f7f11d50a3a" className="UndeadEarth.Test.Model.when_hunting_for_zombies, UndeadEarth.Test, Version=1.0.0.0, Culture=neutral, PublicKeyToken=null" name="should_hunt_if_users_has_enough_energy" />
    </UnitTest>
    <UnitTest name="should_return_zero_for_attack_power_if_user_does_not_exist" storage="c:\projects\undeadearth\undeadearth.test\bin\debug\undeadearth.test.dll" id="bb35c303-68f9-bb58-ec6c-79aa0b063947">
      <Execution id="b1425a27-8351-4a85-a902-c7deab103191" />
      <TestMethod codeBase="C:/Projects/UndeadEarth/UndeadEarth.Test/bin/Debug/UndeadEarth.Test.DLL" adapterTypeName="Microsoft.VisualStudio.TestTools.TestTypes.Unit.UnitTestAdapter, Microsoft.VisualStudio.QualityTools.Tips.UnitTest.Adapter, Version=10.0.0.0, Culture=neutral, PublicKeyToken=b03f5f7f11d50a3a" className="UndeadEarth.Test.Model.when_retrieving_user_attack_power, UndeadEarth.Test, Version=1.0.0.0, Culture=neutral, PublicKeyToken=null" name="should_return_zero_for_attack_power_if_user_does_not_exist" />
    </UnitTest>
    <UnitTest name="should_set_last_saved_energy_to_max_energy_if_last_saved_energy_does_not_exist" storage="c:\projects\undeadearth\undeadearth.test\bin\debug\undeadearth.test.dll" id="3bf90928-3e3e-817d-0c2a-b114432020ae">
      <Execution id="f856ed4d-7a51-4336-b636-e48aa1eea486" />
      <TestMethod codeBase="C:/Projects/UndeadEarth/UndeadEarth.Test/bin/Debug/UndeadEarth.Test.DLL" adapterTypeName="Microsoft.VisualStudio.TestTools.TestTypes.Unit.UnitTestAdapter, Microsoft.VisualStudio.QualityTools.Tips.UnitTest.Adapter, Version=10.0.0.0, Culture=neutral, PublicKeyToken=b03f5f7f11d50a3a" className="UndeadEarth.Test.Model.when_determining_users_current_energy, UndeadEarth.Test, Version=1.0.0.0, Culture=neutral, PublicKeyToken=null" name="should_set_last_saved_energy_to_max_energy_if_last_saved_energy_does_not_exist" />
    </UnitTest>
    <UnitTest name="should_return_achievement_for_collecting_10000_dollars" storage="c:\projects\undeadearth\undeadearth.test\bin\debug\undeadearth.test.dll" id="166bc0da-4e9a-a151-a5ee-18d3adcd0291">
      <Execution id="c2b52a2b-894a-4103-9ce1-ff7b3fd57746" />
      <TestMethod codeBase="C:/Projects/UndeadEarth/UndeadEarth.Test/bin/Debug/UndeadEarth.Test.DLL" adapterTypeName="Microsoft.VisualStudio.TestTools.TestTypes.Unit.UnitTestAdapter, Microsoft.VisualStudio.QualityTools.Tips.UnitTest.Adapter, Version=10.0.0.0, Culture=neutral, PublicKeyToken=b03f5f7f11d50a3a" className="UndeadEarth.Test.Model.when_retrieving_achievements, UndeadEarth.Test, Version=1.0.0.0, Culture=neutral, PublicKeyToken=null" name="should_return_achievement_for_collecting_10000_dollars" />
    </UnitTest>
    <UnitTest name="should_return_items_below_a_given_prices" storage="c:\projects\undeadearth\undeadearth.test\bin\debug\undeadearth.test.dll" id="2d393202-3b6b-ea77-5db0-849ebdcd5101">
      <Execution id="2d1f84c6-91a3-4fce-a9fd-f252698e20dd" />
      <TestMethod codeBase="C:/Projects/UndeadEarth/UndeadEarth.Test/bin/Debug/UndeadEarth.Test.DLL" adapterTypeName="Microsoft.VisualStudio.TestTools.TestTypes.Unit.UnitTestAdapter, Microsoft.VisualStudio.QualityTools.Tips.UnitTest.Adapter, Version=10.0.0.0, Culture=neutral, PublicKeyToken=b03f5f7f11d50a3a" className="UndeadEarth.Test.Dal.when_retrieving_items, UndeadEarth.Test, Version=1.0.0.0, Culture=neutral, PublicKeyToken=null" name="should_return_items_below_a_given_prices" />
    </UnitTest>
    <UnitTest name="should_remove_user_item" storage="c:\projects\undeadearth\undeadearth.test\bin\debug\undeadearth.test.dll" id="24c64596-5cab-4a6f-68a2-2b1dbc11b2be">
      <Execution id="8b793176-1fc1-4545-8e34-e0f807a624d8" />
      <TestMethod codeBase="C:/Projects/UndeadEarth/UndeadEarth.Test/bin/Debug/UndeadEarth.Test.DLL" adapterTypeName="Microsoft.VisualStudio.TestTools.TestTypes.Unit.UnitTestAdapter, Microsoft.VisualStudio.QualityTools.Tips.UnitTest.Adapter, Version=10.0.0.0, Culture=neutral, PublicKeyToken=b03f5f7f11d50a3a" className="UndeadEarth.Test.Dal.when_retrieving_items, UndeadEarth.Test, Version=1.0.0.0, Culture=neutral, PublicKeyToken=null" name="should_remove_user_item" />
    </UnitTest>
    <UnitTest name="should_return_if_item_does_not_exist" storage="c:\projects\undeadearth\undeadearth.test\bin\debug\undeadearth.test.dll" id="592a8210-389c-d154-bfaf-1570717dbd73">
      <Execution id="499204fd-b3c4-4d26-be66-20377ac52f76" />
      <TestMethod codeBase="C:/Projects/UndeadEarth/UndeadEarth.Test/bin/Debug/UndeadEarth.Test.DLL" adapterTypeName="Microsoft.VisualStudio.TestTools.TestTypes.Unit.UnitTestAdapter, Microsoft.VisualStudio.QualityTools.Tips.UnitTest.Adapter, Version=10.0.0.0, Culture=neutral, PublicKeyToken=b03f5f7f11d50a3a" className="UndeadEarth.Test.Model.when_using_items, UndeadEarth.Test, Version=1.0.0.0, Culture=neutral, PublicKeyToken=null" name="should_return_if_item_does_not_exist" />
    </UnitTest>
    <UnitTest name="should_set_base_line_for_users_max_potential_if_last_hotzone_visited_does_not_equal_the_hotzone_for_the_current_zombie_pack_for_every_third_hotzone" storage="c:\projects\undeadearth\undeadearth.test\bin\debug\undeadearth.test.dll" id="d38373b0-d937-624e-5767-19dca8e2a1ff">
      <Execution id="e7716278-ee27-4caa-8b7e-bbfbd228f282" />
      <TestMethod codeBase="C:/Projects/UndeadEarth/UndeadEarth.Test/bin/Debug/UndeadEarth.Test.DLL" adapterTypeName="Microsoft.VisualStudio.TestTools.TestTypes.Unit.UnitTestAdapter, Microsoft.VisualStudio.QualityTools.Tips.UnitTest.Adapter, Version=10.0.0.0, Culture=neutral, PublicKeyToken=b03f5f7f11d50a3a" className="UndeadEarth.Test.Model.when_determining_zombie_pack_progress, UndeadEarth.Test, Version=1.0.0.0, Culture=neutral, PublicKeyToken=null" name="should_set_base_line_for_users_max_potential_if_last_hotzone_visited_does_not_equal_the_hotzone_for_the_current_zombie_pack_for_every_third_hotzone" />
    </UnitTest>
    <UnitTest name="should_mark_zombie_pack_as_destroyed_if_the_hunt_destroyed_the_last_zombie" storage="c:\projects\undeadearth\undeadearth.test\bin\debug\undeadearth.test.dll" id="353e37f8-b3ee-d1bc-48f1-1354650acd50">
      <Execution id="b3f549d5-9d0a-47be-a8d5-3ac3eeb10981" />
      <TestMethod codeBase="C:/Projects/UndeadEarth/UndeadEarth.Test/bin/Debug/UndeadEarth.Test.DLL" adapterTypeName="Microsoft.VisualStudio.TestTools.TestTypes.Unit.UnitTestAdapter, Microsoft.VisualStudio.QualityTools.Tips.UnitTest.Adapter, Version=10.0.0.0, Culture=neutral, PublicKeyToken=b03f5f7f11d50a3a" className="UndeadEarth.Test.Model.when_hunting_for_zombies, UndeadEarth.Test, Version=1.0.0.0, Culture=neutral, PublicKeyToken=null" name="should_mark_zombie_pack_as_destroyed_if_the_hunt_destroyed_the_last_zombie" />
    </UnitTest>
    <UnitTest name="should_return_true_if_user_exists" storage="c:\projects\undeadearth\undeadearth.test\bin\debug\undeadearth.test.dll" id="7e4ecb77-6a2d-3a8f-0c42-71f8df3a6f64">
      <Execution id="4309a0c1-95ef-428b-aae5-2df2322e0e2c" />
      <TestMethod codeBase="C:/Projects/UndeadEarth/UndeadEarth.Test/bin/Debug/UndeadEarth.Test.DLL" adapterTypeName="Microsoft.VisualStudio.TestTools.TestTypes.Unit.UnitTestAdapter, Microsoft.VisualStudio.QualityTools.Tips.UnitTest.Adapter, Version=10.0.0.0, Culture=neutral, PublicKeyToken=b03f5f7f11d50a3a" className="UndeadEarth.Test.Dal.when_retrieving_user, UndeadEarth.Test, Version=1.0.0.0, Culture=neutral, PublicKeyToken=null" name="should_return_true_if_user_exists" />
    </UnitTest>
    <UnitTest name="should_set_user_level" storage="c:\projects\undeadearth\undeadearth.test\bin\debug\undeadearth.test.dll" id="a7658188-1d86-06a8-b6f3-6e5c757f83b4">
      <Execution id="3d17c49c-245e-4f90-9065-db3a2db3edad" />
      <TestMethod codeBase="C:/Projects/UndeadEarth/UndeadEarth.Test/bin/Debug/UndeadEarth.Test.DLL" adapterTypeName="Microsoft.VisualStudio.TestTools.TestTypes.Unit.UnitTestAdapter, Microsoft.VisualStudio.QualityTools.Tips.UnitTest.Adapter, Version=10.0.0.0, Culture=neutral, PublicKeyToken=b03f5f7f11d50a3a" className="UndeadEarth.Test.Dal.when_saving_user, UndeadEarth.Test, Version=1.0.0.0, Culture=neutral, PublicKeyToken=null" name="should_set_user_level" />
    </UnitTest>
    <UnitTest name="should_decrement_number_of_zombies_by_users_attack_power_on_successful_hunt" storage="c:\projects\undeadearth\undeadearth.test\bin\debug\undeadearth.test.dll" id="d646a28e-30d8-4c55-0af1-38d31ab16a6a">
      <Execution id="93365329-bfa8-43ad-9a09-44eeec20c926" />
      <TestMethod codeBase="C:/Projects/UndeadEarth/UndeadEarth.Test/bin/Debug/UndeadEarth.Test.DLL" adapterTypeName="Microsoft.VisualStudio.TestTools.TestTypes.Unit.UnitTestAdapter, Microsoft.VisualStudio.QualityTools.Tips.UnitTest.Adapter, Version=10.0.0.0, Culture=neutral, PublicKeyToken=b03f5f7f11d50a3a" className="UndeadEarth.Test.Model.when_hunting_for_zombies, UndeadEarth.Test, Version=1.0.0.0, Culture=neutral, PublicKeyToken=null" name="should_decrement_number_of_zombies_by_users_attack_power_on_successful_hunt" />
    </UnitTest>
    <UnitTest name="should_insert_user_counts" storage="c:\projects\undeadearth\undeadearth.test\bin\debug\undeadearth.test.dll" id="826e8ace-63e9-1203-1d2b-d3cb1c0565d3">
      <Execution id="b75b1db6-8a21-49d5-a040-85604f341e70" />
      <TestMethod codeBase="C:/Projects/UndeadEarth/UndeadEarth.Test/bin/Debug/UndeadEarth.Test.DLL" adapterTypeName="Microsoft.VisualStudio.TestTools.TestTypes.Unit.UnitTestAdapter, Microsoft.VisualStudio.QualityTools.Tips.UnitTest.Adapter, Version=10.0.0.0, Culture=neutral, PublicKeyToken=b03f5f7f11d50a3a" className="UndeadEarth.Test.Model.when_creating_user, UndeadEarth.Test, Version=1.0.0.0, Culture=neutral, PublicKeyToken=null" name="should_insert_user_counts" />
    </UnitTest>
    <UnitTest name="should_throw_error_for_saving_last_energy_if_user_does_not_exist" storage="c:\projects\undeadearth\undeadearth.test\bin\debug\undeadearth.test.dll" id="241aa01b-d31a-aa87-10ed-03e9fc36dd2d">
      <Execution id="8df52d2d-2bac-4f4b-98b2-964c0edab45a" />
      <TestMethod codeBase="C:/Projects/UndeadEarth/UndeadEarth.Test/bin/Debug/UndeadEarth.Test.DLL" adapterTypeName="Microsoft.VisualStudio.TestTools.TestTypes.Unit.UnitTestAdapter, Microsoft.VisualStudio.QualityTools.Tips.UnitTest.Adapter, Version=10.0.0.0, Culture=neutral, PublicKeyToken=b03f5f7f11d50a3a" className="UndeadEarth.Test.Dal.when_saving_user_sight_radius, UndeadEarth.Test, Version=1.0.0.0, Culture=neutral, PublicKeyToken=null" name="should_throw_error_for_saving_last_energy_if_user_does_not_exist" />
    </UnitTest>
    <UnitTest name="should_return_base_attack_power_if_user_does_not_have_any_money_and_no_items_in_safehouse" storage="c:\projects\undeadearth\undeadearth.test\bin\debug\undeadearth.test.dll" id="43a1b4c2-5164-126a-d787-254e51bf5cb0">
      <Execution id="2be58a52-5584-478d-a740-311b8e8b0901" />
      <TestMethod codeBase="C:/Projects/UndeadEarth/UndeadEarth.Test/bin/Debug/UndeadEarth.Test.DLL" adapterTypeName="Microsoft.VisualStudio.TestTools.TestTypes.Unit.UnitTestAdapter, Microsoft.VisualStudio.QualityTools.Tips.UnitTest.Adapter, Version=10.0.0.0, Culture=neutral, PublicKeyToken=b03f5f7f11d50a3a" className="UndeadEarth.Test.Model.when_determining_users_max_potential_attack_power, UndeadEarth.Test, Version=1.0.0.0, Culture=neutral, PublicKeyToken=null" name="should_return_base_attack_power_if_user_does_not_have_any_money_and_no_items_in_safehouse" />
    </UnitTest>
    <UnitTest name="should_return_false_if_user_does_not_exist" storage="c:\projects\undeadearth\undeadearth.test\bin\debug\undeadearth.test.dll" id="441c5aa1-1be2-b7ff-84a3-c2712387e211">
      <Execution id="fc647fef-caa7-48f1-9219-2dddf5e98fa7" />
      <TestMethod codeBase="C:/Projects/UndeadEarth/UndeadEarth.Test/bin/Debug/UndeadEarth.Test.DLL" adapterTypeName="Microsoft.VisualStudio.TestTools.TestTypes.Unit.UnitTestAdapter, Microsoft.VisualStudio.QualityTools.Tips.UnitTest.Adapter, Version=10.0.0.0, Culture=neutral, PublicKeyToken=b03f5f7f11d50a3a" className="UndeadEarth.Test.Dal.when_retrieving_user, UndeadEarth.Test, Version=1.0.0.0, Culture=neutral, PublicKeyToken=null" name="should_return_false_if_user_does_not_exist" />
    </UnitTest>
    <UnitTest name="should_insert_zombie_pack_progress_that_does_exist" storage="c:\projects\undeadearth\undeadearth.test\bin\debug\undeadearth.test.dll" id="17c9071b-a2b6-56fe-9dc6-b3135a8d71e5">
      <Execution id="61ac9123-82bc-49e2-9d89-f94742e7add9" />
      <TestMethod codeBase="C:/Projects/UndeadEarth/UndeadEarth.Test/bin/Debug/UndeadEarth.Test.DLL" adapterTypeName="Microsoft.VisualStudio.TestTools.TestTypes.Unit.UnitTestAdapter, Microsoft.VisualStudio.QualityTools.Tips.UnitTest.Adapter, Version=10.0.0.0, Culture=neutral, PublicKeyToken=b03f5f7f11d50a3a" className="UndeadEarth.Test.Dal.when_saving_user_zombie_pack_progress, UndeadEarth.Test, Version=1.0.0.0, Culture=neutral, PublicKeyToken=null" name="should_insert_zombie_pack_progress_that_does_exist" />
    </UnitTest>
    <UnitTest name="should_return_users_base_energy_if_user_does_not_have_any_items" storage="c:\projects\undeadearth\undeadearth.test\bin\debug\undeadearth.test.dll" id="b9bdcc23-3882-fdc6-ae71-589fdcc2d732">
      <Execution id="3e32717a-424e-4658-b707-85e3cf657cae" />
      <TestMethod codeBase="C:/Projects/UndeadEarth/UndeadEarth.Test/bin/Debug/UndeadEarth.Test.DLL" adapterTypeName="Microsoft.VisualStudio.TestTools.TestTypes.Unit.UnitTestAdapter, Microsoft.VisualStudio.QualityTools.Tips.UnitTest.Adapter, Version=10.0.0.0, Culture=neutral, PublicKeyToken=b03f5f7f11d50a3a" className="UndeadEarth.Test.Model.when_determining_users_max_energy, UndeadEarth.Test, Version=1.0.0.0, Culture=neutral, PublicKeyToken=null" name="should_return_users_base_energy_if_user_does_not_have_any_items" />
    </UnitTest>
    <UnitTest name="should_return_false_if_hotzone_doesnt_exists" storage="c:\projects\undeadearth\undeadearth.test\bin\debug\undeadearth.test.dll" id="369b7a6d-08d3-f340-d283-f5ee6842f08e">
      <Execution id="92edc501-da8c-4d93-a04b-2837744af6a0" />
      <TestMethod codeBase="C:/Projects/UndeadEarth/UndeadEarth.Test/bin/Debug/UndeadEarth.Test.DLL" adapterTypeName="Microsoft.VisualStudio.TestTools.TestTypes.Unit.UnitTestAdapter, Microsoft.VisualStudio.QualityTools.Tips.UnitTest.Adapter, Version=10.0.0.0, Culture=neutral, PublicKeyToken=b03f5f7f11d50a3a" className="UndeadEarth.Test.Dal.when_retrieving_hot_zones, UndeadEarth.Test, Version=1.0.0.0, Culture=neutral, PublicKeyToken=null" name="should_return_false_if_hotzone_doesnt_exists" />
    </UnitTest>
    <UnitTest name="should_return_achievement_for_traveling_10_miles" storage="c:\projects\undeadearth\undeadearth.test\bin\debug\undeadearth.test.dll" id="11ca7b9d-e2f9-e5ce-6eed-7e1247933dec">
      <Execution id="2abeac82-baf5-4daa-a742-367131187a65" />
      <TestMethod codeBase="C:/Projects/UndeadEarth/UndeadEarth.Test/bin/Debug/UndeadEarth.Test.DLL" adapterTypeName="Microsoft.VisualStudio.TestTools.TestTypes.Unit.UnitTestAdapter, Microsoft.VisualStudio.QualityTools.Tips.UnitTest.Adapter, Version=10.0.0.0, Culture=neutral, PublicKeyToken=b03f5f7f11d50a3a" className="UndeadEarth.Test.Model.when_retrieving_achievements, UndeadEarth.Test, Version=1.0.0.0, Culture=neutral, PublicKeyToken=null" name="should_return_achievement_for_traveling_10_miles" />
    </UnitTest>
    <UnitTest name="should_return_0_if_user_does_not_exist" storage="c:\projects\undeadearth\undeadearth.test\bin\debug\undeadearth.test.dll" id="24bc110f-ba75-2876-7218-d24fbd5282b6">
      <Execution id="a103a184-3068-4ce2-953d-6ea4ffe85ada" />
      <TestMethod codeBase="C:/Projects/UndeadEarth/UndeadEarth.Test/bin/Debug/UndeadEarth.Test.DLL" adapterTypeName="Microsoft.VisualStudio.TestTools.TestTypes.Unit.UnitTestAdapter, Microsoft.VisualStudio.QualityTools.Tips.UnitTest.Adapter, Version=10.0.0.0, Culture=neutral, PublicKeyToken=b03f5f7f11d50a3a" className="UndeadEarth.Test.Model.when_determining_users_min_sight_radius, UndeadEarth.Test, Version=1.0.0.0, Culture=neutral, PublicKeyToken=null" name="should_return_0_if_user_does_not_exist" />
    </UnitTest>
    <UnitTest name="should_update_users_energy_based_on_distance_moved" storage="c:\projects\undeadearth\undeadearth.test\bin\debug\undeadearth.test.dll" id="7153296b-7930-7df3-3632-012c2eca18ad">
      <Execution id="e1bf8024-1f5c-456b-8c35-c3eb4fbcc29b" />
      <TestMethod codeBase="C:/Projects/UndeadEarth/UndeadEarth.Test/bin/Debug/UndeadEarth.Test.DLL" adapterTypeName="Microsoft.VisualStudio.TestTools.TestTypes.Unit.UnitTestAdapter, Microsoft.VisualStudio.QualityTools.Tips.UnitTest.Adapter, Version=10.0.0.0, Culture=neutral, PublicKeyToken=b03f5f7f11d50a3a" className="UndeadEarth.Test.Model.when_moving_user, UndeadEarth.Test, Version=1.0.0.0, Culture=neutral, PublicKeyToken=null" name="should_update_users_energy_based_on_distance_moved" />
    </UnitTest>
    <UnitTest name="should_determine_base_line_for_user_that_changes_hotzones_after_each_third_hotzone" storage="c:\projects\undeadearth\undeadearth.test\bin\debug\undeadearth.test.dll" id="1f745c7b-d05c-6f7b-abbb-12ef8bc4e839">
      <Execution id="2552701b-f2be-4cf9-a754-929114cfe240" />
      <TestMethod codeBase="C:/Projects/UndeadEarth/UndeadEarth.Test/bin/Debug/UndeadEarth.Test.DLL" adapterTypeName="Microsoft.VisualStudio.TestTools.TestTypes.Unit.UnitTestAdapter, Microsoft.VisualStudio.QualityTools.Tips.UnitTest.Adapter, Version=10.0.0.0, Culture=neutral, PublicKeyToken=b03f5f7f11d50a3a" className="UndeadEarth.Test.Model.when_determining_energy_cost_for_hunting_at_zombie_pack, UndeadEarth.Test, Version=1.0.0.0, Culture=neutral, PublicKeyToken=null" name="should_determine_base_line_for_user_that_changes_hotzones_after_each_third_hotzone" />
    </UnitTest>
    <UnitTest name="should_return_false_if_zombie_pack_is_not_destroyed_by_user" storage="c:\projects\undeadearth\undeadearth.test\bin\debug\undeadearth.test.dll" id="27dffa83-35e8-a35a-74a3-14e94b831d3a">
      <Execution id="fc55c920-9b75-462b-9a0f-1c07fb92182c" />
      <TestMethod codeBase="C:/Projects/UndeadEarth/UndeadEarth.Test/bin/Debug/UndeadEarth.Test.DLL" adapterTypeName="Microsoft.VisualStudio.TestTools.TestTypes.Unit.UnitTestAdapter, Microsoft.VisualStudio.QualityTools.Tips.UnitTest.Adapter, Version=10.0.0.0, Culture=neutral, PublicKeyToken=b03f5f7f11d50a3a" className="UndeadEarth.Test.Dal.when_retrieving_user_zombie_pack_progress, UndeadEarth.Test, Version=1.0.0.0, Culture=neutral, PublicKeyToken=null" name="should_return_false_if_zombie_pack_is_not_destroyed_by_user" />
    </UnitTest>
    <UnitTest name="should_throw_exception_when_returning_baseline_attack_power_for_user_that_doesnt_exist" storage="c:\projects\undeadearth\undeadearth.test\bin\debug\undeadearth.test.dll" id="7acb1219-a69e-e102-dd8e-4060793e7b6e">
      <Execution id="dde0409f-9b3a-46cb-aabe-caedf6f3d3eb" />
      <TestMethod codeBase="C:/Projects/UndeadEarth/UndeadEarth.Test/bin/Debug/UndeadEarth.Test.DLL" adapterTypeName="Microsoft.VisualStudio.TestTools.TestTypes.Unit.UnitTestAdapter, Microsoft.VisualStudio.QualityTools.Tips.UnitTest.Adapter, Version=10.0.0.0, Culture=neutral, PublicKeyToken=b03f5f7f11d50a3a" className="UndeadEarth.Test.Dal.when_retrieving_user, UndeadEarth.Test, Version=1.0.0.0, Culture=neutral, PublicKeyToken=null" name="should_throw_exception_when_returning_baseline_attack_power_for_user_that_doesnt_exist" />
    </UnitTest>
    <UnitTest name="should_return_falise_if_user_zombie_pack_progress_does_not_exist" storage="c:\projects\undeadearth\undeadearth.test\bin\debug\undeadearth.test.dll" id="b60197de-ab24-075d-fbab-bf70fa600887">
      <Execution id="c8709343-97a9-46d1-9c12-5e8087225917" />
      <TestMethod codeBase="C:/Projects/UndeadEarth/UndeadEarth.Test/bin/Debug/UndeadEarth.Test.DLL" adapterTypeName="Microsoft.VisualStudio.TestTools.TestTypes.Unit.UnitTestAdapter, Microsoft.VisualStudio.QualityTools.Tips.UnitTest.Adapter, Version=10.0.0.0, Culture=neutral, PublicKeyToken=b03f5f7f11d50a3a" className="UndeadEarth.Test.Dal.when_retrieving_user_zombie_pack_progress, UndeadEarth.Test, Version=1.0.0.0, Culture=neutral, PublicKeyToken=null" name="should_return_falise_if_user_zombie_pack_progress_does_not_exist" />
    </UnitTest>
    <UnitTest name="should_return_achievement_for_destroying_10000_zombie_packs" storage="c:\projects\undeadearth\undeadearth.test\bin\debug\undeadearth.test.dll" id="6c066a85-168d-65f4-cc37-317318414373">
      <Execution id="447520dd-fc25-459d-a5af-1f256cef67f0" />
      <TestMethod codeBase="C:/Projects/UndeadEarth/UndeadEarth.Test/bin/Debug/UndeadEarth.Test.DLL" adapterTypeName="Microsoft.VisualStudio.TestTools.TestTypes.Unit.UnitTestAdapter, Microsoft.VisualStudio.QualityTools.Tips.UnitTest.Adapter, Version=10.0.0.0, Culture=neutral, PublicKeyToken=b03f5f7f11d50a3a" className="UndeadEarth.Test.Model.when_retrieving_achievements, UndeadEarth.Test, Version=1.0.0.0, Culture=neutral, PublicKeyToken=null" name="should_return_achievement_for_destroying_10000_zombie_packs" />
    </UnitTest>
    <UnitTest name="should_return_correct_energy_for_given_level" storage="c:\projects\undeadearth\undeadearth.test\bin\debug\undeadearth.test.dll" id="c19d7fe3-d556-ad76-9806-5e328516f06f">
      <Execution id="b740e8e1-3f74-4cdd-bac2-c2344785350e" />
      <TestMethod codeBase="C:/Projects/UndeadEarth/UndeadEarth.Test/bin/Debug/UndeadEarth.Test.DLL" adapterTypeName="Microsoft.VisualStudio.TestTools.TestTypes.Unit.UnitTestAdapter, Microsoft.VisualStudio.QualityTools.Tips.UnitTest.Adapter, Version=10.0.0.0, Culture=neutral, PublicKeyToken=b03f5f7f11d50a3a" className="UndeadEarth.Test.Model.when_servicing_user_level_and_attributes, UndeadEarth.Test, Version=1.0.0.0, Culture=neutral, PublicKeyToken=null" name="should_return_correct_energy_for_given_level" />
    </UnitTest>
    <UnitTest name="should_return_false_if_safe_house_does_not_have_item" storage="c:\projects\undeadearth\undeadearth.test\bin\debug\undeadearth.test.dll" id="3d1741aa-9576-2eb5-470e-7f713a2bc4d7">
      <Execution id="bec6ffd3-98c7-4781-8540-b9c1a36ca269" />
      <TestMethod codeBase="C:/Projects/UndeadEarth/UndeadEarth.Test/bin/Debug/UndeadEarth.Test.DLL" adapterTypeName="Microsoft.VisualStudio.TestTools.TestTypes.Unit.UnitTestAdapter, Microsoft.VisualStudio.QualityTools.Tips.UnitTest.Adapter, Version=10.0.0.0, Culture=neutral, PublicKeyToken=b03f5f7f11d50a3a" className="UndeadEarth.Test.Dal.when_retrieving_safe_houses, UndeadEarth.Test, Version=1.0.0.0, Culture=neutral, PublicKeyToken=null" name="should_return_false_if_safe_house_does_not_have_item" />
    </UnitTest>
    <UnitTest name="should_save_user_max_energy" storage="c:\projects\undeadearth\undeadearth.test\bin\debug\undeadearth.test.dll" id="60b889f5-aa93-4766-ebaf-876bc425b3c4">
      <Execution id="d316e161-9ac4-43f9-be7d-91bc59507cff" />
      <TestMethod codeBase="C:/Projects/UndeadEarth/UndeadEarth.Test/bin/Debug/UndeadEarth.Test.DLL" adapterTypeName="Microsoft.VisualStudio.TestTools.TestTypes.Unit.UnitTestAdapter, Microsoft.VisualStudio.QualityTools.Tips.UnitTest.Adapter, Version=10.0.0.0, Culture=neutral, PublicKeyToken=b03f5f7f11d50a3a" className="UndeadEarth.Test.Dal.Utility.when_saving_user_energy, UndeadEarth.Test, Version=1.0.0.0, Culture=neutral, PublicKeyToken=null" name="should_save_user_max_energy" />
    </UnitTest>
    <UnitTest name="should_move_user_and_update_users_location_if_user_has_enough_energy_to_move_to_location" storage="c:\projects\undeadearth\undeadearth.test\bin\debug\undeadearth.test.dll" id="1339f28e-8dc2-ea63-491b-e46002a2f545">
      <Execution id="9e619cda-0779-415a-8bfc-d954b27d177a" />
      <TestMethod codeBase="C:/Projects/UndeadEarth/UndeadEarth.Test/bin/Debug/UndeadEarth.Test.DLL" adapterTypeName="Microsoft.VisualStudio.TestTools.TestTypes.Unit.UnitTestAdapter, Microsoft.VisualStudio.QualityTools.Tips.UnitTest.Adapter, Version=10.0.0.0, Culture=neutral, PublicKeyToken=b03f5f7f11d50a3a" className="UndeadEarth.Test.Model.when_moving_user, UndeadEarth.Test, Version=1.0.0.0, Culture=neutral, PublicKeyToken=null" name="should_move_user_and_update_users_location_if_user_has_enough_energy_to_move_to_location" />
    </UnitTest>
    <UnitTest name="the_attack_for_determinging_zombie_pack_difficulty_should_be_1" storage="c:\projects\undeadearth\undeadearth.test\bin\debug\undeadearth.test.dll" id="ed27cc8b-f076-d5ca-e1a7-e11e80ed7216">
      <Execution id="bd19a171-f0ae-477e-a185-419969efb210" />
      <TestMethod codeBase="C:/Projects/UndeadEarth/UndeadEarth.Test/bin/Debug/UndeadEarth.Test.DLL" adapterTypeName="Microsoft.VisualStudio.TestTools.TestTypes.Unit.UnitTestAdapter, Microsoft.VisualStudio.QualityTools.Tips.UnitTest.Adapter, Version=10.0.0.0, Culture=neutral, PublicKeyToken=b03f5f7f11d50a3a" className="UndeadEarth.Test.Dal.when_inserting_user, UndeadEarth.Test, Version=1.0.0.0, Culture=neutral, PublicKeyToken=null" name="the_attack_for_determinging_zombie_pack_difficulty_should_be_1" />
    </UnitTest>
    <UnitTest name="should_return_null_if_no_item_found" storage="c:\projects\undeadearth\undeadearth.test\bin\debug\undeadearth.test.dll" id="d079bc7a-5632-90a3-fd08-a3194bc2d4b6">
      <Execution id="5a9d91b9-e865-427f-9fd2-3d9bdcdda600" />
      <TestMethod codeBase="C:/Projects/UndeadEarth/UndeadEarth.Test/bin/Debug/UndeadEarth.Test.DLL" adapterTypeName="Microsoft.VisualStudio.TestTools.TestTypes.Unit.UnitTestAdapter, Microsoft.VisualStudio.QualityTools.Tips.UnitTest.Adapter, Version=10.0.0.0, Culture=neutral, PublicKeyToken=b03f5f7f11d50a3a" className="UndeadEarth.Test.Dal.when_retrieving_items, UndeadEarth.Test, Version=1.0.0.0, Culture=neutral, PublicKeyToken=null" name="should_return_null_if_no_item_found" />
    </UnitTest>
    <UnitTest name="should_disregard_if_safe_house_does_not_exist" storage="c:\projects\undeadearth\undeadearth.test\bin\debug\undeadearth.test.dll" id="7685b20a-de0b-8bc0-6c22-3a9d32aab4bd">
      <Execution id="464b84ec-5d07-4ab4-8d72-6a770fb26ec7" />
      <TestMethod codeBase="C:/Projects/UndeadEarth/UndeadEarth.Test/bin/Debug/UndeadEarth.Test.DLL" adapterTypeName="Microsoft.VisualStudio.TestTools.TestTypes.Unit.UnitTestAdapter, Microsoft.VisualStudio.QualityTools.Tips.UnitTest.Adapter, Version=10.0.0.0, Culture=neutral, PublicKeyToken=b03f5f7f11d50a3a" className="UndeadEarth.Test.Model.when_transferring_items_from_safe_house_to_user, UndeadEarth.Test, Version=1.0.0.0, Culture=neutral, PublicKeyToken=null" name="should_disregard_if_safe_house_does_not_exist" />
    </UnitTest>
    <UnitTest name="should_retrieve_user_current_item_slot_capacity" storage="c:\projects\undeadearth\undeadearth.test\bin\debug\undeadearth.test.dll" id="fb8ca09b-7f12-89fe-19bf-bcebd7198872">
      <Execution id="828bb0f0-656c-4e31-adb6-c654d87a1372" />
      <TestMethod codeBase="C:/Projects/UndeadEarth/UndeadEarth.Test/bin/Debug/UndeadEarth.Test.DLL" adapterTypeName="Microsoft.VisualStudio.TestTools.TestTypes.Unit.UnitTestAdapter, Microsoft.VisualStudio.QualityTools.Tips.UnitTest.Adapter, Version=10.0.0.0, Culture=neutral, PublicKeyToken=b03f5f7f11d50a3a" className="UndeadEarth.Test.Dal.when_retrieving_user, UndeadEarth.Test, Version=1.0.0.0, Culture=neutral, PublicKeyToken=null" name="should_retrieve_user_current_item_slot_capacity" />
    </UnitTest>
    <UnitTest name="should_return_0_if_user_does_not_exist" storage="c:\projects\undeadearth\undeadearth.test\bin\debug\undeadearth.test.dll" id="9f650caf-3801-3ddc-df66-451ef0461b2d">
      <Execution id="a9d997ca-6130-4171-b143-f987d9f8b50e" />
      <TestMethod codeBase="C:/Projects/UndeadEarth/UndeadEarth.Test/bin/Debug/UndeadEarth.Test.DLL" adapterTypeName="Microsoft.VisualStudio.TestTools.TestTypes.Unit.UnitTestAdapter, Microsoft.VisualStudio.QualityTools.Tips.UnitTest.Adapter, Version=10.0.0.0, Culture=neutral, PublicKeyToken=b03f5f7f11d50a3a" className="UndeadEarth.Test.Model.when_determining_users_current_energy, UndeadEarth.Test, Version=1.0.0.0, Culture=neutral, PublicKeyToken=null" name="should_return_0_if_user_does_not_exist" />
    </UnitTest>
    <UnitTest name="should_create_user_with_starting_location" storage="c:\projects\undeadearth\undeadearth.test\bin\debug\undeadearth.test.dll" id="40ac08e5-9855-8df2-ac1a-e320ada85f67">
      <Execution id="f972cea1-a100-43bd-bab2-7e387b8b532b" />
      <TestMethod codeBase="C:/Projects/UndeadEarth/UndeadEarth.Test/bin/Debug/UndeadEarth.Test.DLL" adapterTypeName="Microsoft.VisualStudio.TestTools.TestTypes.Unit.UnitTestAdapter, Microsoft.VisualStudio.QualityTools.Tips.UnitTest.Adapter, Version=10.0.0.0, Culture=neutral, PublicKeyToken=b03f5f7f11d50a3a" className="UndeadEarth.Test.Model.when_creating_user, UndeadEarth.Test, Version=1.0.0.0, Culture=neutral, PublicKeyToken=null" name="should_create_user_with_starting_location" />
    </UnitTest>
    <UnitTest name="should_replenish_energy_after_level_up" storage="c:\projects\undeadearth\undeadearth.test\bin\debug\undeadearth.test.dll" id="26db6a1b-fb8c-0332-7a76-ee9c69851e7c">
      <Execution id="aaa3a000-d1b3-4628-b849-7c09d7b8eb6b" />
      <TestMethod codeBase="C:/Projects/UndeadEarth/UndeadEarth.Test/bin/Debug/UndeadEarth.Test.DLL" adapterTypeName="Microsoft.VisualStudio.TestTools.TestTypes.Unit.UnitTestAdapter, Microsoft.VisualStudio.QualityTools.Tips.UnitTest.Adapter, Version=10.0.0.0, Culture=neutral, PublicKeyToken=b03f5f7f11d50a3a" className="UndeadEarth.Test.Model.when_servicing_user_level_and_attributes, UndeadEarth.Test, Version=1.0.0.0, Culture=neutral, PublicKeyToken=null" name="should_replenish_energy_after_level_up" />
    </UnitTest>
    <UnitTest name="should_return_achievement_for_destroying_10_zombie_packs" storage="c:\projects\undeadearth\undeadearth.test\bin\debug\undeadearth.test.dll" id="6f4679a3-c135-f19d-6bfb-2e441fc3cb12">
      <Execution id="b464e8b6-62e6-4c67-be43-cedf4e1d8db7" />
      <TestMethod codeBase="C:/Projects/UndeadEarth/UndeadEarth.Test/bin/Debug/UndeadEarth.Test.DLL" adapterTypeName="Microsoft.VisualStudio.TestTools.TestTypes.Unit.UnitTestAdapter, Microsoft.VisualStudio.QualityTools.Tips.UnitTest.Adapter, Version=10.0.0.0, Culture=neutral, PublicKeyToken=b03f5f7f11d50a3a" className="UndeadEarth.Test.Model.when_retrieving_achievements, UndeadEarth.Test, Version=1.0.0.0, Culture=neutral, PublicKeyToken=null" name="should_return_achievement_for_destroying_10_zombie_packs" />
    </UnitTest>
    <UnitTest name="should_get_user_item_count" storage="c:\projects\undeadearth\undeadearth.test\bin\debug\undeadearth.test.dll" id="5fa17309-6178-e440-0cb3-9987b0eaea65">
      <Execution id="8da5e2dc-1032-46ff-b33c-9aeb73e0d51e" />
      <TestMethod codeBase="C:/Projects/UndeadEarth/UndeadEarth.Test/bin/Debug/UndeadEarth.Test.DLL" adapterTypeName="Microsoft.VisualStudio.TestTools.TestTypes.Unit.UnitTestAdapter, Microsoft.VisualStudio.QualityTools.Tips.UnitTest.Adapter, Version=10.0.0.0, Culture=neutral, PublicKeyToken=b03f5f7f11d50a3a" className="UndeadEarth.Test.Dal.when_retrieving_items, UndeadEarth.Test, Version=1.0.0.0, Culture=neutral, PublicKeyToken=null" name="should_get_user_item_count" />
    </UnitTest>
    <UnitTest name="should_throw_error_if_user_already_exists" storage="c:\projects\undeadearth\undeadearth.test\bin\debug\undeadearth.test.dll" id="6d259f14-cf5c-860f-f3bc-07fb6a901208">
      <Execution id="30ff625c-c25d-4f5e-b4ef-66a1a7db578a" />
      <TestMethod codeBase="C:/Projects/UndeadEarth/UndeadEarth.Test/bin/Debug/UndeadEarth.Test.DLL" adapterTypeName="Microsoft.VisualStudio.TestTools.TestTypes.Unit.UnitTestAdapter, Microsoft.VisualStudio.QualityTools.Tips.UnitTest.Adapter, Version=10.0.0.0, Culture=neutral, PublicKeyToken=b03f5f7f11d50a3a" className="UndeadEarth.Test.Dal.when_inserting_user, UndeadEarth.Test, Version=1.0.0.0, Culture=neutral, PublicKeyToken=null" name="should_throw_error_if_user_already_exists" />
    </UnitTest>
    <UnitTest name="should_set_user_current_base_attack" storage="c:\projects\undeadearth\undeadearth.test\bin\debug\undeadearth.test.dll" id="890ef093-5e72-8ed9-1c1c-1c73a74ec8fc">
      <Execution id="a2465a37-7ec5-41f8-b01c-24e8e3338003" />
      <TestMethod codeBase="C:/Projects/UndeadEarth/UndeadEarth.Test/bin/Debug/UndeadEarth.Test.DLL" adapterTypeName="Microsoft.VisualStudio.TestTools.TestTypes.Unit.UnitTestAdapter, Microsoft.VisualStudio.QualityTools.Tips.UnitTest.Adapter, Version=10.0.0.0, Culture=neutral, PublicKeyToken=b03f5f7f11d50a3a" className="UndeadEarth.Test.Dal.when_saving_user, UndeadEarth.Test, Version=1.0.0.0, Culture=neutral, PublicKeyToken=null" name="should_set_user_current_base_attack" />
    </UnitTest>
    <UnitTest name="the_energy_for_determining_zombie_pack_difficulty_should_be_100" storage="c:\projects\undeadearth\undeadearth.test\bin\debug\undeadearth.test.dll" id="c9a124e9-2f09-63d2-22cf-ad1bad23f16c">
      <Execution id="2790b396-4edc-4a45-99b5-fc9aebf1d25f" />
      <TestMethod codeBase="C:/Projects/UndeadEarth/UndeadEarth.Test/bin/Debug/UndeadEarth.Test.DLL" adapterTypeName="Microsoft.VisualStudio.TestTools.TestTypes.Unit.UnitTestAdapter, Microsoft.VisualStudio.QualityTools.Tips.UnitTest.Adapter, Version=10.0.0.0, Culture=neutral, PublicKeyToken=b03f5f7f11d50a3a" className="UndeadEarth.Test.Dal.when_inserting_user, UndeadEarth.Test, Version=1.0.0.0, Culture=neutral, PublicKeyToken=null" name="the_energy_for_determining_zombie_pack_difficulty_should_be_100" />
    </UnitTest>
    <UnitTest name="should_return_energy_along_with_any_energy_increase_from_many_items_in_safehouse" storage="c:\projects\undeadearth\undeadearth.test\bin\debug\undeadearth.test.dll" id="214d4e68-bd5b-8ca7-2eae-cad7ae4b5618">
      <Execution id="dc572904-a091-4fff-bca0-577bd701501d" />
      <TestMethod codeBase="C:/Projects/UndeadEarth/UndeadEarth.Test/bin/Debug/UndeadEarth.Test.DLL" adapterTypeName="Microsoft.VisualStudio.TestTools.TestTypes.Unit.UnitTestAdapter, Microsoft.VisualStudio.QualityTools.Tips.UnitTest.Adapter, Version=10.0.0.0, Culture=neutral, PublicKeyToken=b03f5f7f11d50a3a" className="UndeadEarth.Test.Model.when_determining_users_max_potential_energy, UndeadEarth.Test, Version=1.0.0.0, Culture=neutral, PublicKeyToken=null" name="should_return_energy_along_with_any_energy_increase_from_many_items_in_safehouse" />
    </UnitTest>
    <UnitTest name="should_disregard_if_item_does_not_exist" storage="c:\projects\undeadearth\undeadearth.test\bin\debug\undeadearth.test.dll" id="7c057236-5b5f-451c-5800-6e05c196b383">
      <Execution id="736fe4b9-7a86-45d5-bb81-cca363067481" />
      <TestMethod codeBase="C:/Projects/UndeadEarth/UndeadEarth.Test/bin/Debug/UndeadEarth.Test.DLL" adapterTypeName="Microsoft.VisualStudio.TestTools.TestTypes.Unit.UnitTestAdapter, Microsoft.VisualStudio.QualityTools.Tips.UnitTest.Adapter, Version=10.0.0.0, Culture=neutral, PublicKeyToken=b03f5f7f11d50a3a" className="UndeadEarth.Test.Model.when_transferring_items_from_safe_house_to_user, UndeadEarth.Test, Version=1.0.0.0, Culture=neutral, PublicKeyToken=null" name="should_disregard_if_item_does_not_exist" />
    </UnitTest>
    <UnitTest name="should_return_0_if_time_passed_into_calculate_energy_is_less_than_the_last_saved_energy_record" storage="c:\projects\undeadearth\undeadearth.test\bin\debug\undeadearth.test.dll" id="57effb65-6bba-b10e-d004-938020663a0f">
      <Execution id="d0b7e6cd-b865-49ee-a5df-383866fcdd61" />
      <TestMethod codeBase="C:/Projects/UndeadEarth/UndeadEarth.Test/bin/Debug/UndeadEarth.Test.DLL" adapterTypeName="Microsoft.VisualStudio.TestTools.TestTypes.Unit.UnitTestAdapter, Microsoft.VisualStudio.QualityTools.Tips.UnitTest.Adapter, Version=10.0.0.0, Culture=neutral, PublicKeyToken=b03f5f7f11d50a3a" className="UndeadEarth.Test.Model.when_determining_users_current_energy, UndeadEarth.Test, Version=1.0.0.0, Culture=neutral, PublicKeyToken=null" name="should_return_0_if_time_passed_into_calculate_energy_is_less_than_the_last_saved_energy_record" />
    </UnitTest>
    <UnitTest name="should_return_last_energy_saved_If_there_is_no_difference_between_the_current_time_passed_in_and_the_last_saved_energy_from_the_repository" storage="c:\projects\undeadearth\undeadearth.test\bin\debug\undeadearth.test.dll" id="d688d02d-3269-304b-a6e8-10e959d858db">
      <Execution id="3158ec05-2073-425c-abbc-b3ca23d67278" />
      <TestMethod codeBase="C:/Projects/UndeadEarth/UndeadEarth.Test/bin/Debug/UndeadEarth.Test.DLL" adapterTypeName="Microsoft.VisualStudio.TestTools.TestTypes.Unit.UnitTestAdapter, Microsoft.VisualStudio.QualityTools.Tips.UnitTest.Adapter, Version=10.0.0.0, Culture=neutral, PublicKeyToken=b03f5f7f11d50a3a" className="UndeadEarth.Test.Model.when_determining_users_current_energy, UndeadEarth.Test, Version=1.0.0.0, Culture=neutral, PublicKeyToken=null" name="should_return_last_energy_saved_If_there_is_no_difference_between_the_current_time_passed_in_and_the_last_saved_energy_from_the_repository" />
    </UnitTest>
    <UnitTest name="should_return_achievement_for_killing_100_zombies" storage="c:\projects\undeadearth\undeadearth.test\bin\debug\undeadearth.test.dll" id="6d677716-f4a3-32e4-d489-2827222e4b43">
      <Execution id="d7251071-3450-4ac0-9de2-47006f8f0bee" />
      <TestMethod codeBase="C:/Projects/UndeadEarth/UndeadEarth.Test/bin/Debug/UndeadEarth.Test.DLL" adapterTypeName="Microsoft.VisualStudio.TestTools.TestTypes.Unit.UnitTestAdapter, Microsoft.VisualStudio.QualityTools.Tips.UnitTest.Adapter, Version=10.0.0.0, Culture=neutral, PublicKeyToken=b03f5f7f11d50a3a" className="UndeadEarth.Test.Model.when_retrieving_achievements, UndeadEarth.Test, Version=1.0.0.0, Culture=neutral, PublicKeyToken=null" name="should_return_achievement_for_killing_100_zombies" />
    </UnitTest>
    <UnitTest name="should_update_user_last_hotzone_location_after_successful_hunt" storage="c:\projects\undeadearth\undeadearth.test\bin\debug\undeadearth.test.dll" id="6e5c9897-01e5-0ddc-270e-62065e9e22f7">
      <Execution id="4a710951-a5d5-419b-a091-074e0a6959bb" />
      <TestMethod codeBase="C:/Projects/UndeadEarth/UndeadEarth.Test/bin/Debug/UndeadEarth.Test.DLL" adapterTypeName="Microsoft.VisualStudio.TestTools.TestTypes.Unit.UnitTestAdapter, Microsoft.VisualStudio.QualityTools.Tips.UnitTest.Adapter, Version=10.0.0.0, Culture=neutral, PublicKeyToken=b03f5f7f11d50a3a" className="UndeadEarth.Test.Model.when_hunting_for_zombies, UndeadEarth.Test, Version=1.0.0.0, Culture=neutral, PublicKeyToken=null" name="should_update_user_last_hotzone_location_after_successful_hunt" />
    </UnitTest>
    <UnitTest name="should_record_how_many_miles_have_been_moved_for_achievements" storage="c:\projects\undeadearth\undeadearth.test\bin\debug\undeadearth.test.dll" id="52c534e6-f8bb-1f9f-939a-d5c5c52fa419">
      <Execution id="5ff1e382-4f08-49ce-bdc2-fe46c912bb1b" />
      <TestMethod codeBase="C:/Projects/UndeadEarth/UndeadEarth.Test/bin/Debug/UndeadEarth.Test.DLL" adapterTypeName="Microsoft.VisualStudio.TestTools.TestTypes.Unit.UnitTestAdapter, Microsoft.VisualStudio.QualityTools.Tips.UnitTest.Adapter, Version=10.0.0.0, Culture=neutral, PublicKeyToken=b03f5f7f11d50a3a" className="UndeadEarth.Test.Model.when_moving_user, UndeadEarth.Test, Version=1.0.0.0, Culture=neutral, PublicKeyToken=null" name="should_record_how_many_miles_have_been_moved_for_achievements" />
    </UnitTest>
    <UnitTest name="the_last_visited_hotzone_should_be_starting_location" storage="c:\projects\undeadearth\undeadearth.test\bin\debug\undeadearth.test.dll" id="5edbb1cd-bd31-7ac9-084c-f6f749883ff2">
      <Execution id="f791ad1d-7e72-43f8-bdda-f8a11a0335b8" />
      <TestMethod codeBase="C:/Projects/UndeadEarth/UndeadEarth.Test/bin/Debug/UndeadEarth.Test.DLL" adapterTypeName="Microsoft.VisualStudio.TestTools.TestTypes.Unit.UnitTestAdapter, Microsoft.VisualStudio.QualityTools.Tips.UnitTest.Adapter, Version=10.0.0.0, Culture=neutral, PublicKeyToken=b03f5f7f11d50a3a" className="UndeadEarth.Test.Dal.when_inserting_user, UndeadEarth.Test, Version=1.0.0.0, Culture=neutral, PublicKeyToken=null" name="the_last_visited_hotzone_should_be_starting_location" />
    </UnitTest>
    <UnitTest name="should_return_null_for_last_saved_energy_if_user_exists_but_energy_is_null" storage="c:\projects\undeadearth\undeadearth.test\bin\debug\undeadearth.test.dll" id="da679302-1a0c-b7f2-1c7e-e59bb2763f0f">
      <Execution id="f5f0d91a-a697-4932-90f8-2a31425c460f" />
      <TestMethod codeBase="C:/Projects/UndeadEarth/UndeadEarth.Test/bin/Debug/UndeadEarth.Test.DLL" adapterTypeName="Microsoft.VisualStudio.TestTools.TestTypes.Unit.UnitTestAdapter, Microsoft.VisualStudio.QualityTools.Tips.UnitTest.Adapter, Version=10.0.0.0, Culture=neutral, PublicKeyToken=b03f5f7f11d50a3a" className="UndeadEarth.Test.Dal.when_retrieving_user_energy, UndeadEarth.Test, Version=1.0.0.0, Culture=neutral, PublicKeyToken=null" name="should_return_null_for_last_saved_energy_if_user_exists_but_energy_is_null" />
    </UnitTest>
    <UnitTest name="should_record_peak_zombies_destroyed" storage="c:\projects\undeadearth\undeadearth.test\bin\debug\undeadearth.test.dll" id="e6a8c00a-faa8-0745-e831-40d2f4668ade">
      <Execution id="2205e403-541a-4e6a-8e5e-2f9a3047e0d6" />
      <TestMethod codeBase="C:/Projects/UndeadEarth/UndeadEarth.Test/bin/Debug/UndeadEarth.Test.DLL" adapterTypeName="Microsoft.VisualStudio.TestTools.TestTypes.Unit.UnitTestAdapter, Microsoft.VisualStudio.QualityTools.Tips.UnitTest.Adapter, Version=10.0.0.0, Culture=neutral, PublicKeyToken=b03f5f7f11d50a3a" className="UndeadEarth.Test.Model.when_hunting_for_zombies, UndeadEarth.Test, Version=1.0.0.0, Culture=neutral, PublicKeyToken=null" name="should_record_peak_zombies_destroyed" />
    </UnitTest>
    <UnitTest name="should_return_current_level_for_user" storage="c:\projects\undeadearth\undeadearth.test\bin\debug\undeadearth.test.dll" id="0ee84f2b-31e9-0047-e6f0-0ec71b544574">
      <Execution id="c97c6c95-f728-48f5-a273-5cd91aed9379" />
      <TestMethod codeBase="C:/Projects/UndeadEarth/UndeadEarth.Test/bin/Debug/UndeadEarth.Test.DLL" adapterTypeName="Microsoft.VisualStudio.TestTools.TestTypes.Unit.UnitTestAdapter, Microsoft.VisualStudio.QualityTools.Tips.UnitTest.Adapter, Version=10.0.0.0, Culture=neutral, PublicKeyToken=b03f5f7f11d50a3a" className="UndeadEarth.Test.Model.when_servicing_user_level_and_attributes, UndeadEarth.Test, Version=1.0.0.0, Culture=neutral, PublicKeyToken=null" name="should_return_current_level_for_user" />
    </UnitTest>
    <UnitTest name="should_retrieve_user_current_base_energy" storage="c:\projects\undeadearth\undeadearth.test\bin\debug\undeadearth.test.dll" id="69653733-6f17-afcb-14dc-a6126a62b1ee">
      <Execution id="b1977fca-b261-4b55-b073-43dbf813e9b6" />
      <TestMethod codeBase="C:/Projects/UndeadEarth/UndeadEarth.Test/bin/Debug/UndeadEarth.Test.DLL" adapterTypeName="Microsoft.VisualStudio.TestTools.TestTypes.Unit.UnitTestAdapter, Microsoft.VisualStudio.QualityTools.Tips.UnitTest.Adapter, Version=10.0.0.0, Culture=neutral, PublicKeyToken=b03f5f7f11d50a3a" className="UndeadEarth.Test.Dal.when_retrieving_user, UndeadEarth.Test, Version=1.0.0.0, Culture=neutral, PublicKeyToken=null" name="should_retrieve_user_current_base_energy" />
    </UnitTest>
    <UnitTest name="should_return_zero_if_energy_is_null" storage="c:\projects\undeadearth\undeadearth.test\bin\debug\undeadearth.test.dll" id="6fb9a1f1-9260-fa0f-3246-029c6bade6db">
      <Execution id="4ed76946-18f6-4c64-8d0e-1a23b45f34b9" />
      <TestMethod codeBase="C:/Projects/UndeadEarth/UndeadEarth.Test/bin/Debug/UndeadEarth.Test.DLL" adapterTypeName="Microsoft.VisualStudio.TestTools.TestTypes.Unit.UnitTestAdapter, Microsoft.VisualStudio.QualityTools.Tips.UnitTest.Adapter, Version=10.0.0.0, Culture=neutral, PublicKeyToken=b03f5f7f11d50a3a" className="UndeadEarth.Test.Dal.when_retrieving_items, UndeadEarth.Test, Version=1.0.0.0, Culture=neutral, PublicKeyToken=null" name="should_return_zero_if_energy_is_null" />
    </UnitTest>
    <UnitTest name="should_set_last_sight_radius_date_to_datetimenow_if_its_null_but_last_sight_radius_isnt" storage="c:\projects\undeadearth\undeadearth.test\bin\debug\undeadearth.test.dll" id="9dde4be1-7360-a906-9538-025b609b4796">
      <Execution id="41e3abd3-3105-4e28-b993-c56975f1e4f6" />
      <TestMethod codeBase="C:/Projects/UndeadEarth/UndeadEarth.Test/bin/Debug/UndeadEarth.Test.DLL" adapterTypeName="Microsoft.VisualStudio.TestTools.TestTypes.Unit.UnitTestAdapter, Microsoft.VisualStudio.QualityTools.Tips.UnitTest.Adapter, Version=10.0.0.0, Culture=neutral, PublicKeyToken=b03f5f7f11d50a3a" className="UndeadEarth.Test.Dal.when_retrieving_user_sight_radius, UndeadEarth.Test, Version=1.0.0.0, Culture=neutral, PublicKeyToken=null" name="should_set_last_sight_radius_date_to_datetimenow_if_its_null_but_last_sight_radius_isnt" />
    </UnitTest>
    <UnitTest name="should_retrieve_list_of_items_in_safe_house_that_belong_to_user" storage="c:\projects\undeadearth\undeadearth.test\bin\debug\undeadearth.test.dll" id="66236707-8e98-8099-42db-7e8aeb3fbf02">
      <Execution id="6077e173-108a-4ba2-8f9f-d60b65201a03" />
      <TestMethod codeBase="C:/Projects/UndeadEarth/UndeadEarth.Test/bin/Debug/UndeadEarth.Test.DLL" adapterTypeName="Microsoft.VisualStudio.TestTools.TestTypes.Unit.UnitTestAdapter, Microsoft.VisualStudio.QualityTools.Tips.UnitTest.Adapter, Version=10.0.0.0, Culture=neutral, PublicKeyToken=b03f5f7f11d50a3a" className="UndeadEarth.Test.Dal.when_retrieving_safe_houses, UndeadEarth.Test, Version=1.0.0.0, Culture=neutral, PublicKeyToken=null" name="should_retrieve_list_of_items_in_safe_house_that_belong_to_user" />
    </UnitTest>
    <UnitTest name="should_throw_error_when_returning_user_energy_and_user_doesnt_exist" storage="c:\projects\undeadearth\undeadearth.test\bin\debug\undeadearth.test.dll" id="a92236ed-a367-c7c7-0a25-b11ae709bcb3">
      <Execution id="7d39a203-836c-4c36-8716-5582cb40321d" />
      <TestMethod codeBase="C:/Projects/UndeadEarth/UndeadEarth.Test/bin/Debug/UndeadEarth.Test.DLL" adapterTypeName="Microsoft.VisualStudio.TestTools.TestTypes.Unit.UnitTestAdapter, Microsoft.VisualStudio.QualityTools.Tips.UnitTest.Adapter, Version=10.0.0.0, Culture=neutral, PublicKeyToken=b03f5f7f11d50a3a" className="UndeadEarth.Test.Dal.when_retrieving_user, UndeadEarth.Test, Version=1.0.0.0, Culture=neutral, PublicKeyToken=null" name="should_throw_error_when_returning_user_energy_and_user_doesnt_exist" />
    </UnitTest>
    <UnitTest name="should_truncate_seconds_and_milliseconds_from_times_that_are_being_used_for_calculating_energy" storage="c:\projects\undeadearth\undeadearth.test\bin\debug\undeadearth.test.dll" id="70a48ca4-778f-c05e-3b5d-4d1dd614ffe7">
      <Execution id="ec38c95e-5bdf-4901-aeee-0fdfb72a279c" />
      <TestMethod codeBase="C:/Projects/UndeadEarth/UndeadEarth.Test/bin/Debug/UndeadEarth.Test.DLL" adapterTypeName="Microsoft.VisualStudio.TestTools.TestTypes.Unit.UnitTestAdapter, Microsoft.VisualStudio.QualityTools.Tips.UnitTest.Adapter, Version=10.0.0.0, Culture=neutral, PublicKeyToken=b03f5f7f11d50a3a" className="UndeadEarth.Test.Model.when_determining_users_current_energy, UndeadEarth.Test, Version=1.0.0.0, Culture=neutral, PublicKeyToken=null" name="should_truncate_seconds_and_milliseconds_from_times_that_are_being_used_for_calculating_energy" />
    </UnitTest>
    <UnitTest name="should_disregard_one_use_items_that_can_be_bought" storage="c:\projects\undeadearth\undeadearth.test\bin\debug\undeadearth.test.dll" id="b5bf2f35-dde6-66e3-7545-0164ceb4c3bb">
      <Execution id="bbf16337-2081-481d-83ea-3fb8c30257a3" />
      <TestMethod codeBase="C:/Projects/UndeadEarth/UndeadEarth.Test/bin/Debug/UndeadEarth.Test.DLL" adapterTypeName="Microsoft.VisualStudio.TestTools.TestTypes.Unit.UnitTestAdapter, Microsoft.VisualStudio.QualityTools.Tips.UnitTest.Adapter, Version=10.0.0.0, Culture=neutral, PublicKeyToken=b03f5f7f11d50a3a" className="UndeadEarth.Test.Model.when_determining_users_max_potential_energy, UndeadEarth.Test, Version=1.0.0.0, Culture=neutral, PublicKeyToken=null" name="should_disregard_one_use_items_that_can_be_bought" />
    </UnitTest>
    <UnitTest name="should_return_null_for_base_sight_radius_if_user_does_not_exist" storage="c:\projects\undeadearth\undeadearth.test\bin\debug\undeadearth.test.dll" id="dcd64675-21d8-0b9a-9cf5-ac50822ee771">
      <Execution id="7fe423eb-c3e3-4ae5-9f05-d4837c611640" />
      <TestMethod codeBase="C:/Projects/UndeadEarth/UndeadEarth.Test/bin/Debug/UndeadEarth.Test.DLL" adapterTypeName="Microsoft.VisualStudio.TestTools.TestTypes.Unit.UnitTestAdapter, Microsoft.VisualStudio.QualityTools.Tips.UnitTest.Adapter, Version=10.0.0.0, Culture=neutral, PublicKeyToken=b03f5f7f11d50a3a" className="UndeadEarth.Test.Dal.when_retrieving_user_sight_radius, UndeadEarth.Test, Version=1.0.0.0, Culture=neutral, PublicKeyToken=null" name="should_return_null_for_base_sight_radius_if_user_does_not_exist" />
    </UnitTest>
    <UnitTest name="should_increment_zombie_pack_destroyed_count" storage="c:\projects\undeadearth\undeadearth.test\bin\debug\undeadearth.test.dll" id="556fe5d0-aedd-a933-babc-4606a23e064e">
      <Execution id="1b336bf5-5afe-459a-a1c4-72e25d737710" />
      <TestMethod codeBase="C:/Projects/UndeadEarth/UndeadEarth.Test/bin/Debug/UndeadEarth.Test.DLL" adapterTypeName="Microsoft.VisualStudio.TestTools.TestTypes.Unit.UnitTestAdapter, Microsoft.VisualStudio.QualityTools.Tips.UnitTest.Adapter, Version=10.0.0.0, Culture=neutral, PublicKeyToken=b03f5f7f11d50a3a" className="UndeadEarth.Test.Dal.when_saving_user_counts, UndeadEarth.Test, Version=1.0.0.0, Culture=neutral, PublicKeyToken=null" name="should_increment_zombie_pack_destroyed_count" />
    </UnitTest>
    <UnitTest name="should_give_energy_based_on_best_items_from_user_usersafehouse_and_items_that_can_be_bought" storage="c:\projects\undeadearth\undeadearth.test\bin\debug\undeadearth.test.dll" id="6b30f78c-5c97-e5aa-0928-de7f5ee83660">
      <Execution id="5be16fa0-fb89-4f7d-b18f-ebf7b452bede" />
      <TestMethod codeBase="C:/Projects/UndeadEarth/UndeadEarth.Test/bin/Debug/UndeadEarth.Test.DLL" adapterTypeName="Microsoft.VisualStudio.TestTools.TestTypes.Unit.UnitTestAdapter, Microsoft.VisualStudio.QualityTools.Tips.UnitTest.Adapter, Version=10.0.0.0, Culture=neutral, PublicKeyToken=b03f5f7f11d50a3a" className="UndeadEarth.Test.Model.when_determining_users_max_potential_energy, UndeadEarth.Test, Version=1.0.0.0, Culture=neutral, PublicKeyToken=null" name="should_give_energy_based_on_best_items_from_user_usersafehouse_and_items_that_can_be_bought" />
    </UnitTest>
    <UnitTest name="should_set_user_current_base_energy" storage="c:\projects\undeadearth\undeadearth.test\bin\debug\undeadearth.test.dll" id="5f382a5a-614c-c9d5-67f1-1ceadc4420b1">
      <Execution id="7cb49fe5-0de6-4014-a111-64b430561072" />
      <TestMethod codeBase="C:/Projects/UndeadEarth/UndeadEarth.Test/bin/Debug/UndeadEarth.Test.DLL" adapterTypeName="Microsoft.VisualStudio.TestTools.TestTypes.Unit.UnitTestAdapter, Microsoft.VisualStudio.QualityTools.Tips.UnitTest.Adapter, Version=10.0.0.0, Culture=neutral, PublicKeyToken=b03f5f7f11d50a3a" className="UndeadEarth.Test.Dal.when_saving_user, UndeadEarth.Test, Version=1.0.0.0, Culture=neutral, PublicKeyToken=null" name="should_set_user_current_base_energy" />
    </UnitTest>
    <UnitTest name="should_update_user_location_if_user_exists" storage="c:\projects\undeadearth\undeadearth.test\bin\debug\undeadearth.test.dll" id="00f036f8-7ea4-f115-2065-21a527c875c4">
      <Execution id="754d4c3a-17ca-47f1-87ee-b21a244b1f95" />
      <TestMethod codeBase="C:/Projects/UndeadEarth/UndeadEarth.Test/bin/Debug/UndeadEarth.Test.DLL" adapterTypeName="Microsoft.VisualStudio.TestTools.TestTypes.Unit.UnitTestAdapter, Microsoft.VisualStudio.QualityTools.Tips.UnitTest.Adapter, Version=10.0.0.0, Culture=neutral, PublicKeyToken=b03f5f7f11d50a3a" className="UndeadEarth.Test.Dal.when_saving_user, UndeadEarth.Test, Version=1.0.0.0, Culture=neutral, PublicKeyToken=null" name="should_update_user_location_if_user_exists" />
    </UnitTest>
    <UnitTest name="should_return_null_for_last_saved_sight_radius_if_user_does_not_exist" storage="c:\projects\undeadearth\undeadearth.test\bin\debug\undeadearth.test.dll" id="f171bbe9-81e2-ed24-643d-8a7305f52326">
      <Execution id="d0930f86-112a-4d7d-a565-6bbb935e55e8" />
      <TestMethod codeBase="C:/Projects/UndeadEarth/UndeadEarth.Test/bin/Debug/UndeadEarth.Test.DLL" adapterTypeName="Microsoft.VisualStudio.TestTools.TestTypes.Unit.UnitTestAdapter, Microsoft.VisualStudio.QualityTools.Tips.UnitTest.Adapter, Version=10.0.0.0, Culture=neutral, PublicKeyToken=b03f5f7f11d50a3a" className="UndeadEarth.Test.Dal.when_retrieving_user_sight_radius, UndeadEarth.Test, Version=1.0.0.0, Culture=neutral, PublicKeyToken=null" name="should_return_null_for_last_saved_sight_radius_if_user_does_not_exist" />
    </UnitTest>
    <UnitTest name="should_add_money_passed_in_to_money_of_the_current_user" storage="c:\projects\undeadearth\undeadearth.test\bin\debug\undeadearth.test.dll" id="db2cbd38-a14d-b06e-fd2b-542b84645680">
      <Execution id="a7353b12-e091-4f6c-8662-e8b0e7d6f0a3" />
      <TestMethod codeBase="C:/Projects/UndeadEarth/UndeadEarth.Test/bin/Debug/UndeadEarth.Test.DLL" adapterTypeName="Microsoft.VisualStudio.TestTools.TestTypes.Unit.UnitTestAdapter, Microsoft.VisualStudio.QualityTools.Tips.UnitTest.Adapter, Version=10.0.0.0, Culture=neutral, PublicKeyToken=b03f5f7f11d50a3a" className="UndeadEarth.Test.Dal.when_saving_user, UndeadEarth.Test, Version=1.0.0.0, Culture=neutral, PublicKeyToken=null" name="should_add_money_passed_in_to_money_of_the_current_user" />
    </UnitTest>
    <UnitTest name="should_return_all_hot_zones" storage="c:\projects\undeadearth\undeadearth.test\bin\debug\undeadearth.test.dll" id="7209dcdb-bb1a-d89a-c5cb-4180ad1a5427">
      <Execution id="4c68c954-3dcf-47ac-81d9-28ebaf158a74" />
      <TestMethod codeBase="C:/Projects/UndeadEarth/UndeadEarth.Test/bin/Debug/UndeadEarth.Test.DLL" adapterTypeName="Microsoft.VisualStudio.TestTools.TestTypes.Unit.UnitTestAdapter, Microsoft.VisualStudio.QualityTools.Tips.UnitTest.Adapter, Version=10.0.0.0, Culture=neutral, PublicKeyToken=b03f5f7f11d50a3a" className="UndeadEarth.Test.Dal.when_retrieving_hot_zones, UndeadEarth.Test, Version=1.0.0.0, Culture=neutral, PublicKeyToken=null" name="should_return_all_hot_zones" />
    </UnitTest>
    <UnitTest name="should_not_hunt_if_user_doesnt_have_enough_energy" storage="c:\projects\undeadearth\undeadearth.test\bin\debug\undeadearth.test.dll" id="68ea6353-2c49-a913-f384-cf2dc40e93c0">
      <Execution id="4df30ed8-7bc5-4b22-b3d0-0be6235a6579" />
      <TestMethod codeBase="C:/Projects/UndeadEarth/UndeadEarth.Test/bin/Debug/UndeadEarth.Test.DLL" adapterTypeName="Microsoft.VisualStudio.TestTools.TestTypes.Unit.UnitTestAdapter, Microsoft.VisualStudio.QualityTools.Tips.UnitTest.Adapter, Version=10.0.0.0, Culture=neutral, PublicKeyToken=b03f5f7f11d50a3a" className="UndeadEarth.Test.Model.when_hunting_for_zombies, UndeadEarth.Test, Version=1.0.0.0, Culture=neutral, PublicKeyToken=null" name="should_not_hunt_if_user_doesnt_have_enough_energy" />
    </UnitTest>
    <UnitTest name="should_save_item_in_safe_house_inventory_and_remove_from_user_inventory" storage="c:\projects\undeadearth\undeadearth.test\bin\debug\undeadearth.test.dll" id="7d9357cd-185a-7a7d-46d5-6e0825f094b5">
      <Execution id="0aad1536-2fad-4708-b15b-2c5f9a1a3a4e" />
      <TestMethod codeBase="C:/Projects/UndeadEarth/UndeadEarth.Test/bin/Debug/UndeadEarth.Test.DLL" adapterTypeName="Microsoft.VisualStudio.TestTools.TestTypes.Unit.UnitTestAdapter, Microsoft.VisualStudio.QualityTools.Tips.UnitTest.Adapter, Version=10.0.0.0, Culture=neutral, PublicKeyToken=b03f5f7f11d50a3a" className="UndeadEarth.Test.Model.when_transferring_items_from_user_to_safe_house, UndeadEarth.Test, Version=1.0.0.0, Culture=neutral, PublicKeyToken=null" name="should_save_item_in_safe_house_inventory_and_remove_from_user_inventory" />
    </UnitTest>
    <UnitTest name="should_return_achievement_for_peak_zombies_100" storage="c:\projects\undeadearth\undeadearth.test\bin\debug\undeadearth.test.dll" id="a4df90b5-6a65-c11c-9306-ae984a6862f3">
      <Execution id="eac91b3e-f484-497e-a292-e0af3363dbc5" />
      <TestMethod codeBase="C:/Projects/UndeadEarth/UndeadEarth.Test/bin/Debug/UndeadEarth.Test.DLL" adapterTypeName="Microsoft.VisualStudio.TestTools.TestTypes.Unit.UnitTestAdapter, Microsoft.VisualStudio.QualityTools.Tips.UnitTest.Adapter, Version=10.0.0.0, Culture=neutral, PublicKeyToken=b03f5f7f11d50a3a" className="UndeadEarth.Test.Model.when_retrieving_achievements, UndeadEarth.Test, Version=1.0.0.0, Culture=neutral, PublicKeyToken=null" name="should_return_achievement_for_peak_zombies_100" />
    </UnitTest>
    <UnitTest name="should_return_all_stores_in_radius" storage="c:\projects\undeadearth\undeadearth.test\bin\debug\undeadearth.test.dll" id="3d4be643-5d31-3e26-f950-26a5f925e40b">
      <Execution id="5ba541e3-1dc8-4291-b492-4f65849c2b81" />
      <TestMethod codeBase="C:/Projects/UndeadEarth/UndeadEarth.Test/bin/Debug/UndeadEarth.Test.DLL" adapterTypeName="Microsoft.VisualStudio.TestTools.TestTypes.Unit.UnitTestAdapter, Microsoft.VisualStudio.QualityTools.Tips.UnitTest.Adapter, Version=10.0.0.0, Culture=neutral, PublicKeyToken=b03f5f7f11d50a3a" className="UndeadEarth.Test.Dal.when_retrieving_stores, UndeadEarth.Test, Version=1.0.0.0, Culture=neutral, PublicKeyToken=null" name="should_return_all_stores_in_radius" />
    </UnitTest>
    <UnitTest name="should_start_with_attack_power_of_1" storage="c:\projects\undeadearth\undeadearth.test\bin\debug\undeadearth.test.dll" id="6f5b8bdf-f4f3-b0ac-2d17-1c769ba70ec7">
      <Execution id="d48244ab-21a5-4b63-b1bf-db4266f81d75" />
      <TestMethod codeBase="C:/Projects/UndeadEarth/UndeadEarth.Test/bin/Debug/UndeadEarth.Test.DLL" adapterTypeName="Microsoft.VisualStudio.TestTools.TestTypes.Unit.UnitTestAdapter, Microsoft.VisualStudio.QualityTools.Tips.UnitTest.Adapter, Version=10.0.0.0, Culture=neutral, PublicKeyToken=b03f5f7f11d50a3a" className="UndeadEarth.Test.Model.when_creating_user, UndeadEarth.Test, Version=1.0.0.0, Culture=neutral, PublicKeyToken=null" name="should_start_with_attack_power_of_1" />
    </UnitTest>
    <UnitTest name="should_return_achievement_for_destroying_100_hotzones" storage="c:\projects\undeadearth\undeadearth.test\bin\debug\undeadearth.test.dll" id="1ade4597-88a4-ccb5-c182-1ea16f848376">
      <Execution id="19222d5b-a022-49bf-b673-77cb6980beca" />
      <TestMethod codeBase="C:/Projects/UndeadEarth/UndeadEarth.Test/bin/Debug/UndeadEarth.Test.DLL" adapterTypeName="Microsoft.VisualStudio.TestTools.TestTypes.Unit.UnitTestAdapter, Microsoft.VisualStudio.QualityTools.Tips.UnitTest.Adapter, Version=10.0.0.0, Culture=neutral, PublicKeyToken=b03f5f7f11d50a3a" className="UndeadEarth.Test.Model.when_retrieving_achievements, UndeadEarth.Test, Version=1.0.0.0, Culture=neutral, PublicKeyToken=null" name="should_return_achievement_for_destroying_100_hotzones" />
    </UnitTest>
    <UnitTest name="should_return_false_if_zombiepack_does_not_exist" storage="c:\projects\undeadearth\undeadearth.test\bin\debug\undeadearth.test.dll" id="cfacc8e4-11ef-5e59-c2dc-f7d2d86d5a2e">
      <Execution id="1e8b83b3-4816-4b0b-872e-87291ad69583" />
      <TestMethod codeBase="C:/Projects/UndeadEarth/UndeadEarth.Test/bin/Debug/UndeadEarth.Test.DLL" adapterTypeName="Microsoft.VisualStudio.TestTools.TestTypes.Unit.UnitTestAdapter, Microsoft.VisualStudio.QualityTools.Tips.UnitTest.Adapter, Version=10.0.0.0, Culture=neutral, PublicKeyToken=b03f5f7f11d50a3a" className="UndeadEarth.Test.Dal.when_checking_if_zombie_pack_exists, UndeadEarth.Test, Version=1.0.0.0, Culture=neutral, PublicKeyToken=null" name="should_return_false_if_zombiepack_does_not_exist" />
    </UnitTest>
    <UnitTest name="should_perform_partial_move_if_user_doesnt_have_enough_energy_to_go_the_entire_length" storage="c:\projects\undeadearth\undeadearth.test\bin\debug\undeadearth.test.dll" id="9a36c4f0-6e47-6967-5e76-948bbb7a2e79">
      <Execution id="22583d23-7cc5-40c4-b1cd-3d0027487481" />
      <TestMethod codeBase="C:/Projects/UndeadEarth/UndeadEarth.Test/bin/Debug/UndeadEarth.Test.DLL" adapterTypeName="Microsoft.VisualStudio.TestTools.TestTypes.Unit.UnitTestAdapter, Microsoft.VisualStudio.QualityTools.Tips.UnitTest.Adapter, Version=10.0.0.0, Culture=neutral, PublicKeyToken=b03f5f7f11d50a3a" className="UndeadEarth.Test.Model.when_moving_user, UndeadEarth.Test, Version=1.0.0.0, Culture=neutral, PublicKeyToken=null" name="should_perform_partial_move_if_user_doesnt_have_enough_energy_to_go_the_entire_length" />
    </UnitTest>
    <UnitTest name="should_not_hunt_if_user_doesnt_exist" storage="c:\projects\undeadearth\undeadearth.test\bin\debug\undeadearth.test.dll" id="5a128d3b-35ba-f233-4f32-be0f8dfb906e">
      <Execution id="ecee7aaf-b6c1-4755-9bc8-729c5722976a" />
      <TestMethod codeBase="C:/Projects/UndeadEarth/UndeadEarth.Test/bin/Debug/UndeadEarth.Test.DLL" adapterTypeName="Microsoft.VisualStudio.TestTools.TestTypes.Unit.UnitTestAdapter, Microsoft.VisualStudio.QualityTools.Tips.UnitTest.Adapter, Version=10.0.0.0, Culture=neutral, PublicKeyToken=b03f5f7f11d50a3a" className="UndeadEarth.Test.Model.when_hunting_for_zombies, UndeadEarth.Test, Version=1.0.0.0, Culture=neutral, PublicKeyToken=null" name="should_not_hunt_if_user_doesnt_exist" />
    </UnitTest>
    <UnitTest name="should_set_to_max_energy_if_item_energy_is_greater_than_max" storage="c:\projects\undeadearth\undeadearth.test\bin\debug\undeadearth.test.dll" id="b28183ac-a700-53c3-0c4c-4c663c3d39eb">
      <Execution id="46e36818-4faf-4c7d-b382-80fdac68c342" />
      <TestMethod codeBase="C:/Projects/UndeadEarth/UndeadEarth.Test/bin/Debug/UndeadEarth.Test.DLL" adapterTypeName="Microsoft.VisualStudio.TestTools.TestTypes.Unit.UnitTestAdapter, Microsoft.VisualStudio.QualityTools.Tips.UnitTest.Adapter, Version=10.0.0.0, Culture=neutral, PublicKeyToken=b03f5f7f11d50a3a" className="UndeadEarth.Test.Model.when_using_items, UndeadEarth.Test, Version=1.0.0.0, Culture=neutral, PublicKeyToken=null" name="should_set_to_max_energy_if_item_energy_is_greater_than_max" />
    </UnitTest>
    <UnitTest name="should_calculate_northern_point" storage="c:\projects\undeadearth\undeadearth.test\bin\debug\undeadearth.test.dll" id="5b2a5f35-2435-a2ba-eaf1-4c274bced244">
      <Execution id="06099bbb-b193-4e3f-8e43-ce8a60eec8de" />
      <TestMethod codeBase="C:/Projects/UndeadEarth/UndeadEarth.Test/bin/Debug/UndeadEarth.Test.DLL" adapterTypeName="Microsoft.VisualStudio.TestTools.TestTypes.Unit.UnitTestAdapter, Microsoft.VisualStudio.QualityTools.Tips.UnitTest.Adapter, Version=10.0.0.0, Culture=neutral, PublicKeyToken=b03f5f7f11d50a3a" className="UndeadEarth.Test.Model.when_calculating_distance, UndeadEarth.Test, Version=1.0.0.0, Culture=neutral, PublicKeyToken=null" name="should_calculate_northern_point" />
    </UnitTest>
    <UnitTest name="should_return_if_item_is_not_one_time_use_item" storage="c:\projects\undeadearth\undeadearth.test\bin\debug\undeadearth.test.dll" id="9c6c437e-182b-5735-6616-67dd466d97ca">
      <Execution id="44328164-3ec7-4ed3-b8af-9be65485731d" />
      <TestMethod codeBase="C:/Projects/UndeadEarth/UndeadEarth.Test/bin/Debug/UndeadEarth.Test.DLL" adapterTypeName="Microsoft.VisualStudio.TestTools.TestTypes.Unit.UnitTestAdapter, Microsoft.VisualStudio.QualityTools.Tips.UnitTest.Adapter, Version=10.0.0.0, Culture=neutral, PublicKeyToken=b03f5f7f11d50a3a" className="UndeadEarth.Test.Model.when_using_items, UndeadEarth.Test, Version=1.0.0.0, Culture=neutral, PublicKeyToken=null" name="should_return_if_item_is_not_one_time_use_item" />
    </UnitTest>
    <UnitTest name="should_return_attack_power_along_with_any_attack_power_increase_from_buying_item_with_no_items_in_safehouse" storage="c:\projects\undeadearth\undeadearth.test\bin\debug\undeadearth.test.dll" id="3a65c876-9662-16ec-4c81-7bea778d6951">
      <Execution id="282f9e17-f249-4dc2-81b3-52b86fbdafec" />
      <TestMethod codeBase="C:/Projects/UndeadEarth/UndeadEarth.Test/bin/Debug/UndeadEarth.Test.DLL" adapterTypeName="Microsoft.VisualStudio.TestTools.TestTypes.Unit.UnitTestAdapter, Microsoft.VisualStudio.QualityTools.Tips.UnitTest.Adapter, Version=10.0.0.0, Culture=neutral, PublicKeyToken=b03f5f7f11d50a3a" className="UndeadEarth.Test.Model.when_determining_users_max_potential_attack_power, UndeadEarth.Test, Version=1.0.0.0, Culture=neutral, PublicKeyToken=null" name="should_return_attack_power_along_with_any_attack_power_increase_from_buying_item_with_no_items_in_safehouse" />
    </UnitTest>
    <UnitTest name="should_calculate_southern_point" storage="c:\projects\undeadearth\undeadearth.test\bin\debug\undeadearth.test.dll" id="8f46b492-6eff-ef62-7327-4eb38c11c2ef">
      <Execution id="a794a09a-1d06-4cdf-a515-23bef0be8d7e" />
      <TestMethod codeBase="C:/Projects/UndeadEarth/UndeadEarth.Test/bin/Debug/UndeadEarth.Test.DLL" adapterTypeName="Microsoft.VisualStudio.TestTools.TestTypes.Unit.UnitTestAdapter, Microsoft.VisualStudio.QualityTools.Tips.UnitTest.Adapter, Version=10.0.0.0, Culture=neutral, PublicKeyToken=b03f5f7f11d50a3a" className="UndeadEarth.Test.Model.when_calculating_distance, UndeadEarth.Test, Version=1.0.0.0, Culture=neutral, PublicKeyToken=null" name="should_calculate_southern_point" />
    </UnitTest>
    <UnitTest name="should_take_money_from_user_and_add_item_to_user_inventory" storage="c:\projects\undeadearth\undeadearth.test\bin\debug\undeadearth.test.dll" id="685ba115-26b4-cfb7-772c-f8e84fc12c79">
      <Execution id="711fa28c-00b0-4c2e-b174-bc6ad405b90d" />
      <TestMethod codeBase="C:/Projects/UndeadEarth/UndeadEarth.Test/bin/Debug/UndeadEarth.Test.DLL" adapterTypeName="Microsoft.VisualStudio.TestTools.TestTypes.Unit.UnitTestAdapter, Microsoft.VisualStudio.QualityTools.Tips.UnitTest.Adapter, Version=10.0.0.0, Culture=neutral, PublicKeyToken=b03f5f7f11d50a3a" className="UndeadEarth.Test.Model.when_buying_items_from_shop, UndeadEarth.Test, Version=1.0.0.0, Culture=neutral, PublicKeyToken=null" name="should_take_money_from_user_and_add_item_to_user_inventory" />
    </UnitTest>
    <UnitTest name="should_take_into_consideration_equipped_items_when_determining_max_energy" storage="c:\projects\undeadearth\undeadearth.test\bin\debug\undeadearth.test.dll" id="9a7f21c9-61b5-30cc-38aa-34a79b6a0201">
      <Execution id="f8e6be39-4c18-4dd5-8c0c-d32f83e149dd" />
      <TestMethod codeBase="C:/Projects/UndeadEarth/UndeadEarth.Test/bin/Debug/UndeadEarth.Test.DLL" adapterTypeName="Microsoft.VisualStudio.TestTools.TestTypes.Unit.UnitTestAdapter, Microsoft.VisualStudio.QualityTools.Tips.UnitTest.Adapter, Version=10.0.0.0, Culture=neutral, PublicKeyToken=b03f5f7f11d50a3a" className="UndeadEarth.Test.Model.when_determining_users_current_energy, UndeadEarth.Test, Version=1.0.0.0, Culture=neutral, PublicKeyToken=null" name="should_take_into_consideration_equipped_items_when_determining_max_energy" />
    </UnitTest>
    <UnitTest name="should_retrieve_zombie_pack_by_id" storage="c:\projects\undeadearth\undeadearth.test\bin\debug\undeadearth.test.dll" id="25699796-3f06-4f57-c2f3-62593d0f8db7">
      <Execution id="5b73482c-2ca3-4b14-92a9-0d61b8d31e76" />
      <TestMethod codeBase="C:/Projects/UndeadEarth/UndeadEarth.Test/bin/Debug/UndeadEarth.Test.DLL" adapterTypeName="Microsoft.VisualStudio.TestTools.TestTypes.Unit.UnitTestAdapter, Microsoft.VisualStudio.QualityTools.Tips.UnitTest.Adapter, Version=10.0.0.0, Culture=neutral, PublicKeyToken=b03f5f7f11d50a3a" className="UndeadEarth.Test.Dal.when_retrieving_zombie_packs, UndeadEarth.Test, Version=1.0.0.0, Culture=neutral, PublicKeyToken=null" name="should_retrieve_zombie_pack_by_id" />
    </UnitTest>
    <UnitTest name="should_disregard_creation_if_user_already_exists_for_facebookId" storage="c:\projects\undeadearth\undeadearth.test\bin\debug\undeadearth.test.dll" id="99d5bdbd-2ac1-c2dd-bd8e-ff998f163943">
      <Execution id="72b7e85a-2f3d-44ce-80cf-4414bae36f1c" />
      <TestMethod codeBase="C:/Projects/UndeadEarth/UndeadEarth.Test/bin/Debug/UndeadEarth.Test.DLL" adapterTypeName="Microsoft.VisualStudio.TestTools.TestTypes.Unit.UnitTestAdapter, Microsoft.VisualStudio.QualityTools.Tips.UnitTest.Adapter, Version=10.0.0.0, Culture=neutral, PublicKeyToken=b03f5f7f11d50a3a" className="UndeadEarth.Test.Model.when_creating_user, UndeadEarth.Test, Version=1.0.0.0, Culture=neutral, PublicKeyToken=null" name="should_disregard_creation_if_user_already_exists_for_facebookId" />
    </UnitTest>
    <UnitTest name="should_return_true_if_user_has_item" storage="c:\projects\undeadearth\undeadearth.test\bin\debug\undeadearth.test.dll" id="583a3b80-1851-93ab-c2ab-87d678e4ad81">
      <Execution id="a29cc14b-deb4-4da7-8f00-b9d848fa5467" />
      <TestMethod codeBase="C:/Projects/UndeadEarth/UndeadEarth.Test/bin/Debug/UndeadEarth.Test.DLL" adapterTypeName="Microsoft.VisualStudio.TestTools.TestTypes.Unit.UnitTestAdapter, Microsoft.VisualStudio.QualityTools.Tips.UnitTest.Adapter, Version=10.0.0.0, Culture=neutral, PublicKeyToken=b03f5f7f11d50a3a" className="UndeadEarth.Test.Dal.when_retrieving_items, UndeadEarth.Test, Version=1.0.0.0, Culture=neutral, PublicKeyToken=null" name="should_return_true_if_user_has_item" />
    </UnitTest>
    <UnitTest name="should_disregard_move_if_user_does_not_exist" storage="c:\projects\undeadearth\undeadearth.test\bin\debug\undeadearth.test.dll" id="4d9cdfe2-8eee-3937-2a7d-b414e3b51b00">
      <Execution id="6cc75fd1-0aa1-4a5f-84b7-eb8863ae8ac9" />
      <TestMethod codeBase="C:/Projects/UndeadEarth/UndeadEarth.Test/bin/Debug/UndeadEarth.Test.DLL" adapterTypeName="Microsoft.VisualStudio.TestTools.TestTypes.Unit.UnitTestAdapter, Microsoft.VisualStudio.QualityTools.Tips.UnitTest.Adapter, Version=10.0.0.0, Culture=neutral, PublicKeyToken=b03f5f7f11d50a3a" className="UndeadEarth.Test.Model.when_moving_user, UndeadEarth.Test, Version=1.0.0.0, Culture=neutral, PublicKeyToken=null" name="should_disregard_move_if_user_does_not_exist" />
    </UnitTest>
    <UnitTest name="should_return_false_if_item_does_not_exist" storage="c:\projects\undeadearth\undeadearth.test\bin\debug\undeadearth.test.dll" id="43ea7dc5-29f2-fc24-7626-37c50ab77488">
      <Execution id="2e6bfc5b-095a-4c59-a435-cc1387a70582" />
      <TestMethod codeBase="C:/Projects/UndeadEarth/UndeadEarth.Test/bin/Debug/UndeadEarth.Test.DLL" adapterTypeName="Microsoft.VisualStudio.TestTools.TestTypes.Unit.UnitTestAdapter, Microsoft.VisualStudio.QualityTools.Tips.UnitTest.Adapter, Version=10.0.0.0, Culture=neutral, PublicKeyToken=b03f5f7f11d50a3a" className="UndeadEarth.Test.Dal.when_retrieving_items, UndeadEarth.Test, Version=1.0.0.0, Culture=neutral, PublicKeyToken=null" name="should_return_false_if_item_does_not_exist" />
    </UnitTest>
    <UnitTest name="the_starting_energy_should_be_100" storage="c:\projects\undeadearth\undeadearth.test\bin\debug\undeadearth.test.dll" id="ba822c9a-2244-54af-db34-ae1b0ff7f2ea">
      <Execution id="1f9646d0-d400-4078-ac0f-8755ce928c02" />
      <TestMethod codeBase="C:/Projects/UndeadEarth/UndeadEarth.Test/bin/Debug/UndeadEarth.Test.DLL" adapterTypeName="Microsoft.VisualStudio.TestTools.TestTypes.Unit.UnitTestAdapter, Microsoft.VisualStudio.QualityTools.Tips.UnitTest.Adapter, Version=10.0.0.0, Culture=neutral, PublicKeyToken=b03f5f7f11d50a3a" className="UndeadEarth.Test.Dal.when_inserting_user, UndeadEarth.Test, Version=1.0.0.0, Culture=neutral, PublicKeyToken=null" name="the_starting_energy_should_be_100" />
    </UnitTest>
    <UnitTest name="should_return_achievement_for_traveling_1000_miles" storage="c:\projects\undeadearth\undeadearth.test\bin\debug\undeadearth.test.dll" id="e47b507d-8276-c45e-8213-bc71e7175571">
      <Execution id="fb7514b6-f640-44fb-86ed-bed287ba74c1" />
      <TestMethod codeBase="C:/Projects/UndeadEarth/UndeadEarth.Test/bin/Debug/UndeadEarth.Test.DLL" adapterTypeName="Microsoft.VisualStudio.TestTools.TestTypes.Unit.UnitTestAdapter, Microsoft.VisualStudio.QualityTools.Tips.UnitTest.Adapter, Version=10.0.0.0, Culture=neutral, PublicKeyToken=b03f5f7f11d50a3a" className="UndeadEarth.Test.Model.when_retrieving_achievements, UndeadEarth.Test, Version=1.0.0.0, Culture=neutral, PublicKeyToken=null" name="should_return_achievement_for_traveling_1000_miles" />
    </UnitTest>
    <UnitTest name="should_disregard_if_user_has_more_than_the_allowed_amount_of_items" storage="c:\projects\undeadearth\undeadearth.test\bin\debug\undeadearth.test.dll" id="7bf1b32b-b544-1d63-7f85-8cb3721cb13c">
      <Execution id="c04df238-b10f-4df9-8d04-a267ff7566aa" />
      <TestMethod codeBase="C:/Projects/UndeadEarth/UndeadEarth.Test/bin/Debug/UndeadEarth.Test.DLL" adapterTypeName="Microsoft.VisualStudio.TestTools.TestTypes.Unit.UnitTestAdapter, Microsoft.VisualStudio.QualityTools.Tips.UnitTest.Adapter, Version=10.0.0.0, Culture=neutral, PublicKeyToken=b03f5f7f11d50a3a" className="UndeadEarth.Test.Model.when_transferring_items_from_safe_house_to_user, UndeadEarth.Test, Version=1.0.0.0, Culture=neutral, PublicKeyToken=null" name="should_disregard_if_user_has_more_than_the_allowed_amount_of_items" />
    </UnitTest>
    <UnitTest name="should_return_last_saved_sight_radius_for_user" storage="c:\projects\undeadearth\undeadearth.test\bin\debug\undeadearth.test.dll" id="efd3fdf9-6214-c49f-4a2b-bfb2fe87d588">
      <Execution id="34706bd4-4697-4c73-8b3f-27cdb1cd856f" />
      <TestMethod codeBase="C:/Projects/UndeadEarth/UndeadEarth.Test/bin/Debug/UndeadEarth.Test.DLL" adapterTypeName="Microsoft.VisualStudio.TestTools.TestTypes.Unit.UnitTestAdapter, Microsoft.VisualStudio.QualityTools.Tips.UnitTest.Adapter, Version=10.0.0.0, Culture=neutral, PublicKeyToken=b03f5f7f11d50a3a" className="UndeadEarth.Test.Dal.when_retrieving_user_sight_radius, UndeadEarth.Test, Version=1.0.0.0, Culture=neutral, PublicKeyToken=null" name="should_return_last_saved_sight_radius_for_user" />
    </UnitTest>
    <UnitTest name="should_not_hunt_if_user_is_not_at_zombie_pack_latitude" storage="c:\projects\undeadearth\undeadearth.test\bin\debug\undeadearth.test.dll" id="75a342b2-ef01-e34d-c6b4-7a9dc15f6b1e">
      <Execution id="a0b09d95-0eea-4f6c-9387-c2bc84fd34fa" />
      <TestMethod codeBase="C:/Projects/UndeadEarth/UndeadEarth.Test/bin/Debug/UndeadEarth.Test.DLL" adapterTypeName="Microsoft.VisualStudio.TestTools.TestTypes.Unit.UnitTestAdapter, Microsoft.VisualStudio.QualityTools.Tips.UnitTest.Adapter, Version=10.0.0.0, Culture=neutral, PublicKeyToken=b03f5f7f11d50a3a" className="UndeadEarth.Test.Model.when_hunting_for_zombies, UndeadEarth.Test, Version=1.0.0.0, Culture=neutral, PublicKeyToken=null" name="should_not_hunt_if_user_is_not_at_zombie_pack_latitude" />
    </UnitTest>
    <UnitTest name="should_retriever_an_empty_list_given_invalid_hotzone_id" storage="c:\projects\undeadearth\undeadearth.test\bin\debug\undeadearth.test.dll" id="5afe1781-3ccb-0558-a937-e74f932ccd49">
      <Execution id="228c4a77-a1ca-46e5-8800-97b5d71231b9" />
      <TestMethod codeBase="C:/Projects/UndeadEarth/UndeadEarth.Test/bin/Debug/UndeadEarth.Test.DLL" adapterTypeName="Microsoft.VisualStudio.TestTools.TestTypes.Unit.UnitTestAdapter, Microsoft.VisualStudio.QualityTools.Tips.UnitTest.Adapter, Version=10.0.0.0, Culture=neutral, PublicKeyToken=b03f5f7f11d50a3a" className="UndeadEarth.Test.Dal.when_retrieving_stores, UndeadEarth.Test, Version=1.0.0.0, Culture=neutral, PublicKeyToken=null" name="should_retriever_an_empty_list_given_invalid_hotzone_id" />
    </UnitTest>
    <UnitTest name="should_destroy_zombie_pack_if_users_attack_power_exceeds_the_number_of_zombies" storage="c:\projects\undeadearth\undeadearth.test\bin\debug\undeadearth.test.dll" id="79f08418-c51b-ec01-a3f0-aeabf52599fa">
      <Execution id="6cabb886-2d2d-4dea-ba29-f9a8d9826ea8" />
      <TestMethod codeBase="C:/Projects/UndeadEarth/UndeadEarth.Test/bin/Debug/UndeadEarth.Test.DLL" adapterTypeName="Microsoft.VisualStudio.TestTools.TestTypes.Unit.UnitTestAdapter, Microsoft.VisualStudio.QualityTools.Tips.UnitTest.Adapter, Version=10.0.0.0, Culture=neutral, PublicKeyToken=b03f5f7f11d50a3a" className="UndeadEarth.Test.Model.when_hunting_for_zombies, UndeadEarth.Test, Version=1.0.0.0, Culture=neutral, PublicKeyToken=null" name="should_destroy_zombie_pack_if_users_attack_power_exceeds_the_number_of_zombies" />
    </UnitTest>
    <UnitTest name="should_return_last_saved_energy_for_user" storage="c:\projects\undeadearth\undeadearth.test\bin\debug\undeadearth.test.dll" id="33a5dc0c-cb8c-881e-3374-24e7b48bd3e1">
      <Execution id="240765ba-69fb-4ab3-984d-89521f584166" />
      <TestMethod codeBase="C:/Projects/UndeadEarth/UndeadEarth.Test/bin/Debug/UndeadEarth.Test.DLL" adapterTypeName="Microsoft.VisualStudio.TestTools.TestTypes.Unit.UnitTestAdapter, Microsoft.VisualStudio.QualityTools.Tips.UnitTest.Adapter, Version=10.0.0.0, Culture=neutral, PublicKeyToken=b03f5f7f11d50a3a" className="UndeadEarth.Test.Dal.when_retrieving_user_energy, UndeadEarth.Test, Version=1.0.0.0, Culture=neutral, PublicKeyToken=null" name="should_return_last_saved_energy_for_user" />
    </UnitTest>
    <UnitTest name="should_return_achievement_for_destroying_1000_zombie_packs" storage="c:\projects\undeadearth\undeadearth.test\bin\debug\undeadearth.test.dll" id="2db0a3b3-aad5-d46f-7403-c997f42720f5">
      <Execution id="00909fea-64ce-4191-9b78-1aeebc8fb157" />
      <TestMethod codeBase="C:/Projects/UndeadEarth/UndeadEarth.Test/bin/Debug/UndeadEarth.Test.DLL" adapterTypeName="Microsoft.VisualStudio.TestTools.TestTypes.Unit.UnitTestAdapter, Microsoft.VisualStudio.QualityTools.Tips.UnitTest.Adapter, Version=10.0.0.0, Culture=neutral, PublicKeyToken=b03f5f7f11d50a3a" className="UndeadEarth.Test.Model.when_retrieving_achievements, UndeadEarth.Test, Version=1.0.0.0, Culture=neutral, PublicKeyToken=null" name="should_return_achievement_for_destroying_1000_zombie_packs" />
    </UnitTest>
    <UnitTest name="should_return_max_energy_if_calculated_energy_for_time_passed_in_is_greater_than_max_energy_of_user" storage="c:\projects\undeadearth\undeadearth.test\bin\debug\undeadearth.test.dll" id="27e73228-a40a-9260-7cd7-3a5d45c78078">
      <Execution id="4399cd6d-a82f-4f11-9e20-bba33ba8e3ba" />
      <TestMethod codeBase="C:/Projects/UndeadEarth/UndeadEarth.Test/bin/Debug/UndeadEarth.Test.DLL" adapterTypeName="Microsoft.VisualStudio.TestTools.TestTypes.Unit.UnitTestAdapter, Microsoft.VisualStudio.QualityTools.Tips.UnitTest.Adapter, Version=10.0.0.0, Culture=neutral, PublicKeyToken=b03f5f7f11d50a3a" className="UndeadEarth.Test.Model.when_determining_users_current_energy, UndeadEarth.Test, Version=1.0.0.0, Culture=neutral, PublicKeyToken=null" name="should_return_max_energy_if_calculated_energy_for_time_passed_in_is_greater_than_max_energy_of_user" />
    </UnitTest>
    <UnitTest name="should_start_with_5_tents_on_person" storage="c:\projects\undeadearth\undeadearth.test\bin\debug\undeadearth.test.dll" id="c59ebd84-a390-b0a9-9601-b22bb9ff7f1d">
      <Execution id="91aa6027-030e-4b4c-a1b3-cdfbb3697a8f" />
      <TestMethod codeBase="C:/Projects/UndeadEarth/UndeadEarth.Test/bin/Debug/UndeadEarth.Test.DLL" adapterTypeName="Microsoft.VisualStudio.TestTools.TestTypes.Unit.UnitTestAdapter, Microsoft.VisualStudio.QualityTools.Tips.UnitTest.Adapter, Version=10.0.0.0, Culture=neutral, PublicKeyToken=b03f5f7f11d50a3a" className="UndeadEarth.Test.Model.when_creating_user, UndeadEarth.Test, Version=1.0.0.0, Culture=neutral, PublicKeyToken=null" name="should_start_with_5_tents_on_person" />
    </UnitTest>
    <UnitTest name="should_return_just_1_userrank" storage="c:\projects\undeadearth\undeadearth.test\bin\debug\undeadearth.test.dll" id="936691d3-5e64-b7c4-4f5c-b1989c2cb7e6">
      <Execution id="873980d3-c5a4-41bf-8f89-831665b2d190" />
      <TestMethod codeBase="C:/Projects/UndeadEarth/UndeadEarth.Test/bin/Debug/UndeadEarth.Test.DLL" adapterTypeName="Microsoft.VisualStudio.TestTools.TestTypes.Unit.UnitTestAdapter, Microsoft.VisualStudio.QualityTools.Tips.UnitTest.Adapter, Version=10.0.0.0, Culture=neutral, PublicKeyToken=b03f5f7f11d50a3a" className="UndeadEarth.Test.Dal.when_retrieving_user_rank, UndeadEarth.Test, Version=1.0.0.0, Culture=neutral, PublicKeyToken=null" name="should_return_just_1_userrank" />
    </UnitTest>
    <UnitTest name="should_retrieve_safe_houses_associated_with_hotzone" storage="c:\projects\undeadearth\undeadearth.test\bin\debug\undeadearth.test.dll" id="9654d44e-cffe-084f-c793-37a48f54fd16">
      <Execution id="257c8b71-8b78-437d-8b35-70ad667d3552" />
      <TestMethod codeBase="C:/Projects/UndeadEarth/UndeadEarth.Test/bin/Debug/UndeadEarth.Test.DLL" adapterTypeName="Microsoft.VisualStudio.TestTools.TestTypes.Unit.UnitTestAdapter, Microsoft.VisualStudio.QualityTools.Tips.UnitTest.Adapter, Version=10.0.0.0, Culture=neutral, PublicKeyToken=b03f5f7f11d50a3a" className="UndeadEarth.Test.Dal.when_retrieving_safe_houses, UndeadEarth.Test, Version=1.0.0.0, Culture=neutral, PublicKeyToken=null" name="should_retrieve_safe_houses_associated_with_hotzone" />
    </UnitTest>
    <UnitTest name="should_return_hotzones_destroyed" storage="c:\projects\undeadearth\undeadearth.test\bin\debug\undeadearth.test.dll" id="01475b3a-fc7d-1f41-65ba-f4ddf4a86946">
      <Execution id="4ab98356-ad1d-4bd4-8bea-95082e75c87c" />
      <TestMethod codeBase="C:/Projects/UndeadEarth/UndeadEarth.Test/bin/Debug/UndeadEarth.Test.DLL" adapterTypeName="Microsoft.VisualStudio.TestTools.TestTypes.Unit.UnitTestAdapter, Microsoft.VisualStudio.QualityTools.Tips.UnitTest.Adapter, Version=10.0.0.0, Culture=neutral, PublicKeyToken=b03f5f7f11d50a3a" className="UndeadEarth.Test.Dal.when_retrieving_user_counts, UndeadEarth.Test, Version=1.0.0.0, Culture=neutral, PublicKeyToken=null" name="should_return_hotzones_destroyed" />
    </UnitTest>
    <UnitTest name="should_return_achievement_for_destroying_1_zombiePack" storage="c:\projects\undeadearth\undeadearth.test\bin\debug\undeadearth.test.dll" id="5d04ca0e-dd33-bf62-c1bb-e7d225b4949c">
      <Execution id="d09109ff-1b97-47e4-a78e-3a97ca4fbfb7" />
      <TestMethod codeBase="C:/Projects/UndeadEarth/UndeadEarth.Test/bin/Debug/UndeadEarth.Test.DLL" adapterTypeName="Microsoft.VisualStudio.TestTools.TestTypes.Unit.UnitTestAdapter, Microsoft.VisualStudio.QualityTools.Tips.UnitTest.Adapter, Version=10.0.0.0, Culture=neutral, PublicKeyToken=b03f5f7f11d50a3a" className="UndeadEarth.Test.Model.when_retrieving_achievements, UndeadEarth.Test, Version=1.0.0.0, Culture=neutral, PublicKeyToken=null" name="should_return_achievement_for_destroying_1_zombiePack" />
    </UnitTest>
    <UnitTest name="should_record_zombies_killed_after_hunt" storage="c:\projects\undeadearth\undeadearth.test\bin\debug\undeadearth.test.dll" id="21426709-ea7c-0595-beae-1978da06ff6a">
      <Execution id="d0a4446c-df87-402a-8fb3-b4f2c79606a0" />
      <TestMethod codeBase="C:/Projects/UndeadEarth/UndeadEarth.Test/bin/Debug/UndeadEarth.Test.DLL" adapterTypeName="Microsoft.VisualStudio.TestTools.TestTypes.Unit.UnitTestAdapter, Microsoft.VisualStudio.QualityTools.Tips.UnitTest.Adapter, Version=10.0.0.0, Culture=neutral, PublicKeyToken=b03f5f7f11d50a3a" className="UndeadEarth.Test.Model.when_hunting_for_zombies, UndeadEarth.Test, Version=1.0.0.0, Culture=neutral, PublicKeyToken=null" name="should_record_zombies_killed_after_hunt" />
    </UnitTest>
    <UnitTest name="should_return_all_zombie_packs_in_radius" storage="c:\projects\undeadearth\undeadearth.test\bin\debug\undeadearth.test.dll" id="a95e4141-d767-b753-e492-b99e6f8ee705">
      <Execution id="73048952-956b-4e72-a1dc-ae1ae8893e75" />
      <TestMethod codeBase="C:/Projects/UndeadEarth/UndeadEarth.Test/bin/Debug/UndeadEarth.Test.DLL" adapterTypeName="Microsoft.VisualStudio.TestTools.TestTypes.Unit.UnitTestAdapter, Microsoft.VisualStudio.QualityTools.Tips.UnitTest.Adapter, Version=10.0.0.0, Culture=neutral, PublicKeyToken=b03f5f7f11d50a3a" className="UndeadEarth.Test.Dal.when_retrieving_zombie_packs, UndeadEarth.Test, Version=1.0.0.0, Culture=neutral, PublicKeyToken=null" name="should_return_all_zombie_packs_in_radius" />
    </UnitTest>
    <UnitTest name="should_return_current_zombie_pack_progress_if_user_has_already_visited_zombie_pack" storage="c:\projects\undeadearth\undeadearth.test\bin\debug\undeadearth.test.dll" id="a7c3501c-4b66-95e5-cfa7-a3027a1486c4">
      <Execution id="31e3121e-c22d-4125-968a-14a68c3d1029" />
      <TestMethod codeBase="C:/Projects/UndeadEarth/UndeadEarth.Test/bin/Debug/UndeadEarth.Test.DLL" adapterTypeName="Microsoft.VisualStudio.TestTools.TestTypes.Unit.UnitTestAdapter, Microsoft.VisualStudio.QualityTools.Tips.UnitTest.Adapter, Version=10.0.0.0, Culture=neutral, PublicKeyToken=b03f5f7f11d50a3a" className="UndeadEarth.Test.Model.when_determining_zombie_pack_progress, UndeadEarth.Test, Version=1.0.0.0, Culture=neutral, PublicKeyToken=null" name="should_return_current_zombie_pack_progress_if_user_has_already_visited_zombie_pack" />
    </UnitTest>
    <UnitTest name="should_return_null_for_last_visited_hotzone_if_no_hotzone_has_been_set" storage="c:\projects\undeadearth\undeadearth.test\bin\debug\undeadearth.test.dll" id="606e3bbd-fbf0-39e8-d39a-d95b2f760af1">
      <Execution id="63a0d1c7-7701-42ce-8753-49714ba6ca76" />
      <TestMethod codeBase="C:/Projects/UndeadEarth/UndeadEarth.Test/bin/Debug/UndeadEarth.Test.DLL" adapterTypeName="Microsoft.VisualStudio.TestTools.TestTypes.Unit.UnitTestAdapter, Microsoft.VisualStudio.QualityTools.Tips.UnitTest.Adapter, Version=10.0.0.0, Culture=neutral, PublicKeyToken=b03f5f7f11d50a3a" className="UndeadEarth.Test.Dal.when_retrieving_user, UndeadEarth.Test, Version=1.0.0.0, Culture=neutral, PublicKeyToken=null" name="should_return_null_for_last_visited_hotzone_if_no_hotzone_has_been_set" />
    </UnitTest>
    <UnitTest name="the_starting_attack_power_should_be_1" storage="c:\projects\undeadearth\undeadearth.test\bin\debug\undeadearth.test.dll" id="3dc86e55-9e89-b185-10f6-85c78270b263">
      <Execution id="62cd478d-d97d-4612-80ce-5cfcfe9c0635" />
      <TestMethod codeBase="C:/Projects/UndeadEarth/UndeadEarth.Test/bin/Debug/UndeadEarth.Test.DLL" adapterTypeName="Microsoft.VisualStudio.TestTools.TestTypes.Unit.UnitTestAdapter, Microsoft.VisualStudio.QualityTools.Tips.UnitTest.Adapter, Version=10.0.0.0, Culture=neutral, PublicKeyToken=b03f5f7f11d50a3a" className="UndeadEarth.Test.Dal.when_inserting_user, UndeadEarth.Test, Version=1.0.0.0, Culture=neutral, PublicKeyToken=null" name="the_starting_attack_power_should_be_1" />
    </UnitTest>
    <UnitTest name="should_disregard_if_item_does_not_exist" storage="c:\projects\undeadearth\undeadearth.test\bin\debug\undeadearth.test.dll" id="c55622f2-a19b-2b7c-fbf0-3bcc9fa792bb">
      <Execution id="891a3958-fd20-4da5-845c-28b4b15b2b40" />
      <TestMethod codeBase="C:/Projects/UndeadEarth/UndeadEarth.Test/bin/Debug/UndeadEarth.Test.DLL" adapterTypeName="Microsoft.VisualStudio.TestTools.TestTypes.Unit.UnitTestAdapter, Microsoft.VisualStudio.QualityTools.Tips.UnitTest.Adapter, Version=10.0.0.0, Culture=neutral, PublicKeyToken=b03f5f7f11d50a3a" className="UndeadEarth.Test.Model.when_transferring_items_from_user_to_safe_house, UndeadEarth.Test, Version=1.0.0.0, Culture=neutral, PublicKeyToken=null" name="should_disregard_if_item_does_not_exist" />
    </UnitTest>
    <UnitTest name="should_throw_exception_if_update_on_last_visit_hotzone_is_done_on_user_that_doest_exist" storage="c:\projects\undeadearth\undeadearth.test\bin\debug\undeadearth.test.dll" id="ec86a5c7-025b-b62c-fbf3-4b0194192c0a">
      <Execution id="7217d3ad-18d9-4660-8daf-6d031f1a1f0b" />
      <TestMethod codeBase="C:/Projects/UndeadEarth/UndeadEarth.Test/bin/Debug/UndeadEarth.Test.DLL" adapterTypeName="Microsoft.VisualStudio.TestTools.TestTypes.Unit.UnitTestAdapter, Microsoft.VisualStudio.QualityTools.Tips.UnitTest.Adapter, Version=10.0.0.0, Culture=neutral, PublicKeyToken=b03f5f7f11d50a3a" className="UndeadEarth.Test.Dal.when_saving_user, UndeadEarth.Test, Version=1.0.0.0, Culture=neutral, PublicKeyToken=null" name="should_throw_exception_if_update_on_last_visit_hotzone_is_done_on_user_that_doest_exist" />
    </UnitTest>
    <UnitTest name="should_return_all_items_in_store" storage="c:\projects\undeadearth\undeadearth.test\bin\debug\undeadearth.test.dll" id="48c2a012-1ba3-1243-1cd5-aab81b26906b">
      <Execution id="b6b51664-490d-4aaa-bf63-7baf224d04ee" />
      <TestMethod codeBase="C:/Projects/UndeadEarth/UndeadEarth.Test/bin/Debug/UndeadEarth.Test.DLL" adapterTypeName="Microsoft.VisualStudio.TestTools.TestTypes.Unit.UnitTestAdapter, Microsoft.VisualStudio.QualityTools.Tips.UnitTest.Adapter, Version=10.0.0.0, Culture=neutral, PublicKeyToken=b03f5f7f11d50a3a" className="UndeadEarth.Test.Dal.when_retrieving_stores, UndeadEarth.Test, Version=1.0.0.0, Culture=neutral, PublicKeyToken=null" name="should_return_all_items_in_store" />
    </UnitTest>
    <UnitTest name="should_retrieve_all_stores" storage="c:\projects\undeadearth\undeadearth.test\bin\debug\undeadearth.test.dll" id="1cb99b44-08d0-1c2c-78e8-64869fef3154">
      <Execution id="0945d2e9-70c6-4bde-ba18-5d72e5e4ede6" />
      <TestMethod codeBase="C:/Projects/UndeadEarth/UndeadEarth.Test/bin/Debug/UndeadEarth.Test.DLL" adapterTypeName="Microsoft.VisualStudio.TestTools.TestTypes.Unit.UnitTestAdapter, Microsoft.VisualStudio.QualityTools.Tips.UnitTest.Adapter, Version=10.0.0.0, Culture=neutral, PublicKeyToken=b03f5f7f11d50a3a" className="UndeadEarth.Test.Dal.when_retrieving_stores, UndeadEarth.Test, Version=1.0.0.0, Culture=neutral, PublicKeyToken=null" name="should_retrieve_all_stores" />
    </UnitTest>
    <UnitTest name="should_record_hotzone_destoryed_if_hunting_cleared_hotzone" storage="c:\projects\undeadearth\undeadearth.test\bin\debug\undeadearth.test.dll" id="abb8373c-7671-9802-6d68-5c17e7124ebd">
      <Execution id="05b3d464-0232-4ca1-8cb8-4f39650a0683" />
      <TestMethod codeBase="C:/Projects/UndeadEarth/UndeadEarth.Test/bin/Debug/UndeadEarth.Test.DLL" adapterTypeName="Microsoft.VisualStudio.TestTools.TestTypes.Unit.UnitTestAdapter, Microsoft.VisualStudio.QualityTools.Tips.UnitTest.Adapter, Version=10.0.0.0, Culture=neutral, PublicKeyToken=b03f5f7f11d50a3a" className="UndeadEarth.Test.Model.when_hunting_for_zombies, UndeadEarth.Test, Version=1.0.0.0, Culture=neutral, PublicKeyToken=null" name="should_record_hotzone_destoryed_if_hunting_cleared_hotzone" />
    </UnitTest>
    <UnitTest name="should_return_number_of_zombie_packs_left" storage="c:\projects\undeadearth\undeadearth.test\bin\debug\undeadearth.test.dll" id="57f6bfb3-878f-ec7b-71d8-e1ae592b6823">
      <Execution id="2c78a54b-79ec-4818-b3fa-78a8b25c236b" />
      <TestMethod codeBase="C:/Projects/UndeadEarth/UndeadEarth.Test/bin/Debug/UndeadEarth.Test.DLL" adapterTypeName="Microsoft.VisualStudio.TestTools.TestTypes.Unit.UnitTestAdapter, Microsoft.VisualStudio.QualityTools.Tips.UnitTest.Adapter, Version=10.0.0.0, Culture=neutral, PublicKeyToken=b03f5f7f11d50a3a" className="UndeadEarth.Test.Dal.when_retrieving_hot_zones, UndeadEarth.Test, Version=1.0.0.0, Culture=neutral, PublicKeyToken=null" name="should_return_number_of_zombie_packs_left" />
    </UnitTest>
    <UnitTest name="should_retrieve_miles_traveled_for_user_that_exists" storage="c:\projects\undeadearth\undeadearth.test\bin\debug\undeadearth.test.dll" id="de169ee4-3985-9538-838d-f920eef5b26b">
      <Execution id="5fefd1df-985d-4875-abc6-26bbeaf9de54" />
      <TestMethod codeBase="C:/Projects/UndeadEarth/UndeadEarth.Test/bin/Debug/UndeadEarth.Test.DLL" adapterTypeName="Microsoft.VisualStudio.TestTools.TestTypes.Unit.UnitTestAdapter, Microsoft.VisualStudio.QualityTools.Tips.UnitTest.Adapter, Version=10.0.0.0, Culture=neutral, PublicKeyToken=b03f5f7f11d50a3a" className="UndeadEarth.Test.Dal.when_retrieving_user_counts, UndeadEarth.Test, Version=1.0.0.0, Culture=neutral, PublicKeyToken=null" name="should_retrieve_miles_traveled_for_user_that_exists" />
    </UnitTest>
    <UnitTest name="should_add_tent" storage="c:\projects\undeadearth\undeadearth.test\bin\debug\undeadearth.test.dll" id="4ad82b7e-b664-1e32-b013-da054510a32b">
      <Execution id="365f2a57-831e-417f-9a72-c7696f7c0519" />
      <TestMethod codeBase="C:/Projects/UndeadEarth/UndeadEarth.Test/bin/Debug/UndeadEarth.Test.DLL" adapterTypeName="Microsoft.VisualStudio.TestTools.TestTypes.Unit.UnitTestAdapter, Microsoft.VisualStudio.QualityTools.Tips.UnitTest.Adapter, Version=10.0.0.0, Culture=neutral, PublicKeyToken=b03f5f7f11d50a3a" className="UndeadEarth.Test.Dal.when_saving_user_items, UndeadEarth.Test, Version=1.0.0.0, Culture=neutral, PublicKeyToken=null" name="should_add_tent" />
    </UnitTest>
    <UnitTest name="should_check_users_level_after_hunt" storage="c:\projects\undeadearth\undeadearth.test\bin\debug\undeadearth.test.dll" id="01612aab-c0ea-12bb-1a12-76fce19990e3">
      <Execution id="78eb4666-8e1a-4cbc-807c-f33ae2f9db40" />
      <TestMethod codeBase="C:/Projects/UndeadEarth/UndeadEarth.Test/bin/Debug/UndeadEarth.Test.DLL" adapterTypeName="Microsoft.VisualStudio.TestTools.TestTypes.Unit.UnitTestAdapter, Microsoft.VisualStudio.QualityTools.Tips.UnitTest.Adapter, Version=10.0.0.0, Culture=neutral, PublicKeyToken=b03f5f7f11d50a3a" className="UndeadEarth.Test.Model.when_hunting_for_zombies, UndeadEarth.Test, Version=1.0.0.0, Culture=neutral, PublicKeyToken=null" name="should_check_users_level_after_hunt" />
    </UnitTest>
    <UnitTest name="should_throw_exception_when_retrieving_user_level_and_user_does_not_exist" storage="c:\projects\undeadearth\undeadearth.test\bin\debug\undeadearth.test.dll" id="e1d44afa-1394-6d68-cf3a-361e5ec94e83">
      <Execution id="d8d291ea-cd08-4c7f-ab77-d42b76120541" />
      <TestMethod codeBase="C:/Projects/UndeadEarth/UndeadEarth.Test/bin/Debug/UndeadEarth.Test.DLL" adapterTypeName="Microsoft.VisualStudio.TestTools.TestTypes.Unit.UnitTestAdapter, Microsoft.VisualStudio.QualityTools.Tips.UnitTest.Adapter, Version=10.0.0.0, Culture=neutral, PublicKeyToken=b03f5f7f11d50a3a" className="UndeadEarth.Test.Dal.when_retrieving_user, UndeadEarth.Test, Version=1.0.0.0, Culture=neutral, PublicKeyToken=null" name="should_throw_exception_when_retrieving_user_level_and_user_does_not_exist" />
    </UnitTest>
    <UnitTest name="should_retriever_an_empty_list_given_invalid_hotzone_id" storage="c:\projects\undeadearth\undeadearth.test\bin\debug\undeadearth.test.dll" id="5b97deff-fa6b-c377-8ff2-c9c8d4bf8e55">
      <Execution id="ab8bdf65-5c40-4e13-851f-78fa65522a3d" />
      <TestMethod codeBase="C:/Projects/UndeadEarth/UndeadEarth.Test/bin/Debug/UndeadEarth.Test.DLL" adapterTypeName="Microsoft.VisualStudio.TestTools.TestTypes.Unit.UnitTestAdapter, Microsoft.VisualStudio.QualityTools.Tips.UnitTest.Adapter, Version=10.0.0.0, Culture=neutral, PublicKeyToken=b03f5f7f11d50a3a" className="UndeadEarth.Test.Dal.when_retrieving_safe_houses, UndeadEarth.Test, Version=1.0.0.0, Culture=neutral, PublicKeyToken=null" name="should_retriever_an_empty_list_given_invalid_hotzone_id" />
    </UnitTest>
    <UnitTest name="should_return_calcuated_energy_for_user_based_on_minutes_passed_since_last_saved_energy" storage="c:\projects\undeadearth\undeadearth.test\bin\debug\undeadearth.test.dll" id="f0a78964-7df7-6d28-3ebe-f82c2151fafb">
      <Execution id="35b86e20-0675-4e3a-8714-460ca175fd5b" />
      <TestMethod codeBase="C:/Projects/UndeadEarth/UndeadEarth.Test/bin/Debug/UndeadEarth.Test.DLL" adapterTypeName="Microsoft.VisualStudio.TestTools.TestTypes.Unit.UnitTestAdapter, Microsoft.VisualStudio.QualityTools.Tips.UnitTest.Adapter, Version=10.0.0.0, Culture=neutral, PublicKeyToken=b03f5f7f11d50a3a" className="UndeadEarth.Test.Model.when_determining_users_current_energy, UndeadEarth.Test, Version=1.0.0.0, Culture=neutral, PublicKeyToken=null" name="should_return_calcuated_energy_for_user_based_on_minutes_passed_since_last_saved_energy" />
    </UnitTest>
    <UnitTest name="should_throw_exception_when_returning_baseline_energy_for_user_that_doesnt_exist" storage="c:\projects\undeadearth\undeadearth.test\bin\debug\undeadearth.test.dll" id="a4e874d3-81be-9f49-2511-92f0df88cee7">
      <Execution id="a2a4a11c-7206-4f93-b4ba-894175d81b95" />
      <TestMethod codeBase="C:/Projects/UndeadEarth/UndeadEarth.Test/bin/Debug/UndeadEarth.Test.DLL" adapterTypeName="Microsoft.VisualStudio.TestTools.TestTypes.Unit.UnitTestAdapter, Microsoft.VisualStudio.QualityTools.Tips.UnitTest.Adapter, Version=10.0.0.0, Culture=neutral, PublicKeyToken=b03f5f7f11d50a3a" className="UndeadEarth.Test.Dal.when_retrieving_user, UndeadEarth.Test, Version=1.0.0.0, Culture=neutral, PublicKeyToken=null" name="should_throw_exception_when_returning_baseline_energy_for_user_that_doesnt_exist" />
    </UnitTest>
    <UnitTest name="should_retrieve_item_by_item_id" storage="c:\projects\undeadearth\undeadearth.test\bin\debug\undeadearth.test.dll" id="0da63870-00bb-b6e5-56ff-c32676768cb3">
      <Execution id="afaa5410-732a-4aee-a21c-3cfad144475a" />
      <TestMethod codeBase="C:/Projects/UndeadEarth/UndeadEarth.Test/bin/Debug/UndeadEarth.Test.DLL" adapterTypeName="Microsoft.VisualStudio.TestTools.TestTypes.Unit.UnitTestAdapter, Microsoft.VisualStudio.QualityTools.Tips.UnitTest.Adapter, Version=10.0.0.0, Culture=neutral, PublicKeyToken=b03f5f7f11d50a3a" className="UndeadEarth.Test.Dal.when_retrieving_items, UndeadEarth.Test, Version=1.0.0.0, Culture=neutral, PublicKeyToken=null" name="should_retrieve_item_by_item_id" />
    </UnitTest>
    <UnitTest name="should_return_lastvisite_hotzone_id_for_user_that_has_visited_a_hotzone" storage="c:\projects\undeadearth\undeadearth.test\bin\debug\undeadearth.test.dll" id="15d93832-4f17-b3dc-992d-8c3088d960e1">
      <Execution id="82253d70-dfc9-458f-8a3e-4f6400274c69" />
      <TestMethod codeBase="C:/Projects/UndeadEarth/UndeadEarth.Test/bin/Debug/UndeadEarth.Test.DLL" adapterTypeName="Microsoft.VisualStudio.TestTools.TestTypes.Unit.UnitTestAdapter, Microsoft.VisualStudio.QualityTools.Tips.UnitTest.Adapter, Version=10.0.0.0, Culture=neutral, PublicKeyToken=b03f5f7f11d50a3a" className="UndeadEarth.Test.Dal.when_retrieving_user, UndeadEarth.Test, Version=1.0.0.0, Culture=neutral, PublicKeyToken=null" name="should_return_lastvisite_hotzone_id_for_user_that_has_visited_a_hotzone" />
    </UnitTest>
    <UnitTest name="should_update_existing_zombie_pack_progress" storage="c:\projects\undeadearth\undeadearth.test\bin\debug\undeadearth.test.dll" id="7d2305d4-075e-49ce-735b-3ccd549f53b8">
      <Execution id="3e22fd41-2431-4916-ae65-c8b21a7b4257" />
      <TestMethod codeBase="C:/Projects/UndeadEarth/UndeadEarth.Test/bin/Debug/UndeadEarth.Test.DLL" adapterTypeName="Microsoft.VisualStudio.TestTools.TestTypes.Unit.UnitTestAdapter, Microsoft.VisualStudio.QualityTools.Tips.UnitTest.Adapter, Version=10.0.0.0, Culture=neutral, PublicKeyToken=b03f5f7f11d50a3a" className="UndeadEarth.Test.Dal.when_saving_user_zombie_pack_progress, UndeadEarth.Test, Version=1.0.0.0, Culture=neutral, PublicKeyToken=null" name="should_update_existing_zombie_pack_progress" />
    </UnitTest>
    <UnitTest name="should_retrieve_user_current_base_attack" storage="c:\projects\undeadearth\undeadearth.test\bin\debug\undeadearth.test.dll" id="6efd94c0-48f1-f3dc-5a7c-d483288ae14d">
      <Execution id="dc26ca9c-b27b-496c-8bf6-1d35d74f3753" />
      <TestMethod codeBase="C:/Projects/UndeadEarth/UndeadEarth.Test/bin/Debug/UndeadEarth.Test.DLL" adapterTypeName="Microsoft.VisualStudio.TestTools.TestTypes.Unit.UnitTestAdapter, Microsoft.VisualStudio.QualityTools.Tips.UnitTest.Adapter, Version=10.0.0.0, Culture=neutral, PublicKeyToken=b03f5f7f11d50a3a" className="UndeadEarth.Test.Dal.when_retrieving_user, UndeadEarth.Test, Version=1.0.0.0, Culture=neutral, PublicKeyToken=null" name="should_retrieve_user_current_base_attack" />
    </UnitTest>
    <UnitTest name="should_disregard_if_safe_house_does_not_exist" storage="c:\projects\undeadearth\undeadearth.test\bin\debug\undeadearth.test.dll" id="fda20422-40a9-5283-8a02-f548ab2ba5fd">
      <Execution id="d4019358-00da-4894-912f-f4134b64c57d" />
      <TestMethod codeBase="C:/Projects/UndeadEarth/UndeadEarth.Test/bin/Debug/UndeadEarth.Test.DLL" adapterTypeName="Microsoft.VisualStudio.TestTools.TestTypes.Unit.UnitTestAdapter, Microsoft.VisualStudio.QualityTools.Tips.UnitTest.Adapter, Version=10.0.0.0, Culture=neutral, PublicKeyToken=b03f5f7f11d50a3a" className="UndeadEarth.Test.Model.when_transferring_items_from_user_to_safe_house, UndeadEarth.Test, Version=1.0.0.0, Culture=neutral, PublicKeyToken=null" name="should_disregard_if_safe_house_does_not_exist" />
    </UnitTest>
    <UnitTest name="should_set_peak_attack_if_greater_than_whats_currently_saved" storage="c:\projects\undeadearth\undeadearth.test\bin\debug\undeadearth.test.dll" id="b3df8862-1b3b-daec-78d1-26c8d0d4c769">
      <Execution id="448a2f72-9fa5-460d-9e58-ebc049eff905" />
      <TestMethod codeBase="C:/Projects/UndeadEarth/UndeadEarth.Test/bin/Debug/UndeadEarth.Test.DLL" adapterTypeName="Microsoft.VisualStudio.TestTools.TestTypes.Unit.UnitTestAdapter, Microsoft.VisualStudio.QualityTools.Tips.UnitTest.Adapter, Version=10.0.0.0, Culture=neutral, PublicKeyToken=b03f5f7f11d50a3a" className="UndeadEarth.Test.Dal.when_saving_user_counts, UndeadEarth.Test, Version=1.0.0.0, Culture=neutral, PublicKeyToken=null" name="should_set_peak_attack_if_greater_than_whats_currently_saved" />
    </UnitTest>
    <UnitTest name="should_retrieve_zombies_detroyed" storage="c:\projects\undeadearth\undeadearth.test\bin\debug\undeadearth.test.dll" id="cb08040d-63a1-ab84-f3c4-dce8729ce3d1">
      <Execution id="cb3e3caa-394a-4f1d-a719-9b59343cfb3e" />
      <TestMethod codeBase="C:/Projects/UndeadEarth/UndeadEarth.Test/bin/Debug/UndeadEarth.Test.DLL" adapterTypeName="Microsoft.VisualStudio.TestTools.TestTypes.Unit.UnitTestAdapter, Microsoft.VisualStudio.QualityTools.Tips.UnitTest.Adapter, Version=10.0.0.0, Culture=neutral, PublicKeyToken=b03f5f7f11d50a3a" className="UndeadEarth.Test.Dal.when_retrieving_user_counts, UndeadEarth.Test, Version=1.0.0.0, Culture=neutral, PublicKeyToken=null" name="should_retrieve_zombies_detroyed" />
    </UnitTest>
    <UnitTest name="should_return_zero_if_attack_is_null" storage="c:\projects\undeadearth\undeadearth.test\bin\debug\undeadearth.test.dll" id="4aab1a6a-e217-fabe-67d7-73dafcd94369">
      <Execution id="5bea917e-109d-4602-9f7f-6e2376e67ed4" />
      <TestMethod codeBase="C:/Projects/UndeadEarth/UndeadEarth.Test/bin/Debug/UndeadEarth.Test.DLL" adapterTypeName="Microsoft.VisualStudio.TestTools.TestTypes.Unit.UnitTestAdapter, Microsoft.VisualStudio.QualityTools.Tips.UnitTest.Adapter, Version=10.0.0.0, Culture=neutral, PublicKeyToken=b03f5f7f11d50a3a" className="UndeadEarth.Test.Dal.when_retrieving_items, UndeadEarth.Test, Version=1.0.0.0, Culture=neutral, PublicKeyToken=null" name="should_return_zero_if_attack_is_null" />
    </UnitTest>
    <UnitTest name="should_increment_accumulated_money" storage="c:\projects\undeadearth\undeadearth.test\bin\debug\undeadearth.test.dll" id="eb7106dc-eb88-ec99-7bfd-0b16f51297ea">
      <Execution id="2dcb3597-a565-4392-849e-07bc5f991f85" />
      <TestMethod codeBase="C:/Projects/UndeadEarth/UndeadEarth.Test/bin/Debug/UndeadEarth.Test.DLL" adapterTypeName="Microsoft.VisualStudio.TestTools.TestTypes.Unit.UnitTestAdapter, Microsoft.VisualStudio.QualityTools.Tips.UnitTest.Adapter, Version=10.0.0.0, Culture=neutral, PublicKeyToken=b03f5f7f11d50a3a" className="UndeadEarth.Test.Dal.when_saving_user_counts, UndeadEarth.Test, Version=1.0.0.0, Culture=neutral, PublicKeyToken=null" name="should_increment_accumulated_money" />
    </UnitTest>
    <UnitTest name="should_return_attack_power_based_on_items_in_safehouse_with_user_not_having_any_money" storage="c:\projects\undeadearth\undeadearth.test\bin\debug\undeadearth.test.dll" id="bed0bac3-5433-e3b2-3646-ee5b82bf2f3c">
      <Execution id="8b706826-1c9d-42c2-95fd-c60f513d4465" />
      <TestMethod codeBase="C:/Projects/UndeadEarth/UndeadEarth.Test/bin/Debug/UndeadEarth.Test.DLL" adapterTypeName="Microsoft.VisualStudio.TestTools.TestTypes.Unit.UnitTestAdapter, Microsoft.VisualStudio.QualityTools.Tips.UnitTest.Adapter, Version=10.0.0.0, Culture=neutral, PublicKeyToken=b03f5f7f11d50a3a" className="UndeadEarth.Test.Model.when_determining_users_max_potential_attack_power, UndeadEarth.Test, Version=1.0.0.0, Culture=neutral, PublicKeyToken=null" name="should_return_attack_power_based_on_items_in_safehouse_with_user_not_having_any_money" />
    </UnitTest>
    <UnitTest name="should_return_min_sight_radius_if_calculated_sight_for_time_passed_in_is_less_than_min_sight_radius_of_user" storage="c:\projects\undeadearth\undeadearth.test\bin\debug\undeadearth.test.dll" id="dfea3fa1-b295-8c05-710e-e2cb6ce3f9d6">
      <Execution id="9282c094-67cc-4258-b517-18ea8109b622" />
      <TestMethod codeBase="C:/Projects/UndeadEarth/UndeadEarth.Test/bin/Debug/UndeadEarth.Test.DLL" adapterTypeName="Microsoft.VisualStudio.TestTools.TestTypes.Unit.UnitTestAdapter, Microsoft.VisualStudio.QualityTools.Tips.UnitTest.Adapter, Version=10.0.0.0, Culture=neutral, PublicKeyToken=b03f5f7f11d50a3a" className="UndeadEarth.Test.Model.when_determining_users_current_sight_radius, UndeadEarth.Test, Version=1.0.0.0, Culture=neutral, PublicKeyToken=null" name="should_return_min_sight_radius_if_calculated_sight_for_time_passed_in_is_less_than_min_sight_radius_of_user" />
    </UnitTest>
    <UnitTest name="should_set_last_saved_sight_radius_to_base_sight_radius_if_last_saved_radius_does_not_exist" storage="c:\projects\undeadearth\undeadearth.test\bin\debug\undeadearth.test.dll" id="a2865b2e-10f7-d550-33c8-b7ec8623e85f">
      <Execution id="3d2be8e8-56af-4792-b51d-60ef7ecb15a7" />
      <TestMethod codeBase="C:/Projects/UndeadEarth/UndeadEarth.Test/bin/Debug/UndeadEarth.Test.DLL" adapterTypeName="Microsoft.VisualStudio.TestTools.TestTypes.Unit.UnitTestAdapter, Microsoft.VisualStudio.QualityTools.Tips.UnitTest.Adapter, Version=10.0.0.0, Culture=neutral, PublicKeyToken=b03f5f7f11d50a3a" className="UndeadEarth.Test.Model.when_determining_users_current_sight_radius, UndeadEarth.Test, Version=1.0.0.0, Culture=neutral, PublicKeyToken=null" name="should_set_last_saved_sight_radius_to_base_sight_radius_if_last_saved_radius_does_not_exist" />
    </UnitTest>
    <UnitTest name="should_set_energy_to_zero_if_item_energy_plus_user_energy_is_negative" storage="c:\projects\undeadearth\undeadearth.test\bin\debug\undeadearth.test.dll" id="7a4bb2ce-d62d-4561-dc89-28a6c8155af3">
      <Execution id="6d89955f-565f-4057-9ff5-6fcc949eb112" />
      <TestMethod codeBase="C:/Projects/UndeadEarth/UndeadEarth.Test/bin/Debug/UndeadEarth.Test.DLL" adapterTypeName="Microsoft.VisualStudio.TestTools.TestTypes.Unit.UnitTestAdapter, Microsoft.VisualStudio.QualityTools.Tips.UnitTest.Adapter, Version=10.0.0.0, Culture=neutral, PublicKeyToken=b03f5f7f11d50a3a" className="UndeadEarth.Test.Model.when_using_items, UndeadEarth.Test, Version=1.0.0.0, Culture=neutral, PublicKeyToken=null" name="should_set_energy_to_zero_if_item_energy_plus_user_energy_is_negative" />
    </UnitTest>
    <UnitTest name="should_save_and_return_zombie_pack_progress_with_random_difficulty_if_its_the_first_time_user_has_visited_zombie_pack" storage="c:\projects\undeadearth\undeadearth.test\bin\debug\undeadearth.test.dll" id="2448c480-75b4-6f61-f066-698054ffd863">
      <Execution id="c0b205e5-0375-496d-bce2-5743fcc71fb2" />
      <TestMethod codeBase="C:/Projects/UndeadEarth/UndeadEarth.Test/bin/Debug/UndeadEarth.Test.DLL" adapterTypeName="Microsoft.VisualStudio.TestTools.TestTypes.Unit.UnitTestAdapter, Microsoft.VisualStudio.QualityTools.Tips.UnitTest.Adapter, Version=10.0.0.0, Culture=neutral, PublicKeyToken=b03f5f7f11d50a3a" className="UndeadEarth.Test.Model.when_determining_zombie_pack_progress, UndeadEarth.Test, Version=1.0.0.0, Culture=neutral, PublicKeyToken=null" name="should_save_and_return_zombie_pack_progress_with_random_difficulty_if_its_the_first_time_user_has_visited_zombie_pack" />
    </UnitTest>
    <UnitTest name="should_calculate_western_point" storage="c:\projects\undeadearth\undeadearth.test\bin\debug\undeadearth.test.dll" id="49e3a9e9-dcf0-f3e5-85da-9f5499fab731">
      <Execution id="dfca9954-ab2d-450e-b447-9eb3b460ac61" />
      <TestMethod codeBase="C:/Projects/UndeadEarth/UndeadEarth.Test/bin/Debug/UndeadEarth.Test.DLL" adapterTypeName="Microsoft.VisualStudio.TestTools.TestTypes.Unit.UnitTestAdapter, Microsoft.VisualStudio.QualityTools.Tips.UnitTest.Adapter, Version=10.0.0.0, Culture=neutral, PublicKeyToken=b03f5f7f11d50a3a" className="UndeadEarth.Test.Model.when_calculating_distance, UndeadEarth.Test, Version=1.0.0.0, Culture=neutral, PublicKeyToken=null" name="should_calculate_western_point" />
    </UnitTest>
    <UnitTest name="should_disregard_if_user_has_max_items_already" storage="c:\projects\undeadearth\undeadearth.test\bin\debug\undeadearth.test.dll" id="c3a4535b-76d1-c39a-2397-114110fb9661">
      <Execution id="c8e57676-0989-4995-9082-4bc10d4048b5" />
      <TestMethod codeBase="C:/Projects/UndeadEarth/UndeadEarth.Test/bin/Debug/UndeadEarth.Test.DLL" adapterTypeName="Microsoft.VisualStudio.TestTools.TestTypes.Unit.UnitTestAdapter, Microsoft.VisualStudio.QualityTools.Tips.UnitTest.Adapter, Version=10.0.0.0, Culture=neutral, PublicKeyToken=b03f5f7f11d50a3a" className="UndeadEarth.Test.Model.when_buying_items_from_shop, UndeadEarth.Test, Version=1.0.0.0, Culture=neutral, PublicKeyToken=null" name="should_disregard_if_user_has_max_items_already" />
    </UnitTest>
    <UnitTest name="should_return_true_if_hotzone_is_a_starting_hotzone" storage="c:\projects\undeadearth\undeadearth.test\bin\debug\undeadearth.test.dll" id="53d3d174-2438-d916-b931-5b84347506a5">
      <Execution id="0cccba8a-19f5-4144-8100-18119177f74c" />
      <TestMethod codeBase="C:/Projects/UndeadEarth/UndeadEarth.Test/bin/Debug/UndeadEarth.Test.DLL" adapterTypeName="Microsoft.VisualStudio.TestTools.TestTypes.Unit.UnitTestAdapter, Microsoft.VisualStudio.QualityTools.Tips.UnitTest.Adapter, Version=10.0.0.0, Culture=neutral, PublicKeyToken=b03f5f7f11d50a3a" className="UndeadEarth.Test.Dal.when_retrieving_hot_zones, UndeadEarth.Test, Version=1.0.0.0, Culture=neutral, PublicKeyToken=null" name="should_return_true_if_hotzone_is_a_starting_hotzone" />
    </UnitTest>
    <UnitTest name="should_save_user_sight_radius" storage="c:\projects\undeadearth\undeadearth.test\bin\debug\undeadearth.test.dll" id="ea325b6e-c3ab-3827-d099-c8e61f5a4b92">
      <Execution id="afe19e08-bc25-4cf1-8f35-35635616fd11" />
      <TestMethod codeBase="C:/Projects/UndeadEarth/UndeadEarth.Test/bin/Debug/UndeadEarth.Test.DLL" adapterTypeName="Microsoft.VisualStudio.TestTools.TestTypes.Unit.UnitTestAdapter, Microsoft.VisualStudio.QualityTools.Tips.UnitTest.Adapter, Version=10.0.0.0, Culture=neutral, PublicKeyToken=b03f5f7f11d50a3a" className="UndeadEarth.Test.Dal.when_saving_user_sight_radius, UndeadEarth.Test, Version=1.0.0.0, Culture=neutral, PublicKeyToken=null" name="should_save_user_sight_radius" />
    </UnitTest>
    <UnitTest name="should_return_hotzone_as_cleared" storage="c:\projects\undeadearth\undeadearth.test\bin\debug\undeadearth.test.dll" id="b16bd29a-b3d8-bf0d-809b-edcc4ff2fca0">
      <Execution id="4c5eab51-d811-43f7-927f-12f2910ca397" />
      <TestMethod codeBase="C:/Projects/UndeadEarth/UndeadEarth.Test/bin/Debug/UndeadEarth.Test.DLL" adapterTypeName="Microsoft.VisualStudio.TestTools.TestTypes.Unit.UnitTestAdapter, Microsoft.VisualStudio.QualityTools.Tips.UnitTest.Adapter, Version=10.0.0.0, Culture=neutral, PublicKeyToken=b03f5f7f11d50a3a" className="UndeadEarth.Test.Dal.when_determining_if_hotzones_is_cleared, UndeadEarth.Test, Version=1.0.0.0, Culture=neutral, PublicKeyToken=null" name="should_return_hotzone_as_cleared" />
    </UnitTest>
    <UnitTest name="given_user_has_money_and_items_in_safe_house_and_can_buy_items_should_return_the_energy_that_is_greater_between_safehouse_items_and_store_items" storage="c:\projects\undeadearth\undeadearth.test\bin\debug\undeadearth.test.dll" id="a2cd0fe1-b87c-c070-6665-87346857dbcd">
      <Execution id="e251c7e0-275c-4a56-b31a-5484ca533f66" />
      <TestMethod codeBase="C:/Projects/UndeadEarth/UndeadEarth.Test/bin/Debug/UndeadEarth.Test.DLL" adapterTypeName="Microsoft.VisualStudio.TestTools.TestTypes.Unit.UnitTestAdapter, Microsoft.VisualStudio.QualityTools.Tips.UnitTest.Adapter, Version=10.0.0.0, Culture=neutral, PublicKeyToken=b03f5f7f11d50a3a" className="UndeadEarth.Test.Model.when_determining_users_max_potential_energy, UndeadEarth.Test, Version=1.0.0.0, Culture=neutral, PublicKeyToken=null" name="given_user_has_money_and_items_in_safe_house_and_can_buy_items_should_return_the_energy_that_is_greater_between_safehouse_items_and_store_items" />
    </UnitTest>
    <UnitTest name="should_return_achievement_for_collecting_100000_dollars" storage="c:\projects\undeadearth\undeadearth.test\bin\debug\undeadearth.test.dll" id="13954612-b76a-9796-df53-2efe3530832a">
      <Execution id="eecab0e4-a6f4-41c6-a586-def5ae28a21c" />
      <TestMethod codeBase="C:/Projects/UndeadEarth/UndeadEarth.Test/bin/Debug/UndeadEarth.Test.DLL" adapterTypeName="Microsoft.VisualStudio.TestTools.TestTypes.Unit.UnitTestAdapter, Microsoft.VisualStudio.QualityTools.Tips.UnitTest.Adapter, Version=10.0.0.0, Culture=neutral, PublicKeyToken=b03f5f7f11d50a3a" className="UndeadEarth.Test.Model.when_retrieving_achievements, UndeadEarth.Test, Version=1.0.0.0, Culture=neutral, PublicKeyToken=null" name="should_return_achievement_for_collecting_100000_dollars" />
    </UnitTest>
    <UnitTest name="should_throw_error_for_saving_last_energy_if_user_does_not_exist" storage="c:\projects\undeadearth\undeadearth.test\bin\debug\undeadearth.test.dll" id="61f447bc-f31d-7adc-e8ff-51ce31625b90">
      <Execution id="2cafa01c-bd85-4060-8337-9b8721dbef08" />
      <TestMethod codeBase="C:/Projects/UndeadEarth/UndeadEarth.Test/bin/Debug/UndeadEarth.Test.DLL" adapterTypeName="Microsoft.VisualStudio.TestTools.TestTypes.Unit.UnitTestAdapter, Microsoft.VisualStudio.QualityTools.Tips.UnitTest.Adapter, Version=10.0.0.0, Culture=neutral, PublicKeyToken=b03f5f7f11d50a3a" className="UndeadEarth.Test.Dal.Utility.when_saving_user_energy, UndeadEarth.Test, Version=1.0.0.0, Culture=neutral, PublicKeyToken=null" name="should_throw_error_for_saving_last_energy_if_user_does_not_exist" />
    </UnitTest>
    <UnitTest name="should_return_correct_inventory_slot_number_for_given_level" storage="c:\projects\undeadearth\undeadearth.test\bin\debug\undeadearth.test.dll" id="40c4a339-897f-73e3-e8be-fed33feff0fc">
      <Execution id="d50f9f30-1758-4adb-b257-dc5081b10a42" />
      <TestMethod codeBase="C:/Projects/UndeadEarth/UndeadEarth.Test/bin/Debug/UndeadEarth.Test.DLL" adapterTypeName="Microsoft.VisualStudio.TestTools.TestTypes.Unit.UnitTestAdapter, Microsoft.VisualStudio.QualityTools.Tips.UnitTest.Adapter, Version=10.0.0.0, Culture=neutral, PublicKeyToken=b03f5f7f11d50a3a" className="UndeadEarth.Test.Model.when_servicing_user_level_and_attributes, UndeadEarth.Test, Version=1.0.0.0, Culture=neutral, PublicKeyToken=null" name="should_return_correct_inventory_slot_number_for_given_level" />
    </UnitTest>
    <UnitTest name="should_return_the_number_of_zombie_kills_needed_for_next_level" storage="c:\projects\undeadearth\undeadearth.test\bin\debug\undeadearth.test.dll" id="24e2889f-3174-5207-6e2d-3941d6d3ab4a">
      <Execution id="691b949c-1547-4ea2-a849-8b566882fe5a" />
      <TestMethod codeBase="C:/Projects/UndeadEarth/UndeadEarth.Test/bin/Debug/UndeadEarth.Test.DLL" adapterTypeName="Microsoft.VisualStudio.TestTools.TestTypes.Unit.UnitTestAdapter, Microsoft.VisualStudio.QualityTools.Tips.UnitTest.Adapter, Version=10.0.0.0, Culture=neutral, PublicKeyToken=b03f5f7f11d50a3a" className="UndeadEarth.Test.Model.when_servicing_user_level_and_attributes, UndeadEarth.Test, Version=1.0.0.0, Culture=neutral, PublicKeyToken=null" name="should_return_the_number_of_zombie_kills_needed_for_next_level" />
    </UnitTest>
    <UnitTest name="should_return_accumulated_money" storage="c:\projects\undeadearth\undeadearth.test\bin\debug\undeadearth.test.dll" id="8538b685-e301-b4f2-f6ec-7abb74e1fb4b">
      <Execution id="e2ccfa9f-ec10-47a3-803c-aa927c70a808" />
      <TestMethod codeBase="C:/Projects/UndeadEarth/UndeadEarth.Test/bin/Debug/UndeadEarth.Test.DLL" adapterTypeName="Microsoft.VisualStudio.TestTools.TestTypes.Unit.UnitTestAdapter, Microsoft.VisualStudio.QualityTools.Tips.UnitTest.Adapter, Version=10.0.0.0, Culture=neutral, PublicKeyToken=b03f5f7f11d50a3a" className="UndeadEarth.Test.Dal.when_retrieving_user_counts, UndeadEarth.Test, Version=1.0.0.0, Culture=neutral, PublicKeyToken=null" name="should_return_accumulated_money" />
    </UnitTest>
    <UnitTest name="should_return_if_user_has_not_killed_enough_zombies_for_next_level" storage="c:\projects\undeadearth\undeadearth.test\bin\debug\undeadearth.test.dll" id="35d7f681-d185-2e89-da65-ece3bc8e6e75">
      <Execution id="583ded50-1fb4-4dec-be64-ff40b1735478" />
      <TestMethod codeBase="C:/Projects/UndeadEarth/UndeadEarth.Test/bin/Debug/UndeadEarth.Test.DLL" adapterTypeName="Microsoft.VisualStudio.TestTools.TestTypes.Unit.UnitTestAdapter, Microsoft.VisualStudio.QualityTools.Tips.UnitTest.Adapter, Version=10.0.0.0, Culture=neutral, PublicKeyToken=b03f5f7f11d50a3a" className="UndeadEarth.Test.Model.when_servicing_user_level_and_attributes, UndeadEarth.Test, Version=1.0.0.0, Culture=neutral, PublicKeyToken=null" name="should_return_if_user_has_not_killed_enough_zombies_for_next_level" />
    </UnitTest>
    <UnitTest name="should_not_set_sight_radius_lower_than_the_minimum_sight_radius_for_user" storage="c:\projects\undeadearth\undeadearth.test\bin\debug\undeadearth.test.dll" id="00803d11-60d8-3003-79e6-d2290acd2110">
      <Execution id="02aa405e-23da-4f3c-9b8d-a341ac7f7a83" />
      <TestMethod codeBase="C:/Projects/UndeadEarth/UndeadEarth.Test/bin/Debug/UndeadEarth.Test.DLL" adapterTypeName="Microsoft.VisualStudio.TestTools.TestTypes.Unit.UnitTestAdapter, Microsoft.VisualStudio.QualityTools.Tips.UnitTest.Adapter, Version=10.0.0.0, Culture=neutral, PublicKeyToken=b03f5f7f11d50a3a" className="UndeadEarth.Test.Model.when_using_items, UndeadEarth.Test, Version=1.0.0.0, Culture=neutral, PublicKeyToken=null" name="should_not_set_sight_radius_lower_than_the_minimum_sight_radius_for_user" />
    </UnitTest>
    <UnitTest name="should_return_if_user_does_not_exist" storage="c:\projects\undeadearth\undeadearth.test\bin\debug\undeadearth.test.dll" id="74c211d1-a8ea-e685-b3ae-006434becd54">
      <Execution id="149dd6c9-bd7b-4f92-bd30-abc5d2b39db9" />
      <TestMethod codeBase="C:/Projects/UndeadEarth/UndeadEarth.Test/bin/Debug/UndeadEarth.Test.DLL" adapterTypeName="Microsoft.VisualStudio.TestTools.TestTypes.Unit.UnitTestAdapter, Microsoft.VisualStudio.QualityTools.Tips.UnitTest.Adapter, Version=10.0.0.0, Culture=neutral, PublicKeyToken=b03f5f7f11d50a3a" className="UndeadEarth.Test.Model.when_using_items, UndeadEarth.Test, Version=1.0.0.0, Culture=neutral, PublicKeyToken=null" name="should_return_if_user_does_not_exist" />
    </UnitTest>
    <UnitTest name="should_return_an_empty_progress_if_zombie_pack_doesnt_exist" storage="c:\projects\undeadearth\undeadearth.test\bin\debug\undeadearth.test.dll" id="ba89953e-a09d-28cf-6946-aa203e1b8fb8">
      <Execution id="10138def-6697-44c5-8cce-04631e925f4f" />
      <TestMethod codeBase="C:/Projects/UndeadEarth/UndeadEarth.Test/bin/Debug/UndeadEarth.Test.DLL" adapterTypeName="Microsoft.VisualStudio.TestTools.TestTypes.Unit.UnitTestAdapter, Microsoft.VisualStudio.QualityTools.Tips.UnitTest.Adapter, Version=10.0.0.0, Culture=neutral, PublicKeyToken=b03f5f7f11d50a3a" className="UndeadEarth.Test.Model.when_determining_zombie_pack_progress, UndeadEarth.Test, Version=1.0.0.0, Culture=neutral, PublicKeyToken=null" name="should_return_an_empty_progress_if_zombie_pack_doesnt_exist" />
    </UnitTest>
    <UnitTest name="should_return_achievement_for_collecting_1000000_dollars" storage="c:\projects\undeadearth\undeadearth.test\bin\debug\undeadearth.test.dll" id="456f5311-d61b-5ef4-13ac-a1ceca766e06">
      <Execution id="3d8a2ef8-c58b-4329-b9ba-aa3ed4ba4590" />
      <TestMethod codeBase="C:/Projects/UndeadEarth/UndeadEarth.Test/bin/Debug/UndeadEarth.Test.DLL" adapterTypeName="Microsoft.VisualStudio.TestTools.TestTypes.Unit.UnitTestAdapter, Microsoft.VisualStudio.QualityTools.Tips.UnitTest.Adapter, Version=10.0.0.0, Culture=neutral, PublicKeyToken=b03f5f7f11d50a3a" className="UndeadEarth.Test.Model.when_retrieving_achievements, UndeadEarth.Test, Version=1.0.0.0, Culture=neutral, PublicKeyToken=null" name="should_return_achievement_for_collecting_1000000_dollars" />
    </UnitTest>
    <UnitTest name="should_return_null_for_last_saved_sight_radius_if_user_exists_but_sight_radius_is_null" storage="c:\projects\undeadearth\undeadearth.test\bin\debug\undeadearth.test.dll" id="027692e3-3856-06fd-bce6-644a6cf7eb82">
      <Execution id="1bf2871a-40a7-44da-8154-4e2d5a9d3060" />
      <TestMethod codeBase="C:/Projects/UndeadEarth/UndeadEarth.Test/bin/Debug/UndeadEarth.Test.DLL" adapterTypeName="Microsoft.VisualStudio.TestTools.TestTypes.Unit.UnitTestAdapter, Microsoft.VisualStudio.QualityTools.Tips.UnitTest.Adapter, Version=10.0.0.0, Culture=neutral, PublicKeyToken=b03f5f7f11d50a3a" className="UndeadEarth.Test.Dal.when_retrieving_user_sight_radius, UndeadEarth.Test, Version=1.0.0.0, Culture=neutral, PublicKeyToken=null" name="should_return_null_for_last_saved_sight_radius_if_user_exists_but_sight_radius_is_null" />
    </UnitTest>
    <UnitTest name="should_update_baseline_attack_power_for_user" storage="c:\projects\undeadearth\undeadearth.test\bin\debug\undeadearth.test.dll" id="1f98f9e8-cb47-74ae-9470-dfe55c54483a">
      <Execution id="f88b3778-682e-4843-9708-c0bf17d82868" />
      <TestMethod codeBase="C:/Projects/UndeadEarth/UndeadEarth.Test/bin/Debug/UndeadEarth.Test.DLL" adapterTypeName="Microsoft.VisualStudio.TestTools.TestTypes.Unit.UnitTestAdapter, Microsoft.VisualStudio.QualityTools.Tips.UnitTest.Adapter, Version=10.0.0.0, Culture=neutral, PublicKeyToken=b03f5f7f11d50a3a" className="UndeadEarth.Test.Dal.when_saving_user, UndeadEarth.Test, Version=1.0.0.0, Culture=neutral, PublicKeyToken=null" name="should_update_baseline_attack_power_for_user" />
    </UnitTest>
    <UnitTest name="should_record_money_earned_after_a_succesful_hunt" storage="c:\projects\undeadearth\undeadearth.test\bin\debug\undeadearth.test.dll" id="147b1cfd-fcbf-4ec1-a009-05f059879e52">
      <Execution id="9978e681-17e8-4e26-8955-3e0788c05683" />
      <TestMethod codeBase="C:/Projects/UndeadEarth/UndeadEarth.Test/bin/Debug/UndeadEarth.Test.DLL" adapterTypeName="Microsoft.VisualStudio.TestTools.TestTypes.Unit.UnitTestAdapter, Microsoft.VisualStudio.QualityTools.Tips.UnitTest.Adapter, Version=10.0.0.0, Culture=neutral, PublicKeyToken=b03f5f7f11d50a3a" className="UndeadEarth.Test.Model.when_hunting_for_zombies, UndeadEarth.Test, Version=1.0.0.0, Culture=neutral, PublicKeyToken=null" name="should_record_money_earned_after_a_succesful_hunt" />
    </UnitTest>
    <UnitTest name="should_disregard_hunt_if_zombie_pack_does_not_have_any_zombies" storage="c:\projects\undeadearth\undeadearth.test\bin\debug\undeadearth.test.dll" id="6fc1d911-2aa7-09d2-3f37-8e698e0a0e1a">
      <Execution id="063b3679-c99c-4577-a14c-c8c9a925d429" />
      <TestMethod codeBase="C:/Projects/UndeadEarth/UndeadEarth.Test/bin/Debug/UndeadEarth.Test.DLL" adapterTypeName="Microsoft.VisualStudio.TestTools.TestTypes.Unit.UnitTestAdapter, Microsoft.VisualStudio.QualityTools.Tips.UnitTest.Adapter, Version=10.0.0.0, Culture=neutral, PublicKeyToken=b03f5f7f11d50a3a" className="UndeadEarth.Test.Model.when_hunting_for_zombies, UndeadEarth.Test, Version=1.0.0.0, Culture=neutral, PublicKeyToken=null" name="should_disregard_hunt_if_zombie_pack_does_not_have_any_zombies" />
    </UnitTest>
    <UnitTest name="should_set_sight_radius_to_5_for_user_who_exists_but_does_not_have_a_base_sight_radius_value" storage="c:\projects\undeadearth\undeadearth.test\bin\debug\undeadearth.test.dll" id="cf462ec4-8531-1e43-07c6-e34f96bb70c0">
      <Execution id="4277b5f1-c599-4233-999f-fab8b483af08" />
      <TestMethod codeBase="C:/Projects/UndeadEarth/UndeadEarth.Test/bin/Debug/UndeadEarth.Test.DLL" adapterTypeName="Microsoft.VisualStudio.TestTools.TestTypes.Unit.UnitTestAdapter, Microsoft.VisualStudio.QualityTools.Tips.UnitTest.Adapter, Version=10.0.0.0, Culture=neutral, PublicKeyToken=b03f5f7f11d50a3a" className="UndeadEarth.Test.Model.when_determining_users_current_sight_radius, UndeadEarth.Test, Version=1.0.0.0, Culture=neutral, PublicKeyToken=null" name="should_set_sight_radius_to_5_for_user_who_exists_but_does_not_have_a_base_sight_radius_value" />
    </UnitTest>
    <UnitTest name="should_change_users_sight_radius_if_item_has_a_distance_attribute_not_equal_to_zero" storage="c:\projects\undeadearth\undeadearth.test\bin\debug\undeadearth.test.dll" id="bb62f7f6-95bc-c16c-f91c-8661bb447531">
      <Execution id="5327253a-49c8-4d1f-bf74-352165877d55" />
      <TestMethod codeBase="C:/Projects/UndeadEarth/UndeadEarth.Test/bin/Debug/UndeadEarth.Test.DLL" adapterTypeName="Microsoft.VisualStudio.TestTools.TestTypes.Unit.UnitTestAdapter, Microsoft.VisualStudio.QualityTools.Tips.UnitTest.Adapter, Version=10.0.0.0, Culture=neutral, PublicKeyToken=b03f5f7f11d50a3a" className="UndeadEarth.Test.Model.when_using_items, UndeadEarth.Test, Version=1.0.0.0, Culture=neutral, PublicKeyToken=null" name="should_change_users_sight_radius_if_item_has_a_distance_attribute_not_equal_to_zero" />
    </UnitTest>
    <UnitTest name="should_throw_error_if_facebook_user_id_is_0_user_exists_is_attempted" storage="c:\projects\undeadearth\undeadearth.test\bin\debug\undeadearth.test.dll" id="20c7eedc-a25f-bd99-048a-d0191e8444d6">
      <Execution id="507eeae5-fc0c-4ba6-a5ec-f8677dcea910" />
      <TestMethod codeBase="C:/Projects/UndeadEarth/UndeadEarth.Test/bin/Debug/UndeadEarth.Test.DLL" adapterTypeName="Microsoft.VisualStudio.TestTools.TestTypes.Unit.UnitTestAdapter, Microsoft.VisualStudio.QualityTools.Tips.UnitTest.Adapter, Version=10.0.0.0, Culture=neutral, PublicKeyToken=b03f5f7f11d50a3a" className="UndeadEarth.Test.Dal.when_retrieving_user, UndeadEarth.Test, Version=1.0.0.0, Culture=neutral, PublicKeyToken=null" name="should_throw_error_if_facebook_user_id_is_0_user_exists_is_attempted" />
    </UnitTest>
    <UnitTest name="should_save_user_item_in_safe_house" storage="c:\projects\undeadearth\undeadearth.test\bin\debug\undeadearth.test.dll" id="f9c3b8d4-44eb-d441-d7b4-5980f2089bf1">
      <Execution id="f5fe354f-980e-4350-9cfe-3eecc1cfbb3e" />
      <TestMethod codeBase="C:/Projects/UndeadEarth/UndeadEarth.Test/bin/Debug/UndeadEarth.Test.DLL" adapterTypeName="Microsoft.VisualStudio.TestTools.TestTypes.Unit.UnitTestAdapter, Microsoft.VisualStudio.QualityTools.Tips.UnitTest.Adapter, Version=10.0.0.0, Culture=neutral, PublicKeyToken=b03f5f7f11d50a3a" className="UndeadEarth.Test.Dal.when_retrieving_items, UndeadEarth.Test, Version=1.0.0.0, Culture=neutral, PublicKeyToken=null" name="should_save_user_item_in_safe_house" />
    </UnitTest>
    <UnitTest name="should_disregard_if_safe_house_does_not_have_item" storage="c:\projects\undeadearth\undeadearth.test\bin\debug\undeadearth.test.dll" id="8522a95f-e160-dcf6-186a-2eac6493fad8">
      <Execution id="a2a06675-064f-4bf3-9657-8d105d05124f" />
      <TestMethod codeBase="C:/Projects/UndeadEarth/UndeadEarth.Test/bin/Debug/UndeadEarth.Test.DLL" adapterTypeName="Microsoft.VisualStudio.TestTools.TestTypes.Unit.UnitTestAdapter, Microsoft.VisualStudio.QualityTools.Tips.UnitTest.Adapter, Version=10.0.0.0, Culture=neutral, PublicKeyToken=b03f5f7f11d50a3a" className="UndeadEarth.Test.Model.when_transferring_items_from_safe_house_to_user, UndeadEarth.Test, Version=1.0.0.0, Culture=neutral, PublicKeyToken=null" name="should_disregard_if_safe_house_does_not_have_item" />
    </UnitTest>
    <UnitTest name="should_set_last_energy_date_to_datetimenow_if_its_null_but_last_energy_isnt" storage="c:\projects\undeadearth\undeadearth.test\bin\debug\undeadearth.test.dll" id="99355754-b969-f315-3b5a-88e1622f783a">
      <Execution id="e47b1bb0-af7b-4896-90bf-ece2dac8bfb4" />
      <TestMethod codeBase="C:/Projects/UndeadEarth/UndeadEarth.Test/bin/Debug/UndeadEarth.Test.DLL" adapterTypeName="Microsoft.VisualStudio.TestTools.TestTypes.Unit.UnitTestAdapter, Microsoft.VisualStudio.QualityTools.Tips.UnitTest.Adapter, Version=10.0.0.0, Culture=neutral, PublicKeyToken=b03f5f7f11d50a3a" className="UndeadEarth.Test.Dal.when_retrieving_user_energy, UndeadEarth.Test, Version=1.0.0.0, Culture=neutral, PublicKeyToken=null" name="should_set_last_energy_date_to_datetimenow_if_its_null_but_last_energy_isnt" />
    </UnitTest>
    <UnitTest name="should_throw_error_for_saving_mas_energy_if_user_does_not_exist" storage="c:\projects\undeadearth\undeadearth.test\bin\debug\undeadearth.test.dll" id="3e4c555c-eb52-8e6a-77bb-fba4f57ae14d">
      <Execution id="d8cf267e-d899-407b-952a-32df1c5006c9" />
      <TestMethod codeBase="C:/Projects/UndeadEarth/UndeadEarth.Test/bin/Debug/UndeadEarth.Test.DLL" adapterTypeName="Microsoft.VisualStudio.TestTools.TestTypes.Unit.UnitTestAdapter, Microsoft.VisualStudio.QualityTools.Tips.UnitTest.Adapter, Version=10.0.0.0, Culture=neutral, PublicKeyToken=b03f5f7f11d50a3a" className="UndeadEarth.Test.Dal.Utility.when_saving_user_energy, UndeadEarth.Test, Version=1.0.0.0, Culture=neutral, PublicKeyToken=null" name="should_throw_error_for_saving_mas_energy_if_user_does_not_exist" />
    </UnitTest>
    <UnitTest name="should_return_base_energy_if_user_does_not_have_any_money_and_no_items_in_safehouse" storage="c:\projects\undeadearth\undeadearth.test\bin\debug\undeadearth.test.dll" id="1176458c-eb17-c2d6-8c27-e75b41695c1a">
      <Execution id="be9dbc64-5fee-4800-9ea3-05603f19083f" />
      <TestMethod codeBase="C:/Projects/UndeadEarth/UndeadEarth.Test/bin/Debug/UndeadEarth.Test.DLL" adapterTypeName="Microsoft.VisualStudio.TestTools.TestTypes.Unit.UnitTestAdapter, Microsoft.VisualStudio.QualityTools.Tips.UnitTest.Adapter, Version=10.0.0.0, Culture=neutral, PublicKeyToken=b03f5f7f11d50a3a" className="UndeadEarth.Test.Model.when_determining_users_max_potential_energy, UndeadEarth.Test, Version=1.0.0.0, Culture=neutral, PublicKeyToken=null" name="should_return_base_energy_if_user_does_not_have_any_money_and_no_items_in_safehouse" />
    </UnitTest>
    <UnitTest name="should_return_energy_along_with_any_energy_increase_from_buying_item_with_no_items_in_safehouse" storage="c:\projects\undeadearth\undeadearth.test\bin\debug\undeadearth.test.dll" id="6f612bd1-261c-e125-ca8e-f3d31afd386b">
      <Execution id="11cc031e-7adc-48d9-adc0-3bf09171dfa9" />
      <TestMethod codeBase="C:/Projects/UndeadEarth/UndeadEarth.Test/bin/Debug/UndeadEarth.Test.DLL" adapterTypeName="Microsoft.VisualStudio.TestTools.TestTypes.Unit.UnitTestAdapter, Microsoft.VisualStudio.QualityTools.Tips.UnitTest.Adapter, Version=10.0.0.0, Culture=neutral, PublicKeyToken=b03f5f7f11d50a3a" className="UndeadEarth.Test.Model.when_determining_users_max_potential_energy, UndeadEarth.Test, Version=1.0.0.0, Culture=neutral, PublicKeyToken=null" name="should_return_energy_along_with_any_energy_increase_from_buying_item_with_no_items_in_safehouse" />
    </UnitTest>
    <UnitTest name="should_retrieve_all_safe_houses_within_radius" storage="c:\projects\undeadearth\undeadearth.test\bin\debug\undeadearth.test.dll" id="948eaf49-3d62-1046-def5-d76ed8415a60">
      <Execution id="106d7301-25e9-4e9d-a973-e740ec7f2ea0" />
      <TestMethod codeBase="C:/Projects/UndeadEarth/UndeadEarth.Test/bin/Debug/UndeadEarth.Test.DLL" adapterTypeName="Microsoft.VisualStudio.TestTools.TestTypes.Unit.UnitTestAdapter, Microsoft.VisualStudio.QualityTools.Tips.UnitTest.Adapter, Version=10.0.0.0, Culture=neutral, PublicKeyToken=b03f5f7f11d50a3a" className="UndeadEarth.Test.Dal.when_retrieving_safe_houses, UndeadEarth.Test, Version=1.0.0.0, Culture=neutral, PublicKeyToken=null" name="should_retrieve_all_safe_houses_within_radius" />
    </UnitTest>
    <UnitTest name="should_return_true_if_hotzone_exists" storage="c:\projects\undeadearth\undeadearth.test\bin\debug\undeadearth.test.dll" id="986c501e-f914-4dd0-53c3-b0c1bdfdf5be">
      <Execution id="e7ac986c-5d7f-4423-a726-59067eac2132" />
      <TestMethod codeBase="C:/Projects/UndeadEarth/UndeadEarth.Test/bin/Debug/UndeadEarth.Test.DLL" adapterTypeName="Microsoft.VisualStudio.TestTools.TestTypes.Unit.UnitTestAdapter, Microsoft.VisualStudio.QualityTools.Tips.UnitTest.Adapter, Version=10.0.0.0, Culture=neutral, PublicKeyToken=b03f5f7f11d50a3a" className="UndeadEarth.Test.Dal.when_retrieving_hot_zones, UndeadEarth.Test, Version=1.0.0.0, Culture=neutral, PublicKeyToken=null" name="should_return_true_if_hotzone_exists" />
    </UnitTest>
    <UnitTest name="should_record_zombiepack_destoryed_if_zombiepack_cleared" storage="c:\projects\undeadearth\undeadearth.test\bin\debug\undeadearth.test.dll" id="e4615602-9641-d148-59c9-84c9addeee4f">
      <Execution id="a7bc6560-323f-450d-adcb-79442852e2b2" />
      <TestMethod codeBase="C:/Projects/UndeadEarth/UndeadEarth.Test/bin/Debug/UndeadEarth.Test.DLL" adapterTypeName="Microsoft.VisualStudio.TestTools.TestTypes.Unit.UnitTestAdapter, Microsoft.VisualStudio.QualityTools.Tips.UnitTest.Adapter, Version=10.0.0.0, Culture=neutral, PublicKeyToken=b03f5f7f11d50a3a" className="UndeadEarth.Test.Model.when_hunting_for_zombies, UndeadEarth.Test, Version=1.0.0.0, Culture=neutral, PublicKeyToken=null" name="should_record_zombiepack_destoryed_if_zombiepack_cleared" />
    </UnitTest>
    <UnitTest name="should_update_users_energy_if_user_can_hunt" storage="c:\projects\undeadearth\undeadearth.test\bin\debug\undeadearth.test.dll" id="6d50870f-a5f5-48df-fa3a-fd929ac4d6d9">
      <Execution id="81d550c2-49d7-4037-b9ba-1f294d257bda" />
      <TestMethod codeBase="C:/Projects/UndeadEarth/UndeadEarth.Test/bin/Debug/UndeadEarth.Test.DLL" adapterTypeName="Microsoft.VisualStudio.TestTools.TestTypes.Unit.UnitTestAdapter, Microsoft.VisualStudio.QualityTools.Tips.UnitTest.Adapter, Version=10.0.0.0, Culture=neutral, PublicKeyToken=b03f5f7f11d50a3a" className="UndeadEarth.Test.Model.when_hunting_for_zombies, UndeadEarth.Test, Version=1.0.0.0, Culture=neutral, PublicKeyToken=null" name="should_update_users_energy_if_user_can_hunt" />
    </UnitTest>
    <UnitTest name="should_throw_exception_if_update_on_baseline_is_done_on_user_that_doest_exist" storage="c:\projects\undeadearth\undeadearth.test\bin\debug\undeadearth.test.dll" id="dcf1db6a-6e15-f745-8c61-5c0cbc68681f">
      <Execution id="85229373-5f01-408e-a156-7cf19d35db3c" />
      <TestMethod codeBase="C:/Projects/UndeadEarth/UndeadEarth.Test/bin/Debug/UndeadEarth.Test.DLL" adapterTypeName="Microsoft.VisualStudio.TestTools.TestTypes.Unit.UnitTestAdapter, Microsoft.VisualStudio.QualityTools.Tips.UnitTest.Adapter, Version=10.0.0.0, Culture=neutral, PublicKeyToken=b03f5f7f11d50a3a" className="UndeadEarth.Test.Dal.when_saving_user, UndeadEarth.Test, Version=1.0.0.0, Culture=neutral, PublicKeyToken=null" name="should_throw_exception_if_update_on_baseline_is_done_on_user_that_doest_exist" />
    </UnitTest>
    <UnitTest name="should_return_true_if_safe_house_exists" storage="c:\projects\undeadearth\undeadearth.test\bin\debug\undeadearth.test.dll" id="4c87210c-f927-e260-2776-9399fcbfbd1c">
      <Execution id="b9cf8db3-812d-43f2-8ea1-1eabaa4831a2" />
      <TestMethod codeBase="C:/Projects/UndeadEarth/UndeadEarth.Test/bin/Debug/UndeadEarth.Test.DLL" adapterTypeName="Microsoft.VisualStudio.TestTools.TestTypes.Unit.UnitTestAdapter, Microsoft.VisualStudio.QualityTools.Tips.UnitTest.Adapter, Version=10.0.0.0, Culture=neutral, PublicKeyToken=b03f5f7f11d50a3a" className="UndeadEarth.Test.Dal.when_retrieving_safe_houses, UndeadEarth.Test, Version=1.0.0.0, Culture=neutral, PublicKeyToken=null" name="should_return_true_if_safe_house_exists" />
    </UnitTest>
    <UnitTest name="should_return_false_if_facebook_user_doesnt_exist" storage="c:\projects\undeadearth\undeadearth.test\bin\debug\undeadearth.test.dll" id="b3e73d9f-e8d5-d40e-f226-223e65b83b5c">
      <Execution id="9bf57c24-86ec-4cdf-9c57-f06a991b2726" />
      <TestMethod codeBase="C:/Projects/UndeadEarth/UndeadEarth.Test/bin/Debug/UndeadEarth.Test.DLL" adapterTypeName="Microsoft.VisualStudio.TestTools.TestTypes.Unit.UnitTestAdapter, Microsoft.VisualStudio.QualityTools.Tips.UnitTest.Adapter, Version=10.0.0.0, Culture=neutral, PublicKeyToken=b03f5f7f11d50a3a" className="UndeadEarth.Test.Dal.when_retrieving_user, UndeadEarth.Test, Version=1.0.0.0, Culture=neutral, PublicKeyToken=null" name="should_return_false_if_facebook_user_doesnt_exist" />
    </UnitTest>
    <UnitTest name="should_throw_error_if_user_does_not_exist" storage="c:\projects\undeadearth\undeadearth.test\bin\debug\undeadearth.test.dll" id="65c104b2-1ff7-266c-33d4-c2e6789ce0d4">
      <Execution id="5f1680c1-9702-4dbf-8d57-d04a2a13e54c" />
      <TestMethod codeBase="C:/Projects/UndeadEarth/UndeadEarth.Test/bin/Debug/UndeadEarth.Test.DLL" adapterTypeName="Microsoft.VisualStudio.TestTools.TestTypes.Unit.UnitTestAdapter, Microsoft.VisualStudio.QualityTools.Tips.UnitTest.Adapter, Version=10.0.0.0, Culture=neutral, PublicKeyToken=b03f5f7f11d50a3a" className="UndeadEarth.Test.Model.when_servicing_user_level_and_attributes, UndeadEarth.Test, Version=1.0.0.0, Culture=neutral, PublicKeyToken=null" name="should_throw_error_if_user_does_not_exist" />
    </UnitTest>
    <UnitTest name="should_return_base_sight_radius_plus_any_equiped_items_that_affect_sight_radius" storage="c:\projects\undeadearth\undeadearth.test\bin\debug\undeadearth.test.dll" id="9091ae17-a6a8-ad22-153b-b3d1f20f3512">
      <Execution id="aa84909e-ff6d-4277-ab61-f6b595adccd8" />
      <TestMethod codeBase="C:/Projects/UndeadEarth/UndeadEarth.Test/bin/Debug/UndeadEarth.Test.DLL" adapterTypeName="Microsoft.VisualStudio.TestTools.TestTypes.Unit.UnitTestAdapter, Microsoft.VisualStudio.QualityTools.Tips.UnitTest.Adapter, Version=10.0.0.0, Culture=neutral, PublicKeyToken=b03f5f7f11d50a3a" className="UndeadEarth.Test.Model.when_determining_users_min_sight_radius, UndeadEarth.Test, Version=1.0.0.0, Culture=neutral, PublicKeyToken=null" name="should_return_base_sight_radius_plus_any_equiped_items_that_affect_sight_radius" />
    </UnitTest>
    <UnitTest name="should_return_all_zombie_packs_assocaited_with_hotzone" storage="c:\projects\undeadearth\undeadearth.test\bin\debug\undeadearth.test.dll" id="03a8dd14-ba0a-c947-44ec-1c0c4c677ff9">
      <Execution id="62dcd7d9-5c5f-43e9-8a7c-d576519cf280" />
      <TestMethod codeBase="C:/Projects/UndeadEarth/UndeadEarth.Test/bin/Debug/UndeadEarth.Test.DLL" adapterTypeName="Microsoft.VisualStudio.TestTools.TestTypes.Unit.UnitTestAdapter, Microsoft.VisualStudio.QualityTools.Tips.UnitTest.Adapter, Version=10.0.0.0, Culture=neutral, PublicKeyToken=b03f5f7f11d50a3a" className="UndeadEarth.Test.Dal.when_retrieving_zombie_packs, UndeadEarth.Test, Version=1.0.0.0, Culture=neutral, PublicKeyToken=null" name="should_return_all_zombie_packs_assocaited_with_hotzone" />
    </UnitTest>
    <UnitTest name="should_return_min_sight_radius_for_user_if_user_exists_but_last_saved_sight_radius_does_not_exist" storage="c:\projects\undeadearth\undeadearth.test\bin\debug\undeadearth.test.dll" id="321c5a91-a83b-02fd-e40b-ce47e7f12083">
      <Execution id="769a3983-effe-4b36-85a1-7150f318fa97" />
      <TestMethod codeBase="C:/Projects/UndeadEarth/UndeadEarth.Test/bin/Debug/UndeadEarth.Test.DLL" adapterTypeName="Microsoft.VisualStudio.TestTools.TestTypes.Unit.UnitTestAdapter, Microsoft.VisualStudio.QualityTools.Tips.UnitTest.Adapter, Version=10.0.0.0, Culture=neutral, PublicKeyToken=b03f5f7f11d50a3a" className="UndeadEarth.Test.Model.when_determining_users_current_sight_radius, UndeadEarth.Test, Version=1.0.0.0, Culture=neutral, PublicKeyToken=null" name="should_return_min_sight_radius_for_user_if_user_exists_but_last_saved_sight_radius_does_not_exist" />
    </UnitTest>
    <UnitTest name="should_return_achievement_for_collecting_1000_dollars" storage="c:\projects\undeadearth\undeadearth.test\bin\debug\undeadearth.test.dll" id="537a2b77-3b56-7fda-5cef-ce5b7fef8e47">
      <Execution id="6b321c2d-aa62-416c-b3a8-fc01186c2090" />
      <TestMethod codeBase="C:/Projects/UndeadEarth/UndeadEarth.Test/bin/Debug/UndeadEarth.Test.DLL" adapterTypeName="Microsoft.VisualStudio.TestTools.TestTypes.Unit.UnitTestAdapter, Microsoft.VisualStudio.QualityTools.Tips.UnitTest.Adapter, Version=10.0.0.0, Culture=neutral, PublicKeyToken=b03f5f7f11d50a3a" className="UndeadEarth.Test.Model.when_retrieving_achievements, UndeadEarth.Test, Version=1.0.0.0, Culture=neutral, PublicKeyToken=null" name="should_return_achievement_for_collecting_1000_dollars" />
    </UnitTest>
    <UnitTest name="should_disregard_safehouse_items_that_are_one_use" storage="c:\projects\undeadearth\undeadearth.test\bin\debug\undeadearth.test.dll" id="c2fceb1f-5078-88e7-1674-00e75ecef9dd">
      <Execution id="f8930a7d-6e36-4628-9444-03bd8d273187" />
      <TestMethod codeBase="C:/Projects/UndeadEarth/UndeadEarth.Test/bin/Debug/UndeadEarth.Test.DLL" adapterTypeName="Microsoft.VisualStudio.TestTools.TestTypes.Unit.UnitTestAdapter, Microsoft.VisualStudio.QualityTools.Tips.UnitTest.Adapter, Version=10.0.0.0, Culture=neutral, PublicKeyToken=b03f5f7f11d50a3a" className="UndeadEarth.Test.Model.when_determining_users_max_potential_energy, UndeadEarth.Test, Version=1.0.0.0, Culture=neutral, PublicKeyToken=null" name="should_disregard_safehouse_items_that_are_one_use" />
    </UnitTest>
    <UnitTest name="should_return_true_if_facebook_user_exists" storage="c:\projects\undeadearth\undeadearth.test\bin\debug\undeadearth.test.dll" id="399d3773-04b9-f157-2193-2a81aa17c4e4">
      <Execution id="0662ed75-6613-4028-ad77-0355827ea146" />
      <TestMethod codeBase="C:/Projects/UndeadEarth/UndeadEarth.Test/bin/Debug/UndeadEarth.Test.DLL" adapterTypeName="Microsoft.VisualStudio.TestTools.TestTypes.Unit.UnitTestAdapter, Microsoft.VisualStudio.QualityTools.Tips.UnitTest.Adapter, Version=10.0.0.0, Culture=neutral, PublicKeyToken=b03f5f7f11d50a3a" className="UndeadEarth.Test.Dal.when_retrieving_user, UndeadEarth.Test, Version=1.0.0.0, Culture=neutral, PublicKeyToken=null" name="should_return_true_if_facebook_user_exists" />
    </UnitTest>
    <UnitTest name="should_return_achievement_for_killing_10000_zombies" storage="c:\projects\undeadearth\undeadearth.test\bin\debug\undeadearth.test.dll" id="95c19639-802d-b1a1-d6b5-8e055a02797d">
      <Execution id="eebb7369-fe7c-4d7b-9aa5-334a11f81751" />
      <TestMethod codeBase="C:/Projects/UndeadEarth/UndeadEarth.Test/bin/Debug/UndeadEarth.Test.DLL" adapterTypeName="Microsoft.VisualStudio.TestTools.TestTypes.Unit.UnitTestAdapter, Microsoft.VisualStudio.QualityTools.Tips.UnitTest.Adapter, Version=10.0.0.0, Culture=neutral, PublicKeyToken=b03f5f7f11d50a3a" className="UndeadEarth.Test.Model.when_retrieving_achievements, UndeadEarth.Test, Version=1.0.0.0, Culture=neutral, PublicKeyToken=null" name="should_return_achievement_for_killing_10000_zombies" />
    </UnitTest>
    <UnitTest name="should_return_hotzones_that_are_marked_as_starting_hotzones" storage="c:\projects\undeadearth\undeadearth.test\bin\debug\undeadearth.test.dll" id="5e0523e6-700c-d803-6a13-76f99c5ecb12">
      <Execution id="64b5fb9f-0ca3-4870-9b10-7118453455ba" />
      <TestMethod codeBase="C:/Projects/UndeadEarth/UndeadEarth.Test/bin/Debug/UndeadEarth.Test.DLL" adapterTypeName="Microsoft.VisualStudio.TestTools.TestTypes.Unit.UnitTestAdapter, Microsoft.VisualStudio.QualityTools.Tips.UnitTest.Adapter, Version=10.0.0.0, Culture=neutral, PublicKeyToken=b03f5f7f11d50a3a" className="UndeadEarth.Test.Dal.when_retrieving_hot_zones, UndeadEarth.Test, Version=1.0.0.0, Culture=neutral, PublicKeyToken=null" name="should_return_hotzones_that_are_marked_as_starting_hotzones" />
    </UnitTest>
    <UnitTest name="should_return_max_energy_for_user_if_user_exists_but_last_saved_energy_does_not_exist" storage="c:\projects\undeadearth\undeadearth.test\bin\debug\undeadearth.test.dll" id="7b96fc08-5095-7079-15b5-f39e447dbf49">
      <Execution id="eac53d40-73d3-4c8f-800a-f2b431895d48" />
      <TestMethod codeBase="C:/Projects/UndeadEarth/UndeadEarth.Test/bin/Debug/UndeadEarth.Test.DLL" adapterTypeName="Microsoft.VisualStudio.TestTools.TestTypes.Unit.UnitTestAdapter, Microsoft.VisualStudio.QualityTools.Tips.UnitTest.Adapter, Version=10.0.0.0, Culture=neutral, PublicKeyToken=b03f5f7f11d50a3a" className="UndeadEarth.Test.Model.when_determining_users_current_energy, UndeadEarth.Test, Version=1.0.0.0, Culture=neutral, PublicKeyToken=null" name="should_return_max_energy_for_user_if_user_exists_but_last_saved_energy_does_not_exist" />
    </UnitTest>
    <UnitTest name="should_disregard_if_item_does_not_exist" storage="c:\projects\undeadearth\undeadearth.test\bin\debug\undeadearth.test.dll" id="08042b30-bcf9-bd89-006e-14ec4c40ac45">
      <Execution id="b9d99def-6599-4dbd-ae8c-7f838bd5e6b9" />
      <TestMethod codeBase="C:/Projects/UndeadEarth/UndeadEarth.Test/bin/Debug/UndeadEarth.Test.DLL" adapterTypeName="Microsoft.VisualStudio.TestTools.TestTypes.Unit.UnitTestAdapter, Microsoft.VisualStudio.QualityTools.Tips.UnitTest.Adapter, Version=10.0.0.0, Culture=neutral, PublicKeyToken=b03f5f7f11d50a3a" className="UndeadEarth.Test.Model.when_buying_items_from_shop, UndeadEarth.Test, Version=1.0.0.0, Culture=neutral, PublicKeyToken=null" name="should_disregard_if_item_does_not_exist" />
    </UnitTest>
    <UnitTest name="should_return_energy_based_on_items_in_safehouse_with_user_not_having_any_money" storage="c:\projects\undeadearth\undeadearth.test\bin\debug\undeadearth.test.dll" id="0c8abc46-7ae3-a530-a75d-2f31cb9a36fc">
      <Execution id="faa40eea-a035-4b69-94f4-78c5ef191f20" />
      <TestMethod codeBase="C:/Projects/UndeadEarth/UndeadEarth.Test/bin/Debug/UndeadEarth.Test.DLL" adapterTypeName="Microsoft.VisualStudio.TestTools.TestTypes.Unit.UnitTestAdapter, Microsoft.VisualStudio.QualityTools.Tips.UnitTest.Adapter, Version=10.0.0.0, Culture=neutral, PublicKeyToken=b03f5f7f11d50a3a" className="UndeadEarth.Test.Model.when_determining_users_max_potential_energy, UndeadEarth.Test, Version=1.0.0.0, Culture=neutral, PublicKeyToken=null" name="should_return_energy_based_on_items_in_safehouse_with_user_not_having_any_money" />
    </UnitTest>
    <UnitTest name="should_return_attack_power_along_with_any_attack_power_increase_from_buying_many_of_the_same_item_with_no_items_in_safehouse" storage="c:\projects\undeadearth\undeadearth.test\bin\debug\undeadearth.test.dll" id="2bb944ea-67c4-2ec5-7a6c-8e36c6922cdf">
      <Execution id="c9428564-1f84-4a99-affb-10a972e382cc" />
      <TestMethod codeBase="C:/Projects/UndeadEarth/UndeadEarth.Test/bin/Debug/UndeadEarth.Test.DLL" adapterTypeName="Microsoft.VisualStudio.TestTools.TestTypes.Unit.UnitTestAdapter, Microsoft.VisualStudio.QualityTools.Tips.UnitTest.Adapter, Version=10.0.0.0, Culture=neutral, PublicKeyToken=b03f5f7f11d50a3a" className="UndeadEarth.Test.Model.when_determining_users_max_potential_attack_power, UndeadEarth.Test, Version=1.0.0.0, Culture=neutral, PublicKeyToken=null" name="should_return_attack_power_along_with_any_attack_power_increase_from_buying_many_of_the_same_item_with_no_items_in_safehouse" />
    </UnitTest>
    <UnitTest name="should_update_users_base_energy" storage="c:\projects\undeadearth\undeadearth.test\bin\debug\undeadearth.test.dll" id="ef0ae882-4dcb-0302-71db-13ab90020039">
      <Execution id="ffe7f177-cba9-4f6f-a3c8-2eea125dc8ad" />
      <TestMethod codeBase="C:/Projects/UndeadEarth/UndeadEarth.Test/bin/Debug/UndeadEarth.Test.DLL" adapterTypeName="Microsoft.VisualStudio.TestTools.TestTypes.Unit.UnitTestAdapter, Microsoft.VisualStudio.QualityTools.Tips.UnitTest.Adapter, Version=10.0.0.0, Culture=neutral, PublicKeyToken=b03f5f7f11d50a3a" className="UndeadEarth.Test.Dal.when_saving_user, UndeadEarth.Test, Version=1.0.0.0, Culture=neutral, PublicKeyToken=null" name="should_update_users_base_energy" />
    </UnitTest>
    <UnitTest name="should_retrieve_safe_house_item_id" storage="c:\projects\undeadearth\undeadearth.test\bin\debug\undeadearth.test.dll" id="d6a3e7bf-2e31-3f07-2490-3e67884ebb4a">
      <Execution id="9a1cf54a-bcc7-425c-9f3a-30a509074e38" />
      <TestMethod codeBase="C:/Projects/UndeadEarth/UndeadEarth.Test/bin/Debug/UndeadEarth.Test.DLL" adapterTypeName="Microsoft.VisualStudio.TestTools.TestTypes.Unit.UnitTestAdapter, Microsoft.VisualStudio.QualityTools.Tips.UnitTest.Adapter, Version=10.0.0.0, Culture=neutral, PublicKeyToken=b03f5f7f11d50a3a" className="UndeadEarth.Test.Dal.when_retrieving_safe_houses, UndeadEarth.Test, Version=1.0.0.0, Culture=neutral, PublicKeyToken=null" name="should_retrieve_safe_house_item_id" />
    </UnitTest>
    <UnitTest name="should_disregard_if_user_does_not_exist" storage="c:\projects\undeadearth\undeadearth.test\bin\debug\undeadearth.test.dll" id="7d282b5a-4c68-651b-2ed3-0d406222883a">
      <Execution id="81a9bf3f-d27b-436d-8dae-96a0a7f7bf9f" />
      <TestMethod codeBase="C:/Projects/UndeadEarth/UndeadEarth.Test/bin/Debug/UndeadEarth.Test.DLL" adapterTypeName="Microsoft.VisualStudio.TestTools.TestTypes.Unit.UnitTestAdapter, Microsoft.VisualStudio.QualityTools.Tips.UnitTest.Adapter, Version=10.0.0.0, Culture=neutral, PublicKeyToken=b03f5f7f11d50a3a" className="UndeadEarth.Test.Model.when_buying_items_from_shop, UndeadEarth.Test, Version=1.0.0.0, Culture=neutral, PublicKeyToken=null" name="should_disregard_if_user_does_not_exist" />
    </UnitTest>
    <UnitTest name="should_return_a_hunt_count_of_5_to_10_if_resolved_as_an_medium_hotzone" storage="c:\projects\undeadearth\undeadearth.test\bin\debug\undeadearth.test.dll" id="b8158573-3e0f-248e-b423-b1311e92e807">
      <Execution id="b5a74d65-6e89-4906-a574-fefba82aeb92" />
      <TestMethod codeBase="C:/Projects/UndeadEarth/UndeadEarth.Test/bin/Debug/UndeadEarth.Test.DLL" adapterTypeName="Microsoft.VisualStudio.TestTools.TestTypes.Unit.UnitTestAdapter, Microsoft.VisualStudio.QualityTools.Tips.UnitTest.Adapter, Version=10.0.0.0, Culture=neutral, PublicKeyToken=b03f5f7f11d50a3a" className="UndeadEarth.Test.Model.when_determining_zombie_pack_progress, UndeadEarth.Test, Version=1.0.0.0, Culture=neutral, PublicKeyToken=null" name="should_return_a_hunt_count_of_5_to_10_if_resolved_as_an_medium_hotzone" />
    </UnitTest>
    <UnitTest name="should_return_energy_along_with_any_energy_increase_from_buying_many_of_the_same_item_with_no_items_in_safehouse" storage="c:\projects\undeadearth\undeadearth.test\bin\debug\undeadearth.test.dll" id="86693507-7b03-3b4f-52d7-489bc76e87d4">
      <Execution id="13a00396-46e7-48ef-ac3e-62c69c7b1b19" />
      <TestMethod codeBase="C:/Projects/UndeadEarth/UndeadEarth.Test/bin/Debug/UndeadEarth.Test.DLL" adapterTypeName="Microsoft.VisualStudio.TestTools.TestTypes.Unit.UnitTestAdapter, Microsoft.VisualStudio.QualityTools.Tips.UnitTest.Adapter, Version=10.0.0.0, Culture=neutral, PublicKeyToken=b03f5f7f11d50a3a" className="UndeadEarth.Test.Model.when_determining_users_max_potential_energy, UndeadEarth.Test, Version=1.0.0.0, Culture=neutral, PublicKeyToken=null" name="should_return_energy_along_with_any_energy_increase_from_buying_many_of_the_same_item_with_no_items_in_safehouse" />
    </UnitTest>
    <UnitTest name="should_return_0_for_attack_power_if_user_does_not_exist" storage="c:\projects\undeadearth\undeadearth.test\bin\debug\undeadearth.test.dll" id="5a7c17db-19ea-927d-e739-dca3cee988f6">
      <Execution id="80a2ec97-9395-486c-9297-710d795ead54" />
      <TestMethod codeBase="C:/Projects/UndeadEarth/UndeadEarth.Test/bin/Debug/UndeadEarth.Test.DLL" adapterTypeName="Microsoft.VisualStudio.TestTools.TestTypes.Unit.UnitTestAdapter, Microsoft.VisualStudio.QualityTools.Tips.UnitTest.Adapter, Version=10.0.0.0, Culture=neutral, PublicKeyToken=b03f5f7f11d50a3a" className="UndeadEarth.Test.Model.when_determining_users_max_potential_attack_power, UndeadEarth.Test, Version=1.0.0.0, Culture=neutral, PublicKeyToken=null" name="should_return_0_for_attack_power_if_user_does_not_exist" />
    </UnitTest>
    <UnitTest name="should_return_0_for_base_energy" storage="c:\projects\undeadearth\undeadearth.test\bin\debug\undeadearth.test.dll" id="f6ae9d1e-5852-50cb-8378-e1ac4634a91b">
      <Execution id="c8b4d3a4-f04b-4e3f-8fee-e36430a6f7a9" />
      <TestMethod codeBase="C:/Projects/UndeadEarth/UndeadEarth.Test/bin/Debug/UndeadEarth.Test.DLL" adapterTypeName="Microsoft.VisualStudio.TestTools.TestTypes.Unit.UnitTestAdapter, Microsoft.VisualStudio.QualityTools.Tips.UnitTest.Adapter, Version=10.0.0.0, Culture=neutral, PublicKeyToken=b03f5f7f11d50a3a" className="UndeadEarth.Test.Dal.when_retrieving_user_energy, UndeadEarth.Test, Version=1.0.0.0, Culture=neutral, PublicKeyToken=null" name="should_return_0_for_base_energy" />
    </UnitTest>
    <UnitTest name="should_set_latitude_longitude_position_for_hotzone" storage="c:\projects\undeadearth\undeadearth.test\bin\debug\undeadearth.test.dll" id="af74033c-8ac7-9c6c-bed1-b5a7d2c06950">
      <Execution id="053a7da5-10b3-4bbb-8666-ca61198c5d82" />
      <TestMethod codeBase="C:/Projects/UndeadEarth/UndeadEarth.Test/bin/Debug/UndeadEarth.Test.DLL" adapterTypeName="Microsoft.VisualStudio.TestTools.TestTypes.Unit.UnitTestAdapter, Microsoft.VisualStudio.QualityTools.Tips.UnitTest.Adapter, Version=10.0.0.0, Culture=neutral, PublicKeyToken=b03f5f7f11d50a3a" className="UndeadEarth.Test.Model.when_creating_user, UndeadEarth.Test, Version=1.0.0.0, Culture=neutral, PublicKeyToken=null" name="should_set_latitude_longitude_position_for_hotzone" />
    </UnitTest>
    <UnitTest name="should_insert_counts" storage="c:\projects\undeadearth\undeadearth.test\bin\debug\undeadearth.test.dll" id="7ad2e801-5f6e-048b-7bcf-d285bb6f6be7">
      <Execution id="aa648d43-b377-412e-9700-01edd3e01aa6" />
      <TestMethod codeBase="C:/Projects/UndeadEarth/UndeadEarth.Test/bin/Debug/UndeadEarth.Test.DLL" adapterTypeName="Microsoft.VisualStudio.TestTools.TestTypes.Unit.UnitTestAdapter, Microsoft.VisualStudio.QualityTools.Tips.UnitTest.Adapter, Version=10.0.0.0, Culture=neutral, PublicKeyToken=b03f5f7f11d50a3a" className="UndeadEarth.Test.Dal.when_saving_user_counts, UndeadEarth.Test, Version=1.0.0.0, Culture=neutral, PublicKeyToken=null" name="should_insert_counts" />
    </UnitTest>
    <UnitTest name="should_throw_error_if_trying_to_update_base_line_energy_and_user_does_not_exist" storage="c:\projects\undeadearth\undeadearth.test\bin\debug\undeadearth.test.dll" id="162e548e-a661-0b73-7a6e-7c4d1ab7a750">
      <Execution id="27774bbf-3a95-4a05-a7a6-301deca16fe5" />
      <TestMethod codeBase="C:/Projects/UndeadEarth/UndeadEarth.Test/bin/Debug/UndeadEarth.Test.DLL" adapterTypeName="Microsoft.VisualStudio.TestTools.TestTypes.Unit.UnitTestAdapter, Microsoft.VisualStudio.QualityTools.Tips.UnitTest.Adapter, Version=10.0.0.0, Culture=neutral, PublicKeyToken=b03f5f7f11d50a3a" className="UndeadEarth.Test.Dal.when_saving_user, UndeadEarth.Test, Version=1.0.0.0, Culture=neutral, PublicKeyToken=null" name="should_throw_error_if_trying_to_update_base_line_energy_and_user_does_not_exist" />
    </UnitTest>
    <UnitTest name="should_return_achievement_for_traveling_10000_miles" storage="c:\projects\undeadearth\undeadearth.test\bin\debug\undeadearth.test.dll" id="3871d8b4-607c-f461-9b36-17221688eb47">
      <Execution id="af13cb4c-c93a-4977-843c-aee44bd1baec" />
      <TestMethod codeBase="C:/Projects/UndeadEarth/UndeadEarth.Test/bin/Debug/UndeadEarth.Test.DLL" adapterTypeName="Microsoft.VisualStudio.TestTools.TestTypes.Unit.UnitTestAdapter, Microsoft.VisualStudio.QualityTools.Tips.UnitTest.Adapter, Version=10.0.0.0, Culture=neutral, PublicKeyToken=b03f5f7f11d50a3a" className="UndeadEarth.Test.Model.when_retrieving_achievements, UndeadEarth.Test, Version=1.0.0.0, Culture=neutral, PublicKeyToken=null" name="should_return_achievement_for_traveling_10000_miles" />
    </UnitTest>
    <UnitTest name="should_return_user_by_facebook_user_id" storage="c:\projects\undeadearth\undeadearth.test\bin\debug\undeadearth.test.dll" id="c5a39b6e-0b51-8275-3d9b-29919f35b9b0">
      <Execution id="f4b29362-dcbb-4341-a648-8942d20a866c" />
      <TestMethod codeBase="C:/Projects/UndeadEarth/UndeadEarth.Test/bin/Debug/UndeadEarth.Test.DLL" adapterTypeName="Microsoft.VisualStudio.TestTools.TestTypes.Unit.UnitTestAdapter, Microsoft.VisualStudio.QualityTools.Tips.UnitTest.Adapter, Version=10.0.0.0, Culture=neutral, PublicKeyToken=b03f5f7f11d50a3a" className="UndeadEarth.Test.Dal.when_retrieving_user, UndeadEarth.Test, Version=1.0.0.0, Culture=neutral, PublicKeyToken=null" name="should_return_user_by_facebook_user_id" />
    </UnitTest>
    <UnitTest name="should_return_true_if_safe_house_has_item" storage="c:\projects\undeadearth\undeadearth.test\bin\debug\undeadearth.test.dll" id="6d97d05d-3cb4-4245-56ca-8b9bbc35a993">
      <Execution id="4aa89f8e-d963-4af5-8d7b-c5a1684164f0" />
      <TestMethod codeBase="C:/Projects/UndeadEarth/UndeadEarth.Test/bin/Debug/UndeadEarth.Test.DLL" adapterTypeName="Microsoft.VisualStudio.TestTools.TestTypes.Unit.UnitTestAdapter, Microsoft.VisualStudio.QualityTools.Tips.UnitTest.Adapter, Version=10.0.0.0, Culture=neutral, PublicKeyToken=b03f5f7f11d50a3a" className="UndeadEarth.Test.Dal.when_retrieving_safe_houses, UndeadEarth.Test, Version=1.0.0.0, Culture=neutral, PublicKeyToken=null" name="should_return_true_if_safe_house_has_item" />
    </UnitTest>
    <UnitTest name="should_return_achievement_for_peak_zombies_10" storage="c:\projects\undeadearth\undeadearth.test\bin\debug\undeadearth.test.dll" id="c0f6a7ca-70c4-38dc-b622-ea187fd81d6d">
      <Execution id="f8919beb-b2a0-4dbc-bd9f-360b82fbec21" />
      <TestMethod codeBase="C:/Projects/UndeadEarth/UndeadEarth.Test/bin/Debug/UndeadEarth.Test.DLL" adapterTypeName="Microsoft.VisualStudio.TestTools.TestTypes.Unit.UnitTestAdapter, Microsoft.VisualStudio.QualityTools.Tips.UnitTest.Adapter, Version=10.0.0.0, Culture=neutral, PublicKeyToken=b03f5f7f11d50a3a" className="UndeadEarth.Test.Model.when_retrieving_achievements, UndeadEarth.Test, Version=1.0.0.0, Culture=neutral, PublicKeyToken=null" name="should_return_achievement_for_peak_zombies_10" />
    </UnitTest>
    <UnitTest name="should_increment_zombies_killed_for_user" storage="c:\projects\undeadearth\undeadearth.test\bin\debug\undeadearth.test.dll" id="f3fa3c96-f413-1277-0bee-c65969207b6c">
      <Execution id="3ab812d4-232c-47f0-909e-3b235e451ee9" />
      <TestMethod codeBase="C:/Projects/UndeadEarth/UndeadEarth.Test/bin/Debug/UndeadEarth.Test.DLL" adapterTypeName="Microsoft.VisualStudio.TestTools.TestTypes.Unit.UnitTestAdapter, Microsoft.VisualStudio.QualityTools.Tips.UnitTest.Adapter, Version=10.0.0.0, Culture=neutral, PublicKeyToken=b03f5f7f11d50a3a" className="UndeadEarth.Test.Dal.when_saving_user_counts, UndeadEarth.Test, Version=1.0.0.0, Culture=neutral, PublicKeyToken=null" name="should_increment_zombies_killed_for_user" />
    </UnitTest>
    <UnitTest name="should_return_a_hunt_count_of_16_to_20_if_resolved_as_an_medium_hotzone" storage="c:\projects\undeadearth\undeadearth.test\bin\debug\undeadearth.test.dll" id="08b982f7-3805-00b2-b01e-402a8abcd2ab">
      <Execution id="9b02528a-1b58-40ff-a61d-a8fa0ccbb609" />
      <TestMethod codeBase="C:/Projects/UndeadEarth/UndeadEarth.Test/bin/Debug/UndeadEarth.Test.DLL" adapterTypeName="Microsoft.VisualStudio.TestTools.TestTypes.Unit.UnitTestAdapter, Microsoft.VisualStudio.QualityTools.Tips.UnitTest.Adapter, Version=10.0.0.0, Culture=neutral, PublicKeyToken=b03f5f7f11d50a3a" className="UndeadEarth.Test.Model.when_determining_zombie_pack_progress, UndeadEarth.Test, Version=1.0.0.0, Culture=neutral, PublicKeyToken=null" name="should_return_a_hunt_count_of_16_to_20_if_resolved_as_an_medium_hotzone" />
    </UnitTest>
    <UnitTest name="should_return_correct_base_attack_power_for_given_level" storage="c:\projects\undeadearth\undeadearth.test\bin\debug\undeadearth.test.dll" id="f9b81dce-55e1-263a-0b23-09249cae8cd4">
      <Execution id="a32fd62f-8200-4ae8-bf6f-38597427d8a3" />
      <TestMethod codeBase="C:/Projects/UndeadEarth/UndeadEarth.Test/bin/Debug/UndeadEarth.Test.DLL" adapterTypeName="Microsoft.VisualStudio.TestTools.TestTypes.Unit.UnitTestAdapter, Microsoft.VisualStudio.QualityTools.Tips.UnitTest.Adapter, Version=10.0.0.0, Culture=neutral, PublicKeyToken=b03f5f7f11d50a3a" className="UndeadEarth.Test.Model.when_servicing_user_level_and_attributes, UndeadEarth.Test, Version=1.0.0.0, Culture=neutral, PublicKeyToken=null" name="should_return_correct_base_attack_power_for_given_level" />
    </UnitTest>
    <UnitTest name="should_return_achievement_for_traveling_100000_miles" storage="c:\projects\undeadearth\undeadearth.test\bin\debug\undeadearth.test.dll" id="847097ef-3573-f329-f9db-f7704607c613">
      <Execution id="050bc9f9-f4e6-4071-8100-faddb7c7abe9" />
      <TestMethod codeBase="C:/Projects/UndeadEarth/UndeadEarth.Test/bin/Debug/UndeadEarth.Test.DLL" adapterTypeName="Microsoft.VisualStudio.TestTools.TestTypes.Unit.UnitTestAdapter, Microsoft.VisualStudio.QualityTools.Tips.UnitTest.Adapter, Version=10.0.0.0, Culture=neutral, PublicKeyToken=b03f5f7f11d50a3a" className="UndeadEarth.Test.Model.when_retrieving_achievements, UndeadEarth.Test, Version=1.0.0.0, Culture=neutral, PublicKeyToken=null" name="should_return_achievement_for_traveling_100000_miles" />
    </UnitTest>
    <UnitTest name="should_return_0_if_user_does_not_exist" storage="c:\projects\undeadearth\undeadearth.test\bin\debug\undeadearth.test.dll" id="65a45aea-1388-af89-1298-2c122710d67c">
      <Execution id="35149955-88d2-4108-81bd-c0140a81cf94" />
      <TestMethod codeBase="C:/Projects/UndeadEarth/UndeadEarth.Test/bin/Debug/UndeadEarth.Test.DLL" adapterTypeName="Microsoft.VisualStudio.TestTools.TestTypes.Unit.UnitTestAdapter, Microsoft.VisualStudio.QualityTools.Tips.UnitTest.Adapter, Version=10.0.0.0, Culture=neutral, PublicKeyToken=b03f5f7f11d50a3a" className="UndeadEarth.Test.Model.when_determining_users_max_energy, UndeadEarth.Test, Version=1.0.0.0, Culture=neutral, PublicKeyToken=null" name="should_return_0_if_user_does_not_exist" />
    </UnitTest>
    <UnitTest name="should_disregard_creation_if_location_specified_is_not_a_starting_hot_zone" storage="c:\projects\undeadearth\undeadearth.test\bin\debug\undeadearth.test.dll" id="58cdb593-e628-53cb-1ff9-a712c7cfa07d">
      <Execution id="bd0e75f4-6005-4e07-84e6-37e4ee2ae042" />
      <TestMethod codeBase="C:/Projects/UndeadEarth/UndeadEarth.Test/bin/Debug/UndeadEarth.Test.DLL" adapterTypeName="Microsoft.VisualStudio.TestTools.TestTypes.Unit.UnitTestAdapter, Microsoft.VisualStudio.QualityTools.Tips.UnitTest.Adapter, Version=10.0.0.0, Culture=neutral, PublicKeyToken=b03f5f7f11d50a3a" className="UndeadEarth.Test.Model.when_creating_user, UndeadEarth.Test, Version=1.0.0.0, Culture=neutral, PublicKeyToken=null" name="should_disregard_creation_if_location_specified_is_not_a_starting_hot_zone" />
    </UnitTest>
    <UnitTest name="should_return_achievement_for_traveling_100_miles" storage="c:\projects\undeadearth\undeadearth.test\bin\debug\undeadearth.test.dll" id="7b6f7aba-399c-6729-f243-4ff68995d88e">
      <Execution id="8464e908-64e7-438e-b214-0a3b2fe189da" />
      <TestMethod codeBase="C:/Projects/UndeadEarth/UndeadEarth.Test/bin/Debug/UndeadEarth.Test.DLL" adapterTypeName="Microsoft.VisualStudio.TestTools.TestTypes.Unit.UnitTestAdapter, Microsoft.VisualStudio.QualityTools.Tips.UnitTest.Adapter, Version=10.0.0.0, Culture=neutral, PublicKeyToken=b03f5f7f11d50a3a" className="UndeadEarth.Test.Model.when_retrieving_achievements, UndeadEarth.Test, Version=1.0.0.0, Culture=neutral, PublicKeyToken=null" name="should_return_achievement_for_traveling_100_miles" />
    </UnitTest>
    <UnitTest name="given_user_has_money_and_items_in_safe_house_and_can_buy_items_should_return_best_combination" storage="c:\projects\undeadearth\undeadearth.test\bin\debug\undeadearth.test.dll" id="cfb75f84-eedb-9c69-8ad1-7d1a16a63ca8">
      <Execution id="ba83738c-7748-46bb-afaa-ba3e1fed67a9" />
      <TestMethod codeBase="C:/Projects/UndeadEarth/UndeadEarth.Test/bin/Debug/UndeadEarth.Test.DLL" adapterTypeName="Microsoft.VisualStudio.TestTools.TestTypes.Unit.UnitTestAdapter, Microsoft.VisualStudio.QualityTools.Tips.UnitTest.Adapter, Version=10.0.0.0, Culture=neutral, PublicKeyToken=b03f5f7f11d50a3a" className="UndeadEarth.Test.Model.when_determining_users_max_potential_attack_power, UndeadEarth.Test, Version=1.0.0.0, Culture=neutral, PublicKeyToken=null" name="given_user_has_money_and_items_in_safe_house_and_can_buy_items_should_return_best_combination" />
    </UnitTest>
    <UnitTest name="should_return_hotzone_id_containing_zombie_pack" storage="c:\projects\undeadearth\undeadearth.test\bin\debug\undeadearth.test.dll" id="e26f0cbc-ec75-e273-f755-4a50e6a1f30a">
      <Execution id="f29f6001-cabc-40cc-9718-a55139af75d2" />
      <TestMethod codeBase="C:/Projects/UndeadEarth/UndeadEarth.Test/bin/Debug/UndeadEarth.Test.DLL" adapterTypeName="Microsoft.VisualStudio.TestTools.TestTypes.Unit.UnitTestAdapter, Microsoft.VisualStudio.QualityTools.Tips.UnitTest.Adapter, Version=10.0.0.0, Culture=neutral, PublicKeyToken=b03f5f7f11d50a3a" className="UndeadEarth.Test.Dal.when_retrieving_zombie_packs, UndeadEarth.Test, Version=1.0.0.0, Culture=neutral, PublicKeyToken=null" name="should_return_hotzone_id_containing_zombie_pack" />
    </UnitTest>
    <UnitTest name="should_return_zero_if_distance_is_null" storage="c:\projects\undeadearth\undeadearth.test\bin\debug\undeadearth.test.dll" id="cb80e7a8-021c-5d6c-c831-c1f7e461a27c">
      <Execution id="e81cd703-6390-496b-b601-7eaf6c4c0e08" />
      <TestMethod codeBase="C:/Projects/UndeadEarth/UndeadEarth.Test/bin/Debug/UndeadEarth.Test.DLL" adapterTypeName="Microsoft.VisualStudio.TestTools.TestTypes.Unit.UnitTestAdapter, Microsoft.VisualStudio.QualityTools.Tips.UnitTest.Adapter, Version=10.0.0.0, Culture=neutral, PublicKeyToken=b03f5f7f11d50a3a" className="UndeadEarth.Test.Dal.when_retrieving_items, UndeadEarth.Test, Version=1.0.0.0, Culture=neutral, PublicKeyToken=null" name="should_return_zero_if_distance_is_null" />
    </UnitTest>
    <UnitTest name="should_return_true_if_store_exists" storage="c:\projects\undeadearth\undeadearth.test\bin\debug\undeadearth.test.dll" id="31907ecc-7480-4064-cd3b-514e2ff26de7">
      <Execution id="6b3acfe9-9f42-4000-9333-671034390f81" />
      <TestMethod codeBase="C:/Projects/UndeadEarth/UndeadEarth.Test/bin/Debug/UndeadEarth.Test.DLL" adapterTypeName="Microsoft.VisualStudio.TestTools.TestTypes.Unit.UnitTestAdapter, Microsoft.VisualStudio.QualityTools.Tips.UnitTest.Adapter, Version=10.0.0.0, Culture=neutral, PublicKeyToken=b03f5f7f11d50a3a" className="UndeadEarth.Test.Dal.when_retrieving_stores, UndeadEarth.Test, Version=1.0.0.0, Culture=neutral, PublicKeyToken=null" name="should_return_true_if_store_exists" />
    </UnitTest>
    <UnitTest name="should_return_0_for_energy_if_user_does_not_exist" storage="c:\projects\undeadearth\undeadearth.test\bin\debug\undeadearth.test.dll" id="b32170cc-6301-2795-2015-78cba1f92dc0">
      <Execution id="afc4f6da-d08a-4eec-b341-6900eebc4123" />
      <TestMethod codeBase="C:/Projects/UndeadEarth/UndeadEarth.Test/bin/Debug/UndeadEarth.Test.DLL" adapterTypeName="Microsoft.VisualStudio.TestTools.TestTypes.Unit.UnitTestAdapter, Microsoft.VisualStudio.QualityTools.Tips.UnitTest.Adapter, Version=10.0.0.0, Culture=neutral, PublicKeyToken=b03f5f7f11d50a3a" className="UndeadEarth.Test.Model.when_determining_users_max_potential_energy, UndeadEarth.Test, Version=1.0.0.0, Culture=neutral, PublicKeyToken=null" name="should_return_0_for_energy_if_user_does_not_exist" />
    </UnitTest>
    <UnitTest name="should_return_zombie_packs_destroyed" storage="c:\projects\undeadearth\undeadearth.test\bin\debug\undeadearth.test.dll" id="95004e80-f255-f931-0117-595d4516dea1">
      <Execution id="708b70ac-f602-4b33-9536-6026bc0a0ad8" />
      <TestMethod codeBase="C:/Projects/UndeadEarth/UndeadEarth.Test/bin/Debug/UndeadEarth.Test.DLL" adapterTypeName="Microsoft.VisualStudio.TestTools.TestTypes.Unit.UnitTestAdapter, Microsoft.VisualStudio.QualityTools.Tips.UnitTest.Adapter, Version=10.0.0.0, Culture=neutral, PublicKeyToken=b03f5f7f11d50a3a" className="UndeadEarth.Test.Dal.when_retrieving_user_counts, UndeadEarth.Test, Version=1.0.0.0, Culture=neutral, PublicKeyToken=null" name="should_return_zombie_packs_destroyed" />
    </UnitTest>
    <UnitTest name="should_disregard_one_use_items_that_can_be_bought" storage="c:\projects\undeadearth\undeadearth.test\bin\debug\undeadearth.test.dll" id="e9706036-01bc-4fd1-60c9-f67ac8f10adb">
      <Execution id="0db32978-7d9b-4ca8-8612-e2931c1a22f3" />
      <TestMethod codeBase="C:/Projects/UndeadEarth/UndeadEarth.Test/bin/Debug/UndeadEarth.Test.DLL" adapterTypeName="Microsoft.VisualStudio.TestTools.TestTypes.Unit.UnitTestAdapter, Microsoft.VisualStudio.QualityTools.Tips.UnitTest.Adapter, Version=10.0.0.0, Culture=neutral, PublicKeyToken=b03f5f7f11d50a3a" className="UndeadEarth.Test.Model.when_determining_users_max_potential_attack_power, UndeadEarth.Test, Version=1.0.0.0, Culture=neutral, PublicKeyToken=null" name="should_disregard_one_use_items_that_can_be_bought" />
    </UnitTest>
    <UnitTest name="should_throw_error_if_trying_update_user_level_and_user_does_not_exist" storage="c:\projects\undeadearth\undeadearth.test\bin\debug\undeadearth.test.dll" id="9a78eead-dd54-3b88-317e-c7ec25cf0f93">
      <Execution id="271e4950-b9a1-41a0-add6-71e594945978" />
      <TestMethod codeBase="C:/Projects/UndeadEarth/UndeadEarth.Test/bin/Debug/UndeadEarth.Test.DLL" adapterTypeName="Microsoft.VisualStudio.TestTools.TestTypes.Unit.UnitTestAdapter, Microsoft.VisualStudio.QualityTools.Tips.UnitTest.Adapter, Version=10.0.0.0, Culture=neutral, PublicKeyToken=b03f5f7f11d50a3a" className="UndeadEarth.Test.Dal.when_saving_user, UndeadEarth.Test, Version=1.0.0.0, Culture=neutral, PublicKeyToken=null" name="should_throw_error_if_trying_update_user_level_and_user_does_not_exist" />
    </UnitTest>
    <UnitTest name="should_return_achievement_for_collecting_10_dollars" storage="c:\projects\undeadearth\undeadearth.test\bin\debug\undeadearth.test.dll" id="66169587-8c61-bb11-f455-fab6b8497218">
      <Execution id="94ebadc8-7993-4c29-b106-254126136494" />
      <TestMethod codeBase="C:/Projects/UndeadEarth/UndeadEarth.Test/bin/Debug/UndeadEarth.Test.DLL" adapterTypeName="Microsoft.VisualStudio.TestTools.TestTypes.Unit.UnitTestAdapter, Microsoft.VisualStudio.QualityTools.Tips.UnitTest.Adapter, Version=10.0.0.0, Culture=neutral, PublicKeyToken=b03f5f7f11d50a3a" className="UndeadEarth.Test.Model.when_retrieving_achievements, UndeadEarth.Test, Version=1.0.0.0, Culture=neutral, PublicKeyToken=null" name="should_return_achievement_for_collecting_10_dollars" />
    </UnitTest>
    <UnitTest name="should_save_user_max_energy" storage="c:\projects\undeadearth\undeadearth.test\bin\debug\undeadearth.test.dll" id="aaf613d0-debf-b348-f6a8-625b151b543d">
      <Execution id="d1aa4139-e0d4-4977-9214-b889ee4b7fa5" />
      <TestMethod codeBase="C:/Projects/UndeadEarth/UndeadEarth.Test/bin/Debug/UndeadEarth.Test.DLL" adapterTypeName="Microsoft.VisualStudio.TestTools.TestTypes.Unit.UnitTestAdapter, Microsoft.VisualStudio.QualityTools.Tips.UnitTest.Adapter, Version=10.0.0.0, Culture=neutral, PublicKeyToken=b03f5f7f11d50a3a" className="UndeadEarth.Test.Dal.when_saving_user_sight_radius, UndeadEarth.Test, Version=1.0.0.0, Culture=neutral, PublicKeyToken=null" name="should_save_user_max_energy" />
    </UnitTest>
    <UnitTest name="should_return_false_if_store_does_not_exist" storage="c:\projects\undeadearth\undeadearth.test\bin\debug\undeadearth.test.dll" id="a5d1a057-084a-abb3-2d76-06c401ccb8d8">
      <Execution id="aa98433e-8d85-4e53-afd1-d009161f1299" />
      <TestMethod codeBase="C:/Projects/UndeadEarth/UndeadEarth.Test/bin/Debug/UndeadEarth.Test.DLL" adapterTypeName="Microsoft.VisualStudio.TestTools.TestTypes.Unit.UnitTestAdapter, Microsoft.VisualStudio.QualityTools.Tips.UnitTest.Adapter, Version=10.0.0.0, Culture=neutral, PublicKeyToken=b03f5f7f11d50a3a" className="UndeadEarth.Test.Dal.when_retrieving_stores, UndeadEarth.Test, Version=1.0.0.0, Culture=neutral, PublicKeyToken=null" name="should_return_false_if_store_does_not_exist" />
    </UnitTest>
    <UnitTest name="should_return_null_if_single_hotzone_doesnt_exist" storage="c:\projects\undeadearth\undeadearth.test\bin\debug\undeadearth.test.dll" id="9f145708-6c3c-b063-e40e-7d892e8c9ec8">
      <Execution id="c194441f-c28f-4dbf-99fe-c45350a7e5b7" />
      <TestMethod codeBase="C:/Projects/UndeadEarth/UndeadEarth.Test/bin/Debug/UndeadEarth.Test.DLL" adapterTypeName="Microsoft.VisualStudio.TestTools.TestTypes.Unit.UnitTestAdapter, Microsoft.VisualStudio.QualityTools.Tips.UnitTest.Adapter, Version=10.0.0.0, Culture=neutral, PublicKeyToken=b03f5f7f11d50a3a" className="UndeadEarth.Test.Dal.when_retrieving_hot_zones, UndeadEarth.Test, Version=1.0.0.0, Culture=neutral, PublicKeyToken=null" name="should_return_null_if_single_hotzone_doesnt_exist" />
    </UnitTest>
    <UnitTest name="should_return_users_base_sight_radius_if_user_does_not_have_any_items" storage="c:\projects\undeadearth\undeadearth.test\bin\debug\undeadearth.test.dll" id="d39a97f0-a02b-13f3-00ff-3ebdf64857ec">
      <Execution id="a3a6176b-7a3f-4d3f-8ead-b5e2a1923bf6" />
      <TestMethod codeBase="C:/Projects/UndeadEarth/UndeadEarth.Test/bin/Debug/UndeadEarth.Test.DLL" adapterTypeName="Microsoft.VisualStudio.TestTools.TestTypes.Unit.UnitTestAdapter, Microsoft.VisualStudio.QualityTools.Tips.UnitTest.Adapter, Version=10.0.0.0, Culture=neutral, PublicKeyToken=b03f5f7f11d50a3a" className="UndeadEarth.Test.Model.when_determining_users_min_sight_radius, UndeadEarth.Test, Version=1.0.0.0, Culture=neutral, PublicKeyToken=null" name="should_return_users_base_sight_radius_if_user_does_not_have_any_items" />
    </UnitTest>
    <UnitTest name="should_return_one_for_attack_power_if_user_exists_but_does_not_have_any_inventory" storage="c:\projects\undeadearth\undeadearth.test\bin\debug\undeadearth.test.dll" id="db113e6e-fe96-562f-4c9e-fac3dbaaeedc">
      <Execution id="fa23fdd0-bde9-4def-bc65-7b51e8f611f1" />
      <TestMethod codeBase="C:/Projects/UndeadEarth/UndeadEarth.Test/bin/Debug/UndeadEarth.Test.DLL" adapterTypeName="Microsoft.VisualStudio.TestTools.TestTypes.Unit.UnitTestAdapter, Microsoft.VisualStudio.QualityTools.Tips.UnitTest.Adapter, Version=10.0.0.0, Culture=neutral, PublicKeyToken=b03f5f7f11d50a3a" className="UndeadEarth.Test.Model.when_retrieving_user_attack_power, UndeadEarth.Test, Version=1.0.0.0, Culture=neutral, PublicKeyToken=null" name="should_return_one_for_attack_power_if_user_exists_but_does_not_have_any_inventory" />
    </UnitTest>
    <UnitTest name="should_return_a_hunt_count_of_1_to_4_if_resolved_as_an_easy_hotzone" storage="c:\projects\undeadearth\undeadearth.test\bin\debug\undeadearth.test.dll" id="2e0e27a3-78b1-d62c-8532-284b3a845cc6">
      <Execution id="2593497a-0e81-4b6a-b01a-9c51e99c1a00" />
      <TestMethod codeBase="C:/Projects/UndeadEarth/UndeadEarth.Test/bin/Debug/UndeadEarth.Test.DLL" adapterTypeName="Microsoft.VisualStudio.TestTools.TestTypes.Unit.UnitTestAdapter, Microsoft.VisualStudio.QualityTools.Tips.UnitTest.Adapter, Version=10.0.0.0, Culture=neutral, PublicKeyToken=b03f5f7f11d50a3a" className="UndeadEarth.Test.Model.when_determining_zombie_pack_progress, UndeadEarth.Test, Version=1.0.0.0, Culture=neutral, PublicKeyToken=null" name="should_return_a_hunt_count_of_1_to_4_if_resolved_as_an_easy_hotzone" />
    </UnitTest>
    <UnitTest name="should_disregard_if_user_does_not_have_item" storage="c:\projects\undeadearth\undeadearth.test\bin\debug\undeadearth.test.dll" id="ce354fe1-08e2-7958-e209-2621b563d1da">
      <Execution id="32747d81-ffa7-412d-9978-ebd7df11cdea" />
      <TestMethod codeBase="C:/Projects/UndeadEarth/UndeadEarth.Test/bin/Debug/UndeadEarth.Test.DLL" adapterTypeName="Microsoft.VisualStudio.TestTools.TestTypes.Unit.UnitTestAdapter, Microsoft.VisualStudio.QualityTools.Tips.UnitTest.Adapter, Version=10.0.0.0, Culture=neutral, PublicKeyToken=b03f5f7f11d50a3a" className="UndeadEarth.Test.Model.when_transferring_items_from_user_to_safe_house, UndeadEarth.Test, Version=1.0.0.0, Culture=neutral, PublicKeyToken=null" name="should_disregard_if_user_does_not_have_item" />
    </UnitTest>
    <UnitTest name="should_save_user_last_energy" storage="c:\projects\undeadearth\undeadearth.test\bin\debug\undeadearth.test.dll" id="b9daaf02-a2df-fc67-bf09-91db90f1040d">
      <Execution id="27ff358d-179e-43c0-9cab-093f69412b36" />
      <TestMethod codeBase="C:/Projects/UndeadEarth/UndeadEarth.Test/bin/Debug/UndeadEarth.Test.DLL" adapterTypeName="Microsoft.VisualStudio.TestTools.TestTypes.Unit.UnitTestAdapter, Microsoft.VisualStudio.QualityTools.Tips.UnitTest.Adapter, Version=10.0.0.0, Culture=neutral, PublicKeyToken=b03f5f7f11d50a3a" className="UndeadEarth.Test.Dal.Utility.when_saving_user_energy, UndeadEarth.Test, Version=1.0.0.0, Culture=neutral, PublicKeyToken=null" name="should_save_user_last_energy" />
    </UnitTest>
    <UnitTest name="should_disregard_facebook_user_ids_that_dont_exist" storage="c:\projects\undeadearth\undeadearth.test\bin\debug\undeadearth.test.dll" id="2c585954-d302-a7c2-bf0a-de2131be21ec">
      <Execution id="8fed3011-133c-40fa-a294-9a36d43e886a" />
      <TestMethod codeBase="C:/Projects/UndeadEarth/UndeadEarth.Test/bin/Debug/UndeadEarth.Test.DLL" adapterTypeName="Microsoft.VisualStudio.TestTools.TestTypes.Unit.UnitTestAdapter, Microsoft.VisualStudio.QualityTools.Tips.UnitTest.Adapter, Version=10.0.0.0, Culture=neutral, PublicKeyToken=b03f5f7f11d50a3a" className="UndeadEarth.Test.Dal.when_retrieving_user_rank, UndeadEarth.Test, Version=1.0.0.0, Culture=neutral, PublicKeyToken=null" name="should_disregard_facebook_user_ids_that_dont_exist" />
    </UnitTest>
    <UnitTest name="should_calculate_eastern_point" storage="c:\projects\undeadearth\undeadearth.test\bin\debug\undeadearth.test.dll" id="e2e442ef-e02c-6299-5fbd-dd49fb1d3672">
      <Execution id="9844a65d-398c-4041-af4c-a4a18d2bfc07" />
      <TestMethod codeBase="C:/Projects/UndeadEarth/UndeadEarth.Test/bin/Debug/UndeadEarth.Test.DLL" adapterTypeName="Microsoft.VisualStudio.TestTools.TestTypes.Unit.UnitTestAdapter, Microsoft.VisualStudio.QualityTools.Tips.UnitTest.Adapter, Version=10.0.0.0, Culture=neutral, PublicKeyToken=b03f5f7f11d50a3a" className="UndeadEarth.Test.Model.when_calculating_distance, UndeadEarth.Test, Version=1.0.0.0, Culture=neutral, PublicKeyToken=null" name="should_calculate_eastern_point" />
    </UnitTest>
    <UnitTest name="should_throw_error_if_trying_to_update_user_inventory_amount_and_user_does_not_exist" storage="c:\projects\undeadearth\undeadearth.test\bin\debug\undeadearth.test.dll" id="38152b9e-3e48-dd5e-0e37-b7a27de7e225">
      <Execution id="4d2213db-a02d-4530-b0fc-c5be67265a0f" />
      <TestMethod codeBase="C:/Projects/UndeadEarth/UndeadEarth.Test/bin/Debug/UndeadEarth.Test.DLL" adapterTypeName="Microsoft.VisualStudio.TestTools.TestTypes.Unit.UnitTestAdapter, Microsoft.VisualStudio.QualityTools.Tips.UnitTest.Adapter, Version=10.0.0.0, Culture=neutral, PublicKeyToken=b03f5f7f11d50a3a" className="UndeadEarth.Test.Dal.when_saving_user, UndeadEarth.Test, Version=1.0.0.0, Culture=neutral, PublicKeyToken=null" name="should_throw_error_if_trying_to_update_user_inventory_amount_and_user_does_not_exist" />
    </UnitTest>
    <UnitTest name="should_return_an_empty_progress_if_user_does_not_exist" storage="c:\projects\undeadearth\undeadearth.test\bin\debug\undeadearth.test.dll" id="578c1082-4447-f4a0-bed7-4e23d16f558c">
      <Execution id="40c82528-9988-4335-9dbc-f4538d29f8f2" />
      <TestMethod codeBase="C:/Projects/UndeadEarth/UndeadEarth.Test/bin/Debug/UndeadEarth.Test.DLL" adapterTypeName="Microsoft.VisualStudio.TestTools.TestTypes.Unit.UnitTestAdapter, Microsoft.VisualStudio.QualityTools.Tips.UnitTest.Adapter, Version=10.0.0.0, Culture=neutral, PublicKeyToken=b03f5f7f11d50a3a" className="UndeadEarth.Test.Model.when_determining_zombie_pack_progress, UndeadEarth.Test, Version=1.0.0.0, Culture=neutral, PublicKeyToken=null" name="should_return_an_empty_progress_if_user_does_not_exist" />
    </UnitTest>
    <UnitTest name="should_return_0_if_time_passed_into_calculate_sight_radius_is_less_than_the_last_saved_sight_radius_record" storage="c:\projects\undeadearth\undeadearth.test\bin\debug\undeadearth.test.dll" id="1426a62d-a078-b4b5-817b-9f560bfc1dfe">
      <Execution id="0a85cbce-9982-45e1-87c3-ba632ce01896" />
      <TestMethod codeBase="C:/Projects/UndeadEarth/UndeadEarth.Test/bin/Debug/UndeadEarth.Test.DLL" adapterTypeName="Microsoft.VisualStudio.TestTools.TestTypes.Unit.UnitTestAdapter, Microsoft.VisualStudio.QualityTools.Tips.UnitTest.Adapter, Version=10.0.0.0, Culture=neutral, PublicKeyToken=b03f5f7f11d50a3a" className="UndeadEarth.Test.Model.when_determining_users_current_sight_radius, UndeadEarth.Test, Version=1.0.0.0, Culture=neutral, PublicKeyToken=null" name="should_return_0_if_time_passed_into_calculate_sight_radius_is_less_than_the_last_saved_sight_radius_record" />
    </UnitTest>
    <UnitTest name="should_update_users_inventory_amount" storage="c:\projects\undeadearth\undeadearth.test\bin\debug\undeadearth.test.dll" id="bdc5cf0e-b6b0-aab1-b4c9-cfdf4e4262c3">
      <Execution id="ce13abd7-a1e3-4ebd-a9e7-592dfd908f99" />
      <TestMethod codeBase="C:/Projects/UndeadEarth/UndeadEarth.Test/bin/Debug/UndeadEarth.Test.DLL" adapterTypeName="Microsoft.VisualStudio.TestTools.TestTypes.Unit.UnitTestAdapter, Microsoft.VisualStudio.QualityTools.Tips.UnitTest.Adapter, Version=10.0.0.0, Culture=neutral, PublicKeyToken=b03f5f7f11d50a3a" className="UndeadEarth.Test.Dal.when_saving_user, UndeadEarth.Test, Version=1.0.0.0, Culture=neutral, PublicKeyToken=null" name="should_update_users_inventory_amount" />
    </UnitTest>
    <UnitTest name="should_return_base_sight_radius_for_user" storage="c:\projects\undeadearth\undeadearth.test\bin\debug\undeadearth.test.dll" id="05ef1086-81f0-526c-3f9d-15b7821d9bae">
      <Execution id="2c284789-4671-4d84-8ac1-aa1dd994e5c5" />
      <TestMethod codeBase="C:/Projects/UndeadEarth/UndeadEarth.Test/bin/Debug/UndeadEarth.Test.DLL" adapterTypeName="Microsoft.VisualStudio.TestTools.TestTypes.Unit.UnitTestAdapter, Microsoft.VisualStudio.QualityTools.Tips.UnitTest.Adapter, Version=10.0.0.0, Culture=neutral, PublicKeyToken=b03f5f7f11d50a3a" className="UndeadEarth.Test.Dal.when_retrieving_user_sight_radius, UndeadEarth.Test, Version=1.0.0.0, Culture=neutral, PublicKeyToken=null" name="should_return_base_sight_radius_for_user" />
    </UnitTest>
    <UnitTest name="should_not_insert_empty_record_for_user_if_non_exists" storage="c:\projects\undeadearth\undeadearth.test\bin\debug\undeadearth.test.dll" id="a679c5ef-1cea-4e1b-1357-8b9bcd95b672">
      <Execution id="8fbe6114-9aed-4860-8b42-b9f5a229bf76" />
      <TestMethod codeBase="C:/Projects/UndeadEarth/UndeadEarth.Test/bin/Debug/UndeadEarth.Test.DLL" adapterTypeName="Microsoft.VisualStudio.TestTools.TestTypes.Unit.UnitTestAdapter, Microsoft.VisualStudio.QualityTools.Tips.UnitTest.Adapter, Version=10.0.0.0, Culture=neutral, PublicKeyToken=b03f5f7f11d50a3a" className="UndeadEarth.Test.Dal.when_retrieving_user_counts, UndeadEarth.Test, Version=1.0.0.0, Culture=neutral, PublicKeyToken=null" name="should_not_insert_empty_record_for_user_if_non_exists" />
    </UnitTest>
    <UnitTest name="should_return_false_if_hotzone_is_not_a_starting_hotzone" storage="c:\projects\undeadearth\undeadearth.test\bin\debug\undeadearth.test.dll" id="e08ed2a3-8471-3997-30af-ab81916e00cb">
      <Execution id="cab24a5a-efb7-4308-b57d-dbd211ff29ea" />
      <TestMethod codeBase="C:/Projects/UndeadEarth/UndeadEarth.Test/bin/Debug/UndeadEarth.Test.DLL" adapterTypeName="Microsoft.VisualStudio.TestTools.TestTypes.Unit.UnitTestAdapter, Microsoft.VisualStudio.QualityTools.Tips.UnitTest.Adapter, Version=10.0.0.0, Culture=neutral, PublicKeyToken=b03f5f7f11d50a3a" className="UndeadEarth.Test.Dal.when_retrieving_hot_zones, UndeadEarth.Test, Version=1.0.0.0, Culture=neutral, PublicKeyToken=null" name="should_return_false_if_hotzone_is_not_a_starting_hotzone" />
    </UnitTest>
    <UnitTest name="should_return_achievement_for_collecting_100_dollars" storage="c:\projects\undeadearth\undeadearth.test\bin\debug\undeadearth.test.dll" id="d9d60eb2-6c40-96e0-e46e-37fba7b51acb">
      <Execution id="07ada93e-0913-47f4-a3df-ea0d11c7503a" />
      <TestMethod codeBase="C:/Projects/UndeadEarth/UndeadEarth.Test/bin/Debug/UndeadEarth.Test.DLL" adapterTypeName="Microsoft.VisualStudio.TestTools.TestTypes.Unit.UnitTestAdapter, Microsoft.VisualStudio.QualityTools.Tips.UnitTest.Adapter, Version=10.0.0.0, Culture=neutral, PublicKeyToken=b03f5f7f11d50a3a" className="UndeadEarth.Test.Model.when_retrieving_achievements, UndeadEarth.Test, Version=1.0.0.0, Culture=neutral, PublicKeyToken=null" name="should_return_achievement_for_collecting_100_dollars" />
    </UnitTest>
    <UnitTest name="should_return_last_sight_radius_saved_If_there_is_no_difference_between_the_current_time_passed_in_and_the_last_saved_sight_radius_from_the_repository" storage="c:\projects\undeadearth\undeadearth.test\bin\debug\undeadearth.test.dll" id="5af90bb7-e3b0-b5e7-29f7-fc8b0902be24">
      <Execution id="a6690e87-6164-4efc-b26e-8818f288bc36" />
      <TestMethod codeBase="C:/Projects/UndeadEarth/UndeadEarth.Test/bin/Debug/UndeadEarth.Test.DLL" adapterTypeName="Microsoft.VisualStudio.TestTools.TestTypes.Unit.UnitTestAdapter, Microsoft.VisualStudio.QualityTools.Tips.UnitTest.Adapter, Version=10.0.0.0, Culture=neutral, PublicKeyToken=b03f5f7f11d50a3a" className="UndeadEarth.Test.Model.when_determining_users_current_sight_radius, UndeadEarth.Test, Version=1.0.0.0, Culture=neutral, PublicKeyToken=null" name="should_return_last_sight_radius_saved_If_there_is_no_difference_between_the_current_time_passed_in_and_the_last_saved_sight_radius_from_the_repository" />
    </UnitTest>
    <UnitTest name="should_return_remaining_zombie_packs_in_hot_zones" storage="c:\projects\undeadearth\undeadearth.test\bin\debug\undeadearth.test.dll" id="2528801b-adfc-fc02-0810-867a75b047c9">
      <Execution id="9601d1a8-c28e-4f8f-8044-5b93b349cff7" />
      <TestMethod codeBase="C:/Projects/UndeadEarth/UndeadEarth.Test/bin/Debug/UndeadEarth.Test.DLL" adapterTypeName="Microsoft.VisualStudio.TestTools.TestTypes.Unit.UnitTestAdapter, Microsoft.VisualStudio.QualityTools.Tips.UnitTest.Adapter, Version=10.0.0.0, Culture=neutral, PublicKeyToken=b03f5f7f11d50a3a" className="UndeadEarth.Test.Dal.when_retrieving_hot_zones, UndeadEarth.Test, Version=1.0.0.0, Culture=neutral, PublicKeyToken=null" name="should_return_remaining_zombie_packs_in_hot_zones" />
    </UnitTest>
    <UnitTest name="should_return_true_if_zombie_pack_is_destroyed_by_user" storage="c:\projects\undeadearth\undeadearth.test\bin\debug\undeadearth.test.dll" id="461819df-bed1-d7c5-29ce-bdee0f8eaaa2">
      <Execution id="34a6b810-003b-4934-8d86-cef2e8d527d8" />
      <TestMethod codeBase="C:/Projects/UndeadEarth/UndeadEarth.Test/bin/Debug/UndeadEarth.Test.DLL" adapterTypeName="Microsoft.VisualStudio.TestTools.TestTypes.Unit.UnitTestAdapter, Microsoft.VisualStudio.QualityTools.Tips.UnitTest.Adapter, Version=10.0.0.0, Culture=neutral, PublicKeyToken=b03f5f7f11d50a3a" className="UndeadEarth.Test.Dal.when_retrieving_user_zombie_pack_progress, UndeadEarth.Test, Version=1.0.0.0, Culture=neutral, PublicKeyToken=null" name="should_return_true_if_zombie_pack_is_destroyed_by_user" />
    </UnitTest>
    <UnitTest name="should_not_throw_error_if_user_does_not_exist" storage="c:\projects\undeadearth\undeadearth.test\bin\debug\undeadearth.test.dll" id="ca1b8eb5-4ad5-3e56-62f6-d3c54fe84326">
      <Execution id="869fae52-4ae2-4f88-b964-fa99230548d1" />
      <TestMethod codeBase="C:/Projects/UndeadEarth/UndeadEarth.Test/bin/Debug/UndeadEarth.Test.DLL" adapterTypeName="Microsoft.VisualStudio.TestTools.TestTypes.Unit.UnitTestAdapter, Microsoft.VisualStudio.QualityTools.Tips.UnitTest.Adapter, Version=10.0.0.0, Culture=neutral, PublicKeyToken=b03f5f7f11d50a3a" className="UndeadEarth.Test.Dal.when_saving_user, UndeadEarth.Test, Version=1.0.0.0, Culture=neutral, PublicKeyToken=null" name="should_not_throw_error_if_user_does_not_exist" />
    </UnitTest>
    <UnitTest name="should_increment_miles_count_for_user" storage="c:\projects\undeadearth\undeadearth.test\bin\debug\undeadearth.test.dll" id="2a84edfa-8723-e5ed-8953-7dd9bec52c09">
      <Execution id="4481d30e-fa29-47c3-92b8-1b5833470b83" />
      <TestMethod codeBase="C:/Projects/UndeadEarth/UndeadEarth.Test/bin/Debug/UndeadEarth.Test.DLL" adapterTypeName="Microsoft.VisualStudio.TestTools.TestTypes.Unit.UnitTestAdapter, Microsoft.VisualStudio.QualityTools.Tips.UnitTest.Adapter, Version=10.0.0.0, Culture=neutral, PublicKeyToken=b03f5f7f11d50a3a" className="UndeadEarth.Test.Dal.when_saving_user_counts, UndeadEarth.Test, Version=1.0.0.0, Culture=neutral, PublicKeyToken=null" name="should_increment_miles_count_for_user" />
    </UnitTest>
    <UnitTest name="should_return_baseline_energy_for_user_that_exists" storage="c:\projects\undeadearth\undeadearth.test\bin\debug\undeadearth.test.dll" id="7e9e7b54-d658-a1a5-ce5b-efa2cb03052c">
      <Execution id="e47e9b3f-5d59-4316-9472-00f5dbebb099" />
      <TestMethod codeBase="C:/Projects/UndeadEarth/UndeadEarth.Test/bin/Debug/UndeadEarth.Test.DLL" adapterTypeName="Microsoft.VisualStudio.TestTools.TestTypes.Unit.UnitTestAdapter, Microsoft.VisualStudio.QualityTools.Tips.UnitTest.Adapter, Version=10.0.0.0, Culture=neutral, PublicKeyToken=b03f5f7f11d50a3a" className="UndeadEarth.Test.Dal.when_retrieving_user, UndeadEarth.Test, Version=1.0.0.0, Culture=neutral, PublicKeyToken=null" name="should_return_baseline_energy_for_user_that_exists" />
    </UnitTest>
    <UnitTest name="should_return_null_if_zombie_pack_does_not_exist" storage="c:\projects\undeadearth\undeadearth.test\bin\debug\undeadearth.test.dll" id="9d81df93-5250-1a02-c112-738e62d8d757">
      <Execution id="54943857-6604-4339-8aa9-452fa37e338c" />
      <TestMethod codeBase="C:/Projects/UndeadEarth/UndeadEarth.Test/bin/Debug/UndeadEarth.Test.DLL" adapterTypeName="Microsoft.VisualStudio.TestTools.TestTypes.Unit.UnitTestAdapter, Microsoft.VisualStudio.QualityTools.Tips.UnitTest.Adapter, Version=10.0.0.0, Culture=neutral, PublicKeyToken=b03f5f7f11d50a3a" className="UndeadEarth.Test.Dal.when_retrieving_zombie_packs, UndeadEarth.Test, Version=1.0.0.0, Culture=neutral, PublicKeyToken=null" name="should_return_null_if_zombie_pack_does_not_exist" />
    </UnitTest>
    <UnitTest name="when_checking_user_level_and_zombie_kills_to_update_attributes_should_not_update_if_not_enough_zombie_kills" storage="c:\projects\undeadearth\undeadearth.test\bin\debug\undeadearth.test.dll" id="d9751d6d-b53f-ae7f-743d-a442b6a2d81c">
      <Execution id="25dd694c-d57c-49e0-8cec-9ce629a1efc0" />
      <TestMethod codeBase="C:/Projects/UndeadEarth/UndeadEarth.Test/bin/Debug/UndeadEarth.Test.DLL" adapterTypeName="Microsoft.VisualStudio.TestTools.TestTypes.Unit.UnitTestAdapter, Microsoft.VisualStudio.QualityTools.Tips.UnitTest.Adapter, Version=10.0.0.0, Culture=neutral, PublicKeyToken=b03f5f7f11d50a3a" className="UndeadEarth.Test.Model.when_servicing_user_level_and_attributes, UndeadEarth.Test, Version=1.0.0.0, Culture=neutral, PublicKeyToken=null" name="when_checking_user_level_and_zombie_kills_to_update_attributes_should_not_update_if_not_enough_zombie_kills" />
    </UnitTest>
    <UnitTest name="should_update_users_zone_id_if_user_is_at_a_zombie_pack_location" storage="c:\projects\undeadearth\undeadearth.test\bin\debug\undeadearth.test.dll" id="ac6fd380-aa69-7042-79c1-72e377d208c7">
      <Execution id="4a9bda72-6233-48a9-b356-a2c675fb225b" />
      <TestMethod codeBase="C:/Projects/UndeadEarth/UndeadEarth.Test/bin/Debug/UndeadEarth.Test.DLL" adapterTypeName="Microsoft.VisualStudio.TestTools.TestTypes.Unit.UnitTestAdapter, Microsoft.VisualStudio.QualityTools.Tips.UnitTest.Adapter, Version=10.0.0.0, Culture=neutral, PublicKeyToken=b03f5f7f11d50a3a" className="UndeadEarth.Test.Model.when_hunting_for_zombies, UndeadEarth.Test, Version=1.0.0.0, Culture=neutral, PublicKeyToken=null" name="should_update_users_zone_id_if_user_is_at_a_zombie_pack_location" />
    </UnitTest>
    <UnitTest name="should_retrieve_single_hotzone" storage="c:\projects\undeadearth\undeadearth.test\bin\debug\undeadearth.test.dll" id="310db446-5a38-a2ff-c0c6-33525d60392a">
      <Execution id="84f321df-02bd-4a18-baa1-bfdfea909cb7" />
      <TestMethod codeBase="C:/Projects/UndeadEarth/UndeadEarth.Test/bin/Debug/UndeadEarth.Test.DLL" adapterTypeName="Microsoft.VisualStudio.TestTools.TestTypes.Unit.UnitTestAdapter, Microsoft.VisualStudio.QualityTools.Tips.UnitTest.Adapter, Version=10.0.0.0, Culture=neutral, PublicKeyToken=b03f5f7f11d50a3a" className="UndeadEarth.Test.Dal.when_retrieving_hot_zones, UndeadEarth.Test, Version=1.0.0.0, Culture=neutral, PublicKeyToken=null" name="should_retrieve_single_hotzone" />
    </UnitTest>
    <UnitTest name="should_return_null_for_last_saved_energy_if_user_does_not_exist" storage="c:\projects\undeadearth\undeadearth.test\bin\debug\undeadearth.test.dll" id="83224f41-33be-cb5a-8243-f1cbb7067a6d">
      <Execution id="ffcb1d52-d54f-44fe-b62a-e704f6e0949b" />
      <TestMethod codeBase="C:/Projects/UndeadEarth/UndeadEarth.Test/bin/Debug/UndeadEarth.Test.DLL" adapterTypeName="Microsoft.VisualStudio.TestTools.TestTypes.Unit.UnitTestAdapter, Microsoft.VisualStudio.QualityTools.Tips.UnitTest.Adapter, Version=10.0.0.0, Culture=neutral, PublicKeyToken=b03f5f7f11d50a3a" className="UndeadEarth.Test.Dal.when_retrieving_user_energy, UndeadEarth.Test, Version=1.0.0.0, Culture=neutral, PublicKeyToken=null" name="should_return_null_for_last_saved_energy_if_user_does_not_exist" />
    </UnitTest>
    <UnitTest name="should_return_achievement_for_killing_1000000_zombies" storage="c:\projects\undeadearth\undeadearth.test\bin\debug\undeadearth.test.dll" id="8d764dc0-19cc-25ef-1223-85c01764c701">
      <Execution id="81d08832-890d-4cd7-b319-7e5c44f8c188" />
      <TestMethod codeBase="C:/Projects/UndeadEarth/UndeadEarth.Test/bin/Debug/UndeadEarth.Test.DLL" adapterTypeName="Microsoft.VisualStudio.TestTools.TestTypes.Unit.UnitTestAdapter, Microsoft.VisualStudio.QualityTools.Tips.UnitTest.Adapter, Version=10.0.0.0, Culture=neutral, PublicKeyToken=b03f5f7f11d50a3a" className="UndeadEarth.Test.Model.when_retrieving_achievements, UndeadEarth.Test, Version=1.0.0.0, Culture=neutral, PublicKeyToken=null" name="should_return_achievement_for_killing_1000000_zombies" />
    </UnitTest>
    <UnitTest name="should_disregard_if_store_does_not_exist" storage="c:\projects\undeadearth\undeadearth.test\bin\debug\undeadearth.test.dll" id="eaf1ea02-9828-2113-565b-2356e5e99e6b">
      <Execution id="d7ae491e-bba2-466a-a706-77bbcc48526e" />
      <TestMethod codeBase="C:/Projects/UndeadEarth/UndeadEarth.Test/bin/Debug/UndeadEarth.Test.DLL" adapterTypeName="Microsoft.VisualStudio.TestTools.TestTypes.Unit.UnitTestAdapter, Microsoft.VisualStudio.QualityTools.Tips.UnitTest.Adapter, Version=10.0.0.0, Culture=neutral, PublicKeyToken=b03f5f7f11d50a3a" className="UndeadEarth.Test.Model.when_buying_items_from_shop, UndeadEarth.Test, Version=1.0.0.0, Culture=neutral, PublicKeyToken=null" name="should_disregard_if_store_does_not_exist" />
    </UnitTest>
    <UnitTest name="should_throw_error_when_returning_money_if_user_does_not_exist" storage="c:\projects\undeadearth\undeadearth.test\bin\debug\undeadearth.test.dll" id="aac835be-7dca-bf39-4e90-f32eb9f2669d">
      <Execution id="b6834ecc-d421-4696-b8b2-1502c48543aa" />
      <TestMethod codeBase="C:/Projects/UndeadEarth/UndeadEarth.Test/bin/Debug/UndeadEarth.Test.DLL" adapterTypeName="Microsoft.VisualStudio.TestTools.TestTypes.Unit.UnitTestAdapter, Microsoft.VisualStudio.QualityTools.Tips.UnitTest.Adapter, Version=10.0.0.0, Culture=neutral, PublicKeyToken=b03f5f7f11d50a3a" className="UndeadEarth.Test.Dal.when_retrieving_user, UndeadEarth.Test, Version=1.0.0.0, Culture=neutral, PublicKeyToken=null" name="should_throw_error_when_returning_money_if_user_does_not_exist" />
    </UnitTest>
    <UnitTest name="should_return_achievement_for_destroying_hotzone" storage="c:\projects\undeadearth\undeadearth.test\bin\debug\undeadearth.test.dll" id="f503de55-2c95-f110-a46c-919d6f50e064">
      <Execution id="531d0f25-8651-474f-bc5e-bce558f55f15" />
      <TestMethod codeBase="C:/Projects/UndeadEarth/UndeadEarth.Test/bin/Debug/UndeadEarth.Test.DLL" adapterTypeName="Microsoft.VisualStudio.TestTools.TestTypes.Unit.UnitTestAdapter, Microsoft.VisualStudio.QualityTools.Tips.UnitTest.Adapter, Version=10.0.0.0, Culture=neutral, PublicKeyToken=b03f5f7f11d50a3a" className="UndeadEarth.Test.Model.when_retrieving_achievements, UndeadEarth.Test, Version=1.0.0.0, Culture=neutral, PublicKeyToken=null" name="should_return_achievement_for_destroying_hotzone" />
    </UnitTest>
    <UnitTest name="should_return_null_for_user_that_doesnt_exist" storage="c:\projects\undeadearth\undeadearth.test\bin\debug\undeadearth.test.dll" id="560e757d-7d9e-cf97-a66b-6eba9f0dbef7">
      <Execution id="6205946e-af96-44e4-8ea6-3d12003424a7" />
      <TestMethod codeBase="C:/Projects/UndeadEarth/UndeadEarth.Test/bin/Debug/UndeadEarth.Test.DLL" adapterTypeName="Microsoft.VisualStudio.TestTools.TestTypes.Unit.UnitTestAdapter, Microsoft.VisualStudio.QualityTools.Tips.UnitTest.Adapter, Version=10.0.0.0, Culture=neutral, PublicKeyToken=b03f5f7f11d50a3a" className="UndeadEarth.Test.Dal.when_retrieving_user, UndeadEarth.Test, Version=1.0.0.0, Culture=neutral, PublicKeyToken=null" name="should_return_null_for_user_that_doesnt_exist" />
    </UnitTest>
    <UnitTest name="should_throw_error_when_returning_last_visited_hotzone_if_user_doesnt_exist" storage="c:\projects\undeadearth\undeadearth.test\bin\debug\undeadearth.test.dll" id="a082c5ab-9e9e-f9a3-c9b1-3688e77d4b93">
      <Execution id="a16574f8-9a07-41b1-b41f-aa76a13a76a8" />
      <TestMethod codeBase="C:/Projects/UndeadEarth/UndeadEarth.Test/bin/Debug/UndeadEarth.Test.DLL" adapterTypeName="Microsoft.VisualStudio.TestTools.TestTypes.Unit.UnitTestAdapter, Microsoft.VisualStudio.QualityTools.Tips.UnitTest.Adapter, Version=10.0.0.0, Culture=neutral, PublicKeyToken=b03f5f7f11d50a3a" className="UndeadEarth.Test.Dal.when_retrieving_user, UndeadEarth.Test, Version=1.0.0.0, Culture=neutral, PublicKeyToken=null" name="should_throw_error_when_returning_last_visited_hotzone_if_user_doesnt_exist" />
    </UnitTest>
    <UnitTest name="should_update_last_visited_hotzone_for_user" storage="c:\projects\undeadearth\undeadearth.test\bin\debug\undeadearth.test.dll" id="8ca88260-b717-95ca-37eb-ce8b3138fe45">
      <Execution id="5185e22f-d36f-463e-bf03-0d74cc634ce7" />
      <TestMethod codeBase="C:/Projects/UndeadEarth/UndeadEarth.Test/bin/Debug/UndeadEarth.Test.DLL" adapterTypeName="Microsoft.VisualStudio.TestTools.TestTypes.Unit.UnitTestAdapter, Microsoft.VisualStudio.QualityTools.Tips.UnitTest.Adapter, Version=10.0.0.0, Culture=neutral, PublicKeyToken=b03f5f7f11d50a3a" className="UndeadEarth.Test.Dal.when_saving_user, UndeadEarth.Test, Version=1.0.0.0, Culture=neutral, PublicKeyToken=null" name="should_update_last_visited_hotzone_for_user" />
    </UnitTest>
    <UnitTest name="should_disregard_if_user_does_not_exist" storage="c:\projects\undeadearth\undeadearth.test\bin\debug\undeadearth.test.dll" id="29506837-8c96-f6c6-14e0-93c8ab580351">
      <Execution id="a54174f8-f23c-4446-9751-15715a88b429" />
      <TestMethod codeBase="C:/Projects/UndeadEarth/UndeadEarth.Test/bin/Debug/UndeadEarth.Test.DLL" adapterTypeName="Microsoft.VisualStudio.TestTools.TestTypes.Unit.UnitTestAdapter, Microsoft.VisualStudio.QualityTools.Tips.UnitTest.Adapter, Version=10.0.0.0, Culture=neutral, PublicKeyToken=b03f5f7f11d50a3a" className="UndeadEarth.Test.Model.when_transferring_items_from_user_to_safe_house, UndeadEarth.Test, Version=1.0.0.0, Culture=neutral, PublicKeyToken=null" name="should_disregard_if_user_does_not_exist" />
    </UnitTest>
    <UnitTest name="should_return_base_energy_for_user" storage="c:\projects\undeadearth\undeadearth.test\bin\debug\undeadearth.test.dll" id="544cc1f1-3454-5e87-e24b-52c6acff6b61">
      <Execution id="230a639a-1afb-4d4b-abcd-c6243c37bfcc" />
      <TestMethod codeBase="C:/Projects/UndeadEarth/UndeadEarth.Test/bin/Debug/UndeadEarth.Test.DLL" adapterTypeName="Microsoft.VisualStudio.TestTools.TestTypes.Unit.UnitTestAdapter, Microsoft.VisualStudio.QualityTools.Tips.UnitTest.Adapter, Version=10.0.0.0, Culture=neutral, PublicKeyToken=b03f5f7f11d50a3a" className="UndeadEarth.Test.Dal.when_retrieving_user_energy, UndeadEarth.Test, Version=1.0.0.0, Culture=neutral, PublicKeyToken=null" name="should_return_base_energy_for_user" />
    </UnitTest>
    <UnitTest name="should_save_item" storage="c:\projects\undeadearth\undeadearth.test\bin\debug\undeadearth.test.dll" id="e9fab572-8fef-43db-2f81-87bc2fbad50f">
      <Execution id="3df35dca-fad0-4bbd-9f95-6bb4d1447923" />
      <TestMethod codeBase="C:/Projects/UndeadEarth/UndeadEarth.Test/bin/Debug/UndeadEarth.Test.DLL" adapterTypeName="Microsoft.VisualStudio.TestTools.TestTypes.Unit.UnitTestAdapter, Microsoft.VisualStudio.QualityTools.Tips.UnitTest.Adapter, Version=10.0.0.0, Culture=neutral, PublicKeyToken=b03f5f7f11d50a3a" className="UndeadEarth.Test.Dal.when_saving_user_items, UndeadEarth.Test, Version=1.0.0.0, Culture=neutral, PublicKeyToken=null" name="should_save_item" />
    </UnitTest>
    <UnitTest name="should_return_attack_power_along_with_any_attack_power_increase_from_buying_different_items_and_no_items_in_safehouse" storage="c:\projects\undeadearth\undeadearth.test\bin\debug\undeadearth.test.dll" id="bc2bbda1-dfbc-fff1-89f7-377eb332a077">
      <Execution id="c3e132b5-0933-42b5-b5e2-71e5595cc53c" />
      <TestMethod codeBase="C:/Projects/UndeadEarth/UndeadEarth.Test/bin/Debug/UndeadEarth.Test.DLL" adapterTypeName="Microsoft.VisualStudio.TestTools.TestTypes.Unit.UnitTestAdapter, Microsoft.VisualStudio.QualityTools.Tips.UnitTest.Adapter, Version=10.0.0.0, Culture=neutral, PublicKeyToken=b03f5f7f11d50a3a" className="UndeadEarth.Test.Model.when_determining_users_max_potential_attack_power, UndeadEarth.Test, Version=1.0.0.0, Culture=neutral, PublicKeyToken=null" name="should_return_attack_power_along_with_any_attack_power_increase_from_buying_different_items_and_no_items_in_safehouse" />
    </UnitTest>
    <UnitTest name="should_return_true_if_item_does_exist" storage="c:\projects\undeadearth\undeadearth.test\bin\debug\undeadearth.test.dll" id="9d65c075-cd74-d595-76f3-d465e66be801">
      <Execution id="7fb20b1e-06c5-4d07-ae80-9b28d423aa60" />
      <TestMethod codeBase="C:/Projects/UndeadEarth/UndeadEarth.Test/bin/Debug/UndeadEarth.Test.DLL" adapterTypeName="Microsoft.VisualStudio.TestTools.TestTypes.Unit.UnitTestAdapter, Microsoft.VisualStudio.QualityTools.Tips.UnitTest.Adapter, Version=10.0.0.0, Culture=neutral, PublicKeyToken=b03f5f7f11d50a3a" className="UndeadEarth.Test.Dal.when_retrieving_items, UndeadEarth.Test, Version=1.0.0.0, Culture=neutral, PublicKeyToken=null" name="should_return_true_if_item_does_exist" />
    </UnitTest>
    <UnitTest name="should_return_baseline_attack_power_for_user_that_exists" storage="c:\projects\undeadearth\undeadearth.test\bin\debug\undeadearth.test.dll" id="d51d0821-4280-76e7-8d6d-17b8ea1953f0">
      <Execution id="e4e6caf7-5a8d-429c-b664-8dfe5cb73cf0" />
      <TestMethod codeBase="C:/Projects/UndeadEarth/UndeadEarth.Test/bin/Debug/UndeadEarth.Test.DLL" adapterTypeName="Microsoft.VisualStudio.TestTools.TestTypes.Unit.UnitTestAdapter, Microsoft.VisualStudio.QualityTools.Tips.UnitTest.Adapter, Version=10.0.0.0, Culture=neutral, PublicKeyToken=b03f5f7f11d50a3a" className="UndeadEarth.Test.Dal.when_retrieving_user, UndeadEarth.Test, Version=1.0.0.0, Culture=neutral, PublicKeyToken=null" name="should_return_baseline_attack_power_for_user_that_exists" />
    </UnitTest>
    <UnitTest name="should_throw_error_if_facebook_user_id_is_zero" storage="c:\projects\undeadearth\undeadearth.test\bin\debug\undeadearth.test.dll" id="6ee3e612-4bf5-4b89-e2d7-9da260f06cb5">
      <Execution id="057ba6ce-50ed-42f5-8199-99e8e28c8ce1" />
      <TestMethod codeBase="C:/Projects/UndeadEarth/UndeadEarth.Test/bin/Debug/UndeadEarth.Test.DLL" adapterTypeName="Microsoft.VisualStudio.TestTools.TestTypes.Unit.UnitTestAdapter, Microsoft.VisualStudio.QualityTools.Tips.UnitTest.Adapter, Version=10.0.0.0, Culture=neutral, PublicKeyToken=b03f5f7f11d50a3a" className="UndeadEarth.Test.Dal.when_inserting_user, UndeadEarth.Test, Version=1.0.0.0, Culture=neutral, PublicKeyToken=null" name="should_throw_error_if_facebook_user_id_is_zero" />
    </UnitTest>
    <UnitTest name="should_return_achievement_for_killing_10_zombies" storage="c:\projects\undeadearth\undeadearth.test\bin\debug\undeadearth.test.dll" id="e731ae20-c844-7455-5d52-ca6eb82eb8c1">
      <Execution id="cd594f31-e312-48dd-972d-dc0d1c372741" />
      <TestMethod codeBase="C:/Projects/UndeadEarth/UndeadEarth.Test/bin/Debug/UndeadEarth.Test.DLL" adapterTypeName="Microsoft.VisualStudio.TestTools.TestTypes.Unit.UnitTestAdapter, Microsoft.VisualStudio.QualityTools.Tips.UnitTest.Adapter, Version=10.0.0.0, Culture=neutral, PublicKeyToken=b03f5f7f11d50a3a" className="UndeadEarth.Test.Model.when_retrieving_achievements, UndeadEarth.Test, Version=1.0.0.0, Culture=neutral, PublicKeyToken=null" name="should_return_achievement_for_killing_10_zombies" />
    </UnitTest>
    <UnitTest name="should_return_peak_attack" storage="c:\projects\undeadearth\undeadearth.test\bin\debug\undeadearth.test.dll" id="8139f5f3-bee3-cd07-2820-fcf4f70f9ff0">
      <Execution id="22fcb838-774d-475f-bd3f-d93d359331b8" />
      <TestMethod codeBase="C:/Projects/UndeadEarth/UndeadEarth.Test/bin/Debug/UndeadEarth.Test.DLL" adapterTypeName="Microsoft.VisualStudio.TestTools.TestTypes.Unit.UnitTestAdapter, Microsoft.VisualStudio.QualityTools.Tips.UnitTest.Adapter, Version=10.0.0.0, Culture=neutral, PublicKeyToken=b03f5f7f11d50a3a" className="UndeadEarth.Test.Dal.when_retrieving_user_counts, UndeadEarth.Test, Version=1.0.0.0, Culture=neutral, PublicKeyToken=null" name="should_return_peak_attack" />
    </UnitTest>
    <UnitTest name="should_throw_error_when_returning_user_current_base_attack_if_user_doesnt_exist" storage="c:\projects\undeadearth\undeadearth.test\bin\debug\undeadearth.test.dll" id="c7989c99-7490-d68e-f8ba-99491ffceea3">
      <Execution id="a1be1d7c-83c6-4db8-91ef-7325c2701734" />
      <TestMethod codeBase="C:/Projects/UndeadEarth/UndeadEarth.Test/bin/Debug/UndeadEarth.Test.DLL" adapterTypeName="Microsoft.VisualStudio.TestTools.TestTypes.Unit.UnitTestAdapter, Microsoft.VisualStudio.QualityTools.Tips.UnitTest.Adapter, Version=10.0.0.0, Culture=neutral, PublicKeyToken=b03f5f7f11d50a3a" className="UndeadEarth.Test.Dal.when_retrieving_user, UndeadEarth.Test, Version=1.0.0.0, Culture=neutral, PublicKeyToken=null" name="should_throw_error_when_returning_user_current_base_attack_if_user_doesnt_exist" />
    </UnitTest>
    <UnitTest name="should_return_2_user_ranks_ordered" storage="c:\projects\undeadearth\undeadearth.test\bin\debug\undeadearth.test.dll" id="f9af0abf-643a-0ae4-577c-59c40c69391a">
      <Execution id="9cb9c5ca-ebaf-4454-9019-1437aa03ab4d" />
      <TestMethod codeBase="C:/Projects/UndeadEarth/UndeadEarth.Test/bin/Debug/UndeadEarth.Test.DLL" adapterTypeName="Microsoft.VisualStudio.TestTools.TestTypes.Unit.UnitTestAdapter, Microsoft.VisualStudio.QualityTools.Tips.UnitTest.Adapter, Version=10.0.0.0, Culture=neutral, PublicKeyToken=b03f5f7f11d50a3a" className="UndeadEarth.Test.Dal.when_retrieving_user_rank, UndeadEarth.Test, Version=1.0.0.0, Culture=neutral, PublicKeyToken=null" name="should_return_2_user_ranks_ordered" />
    </UnitTest>
    <UnitTest name="should_update_user_level_and_user_base_attack_and_user_base_energy_and_user_inventory_when_user_kills_enough_zombies_to_pass_level" storage="c:\projects\undeadearth\undeadearth.test\bin\debug\undeadearth.test.dll" id="bc231f56-0b8a-34bb-d73a-6bc2b970aa27">
      <Execution id="d0564012-3e1a-4798-a199-4492487a0dd5" />
      <TestMethod codeBase="C:/Projects/UndeadEarth/UndeadEarth.Test/bin/Debug/UndeadEarth.Test.DLL" adapterTypeName="Microsoft.VisualStudio.TestTools.TestTypes.Unit.UnitTestAdapter, Microsoft.VisualStudio.QualityTools.Tips.UnitTest.Adapter, Version=10.0.0.0, Culture=neutral, PublicKeyToken=b03f5f7f11d50a3a" className="UndeadEarth.Test.Model.when_servicing_user_level_and_attributes, UndeadEarth.Test, Version=1.0.0.0, Culture=neutral, PublicKeyToken=null" name="should_update_user_level_and_user_base_attack_and_user_base_energy_and_user_inventory_when_user_kills_enough_zombies_to_pass_level" />
    </UnitTest>
    <UnitTest name="should_throw_error_if_user_does_not_exist" storage="c:\projects\undeadearth\undeadearth.test\bin\debug\undeadearth.test.dll" id="facd1619-809e-3892-1c5d-a369458909c6">
      <Execution id="32bcd181-912d-4dd6-ab18-053595e666a0" />
      <TestMethod codeBase="C:/Projects/UndeadEarth/UndeadEarth.Test/bin/Debug/UndeadEarth.Test.DLL" adapterTypeName="Microsoft.VisualStudio.TestTools.TestTypes.Unit.UnitTestAdapter, Microsoft.VisualStudio.QualityTools.Tips.UnitTest.Adapter, Version=10.0.0.0, Culture=neutral, PublicKeyToken=b03f5f7f11d50a3a" className="UndeadEarth.Test.Dal.when_retrieving_user_energy, UndeadEarth.Test, Version=1.0.0.0, Culture=neutral, PublicKeyToken=null" name="should_throw_error_if_user_does_not_exist" />
    </UnitTest>
    <UnitTest name="should_throw_error_for_saving_mas_energy_if_user_does_not_exist" storage="c:\projects\undeadearth\undeadearth.test\bin\debug\undeadearth.test.dll" id="c9e2118a-af3f-f908-ba61-20f5edd2b827">
      <Execution id="4cce08dd-d787-406e-b2f6-9c07a9b7e420" />
      <TestMethod codeBase="C:/Projects/UndeadEarth/UndeadEarth.Test/bin/Debug/UndeadEarth.Test.DLL" adapterTypeName="Microsoft.VisualStudio.TestTools.TestTypes.Unit.UnitTestAdapter, Microsoft.VisualStudio.QualityTools.Tips.UnitTest.Adapter, Version=10.0.0.0, Culture=neutral, PublicKeyToken=b03f5f7f11d50a3a" className="UndeadEarth.Test.Dal.when_saving_user_sight_radius, UndeadEarth.Test, Version=1.0.0.0, Culture=neutral, PublicKeyToken=null" name="should_throw_error_for_saving_mas_energy_if_user_does_not_exist" />
    </UnitTest>
    <UnitTest name="should_not_hunt_if_user_is_not_at_zombie_pack_longitude" storage="c:\projects\undeadearth\undeadearth.test\bin\debug\undeadearth.test.dll" id="e714817d-ce86-8716-57bb-b981b1597240">
      <Execution id="c1dd251a-dc70-440b-856d-ddab39445881" />
      <TestMethod codeBase="C:/Projects/UndeadEarth/UndeadEarth.Test/bin/Debug/UndeadEarth.Test.DLL" adapterTypeName="Microsoft.VisualStudio.TestTools.TestTypes.Unit.UnitTestAdapter, Microsoft.VisualStudio.QualityTools.Tips.UnitTest.Adapter, Version=10.0.0.0, Culture=neutral, PublicKeyToken=b03f5f7f11d50a3a" className="UndeadEarth.Test.Model.when_hunting_for_zombies, UndeadEarth.Test, Version=1.0.0.0, Culture=neutral, PublicKeyToken=null" name="should_not_hunt_if_user_is_not_at_zombie_pack_longitude" />
    </UnitTest>
    <UnitTest name="should_return_false_for_IsStartingHotzone_if_hotzone_doesnt_exist" storage="c:\projects\undeadearth\undeadearth.test\bin\debug\undeadearth.test.dll" id="269b2e64-447a-b926-cd3c-a38128cb3896">
      <Execution id="04e8562a-e8b2-419c-885b-369f398405f6" />
      <TestMethod codeBase="C:/Projects/UndeadEarth/UndeadEarth.Test/bin/Debug/UndeadEarth.Test.DLL" adapterTypeName="Microsoft.VisualStudio.TestTools.TestTypes.Unit.UnitTestAdapter, Microsoft.VisualStudio.QualityTools.Tips.UnitTest.Adapter, Version=10.0.0.0, Culture=neutral, PublicKeyToken=b03f5f7f11d50a3a" className="UndeadEarth.Test.Dal.when_retrieving_hot_zones, UndeadEarth.Test, Version=1.0.0.0, Culture=neutral, PublicKeyToken=null" name="should_return_false_for_IsStartingHotzone_if_hotzone_doesnt_exist" />
    </UnitTest>
    <UnitTest name="should_disregard_safehouse_items_that_are_one_use" storage="c:\projects\undeadearth\undeadearth.test\bin\debug\undeadearth.test.dll" id="b56cc93a-1a34-87ca-906c-3850d1ae7b74">
      <Execution id="011333e9-e8ce-4481-ac7b-fe193d4c3228" />
      <TestMethod codeBase="C:/Projects/UndeadEarth/UndeadEarth.Test/bin/Debug/UndeadEarth.Test.DLL" adapterTypeName="Microsoft.VisualStudio.TestTools.TestTypes.Unit.UnitTestAdapter, Microsoft.VisualStudio.QualityTools.Tips.UnitTest.Adapter, Version=10.0.0.0, Culture=neutral, PublicKeyToken=b03f5f7f11d50a3a" className="UndeadEarth.Test.Model.when_determining_users_max_potential_attack_power, UndeadEarth.Test, Version=1.0.0.0, Culture=neutral, PublicKeyToken=null" name="should_disregard_safehouse_items_that_are_one_use" />
    </UnitTest>
    <UnitTest name="should_disregard_if_user_does_not_exist" storage="c:\projects\undeadearth\undeadearth.test\bin\debug\undeadearth.test.dll" id="81cb2920-61d9-e3df-f3bf-c3ed245e0ab0">
      <Execution id="1952a4d9-b001-4162-ad16-5890dba5b1c3" />
      <TestMethod codeBase="C:/Projects/UndeadEarth/UndeadEarth.Test/bin/Debug/UndeadEarth.Test.DLL" adapterTypeName="Microsoft.VisualStudio.TestTools.TestTypes.Unit.UnitTestAdapter, Microsoft.VisualStudio.QualityTools.Tips.UnitTest.Adapter, Version=10.0.0.0, Culture=neutral, PublicKeyToken=b03f5f7f11d50a3a" className="UndeadEarth.Test.Model.when_transferring_items_from_safe_house_to_user, UndeadEarth.Test, Version=1.0.0.0, Culture=neutral, PublicKeyToken=null" name="should_disregard_if_user_does_not_exist" />
    </UnitTest>
    <UnitTest name="should_return_achievement_for_killing_1_zombie" storage="c:\projects\undeadearth\undeadearth.test\bin\debug\undeadearth.test.dll" id="1b56219d-f99d-2b01-66f0-01c3b94f4ee2">
      <Execution id="be61b54a-6ea9-4ed1-a17c-19f1003a4ba2" />
      <TestMethod codeBase="C:/Projects/UndeadEarth/UndeadEarth.Test/bin/Debug/UndeadEarth.Test.DLL" adapterTypeName="Microsoft.VisualStudio.TestTools.TestTypes.Unit.UnitTestAdapter, Microsoft.VisualStudio.QualityTools.Tips.UnitTest.Adapter, Version=10.0.0.0, Culture=neutral, PublicKeyToken=b03f5f7f11d50a3a" className="UndeadEarth.Test.Model.when_retrieving_achievements, UndeadEarth.Test, Version=1.0.0.0, Culture=neutral, PublicKeyToken=null" name="should_return_achievement_for_killing_1_zombie" />
    </UnitTest>
    <UnitTest name="should_return_achievement_for_killing_1000_zombies" storage="c:\projects\undeadearth\undeadearth.test\bin\debug\undeadearth.test.dll" id="809902e6-5c64-c35c-89c5-d13cd243728a">
      <Execution id="3b6039ae-6ff7-4741-96ee-527805a92935" />
      <TestMethod codeBase="C:/Projects/UndeadEarth/UndeadEarth.Test/bin/Debug/UndeadEarth.Test.DLL" adapterTypeName="Microsoft.VisualStudio.TestTools.TestTypes.Unit.UnitTestAdapter, Microsoft.VisualStudio.QualityTools.Tips.UnitTest.Adapter, Version=10.0.0.0, Culture=neutral, PublicKeyToken=b03f5f7f11d50a3a" className="UndeadEarth.Test.Model.when_retrieving_achievements, UndeadEarth.Test, Version=1.0.0.0, Culture=neutral, PublicKeyToken=null" name="should_return_achievement_for_killing_1000_zombies" />
    </UnitTest>
    <UnitTest name="should_return_achievement_for_peak_zombies_of_two" storage="c:\projects\undeadearth\undeadearth.test\bin\debug\undeadearth.test.dll" id="2604ff32-2b78-d0a6-0890-b8bb202063cc">
      <Execution id="6361e98c-708e-45a6-99c9-bd62be46d534" />
      <TestMethod codeBase="C:/Projects/UndeadEarth/UndeadEarth.Test/bin/Debug/UndeadEarth.Test.DLL" adapterTypeName="Microsoft.VisualStudio.TestTools.TestTypes.Unit.UnitTestAdapter, Microsoft.VisualStudio.QualityTools.Tips.UnitTest.Adapter, Version=10.0.0.0, Culture=neutral, PublicKeyToken=b03f5f7f11d50a3a" className="UndeadEarth.Test.Model.when_retrieving_achievements, UndeadEarth.Test, Version=1.0.0.0, Culture=neutral, PublicKeyToken=null" name="should_return_achievement_for_peak_zombies_of_two" />
    </UnitTest>
    <UnitTest name="should_return_0_if_user_does_not_exist" storage="c:\projects\undeadearth\undeadearth.test\bin\debug\undeadearth.test.dll" id="d8a245d8-8db6-bd87-8600-23c0fc08446c">
      <Execution id="aaffe349-e8bb-4cb8-8134-ced0e95ff95f" />
      <TestMethod codeBase="C:/Projects/UndeadEarth/UndeadEarth.Test/bin/Debug/UndeadEarth.Test.DLL" adapterTypeName="Microsoft.VisualStudio.TestTools.TestTypes.Unit.UnitTestAdapter, Microsoft.VisualStudio.QualityTools.Tips.UnitTest.Adapter, Version=10.0.0.0, Culture=neutral, PublicKeyToken=b03f5f7f11d50a3a" className="UndeadEarth.Test.Model.when_determining_users_current_sight_radius, UndeadEarth.Test, Version=1.0.0.0, Culture=neutral, PublicKeyToken=null" name="should_return_0_if_user_does_not_exist" />
    </UnitTest>
    <UnitTest name="should_retrieve_user_zombie_pack_progress_for_user" storage="c:\projects\undeadearth\undeadearth.test\bin\debug\undeadearth.test.dll" id="612613da-83db-bad4-0786-2d957381d4ad">
      <Execution id="058749f8-d810-4325-b990-84dde5abcbd4" />
      <TestMethod codeBase="C:/Projects/UndeadEarth/UndeadEarth.Test/bin/Debug/UndeadEarth.Test.DLL" adapterTypeName="Microsoft.VisualStudio.TestTools.TestTypes.Unit.UnitTestAdapter, Microsoft.VisualStudio.QualityTools.Tips.UnitTest.Adapter, Version=10.0.0.0, Culture=neutral, PublicKeyToken=b03f5f7f11d50a3a" className="UndeadEarth.Test.Dal.when_retrieving_user_zombie_pack_progress, UndeadEarth.Test, Version=1.0.0.0, Culture=neutral, PublicKeyToken=null" name="should_retrieve_user_zombie_pack_progress_for_user" />
    </UnitTest>
    <UnitTest name="should_truncate_seconds_and_milliseconds_from_times_that_are_being_used_for_calculating_sight_radius" storage="c:\projects\undeadearth\undeadearth.test\bin\debug\undeadearth.test.dll" id="f6ef8399-e04f-58b6-2ee9-2d40209a41f1">
      <Execution id="72cf208c-3ceb-478a-8226-6a7bcddf7d57" />
      <TestMethod codeBase="C:/Projects/UndeadEarth/UndeadEarth.Test/bin/Debug/UndeadEarth.Test.DLL" adapterTypeName="Microsoft.VisualStudio.TestTools.TestTypes.Unit.UnitTestAdapter, Microsoft.VisualStudio.QualityTools.Tips.UnitTest.Adapter, Version=10.0.0.0, Culture=neutral, PublicKeyToken=b03f5f7f11d50a3a" className="UndeadEarth.Test.Model.when_determining_users_current_sight_radius, UndeadEarth.Test, Version=1.0.0.0, Culture=neutral, PublicKeyToken=null" name="should_truncate_seconds_and_milliseconds_from_times_that_are_being_used_for_calculating_sight_radius" />
    </UnitTest>
    <UnitTest name="should_return_rank_based_on_level" storage="c:\projects\undeadearth\undeadearth.test\bin\debug\undeadearth.test.dll" id="907b6781-056b-79a9-347c-c66f8f73c993">
      <Execution id="2a396a26-ae1d-410c-9fef-406e73ad9e12" />
      <TestMethod codeBase="C:/Projects/UndeadEarth/UndeadEarth.Test/bin/Debug/UndeadEarth.Test.DLL" adapterTypeName="Microsoft.VisualStudio.TestTools.TestTypes.Unit.UnitTestAdapter, Microsoft.VisualStudio.QualityTools.Tips.UnitTest.Adapter, Version=10.0.0.0, Culture=neutral, PublicKeyToken=b03f5f7f11d50a3a" className="UndeadEarth.Test.Dal.when_retrieving_user_rank, UndeadEarth.Test, Version=1.0.0.0, Culture=neutral, PublicKeyToken=null" name="should_return_rank_based_on_level" />
    </UnitTest>
    <UnitTest name="should_save_item_in_user_inventory_and_take_out_of_safe_house_inventory" storage="c:\projects\undeadearth\undeadearth.test\bin\debug\undeadearth.test.dll" id="5f1fabc6-b3c7-d9b8-821e-098ccaf3eed1">
      <Execution id="493a6dc4-19f5-4579-b288-d463463ce263" />
      <TestMethod codeBase="C:/Projects/UndeadEarth/UndeadEarth.Test/bin/Debug/UndeadEarth.Test.DLL" adapterTypeName="Microsoft.VisualStudio.TestTools.TestTypes.Unit.UnitTestAdapter, Microsoft.VisualStudio.QualityTools.Tips.UnitTest.Adapter, Version=10.0.0.0, Culture=neutral, PublicKeyToken=b03f5f7f11d50a3a" className="UndeadEarth.Test.Model.when_transferring_items_from_safe_house_to_user, UndeadEarth.Test, Version=1.0.0.0, Culture=neutral, PublicKeyToken=null" name="should_save_item_in_user_inventory_and_take_out_of_safe_house_inventory" />
    </UnitTest>
    <UnitTest name="should_throw_error_if_facebook_user_id_is_0_and_retrieval_is_attempted" storage="c:\projects\undeadearth\undeadearth.test\bin\debug\undeadearth.test.dll" id="d10bf695-c889-b70c-ad2f-f77a6c930e0a">
      <Execution id="0bab1c4c-a3e1-4da0-b004-7b0fdbedb9d4" />
      <TestMethod codeBase="C:/Projects/UndeadEarth/UndeadEarth.Test/bin/Debug/UndeadEarth.Test.DLL" adapterTypeName="Microsoft.VisualStudio.TestTools.TestTypes.Unit.UnitTestAdapter, Microsoft.VisualStudio.QualityTools.Tips.UnitTest.Adapter, Version=10.0.0.0, Culture=neutral, PublicKeyToken=b03f5f7f11d50a3a" className="UndeadEarth.Test.Dal.when_retrieving_user, UndeadEarth.Test, Version=1.0.0.0, Culture=neutral, PublicKeyToken=null" name="should_throw_error_if_facebook_user_id_is_0_and_retrieval_is_attempted" />
    </UnitTest>
    <UnitTest name="should_create_counts_record_if_none_exists_for_user" storage="c:\projects\undeadearth\undeadearth.test\bin\debug\undeadearth.test.dll" id="4013d892-4605-1c26-5721-43931adf425c">
      <Execution id="76f3ef11-1033-4fe1-a73f-3ff0809e9856" />
      <TestMethod codeBase="C:/Projects/UndeadEarth/UndeadEarth.Test/bin/Debug/UndeadEarth.Test.DLL" adapterTypeName="Microsoft.VisualStudio.TestTools.TestTypes.Unit.UnitTestAdapter, Microsoft.VisualStudio.QualityTools.Tips.UnitTest.Adapter, Version=10.0.0.0, Culture=neutral, PublicKeyToken=b03f5f7f11d50a3a" className="UndeadEarth.Test.Dal.when_saving_user_counts, UndeadEarth.Test, Version=1.0.0.0, Culture=neutral, PublicKeyToken=null" name="should_create_counts_record_if_none_exists_for_user" />
    </UnitTest>
    <UnitTest name="should_give_user_a_random_amount_of_money_after_hunt" storage="c:\projects\undeadearth\undeadearth.test\bin\debug\undeadearth.test.dll" id="537a0821-9a13-8b7a-298b-1a1d7b7834c1">
      <Execution id="1ccf62a9-87fc-4856-a5c2-dfab0ab4f0da" />
      <TestMethod codeBase="C:/Projects/UndeadEarth/UndeadEarth.Test/bin/Debug/UndeadEarth.Test.DLL" adapterTypeName="Microsoft.VisualStudio.TestTools.TestTypes.Unit.UnitTestAdapter, Microsoft.VisualStudio.QualityTools.Tips.UnitTest.Adapter, Version=10.0.0.0, Culture=neutral, PublicKeyToken=b03f5f7f11d50a3a" className="UndeadEarth.Test.Model.when_hunting_for_zombies, UndeadEarth.Test, Version=1.0.0.0, Culture=neutral, PublicKeyToken=null" name="should_give_user_a_random_amount_of_money_after_hunt" />
    </UnitTest>
    <UnitTest name="should_return_calcuated_sight_radius_for_user_based_on_minutes_passed_since_last_saved_sight_radius" storage="c:\projects\undeadearth\undeadearth.test\bin\debug\undeadearth.test.dll" id="95252275-5d7e-5275-9816-a53a17373eae">
      <Execution id="ef2b32f0-4956-4bca-ae06-3ec646c86e4f" />
      <TestMethod codeBase="C:/Projects/UndeadEarth/UndeadEarth.Test/bin/Debug/UndeadEarth.Test.DLL" adapterTypeName="Microsoft.VisualStudio.TestTools.TestTypes.Unit.UnitTestAdapter, Microsoft.VisualStudio.QualityTools.Tips.UnitTest.Adapter, Version=10.0.0.0, Culture=neutral, PublicKeyToken=b03f5f7f11d50a3a" className="UndeadEarth.Test.Model.when_determining_users_current_sight_radius, UndeadEarth.Test, Version=1.0.0.0, Culture=neutral, PublicKeyToken=null" name="should_return_calcuated_sight_radius_for_user_based_on_minutes_passed_since_last_saved_sight_radius" />
    </UnitTest>
    <UnitTest name="when_checking_user_level_and_zombie_kills_to_update_attributes_should_return_if_user_does_not_exist" storage="c:\projects\undeadearth\undeadearth.test\bin\debug\undeadearth.test.dll" id="86374614-7da2-d70a-a3e6-d86ececa0915">
      <Execution id="6ae5368c-556f-4fbc-bc35-025f006f5a8a" />
      <TestMethod codeBase="C:/Projects/UndeadEarth/UndeadEarth.Test/bin/Debug/UndeadEarth.Test.DLL" adapterTypeName="Microsoft.VisualStudio.TestTools.TestTypes.Unit.UnitTestAdapter, Microsoft.VisualStudio.QualityTools.Tips.UnitTest.Adapter, Version=10.0.0.0, Culture=neutral, PublicKeyToken=b03f5f7f11d50a3a" className="UndeadEarth.Test.Model.when_servicing_user_level_and_attributes, UndeadEarth.Test, Version=1.0.0.0, Culture=neutral, PublicKeyToken=null" name="when_checking_user_level_and_zombie_kills_to_update_attributes_should_return_if_user_does_not_exist" />
    </UnitTest>
    <UnitTest name="should_return_achivement_for_destroying_10_hotzones" storage="c:\projects\undeadearth\undeadearth.test\bin\debug\undeadearth.test.dll" id="49540a47-9778-939f-7252-2442e060eeb3">
      <Execution id="14045612-260e-4447-bd39-7fafec77daa9" />
      <TestMethod codeBase="C:/Projects/UndeadEarth/UndeadEarth.Test/bin/Debug/UndeadEarth.Test.DLL" adapterTypeName="Microsoft.VisualStudio.TestTools.TestTypes.Unit.UnitTestAdapter, Microsoft.VisualStudio.QualityTools.Tips.UnitTest.Adapter, Version=10.0.0.0, Culture=neutral, PublicKeyToken=b03f5f7f11d50a3a" className="UndeadEarth.Test.Model.when_retrieving_achievements, UndeadEarth.Test, Version=1.0.0.0, Culture=neutral, PublicKeyToken=null" name="should_return_achivement_for_destroying_10_hotzones" />
    </UnitTest>
    <UnitTest name="should_retrieve_users_current_level" storage="c:\projects\undeadearth\undeadearth.test\bin\debug\undeadearth.test.dll" id="a6b9a5f6-83d7-1eba-5a05-ac8e16d1f134">
      <Execution id="21d7b8a2-4d7c-4006-ab11-ff8d2c723d0e" />
      <TestMethod codeBase="C:/Projects/UndeadEarth/UndeadEarth.Test/bin/Debug/UndeadEarth.Test.DLL" adapterTypeName="Microsoft.VisualStudio.TestTools.TestTypes.Unit.UnitTestAdapter, Microsoft.VisualStudio.QualityTools.Tips.UnitTest.Adapter, Version=10.0.0.0, Culture=neutral, PublicKeyToken=b03f5f7f11d50a3a" className="UndeadEarth.Test.Dal.when_retrieving_user, UndeadEarth.Test, Version=1.0.0.0, Culture=neutral, PublicKeyToken=null" name="should_retrieve_users_current_level" />
    </UnitTest>
    <UnitTest name="should_calculate_miles_between_two_points" storage="c:\projects\undeadearth\undeadearth.test\bin\debug\undeadearth.test.dll" id="f395261d-5bed-0fbe-8f0d-91e27b638206">
      <Execution id="242b9571-e720-4fe3-ac2f-a4c8c069c44c" />
      <TestMethod codeBase="C:/Projects/UndeadEarth/UndeadEarth.Test/bin/Debug/UndeadEarth.Test.DLL" adapterTypeName="Microsoft.VisualStudio.TestTools.TestTypes.Unit.UnitTestAdapter, Microsoft.VisualStudio.QualityTools.Tips.UnitTest.Adapter, Version=10.0.0.0, Culture=neutral, PublicKeyToken=b03f5f7f11d50a3a" className="UndeadEarth.Test.Model.when_calculating_distance, UndeadEarth.Test, Version=1.0.0.0, Culture=neutral, PublicKeyToken=null" name="should_calculate_miles_between_two_points" />
    </UnitTest>
    <UnitTest name="should_return_null_if_user_does_not_exist" storage="c:\projects\undeadearth\undeadearth.test\bin\debug\undeadearth.test.dll" id="9829ccd4-7897-563f-fa8f-058ccd4d2394">
      <Execution id="bb2ce347-5d53-44d3-a4a6-40f98a8e7e68" />
      <TestMethod codeBase="C:/Projects/UndeadEarth/UndeadEarth.Test/bin/Debug/UndeadEarth.Test.DLL" adapterTypeName="Microsoft.VisualStudio.TestTools.TestTypes.Unit.UnitTestAdapter, Microsoft.VisualStudio.QualityTools.Tips.UnitTest.Adapter, Version=10.0.0.0, Culture=neutral, PublicKeyToken=b03f5f7f11d50a3a" className="UndeadEarth.Test.Dal.when_retrieving_user, UndeadEarth.Test, Version=1.0.0.0, Culture=neutral, PublicKeyToken=null" name="should_return_null_if_user_does_not_exist" />
    </UnitTest>
    <UnitTest name="should_update_hot_zone_if_user_is_on_new_hot_zone" storage="c:\projects\undeadearth\undeadearth.test\bin\debug\undeadearth.test.dll" id="5da90bcc-6e5d-3a2d-e174-d391c0422e11">
      <Execution id="9a32b220-0280-4401-9e44-be176c37cc3e" />
      <TestMethod codeBase="C:/Projects/UndeadEarth/UndeadEarth.Test/bin/Debug/UndeadEarth.Test.DLL" adapterTypeName="Microsoft.VisualStudio.TestTools.TestTypes.Unit.UnitTestAdapter, Microsoft.VisualStudio.QualityTools.Tips.UnitTest.Adapter, Version=10.0.0.0, Culture=neutral, PublicKeyToken=b03f5f7f11d50a3a" className="UndeadEarth.Test.Dal.when_saving_user, UndeadEarth.Test, Version=1.0.0.0, Culture=neutral, PublicKeyToken=null" name="should_update_hot_zone_if_user_is_on_new_hot_zone" />
    </UnitTest>
    <UnitTest name="should_update_zone_user_is_in" storage="c:\projects\undeadearth\undeadearth.test\bin\debug\undeadearth.test.dll" id="d9cc8fd3-0870-25cd-301c-1c45a9609c32">
      <Execution id="68ab1404-cc07-45ae-8c15-f505af5b21eb" />
      <TestMethod codeBase="C:/Projects/UndeadEarth/UndeadEarth.Test/bin/Debug/UndeadEarth.Test.DLL" adapterTypeName="Microsoft.VisualStudio.TestTools.TestTypes.Unit.UnitTestAdapter, Microsoft.VisualStudio.QualityTools.Tips.UnitTest.Adapter, Version=10.0.0.0, Culture=neutral, PublicKeyToken=b03f5f7f11d50a3a" className="UndeadEarth.Test.Dal.when_saving_user, UndeadEarth.Test, Version=1.0.0.0, Culture=neutral, PublicKeyToken=null" name="should_update_zone_user_is_in" />
    </UnitTest>
    <UnitTest name="should_remove_safe_house_item" storage="c:\projects\undeadearth\undeadearth.test\bin\debug\undeadearth.test.dll" id="f3417486-69dc-de2a-dd50-52fd43d006f5">
      <Execution id="692fbaf3-dedb-4616-9cfb-7691b66005ca" />
      <TestMethod codeBase="C:/Projects/UndeadEarth/UndeadEarth.Test/bin/Debug/UndeadEarth.Test.DLL" adapterTypeName="Microsoft.VisualStudio.TestTools.TestTypes.Unit.UnitTestAdapter, Microsoft.VisualStudio.QualityTools.Tips.UnitTest.Adapter, Version=10.0.0.0, Culture=neutral, PublicKeyToken=b03f5f7f11d50a3a" className="UndeadEarth.Test.Dal.when_retrieving_items, UndeadEarth.Test, Version=1.0.0.0, Culture=neutral, PublicKeyToken=null" name="should_remove_safe_house_item" />
    </UnitTest>
    <UnitTest name="should_take_into_consideration_equipped_items_when_determining_min_sight_radius" storage="c:\projects\undeadearth\undeadearth.test\bin\debug\undeadearth.test.dll" id="ba999509-487a-7f04-1438-f406952dc58e">
      <Execution id="c5ac30a6-5d85-4262-8649-ee5eda43edb9" />
      <TestMethod codeBase="C:/Projects/UndeadEarth/UndeadEarth.Test/bin/Debug/UndeadEarth.Test.DLL" adapterTypeName="Microsoft.VisualStudio.TestTools.TestTypes.Unit.UnitTestAdapter, Microsoft.VisualStudio.QualityTools.Tips.UnitTest.Adapter, Version=10.0.0.0, Culture=neutral, PublicKeyToken=b03f5f7f11d50a3a" className="UndeadEarth.Test.Model.when_determining_users_current_sight_radius, UndeadEarth.Test, Version=1.0.0.0, Culture=neutral, PublicKeyToken=null" name="should_take_into_consideration_equipped_items_when_determining_min_sight_radius" />
    </UnitTest>
    <UnitTest name="should_return_false_if_safe_house_does_not_exist" storage="c:\projects\undeadearth\undeadearth.test\bin\debug\undeadearth.test.dll" id="11b9b59c-993f-c435-5dd4-71b20fb4e5e5">
      <Execution id="2c2c70d7-15a2-450b-a492-7b8e7343b297" />
      <TestMethod codeBase="C:/Projects/UndeadEarth/UndeadEarth.Test/bin/Debug/UndeadEarth.Test.DLL" adapterTypeName="Microsoft.VisualStudio.TestTools.TestTypes.Unit.UnitTestAdapter, Microsoft.VisualStudio.QualityTools.Tips.UnitTest.Adapter, Version=10.0.0.0, Culture=neutral, PublicKeyToken=b03f5f7f11d50a3a" className="UndeadEarth.Test.Dal.when_retrieving_safe_houses, UndeadEarth.Test, Version=1.0.0.0, Culture=neutral, PublicKeyToken=null" name="should_return_false_if_safe_house_does_not_exist" />
    </UnitTest>
    <UnitTest name="should_increment_hotzones_destroyed" storage="c:\projects\undeadearth\undeadearth.test\bin\debug\undeadearth.test.dll" id="50a0e180-73b1-f3e2-9755-9dfe75491e60">
      <Execution id="7cc19977-3b4e-47e8-bcd1-49a6018b9285" />
      <TestMethod codeBase="C:/Projects/UndeadEarth/UndeadEarth.Test/bin/Debug/UndeadEarth.Test.DLL" adapterTypeName="Microsoft.VisualStudio.TestTools.TestTypes.Unit.UnitTestAdapter, Microsoft.VisualStudio.QualityTools.Tips.UnitTest.Adapter, Version=10.0.0.0, Culture=neutral, PublicKeyToken=b03f5f7f11d50a3a" className="UndeadEarth.Test.Dal.when_saving_user_counts, UndeadEarth.Test, Version=1.0.0.0, Culture=neutral, PublicKeyToken=null" name="should_increment_hotzones_destroyed" />
    </UnitTest>
    <UnitTest name="should_retrieve_stores_associated_with_hotzone" storage="c:\projects\undeadearth\undeadearth.test\bin\debug\undeadearth.test.dll" id="a882d58c-8888-fab1-21e4-618bb71ae1ce">
      <Execution id="1d977ea5-4222-4532-a0a0-4d35064118f0" />
      <TestMethod codeBase="C:/Projects/UndeadEarth/UndeadEarth.Test/bin/Debug/UndeadEarth.Test.DLL" adapterTypeName="Microsoft.VisualStudio.TestTools.TestTypes.Unit.UnitTestAdapter, Microsoft.VisualStudio.QualityTools.Tips.UnitTest.Adapter, Version=10.0.0.0, Culture=neutral, PublicKeyToken=b03f5f7f11d50a3a" className="UndeadEarth.Test.Dal.when_retrieving_stores, UndeadEarth.Test, Version=1.0.0.0, Culture=neutral, PublicKeyToken=null" name="should_retrieve_stores_associated_with_hotzone" />
    </UnitTest>
    <UnitTest name="should_set_base_line_for_users_max_potential_if_last_hotzone_visited_is_null" storage="c:\projects\undeadearth\undeadearth.test\bin\debug\undeadearth.test.dll" id="95fac6cd-cd0a-1020-088f-f907c1eb2032">
      <Execution id="fa3cc8f8-30d8-4144-8e7c-371d833a0a5f" />
      <TestMethod codeBase="C:/Projects/UndeadEarth/UndeadEarth.Test/bin/Debug/UndeadEarth.Test.DLL" adapterTypeName="Microsoft.VisualStudio.TestTools.TestTypes.Unit.UnitTestAdapter, Microsoft.VisualStudio.QualityTools.Tips.UnitTest.Adapter, Version=10.0.0.0, Culture=neutral, PublicKeyToken=b03f5f7f11d50a3a" className="UndeadEarth.Test.Model.when_determining_zombie_pack_progress, UndeadEarth.Test, Version=1.0.0.0, Culture=neutral, PublicKeyToken=null" name="should_set_base_line_for_users_max_potential_if_last_hotzone_visited_is_null" />
    </UnitTest>
    <UnitTest name="should_return_null_for_base_sight_radius_if_user_exists_but_max_sight_radius_is_null" storage="c:\projects\undeadearth\undeadearth.test\bin\debug\undeadearth.test.dll" id="55ffc7bf-3f9e-b38d-348c-5fc84dd1b9ed">
      <Execution id="037166f1-07b5-48a6-967e-b6b81a78f592" />
      <TestMethod codeBase="C:/Projects/UndeadEarth/UndeadEarth.Test/bin/Debug/UndeadEarth.Test.DLL" adapterTypeName="Microsoft.VisualStudio.TestTools.TestTypes.Unit.UnitTestAdapter, Microsoft.VisualStudio.QualityTools.Tips.UnitTest.Adapter, Version=10.0.0.0, Culture=neutral, PublicKeyToken=b03f5f7f11d50a3a" className="UndeadEarth.Test.Dal.when_retrieving_user_sight_radius, UndeadEarth.Test, Version=1.0.0.0, Culture=neutral, PublicKeyToken=null" name="should_return_null_for_base_sight_radius_if_user_exists_but_max_sight_radius_is_null" />
    </UnitTest>
    <UnitTest name="should_return_the_summation_of_the_attack_powers_of_items_on_person" storage="c:\projects\undeadearth\undeadearth.test\bin\debug\undeadearth.test.dll" id="19198647-e17a-fca8-64d0-a720ab9e3894">
      <Execution id="f30c2ae5-6a70-49f4-99ff-b73d75abd4e1" />
      <TestMethod codeBase="C:/Projects/UndeadEarth/UndeadEarth.Test/bin/Debug/UndeadEarth.Test.DLL" adapterTypeName="Microsoft.VisualStudio.TestTools.TestTypes.Unit.UnitTestAdapter, Microsoft.VisualStudio.QualityTools.Tips.UnitTest.Adapter, Version=10.0.0.0, Culture=neutral, PublicKeyToken=b03f5f7f11d50a3a" className="UndeadEarth.Test.Model.when_retrieving_user_attack_power, UndeadEarth.Test, Version=1.0.0.0, Culture=neutral, PublicKeyToken=null" name="should_return_the_summation_of_the_attack_powers_of_items_on_person" />
    </UnitTest>
    <UnitTest name="should_return_a_hunt_count_of_11_to_15_if_resolved_as_an_medium_hotzone" storage="c:\projects\undeadearth\undeadearth.test\bin\debug\undeadearth.test.dll" id="a3c6ca82-cc13-6187-156d-3e74897a9d8f">
      <Execution id="14f2c5bc-9fa4-4ae1-beab-6e8d40d84ce7" />
      <TestMethod codeBase="C:/Projects/UndeadEarth/UndeadEarth.Test/bin/Debug/UndeadEarth.Test.DLL" adapterTypeName="Microsoft.VisualStudio.TestTools.TestTypes.Unit.UnitTestAdapter, Microsoft.VisualStudio.QualityTools.Tips.UnitTest.Adapter, Version=10.0.0.0, Culture=neutral, PublicKeyToken=b03f5f7f11d50a3a" className="UndeadEarth.Test.Model.when_determining_zombie_pack_progress, UndeadEarth.Test, Version=1.0.0.0, Culture=neutral, PublicKeyToken=null" name="should_return_a_hunt_count_of_11_to_15_if_resolved_as_an_medium_hotzone" />
    </UnitTest>
    <UnitTest name="should_return_the_amount_of_money_the_user_currently_has" storage="c:\projects\undeadearth\undeadearth.test\bin\debug\undeadearth.test.dll" id="6beb3a34-356e-6f1e-6b50-8d176c416598">
      <Execution id="32d445c9-1999-4b19-9276-61ef6b4ee77d" />
      <TestMethod codeBase="C:/Projects/UndeadEarth/UndeadEarth.Test/bin/Debug/UndeadEarth.Test.DLL" adapterTypeName="Microsoft.VisualStudio.TestTools.TestTypes.Unit.UnitTestAdapter, Microsoft.VisualStudio.QualityTools.Tips.UnitTest.Adapter, Version=10.0.0.0, Culture=neutral, PublicKeyToken=b03f5f7f11d50a3a" className="UndeadEarth.Test.Dal.when_retrieving_user, UndeadEarth.Test, Version=1.0.0.0, Culture=neutral, PublicKeyToken=null" name="should_return_the_amount_of_money_the_user_currently_has" />
    </UnitTest>
    <UnitTest name="should_return_base_eneryg_plus_any_equiped_items_that_affect_energy" storage="c:\projects\undeadearth\undeadearth.test\bin\debug\undeadearth.test.dll" id="17d3f4ec-e921-82a2-da9d-9f4177b91ac9">
      <Execution id="8668717d-18e9-4cca-bbab-607aa61c7948" />
      <TestMethod codeBase="C:/Projects/UndeadEarth/UndeadEarth.Test/bin/Debug/UndeadEarth.Test.DLL" adapterTypeName="Microsoft.VisualStudio.TestTools.TestTypes.Unit.UnitTestAdapter, Microsoft.VisualStudio.QualityTools.Tips.UnitTest.Adapter, Version=10.0.0.0, Culture=neutral, PublicKeyToken=b03f5f7f11d50a3a" className="UndeadEarth.Test.Model.when_determining_users_max_energy, UndeadEarth.Test, Version=1.0.0.0, Culture=neutral, PublicKeyToken=null" name="should_return_base_eneryg_plus_any_equiped_items_that_affect_energy" />
    </UnitTest>
    <UnitTest name="should_return_achievement_for_peak_zombies_1000" storage="c:\projects\undeadearth\undeadearth.test\bin\debug\undeadearth.test.dll" id="d531988b-f1bb-cf47-5dc0-2ed134630321">
      <Execution id="a1d0eed8-9d7a-4ab4-9791-f74dec5c7fd6" />
      <TestMethod codeBase="C:/Projects/UndeadEarth/UndeadEarth.Test/bin/Debug/UndeadEarth.Test.DLL" adapterTypeName="Microsoft.VisualStudio.TestTools.TestTypes.Unit.UnitTestAdapter, Microsoft.VisualStudio.QualityTools.Tips.UnitTest.Adapter, Version=10.0.0.0, Culture=neutral, PublicKeyToken=b03f5f7f11d50a3a" className="UndeadEarth.Test.Model.when_retrieving_achievements, UndeadEarth.Test, Version=1.0.0.0, Culture=neutral, PublicKeyToken=null" name="should_return_achievement_for_peak_zombies_1000" />
    </UnitTest>
    <UnitTest name="should_return_achievement_for_destroying_100_zombie_packs" storage="c:\projects\undeadearth\undeadearth.test\bin\debug\undeadearth.test.dll" id="8cca1161-4d2c-f0a6-91e9-079cbe2f9201">
      <Execution id="46c94220-404c-4f50-b5b8-c160596121db" />
      <TestMethod codeBase="C:/Projects/UndeadEarth/UndeadEarth.Test/bin/Debug/UndeadEarth.Test.DLL" adapterTypeName="Microsoft.VisualStudio.TestTools.TestTypes.Unit.UnitTestAdapter, Microsoft.VisualStudio.QualityTools.Tips.UnitTest.Adapter, Version=10.0.0.0, Culture=neutral, PublicKeyToken=b03f5f7f11d50a3a" className="UndeadEarth.Test.Model.when_retrieving_achievements, UndeadEarth.Test, Version=1.0.0.0, Culture=neutral, PublicKeyToken=null" name="should_return_achievement_for_destroying_100_zombie_packs" />
    </UnitTest>
    <UnitTest name="should_return_true_if_zombiepack_exists" storage="c:\projects\undeadearth\undeadearth.test\bin\debug\undeadearth.test.dll" id="21e42ea8-d73d-440e-e599-8f8f475201e3">
      <Execution id="29085912-f9db-4af6-bd59-bc878f460c24" />
      <TestMethod codeBase="C:/Projects/UndeadEarth/UndeadEarth.Test/bin/Debug/UndeadEarth.Test.DLL" adapterTypeName="Microsoft.VisualStudio.TestTools.TestTypes.Unit.UnitTestAdapter, Microsoft.VisualStudio.QualityTools.Tips.UnitTest.Adapter, Version=10.0.0.0, Culture=neutral, PublicKeyToken=b03f5f7f11d50a3a" className="UndeadEarth.Test.Dal.when_checking_if_zombie_pack_exists, UndeadEarth.Test, Version=1.0.0.0, Culture=neutral, PublicKeyToken=null" name="should_return_true_if_zombiepack_exists" />
    </UnitTest>
    <UnitTest name="should_set_energy_to_100_for_user_who_exists_but_does_not_have_a_max_energy_value" storage="c:\projects\undeadearth\undeadearth.test\bin\debug\undeadearth.test.dll" id="9e0a45ef-94e7-5d2e-296e-d43084cdb72d">
      <Execution id="63fc4236-fa8f-4589-94ed-c31708f77ca6" />
      <TestMethod codeBase="C:/Projects/UndeadEarth/UndeadEarth.Test/bin/Debug/UndeadEarth.Test.DLL" adapterTypeName="Microsoft.VisualStudio.TestTools.TestTypes.Unit.UnitTestAdapter, Microsoft.VisualStudio.QualityTools.Tips.UnitTest.Adapter, Version=10.0.0.0, Culture=neutral, PublicKeyToken=b03f5f7f11d50a3a" className="UndeadEarth.Test.Model.when_determining_users_current_energy, UndeadEarth.Test, Version=1.0.0.0, Culture=neutral, PublicKeyToken=null" name="should_set_energy_to_100_for_user_who_exists_but_does_not_have_a_max_energy_value" />
    </UnitTest>
    <UnitTest name="should_return_user_if_user_exists" storage="c:\projects\undeadearth\undeadearth.test\bin\debug\undeadearth.test.dll" id="03d17922-b162-d76b-31f6-f34eb647e676">
      <Execution id="d8e4cbee-bea3-45db-bc42-5a6b7f0321a1" />
      <TestMethod codeBase="C:/Projects/UndeadEarth/UndeadEarth.Test/bin/Debug/UndeadEarth.Test.DLL" adapterTypeName="Microsoft.VisualStudio.TestTools.TestTypes.Unit.UnitTestAdapter, Microsoft.VisualStudio.QualityTools.Tips.UnitTest.Adapter, Version=10.0.0.0, Culture=neutral, PublicKeyToken=b03f5f7f11d50a3a" className="UndeadEarth.Test.Dal.when_retrieving_user, UndeadEarth.Test, Version=1.0.0.0, Culture=neutral, PublicKeyToken=null" name="should_return_user_if_user_exists" />
    </UnitTest>
    <UnitTest name="should_return_false_if_user_does_not_have_item" storage="c:\projects\undeadearth\undeadearth.test\bin\debug\undeadearth.test.dll" id="ef68a9ee-23ea-2d7b-e344-622c97db6fd2">
      <Execution id="1384fa0a-2b61-4ebb-adee-10e8baaf6c17" />
      <TestMethod codeBase="C:/Projects/UndeadEarth/UndeadEarth.Test/bin/Debug/UndeadEarth.Test.DLL" adapterTypeName="Microsoft.VisualStudio.TestTools.TestTypes.Unit.UnitTestAdapter, Microsoft.VisualStudio.QualityTools.Tips.UnitTest.Adapter, Version=10.0.0.0, Culture=neutral, PublicKeyToken=b03f5f7f11d50a3a" className="UndeadEarth.Test.Dal.when_retrieving_items, UndeadEarth.Test, Version=1.0.0.0, Culture=neutral, PublicKeyToken=null" name="should_return_false_if_user_does_not_have_item" />
    </UnitTest>
    <UnitTest name="should_get_user_item_id" storage="c:\projects\undeadearth\undeadearth.test\bin\debug\undeadearth.test.dll" id="540edc62-4548-f51c-ae34-777932919c2f">
      <Execution id="ea809d7d-401c-409d-a878-66d0196dc2ef" />
      <TestMethod codeBase="C:/Projects/UndeadEarth/UndeadEarth.Test/bin/Debug/UndeadEarth.Test.DLL" adapterTypeName="Microsoft.VisualStudio.TestTools.TestTypes.Unit.UnitTestAdapter, Microsoft.VisualStudio.QualityTools.Tips.UnitTest.Adapter, Version=10.0.0.0, Culture=neutral, PublicKeyToken=b03f5f7f11d50a3a" className="UndeadEarth.Test.Dal.when_retrieving_items, UndeadEarth.Test, Version=1.0.0.0, Culture=neutral, PublicKeyToken=null" name="should_get_user_item_id" />
    </UnitTest>
    <UnitTest name="the_starting_location_should_be_saved" storage="c:\projects\undeadearth\undeadearth.test\bin\debug\undeadearth.test.dll" id="f5ca8613-0214-ec34-e723-d1095b6a17b4">
      <Execution id="79d1e31e-6e14-4f6a-b05f-c758522b9c45" />
      <TestMethod codeBase="C:/Projects/UndeadEarth/UndeadEarth.Test/bin/Debug/UndeadEarth.Test.DLL" adapterTypeName="Microsoft.VisualStudio.TestTools.TestTypes.Unit.UnitTestAdapter, Microsoft.VisualStudio.QualityTools.Tips.UnitTest.Adapter, Version=10.0.0.0, Culture=neutral, PublicKeyToken=b03f5f7f11d50a3a" className="UndeadEarth.Test.Dal.when_inserting_user, UndeadEarth.Test, Version=1.0.0.0, Culture=neutral, PublicKeyToken=null" name="the_starting_location_should_be_saved" />
    </UnitTest>
    <UnitTest name="should_update_users_base_attack" storage="c:\projects\undeadearth\undeadearth.test\bin\debug\undeadearth.test.dll" id="c154fab6-7379-ae56-989a-e56b1649db90">
      <Execution id="2baa45db-e0b2-421c-bc93-ad8c717e76e3" />
      <TestMethod codeBase="C:/Projects/UndeadEarth/UndeadEarth.Test/bin/Debug/UndeadEarth.Test.DLL" adapterTypeName="Microsoft.VisualStudio.TestTools.TestTypes.Unit.UnitTestAdapter, Microsoft.VisualStudio.QualityTools.Tips.UnitTest.Adapter, Version=10.0.0.0, Culture=neutral, PublicKeyToken=b03f5f7f11d50a3a" className="UndeadEarth.Test.Dal.when_saving_user, UndeadEarth.Test, Version=1.0.0.0, Culture=neutral, PublicKeyToken=null" name="should_update_users_base_attack" />
    </UnitTest>
    <UnitTest name="should_return_achievement_for_killing_100000_zombies" storage="c:\projects\undeadearth\undeadearth.test\bin\debug\undeadearth.test.dll" id="0e9255e8-5116-355b-a604-cafe47e04c3c">
      <Execution id="39be19c9-79ca-4f54-83a3-bcd1d098c7ee" />
      <TestMethod codeBase="C:/Projects/UndeadEarth/UndeadEarth.Test/bin/Debug/UndeadEarth.Test.DLL" adapterTypeName="Microsoft.VisualStudio.TestTools.TestTypes.Unit.UnitTestAdapter, Microsoft.VisualStudio.QualityTools.Tips.UnitTest.Adapter, Version=10.0.0.0, Culture=neutral, PublicKeyToken=b03f5f7f11d50a3a" className="UndeadEarth.Test.Model.when_retrieving_achievements, UndeadEarth.Test, Version=1.0.0.0, Culture=neutral, PublicKeyToken=null" name="should_return_achievement_for_killing_100000_zombies" />
    </UnitTest>
    <UnitTest name="should_return_list_of_user_items_from_user_id" storage="c:\projects\undeadearth\undeadearth.test\bin\debug\undeadearth.test.dll" id="d1295b3d-b18a-9feb-b9f7-b8d24a1390b4">
      <Execution id="f1cbc916-43d3-4df9-af90-3bb468ddf52f" />
      <TestMethod codeBase="C:/Projects/UndeadEarth/UndeadEarth.Test/bin/Debug/UndeadEarth.Test.DLL" adapterTypeName="Microsoft.VisualStudio.TestTools.TestTypes.Unit.UnitTestAdapter, Microsoft.VisualStudio.QualityTools.Tips.UnitTest.Adapter, Version=10.0.0.0, Culture=neutral, PublicKeyToken=b03f5f7f11d50a3a" className="UndeadEarth.Test.Dal.when_retrieving_items, UndeadEarth.Test, Version=1.0.0.0, Culture=neutral, PublicKeyToken=null" name="should_return_list_of_user_items_from_user_id" />
    </UnitTest>
    <UnitTest name="should_return_energy_along_with_any_energy_increase_from_buying_different_items_and_no_items_in_safehouse" storage="c:\projects\undeadearth\undeadearth.test\bin\debug\undeadearth.test.dll" id="b0037f39-501d-0ae0-4207-fd773fffa4a6">
      <Execution id="ea9d0f33-82da-4330-9bdf-38ae9a69738d" />
      <TestMethod codeBase="C:/Projects/UndeadEarth/UndeadEarth.Test/bin/Debug/UndeadEarth.Test.DLL" adapterTypeName="Microsoft.VisualStudio.TestTools.TestTypes.Unit.UnitTestAdapter, Microsoft.VisualStudio.QualityTools.Tips.UnitTest.Adapter, Version=10.0.0.0, Culture=neutral, PublicKeyToken=b03f5f7f11d50a3a" className="UndeadEarth.Test.Model.when_determining_users_max_potential_energy, UndeadEarth.Test, Version=1.0.0.0, Culture=neutral, PublicKeyToken=null" name="should_return_energy_along_with_any_energy_increase_from_buying_different_items_and_no_items_in_safehouse" />
    </UnitTest>
    <UnitTest name="should_not_hunt_if_zombie_pack_doesnt_exist" storage="c:\projects\undeadearth\undeadearth.test\bin\debug\undeadearth.test.dll" id="9e682854-c61c-e4ee-d65c-e57b13656d39">
      <Execution id="5bf29984-10b7-4d69-a982-a4716586626f" />
      <TestMethod codeBase="C:/Projects/UndeadEarth/UndeadEarth.Test/bin/Debug/UndeadEarth.Test.DLL" adapterTypeName="Microsoft.VisualStudio.TestTools.TestTypes.Unit.UnitTestAdapter, Microsoft.VisualStudio.QualityTools.Tips.UnitTest.Adapter, Version=10.0.0.0, Culture=neutral, PublicKeyToken=b03f5f7f11d50a3a" className="UndeadEarth.Test.Model.when_hunting_for_zombies, UndeadEarth.Test, Version=1.0.0.0, Culture=neutral, PublicKeyToken=null" name="should_not_hunt_if_zombie_pack_doesnt_exist" />
    </UnitTest>
    <UnitTest name="should_disregard_if_user_does_not_have_enough_money" storage="c:\projects\undeadearth\undeadearth.test\bin\debug\undeadearth.test.dll" id="27a4ff3c-3eae-1669-f1bc-bcc06d02612f">
      <Execution id="a23ad9bb-5b4a-4812-a038-d24421b4ee8b" />
      <TestMethod codeBase="C:/Projects/UndeadEarth/UndeadEarth.Test/bin/Debug/UndeadEarth.Test.DLL" adapterTypeName="Microsoft.VisualStudio.TestTools.TestTypes.Unit.UnitTestAdapter, Microsoft.VisualStudio.QualityTools.Tips.UnitTest.Adapter, Version=10.0.0.0, Culture=neutral, PublicKeyToken=b03f5f7f11d50a3a" className="UndeadEarth.Test.Model.when_buying_items_from_shop, UndeadEarth.Test, Version=1.0.0.0, Culture=neutral, PublicKeyToken=null" name="should_disregard_if_user_does_not_have_enough_money" />
    </UnitTest>
    <UnitTest name="should_return_energy_cost_at_5_percent_of_maximum_potential" storage="c:\projects\undeadearth\undeadearth.test\bin\debug\undeadearth.test.dll" id="66e87870-2f0c-1802-4a46-f39d5c5c0c20">
      <Execution id="e6e1ed69-4b6e-49a4-92aa-d94e71178b50" />
      <TestMethod codeBase="C:/Projects/UndeadEarth/UndeadEarth.Test/bin/Debug/UndeadEarth.Test.DLL" adapterTypeName="Microsoft.VisualStudio.TestTools.TestTypes.Unit.UnitTestAdapter, Microsoft.VisualStudio.QualityTools.Tips.UnitTest.Adapter, Version=10.0.0.0, Culture=neutral, PublicKeyToken=b03f5f7f11d50a3a" className="UndeadEarth.Test.Model.when_determining_energy_cost_for_hunting_at_zombie_pack, UndeadEarth.Test, Version=1.0.0.0, Culture=neutral, PublicKeyToken=null" name="should_return_energy_cost_at_5_percent_of_maximum_potential" />
    </UnitTest>
    <UnitTest name="should_change_users_energy_if_item_has_energy_attribute_not_equal_to_zero" storage="c:\projects\undeadearth\undeadearth.test\bin\debug\undeadearth.test.dll" id="b25aa57b-bb9a-f05f-4179-18f54e514dcd">
      <Execution id="850efc6c-1159-4c6b-8cfa-b2f05e588ca8" />
      <TestMethod codeBase="C:/Projects/UndeadEarth/UndeadEarth.Test/bin/Debug/UndeadEarth.Test.DLL" adapterTypeName="Microsoft.VisualStudio.TestTools.TestTypes.Unit.UnitTestAdapter, Microsoft.VisualStudio.QualityTools.Tips.UnitTest.Adapter, Version=10.0.0.0, Culture=neutral, PublicKeyToken=b03f5f7f11d50a3a" className="UndeadEarth.Test.Model.when_using_items, UndeadEarth.Test, Version=1.0.0.0, Culture=neutral, PublicKeyToken=null" name="should_change_users_energy_if_item_has_energy_attribute_not_equal_to_zero" />
    </UnitTest>
  </TestDefinitions>
  <TestLists>
    <TestList name="Results Not in a List" id="8c84fa94-04c1-424b-9868-57a2d4851a1d" />
    <TestList name="All Loaded Results" id="19431567-8539-422a-85d7-44ee4e166bda" />
  </TestLists>
  <TestEntries>
    <TestEntry testId="00803d11-60d8-3003-79e6-d2290acd2110" executionId="02aa405e-23da-4f3c-9b8d-a341ac7f7a83" testListId="8c84fa94-04c1-424b-9868-57a2d4851a1d" />
    <TestEntry testId="00f036f8-7ea4-f115-2065-21a527c875c4" executionId="754d4c3a-17ca-47f1-87ee-b21a244b1f95" testListId="8c84fa94-04c1-424b-9868-57a2d4851a1d" />
    <TestEntry testId="01475b3a-fc7d-1f41-65ba-f4ddf4a86946" executionId="4ab98356-ad1d-4bd4-8bea-95082e75c87c" testListId="8c84fa94-04c1-424b-9868-57a2d4851a1d" />
    <TestEntry testId="01612aab-c0ea-12bb-1a12-76fce19990e3" executionId="78eb4666-8e1a-4cbc-807c-f33ae2f9db40" testListId="8c84fa94-04c1-424b-9868-57a2d4851a1d" />
    <TestEntry testId="027692e3-3856-06fd-bce6-644a6cf7eb82" executionId="1bf2871a-40a7-44da-8154-4e2d5a9d3060" testListId="8c84fa94-04c1-424b-9868-57a2d4851a1d" />
    <TestEntry testId="03a8dd14-ba0a-c947-44ec-1c0c4c677ff9" executionId="62dcd7d9-5c5f-43e9-8a7c-d576519cf280" testListId="8c84fa94-04c1-424b-9868-57a2d4851a1d" />
    <TestEntry testId="03d17922-b162-d76b-31f6-f34eb647e676" executionId="d8e4cbee-bea3-45db-bc42-5a6b7f0321a1" testListId="8c84fa94-04c1-424b-9868-57a2d4851a1d" />
    <TestEntry testId="05ef1086-81f0-526c-3f9d-15b7821d9bae" executionId="2c284789-4671-4d84-8ac1-aa1dd994e5c5" testListId="8c84fa94-04c1-424b-9868-57a2d4851a1d" />
    <TestEntry testId="08042b30-bcf9-bd89-006e-14ec4c40ac45" executionId="b9d99def-6599-4dbd-ae8c-7f838bd5e6b9" testListId="8c84fa94-04c1-424b-9868-57a2d4851a1d" />
    <TestEntry testId="08b982f7-3805-00b2-b01e-402a8abcd2ab" executionId="9b02528a-1b58-40ff-a61d-a8fa0ccbb609" testListId="8c84fa94-04c1-424b-9868-57a2d4851a1d" />
    <TestEntry testId="0c8abc46-7ae3-a530-a75d-2f31cb9a36fc" executionId="faa40eea-a035-4b69-94f4-78c5ef191f20" testListId="8c84fa94-04c1-424b-9868-57a2d4851a1d" />
    <TestEntry testId="0da63870-00bb-b6e5-56ff-c32676768cb3" executionId="afaa5410-732a-4aee-a21c-3cfad144475a" testListId="8c84fa94-04c1-424b-9868-57a2d4851a1d" />
    <TestEntry testId="0e9255e8-5116-355b-a604-cafe47e04c3c" executionId="39be19c9-79ca-4f54-83a3-bcd1d098c7ee" testListId="8c84fa94-04c1-424b-9868-57a2d4851a1d" />
    <TestEntry testId="0ee84f2b-31e9-0047-e6f0-0ec71b544574" executionId="c97c6c95-f728-48f5-a273-5cd91aed9379" testListId="8c84fa94-04c1-424b-9868-57a2d4851a1d" />
    <TestEntry testId="10dff579-2252-675a-f00d-0bb39990c8c6" executionId="cc674761-03f9-4fa8-b941-254c5586ff94" testListId="8c84fa94-04c1-424b-9868-57a2d4851a1d" />
    <TestEntry testId="1176458c-eb17-c2d6-8c27-e75b41695c1a" executionId="be9dbc64-5fee-4800-9ea3-05603f19083f" testListId="8c84fa94-04c1-424b-9868-57a2d4851a1d" />
    <TestEntry testId="11b9b59c-993f-c435-5dd4-71b20fb4e5e5" executionId="2c2c70d7-15a2-450b-a492-7b8e7343b297" testListId="8c84fa94-04c1-424b-9868-57a2d4851a1d" />
    <TestEntry testId="11ca7b9d-e2f9-e5ce-6eed-7e1247933dec" executionId="2abeac82-baf5-4daa-a742-367131187a65" testListId="8c84fa94-04c1-424b-9868-57a2d4851a1d" />
    <TestEntry testId="1339f28e-8dc2-ea63-491b-e46002a2f545" executionId="9e619cda-0779-415a-8bfc-d954b27d177a" testListId="8c84fa94-04c1-424b-9868-57a2d4851a1d" />
    <TestEntry testId="13954612-b76a-9796-df53-2efe3530832a" executionId="eecab0e4-a6f4-41c6-a586-def5ae28a21c" testListId="8c84fa94-04c1-424b-9868-57a2d4851a1d" />
    <TestEntry testId="1426a62d-a078-b4b5-817b-9f560bfc1dfe" executionId="0a85cbce-9982-45e1-87c3-ba632ce01896" testListId="8c84fa94-04c1-424b-9868-57a2d4851a1d" />
    <TestEntry testId="147b1cfd-fcbf-4ec1-a009-05f059879e52" executionId="9978e681-17e8-4e26-8955-3e0788c05683" testListId="8c84fa94-04c1-424b-9868-57a2d4851a1d" />
    <TestEntry testId="15d93832-4f17-b3dc-992d-8c3088d960e1" executionId="82253d70-dfc9-458f-8a3e-4f6400274c69" testListId="8c84fa94-04c1-424b-9868-57a2d4851a1d" />
    <TestEntry testId="162e548e-a661-0b73-7a6e-7c4d1ab7a750" executionId="27774bbf-3a95-4a05-a7a6-301deca16fe5" testListId="8c84fa94-04c1-424b-9868-57a2d4851a1d" />
    <TestEntry testId="166bc0da-4e9a-a151-a5ee-18d3adcd0291" executionId="c2b52a2b-894a-4103-9ce1-ff7b3fd57746" testListId="8c84fa94-04c1-424b-9868-57a2d4851a1d" />
    <TestEntry testId="17c9071b-a2b6-56fe-9dc6-b3135a8d71e5" executionId="61ac9123-82bc-49e2-9d89-f94742e7add9" testListId="8c84fa94-04c1-424b-9868-57a2d4851a1d" />
    <TestEntry testId="17d3f4ec-e921-82a2-da9d-9f4177b91ac9" executionId="8668717d-18e9-4cca-bbab-607aa61c7948" testListId="8c84fa94-04c1-424b-9868-57a2d4851a1d" />
    <TestEntry testId="19198647-e17a-fca8-64d0-a720ab9e3894" executionId="f30c2ae5-6a70-49f4-99ff-b73d75abd4e1" testListId="8c84fa94-04c1-424b-9868-57a2d4851a1d" />
    <TestEntry testId="1ade4597-88a4-ccb5-c182-1ea16f848376" executionId="19222d5b-a022-49bf-b673-77cb6980beca" testListId="8c84fa94-04c1-424b-9868-57a2d4851a1d" />
    <TestEntry testId="1b56219d-f99d-2b01-66f0-01c3b94f4ee2" executionId="be61b54a-6ea9-4ed1-a17c-19f1003a4ba2" testListId="8c84fa94-04c1-424b-9868-57a2d4851a1d" />
    <TestEntry testId="1cb99b44-08d0-1c2c-78e8-64869fef3154" executionId="0945d2e9-70c6-4bde-ba18-5d72e5e4ede6" testListId="8c84fa94-04c1-424b-9868-57a2d4851a1d" />
    <TestEntry testId="1f745c7b-d05c-6f7b-abbb-12ef8bc4e839" executionId="2552701b-f2be-4cf9-a754-929114cfe240" testListId="8c84fa94-04c1-424b-9868-57a2d4851a1d" />
    <TestEntry testId="1f98f9e8-cb47-74ae-9470-dfe55c54483a" executionId="f88b3778-682e-4843-9708-c0bf17d82868" testListId="8c84fa94-04c1-424b-9868-57a2d4851a1d" />
    <TestEntry testId="20c7eedc-a25f-bd99-048a-d0191e8444d6" executionId="507eeae5-fc0c-4ba6-a5ec-f8677dcea910" testListId="8c84fa94-04c1-424b-9868-57a2d4851a1d" />
    <TestEntry testId="21426709-ea7c-0595-beae-1978da06ff6a" executionId="d0a4446c-df87-402a-8fb3-b4f2c79606a0" testListId="8c84fa94-04c1-424b-9868-57a2d4851a1d" />
    <TestEntry testId="214d4e68-bd5b-8ca7-2eae-cad7ae4b5618" executionId="dc572904-a091-4fff-bca0-577bd701501d" testListId="8c84fa94-04c1-424b-9868-57a2d4851a1d" />
    <TestEntry testId="21e42ea8-d73d-440e-e599-8f8f475201e3" executionId="29085912-f9db-4af6-bd59-bc878f460c24" testListId="8c84fa94-04c1-424b-9868-57a2d4851a1d" />
    <TestEntry testId="241aa01b-d31a-aa87-10ed-03e9fc36dd2d" executionId="8df52d2d-2bac-4f4b-98b2-964c0edab45a" testListId="8c84fa94-04c1-424b-9868-57a2d4851a1d" />
    <TestEntry testId="2448c480-75b4-6f61-f066-698054ffd863" executionId="c0b205e5-0375-496d-bce2-5743fcc71fb2" testListId="8c84fa94-04c1-424b-9868-57a2d4851a1d" />
    <TestEntry testId="24bc110f-ba75-2876-7218-d24fbd5282b6" executionId="a103a184-3068-4ce2-953d-6ea4ffe85ada" testListId="8c84fa94-04c1-424b-9868-57a2d4851a1d" />
    <TestEntry testId="24c64596-5cab-4a6f-68a2-2b1dbc11b2be" executionId="8b793176-1fc1-4545-8e34-e0f807a624d8" testListId="8c84fa94-04c1-424b-9868-57a2d4851a1d" />
    <TestEntry testId="24e2889f-3174-5207-6e2d-3941d6d3ab4a" executionId="691b949c-1547-4ea2-a849-8b566882fe5a" testListId="8c84fa94-04c1-424b-9868-57a2d4851a1d" />
    <TestEntry testId="2528801b-adfc-fc02-0810-867a75b047c9" executionId="9601d1a8-c28e-4f8f-8044-5b93b349cff7" testListId="8c84fa94-04c1-424b-9868-57a2d4851a1d" />
    <TestEntry testId="25699796-3f06-4f57-c2f3-62593d0f8db7" executionId="5b73482c-2ca3-4b14-92a9-0d61b8d31e76" testListId="8c84fa94-04c1-424b-9868-57a2d4851a1d" />
    <TestEntry testId="2604ff32-2b78-d0a6-0890-b8bb202063cc" executionId="6361e98c-708e-45a6-99c9-bd62be46d534" testListId="8c84fa94-04c1-424b-9868-57a2d4851a1d" />
    <TestEntry testId="269b2e64-447a-b926-cd3c-a38128cb3896" executionId="04e8562a-e8b2-419c-885b-369f398405f6" testListId="8c84fa94-04c1-424b-9868-57a2d4851a1d" />
    <TestEntry testId="26db6a1b-fb8c-0332-7a76-ee9c69851e7c" executionId="aaa3a000-d1b3-4628-b849-7c09d7b8eb6b" testListId="8c84fa94-04c1-424b-9868-57a2d4851a1d" />
    <TestEntry testId="27a4ff3c-3eae-1669-f1bc-bcc06d02612f" executionId="a23ad9bb-5b4a-4812-a038-d24421b4ee8b" testListId="8c84fa94-04c1-424b-9868-57a2d4851a1d" />
    <TestEntry testId="27dffa83-35e8-a35a-74a3-14e94b831d3a" executionId="fc55c920-9b75-462b-9a0f-1c07fb92182c" testListId="8c84fa94-04c1-424b-9868-57a2d4851a1d" />
    <TestEntry testId="27e73228-a40a-9260-7cd7-3a5d45c78078" executionId="4399cd6d-a82f-4f11-9e20-bba33ba8e3ba" testListId="8c84fa94-04c1-424b-9868-57a2d4851a1d" />
    <TestEntry testId="29506837-8c96-f6c6-14e0-93c8ab580351" executionId="a54174f8-f23c-4446-9751-15715a88b429" testListId="8c84fa94-04c1-424b-9868-57a2d4851a1d" />
    <TestEntry testId="2a84edfa-8723-e5ed-8953-7dd9bec52c09" executionId="4481d30e-fa29-47c3-92b8-1b5833470b83" testListId="8c84fa94-04c1-424b-9868-57a2d4851a1d" />
    <TestEntry testId="2bb944ea-67c4-2ec5-7a6c-8e36c6922cdf" executionId="c9428564-1f84-4a99-affb-10a972e382cc" testListId="8c84fa94-04c1-424b-9868-57a2d4851a1d" />
    <TestEntry testId="2c585954-d302-a7c2-bf0a-de2131be21ec" executionId="8fed3011-133c-40fa-a294-9a36d43e886a" testListId="8c84fa94-04c1-424b-9868-57a2d4851a1d" />
    <TestEntry testId="2d393202-3b6b-ea77-5db0-849ebdcd5101" executionId="2d1f84c6-91a3-4fce-a9fd-f252698e20dd" testListId="8c84fa94-04c1-424b-9868-57a2d4851a1d" />
    <TestEntry testId="2db0a3b3-aad5-d46f-7403-c997f42720f5" executionId="00909fea-64ce-4191-9b78-1aeebc8fb157" testListId="8c84fa94-04c1-424b-9868-57a2d4851a1d" />
    <TestEntry testId="2e0e27a3-78b1-d62c-8532-284b3a845cc6" executionId="2593497a-0e81-4b6a-b01a-9c51e99c1a00" testListId="8c84fa94-04c1-424b-9868-57a2d4851a1d" />
    <TestEntry testId="310db446-5a38-a2ff-c0c6-33525d60392a" executionId="84f321df-02bd-4a18-baa1-bfdfea909cb7" testListId="8c84fa94-04c1-424b-9868-57a2d4851a1d" />
    <TestEntry testId="31907ecc-7480-4064-cd3b-514e2ff26de7" executionId="6b3acfe9-9f42-4000-9333-671034390f81" testListId="8c84fa94-04c1-424b-9868-57a2d4851a1d" />
    <TestEntry testId="321c5a91-a83b-02fd-e40b-ce47e7f12083" executionId="769a3983-effe-4b36-85a1-7150f318fa97" testListId="8c84fa94-04c1-424b-9868-57a2d4851a1d" />
    <TestEntry testId="33a5dc0c-cb8c-881e-3374-24e7b48bd3e1" executionId="240765ba-69fb-4ab3-984d-89521f584166" testListId="8c84fa94-04c1-424b-9868-57a2d4851a1d" />
    <TestEntry testId="353e37f8-b3ee-d1bc-48f1-1354650acd50" executionId="b3f549d5-9d0a-47be-a8d5-3ac3eeb10981" testListId="8c84fa94-04c1-424b-9868-57a2d4851a1d" />
    <TestEntry testId="35d7f681-d185-2e89-da65-ece3bc8e6e75" executionId="583ded50-1fb4-4dec-be64-ff40b1735478" testListId="8c84fa94-04c1-424b-9868-57a2d4851a1d" />
    <TestEntry testId="369b7a6d-08d3-f340-d283-f5ee6842f08e" executionId="92edc501-da8c-4d93-a04b-2837744af6a0" testListId="8c84fa94-04c1-424b-9868-57a2d4851a1d" />
    <TestEntry testId="38152b9e-3e48-dd5e-0e37-b7a27de7e225" executionId="4d2213db-a02d-4530-b0fc-c5be67265a0f" testListId="8c84fa94-04c1-424b-9868-57a2d4851a1d" />
    <TestEntry testId="3871d8b4-607c-f461-9b36-17221688eb47" executionId="af13cb4c-c93a-4977-843c-aee44bd1baec" testListId="8c84fa94-04c1-424b-9868-57a2d4851a1d" />
    <TestEntry testId="399d3773-04b9-f157-2193-2a81aa17c4e4" executionId="0662ed75-6613-4028-ad77-0355827ea146" testListId="8c84fa94-04c1-424b-9868-57a2d4851a1d" />
    <TestEntry testId="3a65c876-9662-16ec-4c81-7bea778d6951" executionId="282f9e17-f249-4dc2-81b3-52b86fbdafec" testListId="8c84fa94-04c1-424b-9868-57a2d4851a1d" />
    <TestEntry testId="3b3489bf-140a-7d3d-ca59-73f946c71ab3" executionId="f0b150f1-1677-497e-8e16-bd09bed6bb8c" testListId="8c84fa94-04c1-424b-9868-57a2d4851a1d" />
    <TestEntry testId="3bf90928-3e3e-817d-0c2a-b114432020ae" executionId="f856ed4d-7a51-4336-b636-e48aa1eea486" testListId="8c84fa94-04c1-424b-9868-57a2d4851a1d" />
    <TestEntry testId="3d1741aa-9576-2eb5-470e-7f713a2bc4d7" executionId="bec6ffd3-98c7-4781-8540-b9c1a36ca269" testListId="8c84fa94-04c1-424b-9868-57a2d4851a1d" />
    <TestEntry testId="3d4be643-5d31-3e26-f950-26a5f925e40b" executionId="5ba541e3-1dc8-4291-b492-4f65849c2b81" testListId="8c84fa94-04c1-424b-9868-57a2d4851a1d" />
    <TestEntry testId="3dc86e55-9e89-b185-10f6-85c78270b263" executionId="62cd478d-d97d-4612-80ce-5cfcfe9c0635" testListId="8c84fa94-04c1-424b-9868-57a2d4851a1d" />
    <TestEntry testId="3e4c555c-eb52-8e6a-77bb-fba4f57ae14d" executionId="d8cf267e-d899-407b-952a-32df1c5006c9" testListId="8c84fa94-04c1-424b-9868-57a2d4851a1d" />
    <TestEntry testId="4013d892-4605-1c26-5721-43931adf425c" executionId="76f3ef11-1033-4fe1-a73f-3ff0809e9856" testListId="8c84fa94-04c1-424b-9868-57a2d4851a1d" />
    <TestEntry testId="40ac08e5-9855-8df2-ac1a-e320ada85f67" executionId="f972cea1-a100-43bd-bab2-7e387b8b532b" testListId="8c84fa94-04c1-424b-9868-57a2d4851a1d" />
    <TestEntry testId="40c4a339-897f-73e3-e8be-fed33feff0fc" executionId="d50f9f30-1758-4adb-b257-dc5081b10a42" testListId="8c84fa94-04c1-424b-9868-57a2d4851a1d" />
    <TestEntry testId="43a1b4c2-5164-126a-d787-254e51bf5cb0" executionId="2be58a52-5584-478d-a740-311b8e8b0901" testListId="8c84fa94-04c1-424b-9868-57a2d4851a1d" />
    <TestEntry testId="43ea7dc5-29f2-fc24-7626-37c50ab77488" executionId="2e6bfc5b-095a-4c59-a435-cc1387a70582" testListId="8c84fa94-04c1-424b-9868-57a2d4851a1d" />
    <TestEntry testId="441c5aa1-1be2-b7ff-84a3-c2712387e211" executionId="fc647fef-caa7-48f1-9219-2dddf5e98fa7" testListId="8c84fa94-04c1-424b-9868-57a2d4851a1d" />
    <TestEntry testId="456f5311-d61b-5ef4-13ac-a1ceca766e06" executionId="3d8a2ef8-c58b-4329-b9ba-aa3ed4ba4590" testListId="8c84fa94-04c1-424b-9868-57a2d4851a1d" />
    <TestEntry testId="461819df-bed1-d7c5-29ce-bdee0f8eaaa2" executionId="34a6b810-003b-4934-8d86-cef2e8d527d8" testListId="8c84fa94-04c1-424b-9868-57a2d4851a1d" />
    <TestEntry testId="48c2a012-1ba3-1243-1cd5-aab81b26906b" executionId="b6b51664-490d-4aaa-bf63-7baf224d04ee" testListId="8c84fa94-04c1-424b-9868-57a2d4851a1d" />
    <TestEntry testId="49540a47-9778-939f-7252-2442e060eeb3" executionId="14045612-260e-4447-bd39-7fafec77daa9" testListId="8c84fa94-04c1-424b-9868-57a2d4851a1d" />
    <TestEntry testId="49e3a9e9-dcf0-f3e5-85da-9f5499fab731" executionId="dfca9954-ab2d-450e-b447-9eb3b460ac61" testListId="8c84fa94-04c1-424b-9868-57a2d4851a1d" />
    <TestEntry testId="4aab1a6a-e217-fabe-67d7-73dafcd94369" executionId="5bea917e-109d-4602-9f7f-6e2376e67ed4" testListId="8c84fa94-04c1-424b-9868-57a2d4851a1d" />
    <TestEntry testId="4ad82b7e-b664-1e32-b013-da054510a32b" executionId="365f2a57-831e-417f-9a72-c7696f7c0519" testListId="8c84fa94-04c1-424b-9868-57a2d4851a1d" />
    <TestEntry testId="4c87210c-f927-e260-2776-9399fcbfbd1c" executionId="b9cf8db3-812d-43f2-8ea1-1eabaa4831a2" testListId="8c84fa94-04c1-424b-9868-57a2d4851a1d" />
    <TestEntry testId="4d9cdfe2-8eee-3937-2a7d-b414e3b51b00" executionId="6cc75fd1-0aa1-4a5f-84b7-eb8863ae8ac9" testListId="8c84fa94-04c1-424b-9868-57a2d4851a1d" />
    <TestEntry testId="50a0e180-73b1-f3e2-9755-9dfe75491e60" executionId="7cc19977-3b4e-47e8-bcd1-49a6018b9285" testListId="8c84fa94-04c1-424b-9868-57a2d4851a1d" />
    <TestEntry testId="52c534e6-f8bb-1f9f-939a-d5c5c52fa419" executionId="5ff1e382-4f08-49ce-bdc2-fe46c912bb1b" testListId="8c84fa94-04c1-424b-9868-57a2d4851a1d" />
    <TestEntry testId="537a0821-9a13-8b7a-298b-1a1d7b7834c1" executionId="1ccf62a9-87fc-4856-a5c2-dfab0ab4f0da" testListId="8c84fa94-04c1-424b-9868-57a2d4851a1d" />
    <TestEntry testId="537a2b77-3b56-7fda-5cef-ce5b7fef8e47" executionId="6b321c2d-aa62-416c-b3a8-fc01186c2090" testListId="8c84fa94-04c1-424b-9868-57a2d4851a1d" />
    <TestEntry testId="53d3d174-2438-d916-b931-5b84347506a5" executionId="0cccba8a-19f5-4144-8100-18119177f74c" testListId="8c84fa94-04c1-424b-9868-57a2d4851a1d" />
    <TestEntry testId="540edc62-4548-f51c-ae34-777932919c2f" executionId="ea809d7d-401c-409d-a878-66d0196dc2ef" testListId="8c84fa94-04c1-424b-9868-57a2d4851a1d" />
    <TestEntry testId="544cc1f1-3454-5e87-e24b-52c6acff6b61" executionId="230a639a-1afb-4d4b-abcd-c6243c37bfcc" testListId="8c84fa94-04c1-424b-9868-57a2d4851a1d" />
    <TestEntry testId="556fe5d0-aedd-a933-babc-4606a23e064e" executionId="1b336bf5-5afe-459a-a1c4-72e25d737710" testListId="8c84fa94-04c1-424b-9868-57a2d4851a1d" />
    <TestEntry testId="55ffc7bf-3f9e-b38d-348c-5fc84dd1b9ed" executionId="037166f1-07b5-48a6-967e-b6b81a78f592" testListId="8c84fa94-04c1-424b-9868-57a2d4851a1d" />
    <TestEntry testId="560e757d-7d9e-cf97-a66b-6eba9f0dbef7" executionId="6205946e-af96-44e4-8ea6-3d12003424a7" testListId="8c84fa94-04c1-424b-9868-57a2d4851a1d" />
    <TestEntry testId="578c1082-4447-f4a0-bed7-4e23d16f558c" executionId="40c82528-9988-4335-9dbc-f4538d29f8f2" testListId="8c84fa94-04c1-424b-9868-57a2d4851a1d" />
    <TestEntry testId="57effb65-6bba-b10e-d004-938020663a0f" executionId="d0b7e6cd-b865-49ee-a5df-383866fcdd61" testListId="8c84fa94-04c1-424b-9868-57a2d4851a1d" />
    <TestEntry testId="57f6bfb3-878f-ec7b-71d8-e1ae592b6823" executionId="2c78a54b-79ec-4818-b3fa-78a8b25c236b" testListId="8c84fa94-04c1-424b-9868-57a2d4851a1d" />
    <TestEntry testId="583a3b80-1851-93ab-c2ab-87d678e4ad81" executionId="a29cc14b-deb4-4da7-8f00-b9d848fa5467" testListId="8c84fa94-04c1-424b-9868-57a2d4851a1d" />
    <TestEntry testId="58cdb593-e628-53cb-1ff9-a712c7cfa07d" executionId="bd0e75f4-6005-4e07-84e6-37e4ee2ae042" testListId="8c84fa94-04c1-424b-9868-57a2d4851a1d" />
    <TestEntry testId="592a8210-389c-d154-bfaf-1570717dbd73" executionId="499204fd-b3c4-4d26-be66-20377ac52f76" testListId="8c84fa94-04c1-424b-9868-57a2d4851a1d" />
    <TestEntry testId="5a128d3b-35ba-f233-4f32-be0f8dfb906e" executionId="ecee7aaf-b6c1-4755-9bc8-729c5722976a" testListId="8c84fa94-04c1-424b-9868-57a2d4851a1d" />
    <TestEntry testId="5a7c17db-19ea-927d-e739-dca3cee988f6" executionId="80a2ec97-9395-486c-9297-710d795ead54" testListId="8c84fa94-04c1-424b-9868-57a2d4851a1d" />
    <TestEntry testId="5af90bb7-e3b0-b5e7-29f7-fc8b0902be24" executionId="a6690e87-6164-4efc-b26e-8818f288bc36" testListId="8c84fa94-04c1-424b-9868-57a2d4851a1d" />
    <TestEntry testId="5afe1781-3ccb-0558-a937-e74f932ccd49" executionId="228c4a77-a1ca-46e5-8800-97b5d71231b9" testListId="8c84fa94-04c1-424b-9868-57a2d4851a1d" />
    <TestEntry testId="5b2a5f35-2435-a2ba-eaf1-4c274bced244" executionId="06099bbb-b193-4e3f-8e43-ce8a60eec8de" testListId="8c84fa94-04c1-424b-9868-57a2d4851a1d" />
    <TestEntry testId="5b97deff-fa6b-c377-8ff2-c9c8d4bf8e55" executionId="ab8bdf65-5c40-4e13-851f-78fa65522a3d" testListId="8c84fa94-04c1-424b-9868-57a2d4851a1d" />
    <TestEntry testId="5d04ca0e-dd33-bf62-c1bb-e7d225b4949c" executionId="d09109ff-1b97-47e4-a78e-3a97ca4fbfb7" testListId="8c84fa94-04c1-424b-9868-57a2d4851a1d" />
    <TestEntry testId="5da90bcc-6e5d-3a2d-e174-d391c0422e11" executionId="9a32b220-0280-4401-9e44-be176c37cc3e" testListId="8c84fa94-04c1-424b-9868-57a2d4851a1d" />
    <TestEntry testId="5e0523e6-700c-d803-6a13-76f99c5ecb12" executionId="64b5fb9f-0ca3-4870-9b10-7118453455ba" testListId="8c84fa94-04c1-424b-9868-57a2d4851a1d" />
    <TestEntry testId="5edbb1cd-bd31-7ac9-084c-f6f749883ff2" executionId="f791ad1d-7e72-43f8-bdda-f8a11a0335b8" testListId="8c84fa94-04c1-424b-9868-57a2d4851a1d" />
    <TestEntry testId="5f1fabc6-b3c7-d9b8-821e-098ccaf3eed1" executionId="493a6dc4-19f5-4579-b288-d463463ce263" testListId="8c84fa94-04c1-424b-9868-57a2d4851a1d" />
    <TestEntry testId="5f382a5a-614c-c9d5-67f1-1ceadc4420b1" executionId="7cb49fe5-0de6-4014-a111-64b430561072" testListId="8c84fa94-04c1-424b-9868-57a2d4851a1d" />
    <TestEntry testId="5fa17309-6178-e440-0cb3-9987b0eaea65" executionId="8da5e2dc-1032-46ff-b33c-9aeb73e0d51e" testListId="8c84fa94-04c1-424b-9868-57a2d4851a1d" />
    <TestEntry testId="606e3bbd-fbf0-39e8-d39a-d95b2f760af1" executionId="63a0d1c7-7701-42ce-8753-49714ba6ca76" testListId="8c84fa94-04c1-424b-9868-57a2d4851a1d" />
    <TestEntry testId="60b889f5-aa93-4766-ebaf-876bc425b3c4" executionId="d316e161-9ac4-43f9-be7d-91bc59507cff" testListId="8c84fa94-04c1-424b-9868-57a2d4851a1d" />
    <TestEntry testId="612613da-83db-bad4-0786-2d957381d4ad" executionId="058749f8-d810-4325-b990-84dde5abcbd4" testListId="8c84fa94-04c1-424b-9868-57a2d4851a1d" />
    <TestEntry testId="61f1fbc3-1b38-ec7e-962e-44e1959bccb8" executionId="f079026c-a3b4-4303-a877-03cb3d13cd31" testListId="8c84fa94-04c1-424b-9868-57a2d4851a1d" />
    <TestEntry testId="61f447bc-f31d-7adc-e8ff-51ce31625b90" executionId="2cafa01c-bd85-4060-8337-9b8721dbef08" testListId="8c84fa94-04c1-424b-9868-57a2d4851a1d" />
    <TestEntry testId="65a45aea-1388-af89-1298-2c122710d67c" executionId="35149955-88d2-4108-81bd-c0140a81cf94" testListId="8c84fa94-04c1-424b-9868-57a2d4851a1d" />
    <TestEntry testId="65c104b2-1ff7-266c-33d4-c2e6789ce0d4" executionId="5f1680c1-9702-4dbf-8d57-d04a2a13e54c" testListId="8c84fa94-04c1-424b-9868-57a2d4851a1d" />
    <TestEntry testId="66169587-8c61-bb11-f455-fab6b8497218" executionId="94ebadc8-7993-4c29-b106-254126136494" testListId="8c84fa94-04c1-424b-9868-57a2d4851a1d" />
    <TestEntry testId="66236707-8e98-8099-42db-7e8aeb3fbf02" executionId="6077e173-108a-4ba2-8f9f-d60b65201a03" testListId="8c84fa94-04c1-424b-9868-57a2d4851a1d" />
    <TestEntry testId="66e87870-2f0c-1802-4a46-f39d5c5c0c20" executionId="e6e1ed69-4b6e-49a4-92aa-d94e71178b50" testListId="8c84fa94-04c1-424b-9868-57a2d4851a1d" />
    <TestEntry testId="685ba115-26b4-cfb7-772c-f8e84fc12c79" executionId="711fa28c-00b0-4c2e-b174-bc6ad405b90d" testListId="8c84fa94-04c1-424b-9868-57a2d4851a1d" />
    <TestEntry testId="68ea6353-2c49-a913-f384-cf2dc40e93c0" executionId="4df30ed8-7bc5-4b22-b3d0-0be6235a6579" testListId="8c84fa94-04c1-424b-9868-57a2d4851a1d" />
    <TestEntry testId="69653733-6f17-afcb-14dc-a6126a62b1ee" executionId="b1977fca-b261-4b55-b073-43dbf813e9b6" testListId="8c84fa94-04c1-424b-9868-57a2d4851a1d" />
    <TestEntry testId="6b30f78c-5c97-e5aa-0928-de7f5ee83660" executionId="5be16fa0-fb89-4f7d-b18f-ebf7b452bede" testListId="8c84fa94-04c1-424b-9868-57a2d4851a1d" />
    <TestEntry testId="6beb3a34-356e-6f1e-6b50-8d176c416598" executionId="32d445c9-1999-4b19-9276-61ef6b4ee77d" testListId="8c84fa94-04c1-424b-9868-57a2d4851a1d" />
    <TestEntry testId="6c066a85-168d-65f4-cc37-317318414373" executionId="447520dd-fc25-459d-a5af-1f256cef67f0" testListId="8c84fa94-04c1-424b-9868-57a2d4851a1d" />
    <TestEntry testId="6d259f14-cf5c-860f-f3bc-07fb6a901208" executionId="30ff625c-c25d-4f5e-b4ef-66a1a7db578a" testListId="8c84fa94-04c1-424b-9868-57a2d4851a1d" />
    <TestEntry testId="6d50870f-a5f5-48df-fa3a-fd929ac4d6d9" executionId="81d550c2-49d7-4037-b9ba-1f294d257bda" testListId="8c84fa94-04c1-424b-9868-57a2d4851a1d" />
    <TestEntry testId="6d677716-f4a3-32e4-d489-2827222e4b43" executionId="d7251071-3450-4ac0-9de2-47006f8f0bee" testListId="8c84fa94-04c1-424b-9868-57a2d4851a1d" />
    <TestEntry testId="6d97d05d-3cb4-4245-56ca-8b9bbc35a993" executionId="4aa89f8e-d963-4af5-8d7b-c5a1684164f0" testListId="8c84fa94-04c1-424b-9868-57a2d4851a1d" />
    <TestEntry testId="6e5c9897-01e5-0ddc-270e-62065e9e22f7" executionId="4a710951-a5d5-419b-a091-074e0a6959bb" testListId="8c84fa94-04c1-424b-9868-57a2d4851a1d" />
    <TestEntry testId="6ee3e612-4bf5-4b89-e2d7-9da260f06cb5" executionId="057ba6ce-50ed-42f5-8199-99e8e28c8ce1" testListId="8c84fa94-04c1-424b-9868-57a2d4851a1d" />
    <TestEntry testId="6efd94c0-48f1-f3dc-5a7c-d483288ae14d" executionId="dc26ca9c-b27b-496c-8bf6-1d35d74f3753" testListId="8c84fa94-04c1-424b-9868-57a2d4851a1d" />
    <TestEntry testId="6f4679a3-c135-f19d-6bfb-2e441fc3cb12" executionId="b464e8b6-62e6-4c67-be43-cedf4e1d8db7" testListId="8c84fa94-04c1-424b-9868-57a2d4851a1d" />
    <TestEntry testId="6f5b8bdf-f4f3-b0ac-2d17-1c769ba70ec7" executionId="d48244ab-21a5-4b63-b1bf-db4266f81d75" testListId="8c84fa94-04c1-424b-9868-57a2d4851a1d" />
    <TestEntry testId="6f612bd1-261c-e125-ca8e-f3d31afd386b" executionId="11cc031e-7adc-48d9-adc0-3bf09171dfa9" testListId="8c84fa94-04c1-424b-9868-57a2d4851a1d" />
    <TestEntry testId="6fb9a1f1-9260-fa0f-3246-029c6bade6db" executionId="4ed76946-18f6-4c64-8d0e-1a23b45f34b9" testListId="8c84fa94-04c1-424b-9868-57a2d4851a1d" />
    <TestEntry testId="6fc1d911-2aa7-09d2-3f37-8e698e0a0e1a" executionId="063b3679-c99c-4577-a14c-c8c9a925d429" testListId="8c84fa94-04c1-424b-9868-57a2d4851a1d" />
    <TestEntry testId="70a48ca4-778f-c05e-3b5d-4d1dd614ffe7" executionId="ec38c95e-5bdf-4901-aeee-0fdfb72a279c" testListId="8c84fa94-04c1-424b-9868-57a2d4851a1d" />
    <TestEntry testId="7153296b-7930-7df3-3632-012c2eca18ad" executionId="e1bf8024-1f5c-456b-8c35-c3eb4fbcc29b" testListId="8c84fa94-04c1-424b-9868-57a2d4851a1d" />
    <TestEntry testId="7209dcdb-bb1a-d89a-c5cb-4180ad1a5427" executionId="4c68c954-3dcf-47ac-81d9-28ebaf158a74" testListId="8c84fa94-04c1-424b-9868-57a2d4851a1d" />
    <TestEntry testId="74c211d1-a8ea-e685-b3ae-006434becd54" executionId="149dd6c9-bd7b-4f92-bd30-abc5d2b39db9" testListId="8c84fa94-04c1-424b-9868-57a2d4851a1d" />
    <TestEntry testId="75a342b2-ef01-e34d-c6b4-7a9dc15f6b1e" executionId="a0b09d95-0eea-4f6c-9387-c2bc84fd34fa" testListId="8c84fa94-04c1-424b-9868-57a2d4851a1d" />
    <TestEntry testId="7685b20a-de0b-8bc0-6c22-3a9d32aab4bd" executionId="464b84ec-5d07-4ab4-8d72-6a770fb26ec7" testListId="8c84fa94-04c1-424b-9868-57a2d4851a1d" />
    <TestEntry testId="799c0d6a-4d65-290e-a185-a723c64e9bd5" executionId="7528a587-1af0-4c09-b34c-dc66b74d5ca3" testListId="8c84fa94-04c1-424b-9868-57a2d4851a1d" />
    <TestEntry testId="79f08418-c51b-ec01-a3f0-aeabf52599fa" executionId="6cabb886-2d2d-4dea-ba29-f9a8d9826ea8" testListId="8c84fa94-04c1-424b-9868-57a2d4851a1d" />
    <TestEntry testId="7a4bb2ce-d62d-4561-dc89-28a6c8155af3" executionId="6d89955f-565f-4057-9ff5-6fcc949eb112" testListId="8c84fa94-04c1-424b-9868-57a2d4851a1d" />
    <TestEntry testId="7acb1219-a69e-e102-dd8e-4060793e7b6e" executionId="dde0409f-9b3a-46cb-aabe-caedf6f3d3eb" testListId="8c84fa94-04c1-424b-9868-57a2d4851a1d" />
    <TestEntry testId="7ad2e801-5f6e-048b-7bcf-d285bb6f6be7" executionId="aa648d43-b377-412e-9700-01edd3e01aa6" testListId="8c84fa94-04c1-424b-9868-57a2d4851a1d" />
    <TestEntry testId="7b6f7aba-399c-6729-f243-4ff68995d88e" executionId="8464e908-64e7-438e-b214-0a3b2fe189da" testListId="8c84fa94-04c1-424b-9868-57a2d4851a1d" />
    <TestEntry testId="7b96fc08-5095-7079-15b5-f39e447dbf49" executionId="eac53d40-73d3-4c8f-800a-f2b431895d48" testListId="8c84fa94-04c1-424b-9868-57a2d4851a1d" />
    <TestEntry testId="7bf1b32b-b544-1d63-7f85-8cb3721cb13c" executionId="c04df238-b10f-4df9-8d04-a267ff7566aa" testListId="8c84fa94-04c1-424b-9868-57a2d4851a1d" />
    <TestEntry testId="7c057236-5b5f-451c-5800-6e05c196b383" executionId="736fe4b9-7a86-45d5-bb81-cca363067481" testListId="8c84fa94-04c1-424b-9868-57a2d4851a1d" />
    <TestEntry testId="7c9fa0fb-7cf0-12c6-f8da-d4fb82dffc47" executionId="8c4853f6-79ce-4060-9322-e4f0d893b2c1" testListId="8c84fa94-04c1-424b-9868-57a2d4851a1d" />
    <TestEntry testId="7d2305d4-075e-49ce-735b-3ccd549f53b8" executionId="3e22fd41-2431-4916-ae65-c8b21a7b4257" testListId="8c84fa94-04c1-424b-9868-57a2d4851a1d" />
    <TestEntry testId="7d282b5a-4c68-651b-2ed3-0d406222883a" executionId="81a9bf3f-d27b-436d-8dae-96a0a7f7bf9f" testListId="8c84fa94-04c1-424b-9868-57a2d4851a1d" />
    <TestEntry testId="7d9357cd-185a-7a7d-46d5-6e0825f094b5" executionId="0aad1536-2fad-4708-b15b-2c5f9a1a3a4e" testListId="8c84fa94-04c1-424b-9868-57a2d4851a1d" />
    <TestEntry testId="7e4ecb77-6a2d-3a8f-0c42-71f8df3a6f64" executionId="4309a0c1-95ef-428b-aae5-2df2322e0e2c" testListId="8c84fa94-04c1-424b-9868-57a2d4851a1d" />
    <TestEntry testId="7e9e7b54-d658-a1a5-ce5b-efa2cb03052c" executionId="e47e9b3f-5d59-4316-9472-00f5dbebb099" testListId="8c84fa94-04c1-424b-9868-57a2d4851a1d" />
    <TestEntry testId="809902e6-5c64-c35c-89c5-d13cd243728a" executionId="3b6039ae-6ff7-4741-96ee-527805a92935" testListId="8c84fa94-04c1-424b-9868-57a2d4851a1d" />
    <TestEntry testId="8139f5f3-bee3-cd07-2820-fcf4f70f9ff0" executionId="22fcb838-774d-475f-bd3f-d93d359331b8" testListId="8c84fa94-04c1-424b-9868-57a2d4851a1d" />
    <TestEntry testId="81cb2920-61d9-e3df-f3bf-c3ed245e0ab0" executionId="1952a4d9-b001-4162-ad16-5890dba5b1c3" testListId="8c84fa94-04c1-424b-9868-57a2d4851a1d" />
    <TestEntry testId="826e8ace-63e9-1203-1d2b-d3cb1c0565d3" executionId="b75b1db6-8a21-49d5-a040-85604f341e70" testListId="8c84fa94-04c1-424b-9868-57a2d4851a1d" />
    <TestEntry testId="83224f41-33be-cb5a-8243-f1cbb7067a6d" executionId="ffcb1d52-d54f-44fe-b62a-e704f6e0949b" testListId="8c84fa94-04c1-424b-9868-57a2d4851a1d" />
    <TestEntry testId="847097ef-3573-f329-f9db-f7704607c613" executionId="050bc9f9-f4e6-4071-8100-faddb7c7abe9" testListId="8c84fa94-04c1-424b-9868-57a2d4851a1d" />
    <TestEntry testId="8522a95f-e160-dcf6-186a-2eac6493fad8" executionId="a2a06675-064f-4bf3-9657-8d105d05124f" testListId="8c84fa94-04c1-424b-9868-57a2d4851a1d" />
    <TestEntry testId="8538b685-e301-b4f2-f6ec-7abb74e1fb4b" executionId="e2ccfa9f-ec10-47a3-803c-aa927c70a808" testListId="8c84fa94-04c1-424b-9868-57a2d4851a1d" />
    <TestEntry testId="86374614-7da2-d70a-a3e6-d86ececa0915" executionId="6ae5368c-556f-4fbc-bc35-025f006f5a8a" testListId="8c84fa94-04c1-424b-9868-57a2d4851a1d" />
    <TestEntry testId="86693507-7b03-3b4f-52d7-489bc76e87d4" executionId="13a00396-46e7-48ef-ac3e-62c69c7b1b19" testListId="8c84fa94-04c1-424b-9868-57a2d4851a1d" />
    <TestEntry testId="890ef093-5e72-8ed9-1c1c-1c73a74ec8fc" executionId="a2465a37-7ec5-41f8-b01c-24e8e3338003" testListId="8c84fa94-04c1-424b-9868-57a2d4851a1d" />
    <TestEntry testId="8ca88260-b717-95ca-37eb-ce8b3138fe45" executionId="5185e22f-d36f-463e-bf03-0d74cc634ce7" testListId="8c84fa94-04c1-424b-9868-57a2d4851a1d" />
    <TestEntry testId="8cca1161-4d2c-f0a6-91e9-079cbe2f9201" executionId="46c94220-404c-4f50-b5b8-c160596121db" testListId="8c84fa94-04c1-424b-9868-57a2d4851a1d" />
    <TestEntry testId="8d764dc0-19cc-25ef-1223-85c01764c701" executionId="81d08832-890d-4cd7-b319-7e5c44f8c188" testListId="8c84fa94-04c1-424b-9868-57a2d4851a1d" />
    <TestEntry testId="8f46b492-6eff-ef62-7327-4eb38c11c2ef" executionId="a794a09a-1d06-4cdf-a515-23bef0be8d7e" testListId="8c84fa94-04c1-424b-9868-57a2d4851a1d" />
    <TestEntry testId="907b6781-056b-79a9-347c-c66f8f73c993" executionId="2a396a26-ae1d-410c-9fef-406e73ad9e12" testListId="8c84fa94-04c1-424b-9868-57a2d4851a1d" />
    <TestEntry testId="9091ae17-a6a8-ad22-153b-b3d1f20f3512" executionId="aa84909e-ff6d-4277-ab61-f6b595adccd8" testListId="8c84fa94-04c1-424b-9868-57a2d4851a1d" />
    <TestEntry testId="936691d3-5e64-b7c4-4f5c-b1989c2cb7e6" executionId="873980d3-c5a4-41bf-8f89-831665b2d190" testListId="8c84fa94-04c1-424b-9868-57a2d4851a1d" />
    <TestEntry testId="948eaf49-3d62-1046-def5-d76ed8415a60" executionId="106d7301-25e9-4e9d-a973-e740ec7f2ea0" testListId="8c84fa94-04c1-424b-9868-57a2d4851a1d" />
    <TestEntry testId="95004e80-f255-f931-0117-595d4516dea1" executionId="708b70ac-f602-4b33-9536-6026bc0a0ad8" testListId="8c84fa94-04c1-424b-9868-57a2d4851a1d" />
    <TestEntry testId="95252275-5d7e-5275-9816-a53a17373eae" executionId="ef2b32f0-4956-4bca-ae06-3ec646c86e4f" testListId="8c84fa94-04c1-424b-9868-57a2d4851a1d" />
    <TestEntry testId="95c19639-802d-b1a1-d6b5-8e055a02797d" executionId="eebb7369-fe7c-4d7b-9aa5-334a11f81751" testListId="8c84fa94-04c1-424b-9868-57a2d4851a1d" />
    <TestEntry testId="95fac6cd-cd0a-1020-088f-f907c1eb2032" executionId="fa3cc8f8-30d8-4144-8e7c-371d833a0a5f" testListId="8c84fa94-04c1-424b-9868-57a2d4851a1d" />
    <TestEntry testId="9654d44e-cffe-084f-c793-37a48f54fd16" executionId="257c8b71-8b78-437d-8b35-70ad667d3552" testListId="8c84fa94-04c1-424b-9868-57a2d4851a1d" />
    <TestEntry testId="9829ccd4-7897-563f-fa8f-058ccd4d2394" executionId="bb2ce347-5d53-44d3-a4a6-40f98a8e7e68" testListId="8c84fa94-04c1-424b-9868-57a2d4851a1d" />
    <TestEntry testId="986c501e-f914-4dd0-53c3-b0c1bdfdf5be" executionId="e7ac986c-5d7f-4423-a726-59067eac2132" testListId="8c84fa94-04c1-424b-9868-57a2d4851a1d" />
    <TestEntry testId="99355754-b969-f315-3b5a-88e1622f783a" executionId="e47b1bb0-af7b-4896-90bf-ece2dac8bfb4" testListId="8c84fa94-04c1-424b-9868-57a2d4851a1d" />
    <TestEntry testId="99d5bdbd-2ac1-c2dd-bd8e-ff998f163943" executionId="72b7e85a-2f3d-44ce-80cf-4414bae36f1c" testListId="8c84fa94-04c1-424b-9868-57a2d4851a1d" />
    <TestEntry testId="9a36c4f0-6e47-6967-5e76-948bbb7a2e79" executionId="22583d23-7cc5-40c4-b1cd-3d0027487481" testListId="8c84fa94-04c1-424b-9868-57a2d4851a1d" />
    <TestEntry testId="9a78eead-dd54-3b88-317e-c7ec25cf0f93" executionId="271e4950-b9a1-41a0-add6-71e594945978" testListId="8c84fa94-04c1-424b-9868-57a2d4851a1d" />
    <TestEntry testId="9a7f21c9-61b5-30cc-38aa-34a79b6a0201" executionId="f8e6be39-4c18-4dd5-8c0c-d32f83e149dd" testListId="8c84fa94-04c1-424b-9868-57a2d4851a1d" />
    <TestEntry testId="9c6c437e-182b-5735-6616-67dd466d97ca" executionId="44328164-3ec7-4ed3-b8af-9be65485731d" testListId="8c84fa94-04c1-424b-9868-57a2d4851a1d" />
    <TestEntry testId="9d65c075-cd74-d595-76f3-d465e66be801" executionId="7fb20b1e-06c5-4d07-ae80-9b28d423aa60" testListId="8c84fa94-04c1-424b-9868-57a2d4851a1d" />
    <TestEntry testId="9d81df93-5250-1a02-c112-738e62d8d757" executionId="54943857-6604-4339-8aa9-452fa37e338c" testListId="8c84fa94-04c1-424b-9868-57a2d4851a1d" />
    <TestEntry testId="9dde4be1-7360-a906-9538-025b609b4796" executionId="41e3abd3-3105-4e28-b993-c56975f1e4f6" testListId="8c84fa94-04c1-424b-9868-57a2d4851a1d" />
    <TestEntry testId="9e0a45ef-94e7-5d2e-296e-d43084cdb72d" executionId="63fc4236-fa8f-4589-94ed-c31708f77ca6" testListId="8c84fa94-04c1-424b-9868-57a2d4851a1d" />
    <TestEntry testId="9e682854-c61c-e4ee-d65c-e57b13656d39" executionId="5bf29984-10b7-4d69-a982-a4716586626f" testListId="8c84fa94-04c1-424b-9868-57a2d4851a1d" />
    <TestEntry testId="9f145708-6c3c-b063-e40e-7d892e8c9ec8" executionId="c194441f-c28f-4dbf-99fe-c45350a7e5b7" testListId="8c84fa94-04c1-424b-9868-57a2d4851a1d" />
    <TestEntry testId="9f650caf-3801-3ddc-df66-451ef0461b2d" executionId="a9d997ca-6130-4171-b143-f987d9f8b50e" testListId="8c84fa94-04c1-424b-9868-57a2d4851a1d" />
    <TestEntry testId="a082c5ab-9e9e-f9a3-c9b1-3688e77d4b93" executionId="a16574f8-9a07-41b1-b41f-aa76a13a76a8" testListId="8c84fa94-04c1-424b-9868-57a2d4851a1d" />
    <TestEntry testId="a2865b2e-10f7-d550-33c8-b7ec8623e85f" executionId="3d2be8e8-56af-4792-b51d-60ef7ecb15a7" testListId="8c84fa94-04c1-424b-9868-57a2d4851a1d" />
    <TestEntry testId="a2cd0fe1-b87c-c070-6665-87346857dbcd" executionId="e251c7e0-275c-4a56-b31a-5484ca533f66" testListId="8c84fa94-04c1-424b-9868-57a2d4851a1d" />
    <TestEntry testId="a3c6ca82-cc13-6187-156d-3e74897a9d8f" executionId="14f2c5bc-9fa4-4ae1-beab-6e8d40d84ce7" testListId="8c84fa94-04c1-424b-9868-57a2d4851a1d" />
    <TestEntry testId="a4df90b5-6a65-c11c-9306-ae984a6862f3" executionId="eac91b3e-f484-497e-a292-e0af3363dbc5" testListId="8c84fa94-04c1-424b-9868-57a2d4851a1d" />
    <TestEntry testId="a4e874d3-81be-9f49-2511-92f0df88cee7" executionId="a2a4a11c-7206-4f93-b4ba-894175d81b95" testListId="8c84fa94-04c1-424b-9868-57a2d4851a1d" />
    <TestEntry testId="a5d1a057-084a-abb3-2d76-06c401ccb8d8" executionId="aa98433e-8d85-4e53-afd1-d009161f1299" testListId="8c84fa94-04c1-424b-9868-57a2d4851a1d" />
    <TestEntry testId="a679c5ef-1cea-4e1b-1357-8b9bcd95b672" executionId="8fbe6114-9aed-4860-8b42-b9f5a229bf76" testListId="8c84fa94-04c1-424b-9868-57a2d4851a1d" />
    <TestEntry testId="a6b9a5f6-83d7-1eba-5a05-ac8e16d1f134" executionId="21d7b8a2-4d7c-4006-ab11-ff8d2c723d0e" testListId="8c84fa94-04c1-424b-9868-57a2d4851a1d" />
    <TestEntry testId="a7658188-1d86-06a8-b6f3-6e5c757f83b4" executionId="3d17c49c-245e-4f90-9065-db3a2db3edad" testListId="8c84fa94-04c1-424b-9868-57a2d4851a1d" />
    <TestEntry testId="a7c3501c-4b66-95e5-cfa7-a3027a1486c4" executionId="31e3121e-c22d-4125-968a-14a68c3d1029" testListId="8c84fa94-04c1-424b-9868-57a2d4851a1d" />
    <TestEntry testId="a882d58c-8888-fab1-21e4-618bb71ae1ce" executionId="1d977ea5-4222-4532-a0a0-4d35064118f0" testListId="8c84fa94-04c1-424b-9868-57a2d4851a1d" />
    <TestEntry testId="a92236ed-a367-c7c7-0a25-b11ae709bcb3" executionId="7d39a203-836c-4c36-8716-5582cb40321d" testListId="8c84fa94-04c1-424b-9868-57a2d4851a1d" />
    <TestEntry testId="a95e4141-d767-b753-e492-b99e6f8ee705" executionId="73048952-956b-4e72-a1dc-ae1ae8893e75" testListId="8c84fa94-04c1-424b-9868-57a2d4851a1d" />
    <TestEntry testId="aac835be-7dca-bf39-4e90-f32eb9f2669d" executionId="b6834ecc-d421-4696-b8b2-1502c48543aa" testListId="8c84fa94-04c1-424b-9868-57a2d4851a1d" />
    <TestEntry testId="aaf613d0-debf-b348-f6a8-625b151b543d" executionId="d1aa4139-e0d4-4977-9214-b889ee4b7fa5" testListId="8c84fa94-04c1-424b-9868-57a2d4851a1d" />
    <TestEntry testId="abb8373c-7671-9802-6d68-5c17e7124ebd" executionId="05b3d464-0232-4ca1-8cb8-4f39650a0683" testListId="8c84fa94-04c1-424b-9868-57a2d4851a1d" />
    <TestEntry testId="ac6fd380-aa69-7042-79c1-72e377d208c7" executionId="4a9bda72-6233-48a9-b356-a2c675fb225b" testListId="8c84fa94-04c1-424b-9868-57a2d4851a1d" />
    <TestEntry testId="af74033c-8ac7-9c6c-bed1-b5a7d2c06950" executionId="053a7da5-10b3-4bbb-8666-ca61198c5d82" testListId="8c84fa94-04c1-424b-9868-57a2d4851a1d" />
    <TestEntry testId="b0037f39-501d-0ae0-4207-fd773fffa4a6" executionId="ea9d0f33-82da-4330-9bdf-38ae9a69738d" testListId="8c84fa94-04c1-424b-9868-57a2d4851a1d" />
    <TestEntry testId="b16bd29a-b3d8-bf0d-809b-edcc4ff2fca0" executionId="4c5eab51-d811-43f7-927f-12f2910ca397" testListId="8c84fa94-04c1-424b-9868-57a2d4851a1d" />
    <TestEntry testId="b25aa57b-bb9a-f05f-4179-18f54e514dcd" executionId="850efc6c-1159-4c6b-8cfa-b2f05e588ca8" testListId="8c84fa94-04c1-424b-9868-57a2d4851a1d" />
    <TestEntry testId="b28183ac-a700-53c3-0c4c-4c663c3d39eb" executionId="46e36818-4faf-4c7d-b382-80fdac68c342" testListId="8c84fa94-04c1-424b-9868-57a2d4851a1d" />
    <TestEntry testId="b32170cc-6301-2795-2015-78cba1f92dc0" executionId="afc4f6da-d08a-4eec-b341-6900eebc4123" testListId="8c84fa94-04c1-424b-9868-57a2d4851a1d" />
    <TestEntry testId="b3df8862-1b3b-daec-78d1-26c8d0d4c769" executionId="448a2f72-9fa5-460d-9e58-ebc049eff905" testListId="8c84fa94-04c1-424b-9868-57a2d4851a1d" />
    <TestEntry testId="b3e73d9f-e8d5-d40e-f226-223e65b83b5c" executionId="9bf57c24-86ec-4cdf-9c57-f06a991b2726" testListId="8c84fa94-04c1-424b-9868-57a2d4851a1d" />
    <TestEntry testId="b56cc93a-1a34-87ca-906c-3850d1ae7b74" executionId="011333e9-e8ce-4481-ac7b-fe193d4c3228" testListId="8c84fa94-04c1-424b-9868-57a2d4851a1d" />
    <TestEntry testId="b5bf2f35-dde6-66e3-7545-0164ceb4c3bb" executionId="bbf16337-2081-481d-83ea-3fb8c30257a3" testListId="8c84fa94-04c1-424b-9868-57a2d4851a1d" />
    <TestEntry testId="b60197de-ab24-075d-fbab-bf70fa600887" executionId="c8709343-97a9-46d1-9c12-5e8087225917" testListId="8c84fa94-04c1-424b-9868-57a2d4851a1d" />
    <TestEntry testId="b8158573-3e0f-248e-b423-b1311e92e807" executionId="b5a74d65-6e89-4906-a574-fefba82aeb92" testListId="8c84fa94-04c1-424b-9868-57a2d4851a1d" />
    <TestEntry testId="b9bdcc23-3882-fdc6-ae71-589fdcc2d732" executionId="3e32717a-424e-4658-b707-85e3cf657cae" testListId="8c84fa94-04c1-424b-9868-57a2d4851a1d" />
    <TestEntry testId="b9daaf02-a2df-fc67-bf09-91db90f1040d" executionId="27ff358d-179e-43c0-9cab-093f69412b36" testListId="8c84fa94-04c1-424b-9868-57a2d4851a1d" />
    <TestEntry testId="ba822c9a-2244-54af-db34-ae1b0ff7f2ea" executionId="1f9646d0-d400-4078-ac0f-8755ce928c02" testListId="8c84fa94-04c1-424b-9868-57a2d4851a1d" />
    <TestEntry testId="ba89953e-a09d-28cf-6946-aa203e1b8fb8" executionId="10138def-6697-44c5-8cce-04631e925f4f" testListId="8c84fa94-04c1-424b-9868-57a2d4851a1d" />
    <TestEntry testId="ba999509-487a-7f04-1438-f406952dc58e" executionId="c5ac30a6-5d85-4262-8649-ee5eda43edb9" testListId="8c84fa94-04c1-424b-9868-57a2d4851a1d" />
    <TestEntry testId="bb35c303-68f9-bb58-ec6c-79aa0b063947" executionId="b1425a27-8351-4a85-a902-c7deab103191" testListId="8c84fa94-04c1-424b-9868-57a2d4851a1d" />
    <TestEntry testId="bb62f7f6-95bc-c16c-f91c-8661bb447531" executionId="5327253a-49c8-4d1f-bf74-352165877d55" testListId="8c84fa94-04c1-424b-9868-57a2d4851a1d" />
    <TestEntry testId="bc231f56-0b8a-34bb-d73a-6bc2b970aa27" executionId="d0564012-3e1a-4798-a199-4492487a0dd5" testListId="8c84fa94-04c1-424b-9868-57a2d4851a1d" />
    <TestEntry testId="bc2bbda1-dfbc-fff1-89f7-377eb332a077" executionId="c3e132b5-0933-42b5-b5e2-71e5595cc53c" testListId="8c84fa94-04c1-424b-9868-57a2d4851a1d" />
    <TestEntry testId="bdc5cf0e-b6b0-aab1-b4c9-cfdf4e4262c3" executionId="ce13abd7-a1e3-4ebd-a9e7-592dfd908f99" testListId="8c84fa94-04c1-424b-9868-57a2d4851a1d" />
    <TestEntry testId="bed0bac3-5433-e3b2-3646-ee5b82bf2f3c" executionId="8b706826-1c9d-42c2-95fd-c60f513d4465" testListId="8c84fa94-04c1-424b-9868-57a2d4851a1d" />
    <TestEntry testId="c0f6a7ca-70c4-38dc-b622-ea187fd81d6d" executionId="f8919beb-b2a0-4dbc-bd9f-360b82fbec21" testListId="8c84fa94-04c1-424b-9868-57a2d4851a1d" />
    <TestEntry testId="c154fab6-7379-ae56-989a-e56b1649db90" executionId="2baa45db-e0b2-421c-bc93-ad8c717e76e3" testListId="8c84fa94-04c1-424b-9868-57a2d4851a1d" />
    <TestEntry testId="c19d7fe3-d556-ad76-9806-5e328516f06f" executionId="b740e8e1-3f74-4cdd-bac2-c2344785350e" testListId="8c84fa94-04c1-424b-9868-57a2d4851a1d" />
    <TestEntry testId="c2fceb1f-5078-88e7-1674-00e75ecef9dd" executionId="f8930a7d-6e36-4628-9444-03bd8d273187" testListId="8c84fa94-04c1-424b-9868-57a2d4851a1d" />
    <TestEntry testId="c3a4535b-76d1-c39a-2397-114110fb9661" executionId="c8e57676-0989-4995-9082-4bc10d4048b5" testListId="8c84fa94-04c1-424b-9868-57a2d4851a1d" />
    <TestEntry testId="c55622f2-a19b-2b7c-fbf0-3bcc9fa792bb" executionId="891a3958-fd20-4da5-845c-28b4b15b2b40" testListId="8c84fa94-04c1-424b-9868-57a2d4851a1d" />
    <TestEntry testId="c59ebd84-a390-b0a9-9601-b22bb9ff7f1d" executionId="91aa6027-030e-4b4c-a1b3-cdfbb3697a8f" testListId="8c84fa94-04c1-424b-9868-57a2d4851a1d" />
    <TestEntry testId="c5a39b6e-0b51-8275-3d9b-29919f35b9b0" executionId="f4b29362-dcbb-4341-a648-8942d20a866c" testListId="8c84fa94-04c1-424b-9868-57a2d4851a1d" />
    <TestEntry testId="c7989c99-7490-d68e-f8ba-99491ffceea3" executionId="a1be1d7c-83c6-4db8-91ef-7325c2701734" testListId="8c84fa94-04c1-424b-9868-57a2d4851a1d" />
    <TestEntry testId="c85e6447-a3ca-1d12-8c38-f937a72eca57" executionId="bb6ff0df-3b9f-4017-80ee-229b02714dc9" testListId="8c84fa94-04c1-424b-9868-57a2d4851a1d" />
    <TestEntry testId="c9a124e9-2f09-63d2-22cf-ad1bad23f16c" executionId="2790b396-4edc-4a45-99b5-fc9aebf1d25f" testListId="8c84fa94-04c1-424b-9868-57a2d4851a1d" />
    <TestEntry testId="c9e2118a-af3f-f908-ba61-20f5edd2b827" executionId="4cce08dd-d787-406e-b2f6-9c07a9b7e420" testListId="8c84fa94-04c1-424b-9868-57a2d4851a1d" />
    <TestEntry testId="ca1b8eb5-4ad5-3e56-62f6-d3c54fe84326" executionId="869fae52-4ae2-4f88-b964-fa99230548d1" testListId="8c84fa94-04c1-424b-9868-57a2d4851a1d" />
    <TestEntry testId="cb08040d-63a1-ab84-f3c4-dce8729ce3d1" executionId="cb3e3caa-394a-4f1d-a719-9b59343cfb3e" testListId="8c84fa94-04c1-424b-9868-57a2d4851a1d" />
    <TestEntry testId="cb80e7a8-021c-5d6c-c831-c1f7e461a27c" executionId="e81cd703-6390-496b-b601-7eaf6c4c0e08" testListId="8c84fa94-04c1-424b-9868-57a2d4851a1d" />
    <TestEntry testId="ce354fe1-08e2-7958-e209-2621b563d1da" executionId="32747d81-ffa7-412d-9978-ebd7df11cdea" testListId="8c84fa94-04c1-424b-9868-57a2d4851a1d" />
    <TestEntry testId="cf462ec4-8531-1e43-07c6-e34f96bb70c0" executionId="4277b5f1-c599-4233-999f-fab8b483af08" testListId="8c84fa94-04c1-424b-9868-57a2d4851a1d" />
    <TestEntry testId="cfacc8e4-11ef-5e59-c2dc-f7d2d86d5a2e" executionId="1e8b83b3-4816-4b0b-872e-87291ad69583" testListId="8c84fa94-04c1-424b-9868-57a2d4851a1d" />
    <TestEntry testId="cfb75f84-eedb-9c69-8ad1-7d1a16a63ca8" executionId="ba83738c-7748-46bb-afaa-ba3e1fed67a9" testListId="8c84fa94-04c1-424b-9868-57a2d4851a1d" />
    <TestEntry testId="d079bc7a-5632-90a3-fd08-a3194bc2d4b6" executionId="5a9d91b9-e865-427f-9fd2-3d9bdcdda600" testListId="8c84fa94-04c1-424b-9868-57a2d4851a1d" />
    <TestEntry testId="d10bf695-c889-b70c-ad2f-f77a6c930e0a" executionId="0bab1c4c-a3e1-4da0-b004-7b0fdbedb9d4" testListId="8c84fa94-04c1-424b-9868-57a2d4851a1d" />
    <TestEntry testId="d1295b3d-b18a-9feb-b9f7-b8d24a1390b4" executionId="f1cbc916-43d3-4df9-af90-3bb468ddf52f" testListId="8c84fa94-04c1-424b-9868-57a2d4851a1d" />
    <TestEntry testId="d38373b0-d937-624e-5767-19dca8e2a1ff" executionId="e7716278-ee27-4caa-8b7e-bbfbd228f282" testListId="8c84fa94-04c1-424b-9868-57a2d4851a1d" />
    <TestEntry testId="d39a97f0-a02b-13f3-00ff-3ebdf64857ec" executionId="a3a6176b-7a3f-4d3f-8ead-b5e2a1923bf6" testListId="8c84fa94-04c1-424b-9868-57a2d4851a1d" />
    <TestEntry testId="d51d0821-4280-76e7-8d6d-17b8ea1953f0" executionId="e4e6caf7-5a8d-429c-b664-8dfe5cb73cf0" testListId="8c84fa94-04c1-424b-9868-57a2d4851a1d" />
    <TestEntry testId="d531988b-f1bb-cf47-5dc0-2ed134630321" executionId="a1d0eed8-9d7a-4ab4-9791-f74dec5c7fd6" testListId="8c84fa94-04c1-424b-9868-57a2d4851a1d" />
    <TestEntry testId="d646a28e-30d8-4c55-0af1-38d31ab16a6a" executionId="93365329-bfa8-43ad-9a09-44eeec20c926" testListId="8c84fa94-04c1-424b-9868-57a2d4851a1d" />
    <TestEntry testId="d688d02d-3269-304b-a6e8-10e959d858db" executionId="3158ec05-2073-425c-abbc-b3ca23d67278" testListId="8c84fa94-04c1-424b-9868-57a2d4851a1d" />
    <TestEntry testId="d6a3e7bf-2e31-3f07-2490-3e67884ebb4a" executionId="9a1cf54a-bcc7-425c-9f3a-30a509074e38" testListId="8c84fa94-04c1-424b-9868-57a2d4851a1d" />
    <TestEntry testId="d8a245d8-8db6-bd87-8600-23c0fc08446c" executionId="aaffe349-e8bb-4cb8-8134-ced0e95ff95f" testListId="8c84fa94-04c1-424b-9868-57a2d4851a1d" />
    <TestEntry testId="d9751d6d-b53f-ae7f-743d-a442b6a2d81c" executionId="25dd694c-d57c-49e0-8cec-9ce629a1efc0" testListId="8c84fa94-04c1-424b-9868-57a2d4851a1d" />
    <TestEntry testId="d9cc8fd3-0870-25cd-301c-1c45a9609c32" executionId="68ab1404-cc07-45ae-8c15-f505af5b21eb" testListId="8c84fa94-04c1-424b-9868-57a2d4851a1d" />
    <TestEntry testId="d9d60eb2-6c40-96e0-e46e-37fba7b51acb" executionId="07ada93e-0913-47f4-a3df-ea0d11c7503a" testListId="8c84fa94-04c1-424b-9868-57a2d4851a1d" />
    <TestEntry testId="da679302-1a0c-b7f2-1c7e-e59bb2763f0f" executionId="f5f0d91a-a697-4932-90f8-2a31425c460f" testListId="8c84fa94-04c1-424b-9868-57a2d4851a1d" />
    <TestEntry testId="db113e6e-fe96-562f-4c9e-fac3dbaaeedc" executionId="fa23fdd0-bde9-4def-bc65-7b51e8f611f1" testListId="8c84fa94-04c1-424b-9868-57a2d4851a1d" />
    <TestEntry testId="db2cbd38-a14d-b06e-fd2b-542b84645680" executionId="a7353b12-e091-4f6c-8662-e8b0e7d6f0a3" testListId="8c84fa94-04c1-424b-9868-57a2d4851a1d" />
    <TestEntry testId="dcd64675-21d8-0b9a-9cf5-ac50822ee771" executionId="7fe423eb-c3e3-4ae5-9f05-d4837c611640" testListId="8c84fa94-04c1-424b-9868-57a2d4851a1d" />
    <TestEntry testId="dcf1db6a-6e15-f745-8c61-5c0cbc68681f" executionId="85229373-5f01-408e-a156-7cf19d35db3c" testListId="8c84fa94-04c1-424b-9868-57a2d4851a1d" />
    <TestEntry testId="de169ee4-3985-9538-838d-f920eef5b26b" executionId="5fefd1df-985d-4875-abc6-26bbeaf9de54" testListId="8c84fa94-04c1-424b-9868-57a2d4851a1d" />
    <TestEntry testId="dfea3fa1-b295-8c05-710e-e2cb6ce3f9d6" executionId="9282c094-67cc-4258-b517-18ea8109b622" testListId="8c84fa94-04c1-424b-9868-57a2d4851a1d" />
    <TestEntry testId="e08ed2a3-8471-3997-30af-ab81916e00cb" executionId="cab24a5a-efb7-4308-b57d-dbd211ff29ea" testListId="8c84fa94-04c1-424b-9868-57a2d4851a1d" />
    <TestEntry testId="e1d44afa-1394-6d68-cf3a-361e5ec94e83" executionId="d8d291ea-cd08-4c7f-ab77-d42b76120541" testListId="8c84fa94-04c1-424b-9868-57a2d4851a1d" />
    <TestEntry testId="e26f0cbc-ec75-e273-f755-4a50e6a1f30a" executionId="f29f6001-cabc-40cc-9718-a55139af75d2" testListId="8c84fa94-04c1-424b-9868-57a2d4851a1d" />
    <TestEntry testId="e2e442ef-e02c-6299-5fbd-dd49fb1d3672" executionId="9844a65d-398c-4041-af4c-a4a18d2bfc07" testListId="8c84fa94-04c1-424b-9868-57a2d4851a1d" />
    <TestEntry testId="e4615602-9641-d148-59c9-84c9addeee4f" executionId="a7bc6560-323f-450d-adcb-79442852e2b2" testListId="8c84fa94-04c1-424b-9868-57a2d4851a1d" />
    <TestEntry testId="e47b507d-8276-c45e-8213-bc71e7175571" executionId="fb7514b6-f640-44fb-86ed-bed287ba74c1" testListId="8c84fa94-04c1-424b-9868-57a2d4851a1d" />
    <TestEntry testId="e6a8c00a-faa8-0745-e831-40d2f4668ade" executionId="2205e403-541a-4e6a-8e5e-2f9a3047e0d6" testListId="8c84fa94-04c1-424b-9868-57a2d4851a1d" />
    <TestEntry testId="e714817d-ce86-8716-57bb-b981b1597240" executionId="c1dd251a-dc70-440b-856d-ddab39445881" testListId="8c84fa94-04c1-424b-9868-57a2d4851a1d" />
    <TestEntry testId="e731ae20-c844-7455-5d52-ca6eb82eb8c1" executionId="cd594f31-e312-48dd-972d-dc0d1c372741" testListId="8c84fa94-04c1-424b-9868-57a2d4851a1d" />
    <TestEntry testId="e9706036-01bc-4fd1-60c9-f67ac8f10adb" executionId="0db32978-7d9b-4ca8-8612-e2931c1a22f3" testListId="8c84fa94-04c1-424b-9868-57a2d4851a1d" />
    <TestEntry testId="e9fab572-8fef-43db-2f81-87bc2fbad50f" executionId="3df35dca-fad0-4bbd-9f95-6bb4d1447923" testListId="8c84fa94-04c1-424b-9868-57a2d4851a1d" />
    <TestEntry testId="ea325b6e-c3ab-3827-d099-c8e61f5a4b92" executionId="afe19e08-bc25-4cf1-8f35-35635616fd11" testListId="8c84fa94-04c1-424b-9868-57a2d4851a1d" />
    <TestEntry testId="eaf1ea02-9828-2113-565b-2356e5e99e6b" executionId="d7ae491e-bba2-466a-a706-77bbcc48526e" testListId="8c84fa94-04c1-424b-9868-57a2d4851a1d" />
    <TestEntry testId="eb7106dc-eb88-ec99-7bfd-0b16f51297ea" executionId="2dcb3597-a565-4392-849e-07bc5f991f85" testListId="8c84fa94-04c1-424b-9868-57a2d4851a1d" />
    <TestEntry testId="ec86a5c7-025b-b62c-fbf3-4b0194192c0a" executionId="7217d3ad-18d9-4660-8daf-6d031f1a1f0b" testListId="8c84fa94-04c1-424b-9868-57a2d4851a1d" />
    <TestEntry testId="ed27cc8b-f076-d5ca-e1a7-e11e80ed7216" executionId="bd19a171-f0ae-477e-a185-419969efb210" testListId="8c84fa94-04c1-424b-9868-57a2d4851a1d" />
    <TestEntry testId="ef0ae882-4dcb-0302-71db-13ab90020039" executionId="ffe7f177-cba9-4f6f-a3c8-2eea125dc8ad" testListId="8c84fa94-04c1-424b-9868-57a2d4851a1d" />
    <TestEntry testId="ef68a9ee-23ea-2d7b-e344-622c97db6fd2" executionId="1384fa0a-2b61-4ebb-adee-10e8baaf6c17" testListId="8c84fa94-04c1-424b-9868-57a2d4851a1d" />
    <TestEntry testId="efd3fdf9-6214-c49f-4a2b-bfb2fe87d588" executionId="34706bd4-4697-4c73-8b3f-27cdb1cd856f" testListId="8c84fa94-04c1-424b-9868-57a2d4851a1d" />
    <TestEntry testId="f0a78964-7df7-6d28-3ebe-f82c2151fafb" executionId="35b86e20-0675-4e3a-8714-460ca175fd5b" testListId="8c84fa94-04c1-424b-9868-57a2d4851a1d" />
    <TestEntry testId="f171bbe9-81e2-ed24-643d-8a7305f52326" executionId="d0930f86-112a-4d7d-a565-6bbb935e55e8" testListId="8c84fa94-04c1-424b-9868-57a2d4851a1d" />
    <TestEntry testId="f3417486-69dc-de2a-dd50-52fd43d006f5" executionId="692fbaf3-dedb-4616-9cfb-7691b66005ca" testListId="8c84fa94-04c1-424b-9868-57a2d4851a1d" />
    <TestEntry testId="f395261d-5bed-0fbe-8f0d-91e27b638206" executionId="242b9571-e720-4fe3-ac2f-a4c8c069c44c" testListId="8c84fa94-04c1-424b-9868-57a2d4851a1d" />
    <TestEntry testId="f3fa3c96-f413-1277-0bee-c65969207b6c" executionId="3ab812d4-232c-47f0-909e-3b235e451ee9" testListId="8c84fa94-04c1-424b-9868-57a2d4851a1d" />
    <TestEntry testId="f503de55-2c95-f110-a46c-919d6f50e064" executionId="531d0f25-8651-474f-bc5e-bce558f55f15" testListId="8c84fa94-04c1-424b-9868-57a2d4851a1d" />
    <TestEntry testId="f5ca8613-0214-ec34-e723-d1095b6a17b4" executionId="79d1e31e-6e14-4f6a-b05f-c758522b9c45" testListId="8c84fa94-04c1-424b-9868-57a2d4851a1d" />
    <TestEntry testId="f6ae9d1e-5852-50cb-8378-e1ac4634a91b" executionId="c8b4d3a4-f04b-4e3f-8fee-e36430a6f7a9" testListId="8c84fa94-04c1-424b-9868-57a2d4851a1d" />
    <TestEntry testId="f6ef8399-e04f-58b6-2ee9-2d40209a41f1" executionId="72cf208c-3ceb-478a-8226-6a7bcddf7d57" testListId="8c84fa94-04c1-424b-9868-57a2d4851a1d" />
    <TestEntry testId="f9af0abf-643a-0ae4-577c-59c40c69391a" executionId="9cb9c5ca-ebaf-4454-9019-1437aa03ab4d" testListId="8c84fa94-04c1-424b-9868-57a2d4851a1d" />
    <TestEntry testId="f9b81dce-55e1-263a-0b23-09249cae8cd4" executionId="a32fd62f-8200-4ae8-bf6f-38597427d8a3" testListId="8c84fa94-04c1-424b-9868-57a2d4851a1d" />
    <TestEntry testId="f9c3b8d4-44eb-d441-d7b4-5980f2089bf1" executionId="f5fe354f-980e-4350-9cfe-3eecc1cfbb3e" testListId="8c84fa94-04c1-424b-9868-57a2d4851a1d" />
    <TestEntry testId="facd1619-809e-3892-1c5d-a369458909c6" executionId="32bcd181-912d-4dd6-ab18-053595e666a0" testListId="8c84fa94-04c1-424b-9868-57a2d4851a1d" />
    <TestEntry testId="fb8ca09b-7f12-89fe-19bf-bcebd7198872" executionId="828bb0f0-656c-4e31-adb6-c654d87a1372" testListId="8c84fa94-04c1-424b-9868-57a2d4851a1d" />
    <TestEntry testId="fda20422-40a9-5283-8a02-f548ab2ba5fd" executionId="d4019358-00da-4894-912f-f4134b64c57d" testListId="8c84fa94-04c1-424b-9868-57a2d4851a1d" />
  </TestEntries>
  <Results>
    <UnitTestResult executionId="02aa405e-23da-4f3c-9b8d-a341ac7f7a83" testId="00803d11-60d8-3003-79e6-d2290acd2110" testName="should_not_set_sight_radius_lower_than_the_minimum_sight_radius_for_user" computerName="JUSTIN-LAPTOP" duration="00:00:00.8353356" startTime="2010-12-03T17:28:18.4209257-06:00" endTime="2010-12-03T17:28:19.7770033-06:00" testType="13cdc9d9-ddb5-4fa4-a97d-d965ccfc6d4b" outcome="Passed" testListId="8c84fa94-04c1-424b-9868-57a2d4851a1d" relativeResultsDirectory="02aa405e-23da-4f3c-9b8d-a341ac7f7a83">
    </UnitTestResult>
    <UnitTestResult executionId="754d4c3a-17ca-47f1-87ee-b21a244b1f95" testId="00f036f8-7ea4-f115-2065-21a527c875c4" testName="should_update_user_location_if_user_exists" computerName="JUSTIN-LAPTOP" duration="00:00:03.9484820" startTime="2010-12-03T17:28:19.7790034-06:00" endTime="2010-12-03T17:28:23.7492305-06:00" testType="13cdc9d9-ddb5-4fa4-a97d-d965ccfc6d4b" outcome="Passed" testListId="8c84fa94-04c1-424b-9868-57a2d4851a1d" relativeResultsDirectory="754d4c3a-17ca-47f1-87ee-b21a244b1f95">
    </UnitTestResult>
    <UnitTestResult executionId="4ab98356-ad1d-4bd4-8bea-95082e75c87c" testId="01475b3a-fc7d-1f41-65ba-f4ddf4a86946" testName="should_return_hotzones_destroyed" computerName="JUSTIN-LAPTOP" duration="00:00:00.6545735" startTime="2010-12-03T17:28:23.7522306-06:00" endTime="2010-12-03T17:28:24.4182687-06:00" testType="13cdc9d9-ddb5-4fa4-a97d-d965ccfc6d4b" outcome="Passed" testListId="8c84fa94-04c1-424b-9868-57a2d4851a1d" relativeResultsDirectory="4ab98356-ad1d-4bd4-8bea-95082e75c87c">
    </UnitTestResult>
    <UnitTestResult executionId="78eb4666-8e1a-4cbc-807c-f33ae2f9db40" testId="01612aab-c0ea-12bb-1a12-76fce19990e3" testName="should_check_users_level_after_hunt" computerName="JUSTIN-LAPTOP" duration="00:00:00.1422403" startTime="2010-12-03T17:28:24.4212689-06:00" endTime="2010-12-03T17:28:24.5712775-06:00" testType="13cdc9d9-ddb5-4fa4-a97d-d965ccfc6d4b" outcome="Passed" testListId="8c84fa94-04c1-424b-9868-57a2d4851a1d" relativeResultsDirectory="78eb4666-8e1a-4cbc-807c-f33ae2f9db40">
    </UnitTestResult>
    <UnitTestResult executionId="1bf2871a-40a7-44da-8154-4e2d5a9d3060" testId="027692e3-3856-06fd-bce6-644a6cf7eb82" testName="should_return_null_for_last_saved_sight_radius_if_user_exists_but_sight_radius_is_null" computerName="JUSTIN-LAPTOP" duration="00:00:00.1109635" startTime="2010-12-03T17:28:24.5732776-06:00" endTime="2010-12-03T17:28:24.6892842-06:00" testType="13cdc9d9-ddb5-4fa4-a97d-d965ccfc6d4b" outcome="Passed" testListId="8c84fa94-04c1-424b-9868-57a2d4851a1d" relativeResultsDirectory="1bf2871a-40a7-44da-8154-4e2d5a9d3060">
    </UnitTestResult>
    <UnitTestResult executionId="62dcd7d9-5c5f-43e9-8a7c-d576519cf280" testId="03a8dd14-ba0a-c947-44ec-1c0c4c677ff9" testName="should_return_all_zombie_packs_assocaited_with_hotzone" computerName="JUSTIN-LAPTOP" duration="00:00:01.7470295" startTime="2010-12-03T17:28:24.6922844-06:00" endTime="2010-12-03T17:28:26.4503850-06:00" testType="13cdc9d9-ddb5-4fa4-a97d-d965ccfc6d4b" outcome="Passed" testListId="8c84fa94-04c1-424b-9868-57a2d4851a1d" relativeResultsDirectory="62dcd7d9-5c5f-43e9-8a7c-d576519cf280">
    </UnitTestResult>
    <UnitTestResult executionId="d8e4cbee-bea3-45db-bc42-5a6b7f0321a1" testId="03d17922-b162-d76b-31f6-f34eb647e676" testName="should_return_user_if_user_exists" computerName="JUSTIN-LAPTOP" duration="00:00:00.2002749" startTime="2010-12-03T17:28:26.4533851-06:00" endTime="2010-12-03T17:28:26.6623971-06:00" testType="13cdc9d9-ddb5-4fa4-a97d-d965ccfc6d4b" outcome="Passed" testListId="8c84fa94-04c1-424b-9868-57a2d4851a1d" relativeResultsDirectory="d8e4cbee-bea3-45db-bc42-5a6b7f0321a1">
    </UnitTestResult>
    <UnitTestResult executionId="2c284789-4671-4d84-8ac1-aa1dd994e5c5" testId="05ef1086-81f0-526c-3f9d-15b7821d9bae" testName="should_return_base_sight_radius_for_user" computerName="JUSTIN-LAPTOP" duration="00:00:00.0649087" startTime="2010-12-03T17:28:26.6653973-06:00" endTime="2010-12-03T17:28:26.7374014-06:00" testType="13cdc9d9-ddb5-4fa4-a97d-d965ccfc6d4b" outcome="Passed" testListId="8c84fa94-04c1-424b-9868-57a2d4851a1d" relativeResultsDirectory="2c284789-4671-4d84-8ac1-aa1dd994e5c5">
    </UnitTestResult>
    <UnitTestResult executionId="b9d99def-6599-4dbd-ae8c-7f838bd5e6b9" testId="08042b30-bcf9-bd89-006e-14ec4c40ac45" testName="should_disregard_if_item_does_not_exist" computerName="JUSTIN-LAPTOP" duration="00:00:00.0339354" startTime="2010-12-03T17:28:26.7404016-06:00" endTime="2010-12-03T17:28:26.7834040-06:00" testType="13cdc9d9-ddb5-4fa4-a97d-d965ccfc6d4b" outcome="Passed" testListId="8c84fa94-04c1-424b-9868-57a2d4851a1d" relativeResultsDirectory="b9d99def-6599-4dbd-ae8c-7f838bd5e6b9">
    </UnitTestResult>
    <UnitTestResult executionId="9b02528a-1b58-40ff-a61d-a8fa0ccbb609" testId="08b982f7-3805-00b2-b01e-402a8abcd2ab" testName="should_return_a_hunt_count_of_16_to_20_if_resolved_as_an_medium_hotzone" computerName="JUSTIN-LAPTOP" duration="00:00:00.0837482" startTime="2010-12-03T17:28:26.7854041-06:00" endTime="2010-12-03T17:28:26.8784095-06:00" testType="13cdc9d9-ddb5-4fa4-a97d-d965ccfc6d4b" outcome="Passed" testListId="8c84fa94-04c1-424b-9868-57a2d4851a1d" relativeResultsDirectory="9b02528a-1b58-40ff-a61d-a8fa0ccbb609">
    </UnitTestResult>
    <UnitTestResult executionId="faa40eea-a035-4b69-94f4-78c5ef191f20" testId="0c8abc46-7ae3-a530-a75d-2f31cb9a36fc" testName="should_return_energy_based_on_items_in_safehouse_with_user_not_having_any_money" computerName="JUSTIN-LAPTOP" duration="00:00:00.1423529" startTime="2010-12-03T17:28:26.8814096-06:00" endTime="2010-12-03T17:28:27.0324183-06:00" testType="13cdc9d9-ddb5-4fa4-a97d-d965ccfc6d4b" outcome="Passed" testListId="8c84fa94-04c1-424b-9868-57a2d4851a1d" relativeResultsDirectory="faa40eea-a035-4b69-94f4-78c5ef191f20">
    </UnitTestResult>
    <UnitTestResult executionId="afaa5410-732a-4aee-a21c-3cfad144475a" testId="0da63870-00bb-b6e5-56ff-c32676768cb3" testName="should_retrieve_item_by_item_id" computerName="JUSTIN-LAPTOP" duration="00:00:00.7451521" startTime="2010-12-03T17:28:27.0364185-06:00" endTime="2010-12-03T17:28:27.7894616-06:00" testType="13cdc9d9-ddb5-4fa4-a97d-d965ccfc6d4b" outcome="Passed" testListId="8c84fa94-04c1-424b-9868-57a2d4851a1d" relativeResultsDirectory="afaa5410-732a-4aee-a21c-3cfad144475a">
    </UnitTestResult>
    <UnitTestResult executionId="39be19c9-79ca-4f54-83a3-bcd1d098c7ee" testId="0e9255e8-5116-355b-a604-cafe47e04c3c" testName="should_return_achievement_for_killing_100000_zombies" computerName="JUSTIN-LAPTOP" duration="00:00:00.0109862" startTime="2010-12-03T17:28:27.7944619-06:00" endTime="2010-12-03T17:28:27.8224635-06:00" testType="13cdc9d9-ddb5-4fa4-a97d-d965ccfc6d4b" outcome="Passed" testListId="8c84fa94-04c1-424b-9868-57a2d4851a1d" relativeResultsDirectory="39be19c9-79ca-4f54-83a3-bcd1d098c7ee">
    </UnitTestResult>
    <UnitTestResult executionId="c97c6c95-f728-48f5-a273-5cd91aed9379" testId="0ee84f2b-31e9-0047-e6f0-0ec71b544574" testName="should_return_current_level_for_user" computerName="JUSTIN-LAPTOP" duration="00:00:00.0051353" startTime="2010-12-03T17:28:27.8244636-06:00" endTime="2010-12-03T17:28:27.8354642-06:00" testType="13cdc9d9-ddb5-4fa4-a97d-d965ccfc6d4b" outcome="Passed" testListId="8c84fa94-04c1-424b-9868-57a2d4851a1d" relativeResultsDirectory="c97c6c95-f728-48f5-a273-5cd91aed9379">
    </UnitTestResult>
    <UnitTestResult executionId="cc674761-03f9-4fa8-b941-254c5586ff94" testId="10dff579-2252-675a-f00d-0bb39990c8c6" testName="should_hunt_if_users_has_enough_energy" computerName="JUSTIN-LAPTOP" duration="00:00:00.0158614" startTime="2010-12-03T17:28:27.8374643-06:00" endTime="2010-12-03T17:28:27.8584655-06:00" testType="13cdc9d9-ddb5-4fa4-a97d-d965ccfc6d4b" outcome="Passed" testListId="8c84fa94-04c1-424b-9868-57a2d4851a1d" relativeResultsDirectory="cc674761-03f9-4fa8-b941-254c5586ff94">
    </UnitTestResult>
    <UnitTestResult executionId="be9dbc64-5fee-4800-9ea3-05603f19083f" testId="1176458c-eb17-c2d6-8c27-e75b41695c1a" testName="should_return_base_energy_if_user_does_not_have_any_money_and_no_items_in_safehouse" computerName="JUSTIN-LAPTOP" duration="00:00:00.0068084" startTime="2010-12-03T17:28:27.8604656-06:00" endTime="2010-12-03T17:28:27.8724663-06:00" testType="13cdc9d9-ddb5-4fa4-a97d-d965ccfc6d4b" outcome="Passed" testListId="8c84fa94-04c1-424b-9868-57a2d4851a1d" relativeResultsDirectory="be9dbc64-5fee-4800-9ea3-05603f19083f">
    </UnitTestResult>
    <UnitTestResult executionId="2c2c70d7-15a2-450b-a492-7b8e7343b297" testId="11b9b59c-993f-c435-5dd4-71b20fb4e5e5" testName="should_return_false_if_safe_house_does_not_exist" computerName="JUSTIN-LAPTOP" duration="00:00:00.4058218" startTime="2010-12-03T17:28:27.8754665-06:00" endTime="2010-12-03T17:28:28.2874901-06:00" testType="13cdc9d9-ddb5-4fa4-a97d-d965ccfc6d4b" outcome="Passed" testListId="8c84fa94-04c1-424b-9868-57a2d4851a1d" relativeResultsDirectory="2c2c70d7-15a2-450b-a492-7b8e7343b297">
    </UnitTestResult>
    <UnitTestResult executionId="2abeac82-baf5-4daa-a742-367131187a65" testId="11ca7b9d-e2f9-e5ce-6eed-7e1247933dec" testName="should_return_achievement_for_traveling_10_miles" computerName="JUSTIN-LAPTOP" duration="00:00:00.0032729" startTime="2010-12-03T17:28:28.2904902-06:00" endTime="2010-12-03T17:28:28.3024909-06:00" testType="13cdc9d9-ddb5-4fa4-a97d-d965ccfc6d4b" outcome="Passed" testListId="8c84fa94-04c1-424b-9868-57a2d4851a1d" relativeResultsDirectory="2abeac82-baf5-4daa-a742-367131187a65">
    </UnitTestResult>
    <UnitTestResult executionId="9e619cda-0779-415a-8bfc-d954b27d177a" testId="1339f28e-8dc2-ea63-491b-e46002a2f545" testName="should_move_user_and_update_users_location_if_user_has_enough_energy_to_move_to_location" computerName="JUSTIN-LAPTOP" duration="00:00:00.0230123" startTime="2010-12-03T17:28:28.3054911-06:00" endTime="2010-12-03T17:28:28.3354928-06:00" testType="13cdc9d9-ddb5-4fa4-a97d-d965ccfc6d4b" outcome="Passed" testListId="8c84fa94-04c1-424b-9868-57a2d4851a1d" relativeResultsDirectory="9e619cda-0779-415a-8bfc-d954b27d177a">
    </UnitTestResult>
    <UnitTestResult executionId="eecab0e4-a6f4-41c6-a586-def5ae28a21c" testId="13954612-b76a-9796-df53-2efe3530832a" testName="should_return_achievement_for_collecting_100000_dollars" computerName="JUSTIN-LAPTOP" duration="00:00:00.0021857" startTime="2010-12-03T17:28:28.3374929-06:00" endTime="2010-12-03T17:28:28.3454934-06:00" testType="13cdc9d9-ddb5-4fa4-a97d-d965ccfc6d4b" outcome="Passed" testListId="8c84fa94-04c1-424b-9868-57a2d4851a1d" relativeResultsDirectory="eecab0e4-a6f4-41c6-a586-def5ae28a21c">
    </UnitTestResult>
    <UnitTestResult executionId="0a85cbce-9982-45e1-87c3-ba632ce01896" testId="1426a62d-a078-b4b5-817b-9f560bfc1dfe" testName="should_return_0_if_time_passed_into_calculate_sight_radius_is_less_than_the_last_saved_sight_radius_record" computerName="JUSTIN-LAPTOP" duration="00:00:00.0121666" startTime="2010-12-03T17:28:28.3474935-06:00" endTime="2010-12-03T17:28:28.3654945-06:00" testType="13cdc9d9-ddb5-4fa4-a97d-d965ccfc6d4b" outcome="Passed" testListId="8c84fa94-04c1-424b-9868-57a2d4851a1d" relativeResultsDirectory="0a85cbce-9982-45e1-87c3-ba632ce01896">
    </UnitTestResult>
    <UnitTestResult executionId="9978e681-17e8-4e26-8955-3e0788c05683" testId="147b1cfd-fcbf-4ec1-a009-05f059879e52" testName="should_record_money_earned_after_a_succesful_hunt" computerName="JUSTIN-LAPTOP" duration="00:00:00.0183308" startTime="2010-12-03T17:28:28.3674946-06:00" endTime="2010-12-03T17:28:28.3924961-06:00" testType="13cdc9d9-ddb5-4fa4-a97d-d965ccfc6d4b" outcome="Passed" testListId="8c84fa94-04c1-424b-9868-57a2d4851a1d" relativeResultsDirectory="9978e681-17e8-4e26-8955-3e0788c05683">
    </UnitTestResult>
    <UnitTestResult executionId="82253d70-dfc9-458f-8a3e-4f6400274c69" testId="15d93832-4f17-b3dc-992d-8c3088d960e1" testName="should_return_lastvisite_hotzone_id_for_user_that_has_visited_a_hotzone" computerName="JUSTIN-LAPTOP" duration="00:00:00.0419198" startTime="2010-12-03T17:28:28.3944962-06:00" endTime="2010-12-03T17:28:28.4414989-06:00" testType="13cdc9d9-ddb5-4fa4-a97d-d965ccfc6d4b" outcome="Passed" testListId="8c84fa94-04c1-424b-9868-57a2d4851a1d" relativeResultsDirectory="82253d70-dfc9-458f-8a3e-4f6400274c69">
    </UnitTestResult>
    <UnitTestResult executionId="27774bbf-3a95-4a05-a7a6-301deca16fe5" testId="162e548e-a661-0b73-7a6e-7c4d1ab7a750" testName="should_throw_error_if_trying_to_update_base_line_energy_and_user_does_not_exist" computerName="JUSTIN-LAPTOP" duration="00:00:00.0965754" startTime="2010-12-03T17:28:28.4434990-06:00" endTime="2010-12-03T17:28:28.5455048-06:00" testType="13cdc9d9-ddb5-4fa4-a97d-d965ccfc6d4b" outcome="Passed" testListId="8c84fa94-04c1-424b-9868-57a2d4851a1d" relativeResultsDirectory="27774bbf-3a95-4a05-a7a6-301deca16fe5">
    </UnitTestResult>
    <UnitTestResult executionId="c2b52a2b-894a-4103-9ce1-ff7b3fd57746" testId="166bc0da-4e9a-a151-a5ee-18d3adcd0291" testName="should_return_achievement_for_collecting_10000_dollars" computerName="JUSTIN-LAPTOP" duration="00:00:00.0031967" startTime="2010-12-03T17:28:28.5485050-06:00" endTime="2010-12-03T17:28:28.5585056-06:00" testType="13cdc9d9-ddb5-4fa4-a97d-d965ccfc6d4b" outcome="Passed" testListId="8c84fa94-04c1-424b-9868-57a2d4851a1d" relativeResultsDirectory="c2b52a2b-894a-4103-9ce1-ff7b3fd57746">
    </UnitTestResult>
    <UnitTestResult executionId="61ac9123-82bc-49e2-9d89-f94742e7add9" testId="17c9071b-a2b6-56fe-9dc6-b3135a8d71e5" testName="should_insert_zombie_pack_progress_that_does_exist" computerName="JUSTIN-LAPTOP" duration="00:00:00.3585830" startTime="2010-12-03T17:28:28.5615057-06:00" endTime="2010-12-03T17:28:28.9265266-06:00" testType="13cdc9d9-ddb5-4fa4-a97d-d965ccfc6d4b" outcome="Passed" testListId="8c84fa94-04c1-424b-9868-57a2d4851a1d" relativeResultsDirectory="61ac9123-82bc-49e2-9d89-f94742e7add9">
    </UnitTestResult>
    <UnitTestResult executionId="8668717d-18e9-4cca-bbab-607aa61c7948" testId="17d3f4ec-e921-82a2-da9d-9f4177b91ac9" testName="should_return_base_eneryg_plus_any_equiped_items_that_affect_energy" computerName="JUSTIN-LAPTOP" duration="00:00:00.0349460" startTime="2010-12-03T17:28:28.9315269-06:00" endTime="2010-12-03T17:28:28.9735293-06:00" testType="13cdc9d9-ddb5-4fa4-a97d-d965ccfc6d4b" outcome="Passed" testListId="8c84fa94-04c1-424b-9868-57a2d4851a1d" relativeResultsDirectory="8668717d-18e9-4cca-bbab-607aa61c7948">
    </UnitTestResult>
    <UnitTestResult executionId="f30c2ae5-6a70-49f4-99ff-b73d75abd4e1" testId="19198647-e17a-fca8-64d0-a720ab9e3894" testName="should_return_the_summation_of_the_attack_powers_of_items_on_person" computerName="JUSTIN-LAPTOP" duration="00:00:00.0122882" startTime="2010-12-03T17:28:28.9785296-06:00" endTime="2010-12-03T17:28:28.9975307-06:00" testType="13cdc9d9-ddb5-4fa4-a97d-d965ccfc6d4b" outcome="Passed" testListId="8c84fa94-04c1-424b-9868-57a2d4851a1d" relativeResultsDirectory="f30c2ae5-6a70-49f4-99ff-b73d75abd4e1">
    </UnitTestResult>
    <UnitTestResult executionId="19222d5b-a022-49bf-b673-77cb6980beca" testId="1ade4597-88a4-ccb5-c182-1ea16f848376" testName="should_return_achievement_for_destroying_100_hotzones" computerName="JUSTIN-LAPTOP" duration="00:00:00.0027344" startTime="2010-12-03T17:28:28.9995308-06:00" endTime="2010-12-03T17:28:29.0105314-06:00" testType="13cdc9d9-ddb5-4fa4-a97d-d965ccfc6d4b" outcome="Passed" testListId="8c84fa94-04c1-424b-9868-57a2d4851a1d" relativeResultsDirectory="19222d5b-a022-49bf-b673-77cb6980beca">
    </UnitTestResult>
    <UnitTestResult executionId="be61b54a-6ea9-4ed1-a17c-19f1003a4ba2" testId="1b56219d-f99d-2b01-66f0-01c3b94f4ee2" testName="should_return_achievement_for_killing_1_zombie" computerName="JUSTIN-LAPTOP" duration="00:00:00.0019507" startTime="2010-12-03T17:28:29.0115315-06:00" endTime="2010-12-03T17:28:29.0215320-06:00" testType="13cdc9d9-ddb5-4fa4-a97d-d965ccfc6d4b" outcome="Passed" testListId="8c84fa94-04c1-424b-9868-57a2d4851a1d" relativeResultsDirectory="be61b54a-6ea9-4ed1-a17c-19f1003a4ba2">
    </UnitTestResult>
    <UnitTestResult executionId="0945d2e9-70c6-4bde-ba18-5d72e5e4ede6" testId="1cb99b44-08d0-1c2c-78e8-64869fef3154" testName="should_retrieve_all_stores" computerName="JUSTIN-LAPTOP" duration="00:00:00.4107874" startTime="2010-12-03T17:28:29.0235322-06:00" endTime="2010-12-03T17:28:29.4405560-06:00" testType="13cdc9d9-ddb5-4fa4-a97d-d965ccfc6d4b" outcome="Passed" testListId="8c84fa94-04c1-424b-9868-57a2d4851a1d" relativeResultsDirectory="0945d2e9-70c6-4bde-ba18-5d72e5e4ede6">
    </UnitTestResult>
    <UnitTestResult executionId="2552701b-f2be-4cf9-a754-929114cfe240" testId="1f745c7b-d05c-6f7b-abbb-12ef8bc4e839" testName="should_determine_base_line_for_user_that_changes_hotzones_after_each_third_hotzone" computerName="JUSTIN-LAPTOP" duration="00:00:00.0312946" startTime="2010-12-03T17:28:29.4455563-06:00" endTime="2010-12-03T17:28:29.4885587-06:00" testType="13cdc9d9-ddb5-4fa4-a97d-d965ccfc6d4b" outcome="Passed" testListId="8c84fa94-04c1-424b-9868-57a2d4851a1d" relativeResultsDirectory="2552701b-f2be-4cf9-a754-929114cfe240">
    </UnitTestResult>
    <UnitTestResult executionId="f88b3778-682e-4843-9708-c0bf17d82868" testId="1f98f9e8-cb47-74ae-9470-dfe55c54483a" testName="should_update_baseline_attack_power_for_user" computerName="JUSTIN-LAPTOP" duration="00:00:00.1210465" startTime="2010-12-03T17:28:29.4895588-06:00" endTime="2010-12-03T17:28:29.6185662-06:00" testType="13cdc9d9-ddb5-4fa4-a97d-d965ccfc6d4b" outcome="Passed" testListId="8c84fa94-04c1-424b-9868-57a2d4851a1d" relativeResultsDirectory="f88b3778-682e-4843-9708-c0bf17d82868">
    </UnitTestResult>
    <UnitTestResult executionId="507eeae5-fc0c-4ba6-a5ec-f8677dcea910" testId="20c7eedc-a25f-bd99-048a-d0191e8444d6" testName="should_throw_error_if_facebook_user_id_is_0_user_exists_is_attempted" computerName="JUSTIN-LAPTOP" duration="00:00:00.0805299" startTime="2010-12-03T17:28:29.6215664-06:00" endTime="2010-12-03T17:28:29.7115715-06:00" testType="13cdc9d9-ddb5-4fa4-a97d-d965ccfc6d4b" outcome="Passed" testListId="8c84fa94-04c1-424b-9868-57a2d4851a1d" relativeResultsDirectory="507eeae5-fc0c-4ba6-a5ec-f8677dcea910">
    </UnitTestResult>
    <UnitTestResult executionId="d0a4446c-df87-402a-8fb3-b4f2c79606a0" testId="21426709-ea7c-0595-beae-1978da06ff6a" testName="should_record_zombies_killed_after_hunt" computerName="JUSTIN-LAPTOP" duration="00:00:00.0268607" startTime="2010-12-03T17:28:29.7145717-06:00" endTime="2010-12-03T17:28:29.7505737-06:00" testType="13cdc9d9-ddb5-4fa4-a97d-d965ccfc6d4b" outcome="Passed" testListId="8c84fa94-04c1-424b-9868-57a2d4851a1d" relativeResultsDirectory="d0a4446c-df87-402a-8fb3-b4f2c79606a0">
    </UnitTestResult>
    <UnitTestResult executionId="dc572904-a091-4fff-bca0-577bd701501d" testId="214d4e68-bd5b-8ca7-2eae-cad7ae4b5618" testName="should_return_energy_along_with_any_energy_increase_from_many_items_in_safehouse" computerName="JUSTIN-LAPTOP" duration="00:00:00.0121492" startTime="2010-12-03T17:28:29.7535739-06:00" endTime="2010-12-03T17:28:29.7735751-06:00" testType="13cdc9d9-ddb5-4fa4-a97d-d965ccfc6d4b" outcome="Passed" testListId="8c84fa94-04c1-424b-9868-57a2d4851a1d" relativeResultsDirectory="dc572904-a091-4fff-bca0-577bd701501d">
    </UnitTestResult>
    <UnitTestResult executionId="29085912-f9db-4af6-bd59-bc878f460c24" testId="21e42ea8-d73d-440e-e599-8f8f475201e3" testName="should_return_true_if_zombiepack_exists" computerName="JUSTIN-LAPTOP" duration="00:00:00.0453630" startTime="2010-12-03T17:28:29.7805755-06:00" endTime="2010-12-03T17:28:29.8345785-06:00" testType="13cdc9d9-ddb5-4fa4-a97d-d965ccfc6d4b" outcome="Passed" testListId="8c84fa94-04c1-424b-9868-57a2d4851a1d" relativeResultsDirectory="29085912-f9db-4af6-bd59-bc878f460c24">
    </UnitTestResult>
    <UnitTestResult executionId="8df52d2d-2bac-4f4b-98b2-964c0edab45a" testId="241aa01b-d31a-aa87-10ed-03e9fc36dd2d" testName="should_throw_error_for_saving_last_energy_if_user_does_not_exist" computerName="JUSTIN-LAPTOP" duration="00:00:00.0393033" startTime="2010-12-03T17:28:29.8365787-06:00" endTime="2010-12-03T17:28:29.8855815-06:00" testType="13cdc9d9-ddb5-4fa4-a97d-d965ccfc6d4b" outcome="Passed" testListId="8c84fa94-04c1-424b-9868-57a2d4851a1d" relativeResultsDirectory="8df52d2d-2bac-4f4b-98b2-964c0edab45a">
    </UnitTestResult>
    <UnitTestResult executionId="c0b205e5-0375-496d-bce2-5743fcc71fb2" testId="2448c480-75b4-6f61-f066-698054ffd863" testName="should_save_and_return_zombie_pack_progress_with_random_difficulty_if_its_the_first_time_user_has_visited_zombie_pack" computerName="JUSTIN-LAPTOP" duration="00:00:00.0258643" startTime="2010-12-03T17:28:29.8885816-06:00" endTime="2010-12-03T17:28:29.9225836-06:00" testType="13cdc9d9-ddb5-4fa4-a97d-d965ccfc6d4b" outcome="Passed" testListId="8c84fa94-04c1-424b-9868-57a2d4851a1d" relativeResultsDirectory="c0b205e5-0375-496d-bce2-5743fcc71fb2">
    </UnitTestResult>
    <UnitTestResult executionId="a103a184-3068-4ce2-953d-6ea4ffe85ada" testId="24bc110f-ba75-2876-7218-d24fbd5282b6" testName="should_return_0_if_user_does_not_exist" computerName="JUSTIN-LAPTOP" duration="00:00:00.0046737" startTime="2010-12-03T17:28:29.9305840-06:00" endTime="2010-12-03T17:28:29.9435848-06:00" testType="13cdc9d9-ddb5-4fa4-a97d-d965ccfc6d4b" outcome="Passed" testListId="8c84fa94-04c1-424b-9868-57a2d4851a1d" relativeResultsDirectory="a103a184-3068-4ce2-953d-6ea4ffe85ada">
    </UnitTestResult>
    <UnitTestResult executionId="8b793176-1fc1-4545-8e34-e0f807a624d8" testId="24c64596-5cab-4a6f-68a2-2b1dbc11b2be" testName="should_remove_user_item" computerName="JUSTIN-LAPTOP" duration="00:00:00.0823680" startTime="2010-12-03T17:28:29.9475850-06:00" endTime="2010-12-03T17:28:30.0355900-06:00" testType="13cdc9d9-ddb5-4fa4-a97d-d965ccfc6d4b" outcome="Passed" testListId="8c84fa94-04c1-424b-9868-57a2d4851a1d" relativeResultsDirectory="8b793176-1fc1-4545-8e34-e0f807a624d8">
    </UnitTestResult>
    <UnitTestResult executionId="691b949c-1547-4ea2-a849-8b566882fe5a" testId="24e2889f-3174-5207-6e2d-3941d6d3ab4a" testName="should_return_the_number_of_zombie_kills_needed_for_next_level" computerName="JUSTIN-LAPTOP" duration="00:00:00.0020414" startTime="2010-12-03T17:28:30.0385902-06:00" endTime="2010-12-03T17:28:30.0475907-06:00" testType="13cdc9d9-ddb5-4fa4-a97d-d965ccfc6d4b" outcome="Passed" testListId="8c84fa94-04c1-424b-9868-57a2d4851a1d" relativeResultsDirectory="691b949c-1547-4ea2-a849-8b566882fe5a">
    </UnitTestResult>
    <UnitTestResult executionId="9601d1a8-c28e-4f8f-8044-5b93b349cff7" testId="2528801b-adfc-fc02-0810-867a75b047c9" testName="should_return_remaining_zombie_packs_in_hot_zones" computerName="JUSTIN-LAPTOP" duration="00:00:00.6389272" startTime="2010-12-03T17:28:30.0495908-06:00" endTime="2010-12-03T17:28:30.6946277-06:00" testType="13cdc9d9-ddb5-4fa4-a97d-d965ccfc6d4b" outcome="Passed" testListId="8c84fa94-04c1-424b-9868-57a2d4851a1d" relativeResultsDirectory="9601d1a8-c28e-4f8f-8044-5b93b349cff7">
    </UnitTestResult>
    <UnitTestResult executionId="5b73482c-2ca3-4b14-92a9-0d61b8d31e76" testId="25699796-3f06-4f57-c2f3-62593d0f8db7" testName="should_retrieve_zombie_pack_by_id" computerName="JUSTIN-LAPTOP" duration="00:00:00.0583571" startTime="2010-12-03T17:28:30.6986280-06:00" endTime="2010-12-03T17:28:30.7666319-06:00" testType="13cdc9d9-ddb5-4fa4-a97d-d965ccfc6d4b" outcome="Passed" testListId="8c84fa94-04c1-424b-9868-57a2d4851a1d" relativeResultsDirectory="5b73482c-2ca3-4b14-92a9-0d61b8d31e76">
    </UnitTestResult>
    <UnitTestResult executionId="6361e98c-708e-45a6-99c9-bd62be46d534" testId="2604ff32-2b78-d0a6-0890-b8bb202063cc" testName="should_return_achievement_for_peak_zombies_of_two" computerName="JUSTIN-LAPTOP" duration="00:00:00.0038054" startTime="2010-12-03T17:28:30.7686320-06:00" endTime="2010-12-03T17:28:30.7816327-06:00" testType="13cdc9d9-ddb5-4fa4-a97d-d965ccfc6d4b" outcome="Passed" testListId="8c84fa94-04c1-424b-9868-57a2d4851a1d" relativeResultsDirectory="6361e98c-708e-45a6-99c9-bd62be46d534">
    </UnitTestResult>
    <UnitTestResult executionId="04e8562a-e8b2-419c-885b-369f398405f6" testId="269b2e64-447a-b926-cd3c-a38128cb3896" testName="should_return_false_for_IsStartingHotzone_if_hotzone_doesnt_exist" computerName="JUSTIN-LAPTOP" duration="00:00:00.0763327" startTime="2010-12-03T17:28:30.7846329-06:00" endTime="2010-12-03T17:28:30.8686377-06:00" testType="13cdc9d9-ddb5-4fa4-a97d-d965ccfc6d4b" outcome="Passed" testListId="8c84fa94-04c1-424b-9868-57a2d4851a1d" relativeResultsDirectory="04e8562a-e8b2-419c-885b-369f398405f6">
    </UnitTestResult>
    <UnitTestResult executionId="aaa3a000-d1b3-4628-b849-7c09d7b8eb6b" testId="26db6a1b-fb8c-0332-7a76-ee9c69851e7c" testName="should_replenish_energy_after_level_up" computerName="JUSTIN-LAPTOP" duration="00:00:00.0290396" startTime="2010-12-03T17:28:30.8726379-06:00" endTime="2010-12-03T17:28:30.9106401-06:00" testType="13cdc9d9-ddb5-4fa4-a97d-d965ccfc6d4b" outcome="Passed" testListId="8c84fa94-04c1-424b-9868-57a2d4851a1d" relativeResultsDirectory="aaa3a000-d1b3-4628-b849-7c09d7b8eb6b">
    </UnitTestResult>
    <UnitTestResult executionId="a23ad9bb-5b4a-4812-a038-d24421b4ee8b" testId="27a4ff3c-3eae-1669-f1bc-bcc06d02612f" testName="should_disregard_if_user_does_not_have_enough_money" computerName="JUSTIN-LAPTOP" duration="00:00:00.0237146" startTime="2010-12-03T17:28:30.9126402-06:00" endTime="2010-12-03T17:28:30.9436420-06:00" testType="13cdc9d9-ddb5-4fa4-a97d-d965ccfc6d4b" outcome="Passed" testListId="8c84fa94-04c1-424b-9868-57a2d4851a1d" relativeResultsDirectory="a23ad9bb-5b4a-4812-a038-d24421b4ee8b">
    </UnitTestResult>
    <UnitTestResult executionId="fc55c920-9b75-462b-9a0f-1c07fb92182c" testId="27dffa83-35e8-a35a-74a3-14e94b831d3a" testName="should_return_false_if_zombie_pack_is_not_destroyed_by_user" computerName="JUSTIN-LAPTOP" duration="00:00:00.1292664" startTime="2010-12-03T17:28:30.9576428-06:00" endTime="2010-12-03T17:28:31.0946506-06:00" testType="13cdc9d9-ddb5-4fa4-a97d-d965ccfc6d4b" outcome="Passed" testListId="8c84fa94-04c1-424b-9868-57a2d4851a1d" relativeResultsDirectory="fc55c920-9b75-462b-9a0f-1c07fb92182c">
    </UnitTestResult>
    <UnitTestResult executionId="4399cd6d-a82f-4f11-9e20-bba33ba8e3ba" testId="27e73228-a40a-9260-7cd7-3a5d45c78078" testName="should_return_max_energy_if_calculated_energy_for_time_passed_in_is_greater_than_max_energy_of_user" computerName="JUSTIN-LAPTOP" duration="00:00:00.0179576" startTime="2010-12-03T17:28:31.0966507-06:00" endTime="2010-12-03T17:28:31.1226522-06:00" testType="13cdc9d9-ddb5-4fa4-a97d-d965ccfc6d4b" outcome="Passed" testListId="8c84fa94-04c1-424b-9868-57a2d4851a1d" relativeResultsDirectory="4399cd6d-a82f-4f11-9e20-bba33ba8e3ba">
    </UnitTestResult>
    <UnitTestResult executionId="a54174f8-f23c-4446-9751-15715a88b429" testId="29506837-8c96-f6c6-14e0-93c8ab580351" testName="should_disregard_if_user_does_not_exist" computerName="JUSTIN-LAPTOP" duration="00:00:00.0240663" startTime="2010-12-03T17:28:31.1246523-06:00" endTime="2010-12-03T17:28:31.1556541-06:00" testType="13cdc9d9-ddb5-4fa4-a97d-d965ccfc6d4b" outcome="Passed" testListId="8c84fa94-04c1-424b-9868-57a2d4851a1d" relativeResultsDirectory="a54174f8-f23c-4446-9751-15715a88b429">
    </UnitTestResult>
    <UnitTestResult executionId="4481d30e-fa29-47c3-92b8-1b5833470b83" testId="2a84edfa-8723-e5ed-8953-7dd9bec52c09" testName="should_increment_miles_count_for_user" computerName="JUSTIN-LAPTOP" duration="00:00:00.0663943" startTime="2010-12-03T17:28:31.1576542-06:00" endTime="2010-12-03T17:28:31.2286583-06:00" testType="13cdc9d9-ddb5-4fa4-a97d-d965ccfc6d4b" outcome="Passed" testListId="8c84fa94-04c1-424b-9868-57a2d4851a1d" relativeResultsDirectory="4481d30e-fa29-47c3-92b8-1b5833470b83">
    </UnitTestResult>
    <UnitTestResult executionId="c9428564-1f84-4a99-affb-10a972e382cc" testId="2bb944ea-67c4-2ec5-7a6c-8e36c6922cdf" testName="should_return_attack_power_along_with_any_attack_power_increase_from_buying_many_of_the_same_item_with_no_items_in_safehouse" computerName="JUSTIN-LAPTOP" duration="00:00:00.0114988" startTime="2010-12-03T17:28:31.2306584-06:00" endTime="2010-12-03T17:28:31.2486594-06:00" testType="13cdc9d9-ddb5-4fa4-a97d-d965ccfc6d4b" outcome="Passed" testListId="8c84fa94-04c1-424b-9868-57a2d4851a1d" relativeResultsDirectory="c9428564-1f84-4a99-affb-10a972e382cc">
    </UnitTestResult>
    <UnitTestResult executionId="8fed3011-133c-40fa-a294-9a36d43e886a" testId="2c585954-d302-a7c2-bf0a-de2131be21ec" testName="should_disregard_facebook_user_ids_that_dont_exist" computerName="JUSTIN-LAPTOP" duration="00:00:00.1025090" startTime="2010-12-03T17:28:31.2506595-06:00" endTime="2010-12-03T17:28:31.3586657-06:00" testType="13cdc9d9-ddb5-4fa4-a97d-d965ccfc6d4b" outcome="Passed" testListId="8c84fa94-04c1-424b-9868-57a2d4851a1d" relativeResultsDirectory="8fed3011-133c-40fa-a294-9a36d43e886a">
    </UnitTestResult>
    <UnitTestResult executionId="2d1f84c6-91a3-4fce-a9fd-f252698e20dd" testId="2d393202-3b6b-ea77-5db0-849ebdcd5101" testName="should_return_items_below_a_given_prices" computerName="JUSTIN-LAPTOP" duration="00:00:00.1105595" startTime="2010-12-03T17:28:31.3606658-06:00" endTime="2010-12-03T17:28:31.4786726-06:00" testType="13cdc9d9-ddb5-4fa4-a97d-d965ccfc6d4b" outcome="Passed" testListId="8c84fa94-04c1-424b-9868-57a2d4851a1d" relativeResultsDirectory="2d1f84c6-91a3-4fce-a9fd-f252698e20dd">
    </UnitTestResult>
    <UnitTestResult executionId="00909fea-64ce-4191-9b78-1aeebc8fb157" testId="2db0a3b3-aad5-d46f-7403-c997f42720f5" testName="should_return_achievement_for_destroying_1000_zombie_packs" computerName="JUSTIN-LAPTOP" duration="00:00:00.0058063" startTime="2010-12-03T17:28:31.4816727-06:00" endTime="2010-12-03T17:28:31.4946735-06:00" testType="13cdc9d9-ddb5-4fa4-a97d-d965ccfc6d4b" outcome="Passed" testListId="8c84fa94-04c1-424b-9868-57a2d4851a1d" relativeResultsDirectory="00909fea-64ce-4191-9b78-1aeebc8fb157">
    </UnitTestResult>
    <UnitTestResult executionId="2593497a-0e81-4b6a-b01a-9c51e99c1a00" testId="2e0e27a3-78b1-d62c-8532-284b3a845cc6" testName="should_return_a_hunt_count_of_1_to_4_if_resolved_as_an_easy_hotzone" computerName="JUSTIN-LAPTOP" duration="00:00:00.0165937" startTime="2010-12-03T17:28:31.4976737-06:00" endTime="2010-12-03T17:28:31.5216750-06:00" testType="13cdc9d9-ddb5-4fa4-a97d-d965ccfc6d4b" outcome="Passed" testListId="8c84fa94-04c1-424b-9868-57a2d4851a1d" relativeResultsDirectory="2593497a-0e81-4b6a-b01a-9c51e99c1a00">
    </UnitTestResult>
    <UnitTestResult executionId="84f321df-02bd-4a18-baa1-bfdfea909cb7" testId="310db446-5a38-a2ff-c0c6-33525d60392a" testName="should_retrieve_single_hotzone" computerName="JUSTIN-LAPTOP" duration="00:00:00.1538085" startTime="2010-12-03T17:28:31.5236752-06:00" endTime="2010-12-03T17:28:31.6836843-06:00" testType="13cdc9d9-ddb5-4fa4-a97d-d965ccfc6d4b" outcome="Passed" testListId="8c84fa94-04c1-424b-9868-57a2d4851a1d" relativeResultsDirectory="84f321df-02bd-4a18-baa1-bfdfea909cb7">
    </UnitTestResult>
    <UnitTestResult executionId="6b3acfe9-9f42-4000-9333-671034390f81" testId="31907ecc-7480-4064-cd3b-514e2ff26de7" testName="should_return_true_if_store_exists" computerName="JUSTIN-LAPTOP" duration="00:00:00.1678639" startTime="2010-12-03T17:28:31.6876845-06:00" endTime="2010-12-03T17:28:31.8686949-06:00" testType="13cdc9d9-ddb5-4fa4-a97d-d965ccfc6d4b" outcome="Passed" testListId="8c84fa94-04c1-424b-9868-57a2d4851a1d" relativeResultsDirectory="6b3acfe9-9f42-4000-9333-671034390f81">
    </UnitTestResult>
    <UnitTestResult executionId="769a3983-effe-4b36-85a1-7150f318fa97" testId="321c5a91-a83b-02fd-e40b-ce47e7f12083" testName="should_return_min_sight_radius_for_user_if_user_exists_but_last_saved_sight_radius_does_not_exist" computerName="JUSTIN-LAPTOP" duration="00:00:00.0513939" startTime="2010-12-03T17:28:31.8726951-06:00" endTime="2010-12-03T17:28:31.9316985-06:00" testType="13cdc9d9-ddb5-4fa4-a97d-d965ccfc6d4b" outcome="Passed" testListId="8c84fa94-04c1-424b-9868-57a2d4851a1d" relativeResultsDirectory="769a3983-effe-4b36-85a1-7150f318fa97">
    </UnitTestResult>
    <UnitTestResult executionId="240765ba-69fb-4ab3-984d-89521f584166" testId="33a5dc0c-cb8c-881e-3374-24e7b48bd3e1" testName="should_return_last_saved_energy_for_user" computerName="JUSTIN-LAPTOP" duration="00:00:00.0476800" startTime="2010-12-03T17:28:31.9326985-06:00" endTime="2010-12-03T17:28:31.9857016-06:00" testType="13cdc9d9-ddb5-4fa4-a97d-d965ccfc6d4b" outcome="Passed" testListId="8c84fa94-04c1-424b-9868-57a2d4851a1d" relativeResultsDirectory="240765ba-69fb-4ab3-984d-89521f584166">
    </UnitTestResult>
    <UnitTestResult executionId="b3f549d5-9d0a-47be-a8d5-3ac3eeb10981" testId="353e37f8-b3ee-d1bc-48f1-1354650acd50" testName="should_mark_zombie_pack_as_destroyed_if_the_hunt_destroyed_the_last_zombie" computerName="JUSTIN-LAPTOP" duration="00:00:00.0163785" startTime="2010-12-03T17:28:31.9877017-06:00" endTime="2010-12-03T17:28:32.0107030-06:00" testType="13cdc9d9-ddb5-4fa4-a97d-d965ccfc6d4b" outcome="Passed" testListId="8c84fa94-04c1-424b-9868-57a2d4851a1d" relativeResultsDirectory="b3f549d5-9d0a-47be-a8d5-3ac3eeb10981">
    </UnitTestResult>
    <UnitTestResult executionId="583ded50-1fb4-4dec-be64-ff40b1735478" testId="35d7f681-d185-2e89-da65-ece3bc8e6e75" testName="should_return_if_user_has_not_killed_enough_zombies_for_next_level" computerName="JUSTIN-LAPTOP" duration="00:00:00.0093873" startTime="2010-12-03T17:28:32.0117031-06:00" endTime="2010-12-03T17:28:32.0267039-06:00" testType="13cdc9d9-ddb5-4fa4-a97d-d965ccfc6d4b" outcome="Passed" testListId="8c84fa94-04c1-424b-9868-57a2d4851a1d" relativeResultsDirectory="583ded50-1fb4-4dec-be64-ff40b1735478">
    </UnitTestResult>
    <UnitTestResult executionId="92edc501-da8c-4d93-a04b-2837744af6a0" testId="369b7a6d-08d3-f340-d283-f5ee6842f08e" testName="should_return_false_if_hotzone_doesnt_exists" computerName="JUSTIN-LAPTOP" duration="00:00:00.3157226" startTime="2010-12-03T17:28:32.0277040-06:00" endTime="2010-12-03T17:28:32.3497224-06:00" testType="13cdc9d9-ddb5-4fa4-a97d-d965ccfc6d4b" outcome="Passed" testListId="8c84fa94-04c1-424b-9868-57a2d4851a1d" relativeResultsDirectory="92edc501-da8c-4d93-a04b-2837744af6a0">
    </UnitTestResult>
    <UnitTestResult executionId="4d2213db-a02d-4530-b0fc-c5be67265a0f" testId="38152b9e-3e48-dd5e-0e37-b7a27de7e225" testName="should_throw_error_if_trying_to_update_user_inventory_amount_and_user_does_not_exist" computerName="JUSTIN-LAPTOP" duration="00:00:00.1466969" startTime="2010-12-03T17:28:32.3557227-06:00" endTime="2010-12-03T17:28:32.5157319-06:00" testType="13cdc9d9-ddb5-4fa4-a97d-d965ccfc6d4b" outcome="Passed" testListId="8c84fa94-04c1-424b-9868-57a2d4851a1d" relativeResultsDirectory="4d2213db-a02d-4530-b0fc-c5be67265a0f">
    </UnitTestResult>
    <UnitTestResult executionId="af13cb4c-c93a-4977-843c-aee44bd1baec" testId="3871d8b4-607c-f461-9b36-17221688eb47" testName="should_return_achievement_for_traveling_10000_miles" computerName="JUSTIN-LAPTOP" duration="00:00:00.0024418" startTime="2010-12-03T17:28:32.5177320-06:00" endTime="2010-12-03T17:28:32.5357330-06:00" testType="13cdc9d9-ddb5-4fa4-a97d-d965ccfc6d4b" outcome="Passed" testListId="8c84fa94-04c1-424b-9868-57a2d4851a1d" relativeResultsDirectory="af13cb4c-c93a-4977-843c-aee44bd1baec">
    </UnitTestResult>
    <UnitTestResult executionId="0662ed75-6613-4028-ad77-0355827ea146" testId="399d3773-04b9-f157-2193-2a81aa17c4e4" testName="should_return_true_if_facebook_user_exists" computerName="JUSTIN-LAPTOP" duration="00:00:00.0484670" startTime="2010-12-03T17:28:32.5527340-06:00" endTime="2010-12-03T17:28:32.6087372-06:00" testType="13cdc9d9-ddb5-4fa4-a97d-d965ccfc6d4b" outcome="Passed" testListId="8c84fa94-04c1-424b-9868-57a2d4851a1d" relativeResultsDirectory="0662ed75-6613-4028-ad77-0355827ea146">
    </UnitTestResult>
    <UnitTestResult executionId="282f9e17-f249-4dc2-81b3-52b86fbdafec" testId="3a65c876-9662-16ec-4c81-7bea778d6951" testName="should_return_attack_power_along_with_any_attack_power_increase_from_buying_item_with_no_items_in_safehouse" computerName="JUSTIN-LAPTOP" duration="00:00:00.0079191" startTime="2010-12-03T17:28:32.6127374-06:00" endTime="2010-12-03T17:28:32.6277383-06:00" testType="13cdc9d9-ddb5-4fa4-a97d-d965ccfc6d4b" outcome="Passed" testListId="8c84fa94-04c1-424b-9868-57a2d4851a1d" relativeResultsDirectory="282f9e17-f249-4dc2-81b3-52b86fbdafec">
    </UnitTestResult>
    <UnitTestResult executionId="f0b150f1-1677-497e-8e16-bd09bed6bb8c" testId="3b3489bf-140a-7d3d-ca59-73f946c71ab3" testName="should_start_with_energy_of_100" computerName="JUSTIN-LAPTOP" duration="00:00:00.0166273" startTime="2010-12-03T17:28:32.6307385-06:00" endTime="2010-12-03T17:28:32.6517397-06:00" testType="13cdc9d9-ddb5-4fa4-a97d-d965ccfc6d4b" outcome="Passed" testListId="8c84fa94-04c1-424b-9868-57a2d4851a1d" relativeResultsDirectory="f0b150f1-1677-497e-8e16-bd09bed6bb8c">
    </UnitTestResult>
    <UnitTestResult executionId="f856ed4d-7a51-4336-b636-e48aa1eea486" testId="3bf90928-3e3e-817d-0c2a-b114432020ae" testName="should_set_last_saved_energy_to_max_energy_if_last_saved_energy_does_not_exist" computerName="JUSTIN-LAPTOP" duration="00:00:00.0072137" startTime="2010-12-03T17:28:32.6537398-06:00" endTime="2010-12-03T17:28:32.6667405-06:00" testType="13cdc9d9-ddb5-4fa4-a97d-d965ccfc6d4b" outcome="Passed" testListId="8c84fa94-04c1-424b-9868-57a2d4851a1d" relativeResultsDirectory="f856ed4d-7a51-4336-b636-e48aa1eea486">
    </UnitTestResult>
    <UnitTestResult executionId="bec6ffd3-98c7-4781-8540-b9c1a36ca269" testId="3d1741aa-9576-2eb5-470e-7f713a2bc4d7" testName="should_return_false_if_safe_house_does_not_have_item" computerName="JUSTIN-LAPTOP" duration="00:00:00.0742105" startTime="2010-12-03T17:28:32.6677406-06:00" endTime="2010-12-03T17:28:32.7477452-06:00" testType="13cdc9d9-ddb5-4fa4-a97d-d965ccfc6d4b" outcome="Passed" testListId="8c84fa94-04c1-424b-9868-57a2d4851a1d" relativeResultsDirectory="bec6ffd3-98c7-4781-8540-b9c1a36ca269">
    </UnitTestResult>
    <UnitTestResult executionId="5ba541e3-1dc8-4291-b492-4f65849c2b81" testId="3d4be643-5d31-3e26-f950-26a5f925e40b" testName="should_return_all_stores_in_radius" computerName="JUSTIN-LAPTOP" duration="00:00:00.1078895" startTime="2010-12-03T17:28:32.7497453-06:00" endTime="2010-12-03T17:28:32.8637518-06:00" testType="13cdc9d9-ddb5-4fa4-a97d-d965ccfc6d4b" outcome="Passed" testListId="8c84fa94-04c1-424b-9868-57a2d4851a1d" relativeResultsDirectory="5ba541e3-1dc8-4291-b492-4f65849c2b81">
    </UnitTestResult>
    <UnitTestResult executionId="62cd478d-d97d-4612-80ce-5cfcfe9c0635" testId="3dc86e55-9e89-b185-10f6-85c78270b263" testName="the_starting_attack_power_should_be_1" computerName="JUSTIN-LAPTOP" duration="00:00:00.0349229" startTime="2010-12-03T17:28:32.8657519-06:00" endTime="2010-12-03T17:28:32.9087544-06:00" testType="13cdc9d9-ddb5-4fa4-a97d-d965ccfc6d4b" outcome="Passed" testListId="8c84fa94-04c1-424b-9868-57a2d4851a1d" relativeResultsDirectory="62cd478d-d97d-4612-80ce-5cfcfe9c0635">
    </UnitTestResult>
    <UnitTestResult executionId="d8cf267e-d899-407b-952a-32df1c5006c9" testId="3e4c555c-eb52-8e6a-77bb-fba4f57ae14d" testName="should_throw_error_for_saving_mas_energy_if_user_does_not_exist" computerName="JUSTIN-LAPTOP" duration="00:00:00.0297345" startTime="2010-12-03T17:28:32.9257553-06:00" endTime="2010-12-03T17:28:32.9617574-06:00" testType="13cdc9d9-ddb5-4fa4-a97d-d965ccfc6d4b" outcome="Passed" testListId="8c84fa94-04c1-424b-9868-57a2d4851a1d" relativeResultsDirectory="d8cf267e-d899-407b-952a-32df1c5006c9">
    </UnitTestResult>
    <UnitTestResult executionId="76f3ef11-1033-4fe1-a73f-3ff0809e9856" testId="4013d892-4605-1c26-5721-43931adf425c" testName="should_create_counts_record_if_none_exists_for_user" computerName="JUSTIN-LAPTOP" duration="00:00:00.0153290" startTime="2010-12-03T17:28:32.9637575-06:00" endTime="2010-12-03T17:28:32.9837587-06:00" testType="13cdc9d9-ddb5-4fa4-a97d-d965ccfc6d4b" outcome="Passed" testListId="8c84fa94-04c1-424b-9868-57a2d4851a1d" relativeResultsDirectory="76f3ef11-1033-4fe1-a73f-3ff0809e9856">
    </UnitTestResult>
    <UnitTestResult executionId="f972cea1-a100-43bd-bab2-7e387b8b532b" testId="40ac08e5-9855-8df2-ac1a-e320ada85f67" testName="should_create_user_with_starting_location" computerName="JUSTIN-LAPTOP" duration="00:00:00.0058217" startTime="2010-12-03T17:28:32.9847587-06:00" endTime="2010-12-03T17:28:32.9957593-06:00" testType="13cdc9d9-ddb5-4fa4-a97d-d965ccfc6d4b" outcome="Passed" testListId="8c84fa94-04c1-424b-9868-57a2d4851a1d" relativeResultsDirectory="f972cea1-a100-43bd-bab2-7e387b8b532b">
    </UnitTestResult>
    <UnitTestResult executionId="d50f9f30-1758-4adb-b257-dc5081b10a42" testId="40c4a339-897f-73e3-e8be-fed33feff0fc" testName="should_return_correct_inventory_slot_number_for_given_level" computerName="JUSTIN-LAPTOP" duration="00:00:00.0004858" startTime="2010-12-03T17:28:32.9977595-06:00" endTime="2010-12-03T17:28:33.0027597-06:00" testType="13cdc9d9-ddb5-4fa4-a97d-d965ccfc6d4b" outcome="Passed" testListId="8c84fa94-04c1-424b-9868-57a2d4851a1d" relativeResultsDirectory="d50f9f30-1758-4adb-b257-dc5081b10a42">
    </UnitTestResult>
    <UnitTestResult executionId="2be58a52-5584-478d-a740-311b8e8b0901" testId="43a1b4c2-5164-126a-d787-254e51bf5cb0" testName="should_return_base_attack_power_if_user_does_not_have_any_money_and_no_items_in_safehouse" computerName="JUSTIN-LAPTOP" duration="00:00:00.0052917" startTime="2010-12-03T17:28:33.0047599-06:00" endTime="2010-12-03T17:28:33.0177606-06:00" testType="13cdc9d9-ddb5-4fa4-a97d-d965ccfc6d4b" outcome="Passed" testListId="8c84fa94-04c1-424b-9868-57a2d4851a1d" relativeResultsDirectory="2be58a52-5584-478d-a740-311b8e8b0901">
    </UnitTestResult>
    <UnitTestResult executionId="2e6bfc5b-095a-4c59-a435-cc1387a70582" testId="43ea7dc5-29f2-fc24-7626-37c50ab77488" testName="should_return_false_if_item_does_not_exist" computerName="JUSTIN-LAPTOP" duration="00:00:00.0415657" startTime="2010-12-03T17:28:33.0197607-06:00" endTime="2010-12-03T17:28:33.0657634-06:00" testType="13cdc9d9-ddb5-4fa4-a97d-d965ccfc6d4b" outcome="Passed" testListId="8c84fa94-04c1-424b-9868-57a2d4851a1d" relativeResultsDirectory="2e6bfc5b-095a-4c59-a435-cc1387a70582">
    </UnitTestResult>
    <UnitTestResult executionId="fc647fef-caa7-48f1-9219-2dddf5e98fa7" testId="441c5aa1-1be2-b7ff-84a3-c2712387e211" testName="should_return_false_if_user_does_not_exist" computerName="JUSTIN-LAPTOP" duration="00:00:00.0389561" startTime="2010-12-03T17:28:33.0667634-06:00" endTime="2010-12-03T17:28:33.1267668-06:00" testType="13cdc9d9-ddb5-4fa4-a97d-d965ccfc6d4b" outcome="Passed" testListId="8c84fa94-04c1-424b-9868-57a2d4851a1d" relativeResultsDirectory="fc647fef-caa7-48f1-9219-2dddf5e98fa7">
    </UnitTestResult>
    <UnitTestResult executionId="3d8a2ef8-c58b-4329-b9ba-aa3ed4ba4590" testId="456f5311-d61b-5ef4-13ac-a1ceca766e06" testName="should_return_achievement_for_collecting_1000000_dollars" computerName="JUSTIN-LAPTOP" duration="00:00:00.0014466" startTime="2010-12-03T17:28:33.1277669-06:00" endTime="2010-12-03T17:28:33.1347673-06:00" testType="13cdc9d9-ddb5-4fa4-a97d-d965ccfc6d4b" outcome="Passed" testListId="8c84fa94-04c1-424b-9868-57a2d4851a1d" relativeResultsDirectory="3d8a2ef8-c58b-4329-b9ba-aa3ed4ba4590">
    </UnitTestResult>
    <UnitTestResult executionId="34a6b810-003b-4934-8d86-cef2e8d527d8" testId="461819df-bed1-d7c5-29ce-bdee0f8eaaa2" testName="should_return_true_if_zombie_pack_is_destroyed_by_user" computerName="JUSTIN-LAPTOP" duration="00:00:00.0644849" startTime="2010-12-03T17:28:33.1357674-06:00" endTime="2010-12-03T17:28:33.2047713-06:00" testType="13cdc9d9-ddb5-4fa4-a97d-d965ccfc6d4b" outcome="Passed" testListId="8c84fa94-04c1-424b-9868-57a2d4851a1d" relativeResultsDirectory="34a6b810-003b-4934-8d86-cef2e8d527d8">
    </UnitTestResult>
    <UnitTestResult executionId="b6b51664-490d-4aaa-bf63-7baf224d04ee" testId="48c2a012-1ba3-1243-1cd5-aab81b26906b" testName="should_return_all_items_in_store" computerName="JUSTIN-LAPTOP" duration="00:00:00.0407317" startTime="2010-12-03T17:28:33.2067714-06:00" endTime="2010-12-03T17:28:33.2517740-06:00" testType="13cdc9d9-ddb5-4fa4-a97d-d965ccfc6d4b" outcome="Passed" testListId="8c84fa94-04c1-424b-9868-57a2d4851a1d" relativeResultsDirectory="b6b51664-490d-4aaa-bf63-7baf224d04ee">
    </UnitTestResult>
    <UnitTestResult executionId="14045612-260e-4447-bd39-7fafec77daa9" testId="49540a47-9778-939f-7252-2442e060eeb3" testName="should_return_achivement_for_destroying_10_hotzones" computerName="JUSTIN-LAPTOP" duration="00:00:00.0015519" startTime="2010-12-03T17:28:33.2527740-06:00" endTime="2010-12-03T17:28:33.2597744-06:00" testType="13cdc9d9-ddb5-4fa4-a97d-d965ccfc6d4b" outcome="Passed" testListId="8c84fa94-04c1-424b-9868-57a2d4851a1d" relativeResultsDirectory="14045612-260e-4447-bd39-7fafec77daa9">
    </UnitTestResult>
    <UnitTestResult executionId="dfca9954-ab2d-450e-b447-9eb3b460ac61" testId="49e3a9e9-dcf0-f3e5-85da-9f5499fab731" testName="should_calculate_western_point" computerName="JUSTIN-LAPTOP" duration="00:00:00.0139115" startTime="2010-12-03T17:28:33.2607745-06:00" endTime="2010-12-03T17:28:33.2797756-06:00" testType="13cdc9d9-ddb5-4fa4-a97d-d965ccfc6d4b" outcome="Passed" testListId="8c84fa94-04c1-424b-9868-57a2d4851a1d" relativeResultsDirectory="dfca9954-ab2d-450e-b447-9eb3b460ac61">
    </UnitTestResult>
    <UnitTestResult executionId="5bea917e-109d-4602-9f7f-6e2376e67ed4" testId="4aab1a6a-e217-fabe-67d7-73dafcd94369" testName="should_return_zero_if_attack_is_null" computerName="JUSTIN-LAPTOP" duration="00:00:00.0768124" startTime="2010-12-03T17:28:33.2807757-06:00" endTime="2010-12-03T17:28:33.3637804-06:00" testType="13cdc9d9-ddb5-4fa4-a97d-d965ccfc6d4b" outcome="Passed" testListId="8c84fa94-04c1-424b-9868-57a2d4851a1d" relativeResultsDirectory="5bea917e-109d-4602-9f7f-6e2376e67ed4">
    </UnitTestResult>
    <UnitTestResult executionId="365f2a57-831e-417f-9a72-c7696f7c0519" testId="4ad82b7e-b664-1e32-b013-da054510a32b" testName="should_add_tent" computerName="JUSTIN-LAPTOP" duration="00:00:00.0478579" startTime="2010-12-03T17:28:33.3677806-06:00" endTime="2010-12-03T17:28:33.4227838-06:00" testType="13cdc9d9-ddb5-4fa4-a97d-d965ccfc6d4b" outcome="Passed" testListId="8c84fa94-04c1-424b-9868-57a2d4851a1d" relativeResultsDirectory="365f2a57-831e-417f-9a72-c7696f7c0519">
    </UnitTestResult>
    <UnitTestResult executionId="b9cf8db3-812d-43f2-8ea1-1eabaa4831a2" testId="4c87210c-f927-e260-2776-9399fcbfbd1c" testName="should_return_true_if_safe_house_exists" computerName="JUSTIN-LAPTOP" duration="00:00:00.0600858" startTime="2010-12-03T17:28:33.4267840-06:00" endTime="2010-12-03T17:28:33.4947879-06:00" testType="13cdc9d9-ddb5-4fa4-a97d-d965ccfc6d4b" outcome="Passed" testListId="8c84fa94-04c1-424b-9868-57a2d4851a1d" relativeResultsDirectory="b9cf8db3-812d-43f2-8ea1-1eabaa4831a2">
    </UnitTestResult>
    <UnitTestResult executionId="6cc75fd1-0aa1-4a5f-84b7-eb8863ae8ac9" testId="4d9cdfe2-8eee-3937-2a7d-b414e3b51b00" testName="should_disregard_move_if_user_does_not_exist" computerName="JUSTIN-LAPTOP" duration="00:00:00.0093398" startTime="2010-12-03T17:28:33.4987881-06:00" endTime="2010-12-03T17:28:33.5187893-06:00" testType="13cdc9d9-ddb5-4fa4-a97d-d965ccfc6d4b" outcome="Passed" testListId="8c84fa94-04c1-424b-9868-57a2d4851a1d" relativeResultsDirectory="6cc75fd1-0aa1-4a5f-84b7-eb8863ae8ac9">
    </UnitTestResult>
    <UnitTestResult executionId="7cc19977-3b4e-47e8-bcd1-49a6018b9285" testId="50a0e180-73b1-f3e2-9755-9dfe75491e60" testName="should_increment_hotzones_destroyed" computerName="JUSTIN-LAPTOP" duration="00:00:00.0395639" startTime="2010-12-03T17:28:33.5217894-06:00" endTime="2010-12-03T17:28:33.5687921-06:00" testType="13cdc9d9-ddb5-4fa4-a97d-d965ccfc6d4b" outcome="Passed" testListId="8c84fa94-04c1-424b-9868-57a2d4851a1d" relativeResultsDirectory="7cc19977-3b4e-47e8-bcd1-49a6018b9285">
    </UnitTestResult>
    <UnitTestResult executionId="5ff1e382-4f08-49ce-bdc2-fe46c912bb1b" testId="52c534e6-f8bb-1f9f-939a-d5c5c52fa419" testName="should_record_how_many_miles_have_been_moved_for_achievements" computerName="JUSTIN-LAPTOP" duration="00:00:00.0403492" startTime="2010-12-03T17:28:33.5727924-06:00" endTime="2010-12-03T17:28:33.6207951-06:00" testType="13cdc9d9-ddb5-4fa4-a97d-d965ccfc6d4b" outcome="Passed" testListId="8c84fa94-04c1-424b-9868-57a2d4851a1d" relativeResultsDirectory="5ff1e382-4f08-49ce-bdc2-fe46c912bb1b">
    </UnitTestResult>
    <UnitTestResult executionId="1ccf62a9-87fc-4856-a5c2-dfab0ab4f0da" testId="537a0821-9a13-8b7a-298b-1a1d7b7834c1" testName="should_give_user_a_random_amount_of_money_after_hunt" computerName="JUSTIN-LAPTOP" duration="00:00:00.0197507" startTime="2010-12-03T17:28:33.6237953-06:00" endTime="2010-12-03T17:28:33.6497968-06:00" testType="13cdc9d9-ddb5-4fa4-a97d-d965ccfc6d4b" outcome="Passed" testListId="8c84fa94-04c1-424b-9868-57a2d4851a1d" relativeResultsDirectory="1ccf62a9-87fc-4856-a5c2-dfab0ab4f0da">
    </UnitTestResult>
    <UnitTestResult executionId="6b321c2d-aa62-416c-b3a8-fc01186c2090" testId="537a2b77-3b56-7fda-5cef-ce5b7fef8e47" testName="should_return_achievement_for_collecting_1000_dollars" computerName="JUSTIN-LAPTOP" duration="00:00:00.0016844" startTime="2010-12-03T17:28:33.6517969-06:00" endTime="2010-12-03T17:28:33.6617974-06:00" testType="13cdc9d9-ddb5-4fa4-a97d-d965ccfc6d4b" outcome="Passed" testListId="8c84fa94-04c1-424b-9868-57a2d4851a1d" relativeResultsDirectory="6b321c2d-aa62-416c-b3a8-fc01186c2090">
    </UnitTestResult>
    <UnitTestResult executionId="0cccba8a-19f5-4144-8100-18119177f74c" testId="53d3d174-2438-d916-b931-5b84347506a5" testName="should_return_true_if_hotzone_is_a_starting_hotzone" computerName="JUSTIN-LAPTOP" duration="00:00:00.0472882" startTime="2010-12-03T17:28:33.6657977-06:00" endTime="2010-12-03T17:28:33.7188007-06:00" testType="13cdc9d9-ddb5-4fa4-a97d-d965ccfc6d4b" outcome="Passed" testListId="8c84fa94-04c1-424b-9868-57a2d4851a1d" relativeResultsDirectory="0cccba8a-19f5-4144-8100-18119177f74c">
    </UnitTestResult>
    <UnitTestResult executionId="ea809d7d-401c-409d-a878-66d0196dc2ef" testId="540edc62-4548-f51c-ae34-777932919c2f" testName="should_get_user_item_id" computerName="JUSTIN-LAPTOP" duration="00:00:00.0650044" startTime="2010-12-03T17:28:33.7208008-06:00" endTime="2010-12-03T17:28:33.7918049-06:00" testType="13cdc9d9-ddb5-4fa4-a97d-d965ccfc6d4b" outcome="Passed" testListId="8c84fa94-04c1-424b-9868-57a2d4851a1d" relativeResultsDirectory="ea809d7d-401c-409d-a878-66d0196dc2ef">
    </UnitTestResult>
    <UnitTestResult executionId="230a639a-1afb-4d4b-abcd-c6243c37bfcc" testId="544cc1f1-3454-5e87-e24b-52c6acff6b61" testName="should_return_base_energy_for_user" computerName="JUSTIN-LAPTOP" duration="00:00:00.0272088" startTime="2010-12-03T17:28:33.7928049-06:00" endTime="2010-12-03T17:28:33.8258068-06:00" testType="13cdc9d9-ddb5-4fa4-a97d-d965ccfc6d4b" outcome="Passed" testListId="8c84fa94-04c1-424b-9868-57a2d4851a1d" relativeResultsDirectory="230a639a-1afb-4d4b-abcd-c6243c37bfcc">
    </UnitTestResult>
    <UnitTestResult executionId="1b336bf5-5afe-459a-a1c4-72e25d737710" testId="556fe5d0-aedd-a933-babc-4606a23e064e" testName="should_increment_zombie_pack_destroyed_count" computerName="JUSTIN-LAPTOP" duration="00:00:00.0480168" startTime="2010-12-03T17:28:33.8288070-06:00" endTime="2010-12-03T17:28:33.8828101-06:00" testType="13cdc9d9-ddb5-4fa4-a97d-d965ccfc6d4b" outcome="Passed" testListId="8c84fa94-04c1-424b-9868-57a2d4851a1d" relativeResultsDirectory="1b336bf5-5afe-459a-a1c4-72e25d737710">
    </UnitTestResult>
    <UnitTestResult executionId="037166f1-07b5-48a6-967e-b6b81a78f592" testId="55ffc7bf-3f9e-b38d-348c-5fc84dd1b9ed" testName="should_return_null_for_base_sight_radius_if_user_exists_but_max_sight_radius_is_null" computerName="JUSTIN-LAPTOP" duration="00:00:00.0319600" startTime="2010-12-03T17:28:33.8848102-06:00" endTime="2010-12-03T17:28:33.9238124-06:00" testType="13cdc9d9-ddb5-4fa4-a97d-d965ccfc6d4b" outcome="Passed" testListId="8c84fa94-04c1-424b-9868-57a2d4851a1d" relativeResultsDirectory="037166f1-07b5-48a6-967e-b6b81a78f592">
    </UnitTestResult>
    <UnitTestResult executionId="6205946e-af96-44e4-8ea6-3d12003424a7" testId="560e757d-7d9e-cf97-a66b-6eba9f0dbef7" testName="should_return_null_for_user_that_doesnt_exist" computerName="JUSTIN-LAPTOP" duration="00:00:00.0285095" startTime="2010-12-03T17:28:33.9308128-06:00" endTime="2010-12-03T17:28:33.9658148-06:00" testType="13cdc9d9-ddb5-4fa4-a97d-d965ccfc6d4b" outcome="Passed" testListId="8c84fa94-04c1-424b-9868-57a2d4851a1d" relativeResultsDirectory="6205946e-af96-44e4-8ea6-3d12003424a7">
    </UnitTestResult>
    <UnitTestResult executionId="40c82528-9988-4335-9dbc-f4538d29f8f2" testId="578c1082-4447-f4a0-bed7-4e23d16f558c" testName="should_return_an_empty_progress_if_user_does_not_exist" computerName="JUSTIN-LAPTOP" duration="00:00:00.0030148" startTime="2010-12-03T17:28:33.9678149-06:00" endTime="2010-12-03T17:28:33.9768155-06:00" testType="13cdc9d9-ddb5-4fa4-a97d-d965ccfc6d4b" outcome="Passed" testListId="8c84fa94-04c1-424b-9868-57a2d4851a1d" relativeResultsDirectory="40c82528-9988-4335-9dbc-f4538d29f8f2">
    </UnitTestResult>
    <UnitTestResult executionId="d0b7e6cd-b865-49ee-a5df-383866fcdd61" testId="57effb65-6bba-b10e-d004-938020663a0f" testName="should_return_0_if_time_passed_into_calculate_energy_is_less_than_the_last_saved_energy_record" computerName="JUSTIN-LAPTOP" duration="00:00:00.0051057" startTime="2010-12-03T17:28:33.9788156-06:00" endTime="2010-12-03T17:28:33.9908163-06:00" testType="13cdc9d9-ddb5-4fa4-a97d-d965ccfc6d4b" outcome="Passed" testListId="8c84fa94-04c1-424b-9868-57a2d4851a1d" relativeResultsDirectory="d0b7e6cd-b865-49ee-a5df-383866fcdd61">
    </UnitTestResult>
    <UnitTestResult executionId="2c78a54b-79ec-4818-b3fa-78a8b25c236b" testId="57f6bfb3-878f-ec7b-71d8-e1ae592b6823" testName="should_return_number_of_zombie_packs_left" computerName="JUSTIN-LAPTOP" duration="00:00:00.1843790" startTime="2010-12-03T17:28:33.9918163-06:00" endTime="2010-12-03T17:28:34.1838273-06:00" testType="13cdc9d9-ddb5-4fa4-a97d-d965ccfc6d4b" outcome="Passed" testListId="8c84fa94-04c1-424b-9868-57a2d4851a1d" relativeResultsDirectory="2c78a54b-79ec-4818-b3fa-78a8b25c236b">
    </UnitTestResult>
    <UnitTestResult executionId="a29cc14b-deb4-4da7-8f00-b9d848fa5467" testId="583a3b80-1851-93ab-c2ab-87d678e4ad81" testName="should_return_true_if_user_has_item" computerName="JUSTIN-LAPTOP" duration="00:00:00.0821358" startTime="2010-12-03T17:28:34.1878275-06:00" endTime="2010-12-03T17:28:34.2778327-06:00" testType="13cdc9d9-ddb5-4fa4-a97d-d965ccfc6d4b" outcome="Passed" testListId="8c84fa94-04c1-424b-9868-57a2d4851a1d" relativeResultsDirectory="a29cc14b-deb4-4da7-8f00-b9d848fa5467">
    </UnitTestResult>
    <UnitTestResult executionId="bd0e75f4-6005-4e07-84e6-37e4ee2ae042" testId="58cdb593-e628-53cb-1ff9-a712c7cfa07d" testName="should_disregard_creation_if_location_specified_is_not_a_starting_hot_zone" computerName="JUSTIN-LAPTOP" duration="00:00:00.0126294" startTime="2010-12-03T17:28:34.2808329-06:00" endTime="2010-12-03T17:28:34.3018341-06:00" testType="13cdc9d9-ddb5-4fa4-a97d-d965ccfc6d4b" outcome="Passed" testListId="8c84fa94-04c1-424b-9868-57a2d4851a1d" relativeResultsDirectory="bd0e75f4-6005-4e07-84e6-37e4ee2ae042">
    </UnitTestResult>
    <UnitTestResult executionId="499204fd-b3c4-4d26-be66-20377ac52f76" testId="592a8210-389c-d154-bfaf-1570717dbd73" testName="should_return_if_item_does_not_exist" computerName="JUSTIN-LAPTOP" duration="00:00:00.0101130" startTime="2010-12-03T17:28:34.3048342-06:00" endTime="2010-12-03T17:28:34.3218352-06:00" testType="13cdc9d9-ddb5-4fa4-a97d-d965ccfc6d4b" outcome="Passed" testListId="8c84fa94-04c1-424b-9868-57a2d4851a1d" relativeResultsDirectory="499204fd-b3c4-4d26-be66-20377ac52f76">
    </UnitTestResult>
    <UnitTestResult executionId="ecee7aaf-b6c1-4755-9bc8-729c5722976a" testId="5a128d3b-35ba-f233-4f32-be0f8dfb906e" testName="should_not_hunt_if_user_doesnt_exist" computerName="JUSTIN-LAPTOP" duration="00:00:00.0052232" startTime="2010-12-03T17:28:34.3238353-06:00" endTime="2010-12-03T17:28:34.3358360-06:00" testType="13cdc9d9-ddb5-4fa4-a97d-d965ccfc6d4b" outcome="Passed" testListId="8c84fa94-04c1-424b-9868-57a2d4851a1d" relativeResultsDirectory="ecee7aaf-b6c1-4755-9bc8-729c5722976a">
    </UnitTestResult>
    <UnitTestResult executionId="80a2ec97-9395-486c-9297-710d795ead54" testId="5a7c17db-19ea-927d-e739-dca3cee988f6" testName="should_return_0_for_attack_power_if_user_does_not_exist" computerName="JUSTIN-LAPTOP" duration="00:00:00.0081777" startTime="2010-12-03T17:28:34.3398362-06:00" endTime="2010-12-03T17:28:34.3558371-06:00" testType="13cdc9d9-ddb5-4fa4-a97d-d965ccfc6d4b" outcome="Passed" testListId="8c84fa94-04c1-424b-9868-57a2d4851a1d" relativeResultsDirectory="80a2ec97-9395-486c-9297-710d795ead54">
    </UnitTestResult>
    <UnitTestResult executionId="a6690e87-6164-4efc-b26e-8818f288bc36" testId="5af90bb7-e3b0-b5e7-29f7-fc8b0902be24" testName="should_return_last_sight_radius_saved_If_there_is_no_difference_between_the_current_time_passed_in_and_the_last_saved_sight_radius_from_the_repository" computerName="JUSTIN-LAPTOP" duration="00:00:00.0122031" startTime="2010-12-03T17:28:34.3588373-06:00" endTime="2010-12-03T17:28:34.3788385-06:00" testType="13cdc9d9-ddb5-4fa4-a97d-d965ccfc6d4b" outcome="Passed" testListId="8c84fa94-04c1-424b-9868-57a2d4851a1d" relativeResultsDirectory="a6690e87-6164-4efc-b26e-8818f288bc36">
    </UnitTestResult>
    <UnitTestResult executionId="228c4a77-a1ca-46e5-8800-97b5d71231b9" testId="5afe1781-3ccb-0558-a937-e74f932ccd49" testName="should_retriever_an_empty_list_given_invalid_hotzone_id" computerName="JUSTIN-LAPTOP" duration="00:00:00.0605003" startTime="2010-12-03T17:28:34.3818386-06:00" endTime="2010-12-03T17:28:34.4508426-06:00" testType="13cdc9d9-ddb5-4fa4-a97d-d965ccfc6d4b" outcome="Passed" testListId="8c84fa94-04c1-424b-9868-57a2d4851a1d" relativeResultsDirectory="228c4a77-a1ca-46e5-8800-97b5d71231b9">
    </UnitTestResult>
    <UnitTestResult executionId="06099bbb-b193-4e3f-8e43-ce8a60eec8de" testId="5b2a5f35-2435-a2ba-eaf1-4c274bced244" testName="should_calculate_northern_point" computerName="JUSTIN-LAPTOP" duration="00:00:00.0007569" startTime="2010-12-03T17:28:34.4538427-06:00" endTime="2010-12-03T17:28:34.4618432-06:00" testType="13cdc9d9-ddb5-4fa4-a97d-d965ccfc6d4b" outcome="Passed" testListId="8c84fa94-04c1-424b-9868-57a2d4851a1d" relativeResultsDirectory="06099bbb-b193-4e3f-8e43-ce8a60eec8de">
    </UnitTestResult>
    <UnitTestResult executionId="ab8bdf65-5c40-4e13-851f-78fa65522a3d" testId="5b97deff-fa6b-c377-8ff2-c9c8d4bf8e55" testName="should_retriever_an_empty_list_given_invalid_hotzone_id" computerName="JUSTIN-LAPTOP" duration="00:00:00.0644006" startTime="2010-12-03T17:28:34.4628433-06:00" endTime="2010-12-03T17:28:34.5348474-06:00" testType="13cdc9d9-ddb5-4fa4-a97d-d965ccfc6d4b" outcome="Passed" testListId="8c84fa94-04c1-424b-9868-57a2d4851a1d" relativeResultsDirectory="ab8bdf65-5c40-4e13-851f-78fa65522a3d">
    </UnitTestResult>
    <UnitTestResult executionId="d09109ff-1b97-47e4-a78e-3a97ca4fbfb7" testId="5d04ca0e-dd33-bf62-c1bb-e7d225b4949c" testName="should_return_achievement_for_destroying_1_zombiePack" computerName="JUSTIN-LAPTOP" duration="00:00:00.0024475" startTime="2010-12-03T17:28:34.5368475-06:00" endTime="2010-12-03T17:28:34.5488482-06:00" testType="13cdc9d9-ddb5-4fa4-a97d-d965ccfc6d4b" outcome="Passed" testListId="8c84fa94-04c1-424b-9868-57a2d4851a1d" relativeResultsDirectory="d09109ff-1b97-47e4-a78e-3a97ca4fbfb7">
    </UnitTestResult>
    <UnitTestResult executionId="9a32b220-0280-4401-9e44-be176c37cc3e" testId="5da90bcc-6e5d-3a2d-e174-d391c0422e11" testName="should_update_hot_zone_if_user_is_on_new_hot_zone" computerName="JUSTIN-LAPTOP" duration="00:00:00.0628263" startTime="2010-12-03T17:28:34.5518484-06:00" endTime="2010-12-03T17:28:34.6218524-06:00" testType="13cdc9d9-ddb5-4fa4-a97d-d965ccfc6d4b" outcome="Passed" testListId="8c84fa94-04c1-424b-9868-57a2d4851a1d" relativeResultsDirectory="9a32b220-0280-4401-9e44-be176c37cc3e">
    </UnitTestResult>
    <UnitTestResult executionId="64b5fb9f-0ca3-4870-9b10-7118453455ba" testId="5e0523e6-700c-d803-6a13-76f99c5ecb12" testName="should_return_hotzones_that_are_marked_as_starting_hotzones" computerName="JUSTIN-LAPTOP" duration="00:00:00.2338963" startTime="2010-12-03T17:28:34.6238525-06:00" endTime="2010-12-03T17:28:34.8658663-06:00" testType="13cdc9d9-ddb5-4fa4-a97d-d965ccfc6d4b" outcome="Passed" testListId="8c84fa94-04c1-424b-9868-57a2d4851a1d" relativeResultsDirectory="64b5fb9f-0ca3-4870-9b10-7118453455ba">
    </UnitTestResult>
    <UnitTestResult executionId="f791ad1d-7e72-43f8-bdda-f8a11a0335b8" testId="5edbb1cd-bd31-7ac9-084c-f6f749883ff2" testName="the_last_visited_hotzone_should_be_starting_location" computerName="JUSTIN-LAPTOP" duration="00:00:00.0386400" startTime="2010-12-03T17:28:34.8698665-06:00" endTime="2010-12-03T17:28:34.9148691-06:00" testType="13cdc9d9-ddb5-4fa4-a97d-d965ccfc6d4b" outcome="Passed" testListId="8c84fa94-04c1-424b-9868-57a2d4851a1d" relativeResultsDirectory="f791ad1d-7e72-43f8-bdda-f8a11a0335b8">
    </UnitTestResult>
    <UnitTestResult executionId="493a6dc4-19f5-4579-b288-d463463ce263" testId="5f1fabc6-b3c7-d9b8-821e-098ccaf3eed1" testName="should_save_item_in_user_inventory_and_take_out_of_safe_house_inventory" computerName="JUSTIN-LAPTOP" duration="00:00:00.0393058" startTime="2010-12-03T17:28:34.9198694-06:00" endTime="2010-12-03T17:28:34.9708723-06:00" testType="13cdc9d9-ddb5-4fa4-a97d-d965ccfc6d4b" outcome="Passed" testListId="8c84fa94-04c1-424b-9868-57a2d4851a1d" relativeResultsDirectory="493a6dc4-19f5-4579-b288-d463463ce263">
    </UnitTestResult>
    <UnitTestResult executionId="7cb49fe5-0de6-4014-a111-64b430561072" testId="5f382a5a-614c-c9d5-67f1-1ceadc4420b1" testName="should_set_user_current_base_energy" computerName="JUSTIN-LAPTOP" duration="00:00:00.0642219" startTime="2010-12-03T17:28:34.9748725-06:00" endTime="2010-12-03T17:28:35.0528770-06:00" testType="13cdc9d9-ddb5-4fa4-a97d-d965ccfc6d4b" outcome="Passed" testListId="8c84fa94-04c1-424b-9868-57a2d4851a1d" relativeResultsDirectory="7cb49fe5-0de6-4014-a111-64b430561072">
    </UnitTestResult>
    <UnitTestResult executionId="8da5e2dc-1032-46ff-b33c-9aeb73e0d51e" testId="5fa17309-6178-e440-0cb3-9987b0eaea65" testName="should_get_user_item_count" computerName="JUSTIN-LAPTOP" duration="00:00:00.0715227" startTime="2010-12-03T17:28:35.0558772-06:00" endTime="2010-12-03T17:28:35.1358818-06:00" testType="13cdc9d9-ddb5-4fa4-a97d-d965ccfc6d4b" outcome="Passed" testListId="8c84fa94-04c1-424b-9868-57a2d4851a1d" relativeResultsDirectory="8da5e2dc-1032-46ff-b33c-9aeb73e0d51e">
    </UnitTestResult>
    <UnitTestResult executionId="63a0d1c7-7701-42ce-8753-49714ba6ca76" testId="606e3bbd-fbf0-39e8-d39a-d95b2f760af1" testName="should_return_null_for_last_visited_hotzone_if_no_hotzone_has_been_set" computerName="JUSTIN-LAPTOP" duration="00:00:00.0497244" startTime="2010-12-03T17:28:35.1408820-06:00" endTime="2010-12-03T17:28:35.1978853-06:00" testType="13cdc9d9-ddb5-4fa4-a97d-d965ccfc6d4b" outcome="Passed" testListId="8c84fa94-04c1-424b-9868-57a2d4851a1d" relativeResultsDirectory="63a0d1c7-7701-42ce-8753-49714ba6ca76">
    </UnitTestResult>
    <UnitTestResult executionId="d316e161-9ac4-43f9-be7d-91bc59507cff" testId="60b889f5-aa93-4766-ebaf-876bc425b3c4" testName="should_save_user_max_energy" computerName="JUSTIN-LAPTOP" duration="00:00:00.0413987" startTime="2010-12-03T17:28:35.2018855-06:00" endTime="2010-12-03T17:28:35.2508883-06:00" testType="13cdc9d9-ddb5-4fa4-a97d-d965ccfc6d4b" outcome="Passed" testListId="8c84fa94-04c1-424b-9868-57a2d4851a1d" relativeResultsDirectory="d316e161-9ac4-43f9-be7d-91bc59507cff">
    </UnitTestResult>
    <UnitTestResult executionId="058749f8-d810-4325-b990-84dde5abcbd4" testId="612613da-83db-bad4-0786-2d957381d4ad" testName="should_retrieve_user_zombie_pack_progress_for_user" computerName="JUSTIN-LAPTOP" duration="00:00:00.1346862" startTime="2010-12-03T17:28:35.2538885-06:00" endTime="2010-12-03T17:28:35.3968967-06:00" testType="13cdc9d9-ddb5-4fa4-a97d-d965ccfc6d4b" outcome="Passed" testListId="8c84fa94-04c1-424b-9868-57a2d4851a1d" relativeResultsDirectory="058749f8-d810-4325-b990-84dde5abcbd4">
    </UnitTestResult>
    <UnitTestResult executionId="f079026c-a3b4-4303-a877-03cb3d13cd31" testId="61f1fbc3-1b38-ec7e-962e-44e1959bccb8" testName="should_return_hotzone_is_not_cleared_for_other_user" computerName="JUSTIN-LAPTOP" duration="00:00:00.3991839" startTime="2010-12-03T17:28:35.4028970-06:00" endTime="2010-12-03T17:28:35.8109204-06:00" testType="13cdc9d9-ddb5-4fa4-a97d-d965ccfc6d4b" outcome="Passed" testListId="8c84fa94-04c1-424b-9868-57a2d4851a1d" relativeResultsDirectory="f079026c-a3b4-4303-a877-03cb3d13cd31">
    </UnitTestResult>
    <UnitTestResult executionId="2cafa01c-bd85-4060-8337-9b8721dbef08" testId="61f447bc-f31d-7adc-e8ff-51ce31625b90" testName="should_throw_error_for_saving_last_energy_if_user_does_not_exist" computerName="JUSTIN-LAPTOP" duration="00:00:00.0260020" startTime="2010-12-03T17:28:35.8159207-06:00" endTime="2010-12-03T17:28:35.8499226-06:00" testType="13cdc9d9-ddb5-4fa4-a97d-d965ccfc6d4b" outcome="Passed" testListId="8c84fa94-04c1-424b-9868-57a2d4851a1d" relativeResultsDirectory="2cafa01c-bd85-4060-8337-9b8721dbef08">
    </UnitTestResult>
    <UnitTestResult executionId="35149955-88d2-4108-81bd-c0140a81cf94" testId="65a45aea-1388-af89-1298-2c122710d67c" testName="should_return_0_if_user_does_not_exist" computerName="JUSTIN-LAPTOP" duration="00:00:00.0029301" startTime="2010-12-03T17:28:35.8519227-06:00" endTime="2010-12-03T17:28:35.8619233-06:00" testType="13cdc9d9-ddb5-4fa4-a97d-d965ccfc6d4b" outcome="Passed" testListId="8c84fa94-04c1-424b-9868-57a2d4851a1d" relativeResultsDirectory="35149955-88d2-4108-81bd-c0140a81cf94">
    </UnitTestResult>
    <UnitTestResult executionId="5f1680c1-9702-4dbf-8d57-d04a2a13e54c" testId="65c104b2-1ff7-266c-33d4-c2e6789ce0d4" testName="should_throw_error_if_user_does_not_exist" computerName="JUSTIN-LAPTOP" duration="00:00:00.0050814" startTime="2010-12-03T17:28:35.8649235-06:00" endTime="2010-12-03T17:28:35.8759241-06:00" testType="13cdc9d9-ddb5-4fa4-a97d-d965ccfc6d4b" outcome="Passed" testListId="8c84fa94-04c1-424b-9868-57a2d4851a1d" relativeResultsDirectory="5f1680c1-9702-4dbf-8d57-d04a2a13e54c">
    </UnitTestResult>
    <UnitTestResult executionId="94ebadc8-7993-4c29-b106-254126136494" testId="66169587-8c61-bb11-f455-fab6b8497218" testName="should_return_achievement_for_collecting_10_dollars" computerName="JUSTIN-LAPTOP" duration="00:00:00.0019499" startTime="2010-12-03T17:28:35.8789243-06:00" endTime="2010-12-03T17:28:35.8879248-06:00" testType="13cdc9d9-ddb5-4fa4-a97d-d965ccfc6d4b" outcome="Passed" testListId="8c84fa94-04c1-424b-9868-57a2d4851a1d" relativeResultsDirectory="94ebadc8-7993-4c29-b106-254126136494">
    </UnitTestResult>
    <UnitTestResult executionId="6077e173-108a-4ba2-8f9f-d60b65201a03" testId="66236707-8e98-8099-42db-7e8aeb3fbf02" testName="should_retrieve_list_of_items_in_safe_house_that_belong_to_user" computerName="JUSTIN-LAPTOP" duration="00:00:00.0403476" startTime="2010-12-03T17:28:35.8899249-06:00" endTime="2010-12-03T17:28:35.9349275-06:00" testType="13cdc9d9-ddb5-4fa4-a97d-d965ccfc6d4b" outcome="Passed" testListId="8c84fa94-04c1-424b-9868-57a2d4851a1d" relativeResultsDirectory="6077e173-108a-4ba2-8f9f-d60b65201a03">
    </UnitTestResult>
    <UnitTestResult executionId="e6e1ed69-4b6e-49a4-92aa-d94e71178b50" testId="66e87870-2f0c-1802-4a46-f39d5c5c0c20" testName="should_return_energy_cost_at_5_percent_of_maximum_potential" computerName="JUSTIN-LAPTOP" duration="00:00:00.0104181" startTime="2010-12-03T17:28:35.9359275-06:00" endTime="2010-12-03T17:28:35.9519284-06:00" testType="13cdc9d9-ddb5-4fa4-a97d-d965ccfc6d4b" outcome="Passed" testListId="8c84fa94-04c1-424b-9868-57a2d4851a1d" relativeResultsDirectory="e6e1ed69-4b6e-49a4-92aa-d94e71178b50">
    </UnitTestResult>
    <UnitTestResult executionId="711fa28c-00b0-4c2e-b174-bc6ad405b90d" testId="685ba115-26b4-cfb7-772c-f8e84fc12c79" testName="should_take_money_from_user_and_add_item_to_user_inventory" computerName="JUSTIN-LAPTOP" duration="00:00:00.0174742" startTime="2010-12-03T17:28:35.9539285-06:00" endTime="2010-12-03T17:28:35.9769299-06:00" testType="13cdc9d9-ddb5-4fa4-a97d-d965ccfc6d4b" outcome="Passed" testListId="8c84fa94-04c1-424b-9868-57a2d4851a1d" relativeResultsDirectory="711fa28c-00b0-4c2e-b174-bc6ad405b90d">
    </UnitTestResult>
    <UnitTestResult executionId="4df30ed8-7bc5-4b22-b3d0-0be6235a6579" testId="68ea6353-2c49-a913-f384-cf2dc40e93c0" testName="should_not_hunt_if_user_doesnt_have_enough_energy" computerName="JUSTIN-LAPTOP" duration="00:00:00.0101053" startTime="2010-12-03T17:28:35.9779299-06:00" endTime="2010-12-03T17:28:35.9939308-06:00" testType="13cdc9d9-ddb5-4fa4-a97d-d965ccfc6d4b" outcome="Passed" testListId="8c84fa94-04c1-424b-9868-57a2d4851a1d" relativeResultsDirectory="4df30ed8-7bc5-4b22-b3d0-0be6235a6579">
    </UnitTestResult>
    <UnitTestResult executionId="b1977fca-b261-4b55-b073-43dbf813e9b6" testId="69653733-6f17-afcb-14dc-a6126a62b1ee" testName="should_retrieve_user_current_base_energy" computerName="JUSTIN-LAPTOP" duration="00:00:00.0359915" startTime="2010-12-03T17:28:35.9959309-06:00" endTime="2010-12-03T17:28:36.0359332-06:00" testType="13cdc9d9-ddb5-4fa4-a97d-d965ccfc6d4b" outcome="Passed" testListId="8c84fa94-04c1-424b-9868-57a2d4851a1d" relativeResultsDirectory="b1977fca-b261-4b55-b073-43dbf813e9b6">
    </UnitTestResult>
    <UnitTestResult executionId="5be16fa0-fb89-4f7d-b18f-ebf7b452bede" testId="6b30f78c-5c97-e5aa-0928-de7f5ee83660" testName="should_give_energy_based_on_best_items_from_user_usersafehouse_and_items_that_can_be_bought" computerName="JUSTIN-LAPTOP" duration="00:00:00.0068818" startTime="2010-12-03T17:28:36.0379334-06:00" endTime="2010-12-03T17:28:36.0509341-06:00" testType="13cdc9d9-ddb5-4fa4-a97d-d965ccfc6d4b" outcome="Passed" testListId="8c84fa94-04c1-424b-9868-57a2d4851a1d" relativeResultsDirectory="5be16fa0-fb89-4f7d-b18f-ebf7b452bede">
    </UnitTestResult>
    <UnitTestResult executionId="32d445c9-1999-4b19-9276-61ef6b4ee77d" testId="6beb3a34-356e-6f1e-6b50-8d176c416598" testName="should_return_the_amount_of_money_the_user_currently_has" computerName="JUSTIN-LAPTOP" duration="00:00:00.0269085" startTime="2010-12-03T17:28:36.0529342-06:00" endTime="2010-12-03T17:28:36.0849360-06:00" testType="13cdc9d9-ddb5-4fa4-a97d-d965ccfc6d4b" outcome="Passed" testListId="8c84fa94-04c1-424b-9868-57a2d4851a1d" relativeResultsDirectory="32d445c9-1999-4b19-9276-61ef6b4ee77d">
    </UnitTestResult>
    <UnitTestResult executionId="447520dd-fc25-459d-a5af-1f256cef67f0" testId="6c066a85-168d-65f4-cc37-317318414373" testName="should_return_achievement_for_destroying_10000_zombie_packs" computerName="JUSTIN-LAPTOP" duration="00:00:00.0013368" startTime="2010-12-03T17:28:36.0869362-06:00" endTime="2010-12-03T17:28:36.0939366-06:00" testType="13cdc9d9-ddb5-4fa4-a97d-d965ccfc6d4b" outcome="Passed" testListId="8c84fa94-04c1-424b-9868-57a2d4851a1d" relativeResultsDirectory="447520dd-fc25-459d-a5af-1f256cef67f0">
    </UnitTestResult>
    <UnitTestResult executionId="30ff625c-c25d-4f5e-b4ef-66a1a7db578a" testId="6d259f14-cf5c-860f-f3bc-07fb6a901208" testName="should_throw_error_if_user_already_exists" computerName="JUSTIN-LAPTOP" duration="00:00:00.0213250" startTime="2010-12-03T17:28:36.0959367-06:00" endTime="2010-12-03T17:28:36.1219382-06:00" testType="13cdc9d9-ddb5-4fa4-a97d-d965ccfc6d4b" outcome="Passed" testListId="8c84fa94-04c1-424b-9868-57a2d4851a1d" relativeResultsDirectory="30ff625c-c25d-4f5e-b4ef-66a1a7db578a">
    </UnitTestResult>
    <UnitTestResult executionId="81d550c2-49d7-4037-b9ba-1f294d257bda" testId="6d50870f-a5f5-48df-fa3a-fd929ac4d6d9" testName="should_update_users_energy_if_user_can_hunt" computerName="JUSTIN-LAPTOP" duration="00:00:00.0132206" startTime="2010-12-03T17:28:36.1229382-06:00" endTime="2010-12-03T17:28:36.1419393-06:00" testType="13cdc9d9-ddb5-4fa4-a97d-d965ccfc6d4b" outcome="Passed" testListId="8c84fa94-04c1-424b-9868-57a2d4851a1d" relativeResultsDirectory="81d550c2-49d7-4037-b9ba-1f294d257bda">
    </UnitTestResult>
    <UnitTestResult executionId="d7251071-3450-4ac0-9de2-47006f8f0bee" testId="6d677716-f4a3-32e4-d489-2827222e4b43" testName="should_return_achievement_for_killing_100_zombies" computerName="JUSTIN-LAPTOP" duration="00:00:00.0013627" startTime="2010-12-03T17:28:36.1439394-06:00" endTime="2010-12-03T17:28:36.1499398-06:00" testType="13cdc9d9-ddb5-4fa4-a97d-d965ccfc6d4b" outcome="Passed" testListId="8c84fa94-04c1-424b-9868-57a2d4851a1d" relativeResultsDirectory="d7251071-3450-4ac0-9de2-47006f8f0bee">
    </UnitTestResult>
    <UnitTestResult executionId="4aa89f8e-d963-4af5-8d7b-c5a1684164f0" testId="6d97d05d-3cb4-4245-56ca-8b9bbc35a993" testName="should_return_true_if_safe_house_has_item" computerName="JUSTIN-LAPTOP" duration="00:00:00.0443240" startTime="2010-12-03T17:28:36.1509398-06:00" endTime="2010-12-03T17:28:36.2009427-06:00" testType="13cdc9d9-ddb5-4fa4-a97d-d965ccfc6d4b" outcome="Passed" testListId="8c84fa94-04c1-424b-9868-57a2d4851a1d" relativeResultsDirectory="4aa89f8e-d963-4af5-8d7b-c5a1684164f0">
    </UnitTestResult>
    <UnitTestResult executionId="4a710951-a5d5-419b-a091-074e0a6959bb" testId="6e5c9897-01e5-0ddc-270e-62065e9e22f7" testName="should_update_user_last_hotzone_location_after_successful_hunt" computerName="JUSTIN-LAPTOP" duration="00:00:00.0149987" startTime="2010-12-03T17:28:36.2019427-06:00" endTime="2010-12-03T17:28:36.2229439-06:00" testType="13cdc9d9-ddb5-4fa4-a97d-d965ccfc6d4b" outcome="Passed" testListId="8c84fa94-04c1-424b-9868-57a2d4851a1d" relativeResultsDirectory="4a710951-a5d5-419b-a091-074e0a6959bb">
    </UnitTestResult>
    <UnitTestResult executionId="057ba6ce-50ed-42f5-8199-99e8e28c8ce1" testId="6ee3e612-4bf5-4b89-e2d7-9da260f06cb5" testName="should_throw_error_if_facebook_user_id_is_zero" computerName="JUSTIN-LAPTOP" duration="00:00:00.0037863" startTime="2010-12-03T17:28:36.2249440-06:00" endTime="2010-12-03T17:28:36.2339446-06:00" testType="13cdc9d9-ddb5-4fa4-a97d-d965ccfc6d4b" outcome="Passed" testListId="8c84fa94-04c1-424b-9868-57a2d4851a1d" relativeResultsDirectory="057ba6ce-50ed-42f5-8199-99e8e28c8ce1">
    </UnitTestResult>
    <UnitTestResult executionId="dc26ca9c-b27b-496c-8bf6-1d35d74f3753" testId="6efd94c0-48f1-f3dc-5a7c-d483288ae14d" testName="should_retrieve_user_current_base_attack" computerName="JUSTIN-LAPTOP" duration="00:00:00.0211135" startTime="2010-12-03T17:28:36.2349446-06:00" endTime="2010-12-03T17:28:36.2609461-06:00" testType="13cdc9d9-ddb5-4fa4-a97d-d965ccfc6d4b" outcome="Passed" testListId="8c84fa94-04c1-424b-9868-57a2d4851a1d" relativeResultsDirectory="dc26ca9c-b27b-496c-8bf6-1d35d74f3753">
    </UnitTestResult>
    <UnitTestResult executionId="b464e8b6-62e6-4c67-be43-cedf4e1d8db7" testId="6f4679a3-c135-f19d-6bfb-2e441fc3cb12" testName="should_return_achievement_for_destroying_10_zombie_packs" computerName="JUSTIN-LAPTOP" duration="00:00:00.0013015" startTime="2010-12-03T17:28:36.2629462-06:00" endTime="2010-12-03T17:28:36.2699466-06:00" testType="13cdc9d9-ddb5-4fa4-a97d-d965ccfc6d4b" outcome="Passed" testListId="8c84fa94-04c1-424b-9868-57a2d4851a1d" relativeResultsDirectory="b464e8b6-62e6-4c67-be43-cedf4e1d8db7">
    </UnitTestResult>
    <UnitTestResult executionId="d48244ab-21a5-4b63-b1bf-db4266f81d75" testId="6f5b8bdf-f4f3-b0ac-2d17-1c769ba70ec7" testName="should_start_with_attack_power_of_1" computerName="JUSTIN-LAPTOP" duration="00:00:00.0042973" startTime="2010-12-03T17:28:36.2719467-06:00" endTime="2010-12-03T17:28:36.2809473-06:00" testType="13cdc9d9-ddb5-4fa4-a97d-d965ccfc6d4b" outcome="Passed" testListId="8c84fa94-04c1-424b-9868-57a2d4851a1d" relativeResultsDirectory="d48244ab-21a5-4b63-b1bf-db4266f81d75">
    </UnitTestResult>
    <UnitTestResult executionId="11cc031e-7adc-48d9-adc0-3bf09171dfa9" testId="6f612bd1-261c-e125-ca8e-f3d31afd386b" testName="should_return_energy_along_with_any_energy_increase_from_buying_item_with_no_items_in_safehouse" computerName="JUSTIN-LAPTOP" duration="00:00:00.0062776" startTime="2010-12-03T17:28:36.2839474-06:00" endTime="2010-12-03T17:28:36.2949481-06:00" testType="13cdc9d9-ddb5-4fa4-a97d-d965ccfc6d4b" outcome="Passed" testListId="8c84fa94-04c1-424b-9868-57a2d4851a1d" relativeResultsDirectory="11cc031e-7adc-48d9-adc0-3bf09171dfa9">
    </UnitTestResult>
    <UnitTestResult executionId="4ed76946-18f6-4c64-8d0e-1a23b45f34b9" testId="6fb9a1f1-9260-fa0f-3246-029c6bade6db" testName="should_return_zero_if_energy_is_null" computerName="JUSTIN-LAPTOP" duration="00:00:00.0764380" startTime="2010-12-03T17:28:36.2969482-06:00" endTime="2010-12-03T17:28:36.3789529-06:00" testType="13cdc9d9-ddb5-4fa4-a97d-d965ccfc6d4b" outcome="Passed" testListId="8c84fa94-04c1-424b-9868-57a2d4851a1d" relativeResultsDirectory="4ed76946-18f6-4c64-8d0e-1a23b45f34b9">
    </UnitTestResult>
    <UnitTestResult executionId="063b3679-c99c-4577-a14c-c8c9a925d429" testId="6fc1d911-2aa7-09d2-3f37-8e698e0a0e1a" testName="should_disregard_hunt_if_zombie_pack_does_not_have_any_zombies" computerName="JUSTIN-LAPTOP" duration="00:00:00.0274831" startTime="2010-12-03T17:28:36.3809530-06:00" endTime="2010-12-03T17:28:36.4219553-06:00" testType="13cdc9d9-ddb5-4fa4-a97d-d965ccfc6d4b" outcome="Passed" testListId="8c84fa94-04c1-424b-9868-57a2d4851a1d" relativeResultsDirectory="063b3679-c99c-4577-a14c-c8c9a925d429">
    </UnitTestResult>
    <UnitTestResult executionId="ec38c95e-5bdf-4901-aeee-0fdfb72a279c" testId="70a48ca4-778f-c05e-3b5d-4d1dd614ffe7" testName="should_truncate_seconds_and_milliseconds_from_times_that_are_being_used_for_calculating_energy" computerName="JUSTIN-LAPTOP" duration="00:00:00.0156900" startTime="2010-12-03T17:28:36.4249555-06:00" endTime="2010-12-03T17:28:36.4499569-06:00" testType="13cdc9d9-ddb5-4fa4-a97d-d965ccfc6d4b" outcome="Passed" testListId="8c84fa94-04c1-424b-9868-57a2d4851a1d" relativeResultsDirectory="ec38c95e-5bdf-4901-aeee-0fdfb72a279c">
    </UnitTestResult>
    <UnitTestResult executionId="e1bf8024-1f5c-456b-8c35-c3eb4fbcc29b" testId="7153296b-7930-7df3-3632-012c2eca18ad" testName="should_update_users_energy_based_on_distance_moved" computerName="JUSTIN-LAPTOP" duration="00:00:00.0199497" startTime="2010-12-03T17:28:36.4539571-06:00" endTime="2010-12-03T17:28:36.4839589-06:00" testType="13cdc9d9-ddb5-4fa4-a97d-d965ccfc6d4b" outcome="Passed" testListId="8c84fa94-04c1-424b-9868-57a2d4851a1d" relativeResultsDirectory="e1bf8024-1f5c-456b-8c35-c3eb4fbcc29b">
    </UnitTestResult>
    <UnitTestResult executionId="4c68c954-3dcf-47ac-81d9-28ebaf158a74" testId="7209dcdb-bb1a-d89a-c5cb-4180ad1a5427" testName="should_return_all_hot_zones" computerName="JUSTIN-LAPTOP" duration="00:00:00.0894370" startTime="2010-12-03T17:28:36.4869590-06:00" endTime="2010-12-03T17:28:36.5849646-06:00" testType="13cdc9d9-ddb5-4fa4-a97d-d965ccfc6d4b" outcome="Passed" testListId="8c84fa94-04c1-424b-9868-57a2d4851a1d" relativeResultsDirectory="4c68c954-3dcf-47ac-81d9-28ebaf158a74">
    </UnitTestResult>
    <UnitTestResult executionId="149dd6c9-bd7b-4f92-bd30-abc5d2b39db9" testId="74c211d1-a8ea-e685-b3ae-006434becd54" testName="should_return_if_user_does_not_exist" computerName="JUSTIN-LAPTOP" duration="00:00:00.0069101" startTime="2010-12-03T17:28:36.5869648-06:00" endTime="2010-12-03T17:28:36.6029657-06:00" testType="13cdc9d9-ddb5-4fa4-a97d-d965ccfc6d4b" outcome="Passed" testListId="8c84fa94-04c1-424b-9868-57a2d4851a1d" relativeResultsDirectory="149dd6c9-bd7b-4f92-bd30-abc5d2b39db9">
    </UnitTestResult>
    <UnitTestResult executionId="a0b09d95-0eea-4f6c-9387-c2bc84fd34fa" testId="75a342b2-ef01-e34d-c6b4-7a9dc15f6b1e" testName="should_not_hunt_if_user_is_not_at_zombie_pack_latitude" computerName="JUSTIN-LAPTOP" duration="00:00:00.0151515" startTime="2010-12-03T17:28:36.6069659-06:00" endTime="2010-12-03T17:28:36.6309673-06:00" testType="13cdc9d9-ddb5-4fa4-a97d-d965ccfc6d4b" outcome="Passed" testListId="8c84fa94-04c1-424b-9868-57a2d4851a1d" relativeResultsDirectory="a0b09d95-0eea-4f6c-9387-c2bc84fd34fa">
    </UnitTestResult>
    <UnitTestResult executionId="464b84ec-5d07-4ab4-8d72-6a770fb26ec7" testId="7685b20a-de0b-8bc0-6c22-3a9d32aab4bd" testName="should_disregard_if_safe_house_does_not_exist" computerName="JUSTIN-LAPTOP" duration="00:00:00.0082275" startTime="2010-12-03T17:28:36.6329674-06:00" endTime="2010-12-03T17:28:36.6519685-06:00" testType="13cdc9d9-ddb5-4fa4-a97d-d965ccfc6d4b" outcome="Passed" testListId="8c84fa94-04c1-424b-9868-57a2d4851a1d" relativeResultsDirectory="464b84ec-5d07-4ab4-8d72-6a770fb26ec7">
    </UnitTestResult>
    <UnitTestResult executionId="7528a587-1af0-4c09-b34c-dc66b74d5ca3" testId="799c0d6a-4d65-290e-a185-a723c64e9bd5" testName="should_decrement_the_zombies_left_in_a_zombie_pack_after_a_hunt" computerName="JUSTIN-LAPTOP" duration="00:00:00.0156961" startTime="2010-12-03T17:28:36.6539686-06:00" endTime="2010-12-03T17:28:36.6749698-06:00" testType="13cdc9d9-ddb5-4fa4-a97d-d965ccfc6d4b" outcome="Passed" testListId="8c84fa94-04c1-424b-9868-57a2d4851a1d" relativeResultsDirectory="7528a587-1af0-4c09-b34c-dc66b74d5ca3">
    </UnitTestResult>
    <UnitTestResult executionId="6cabb886-2d2d-4dea-ba29-f9a8d9826ea8" testId="79f08418-c51b-ec01-a3f0-aeabf52599fa" testName="should_destroy_zombie_pack_if_users_attack_power_exceeds_the_number_of_zombies" computerName="JUSTIN-LAPTOP" duration="00:00:00.0156045" startTime="2010-12-03T17:28:36.6779700-06:00" endTime="2010-12-03T17:28:36.6999712-06:00" testType="13cdc9d9-ddb5-4fa4-a97d-d965ccfc6d4b" outcome="Passed" testListId="8c84fa94-04c1-424b-9868-57a2d4851a1d" relativeResultsDirectory="6cabb886-2d2d-4dea-ba29-f9a8d9826ea8">
    </UnitTestResult>
    <UnitTestResult executionId="6d89955f-565f-4057-9ff5-6fcc949eb112" testId="7a4bb2ce-d62d-4561-dc89-28a6c8155af3" testName="should_set_energy_to_zero_if_item_energy_plus_user_energy_is_negative" computerName="JUSTIN-LAPTOP" duration="00:00:00.0122882" startTime="2010-12-03T17:28:36.7019713-06:00" endTime="2010-12-03T17:28:36.7199724-06:00" testType="13cdc9d9-ddb5-4fa4-a97d-d965ccfc6d4b" outcome="Passed" testListId="8c84fa94-04c1-424b-9868-57a2d4851a1d" relativeResultsDirectory="6d89955f-565f-4057-9ff5-6fcc949eb112">
    </UnitTestResult>
    <UnitTestResult executionId="dde0409f-9b3a-46cb-aabe-caedf6f3d3eb" testId="7acb1219-a69e-e102-dd8e-4060793e7b6e" testName="should_throw_exception_when_returning_baseline_attack_power_for_user_that_doesnt_exist" computerName="JUSTIN-LAPTOP" duration="00:00:00.0260288" startTime="2010-12-03T17:28:36.7219725-06:00" endTime="2010-12-03T17:28:36.7529742-06:00" testType="13cdc9d9-ddb5-4fa4-a97d-d965ccfc6d4b" outcome="Passed" testListId="8c84fa94-04c1-424b-9868-57a2d4851a1d" relativeResultsDirectory="dde0409f-9b3a-46cb-aabe-caedf6f3d3eb">
    </UnitTestResult>
    <UnitTestResult executionId="aa648d43-b377-412e-9700-01edd3e01aa6" testId="7ad2e801-5f6e-048b-7bcf-d285bb6f6be7" testName="should_insert_counts" computerName="JUSTIN-LAPTOP" duration="00:00:00.0208088" startTime="2010-12-03T17:28:36.7559744-06:00" endTime="2010-12-03T17:28:36.7819759-06:00" testType="13cdc9d9-ddb5-4fa4-a97d-d965ccfc6d4b" outcome="Passed" testListId="8c84fa94-04c1-424b-9868-57a2d4851a1d" relativeResultsDirectory="aa648d43-b377-412e-9700-01edd3e01aa6">
    </UnitTestResult>
    <UnitTestResult executionId="8464e908-64e7-438e-b214-0a3b2fe189da" testId="7b6f7aba-399c-6729-f243-4ff68995d88e" testName="should_return_achievement_for_traveling_100_miles" computerName="JUSTIN-LAPTOP" duration="00:00:00.0016374" startTime="2010-12-03T17:28:36.7829760-06:00" endTime="2010-12-03T17:28:36.7909764-06:00" testType="13cdc9d9-ddb5-4fa4-a97d-d965ccfc6d4b" outcome="Passed" testListId="8c84fa94-04c1-424b-9868-57a2d4851a1d" relativeResultsDirectory="8464e908-64e7-438e-b214-0a3b2fe189da">
    </UnitTestResult>
    <UnitTestResult executionId="eac53d40-73d3-4c8f-800a-f2b431895d48" testId="7b96fc08-5095-7079-15b5-f39e447dbf49" testName="should_return_max_energy_for_user_if_user_exists_but_last_saved_energy_does_not_exist" computerName="JUSTIN-LAPTOP" duration="00:00:00.0059692" startTime="2010-12-03T17:28:36.7939766-06:00" endTime="2010-12-03T17:28:36.8049772-06:00" testType="13cdc9d9-ddb5-4fa4-a97d-d965ccfc6d4b" outcome="Passed" testListId="8c84fa94-04c1-424b-9868-57a2d4851a1d" relativeResultsDirectory="eac53d40-73d3-4c8f-800a-f2b431895d48">
    </UnitTestResult>
    <UnitTestResult executionId="c04df238-b10f-4df9-8d04-a267ff7566aa" testId="7bf1b32b-b544-1d63-7f85-8cb3721cb13c" testName="should_disregard_if_user_has_more_than_the_allowed_amount_of_items" computerName="JUSTIN-LAPTOP" duration="00:00:00.0109717" startTime="2010-12-03T17:28:36.8069773-06:00" endTime="2010-12-03T17:28:36.8239783-06:00" testType="13cdc9d9-ddb5-4fa4-a97d-d965ccfc6d4b" outcome="Passed" testListId="8c84fa94-04c1-424b-9868-57a2d4851a1d" relativeResultsDirectory="c04df238-b10f-4df9-8d04-a267ff7566aa">
    </UnitTestResult>
    <UnitTestResult executionId="736fe4b9-7a86-45d5-bb81-cca363067481" testId="7c057236-5b5f-451c-5800-6e05c196b383" testName="should_disregard_if_item_does_not_exist" computerName="JUSTIN-LAPTOP" duration="00:00:00.0069422" startTime="2010-12-03T17:28:36.8259784-06:00" endTime="2010-12-03T17:28:36.8379791-06:00" testType="13cdc9d9-ddb5-4fa4-a97d-d965ccfc6d4b" outcome="Passed" testListId="8c84fa94-04c1-424b-9868-57a2d4851a1d" relativeResultsDirectory="736fe4b9-7a86-45d5-bb81-cca363067481">
    </UnitTestResult>
    <UnitTestResult executionId="8c4853f6-79ce-4060-9322-e4f0d893b2c1" testId="7c9fa0fb-7cf0-12c6-f8da-d4fb82dffc47" testName="should_throw_error_if_trying_to_update_user_attack_power_and_user_does_not_exist" computerName="JUSTIN-LAPTOP" duration="00:00:00.0252641" startTime="2010-12-03T17:28:36.8399792-06:00" endTime="2010-12-03T17:28:36.8699809-06:00" testType="13cdc9d9-ddb5-4fa4-a97d-d965ccfc6d4b" outcome="Passed" testListId="8c84fa94-04c1-424b-9868-57a2d4851a1d" relativeResultsDirectory="8c4853f6-79ce-4060-9322-e4f0d893b2c1">
    </UnitTestResult>
    <UnitTestResult executionId="3e22fd41-2431-4916-ae65-c8b21a7b4257" testId="7d2305d4-075e-49ce-735b-3ccd549f53b8" testName="should_update_existing_zombie_pack_progress" computerName="JUSTIN-LAPTOP" duration="00:00:00.0779564" startTime="2010-12-03T17:28:36.8719811-06:00" endTime="2010-12-03T17:28:36.9579860-06:00" testType="13cdc9d9-ddb5-4fa4-a97d-d965ccfc6d4b" outcome="Passed" testListId="8c84fa94-04c1-424b-9868-57a2d4851a1d" relativeResultsDirectory="3e22fd41-2431-4916-ae65-c8b21a7b4257">
    </UnitTestResult>
    <UnitTestResult executionId="81a9bf3f-d27b-436d-8dae-96a0a7f7bf9f" testId="7d282b5a-4c68-651b-2ed3-0d406222883a" testName="should_disregard_if_user_does_not_exist" computerName="JUSTIN-LAPTOP" duration="00:00:00.0067898" startTime="2010-12-03T17:28:36.9629863-06:00" endTime="2010-12-03T17:28:36.9799872-06:00" testType="13cdc9d9-ddb5-4fa4-a97d-d965ccfc6d4b" outcome="Passed" testListId="8c84fa94-04c1-424b-9868-57a2d4851a1d" relativeResultsDirectory="81a9bf3f-d27b-436d-8dae-96a0a7f7bf9f">
    </UnitTestResult>
    <UnitTestResult executionId="0aad1536-2fad-4708-b15b-2c5f9a1a3a4e" testId="7d9357cd-185a-7a7d-46d5-6e0825f094b5" testName="should_save_item_in_safe_house_inventory_and_remove_from_user_inventory" computerName="JUSTIN-LAPTOP" duration="00:00:00.0187458" startTime="2010-12-03T17:28:36.9829874-06:00" endTime="2010-12-03T17:28:37.0199895-06:00" testType="13cdc9d9-ddb5-4fa4-a97d-d965ccfc6d4b" outcome="Passed" testListId="8c84fa94-04c1-424b-9868-57a2d4851a1d" relativeResultsDirectory="0aad1536-2fad-4708-b15b-2c5f9a1a3a4e">
    </UnitTestResult>
    <UnitTestResult executionId="4309a0c1-95ef-428b-aae5-2df2322e0e2c" testId="7e4ecb77-6a2d-3a8f-0c42-71f8df3a6f64" testName="should_return_true_if_user_exists" computerName="JUSTIN-LAPTOP" duration="00:00:00.0254461" startTime="2010-12-03T17:28:37.0219896-06:00" endTime="2010-12-03T17:28:37.0539915-06:00" testType="13cdc9d9-ddb5-4fa4-a97d-d965ccfc6d4b" outcome="Passed" testListId="8c84fa94-04c1-424b-9868-57a2d4851a1d" relativeResultsDirectory="4309a0c1-95ef-428b-aae5-2df2322e0e2c">
    </UnitTestResult>
    <UnitTestResult executionId="e47e9b3f-5d59-4316-9472-00f5dbebb099" testId="7e9e7b54-d658-a1a5-ce5b-efa2cb03052c" testName="should_return_baseline_energy_for_user_that_exists" computerName="JUSTIN-LAPTOP" duration="00:00:00.0437944" startTime="2010-12-03T17:28:37.0559916-06:00" endTime="2010-12-03T17:28:37.1039943-06:00" testType="13cdc9d9-ddb5-4fa4-a97d-d965ccfc6d4b" outcome="Passed" testListId="8c84fa94-04c1-424b-9868-57a2d4851a1d" relativeResultsDirectory="e47e9b3f-5d59-4316-9472-00f5dbebb099">
    </UnitTestResult>
    <UnitTestResult executionId="3b6039ae-6ff7-4741-96ee-527805a92935" testId="809902e6-5c64-c35c-89c5-d13cd243728a" testName="should_return_achievement_for_killing_1000_zombies" computerName="JUSTIN-LAPTOP" duration="00:00:00.0016407" startTime="2010-12-03T17:28:37.1049944-06:00" endTime="2010-12-03T17:28:37.1119948-06:00" testType="13cdc9d9-ddb5-4fa4-a97d-d965ccfc6d4b" outcome="Passed" testListId="8c84fa94-04c1-424b-9868-57a2d4851a1d" relativeResultsDirectory="3b6039ae-6ff7-4741-96ee-527805a92935">
    </UnitTestResult>
    <UnitTestResult executionId="22fcb838-774d-475f-bd3f-d93d359331b8" testId="8139f5f3-bee3-cd07-2820-fcf4f70f9ff0" testName="should_return_peak_attack" computerName="JUSTIN-LAPTOP" duration="00:00:00.0330083" startTime="2010-12-03T17:28:37.1139949-06:00" endTime="2010-12-03T17:28:37.1509970-06:00" testType="13cdc9d9-ddb5-4fa4-a97d-d965ccfc6d4b" outcome="Passed" testListId="8c84fa94-04c1-424b-9868-57a2d4851a1d" relativeResultsDirectory="22fcb838-774d-475f-bd3f-d93d359331b8">
    </UnitTestResult>
    <UnitTestResult executionId="1952a4d9-b001-4162-ad16-5890dba5b1c3" testId="81cb2920-61d9-e3df-f3bf-c3ed245e0ab0" testName="should_disregard_if_user_does_not_exist" computerName="JUSTIN-LAPTOP" duration="00:00:00.0049862" startTime="2010-12-03T17:28:37.1529971-06:00" endTime="2010-12-03T17:28:37.1619976-06:00" testType="13cdc9d9-ddb5-4fa4-a97d-d965ccfc6d4b" outcome="Passed" testListId="8c84fa94-04c1-424b-9868-57a2d4851a1d" relativeResultsDirectory="1952a4d9-b001-4162-ad16-5890dba5b1c3">
    </UnitTestResult>
    <UnitTestResult executionId="b75b1db6-8a21-49d5-a040-85604f341e70" testId="826e8ace-63e9-1203-1d2b-d3cb1c0565d3" testName="should_insert_user_counts" computerName="JUSTIN-LAPTOP" duration="00:00:00.0029151" startTime="2010-12-03T17:28:37.1639978-06:00" endTime="2010-12-03T17:28:37.1719982-06:00" testType="13cdc9d9-ddb5-4fa4-a97d-d965ccfc6d4b" outcome="Passed" testListId="8c84fa94-04c1-424b-9868-57a2d4851a1d" relativeResultsDirectory="b75b1db6-8a21-49d5-a040-85604f341e70">
    </UnitTestResult>
    <UnitTestResult executionId="ffcb1d52-d54f-44fe-b62a-e704f6e0949b" testId="83224f41-33be-cb5a-8243-f1cbb7067a6d" testName="should_return_null_for_last_saved_energy_if_user_does_not_exist" computerName="JUSTIN-LAPTOP" duration="00:00:00.0315479" startTime="2010-12-03T17:28:37.1729983-06:00" endTime="2010-12-03T17:28:37.2090003-06:00" testType="13cdc9d9-ddb5-4fa4-a97d-d965ccfc6d4b" outcome="Passed" testListId="8c84fa94-04c1-424b-9868-57a2d4851a1d" relativeResultsDirectory="ffcb1d52-d54f-44fe-b62a-e704f6e0949b">
    </UnitTestResult>
    <UnitTestResult executionId="050bc9f9-f4e6-4071-8100-faddb7c7abe9" testId="847097ef-3573-f329-f9db-f7704607c613" testName="should_return_achievement_for_traveling_100000_miles" computerName="JUSTIN-LAPTOP" duration="00:00:00.0018984" startTime="2010-12-03T17:28:37.2100004-06:00" endTime="2010-12-03T17:28:37.2170008-06:00" testType="13cdc9d9-ddb5-4fa4-a97d-d965ccfc6d4b" outcome="Passed" testListId="8c84fa94-04c1-424b-9868-57a2d4851a1d" relativeResultsDirectory="050bc9f9-f4e6-4071-8100-faddb7c7abe9">
    </UnitTestResult>
    <UnitTestResult executionId="a2a06675-064f-4bf3-9657-8d105d05124f" testId="8522a95f-e160-dcf6-186a-2eac6493fad8" testName="should_disregard_if_safe_house_does_not_have_item" computerName="JUSTIN-LAPTOP" duration="00:00:00.0114664" startTime="2010-12-03T17:28:37.2190009-06:00" endTime="2010-12-03T17:28:37.2360019-06:00" testType="13cdc9d9-ddb5-4fa4-a97d-d965ccfc6d4b" outcome="Passed" testListId="8c84fa94-04c1-424b-9868-57a2d4851a1d" relativeResultsDirectory="a2a06675-064f-4bf3-9657-8d105d05124f">
    </UnitTestResult>
    <UnitTestResult executionId="e2ccfa9f-ec10-47a3-803c-aa927c70a808" testId="8538b685-e301-b4f2-f6ec-7abb74e1fb4b" testName="should_return_accumulated_money" computerName="JUSTIN-LAPTOP" duration="00:00:00.0302767" startTime="2010-12-03T17:28:37.2370019-06:00" endTime="2010-12-03T17:28:37.2720039-06:00" testType="13cdc9d9-ddb5-4fa4-a97d-d965ccfc6d4b" outcome="Passed" testListId="8c84fa94-04c1-424b-9868-57a2d4851a1d" relativeResultsDirectory="e2ccfa9f-ec10-47a3-803c-aa927c70a808">
    </UnitTestResult>
    <UnitTestResult executionId="6ae5368c-556f-4fbc-bc35-025f006f5a8a" testId="86374614-7da2-d70a-a3e6-d86ececa0915" testName="when_checking_user_level_and_zombie_kills_to_update_attributes_should_return_if_user_does_not_exist" computerName="JUSTIN-LAPTOP" duration="00:00:00.0064352" startTime="2010-12-03T17:28:37.2730040-06:00" endTime="2010-12-03T17:28:37.2840046-06:00" testType="13cdc9d9-ddb5-4fa4-a97d-d965ccfc6d4b" outcome="Passed" testListId="8c84fa94-04c1-424b-9868-57a2d4851a1d" relativeResultsDirectory="6ae5368c-556f-4fbc-bc35-025f006f5a8a">
    </UnitTestResult>
    <UnitTestResult executionId="13a00396-46e7-48ef-ac3e-62c69c7b1b19" testId="86693507-7b03-3b4f-52d7-489bc76e87d4" testName="should_return_energy_along_with_any_energy_increase_from_buying_many_of_the_same_item_with_no_items_in_safehouse" computerName="JUSTIN-LAPTOP" duration="00:00:00.0064000" startTime="2010-12-03T17:28:37.2860047-06:00" endTime="2010-12-03T17:28:37.2980054-06:00" testType="13cdc9d9-ddb5-4fa4-a97d-d965ccfc6d4b" outcome="Passed" testListId="8c84fa94-04c1-424b-9868-57a2d4851a1d" relativeResultsDirectory="13a00396-46e7-48ef-ac3e-62c69c7b1b19">
    </UnitTestResult>
    <UnitTestResult executionId="a2465a37-7ec5-41f8-b01c-24e8e3338003" testId="890ef093-5e72-8ed9-1c1c-1c73a74ec8fc" testName="should_set_user_current_base_attack" computerName="JUSTIN-LAPTOP" duration="00:00:00.0311046" startTime="2010-12-03T17:28:37.2990055-06:00" endTime="2010-12-03T17:28:37.3350075-06:00" testType="13cdc9d9-ddb5-4fa4-a97d-d965ccfc6d4b" outcome="Passed" testListId="8c84fa94-04c1-424b-9868-57a2d4851a1d" relativeResultsDirectory="a2465a37-7ec5-41f8-b01c-24e8e3338003">
    </UnitTestResult>
    <UnitTestResult executionId="5185e22f-d36f-463e-bf03-0d74cc634ce7" testId="8ca88260-b717-95ca-37eb-ce8b3138fe45" testName="should_update_last_visited_hotzone_for_user" computerName="JUSTIN-LAPTOP" duration="00:00:00.0283827" startTime="2010-12-03T17:28:37.3370077-06:00" endTime="2010-12-03T17:28:37.3690095-06:00" testType="13cdc9d9-ddb5-4fa4-a97d-d965ccfc6d4b" outcome="Passed" testListId="8c84fa94-04c1-424b-9868-57a2d4851a1d" relativeResultsDirectory="5185e22f-d36f-463e-bf03-0d74cc634ce7">
    </UnitTestResult>
    <UnitTestResult executionId="46c94220-404c-4f50-b5b8-c160596121db" testId="8cca1161-4d2c-f0a6-91e9-079cbe2f9201" testName="should_return_achievement_for_destroying_100_zombie_packs" computerName="JUSTIN-LAPTOP" duration="00:00:00.0013777" startTime="2010-12-03T17:28:37.3710096-06:00" endTime="2010-12-03T17:28:37.3770099-06:00" testType="13cdc9d9-ddb5-4fa4-a97d-d965ccfc6d4b" outcome="Passed" testListId="8c84fa94-04c1-424b-9868-57a2d4851a1d" relativeResultsDirectory="46c94220-404c-4f50-b5b8-c160596121db">
    </UnitTestResult>
    <UnitTestResult executionId="81d08832-890d-4cd7-b319-7e5c44f8c188" testId="8d764dc0-19cc-25ef-1223-85c01764c701" testName="should_return_achievement_for_killing_1000000_zombies" computerName="JUSTIN-LAPTOP" duration="00:00:00.0013416" startTime="2010-12-03T17:28:37.3780100-06:00" endTime="2010-12-03T17:28:37.3840103-06:00" testType="13cdc9d9-ddb5-4fa4-a97d-d965ccfc6d4b" outcome="Passed" testListId="8c84fa94-04c1-424b-9868-57a2d4851a1d" relativeResultsDirectory="81d08832-890d-4cd7-b319-7e5c44f8c188">
    </UnitTestResult>
    <UnitTestResult executionId="a794a09a-1d06-4cdf-a515-23bef0be8d7e" testId="8f46b492-6eff-ef62-7327-4eb38c11c2ef" testName="should_calculate_southern_point" computerName="JUSTIN-LAPTOP" duration="00:00:00.0004651" startTime="2010-12-03T17:28:37.3860105-06:00" endTime="2010-12-03T17:28:37.3910107-06:00" testType="13cdc9d9-ddb5-4fa4-a97d-d965ccfc6d4b" outcome="Passed" testListId="8c84fa94-04c1-424b-9868-57a2d4851a1d" relativeResultsDirectory="a794a09a-1d06-4cdf-a515-23bef0be8d7e">
    </UnitTestResult>
    <UnitTestResult executionId="2a396a26-ae1d-410c-9fef-406e73ad9e12" testId="907b6781-056b-79a9-347c-c66f8f73c993" testName="should_return_rank_based_on_level" computerName="JUSTIN-LAPTOP" duration="00:00:00.1314558" startTime="2010-12-03T17:28:37.3920108-06:00" endTime="2010-12-03T17:28:37.5290186-06:00" testType="13cdc9d9-ddb5-4fa4-a97d-d965ccfc6d4b" outcome="Passed" testListId="8c84fa94-04c1-424b-9868-57a2d4851a1d" relativeResultsDirectory="2a396a26-ae1d-410c-9fef-406e73ad9e12">
    </UnitTestResult>
    <UnitTestResult executionId="aa84909e-ff6d-4277-ab61-f6b595adccd8" testId="9091ae17-a6a8-ad22-153b-b3d1f20f3512" testName="should_return_base_sight_radius_plus_any_equiped_items_that_affect_sight_radius" computerName="JUSTIN-LAPTOP" duration="00:00:00.0143415" startTime="2010-12-03T17:28:37.5310188-06:00" endTime="2010-12-03T17:28:37.5560202-06:00" testType="13cdc9d9-ddb5-4fa4-a97d-d965ccfc6d4b" outcome="Passed" testListId="8c84fa94-04c1-424b-9868-57a2d4851a1d" relativeResultsDirectory="aa84909e-ff6d-4277-ab61-f6b595adccd8">
    </UnitTestResult>
    <UnitTestResult executionId="873980d3-c5a4-41bf-8f89-831665b2d190" testId="936691d3-5e64-b7c4-4f5c-b1989c2cb7e6" testName="should_return_just_1_userrank" computerName="JUSTIN-LAPTOP" duration="00:00:00.0903763" startTime="2010-12-03T17:28:37.5600204-06:00" endTime="2010-12-03T17:28:37.6580260-06:00" testType="13cdc9d9-ddb5-4fa4-a97d-d965ccfc6d4b" outcome="Passed" testListId="8c84fa94-04c1-424b-9868-57a2d4851a1d" relativeResultsDirectory="873980d3-c5a4-41bf-8f89-831665b2d190">
    </UnitTestResult>
    <UnitTestResult executionId="106d7301-25e9-4e9d-a973-e740ec7f2ea0" testId="948eaf49-3d62-1046-def5-d76ed8415a60" testName="should_retrieve_all_safe_houses_within_radius" computerName="JUSTIN-LAPTOP" duration="00:00:00.2236897" startTime="2010-12-03T17:28:37.6600261-06:00" endTime="2010-12-03T17:28:37.8920394-06:00" testType="13cdc9d9-ddb5-4fa4-a97d-d965ccfc6d4b" outcome="Passed" testListId="8c84fa94-04c1-424b-9868-57a2d4851a1d" relativeResultsDirectory="106d7301-25e9-4e9d-a973-e740ec7f2ea0">
    </UnitTestResult>
    <UnitTestResult executionId="708b70ac-f602-4b33-9536-6026bc0a0ad8" testId="95004e80-f255-f931-0117-595d4516dea1" testName="should_return_zombie_packs_destroyed" computerName="JUSTIN-LAPTOP" duration="00:00:00.0593297" startTime="2010-12-03T17:28:37.8950396-06:00" endTime="2010-12-03T17:28:37.9620434-06:00" testType="13cdc9d9-ddb5-4fa4-a97d-d965ccfc6d4b" outcome="Passed" testListId="8c84fa94-04c1-424b-9868-57a2d4851a1d" relativeResultsDirectory="708b70ac-f602-4b33-9536-6026bc0a0ad8">
    </UnitTestResult>
    <UnitTestResult executionId="ef2b32f0-4956-4bca-ae06-3ec646c86e4f" testId="95252275-5d7e-5275-9816-a53a17373eae" testName="should_return_calcuated_sight_radius_for_user_based_on_minutes_passed_since_last_saved_sight_radius" computerName="JUSTIN-LAPTOP" duration="00:00:00.0119105" startTime="2010-12-03T17:28:37.9640435-06:00" endTime="2010-12-03T17:28:37.9970454-06:00" testType="13cdc9d9-ddb5-4fa4-a97d-d965ccfc6d4b" outcome="Passed" testListId="8c84fa94-04c1-424b-9868-57a2d4851a1d" relativeResultsDirectory="ef2b32f0-4956-4bca-ae06-3ec646c86e4f">
    </UnitTestResult>
    <UnitTestResult executionId="eebb7369-fe7c-4d7b-9aa5-334a11f81751" testId="95c19639-802d-b1a1-d6b5-8e055a02797d" testName="should_return_achievement_for_killing_10000_zombies" computerName="JUSTIN-LAPTOP" duration="00:00:00.0016638" startTime="2010-12-03T17:28:37.9990455-06:00" endTime="2010-12-03T17:28:38.0060459-06:00" testType="13cdc9d9-ddb5-4fa4-a97d-d965ccfc6d4b" outcome="Passed" testListId="8c84fa94-04c1-424b-9868-57a2d4851a1d" relativeResultsDirectory="eebb7369-fe7c-4d7b-9aa5-334a11f81751">
    </UnitTestResult>
    <UnitTestResult executionId="fa3cc8f8-30d8-4144-8e7c-371d833a0a5f" testId="95fac6cd-cd0a-1020-088f-f907c1eb2032" testName="should_set_base_line_for_users_max_potential_if_last_hotzone_visited_is_null" computerName="JUSTIN-LAPTOP" duration="00:00:00.0182879" startTime="2010-12-03T17:28:38.0080460-06:00" endTime="2010-12-03T17:28:38.0310474-06:00" testType="13cdc9d9-ddb5-4fa4-a97d-d965ccfc6d4b" outcome="Passed" testListId="8c84fa94-04c1-424b-9868-57a2d4851a1d" relativeResultsDirectory="fa3cc8f8-30d8-4144-8e7c-371d833a0a5f">
    </UnitTestResult>
    <UnitTestResult executionId="257c8b71-8b78-437d-8b35-70ad667d3552" testId="9654d44e-cffe-084f-c793-37a48f54fd16" testName="should_retrieve_safe_houses_associated_with_hotzone" computerName="JUSTIN-LAPTOP" duration="00:00:00.0513910" startTime="2010-12-03T17:28:38.0330475-06:00" endTime="2010-12-03T17:28:38.0890507-06:00" testType="13cdc9d9-ddb5-4fa4-a97d-d965ccfc6d4b" outcome="Passed" testListId="8c84fa94-04c1-424b-9868-57a2d4851a1d" relativeResultsDirectory="257c8b71-8b78-437d-8b35-70ad667d3552">
    </UnitTestResult>
    <UnitTestResult executionId="bb2ce347-5d53-44d3-a4a6-40f98a8e7e68" testId="9829ccd4-7897-563f-fa8f-058ccd4d2394" testName="should_return_null_if_user_does_not_exist" computerName="JUSTIN-LAPTOP" duration="00:00:00.0417861" startTime="2010-12-03T17:28:38.0900507-06:00" endTime="2010-12-03T17:28:38.1380535-06:00" testType="13cdc9d9-ddb5-4fa4-a97d-d965ccfc6d4b" outcome="Passed" testListId="8c84fa94-04c1-424b-9868-57a2d4851a1d" relativeResultsDirectory="bb2ce347-5d53-44d3-a4a6-40f98a8e7e68">
    </UnitTestResult>
    <UnitTestResult executionId="e7ac986c-5d7f-4423-a726-59067eac2132" testId="986c501e-f914-4dd0-53c3-b0c1bdfdf5be" testName="should_return_true_if_hotzone_exists" computerName="JUSTIN-LAPTOP" duration="00:00:00.0687688" startTime="2010-12-03T17:28:38.1400536-06:00" endTime="2010-12-03T17:28:38.2130578-06:00" testType="13cdc9d9-ddb5-4fa4-a97d-d965ccfc6d4b" outcome="Passed" testListId="8c84fa94-04c1-424b-9868-57a2d4851a1d" relativeResultsDirectory="e7ac986c-5d7f-4423-a726-59067eac2132">
    </UnitTestResult>
    <UnitTestResult executionId="e47b1bb0-af7b-4896-90bf-ece2dac8bfb4" testId="99355754-b969-f315-3b5a-88e1622f783a" testName="should_set_last_energy_date_to_datetimenow_if_its_null_but_last_energy_isnt" computerName="JUSTIN-LAPTOP" duration="00:00:00.0616528" startTime="2010-12-03T17:28:38.2150579-06:00" endTime="2010-12-03T17:28:38.2820617-06:00" testType="13cdc9d9-ddb5-4fa4-a97d-d965ccfc6d4b" outcome="Passed" testListId="8c84fa94-04c1-424b-9868-57a2d4851a1d" relativeResultsDirectory="e47b1bb0-af7b-4896-90bf-ece2dac8bfb4">
    </UnitTestResult>
    <UnitTestResult executionId="72b7e85a-2f3d-44ce-80cf-4414bae36f1c" testId="99d5bdbd-2ac1-c2dd-bd8e-ff998f163943" testName="should_disregard_creation_if_user_already_exists_for_facebookId" computerName="JUSTIN-LAPTOP" duration="00:00:00.0075131" startTime="2010-12-03T17:28:38.2840618-06:00" endTime="2010-12-03T17:28:38.2990627-06:00" testType="13cdc9d9-ddb5-4fa4-a97d-d965ccfc6d4b" outcome="Passed" testListId="8c84fa94-04c1-424b-9868-57a2d4851a1d" relativeResultsDirectory="72b7e85a-2f3d-44ce-80cf-4414bae36f1c">
    </UnitTestResult>
    <UnitTestResult executionId="22583d23-7cc5-40c4-b1cd-3d0027487481" testId="9a36c4f0-6e47-6967-5e76-948bbb7a2e79" testName="should_perform_partial_move_if_user_doesnt_have_enough_energy_to_go_the_entire_length" computerName="JUSTIN-LAPTOP" duration="00:00:00.0107419" startTime="2010-12-03T17:28:38.3010628-06:00" endTime="2010-12-03T17:28:38.3190638-06:00" testType="13cdc9d9-ddb5-4fa4-a97d-d965ccfc6d4b" outcome="Passed" testListId="8c84fa94-04c1-424b-9868-57a2d4851a1d" relativeResultsDirectory="22583d23-7cc5-40c4-b1cd-3d0027487481">
    </UnitTestResult>
    <UnitTestResult executionId="271e4950-b9a1-41a0-add6-71e594945978" testId="9a78eead-dd54-3b88-317e-c7ec25cf0f93" testName="should_throw_error_if_trying_update_user_level_and_user_does_not_exist" computerName="JUSTIN-LAPTOP" duration="00:00:00.0458663" startTime="2010-12-03T17:28:38.3220640-06:00" endTime="2010-12-03T17:28:38.3730669-06:00" testType="13cdc9d9-ddb5-4fa4-a97d-d965ccfc6d4b" outcome="Passed" testListId="8c84fa94-04c1-424b-9868-57a2d4851a1d" relativeResultsDirectory="271e4950-b9a1-41a0-add6-71e594945978">
    </UnitTestResult>
    <UnitTestResult executionId="f8e6be39-4c18-4dd5-8c0c-d32f83e149dd" testId="9a7f21c9-61b5-30cc-38aa-34a79b6a0201" testName="should_take_into_consideration_equipped_items_when_determining_max_energy" computerName="JUSTIN-LAPTOP" duration="00:00:00.0123279" startTime="2010-12-03T17:28:38.3740670-06:00" endTime="2010-12-03T17:28:38.3930681-06:00" testType="13cdc9d9-ddb5-4fa4-a97d-d965ccfc6d4b" outcome="Passed" testListId="8c84fa94-04c1-424b-9868-57a2d4851a1d" relativeResultsDirectory="f8e6be39-4c18-4dd5-8c0c-d32f83e149dd">
    </UnitTestResult>
    <UnitTestResult executionId="44328164-3ec7-4ed3-b8af-9be65485731d" testId="9c6c437e-182b-5735-6616-67dd466d97ca" testName="should_return_if_item_is_not_one_time_use_item" computerName="JUSTIN-LAPTOP" duration="00:00:00.0097783" startTime="2010-12-03T17:28:38.3950682-06:00" endTime="2010-12-03T17:28:38.4120691-06:00" testType="13cdc9d9-ddb5-4fa4-a97d-d965ccfc6d4b" outcome="Passed" testListId="8c84fa94-04c1-424b-9868-57a2d4851a1d" relativeResultsDirectory="44328164-3ec7-4ed3-b8af-9be65485731d">
    </UnitTestResult>
    <UnitTestResult executionId="7fb20b1e-06c5-4d07-ae80-9b28d423aa60" testId="9d65c075-cd74-d595-76f3-d465e66be801" testName="should_return_true_if_item_does_exist" computerName="JUSTIN-LAPTOP" duration="00:00:00.0419835" startTime="2010-12-03T17:28:38.4140693-06:00" endTime="2010-12-03T17:28:38.4630721-06:00" testType="13cdc9d9-ddb5-4fa4-a97d-d965ccfc6d4b" outcome="Passed" testListId="8c84fa94-04c1-424b-9868-57a2d4851a1d" relativeResultsDirectory="7fb20b1e-06c5-4d07-ae80-9b28d423aa60">
    </UnitTestResult>
    <UnitTestResult executionId="54943857-6604-4339-8aa9-452fa37e338c" testId="9d81df93-5250-1a02-c112-738e62d8d757" testName="should_return_null_if_zombie_pack_does_not_exist" computerName="JUSTIN-LAPTOP" duration="00:00:00.0314328" startTime="2010-12-03T17:28:38.4670723-06:00" endTime="2010-12-03T17:28:38.5060745-06:00" testType="13cdc9d9-ddb5-4fa4-a97d-d965ccfc6d4b" outcome="Passed" testListId="8c84fa94-04c1-424b-9868-57a2d4851a1d" relativeResultsDirectory="54943857-6604-4339-8aa9-452fa37e338c">
    </UnitTestResult>
    <UnitTestResult executionId="41e3abd3-3105-4e28-b993-c56975f1e4f6" testId="9dde4be1-7360-a906-9538-025b609b4796" testName="should_set_last_sight_radius_date_to_datetimenow_if_its_null_but_last_sight_radius_isnt" computerName="JUSTIN-LAPTOP" duration="00:00:00.0687235" startTime="2010-12-03T17:28:38.5080746-06:00" endTime="2010-12-03T17:28:38.5830789-06:00" testType="13cdc9d9-ddb5-4fa4-a97d-d965ccfc6d4b" outcome="Passed" testListId="8c84fa94-04c1-424b-9868-57a2d4851a1d" relativeResultsDirectory="41e3abd3-3105-4e28-b993-c56975f1e4f6">
    </UnitTestResult>
    <UnitTestResult executionId="63fc4236-fa8f-4589-94ed-c31708f77ca6" testId="9e0a45ef-94e7-5d2e-296e-d43084cdb72d" testName="should_set_energy_to_100_for_user_who_exists_but_does_not_have_a_max_energy_value" computerName="JUSTIN-LAPTOP" duration="00:00:00.0107455" startTime="2010-12-03T17:28:38.5860791-06:00" endTime="2010-12-03T17:28:38.6040801-06:00" testType="13cdc9d9-ddb5-4fa4-a97d-d965ccfc6d4b" outcome="Passed" testListId="8c84fa94-04c1-424b-9868-57a2d4851a1d" relativeResultsDirectory="63fc4236-fa8f-4589-94ed-c31708f77ca6">
    </UnitTestResult>
    <UnitTestResult executionId="5bf29984-10b7-4d69-a982-a4716586626f" testId="9e682854-c61c-e4ee-d65c-e57b13656d39" testName="should_not_hunt_if_zombie_pack_doesnt_exist" computerName="JUSTIN-LAPTOP" duration="00:00:00.0047337" startTime="2010-12-03T17:28:38.6080804-06:00" endTime="2010-12-03T17:28:38.6200810-06:00" testType="13cdc9d9-ddb5-4fa4-a97d-d965ccfc6d4b" outcome="Passed" testListId="8c84fa94-04c1-424b-9868-57a2d4851a1d" relativeResultsDirectory="5bf29984-10b7-4d69-a982-a4716586626f">
    </UnitTestResult>
    <UnitTestResult executionId="c194441f-c28f-4dbf-99fe-c45350a7e5b7" testId="9f145708-6c3c-b063-e40e-7d892e8c9ec8" testName="should_return_null_if_single_hotzone_doesnt_exist" computerName="JUSTIN-LAPTOP" duration="00:00:00.0643398" startTime="2010-12-03T17:28:38.6220812-06:00" endTime="2010-12-03T17:28:38.6930852-06:00" testType="13cdc9d9-ddb5-4fa4-a97d-d965ccfc6d4b" outcome="Passed" testListId="8c84fa94-04c1-424b-9868-57a2d4851a1d" relativeResultsDirectory="c194441f-c28f-4dbf-99fe-c45350a7e5b7">
    </UnitTestResult>
    <UnitTestResult executionId="a9d997ca-6130-4171-b143-f987d9f8b50e" testId="9f650caf-3801-3ddc-df66-451ef0461b2d" testName="should_return_0_if_user_does_not_exist" computerName="JUSTIN-LAPTOP" duration="00:00:00.0027461" startTime="2010-12-03T17:28:38.6950853-06:00" endTime="2010-12-03T17:28:38.7070860-06:00" testType="13cdc9d9-ddb5-4fa4-a97d-d965ccfc6d4b" outcome="Passed" testListId="8c84fa94-04c1-424b-9868-57a2d4851a1d" relativeResultsDirectory="a9d997ca-6130-4171-b143-f987d9f8b50e">
    </UnitTestResult>
    <UnitTestResult executionId="a16574f8-9a07-41b1-b41f-aa76a13a76a8" testId="a082c5ab-9e9e-f9a3-c9b1-3688e77d4b93" testName="should_throw_error_when_returning_last_visited_hotzone_if_user_doesnt_exist" computerName="JUSTIN-LAPTOP" duration="00:00:00.0301738" startTime="2010-12-03T17:28:38.7090861-06:00" endTime="2010-12-03T17:28:38.7460882-06:00" testType="13cdc9d9-ddb5-4fa4-a97d-d965ccfc6d4b" outcome="Passed" testListId="8c84fa94-04c1-424b-9868-57a2d4851a1d" relativeResultsDirectory="a16574f8-9a07-41b1-b41f-aa76a13a76a8">
    </UnitTestResult>
    <UnitTestResult executionId="3d2be8e8-56af-4792-b51d-60ef7ecb15a7" testId="a2865b2e-10f7-d550-33c8-b7ec8623e85f" testName="should_set_last_saved_sight_radius_to_base_sight_radius_if_last_saved_radius_does_not_exist" computerName="JUSTIN-LAPTOP" duration="00:00:00.0089148" startTime="2010-12-03T17:28:38.7470883-06:00" endTime="2010-12-03T17:28:38.7630892-06:00" testType="13cdc9d9-ddb5-4fa4-a97d-d965ccfc6d4b" outcome="Passed" testListId="8c84fa94-04c1-424b-9868-57a2d4851a1d" relativeResultsDirectory="3d2be8e8-56af-4792-b51d-60ef7ecb15a7">
    </UnitTestResult>
    <UnitTestResult executionId="e251c7e0-275c-4a56-b31a-5484ca533f66" testId="a2cd0fe1-b87c-c070-6665-87346857dbcd" testName="given_user_has_money_and_items_in_safe_house_and_can_buy_items_should_return_the_energy_that_is_greater_between_safehouse_items_and_store_items" computerName="JUSTIN-LAPTOP" duration="00:00:00.0073591" startTime="2010-12-03T17:28:38.7650893-06:00" endTime="2010-12-03T17:28:38.7780901-06:00" testType="13cdc9d9-ddb5-4fa4-a97d-d965ccfc6d4b" outcome="Passed" testListId="8c84fa94-04c1-424b-9868-57a2d4851a1d" relativeResultsDirectory="e251c7e0-275c-4a56-b31a-5484ca533f66">
    </UnitTestResult>
    <UnitTestResult executionId="14f2c5bc-9fa4-4ae1-beab-6e8d40d84ce7" testId="a3c6ca82-cc13-6187-156d-3e74897a9d8f" testName="should_return_a_hunt_count_of_11_to_15_if_resolved_as_an_medium_hotzone" computerName="JUSTIN-LAPTOP" duration="00:00:00.0112075" startTime="2010-12-03T17:28:38.7800902-06:00" endTime="2010-12-03T17:28:38.7970912-06:00" testType="13cdc9d9-ddb5-4fa4-a97d-d965ccfc6d4b" outcome="Passed" testListId="8c84fa94-04c1-424b-9868-57a2d4851a1d" relativeResultsDirectory="14f2c5bc-9fa4-4ae1-beab-6e8d40d84ce7">
    </UnitTestResult>
    <UnitTestResult executionId="eac91b3e-f484-497e-a292-e0af3363dbc5" testId="a4df90b5-6a65-c11c-9306-ae984a6862f3" testName="should_return_achievement_for_peak_zombies_100" computerName="JUSTIN-LAPTOP" duration="00:00:00.0019183" startTime="2010-12-03T17:28:38.7990913-06:00" endTime="2010-12-03T17:28:38.8230927-06:00" testType="13cdc9d9-ddb5-4fa4-a97d-d965ccfc6d4b" outcome="Passed" testListId="8c84fa94-04c1-424b-9868-57a2d4851a1d" relativeResultsDirectory="eac91b3e-f484-497e-a292-e0af3363dbc5">
    </UnitTestResult>
    <UnitTestResult executionId="a2a4a11c-7206-4f93-b4ba-894175d81b95" testId="a4e874d3-81be-9f49-2511-92f0df88cee7" testName="should_throw_exception_when_returning_baseline_energy_for_user_that_doesnt_exist" computerName="JUSTIN-LAPTOP" duration="00:00:00.0219158" startTime="2010-12-03T17:28:38.8250928-06:00" endTime="2010-12-03T17:28:38.8530944-06:00" testType="13cdc9d9-ddb5-4fa4-a97d-d965ccfc6d4b" outcome="Passed" testListId="8c84fa94-04c1-424b-9868-57a2d4851a1d" relativeResultsDirectory="a2a4a11c-7206-4f93-b4ba-894175d81b95">
    </UnitTestResult>
    <UnitTestResult executionId="aa98433e-8d85-4e53-afd1-d009161f1299" testId="a5d1a057-084a-abb3-2d76-06c401ccb8d8" testName="should_return_false_if_store_does_not_exist" computerName="JUSTIN-LAPTOP" duration="00:00:00.0245457" startTime="2010-12-03T17:28:38.8550945-06:00" endTime="2010-12-03T17:28:38.8830961-06:00" testType="13cdc9d9-ddb5-4fa4-a97d-d965ccfc6d4b" outcome="Passed" testListId="8c84fa94-04c1-424b-9868-57a2d4851a1d" relativeResultsDirectory="aa98433e-8d85-4e53-afd1-d009161f1299">
    </UnitTestResult>
    <UnitTestResult executionId="8fbe6114-9aed-4860-8b42-b9f5a229bf76" testId="a679c5ef-1cea-4e1b-1357-8b9bcd95b672" testName="should_not_insert_empty_record_for_user_if_non_exists" computerName="JUSTIN-LAPTOP" duration="00:00:00.0355786" startTime="2010-12-03T17:28:38.8850962-06:00" endTime="2010-12-03T17:28:38.9250985-06:00" testType="13cdc9d9-ddb5-4fa4-a97d-d965ccfc6d4b" outcome="Passed" testListId="8c84fa94-04c1-424b-9868-57a2d4851a1d" relativeResultsDirectory="8fbe6114-9aed-4860-8b42-b9f5a229bf76">
    </UnitTestResult>
    <UnitTestResult executionId="21d7b8a2-4d7c-4006-ab11-ff8d2c723d0e" testId="a6b9a5f6-83d7-1eba-5a05-ac8e16d1f134" testName="should_retrieve_users_current_level" computerName="JUSTIN-LAPTOP" duration="00:00:00.0229795" startTime="2010-12-03T17:28:38.9280987-06:00" endTime="2010-12-03T17:28:38.9551002-06:00" testType="13cdc9d9-ddb5-4fa4-a97d-d965ccfc6d4b" outcome="Passed" testListId="8c84fa94-04c1-424b-9868-57a2d4851a1d" relativeResultsDirectory="21d7b8a2-4d7c-4006-ab11-ff8d2c723d0e">
    </UnitTestResult>
    <UnitTestResult executionId="3d17c49c-245e-4f90-9065-db3a2db3edad" testId="a7658188-1d86-06a8-b6f3-6e5c757f83b4" testName="should_set_user_level" computerName="JUSTIN-LAPTOP" duration="00:00:00.0296186" startTime="2010-12-03T17:28:38.9571003-06:00" endTime="2010-12-03T17:28:38.9931024-06:00" testType="13cdc9d9-ddb5-4fa4-a97d-d965ccfc6d4b" outcome="Passed" testListId="8c84fa94-04c1-424b-9868-57a2d4851a1d" relativeResultsDirectory="3d17c49c-245e-4f90-9065-db3a2db3edad">
    </UnitTestResult>
    <UnitTestResult executionId="31e3121e-c22d-4125-968a-14a68c3d1029" testId="a7c3501c-4b66-95e5-cfa7-a3027a1486c4" testName="should_return_current_zombie_pack_progress_if_user_has_already_visited_zombie_pack" computerName="JUSTIN-LAPTOP" duration="00:00:00.0063230" startTime="2010-12-03T17:28:38.9951025-06:00" endTime="2010-12-03T17:28:39.0121035-06:00" testType="13cdc9d9-ddb5-4fa4-a97d-d965ccfc6d4b" outcome="Passed" testListId="8c84fa94-04c1-424b-9868-57a2d4851a1d" relativeResultsDirectory="31e3121e-c22d-4125-968a-14a68c3d1029">
    </UnitTestResult>
    <UnitTestResult executionId="1d977ea5-4222-4532-a0a0-4d35064118f0" testId="a882d58c-8888-fab1-21e4-618bb71ae1ce" testName="should_retrieve_stores_associated_with_hotzone" computerName="JUSTIN-LAPTOP" duration="00:00:00.0251219" startTime="2010-12-03T17:28:39.0131035-06:00" endTime="2010-12-03T17:28:39.0431052-06:00" testType="13cdc9d9-ddb5-4fa4-a97d-d965ccfc6d4b" outcome="Passed" testListId="8c84fa94-04c1-424b-9868-57a2d4851a1d" relativeResultsDirectory="1d977ea5-4222-4532-a0a0-4d35064118f0">
    </UnitTestResult>
    <UnitTestResult executionId="7d39a203-836c-4c36-8716-5582cb40321d" testId="a92236ed-a367-c7c7-0a25-b11ae709bcb3" testName="should_throw_error_when_returning_user_energy_and_user_doesnt_exist" computerName="JUSTIN-LAPTOP" duration="00:00:00.0219742" startTime="2010-12-03T17:28:39.0451054-06:00" endTime="2010-12-03T17:28:39.0721069-06:00" testType="13cdc9d9-ddb5-4fa4-a97d-d965ccfc6d4b" outcome="Passed" testListId="8c84fa94-04c1-424b-9868-57a2d4851a1d" relativeResultsDirectory="7d39a203-836c-4c36-8716-5582cb40321d">
    </UnitTestResult>
    <UnitTestResult executionId="73048952-956b-4e72-a1dc-ae1ae8893e75" testId="a95e4141-d767-b753-e492-b99e6f8ee705" testName="should_return_all_zombie_packs_in_radius" computerName="JUSTIN-LAPTOP" duration="00:00:00.0568307" startTime="2010-12-03T17:28:39.0731070-06:00" endTime="2010-12-03T17:28:39.1351105-06:00" testType="13cdc9d9-ddb5-4fa4-a97d-d965ccfc6d4b" outcome="Passed" testListId="8c84fa94-04c1-424b-9868-57a2d4851a1d" relativeResultsDirectory="73048952-956b-4e72-a1dc-ae1ae8893e75">
    </UnitTestResult>
    <UnitTestResult executionId="b6834ecc-d421-4696-b8b2-1502c48543aa" testId="aac835be-7dca-bf39-4e90-f32eb9f2669d" testName="should_throw_error_when_returning_money_if_user_does_not_exist" computerName="JUSTIN-LAPTOP" duration="00:00:00.0411139" startTime="2010-12-03T17:28:39.1371106-06:00" endTime="2010-12-03T17:28:39.1831132-06:00" testType="13cdc9d9-ddb5-4fa4-a97d-d965ccfc6d4b" outcome="Passed" testListId="8c84fa94-04c1-424b-9868-57a2d4851a1d" relativeResultsDirectory="b6834ecc-d421-4696-b8b2-1502c48543aa">
    </UnitTestResult>
    <UnitTestResult executionId="d1aa4139-e0d4-4977-9214-b889ee4b7fa5" testId="aaf613d0-debf-b348-f6a8-625b151b543d" testName="should_save_user_max_energy" computerName="JUSTIN-LAPTOP" duration="00:00:00.0264664" startTime="2010-12-03T17:28:39.1851134-06:00" endTime="2010-12-03T17:28:39.2171152-06:00" testType="13cdc9d9-ddb5-4fa4-a97d-d965ccfc6d4b" outcome="Passed" testListId="8c84fa94-04c1-424b-9868-57a2d4851a1d" relativeResultsDirectory="d1aa4139-e0d4-4977-9214-b889ee4b7fa5">
    </UnitTestResult>
    <UnitTestResult executionId="05b3d464-0232-4ca1-8cb8-4f39650a0683" testId="abb8373c-7671-9802-6d68-5c17e7124ebd" testName="should_record_hotzone_destoryed_if_hunting_cleared_hotzone" computerName="JUSTIN-LAPTOP" duration="00:00:00.0165819" startTime="2010-12-03T17:28:39.2191153-06:00" endTime="2010-12-03T17:28:39.2401165-06:00" testType="13cdc9d9-ddb5-4fa4-a97d-d965ccfc6d4b" outcome="Passed" testListId="8c84fa94-04c1-424b-9868-57a2d4851a1d" relativeResultsDirectory="05b3d464-0232-4ca1-8cb8-4f39650a0683">
    </UnitTestResult>
    <UnitTestResult executionId="4a9bda72-6233-48a9-b356-a2c675fb225b" testId="ac6fd380-aa69-7042-79c1-72e377d208c7" testName="should_update_users_zone_id_if_user_is_at_a_zombie_pack_location" computerName="JUSTIN-LAPTOP" duration="00:00:00.0153403" startTime="2010-12-03T17:28:39.2411166-06:00" endTime="2010-12-03T17:28:39.2621178-06:00" testType="13cdc9d9-ddb5-4fa4-a97d-d965ccfc6d4b" outcome="Passed" testListId="8c84fa94-04c1-424b-9868-57a2d4851a1d" relativeResultsDirectory="4a9bda72-6233-48a9-b356-a2c675fb225b">
    </UnitTestResult>
    <UnitTestResult executionId="053a7da5-10b3-4bbb-8666-ca61198c5d82" testId="af74033c-8ac7-9c6c-bed1-b5a7d2c06950" testName="should_set_latitude_longitude_position_for_hotzone" computerName="JUSTIN-LAPTOP" duration="00:00:00.0057071" startTime="2010-12-03T17:28:39.2641179-06:00" endTime="2010-12-03T17:28:39.2741185-06:00" testType="13cdc9d9-ddb5-4fa4-a97d-d965ccfc6d4b" outcome="Passed" testListId="8c84fa94-04c1-424b-9868-57a2d4851a1d" relativeResultsDirectory="053a7da5-10b3-4bbb-8666-ca61198c5d82">
    </UnitTestResult>
    <UnitTestResult executionId="ea9d0f33-82da-4330-9bdf-38ae9a69738d" testId="b0037f39-501d-0ae0-4207-fd773fffa4a6" testName="should_return_energy_along_with_any_energy_increase_from_buying_different_items_and_no_items_in_safehouse" computerName="JUSTIN-LAPTOP" duration="00:00:00.0066119" startTime="2010-12-03T17:28:39.2761186-06:00" endTime="2010-12-03T17:28:39.2881193-06:00" testType="13cdc9d9-ddb5-4fa4-a97d-d965ccfc6d4b" outcome="Passed" testListId="8c84fa94-04c1-424b-9868-57a2d4851a1d" relativeResultsDirectory="ea9d0f33-82da-4330-9bdf-38ae9a69738d">
    </UnitTestResult>
    <UnitTestResult executionId="4c5eab51-d811-43f7-927f-12f2910ca397" testId="b16bd29a-b3d8-bf0d-809b-edcc4ff2fca0" testName="should_return_hotzone_as_cleared" computerName="JUSTIN-LAPTOP" duration="00:00:00.1214299" startTime="2010-12-03T17:28:39.2891193-06:00" endTime="2010-12-03T17:28:39.4161266-06:00" testType="13cdc9d9-ddb5-4fa4-a97d-d965ccfc6d4b" outcome="Passed" testListId="8c84fa94-04c1-424b-9868-57a2d4851a1d" relativeResultsDirectory="4c5eab51-d811-43f7-927f-12f2910ca397">
    </UnitTestResult>
    <UnitTestResult executionId="850efc6c-1159-4c6b-8cfa-b2f05e588ca8" testId="b25aa57b-bb9a-f05f-4179-18f54e514dcd" testName="should_change_users_energy_if_item_has_energy_attribute_not_equal_to_zero" computerName="JUSTIN-LAPTOP" duration="00:00:00.0094456" startTime="2010-12-03T17:28:39.4181267-06:00" endTime="2010-12-03T17:28:39.4331275-06:00" testType="13cdc9d9-ddb5-4fa4-a97d-d965ccfc6d4b" outcome="Passed" testListId="8c84fa94-04c1-424b-9868-57a2d4851a1d" relativeResultsDirectory="850efc6c-1159-4c6b-8cfa-b2f05e588ca8">
    </UnitTestResult>
    <UnitTestResult executionId="46e36818-4faf-4c7d-b382-80fdac68c342" testId="b28183ac-a700-53c3-0c4c-4c663c3d39eb" testName="should_set_to_max_energy_if_item_energy_is_greater_than_max" computerName="JUSTIN-LAPTOP" duration="00:00:00.0088086" startTime="2010-12-03T17:28:39.4351277-06:00" endTime="2010-12-03T17:28:39.4491285-06:00" testType="13cdc9d9-ddb5-4fa4-a97d-d965ccfc6d4b" outcome="Passed" testListId="8c84fa94-04c1-424b-9868-57a2d4851a1d" relativeResultsDirectory="46e36818-4faf-4c7d-b382-80fdac68c342">
    </UnitTestResult>
    <UnitTestResult executionId="afc4f6da-d08a-4eec-b341-6900eebc4123" testId="b32170cc-6301-2795-2015-78cba1f92dc0" testName="should_return_0_for_energy_if_user_does_not_exist" computerName="JUSTIN-LAPTOP" duration="00:00:00.0039042" startTime="2010-12-03T17:28:39.4501285-06:00" endTime="2010-12-03T17:28:39.4601291-06:00" testType="13cdc9d9-ddb5-4fa4-a97d-d965ccfc6d4b" outcome="Passed" testListId="8c84fa94-04c1-424b-9868-57a2d4851a1d" relativeResultsDirectory="afc4f6da-d08a-4eec-b341-6900eebc4123">
    </UnitTestResult>
    <UnitTestResult executionId="448a2f72-9fa5-460d-9e58-ebc049eff905" testId="b3df8862-1b3b-daec-78d1-26c8d0d4c769" testName="should_set_peak_attack_if_greater_than_whats_currently_saved" computerName="JUSTIN-LAPTOP" duration="00:00:00.0248350" startTime="2010-12-03T17:28:39.4621292-06:00" endTime="2010-12-03T17:28:39.4921309-06:00" testType="13cdc9d9-ddb5-4fa4-a97d-d965ccfc6d4b" outcome="Passed" testListId="8c84fa94-04c1-424b-9868-57a2d4851a1d" relativeResultsDirectory="448a2f72-9fa5-460d-9e58-ebc049eff905">
    </UnitTestResult>
    <UnitTestResult executionId="9bf57c24-86ec-4cdf-9c57-f06a991b2726" testId="b3e73d9f-e8d5-d40e-f226-223e65b83b5c" testName="should_return_false_if_facebook_user_doesnt_exist" computerName="JUSTIN-LAPTOP" duration="00:00:00.0236801" startTime="2010-12-03T17:28:39.4941310-06:00" endTime="2010-12-03T17:28:39.5241328-06:00" testType="13cdc9d9-ddb5-4fa4-a97d-d965ccfc6d4b" outcome="Passed" testListId="8c84fa94-04c1-424b-9868-57a2d4851a1d" relativeResultsDirectory="9bf57c24-86ec-4cdf-9c57-f06a991b2726">
    </UnitTestResult>
    <UnitTestResult executionId="011333e9-e8ce-4481-ac7b-fe193d4c3228" testId="b56cc93a-1a34-87ca-906c-3850d1ae7b74" testName="should_disregard_safehouse_items_that_are_one_use" computerName="JUSTIN-LAPTOP" duration="00:00:00.0068753" startTime="2010-12-03T17:28:39.5271329-06:00" endTime="2010-12-03T17:28:39.5411337-06:00" testType="13cdc9d9-ddb5-4fa4-a97d-d965ccfc6d4b" outcome="Passed" testListId="8c84fa94-04c1-424b-9868-57a2d4851a1d" relativeResultsDirectory="011333e9-e8ce-4481-ac7b-fe193d4c3228">
    </UnitTestResult>
    <UnitTestResult executionId="bbf16337-2081-481d-83ea-3fb8c30257a3" testId="b5bf2f35-dde6-66e3-7545-0164ceb4c3bb" testName="should_disregard_one_use_items_that_can_be_bought" computerName="JUSTIN-LAPTOP" duration="00:00:00.0069730" startTime="2010-12-03T17:28:39.5431338-06:00" endTime="2010-12-03T17:28:39.5551345-06:00" testType="13cdc9d9-ddb5-4fa4-a97d-d965ccfc6d4b" outcome="Passed" testListId="8c84fa94-04c1-424b-9868-57a2d4851a1d" relativeResultsDirectory="bbf16337-2081-481d-83ea-3fb8c30257a3">
    </UnitTestResult>
    <UnitTestResult executionId="c8709343-97a9-46d1-9c12-5e8087225917" testId="b60197de-ab24-075d-fbab-bf70fa600887" testName="should_return_falise_if_user_zombie_pack_progress_does_not_exist" computerName="JUSTIN-LAPTOP" duration="00:00:00.1370134" startTime="2010-12-03T17:28:39.5571346-06:00" endTime="2010-12-03T17:28:39.7001428-06:00" testType="13cdc9d9-ddb5-4fa4-a97d-d965ccfc6d4b" outcome="Passed" testListId="8c84fa94-04c1-424b-9868-57a2d4851a1d" relativeResultsDirectory="c8709343-97a9-46d1-9c12-5e8087225917">
    </UnitTestResult>
    <UnitTestResult executionId="b5a74d65-6e89-4906-a574-fefba82aeb92" testId="b8158573-3e0f-248e-b423-b1311e92e807" testName="should_return_a_hunt_count_of_5_to_10_if_resolved_as_an_medium_hotzone" computerName="JUSTIN-LAPTOP" duration="00:00:00.0180217" startTime="2010-12-03T17:28:39.7021429-06:00" endTime="2010-12-03T17:28:39.7271444-06:00" testType="13cdc9d9-ddb5-4fa4-a97d-d965ccfc6d4b" outcome="Passed" testListId="8c84fa94-04c1-424b-9868-57a2d4851a1d" relativeResultsDirectory="b5a74d65-6e89-4906-a574-fefba82aeb92">
    </UnitTestResult>
    <UnitTestResult executionId="3e32717a-424e-4658-b707-85e3cf657cae" testId="b9bdcc23-3882-fdc6-ae71-589fdcc2d732" testName="should_return_users_base_energy_if_user_does_not_have_any_items" computerName="JUSTIN-LAPTOP" duration="00:00:00.0047888" startTime="2010-12-03T17:28:39.7311446-06:00" endTime="2010-12-03T17:28:39.7401451-06:00" testType="13cdc9d9-ddb5-4fa4-a97d-d965ccfc6d4b" outcome="Passed" testListId="8c84fa94-04c1-424b-9868-57a2d4851a1d" relativeResultsDirectory="3e32717a-424e-4658-b707-85e3cf657cae">
    </UnitTestResult>
    <UnitTestResult executionId="27ff358d-179e-43c0-9cab-093f69412b36" testId="b9daaf02-a2df-fc67-bf09-91db90f1040d" testName="should_save_user_last_energy" computerName="JUSTIN-LAPTOP" duration="00:00:00.0252204" startTime="2010-12-03T17:28:39.7411452-06:00" endTime="2010-12-03T17:28:39.7711469-06:00" testType="13cdc9d9-ddb5-4fa4-a97d-d965ccfc6d4b" outcome="Passed" testListId="8c84fa94-04c1-424b-9868-57a2d4851a1d" relativeResultsDirectory="27ff358d-179e-43c0-9cab-093f69412b36">
    </UnitTestResult>
    <UnitTestResult executionId="1f9646d0-d400-4078-ac0f-8755ce928c02" testId="ba822c9a-2244-54af-db34-ae1b0ff7f2ea" testName="the_starting_energy_should_be_100" computerName="JUSTIN-LAPTOP" duration="00:00:00.0253845" startTime="2010-12-03T17:28:39.7731470-06:00" endTime="2010-12-03T17:28:39.8031487-06:00" testType="13cdc9d9-ddb5-4fa4-a97d-d965ccfc6d4b" outcome="Passed" testListId="8c84fa94-04c1-424b-9868-57a2d4851a1d" relativeResultsDirectory="1f9646d0-d400-4078-ac0f-8755ce928c02">
    </UnitTestResult>
    <UnitTestResult executionId="10138def-6697-44c5-8cce-04631e925f4f" testId="ba89953e-a09d-28cf-6946-aa203e1b8fb8" testName="should_return_an_empty_progress_if_zombie_pack_doesnt_exist" computerName="JUSTIN-LAPTOP" duration="00:00:00.0033783" startTime="2010-12-03T17:28:39.8061489-06:00" endTime="2010-12-03T17:28:39.8141493-06:00" testType="13cdc9d9-ddb5-4fa4-a97d-d965ccfc6d4b" outcome="Passed" testListId="8c84fa94-04c1-424b-9868-57a2d4851a1d" relativeResultsDirectory="10138def-6697-44c5-8cce-04631e925f4f">
    </UnitTestResult>
    <UnitTestResult executionId="c5ac30a6-5d85-4262-8649-ee5eda43edb9" testId="ba999509-487a-7f04-1438-f406952dc58e" testName="should_take_into_consideration_equipped_items_when_determining_min_sight_radius" computerName="JUSTIN-LAPTOP" duration="00:00:00.0092073" startTime="2010-12-03T17:28:39.8171495-06:00" endTime="2010-12-03T17:28:39.8311503-06:00" testType="13cdc9d9-ddb5-4fa4-a97d-d965ccfc6d4b" outcome="Passed" testListId="8c84fa94-04c1-424b-9868-57a2d4851a1d" relativeResultsDirectory="c5ac30a6-5d85-4262-8649-ee5eda43edb9">
    </UnitTestResult>
    <UnitTestResult executionId="b1425a27-8351-4a85-a902-c7deab103191" testId="bb35c303-68f9-bb58-ec6c-79aa0b063947" testName="should_return_zero_for_attack_power_if_user_does_not_exist" computerName="JUSTIN-LAPTOP" duration="00:00:00.0021387" startTime="2010-12-03T17:28:39.8331504-06:00" endTime="2010-12-03T17:28:39.8401508-06:00" testType="13cdc9d9-ddb5-4fa4-a97d-d965ccfc6d4b" outcome="Passed" testListId="8c84fa94-04c1-424b-9868-57a2d4851a1d" relativeResultsDirectory="b1425a27-8351-4a85-a902-c7deab103191">
    </UnitTestResult>
    <UnitTestResult executionId="5327253a-49c8-4d1f-bf74-352165877d55" testId="bb62f7f6-95bc-c16c-f91c-8661bb447531" testName="should_change_users_sight_radius_if_item_has_a_distance_attribute_not_equal_to_zero" computerName="JUSTIN-LAPTOP" duration="00:00:00.0092154" startTime="2010-12-03T17:28:39.8421509-06:00" endTime="2010-12-03T17:28:39.8561517-06:00" testType="13cdc9d9-ddb5-4fa4-a97d-d965ccfc6d4b" outcome="Passed" testListId="8c84fa94-04c1-424b-9868-57a2d4851a1d" relativeResultsDirectory="5327253a-49c8-4d1f-bf74-352165877d55">
    </UnitTestResult>
    <UnitTestResult executionId="d0564012-3e1a-4798-a199-4492487a0dd5" testId="bc231f56-0b8a-34bb-d73a-6bc2b970aa27" testName="should_update_user_level_and_user_base_attack_and_user_base_energy_and_user_inventory_when_user_kills_enough_zombies_to_pass_level" computerName="JUSTIN-LAPTOP" duration="00:00:00.0084788" startTime="2010-12-03T17:28:39.8571518-06:00" endTime="2010-12-03T17:28:39.8711526-06:00" testType="13cdc9d9-ddb5-4fa4-a97d-d965ccfc6d4b" outcome="Passed" testListId="8c84fa94-04c1-424b-9868-57a2d4851a1d" relativeResultsDirectory="d0564012-3e1a-4798-a199-4492487a0dd5">
    </UnitTestResult>
    <UnitTestResult executionId="c3e132b5-0933-42b5-b5e2-71e5595cc53c" testId="bc2bbda1-dfbc-fff1-89f7-377eb332a077" testName="should_return_attack_power_along_with_any_attack_power_increase_from_buying_different_items_and_no_items_in_safehouse" computerName="JUSTIN-LAPTOP" duration="00:00:00.0073401" startTime="2010-12-03T17:28:39.8731527-06:00" endTime="2010-12-03T17:28:39.8861535-06:00" testType="13cdc9d9-ddb5-4fa4-a97d-d965ccfc6d4b" outcome="Passed" testListId="8c84fa94-04c1-424b-9868-57a2d4851a1d" relativeResultsDirectory="c3e132b5-0933-42b5-b5e2-71e5595cc53c">
    </UnitTestResult>
    <UnitTestResult executionId="ce13abd7-a1e3-4ebd-a9e7-592dfd908f99" testId="bdc5cf0e-b6b0-aab1-b4c9-cfdf4e4262c3" testName="should_update_users_inventory_amount" computerName="JUSTIN-LAPTOP" duration="00:00:00.0680451" startTime="2010-12-03T17:28:39.8881536-06:00" endTime="2010-12-03T17:28:39.9631579-06:00" testType="13cdc9d9-ddb5-4fa4-a97d-d965ccfc6d4b" outcome="Passed" testListId="8c84fa94-04c1-424b-9868-57a2d4851a1d" relativeResultsDirectory="ce13abd7-a1e3-4ebd-a9e7-592dfd908f99">
    </UnitTestResult>
    <UnitTestResult executionId="8b706826-1c9d-42c2-95fd-c60f513d4465" testId="bed0bac3-5433-e3b2-3646-ee5b82bf2f3c" testName="should_return_attack_power_based_on_items_in_safehouse_with_user_not_having_any_money" computerName="JUSTIN-LAPTOP" duration="00:00:00.0152066" startTime="2010-12-03T17:28:39.9691582-06:00" endTime="2010-12-03T17:28:39.9961597-06:00" testType="13cdc9d9-ddb5-4fa4-a97d-d965ccfc6d4b" outcome="Passed" testListId="8c84fa94-04c1-424b-9868-57a2d4851a1d" relativeResultsDirectory="8b706826-1c9d-42c2-95fd-c60f513d4465">
    </UnitTestResult>
    <UnitTestResult executionId="f8919beb-b2a0-4dbc-bd9f-360b82fbec21" testId="c0f6a7ca-70c4-38dc-b622-ea187fd81d6d" testName="should_return_achievement_for_peak_zombies_10" computerName="JUSTIN-LAPTOP" duration="00:00:00.0017866" startTime="2010-12-03T17:28:39.9981599-06:00" endTime="2010-12-03T17:28:40.0071604-06:00" testType="13cdc9d9-ddb5-4fa4-a97d-d965ccfc6d4b" outcome="Passed" testListId="8c84fa94-04c1-424b-9868-57a2d4851a1d" relativeResultsDirectory="f8919beb-b2a0-4dbc-bd9f-360b82fbec21">
    </UnitTestResult>
    <UnitTestResult executionId="2baa45db-e0b2-421c-bc93-ad8c717e76e3" testId="c154fab6-7379-ae56-989a-e56b1649db90" testName="should_update_users_base_attack" computerName="JUSTIN-LAPTOP" duration="00:00:00.0376788" startTime="2010-12-03T17:28:40.0091605-06:00" endTime="2010-12-03T17:28:40.0511629-06:00" testType="13cdc9d9-ddb5-4fa4-a97d-d965ccfc6d4b" outcome="Passed" testListId="8c84fa94-04c1-424b-9868-57a2d4851a1d" relativeResultsDirectory="2baa45db-e0b2-421c-bc93-ad8c717e76e3">
    </UnitTestResult>
    <UnitTestResult executionId="b740e8e1-3f74-4cdd-bac2-c2344785350e" testId="c19d7fe3-d556-ad76-9806-5e328516f06f" testName="should_return_correct_energy_for_given_level" computerName="JUSTIN-LAPTOP" duration="00:00:00.0005782" startTime="2010-12-03T17:28:40.0531630-06:00" endTime="2010-12-03T17:28:40.0621635-06:00" testType="13cdc9d9-ddb5-4fa4-a97d-d965ccfc6d4b" outcome="Passed" testListId="8c84fa94-04c1-424b-9868-57a2d4851a1d" relativeResultsDirectory="b740e8e1-3f74-4cdd-bac2-c2344785350e">
    </UnitTestResult>
    <UnitTestResult executionId="f8930a7d-6e36-4628-9444-03bd8d273187" testId="c2fceb1f-5078-88e7-1674-00e75ecef9dd" testName="should_disregard_safehouse_items_that_are_one_use" computerName="JUSTIN-LAPTOP" duration="00:00:00.0129953" startTime="2010-12-03T17:28:40.0641636-06:00" endTime="2010-12-03T17:28:40.0861649-06:00" testType="13cdc9d9-ddb5-4fa4-a97d-d965ccfc6d4b" outcome="Passed" testListId="8c84fa94-04c1-424b-9868-57a2d4851a1d" relativeResultsDirectory="f8930a7d-6e36-4628-9444-03bd8d273187">
    </UnitTestResult>
    <UnitTestResult executionId="c8e57676-0989-4995-9082-4bc10d4048b5" testId="c3a4535b-76d1-c39a-2397-114110fb9661" testName="should_disregard_if_user_has_max_items_already" computerName="JUSTIN-LAPTOP" duration="00:00:00.0131902" startTime="2010-12-03T17:28:40.0891651-06:00" endTime="2010-12-03T17:28:40.1091662-06:00" testType="13cdc9d9-ddb5-4fa4-a97d-d965ccfc6d4b" outcome="Passed" testListId="8c84fa94-04c1-424b-9868-57a2d4851a1d" relativeResultsDirectory="c8e57676-0989-4995-9082-4bc10d4048b5">
    </UnitTestResult>
    <UnitTestResult executionId="891a3958-fd20-4da5-845c-28b4b15b2b40" testId="c55622f2-a19b-2b7c-fbf0-3bcc9fa792bb" testName="should_disregard_if_item_does_not_exist" computerName="JUSTIN-LAPTOP" duration="00:00:00.0076703" startTime="2010-12-03T17:28:40.1111663-06:00" endTime="2010-12-03T17:28:40.1241671-06:00" testType="13cdc9d9-ddb5-4fa4-a97d-d965ccfc6d4b" outcome="Passed" testListId="8c84fa94-04c1-424b-9868-57a2d4851a1d" relativeResultsDirectory="891a3958-fd20-4da5-845c-28b4b15b2b40">
    </UnitTestResult>
    <UnitTestResult executionId="91aa6027-030e-4b4c-a1b3-cdfbb3697a8f" testId="c59ebd84-a390-b0a9-9601-b22bb9ff7f1d" testName="should_start_with_5_tents_on_person" computerName="JUSTIN-LAPTOP" duration="00:00:00.0029718" startTime="2010-12-03T17:28:40.1251671-06:00" endTime="2010-12-03T17:28:40.1331676-06:00" testType="13cdc9d9-ddb5-4fa4-a97d-d965ccfc6d4b" outcome="Passed" testListId="8c84fa94-04c1-424b-9868-57a2d4851a1d" relativeResultsDirectory="91aa6027-030e-4b4c-a1b3-cdfbb3697a8f">
    </UnitTestResult>
    <UnitTestResult executionId="f4b29362-dcbb-4341-a648-8942d20a866c" testId="c5a39b6e-0b51-8275-3d9b-29919f35b9b0" testName="should_return_user_by_facebook_user_id" computerName="JUSTIN-LAPTOP" duration="00:00:00.0191765" startTime="2010-12-03T17:28:40.1341676-06:00" endTime="2010-12-03T17:28:40.1581690-06:00" testType="13cdc9d9-ddb5-4fa4-a97d-d965ccfc6d4b" outcome="Passed" testListId="8c84fa94-04c1-424b-9868-57a2d4851a1d" relativeResultsDirectory="f4b29362-dcbb-4341-a648-8942d20a866c">
    </UnitTestResult>
    <UnitTestResult executionId="a1be1d7c-83c6-4db8-91ef-7325c2701734" testId="c7989c99-7490-d68e-f8ba-99491ffceea3" testName="should_throw_error_when_returning_user_current_base_attack_if_user_doesnt_exist" computerName="JUSTIN-LAPTOP" duration="00:00:00.0561402" startTime="2010-12-03T17:28:40.1601691-06:00" endTime="2010-12-03T17:28:40.2211726-06:00" testType="13cdc9d9-ddb5-4fa4-a97d-d965ccfc6d4b" outcome="Passed" testListId="8c84fa94-04c1-424b-9868-57a2d4851a1d" relativeResultsDirectory="a1be1d7c-83c6-4db8-91ef-7325c2701734">
    </UnitTestResult>
    <UnitTestResult executionId="bb6ff0df-3b9f-4017-80ee-229b02714dc9" testId="c85e6447-a3ca-1d12-8c38-f937a72eca57" testName="should_return_attack_power_along_with_any_attack_power_increase_from_multiple_safehouse_items_and_user_has_no_money" computerName="JUSTIN-LAPTOP" duration="00:00:00.0120009" startTime="2010-12-03T17:28:40.2231727-06:00" endTime="2010-12-03T17:28:40.2421738-06:00" testType="13cdc9d9-ddb5-4fa4-a97d-d965ccfc6d4b" outcome="Passed" testListId="8c84fa94-04c1-424b-9868-57a2d4851a1d" relativeResultsDirectory="bb6ff0df-3b9f-4017-80ee-229b02714dc9">
    </UnitTestResult>
    <UnitTestResult executionId="2790b396-4edc-4a45-99b5-fc9aebf1d25f" testId="c9a124e9-2f09-63d2-22cf-ad1bad23f16c" testName="the_energy_for_determining_zombie_pack_difficulty_should_be_100" computerName="JUSTIN-LAPTOP" duration="00:00:00.0237940" startTime="2010-12-03T17:28:40.2431739-06:00" endTime="2010-12-03T17:28:40.2711755-06:00" testType="13cdc9d9-ddb5-4fa4-a97d-d965ccfc6d4b" outcome="Passed" testListId="8c84fa94-04c1-424b-9868-57a2d4851a1d" relativeResultsDirectory="2790b396-4edc-4a45-99b5-fc9aebf1d25f">
    </UnitTestResult>
    <UnitTestResult executionId="4cce08dd-d787-406e-b2f6-9c07a9b7e420" testId="c9e2118a-af3f-f908-ba61-20f5edd2b827" testName="should_throw_error_for_saving_mas_energy_if_user_does_not_exist" computerName="JUSTIN-LAPTOP" duration="00:00:00.0200283" startTime="2010-12-03T17:28:40.2731756-06:00" endTime="2010-12-03T17:28:40.2971770-06:00" testType="13cdc9d9-ddb5-4fa4-a97d-d965ccfc6d4b" outcome="Passed" testListId="8c84fa94-04c1-424b-9868-57a2d4851a1d" relativeResultsDirectory="4cce08dd-d787-406e-b2f6-9c07a9b7e420">
    </UnitTestResult>
    <UnitTestResult executionId="869fae52-4ae2-4f88-b964-fa99230548d1" testId="ca1b8eb5-4ad5-3e56-62f6-d3c54fe84326" testName="should_not_throw_error_if_user_does_not_exist" computerName="JUSTIN-LAPTOP" duration="00:00:00.0356945" startTime="2010-12-03T17:28:40.2991771-06:00" endTime="2010-12-03T17:28:40.3401794-06:00" testType="13cdc9d9-ddb5-4fa4-a97d-d965ccfc6d4b" outcome="Passed" testListId="8c84fa94-04c1-424b-9868-57a2d4851a1d" relativeResultsDirectory="869fae52-4ae2-4f88-b964-fa99230548d1">
    </UnitTestResult>
    <UnitTestResult executionId="cb3e3caa-394a-4f1d-a719-9b59343cfb3e" testId="cb08040d-63a1-ab84-f3c4-dce8729ce3d1" testName="should_retrieve_zombies_detroyed" computerName="JUSTIN-LAPTOP" duration="00:00:00.0379033" startTime="2010-12-03T17:28:40.3421795-06:00" endTime="2010-12-03T17:28:40.3851820-06:00" testType="13cdc9d9-ddb5-4fa4-a97d-d965ccfc6d4b" outcome="Passed" testListId="8c84fa94-04c1-424b-9868-57a2d4851a1d" relativeResultsDirectory="cb3e3caa-394a-4f1d-a719-9b59343cfb3e">
    </UnitTestResult>
    <UnitTestResult executionId="e81cd703-6390-496b-b601-7eaf6c4c0e08" testId="cb80e7a8-021c-5d6c-c831-c1f7e461a27c" testName="should_return_zero_if_distance_is_null" computerName="JUSTIN-LAPTOP" duration="00:00:00.0537895" startTime="2010-12-03T17:28:40.3871821-06:00" endTime="2010-12-03T17:28:40.4461855-06:00" testType="13cdc9d9-ddb5-4fa4-a97d-d965ccfc6d4b" outcome="Passed" testListId="8c84fa94-04c1-424b-9868-57a2d4851a1d" relativeResultsDirectory="e81cd703-6390-496b-b601-7eaf6c4c0e08">
    </UnitTestResult>
    <UnitTestResult executionId="32747d81-ffa7-412d-9978-ebd7df11cdea" testId="ce354fe1-08e2-7958-e209-2621b563d1da" testName="should_disregard_if_user_does_not_have_item" computerName="JUSTIN-LAPTOP" duration="00:00:00.0118599" startTime="2010-12-03T17:28:40.4481856-06:00" endTime="2010-12-03T17:28:40.4671867-06:00" testType="13cdc9d9-ddb5-4fa4-a97d-d965ccfc6d4b" outcome="Passed" testListId="8c84fa94-04c1-424b-9868-57a2d4851a1d" relativeResultsDirectory="32747d81-ffa7-412d-9978-ebd7df11cdea">
    </UnitTestResult>
    <UnitTestResult executionId="4277b5f1-c599-4233-999f-fab8b483af08" testId="cf462ec4-8531-1e43-07c6-e34f96bb70c0" testName="should_set_sight_radius_to_5_for_user_who_exists_but_does_not_have_a_base_sight_radius_value" computerName="JUSTIN-LAPTOP" duration="00:00:00.0097297" startTime="2010-12-03T17:28:40.4691868-06:00" endTime="2010-12-03T17:28:40.4851877-06:00" testType="13cdc9d9-ddb5-4fa4-a97d-d965ccfc6d4b" outcome="Passed" testListId="8c84fa94-04c1-424b-9868-57a2d4851a1d" relativeResultsDirectory="4277b5f1-c599-4233-999f-fab8b483af08">
    </UnitTestResult>
    <UnitTestResult executionId="1e8b83b3-4816-4b0b-872e-87291ad69583" testId="cfacc8e4-11ef-5e59-c2dc-f7d2d86d5a2e" testName="should_return_false_if_zombiepack_does_not_exist" computerName="JUSTIN-LAPTOP" duration="00:00:00.0403431" startTime="2010-12-03T17:28:40.4871878-06:00" endTime="2010-12-03T17:28:40.5351906-06:00" testType="13cdc9d9-ddb5-4fa4-a97d-d965ccfc6d4b" outcome="Passed" testListId="8c84fa94-04c1-424b-9868-57a2d4851a1d" relativeResultsDirectory="1e8b83b3-4816-4b0b-872e-87291ad69583">
    </UnitTestResult>
    <UnitTestResult executionId="ba83738c-7748-46bb-afaa-ba3e1fed67a9" testId="cfb75f84-eedb-9c69-8ad1-7d1a16a63ca8" testName="given_user_has_money_and_items_in_safe_house_and_can_buy_items_should_return_best_combination" computerName="JUSTIN-LAPTOP" duration="00:00:00.0085813" startTime="2010-12-03T17:28:40.5371907-06:00" endTime="2010-12-03T17:28:40.5531916-06:00" testType="13cdc9d9-ddb5-4fa4-a97d-d965ccfc6d4b" outcome="Passed" testListId="8c84fa94-04c1-424b-9868-57a2d4851a1d" relativeResultsDirectory="ba83738c-7748-46bb-afaa-ba3e1fed67a9">
    </UnitTestResult>
    <UnitTestResult executionId="5a9d91b9-e865-427f-9fd2-3d9bdcdda600" testId="d079bc7a-5632-90a3-fd08-a3194bc2d4b6" testName="should_return_null_if_no_item_found" computerName="JUSTIN-LAPTOP" duration="00:00:00.0479698" startTime="2010-12-03T17:28:40.5581919-06:00" endTime="2010-12-03T17:28:40.6111949-06:00" testType="13cdc9d9-ddb5-4fa4-a97d-d965ccfc6d4b" outcome="Passed" testListId="8c84fa94-04c1-424b-9868-57a2d4851a1d" relativeResultsDirectory="5a9d91b9-e865-427f-9fd2-3d9bdcdda600">
    </UnitTestResult>
    <UnitTestResult executionId="0bab1c4c-a3e1-4da0-b004-7b0fdbedb9d4" testId="d10bf695-c889-b70c-ad2f-f77a6c930e0a" testName="should_throw_error_if_facebook_user_id_is_0_and_retrieval_is_attempted" computerName="JUSTIN-LAPTOP" duration="00:00:00.0385387" startTime="2010-12-03T17:28:40.6141951-06:00" endTime="2010-12-03T17:28:40.6581976-06:00" testType="13cdc9d9-ddb5-4fa4-a97d-d965ccfc6d4b" outcome="Passed" testListId="8c84fa94-04c1-424b-9868-57a2d4851a1d" relativeResultsDirectory="0bab1c4c-a3e1-4da0-b004-7b0fdbedb9d4">
    </UnitTestResult>
    <UnitTestResult executionId="f1cbc916-43d3-4df9-af90-3bb468ddf52f" testId="d1295b3d-b18a-9feb-b9f7-b8d24a1390b4" testName="should_return_list_of_user_items_from_user_id" computerName="JUSTIN-LAPTOP" duration="00:00:00.0959918" startTime="2010-12-03T17:28:40.6601977-06:00" endTime="2010-12-03T17:28:40.7622036-06:00" testType="13cdc9d9-ddb5-4fa4-a97d-d965ccfc6d4b" outcome="Passed" testListId="8c84fa94-04c1-424b-9868-57a2d4851a1d" relativeResultsDirectory="f1cbc916-43d3-4df9-af90-3bb468ddf52f">
    </UnitTestResult>
    <UnitTestResult executionId="e7716278-ee27-4caa-8b7e-bbfbd228f282" testId="d38373b0-d937-624e-5767-19dca8e2a1ff" testName="should_set_base_line_for_users_max_potential_if_last_hotzone_visited_does_not_equal_the_hotzone_for_the_current_zombie_pack_for_every_third_hotzone" computerName="JUSTIN-LAPTOP" duration="00:00:00.0194456" startTime="2010-12-03T17:28:40.7642037-06:00" endTime="2010-12-03T17:28:40.7902052-06:00" testType="13cdc9d9-ddb5-4fa4-a97d-d965ccfc6d4b" outcome="Passed" testListId="8c84fa94-04c1-424b-9868-57a2d4851a1d" relativeResultsDirectory="e7716278-ee27-4caa-8b7e-bbfbd228f282">
    </UnitTestResult>
    <UnitTestResult executionId="a3a6176b-7a3f-4d3f-8ead-b5e2a1923bf6" testId="d39a97f0-a02b-13f3-00ff-3ebdf64857ec" testName="should_return_users_base_sight_radius_if_user_does_not_have_any_items" computerName="JUSTIN-LAPTOP" duration="00:00:00.0070763" startTime="2010-12-03T17:28:40.7922053-06:00" endTime="2010-12-03T17:28:40.8052060-06:00" testType="13cdc9d9-ddb5-4fa4-a97d-d965ccfc6d4b" outcome="Passed" testListId="8c84fa94-04c1-424b-9868-57a2d4851a1d" relativeResultsDirectory="a3a6176b-7a3f-4d3f-8ead-b5e2a1923bf6">
    </UnitTestResult>
    <UnitTestResult executionId="e4e6caf7-5a8d-429c-b664-8dfe5cb73cf0" testId="d51d0821-4280-76e7-8d6d-17b8ea1953f0" testName="should_return_baseline_attack_power_for_user_that_exists" computerName="JUSTIN-LAPTOP" duration="00:00:00.0298852" startTime="2010-12-03T17:28:40.8082062-06:00" endTime="2010-12-03T17:28:40.8432082-06:00" testType="13cdc9d9-ddb5-4fa4-a97d-d965ccfc6d4b" outcome="Passed" testListId="8c84fa94-04c1-424b-9868-57a2d4851a1d" relativeResultsDirectory="e4e6caf7-5a8d-429c-b664-8dfe5cb73cf0">
    </UnitTestResult>
    <UnitTestResult executionId="a1d0eed8-9d7a-4ab4-9791-f74dec5c7fd6" testId="d531988b-f1bb-cf47-5dc0-2ed134630321" testName="should_return_achievement_for_peak_zombies_1000" computerName="JUSTIN-LAPTOP" duration="00:00:00.0018700" startTime="2010-12-03T17:28:40.8462084-06:00" endTime="2010-12-03T17:28:40.8532088-06:00" testType="13cdc9d9-ddb5-4fa4-a97d-d965ccfc6d4b" outcome="Passed" testListId="8c84fa94-04c1-424b-9868-57a2d4851a1d" relativeResultsDirectory="a1d0eed8-9d7a-4ab4-9791-f74dec5c7fd6">
    </UnitTestResult>
    <UnitTestResult executionId="93365329-bfa8-43ad-9a09-44eeec20c926" testId="d646a28e-30d8-4c55-0af1-38d31ab16a6a" testName="should_decrement_number_of_zombies_by_users_attack_power_on_successful_hunt" computerName="JUSTIN-LAPTOP" duration="00:00:00.0187126" startTime="2010-12-03T17:28:40.8562089-06:00" endTime="2010-12-03T17:28:40.8812104-06:00" testType="13cdc9d9-ddb5-4fa4-a97d-d965ccfc6d4b" outcome="Passed" testListId="8c84fa94-04c1-424b-9868-57a2d4851a1d" relativeResultsDirectory="93365329-bfa8-43ad-9a09-44eeec20c926">
    </UnitTestResult>
    <UnitTestResult executionId="3158ec05-2073-425c-abbc-b3ca23d67278" testId="d688d02d-3269-304b-a6e8-10e959d858db" testName="should_return_last_energy_saved_If_there_is_no_difference_between_the_current_time_passed_in_and_the_last_saved_energy_from_the_repository" computerName="JUSTIN-LAPTOP" duration="00:00:00.0083519" startTime="2010-12-03T17:28:40.8842105-06:00" endTime="2010-12-03T17:28:40.8982113-06:00" testType="13cdc9d9-ddb5-4fa4-a97d-d965ccfc6d4b" outcome="Passed" testListId="8c84fa94-04c1-424b-9868-57a2d4851a1d" relativeResultsDirectory="3158ec05-2073-425c-abbc-b3ca23d67278">
    </UnitTestResult>
    <UnitTestResult executionId="9a1cf54a-bcc7-425c-9f3a-30a509074e38" testId="d6a3e7bf-2e31-3f07-2490-3e67884ebb4a" testName="should_retrieve_safe_house_item_id" computerName="JUSTIN-LAPTOP" duration="00:00:00.0602199" startTime="2010-12-03T17:28:40.9012115-06:00" endTime="2010-12-03T17:28:40.9672153-06:00" testType="13cdc9d9-ddb5-4fa4-a97d-d965ccfc6d4b" outcome="Passed" testListId="8c84fa94-04c1-424b-9868-57a2d4851a1d" relativeResultsDirectory="9a1cf54a-bcc7-425c-9f3a-30a509074e38">
    </UnitTestResult>
    <UnitTestResult executionId="aaffe349-e8bb-4cb8-8134-ced0e95ff95f" testId="d8a245d8-8db6-bd87-8600-23c0fc08446c" testName="should_return_0_if_user_does_not_exist" computerName="JUSTIN-LAPTOP" duration="00:00:00.0028061" startTime="2010-12-03T17:28:40.9702155-06:00" endTime="2010-12-03T17:28:40.9802160-06:00" testType="13cdc9d9-ddb5-4fa4-a97d-d965ccfc6d4b" outcome="Passed" testListId="8c84fa94-04c1-424b-9868-57a2d4851a1d" relativeResultsDirectory="aaffe349-e8bb-4cb8-8134-ced0e95ff95f">
    </UnitTestResult>
    <UnitTestResult executionId="25dd694c-d57c-49e0-8cec-9ce629a1efc0" testId="d9751d6d-b53f-ae7f-743d-a442b6a2d81c" testName="when_checking_user_level_and_zombie_kills_to_update_attributes_should_not_update_if_not_enough_zombie_kills" computerName="JUSTIN-LAPTOP" duration="00:00:00.0025216" startTime="2010-12-03T17:28:40.9822161-06:00" endTime="2010-12-03T17:28:40.9912167-06:00" testType="13cdc9d9-ddb5-4fa4-a97d-d965ccfc6d4b" outcome="Passed" testListId="8c84fa94-04c1-424b-9868-57a2d4851a1d" relativeResultsDirectory="25dd694c-d57c-49e0-8cec-9ce629a1efc0">
    </UnitTestResult>
    <UnitTestResult executionId="68ab1404-cc07-45ae-8c15-f505af5b21eb" testId="d9cc8fd3-0870-25cd-301c-1c45a9609c32" testName="should_update_zone_user_is_in" computerName="JUSTIN-LAPTOP" duration="00:00:00.0380378" startTime="2010-12-03T17:28:40.9942168-06:00" endTime="2010-12-03T17:28:41.0372193-06:00" testType="13cdc9d9-ddb5-4fa4-a97d-d965ccfc6d4b" outcome="Passed" testListId="8c84fa94-04c1-424b-9868-57a2d4851a1d" relativeResultsDirectory="68ab1404-cc07-45ae-8c15-f505af5b21eb">
    </UnitTestResult>
    <UnitTestResult executionId="07ada93e-0913-47f4-a3df-ea0d11c7503a" testId="d9d60eb2-6c40-96e0-e46e-37fba7b51acb" testName="should_return_achievement_for_collecting_100_dollars" computerName="JUSTIN-LAPTOP" duration="00:00:00.0013518" startTime="2010-12-03T17:28:41.0392194-06:00" endTime="2010-12-03T17:28:41.0452198-06:00" testType="13cdc9d9-ddb5-4fa4-a97d-d965ccfc6d4b" outcome="Passed" testListId="8c84fa94-04c1-424b-9868-57a2d4851a1d" relativeResultsDirectory="07ada93e-0913-47f4-a3df-ea0d11c7503a">
    </UnitTestResult>
    <UnitTestResult executionId="f5f0d91a-a697-4932-90f8-2a31425c460f" testId="da679302-1a0c-b7f2-1c7e-e59bb2763f0f" testName="should_return_null_for_last_saved_energy_if_user_exists_but_energy_is_null" computerName="JUSTIN-LAPTOP" duration="00:00:00.0321865" startTime="2010-12-03T17:28:41.0472199-06:00" endTime="2010-12-03T17:28:41.0842220-06:00" testType="13cdc9d9-ddb5-4fa4-a97d-d965ccfc6d4b" outcome="Passed" testListId="8c84fa94-04c1-424b-9868-57a2d4851a1d" relativeResultsDirectory="f5f0d91a-a697-4932-90f8-2a31425c460f">
    </UnitTestResult>
    <UnitTestResult executionId="fa23fdd0-bde9-4def-bc65-7b51e8f611f1" testId="db113e6e-fe96-562f-4c9e-fac3dbaaeedc" testName="should_return_one_for_attack_power_if_user_exists_but_does_not_have_any_inventory" computerName="JUSTIN-LAPTOP" duration="00:00:00.0043467" startTime="2010-12-03T17:28:41.0852220-06:00" endTime="2010-12-03T17:28:41.0952226-06:00" testType="13cdc9d9-ddb5-4fa4-a97d-d965ccfc6d4b" outcome="Passed" testListId="8c84fa94-04c1-424b-9868-57a2d4851a1d" relativeResultsDirectory="fa23fdd0-bde9-4def-bc65-7b51e8f611f1">
    </UnitTestResult>
    <UnitTestResult executionId="a7353b12-e091-4f6c-8662-e8b0e7d6f0a3" testId="db2cbd38-a14d-b06e-fd2b-542b84645680" testName="should_add_money_passed_in_to_money_of_the_current_user" computerName="JUSTIN-LAPTOP" duration="00:00:00.0417995" startTime="2010-12-03T17:28:41.0982228-06:00" endTime="2010-12-03T17:28:41.1462255-06:00" testType="13cdc9d9-ddb5-4fa4-a97d-d965ccfc6d4b" outcome="Passed" testListId="8c84fa94-04c1-424b-9868-57a2d4851a1d" relativeResultsDirectory="a7353b12-e091-4f6c-8662-e8b0e7d6f0a3">
    </UnitTestResult>
    <UnitTestResult executionId="7fe423eb-c3e3-4ae5-9f05-d4837c611640" testId="dcd64675-21d8-0b9a-9cf5-ac50822ee771" testName="should_return_null_for_base_sight_radius_if_user_does_not_exist" computerName="JUSTIN-LAPTOP" duration="00:00:00.0205766" startTime="2010-12-03T17:28:41.1492257-06:00" endTime="2010-12-03T17:28:41.1762272-06:00" testType="13cdc9d9-ddb5-4fa4-a97d-d965ccfc6d4b" outcome="Passed" testListId="8c84fa94-04c1-424b-9868-57a2d4851a1d" relativeResultsDirectory="7fe423eb-c3e3-4ae5-9f05-d4837c611640">
    </UnitTestResult>
    <UnitTestResult executionId="85229373-5f01-408e-a156-7cf19d35db3c" testId="dcf1db6a-6e15-f745-8c61-5c0cbc68681f" testName="should_throw_exception_if_update_on_baseline_is_done_on_user_that_doest_exist" computerName="JUSTIN-LAPTOP" duration="00:00:00.0303492" startTime="2010-12-03T17:28:41.1792274-06:00" endTime="2010-12-03T17:28:41.2142294-06:00" testType="13cdc9d9-ddb5-4fa4-a97d-d965ccfc6d4b" outcome="Passed" testListId="8c84fa94-04c1-424b-9868-57a2d4851a1d" relativeResultsDirectory="85229373-5f01-408e-a156-7cf19d35db3c">
    </UnitTestResult>
    <UnitTestResult executionId="5fefd1df-985d-4875-abc6-26bbeaf9de54" testId="de169ee4-3985-9538-838d-f920eef5b26b" testName="should_retrieve_miles_traveled_for_user_that_exists" computerName="JUSTIN-LAPTOP" duration="00:00:00.0309562" startTime="2010-12-03T17:28:41.2162295-06:00" endTime="2010-12-03T17:28:41.2522316-06:00" testType="13cdc9d9-ddb5-4fa4-a97d-d965ccfc6d4b" outcome="Passed" testListId="8c84fa94-04c1-424b-9868-57a2d4851a1d" relativeResultsDirectory="5fefd1df-985d-4875-abc6-26bbeaf9de54">
    </UnitTestResult>
    <UnitTestResult executionId="9282c094-67cc-4258-b517-18ea8109b622" testId="dfea3fa1-b295-8c05-710e-e2cb6ce3f9d6" testName="should_return_min_sight_radius_if_calculated_sight_for_time_passed_in_is_less_than_min_sight_radius_of_user" computerName="JUSTIN-LAPTOP" duration="00:00:00.0064843" startTime="2010-12-03T17:28:41.2542317-06:00" endTime="2010-12-03T17:28:41.2652323-06:00" testType="13cdc9d9-ddb5-4fa4-a97d-d965ccfc6d4b" outcome="Passed" testListId="8c84fa94-04c1-424b-9868-57a2d4851a1d" relativeResultsDirectory="9282c094-67cc-4258-b517-18ea8109b622">
    </UnitTestResult>
    <UnitTestResult executionId="cab24a5a-efb7-4308-b57d-dbd211ff29ea" testId="e08ed2a3-8471-3997-30af-ab81916e00cb" testName="should_return_false_if_hotzone_is_not_a_starting_hotzone" computerName="JUSTIN-LAPTOP" duration="00:00:00.0630070" startTime="2010-12-03T17:28:41.2672325-06:00" endTime="2010-12-03T17:28:41.3342363-06:00" testType="13cdc9d9-ddb5-4fa4-a97d-d965ccfc6d4b" outcome="Passed" testListId="8c84fa94-04c1-424b-9868-57a2d4851a1d" relativeResultsDirectory="cab24a5a-efb7-4308-b57d-dbd211ff29ea">
    </UnitTestResult>
    <UnitTestResult executionId="d8d291ea-cd08-4c7f-ab77-d42b76120541" testId="e1d44afa-1394-6d68-cf3a-361e5ec94e83" testName="should_throw_exception_when_retrieving_user_level_and_user_does_not_exist" computerName="JUSTIN-LAPTOP" duration="00:00:00.0249829" startTime="2010-12-03T17:28:41.3372365-06:00" endTime="2010-12-03T17:28:41.3682382-06:00" testType="13cdc9d9-ddb5-4fa4-a97d-d965ccfc6d4b" outcome="Passed" testListId="8c84fa94-04c1-424b-9868-57a2d4851a1d" relativeResultsDirectory="d8d291ea-cd08-4c7f-ab77-d42b76120541">
    </UnitTestResult>
    <UnitTestResult executionId="f29f6001-cabc-40cc-9718-a55139af75d2" testId="e26f0cbc-ec75-e273-f755-4a50e6a1f30a" testName="should_return_hotzone_id_containing_zombie_pack" computerName="JUSTIN-LAPTOP" duration="00:00:00.0404987" startTime="2010-12-03T17:28:41.3702383-06:00" endTime="2010-12-03T17:28:41.4162410-06:00" testType="13cdc9d9-ddb5-4fa4-a97d-d965ccfc6d4b" outcome="Passed" testListId="8c84fa94-04c1-424b-9868-57a2d4851a1d" relativeResultsDirectory="f29f6001-cabc-40cc-9718-a55139af75d2">
    </UnitTestResult>
    <UnitTestResult executionId="9844a65d-398c-4041-af4c-a4a18d2bfc07" testId="e2e442ef-e02c-6299-5fbd-dd49fb1d3672" testName="should_calculate_eastern_point" computerName="JUSTIN-LAPTOP" duration="00:00:00.0005267" startTime="2010-12-03T17:28:41.4182411-06:00" endTime="2010-12-03T17:28:41.4252415-06:00" testType="13cdc9d9-ddb5-4fa4-a97d-d965ccfc6d4b" outcome="Passed" testListId="8c84fa94-04c1-424b-9868-57a2d4851a1d" relativeResultsDirectory="9844a65d-398c-4041-af4c-a4a18d2bfc07">
    </UnitTestResult>
    <UnitTestResult executionId="a7bc6560-323f-450d-adcb-79442852e2b2" testId="e4615602-9641-d148-59c9-84c9addeee4f" testName="should_record_zombiepack_destoryed_if_zombiepack_cleared" computerName="JUSTIN-LAPTOP" duration="00:00:00.0183045" startTime="2010-12-03T17:28:41.4272416-06:00" endTime="2010-12-03T17:28:41.4532431-06:00" testType="13cdc9d9-ddb5-4fa4-a97d-d965ccfc6d4b" outcome="Passed" testListId="8c84fa94-04c1-424b-9868-57a2d4851a1d" relativeResultsDirectory="a7bc6560-323f-450d-adcb-79442852e2b2">
    </UnitTestResult>
    <UnitTestResult executionId="fb7514b6-f640-44fb-86ed-bed287ba74c1" testId="e47b507d-8276-c45e-8213-bc71e7175571" testName="should_return_achievement_for_traveling_1000_miles" computerName="JUSTIN-LAPTOP" duration="00:00:00.0019430" startTime="2010-12-03T17:28:41.4552432-06:00" endTime="2010-12-03T17:28:41.4632437-06:00" testType="13cdc9d9-ddb5-4fa4-a97d-d965ccfc6d4b" outcome="Passed" testListId="8c84fa94-04c1-424b-9868-57a2d4851a1d" relativeResultsDirectory="fb7514b6-f640-44fb-86ed-bed287ba74c1">
    </UnitTestResult>
    <UnitTestResult executionId="2205e403-541a-4e6a-8e5e-2f9a3047e0d6" testId="e6a8c00a-faa8-0745-e831-40d2f4668ade" testName="should_record_peak_zombies_destroyed" computerName="JUSTIN-LAPTOP" duration="00:00:00.0150271" startTime="2010-12-03T17:28:41.4652438-06:00" endTime="2010-12-03T17:28:41.4872450-06:00" testType="13cdc9d9-ddb5-4fa4-a97d-d965ccfc6d4b" outcome="Passed" testListId="8c84fa94-04c1-424b-9868-57a2d4851a1d" relativeResultsDirectory="2205e403-541a-4e6a-8e5e-2f9a3047e0d6">
    </UnitTestResult>
    <UnitTestResult executionId="c1dd251a-dc70-440b-856d-ddab39445881" testId="e714817d-ce86-8716-57bb-b981b1597240" testName="should_not_hunt_if_user_is_not_at_zombie_pack_longitude" computerName="JUSTIN-LAPTOP" duration="00:00:00.0092989" startTime="2010-12-03T17:28:41.4892451-06:00" endTime="2010-12-03T17:28:41.5042460-06:00" testType="13cdc9d9-ddb5-4fa4-a97d-d965ccfc6d4b" outcome="Passed" testListId="8c84fa94-04c1-424b-9868-57a2d4851a1d" relativeResultsDirectory="c1dd251a-dc70-440b-856d-ddab39445881">
    </UnitTestResult>
    <UnitTestResult executionId="cd594f31-e312-48dd-972d-dc0d1c372741" testId="e731ae20-c844-7455-5d52-ca6eb82eb8c1" testName="should_return_achievement_for_killing_10_zombies" computerName="JUSTIN-LAPTOP" duration="00:00:00.0014660" startTime="2010-12-03T17:28:41.5052461-06:00" endTime="2010-12-03T17:28:41.5132465-06:00" testType="13cdc9d9-ddb5-4fa4-a97d-d965ccfc6d4b" outcome="Passed" testListId="8c84fa94-04c1-424b-9868-57a2d4851a1d" relativeResultsDirectory="cd594f31-e312-48dd-972d-dc0d1c372741">
    </UnitTestResult>
    <UnitTestResult executionId="0db32978-7d9b-4ca8-8612-e2931c1a22f3" testId="e9706036-01bc-4fd1-60c9-f67ac8f10adb" testName="should_disregard_one_use_items_that_can_be_bought" computerName="JUSTIN-LAPTOP" duration="00:00:00.0070232" startTime="2010-12-03T17:28:41.5152466-06:00" endTime="2010-12-03T17:28:41.5272473-06:00" testType="13cdc9d9-ddb5-4fa4-a97d-d965ccfc6d4b" outcome="Passed" testListId="8c84fa94-04c1-424b-9868-57a2d4851a1d" relativeResultsDirectory="0db32978-7d9b-4ca8-8612-e2931c1a22f3">
    </UnitTestResult>
    <UnitTestResult executionId="3df35dca-fad0-4bbd-9f95-6bb4d1447923" testId="e9fab572-8fef-43db-2f81-87bc2fbad50f" testName="should_save_item" computerName="JUSTIN-LAPTOP" duration="00:00:00.0200097" startTime="2010-12-03T17:28:41.5292474-06:00" endTime="2010-12-03T17:28:41.5542489-06:00" testType="13cdc9d9-ddb5-4fa4-a97d-d965ccfc6d4b" outcome="Passed" testListId="8c84fa94-04c1-424b-9868-57a2d4851a1d" relativeResultsDirectory="3df35dca-fad0-4bbd-9f95-6bb4d1447923">
    </UnitTestResult>
    <UnitTestResult executionId="afe19e08-bc25-4cf1-8f35-35635616fd11" testId="ea325b6e-c3ab-3827-d099-c8e61f5a4b92" testName="should_save_user_sight_radius" computerName="JUSTIN-LAPTOP" duration="00:00:00.0247856" startTime="2010-12-03T17:28:41.5562490-06:00" endTime="2010-12-03T17:28:41.5852506-06:00" testType="13cdc9d9-ddb5-4fa4-a97d-d965ccfc6d4b" outcome="Passed" testListId="8c84fa94-04c1-424b-9868-57a2d4851a1d" relativeResultsDirectory="afe19e08-bc25-4cf1-8f35-35635616fd11">
    </UnitTestResult>
    <UnitTestResult executionId="d7ae491e-bba2-466a-a706-77bbcc48526e" testId="eaf1ea02-9828-2113-565b-2356e5e99e6b" testName="should_disregard_if_store_does_not_exist" computerName="JUSTIN-LAPTOP" duration="00:00:00.0106722" startTime="2010-12-03T17:28:41.5862507-06:00" endTime="2010-12-03T17:28:41.6012516-06:00" testType="13cdc9d9-ddb5-4fa4-a97d-d965ccfc6d4b" outcome="Passed" testListId="8c84fa94-04c1-424b-9868-57a2d4851a1d" relativeResultsDirectory="d7ae491e-bba2-466a-a706-77bbcc48526e">
    </UnitTestResult>
    <UnitTestResult executionId="2dcb3597-a565-4392-849e-07bc5f991f85" testId="eb7106dc-eb88-ec99-7bfd-0b16f51297ea" testName="should_increment_accumulated_money" computerName="JUSTIN-LAPTOP" duration="00:00:00.0243905" startTime="2010-12-03T17:28:41.6032517-06:00" endTime="2010-12-03T17:28:41.6312533-06:00" testType="13cdc9d9-ddb5-4fa4-a97d-d965ccfc6d4b" outcome="Passed" testListId="8c84fa94-04c1-424b-9868-57a2d4851a1d" relativeResultsDirectory="2dcb3597-a565-4392-849e-07bc5f991f85">
    </UnitTestResult>
    <UnitTestResult executionId="7217d3ad-18d9-4660-8daf-6d031f1a1f0b" testId="ec86a5c7-025b-b62c-fbf3-4b0194192c0a" testName="should_throw_exception_if_update_on_last_visit_hotzone_is_done_on_user_that_doest_exist" computerName="JUSTIN-LAPTOP" duration="00:00:00.0234994" startTime="2010-12-03T17:28:41.6332534-06:00" endTime="2010-12-03T17:28:41.6612550-06:00" testType="13cdc9d9-ddb5-4fa4-a97d-d965ccfc6d4b" outcome="Passed" testListId="8c84fa94-04c1-424b-9868-57a2d4851a1d" relativeResultsDirectory="7217d3ad-18d9-4660-8daf-6d031f1a1f0b">
    </UnitTestResult>
    <UnitTestResult executionId="bd19a171-f0ae-477e-a185-419969efb210" testId="ed27cc8b-f076-d5ca-e1a7-e11e80ed7216" testName="the_attack_for_determinging_zombie_pack_difficulty_should_be_1" computerName="JUSTIN-LAPTOP" duration="00:00:00.0221687" startTime="2010-12-03T17:28:41.6622550-06:00" endTime="2010-12-03T17:28:41.6882565-06:00" testType="13cdc9d9-ddb5-4fa4-a97d-d965ccfc6d4b" outcome="Passed" testListId="8c84fa94-04c1-424b-9868-57a2d4851a1d" relativeResultsDirectory="bd19a171-f0ae-477e-a185-419969efb210">
    </UnitTestResult>
    <UnitTestResult executionId="ffe7f177-cba9-4f6f-a3c8-2eea125dc8ad" testId="ef0ae882-4dcb-0302-71db-13ab90020039" testName="should_update_users_base_energy" computerName="JUSTIN-LAPTOP" duration="00:00:00.0276217" startTime="2010-12-03T17:28:41.6902566-06:00" endTime="2010-12-03T17:28:41.7222585-06:00" testType="13cdc9d9-ddb5-4fa4-a97d-d965ccfc6d4b" outcome="Passed" testListId="8c84fa94-04c1-424b-9868-57a2d4851a1d" relativeResultsDirectory="ffe7f177-cba9-4f6f-a3c8-2eea125dc8ad">
    </UnitTestResult>
    <UnitTestResult executionId="1384fa0a-2b61-4ebb-adee-10e8baaf6c17" testId="ef68a9ee-23ea-2d7b-e344-622c97db6fd2" testName="should_return_false_if_user_does_not_have_item" computerName="JUSTIN-LAPTOP" duration="00:00:00.0349306" startTime="2010-12-03T17:28:41.7232585-06:00" endTime="2010-12-03T17:28:41.7632608-06:00" testType="13cdc9d9-ddb5-4fa4-a97d-d965ccfc6d4b" outcome="Passed" testListId="8c84fa94-04c1-424b-9868-57a2d4851a1d" relativeResultsDirectory="1384fa0a-2b61-4ebb-adee-10e8baaf6c17">
    </UnitTestResult>
    <UnitTestResult executionId="34706bd4-4697-4c73-8b3f-27cdb1cd856f" testId="efd3fdf9-6214-c49f-4a2b-bfb2fe87d588" testName="should_return_last_saved_sight_radius_for_user" computerName="JUSTIN-LAPTOP" duration="00:00:00.0204428" startTime="2010-12-03T17:28:41.7642609-06:00" endTime="2010-12-03T17:28:41.7882623-06:00" testType="13cdc9d9-ddb5-4fa4-a97d-d965ccfc6d4b" outcome="Passed" testListId="8c84fa94-04c1-424b-9868-57a2d4851a1d" relativeResultsDirectory="34706bd4-4697-4c73-8b3f-27cdb1cd856f">
    </UnitTestResult>
    <UnitTestResult executionId="35b86e20-0675-4e3a-8714-460ca175fd5b" testId="f0a78964-7df7-6d28-3ebe-f82c2151fafb" testName="should_return_calcuated_energy_for_user_based_on_minutes_passed_since_last_saved_energy" computerName="JUSTIN-LAPTOP" duration="00:00:00.0060401" startTime="2010-12-03T17:28:41.7902624-06:00" endTime="2010-12-03T17:28:41.8002629-06:00" testType="13cdc9d9-ddb5-4fa4-a97d-d965ccfc6d4b" outcome="Passed" testListId="8c84fa94-04c1-424b-9868-57a2d4851a1d" relativeResultsDirectory="35b86e20-0675-4e3a-8714-460ca175fd5b">
    </UnitTestResult>
    <UnitTestResult executionId="d0930f86-112a-4d7d-a565-6bbb935e55e8" testId="f171bbe9-81e2-ed24-643d-8a7305f52326" testName="should_return_null_for_last_saved_sight_radius_if_user_does_not_exist" computerName="JUSTIN-LAPTOP" duration="00:00:00.0196843" startTime="2010-12-03T17:28:41.8022631-06:00" endTime="2010-12-03T17:28:41.8262644-06:00" testType="13cdc9d9-ddb5-4fa4-a97d-d965ccfc6d4b" outcome="Passed" testListId="8c84fa94-04c1-424b-9868-57a2d4851a1d" relativeResultsDirectory="d0930f86-112a-4d7d-a565-6bbb935e55e8">
    </UnitTestResult>
    <UnitTestResult executionId="692fbaf3-dedb-4616-9cfb-7691b66005ca" testId="f3417486-69dc-de2a-dd50-52fd43d006f5" testName="should_remove_safe_house_item" computerName="JUSTIN-LAPTOP" duration="00:00:00.0443848" startTime="2010-12-03T17:28:41.8282645-06:00" endTime="2010-12-03T17:28:41.8772673-06:00" testType="13cdc9d9-ddb5-4fa4-a97d-d965ccfc6d4b" outcome="Passed" testListId="8c84fa94-04c1-424b-9868-57a2d4851a1d" relativeResultsDirectory="692fbaf3-dedb-4616-9cfb-7691b66005ca">
    </UnitTestResult>
    <UnitTestResult executionId="242b9571-e720-4fe3-ac2f-a4c8c069c44c" testId="f395261d-5bed-0fbe-8f0d-91e27b638206" testName="should_calculate_miles_between_two_points" computerName="JUSTIN-LAPTOP" duration="00:00:00.0008225" startTime="2010-12-03T17:28:41.8792675-06:00" endTime="2010-12-03T17:28:41.8852678-06:00" testType="13cdc9d9-ddb5-4fa4-a97d-d965ccfc6d4b" outcome="Passed" testListId="8c84fa94-04c1-424b-9868-57a2d4851a1d" relativeResultsDirectory="242b9571-e720-4fe3-ac2f-a4c8c069c44c">
    </UnitTestResult>
    <UnitTestResult executionId="3ab812d4-232c-47f0-909e-3b235e451ee9" testId="f3fa3c96-f413-1277-0bee-c65969207b6c" testName="should_increment_zombies_killed_for_user" computerName="JUSTIN-LAPTOP" duration="00:00:00.0272546" startTime="2010-12-03T17:28:41.8882680-06:00" endTime="2010-12-03T17:28:41.9202698-06:00" testType="13cdc9d9-ddb5-4fa4-a97d-d965ccfc6d4b" outcome="Passed" testListId="8c84fa94-04c1-424b-9868-57a2d4851a1d" relativeResultsDirectory="3ab812d4-232c-47f0-909e-3b235e451ee9">
    </UnitTestResult>
    <UnitTestResult executionId="531d0f25-8651-474f-bc5e-bce558f55f15" testId="f503de55-2c95-f110-a46c-919d6f50e064" testName="should_return_achievement_for_destroying_hotzone" computerName="JUSTIN-LAPTOP" duration="00:00:00.0013303" startTime="2010-12-03T17:28:41.9222699-06:00" endTime="2010-12-03T17:28:41.9292703-06:00" testType="13cdc9d9-ddb5-4fa4-a97d-d965ccfc6d4b" outcome="Passed" testListId="8c84fa94-04c1-424b-9868-57a2d4851a1d" relativeResultsDirectory="531d0f25-8651-474f-bc5e-bce558f55f15">
    </UnitTestResult>
    <UnitTestResult executionId="79d1e31e-6e14-4f6a-b05f-c758522b9c45" testId="f5ca8613-0214-ec34-e723-d1095b6a17b4" testName="the_starting_location_should_be_saved" computerName="JUSTIN-LAPTOP" duration="00:00:00.0347783" startTime="2010-12-03T17:28:41.9302704-06:00" endTime="2010-12-03T17:28:41.9722728-06:00" testType="13cdc9d9-ddb5-4fa4-a97d-d965ccfc6d4b" outcome="Passed" testListId="8c84fa94-04c1-424b-9868-57a2d4851a1d" relativeResultsDirectory="79d1e31e-6e14-4f6a-b05f-c758522b9c45">
    </UnitTestResult>
    <UnitTestResult executionId="c8b4d3a4-f04b-4e3f-8fee-e36430a6f7a9" testId="f6ae9d1e-5852-50cb-8378-e1ac4634a91b" testName="should_return_0_for_base_energy" computerName="JUSTIN-LAPTOP" duration="00:00:00.0209870" startTime="2010-12-03T17:28:41.9752729-06:00" endTime="2010-12-03T17:28:42.0012744-06:00" testType="13cdc9d9-ddb5-4fa4-a97d-d965ccfc6d4b" outcome="Passed" testListId="8c84fa94-04c1-424b-9868-57a2d4851a1d" relativeResultsDirectory="c8b4d3a4-f04b-4e3f-8fee-e36430a6f7a9">
    </UnitTestResult>
    <UnitTestResult executionId="72cf208c-3ceb-478a-8226-6a7bcddf7d57" testId="f6ef8399-e04f-58b6-2ee9-2d40209a41f1" testName="should_truncate_seconds_and_milliseconds_from_times_that_are_being_used_for_calculating_sight_radius" computerName="JUSTIN-LAPTOP" duration="00:00:00.0078276" startTime="2010-12-03T17:28:42.0022745-06:00" endTime="2010-12-03T17:28:42.0152752-06:00" testType="13cdc9d9-ddb5-4fa4-a97d-d965ccfc6d4b" outcome="Passed" testListId="8c84fa94-04c1-424b-9868-57a2d4851a1d" relativeResultsDirectory="72cf208c-3ceb-478a-8226-6a7bcddf7d57">
    </UnitTestResult>
    <UnitTestResult executionId="9cb9c5ca-ebaf-4454-9019-1437aa03ab4d" testId="f9af0abf-643a-0ae4-577c-59c40c69391a" testName="should_return_2_user_ranks_ordered" computerName="JUSTIN-LAPTOP" duration="00:00:00.0489488" startTime="2010-12-03T17:28:42.0192755-06:00" endTime="2010-12-03T17:28:42.0722785-06:00" testType="13cdc9d9-ddb5-4fa4-a97d-d965ccfc6d4b" outcome="Passed" testListId="8c84fa94-04c1-424b-9868-57a2d4851a1d" relativeResultsDirectory="9cb9c5ca-ebaf-4454-9019-1437aa03ab4d">
    </UnitTestResult>
    <UnitTestResult executionId="a32fd62f-8200-4ae8-bf6f-38597427d8a3" testId="f9b81dce-55e1-263a-0b23-09249cae8cd4" testName="should_return_correct_base_attack_power_for_given_level" computerName="JUSTIN-LAPTOP" duration="00:00:00.0005190" startTime="2010-12-03T17:28:42.0732786-06:00" endTime="2010-12-03T17:28:42.0782788-06:00" testType="13cdc9d9-ddb5-4fa4-a97d-d965ccfc6d4b" outcome="Passed" testListId="8c84fa94-04c1-424b-9868-57a2d4851a1d" relativeResultsDirectory="a32fd62f-8200-4ae8-bf6f-38597427d8a3">
    </UnitTestResult>
    <UnitTestResult executionId="f5fe354f-980e-4350-9cfe-3eecc1cfbb3e" testId="f9c3b8d4-44eb-d441-d7b4-5980f2089bf1" testName="should_save_user_item_in_safe_house" computerName="JUSTIN-LAPTOP" duration="00:00:00.0494375" startTime="2010-12-03T17:28:42.0802790-06:00" endTime="2010-12-03T17:28:42.1342820-06:00" testType="13cdc9d9-ddb5-4fa4-a97d-d965ccfc6d4b" outcome="Passed" testListId="8c84fa94-04c1-424b-9868-57a2d4851a1d" relativeResultsDirectory="f5fe354f-980e-4350-9cfe-3eecc1cfbb3e">
    </UnitTestResult>
    <UnitTestResult executionId="32bcd181-912d-4dd6-ab18-053595e666a0" testId="facd1619-809e-3892-1c5d-a369458909c6" testName="should_throw_error_if_user_does_not_exist" computerName="JUSTIN-LAPTOP" duration="00:00:00.0208598" startTime="2010-12-03T17:28:42.1352821-06:00" endTime="2010-12-03T17:28:42.1612836-06:00" testType="13cdc9d9-ddb5-4fa4-a97d-d965ccfc6d4b" outcome="Passed" testListId="8c84fa94-04c1-424b-9868-57a2d4851a1d" relativeResultsDirectory="32bcd181-912d-4dd6-ab18-053595e666a0">
    </UnitTestResult>
    <UnitTestResult executionId="828bb0f0-656c-4e31-adb6-c654d87a1372" testId="fb8ca09b-7f12-89fe-19bf-bcebd7198872" testName="should_retrieve_user_current_item_slot_capacity" computerName="JUSTIN-LAPTOP" duration="00:00:00.0250024" startTime="2010-12-03T17:28:42.1622836-06:00" endTime="2010-12-03T17:28:42.1912853-06:00" testType="13cdc9d9-ddb5-4fa4-a97d-d965ccfc6d4b" outcome="Passed" testListId="8c84fa94-04c1-424b-9868-57a2d4851a1d" relativeResultsDirectory="828bb0f0-656c-4e31-adb6-c654d87a1372">
    </UnitTestResult>
    <UnitTestResult executionId="d4019358-00da-4894-912f-f4134b64c57d" testId="fda20422-40a9-5283-8a02-f548ab2ba5fd" testName="should_disregard_if_safe_house_does_not_exist" computerName="JUSTIN-LAPTOP" duration="00:00:00.0060069" startTime="2010-12-03T17:28:42.1942855-06:00" endTime="2010-12-03T17:28:42.2042860-06:00" testType="13cdc9d9-ddb5-4fa4-a97d-d965ccfc6d4b" outcome="Passed" testListId="8c84fa94-04c1-424b-9868-57a2d4851a1d" relativeResultsDirectory="d4019358-00da-4894-912f-f4134b64c57d">
    </UnitTestResult>
  </Results>
</TestRun>