<?xml version="1.0" encoding="UTF-8"?>
<TestRun id="e492e13f-5f7d-4d9b-8bb1-ede63f136f3f" name="Justin@JUSTIN-LAPTOP 2010-10-17 14:32:53" runUser="Justin-Laptop\Justin" xmlns="http://microsoft.com/schemas/VisualStudio/TeamTest/2010">
  <TestSettings name="Local" id="ea36617e-255b-41c6-a9d8-bdc56b785769">
    <Description>These are default test settings for a local test run.</Description>
    <Deployment runDeploymentRoot="Justin_JUSTIN-LAPTOP 2010-10-17 14_32_53">
      <DeploymentItem filename="C:\Projects\UndeadEarth\UndeadEarth.Model\bin\Debug\UndeadEarth.Model.dll" />
      <DeploymentItem filename="C:\Projects\UndeadEarth\External Assemblies\Microsoft.Practices.ObjectBuilder2.dll" />
      <DeploymentItem filename="C:\Projects\UndeadEarth\UndeadEarth.Dal\bin\Debug\UndeadEarth.Dal.dll" />
      <DeploymentItem filename="C:\Projects\UndeadEarth\External Assemblies\Microsoft.Practices.Unity.dll" />
      <DeploymentItem filename="C:\Projects\UndeadEarth\External Assemblies\Microsoft.Practices.Unity.Configuration.dll" />
      <DeploymentItem filename="C:\Projects\UndeadEarth\UndeadEarth.Contract\bin\Debug\UndeadEarth.Contract.dll" />
      <DeploymentItem filename="C:\Projects\UndeadEarth\External Assemblies\Moq.dll" />
    </Deployment>
    <Execution>
      <TestTypeSpecific>
        <UnitTestRunConfig testTypeId="13cdc9d9-ddb5-4fa4-a97d-d965ccfc6d4b">
          <AssemblyResolution>
            <TestDirectory useLoadContext="true" />
          </AssemblyResolution>
        </UnitTestRunConfig>
        <WebTestRunConfiguration testTypeId="4e7599fa-5ecb-43e9-a887-cd63cf72d207">
          <Browser name="Internet Explorer 7.0">
            <Headers>
              <Header name="User-Agent" value="Mozilla/4.0 (compatible; MSIE 7.0; Windows NT 5.1)" />
              <Header name="Accept" value="*/*" />
              <Header name="Accept-Language" value="{{$IEAcceptLanguage}}" />
              <Header name="Accept-Encoding" value="GZIP" />
            </Headers>
          </Browser>
        </WebTestRunConfiguration>
      </TestTypeSpecific>
      <AgentRule name="LocalMachineDefaultRole">
        <DataCollectors>
          <DataCollector uri="datacollector://microsoft/CodeCoverage/1.0" assemblyQualifiedName="Microsoft.VisualStudio.TestTools.CodeCoverage.CoveragePlugIn, Microsoft.VisualStudio.QualityTools.Plugins.CodeCoverage, Version=10.0.0.0, Culture=neutral, PublicKeyToken=b03f5f7f11d50a3a" friendlyName="Code Coverage">
            <Configuration>
              <CodeCoverage xmlns="">
                <Regular>
                  <CodeCoverageItem binaryFile="C:\Projects\UndeadEarth\UndeadEarth.Dal\bin\Debug\UndeadEarth.Dal.dll" pdbFile="C:\Projects\UndeadEarth\UndeadEarth.Dal\bin\Debug\UndeadEarth.Dal.instr.pdb" instrumentInPlace="true" />
                  <CodeCoverageItem binaryFile="C:\Projects\UndeadEarth\UndeadEarth.Model\bin\Debug\UndeadEarth.Model.dll" pdbFile="C:\Projects\UndeadEarth\UndeadEarth.Model\bin\Debug\UndeadEarth.Model.instr.pdb" instrumentInPlace="true" />
                  <CodeCoverageItem binaryFile="C:\Projects\UndeadEarth\UndeadEarth.Contract\bin\Debug\UndeadEarth.Contract.dll" pdbFile="C:\Projects\UndeadEarth\UndeadEarth.Contract\bin\Debug\UndeadEarth.Contract.instr.pdb" instrumentInPlace="true" />
                </Regular>
              </CodeCoverage>
            </Configuration>
          </DataCollector>
        </DataCollectors>
      </AgentRule>
    </Execution>
  </TestSettings>
  <Times creation="2010-10-17T14:32:53.2786793-05:00" queuing="2010-10-17T14:32:54.0837253-05:00" start="2010-10-17T14:32:54.2267335-05:00" finish="2010-10-17T14:33:07.6665022-05:00" />
  <ResultSummary outcome="Failed">
    <Counters total="314" executed="314" passed="313" error="0" failed="1" timeout="0" aborted="0" inconclusive="0" passedButRunAborted="0" notRunnable="0" notExecuted="0" disconnected="0" warning="0" completed="0" inProgress="0" pending="0" />
    <ResultFiles>
      <ResultFile path="JUSTIN-LAPTOP\data.coverage" />
    </ResultFiles>
  </ResultSummary>
  <TestDefinitions>
    <UnitTest name="should_return_hotzone_is_not_cleared_for_other_user" storage="c:\projects\undeadearth\undeadearth.test\bin\debug\undeadearth.test.dll" id="61f1fbc3-1b38-ec7e-962e-44e1959bccb8">
      <Execution id="3987362b-a148-4365-80f1-6e27c32ec130" />
      <TestMethod codeBase="C:/Projects/UndeadEarth/UndeadEarth.Test/bin/Debug/UndeadEarth.Test.DLL" adapterTypeName="Microsoft.VisualStudio.TestTools.TestTypes.Unit.UnitTestAdapter, Microsoft.VisualStudio.QualityTools.Tips.UnitTest.Adapter, Version=10.0.0.0, Culture=neutral, PublicKeyToken=b03f5f7f11d50a3a" className="UndeadEarth.Test.Dal.when_determining_if_hotzones_is_cleared, UndeadEarth.Test, Version=1.0.0.0, Culture=neutral, PublicKeyToken=null" name="should_return_hotzone_is_not_cleared_for_other_user" />
    </UnitTest>
    <UnitTest name="should_throw_error_if_trying_to_update_user_attack_power_and_user_does_not_exist" storage="c:\projects\undeadearth\undeadearth.test\bin\debug\undeadearth.test.dll" id="7c9fa0fb-7cf0-12c6-f8da-d4fb82dffc47">
      <Execution id="7977c3d6-49be-4263-b284-5f2819853515" />
      <TestMethod codeBase="C:/Projects/UndeadEarth/UndeadEarth.Test/bin/Debug/UndeadEarth.Test.DLL" adapterTypeName="Microsoft.VisualStudio.TestTools.TestTypes.Unit.UnitTestAdapter, Microsoft.VisualStudio.QualityTools.Tips.UnitTest.Adapter, Version=10.0.0.0, Culture=neutral, PublicKeyToken=b03f5f7f11d50a3a" className="UndeadEarth.Test.Dal.when_saving_user, UndeadEarth.Test, Version=1.0.0.0, Culture=neutral, PublicKeyToken=null" name="should_throw_error_if_trying_to_update_user_attack_power_and_user_does_not_exist" />
    </UnitTest>
    <UnitTest name="should_start_with_energy_of_100" storage="c:\projects\undeadearth\undeadearth.test\bin\debug\undeadearth.test.dll" id="3b3489bf-140a-7d3d-ca59-73f946c71ab3">
      <Execution id="96c6352c-e85c-4cd4-a721-cb75fb9cc898" />
      <TestMethod codeBase="C:/Projects/UndeadEarth/UndeadEarth.Test/bin/Debug/UndeadEarth.Test.DLL" adapterTypeName="Microsoft.VisualStudio.TestTools.TestTypes.Unit.UnitTestAdapter, Microsoft.VisualStudio.QualityTools.Tips.UnitTest.Adapter, Version=10.0.0.0, Culture=neutral, PublicKeyToken=b03f5f7f11d50a3a" className="UndeadEarth.Test.Model.when_creating_user, UndeadEarth.Test, Version=1.0.0.0, Culture=neutral, PublicKeyToken=null" name="should_start_with_energy_of_100" />
    </UnitTest>
    <UnitTest name="should_decrement_the_zombies_left_in_a_zombie_pack_after_a_hunt" storage="c:\projects\undeadearth\undeadearth.test\bin\debug\undeadearth.test.dll" id="799c0d6a-4d65-290e-a185-a723c64e9bd5">
      <Execution id="645f481a-8348-409a-b81f-c2141adc4ce5" />
      <TestMethod codeBase="C:/Projects/UndeadEarth/UndeadEarth.Test/bin/Debug/UndeadEarth.Test.DLL" adapterTypeName="Microsoft.VisualStudio.TestTools.TestTypes.Unit.UnitTestAdapter, Microsoft.VisualStudio.QualityTools.Tips.UnitTest.Adapter, Version=10.0.0.0, Culture=neutral, PublicKeyToken=b03f5f7f11d50a3a" className="UndeadEarth.Test.Model.when_hunting_for_zombies, UndeadEarth.Test, Version=1.0.0.0, Culture=neutral, PublicKeyToken=null" name="should_decrement_the_zombies_left_in_a_zombie_pack_after_a_hunt" />
    </UnitTest>
    <UnitTest name="should_return_attack_power_along_with_any_attack_power_increase_from_multiple_safehouse_items_and_user_has_no_money" storage="c:\projects\undeadearth\undeadearth.test\bin\debug\undeadearth.test.dll" id="c85e6447-a3ca-1d12-8c38-f937a72eca57">
      <Execution id="20016738-a62f-4d21-8b94-21895d71dd24" />
      <TestMethod codeBase="C:/Projects/UndeadEarth/UndeadEarth.Test/bin/Debug/UndeadEarth.Test.DLL" adapterTypeName="Microsoft.VisualStudio.TestTools.TestTypes.Unit.UnitTestAdapter, Microsoft.VisualStudio.QualityTools.Tips.UnitTest.Adapter, Version=10.0.0.0, Culture=neutral, PublicKeyToken=b03f5f7f11d50a3a" className="UndeadEarth.Test.Model.when_determining_users_max_potential_attack_power, UndeadEarth.Test, Version=1.0.0.0, Culture=neutral, PublicKeyToken=null" name="should_return_attack_power_along_with_any_attack_power_increase_from_multiple_safehouse_items_and_user_has_no_money" />
    </UnitTest>
    <UnitTest name="should_hunt_if_users_has_enough_energy" storage="c:\projects\undeadearth\undeadearth.test\bin\debug\undeadearth.test.dll" id="10dff579-2252-675a-f00d-0bb39990c8c6">
      <Execution id="3daf2b38-2e94-411e-a249-b0127f9415da" />
      <TestMethod codeBase="C:/Projects/UndeadEarth/UndeadEarth.Test/bin/Debug/UndeadEarth.Test.DLL" adapterTypeName="Microsoft.VisualStudio.TestTools.TestTypes.Unit.UnitTestAdapter, Microsoft.VisualStudio.QualityTools.Tips.UnitTest.Adapter, Version=10.0.0.0, Culture=neutral, PublicKeyToken=b03f5f7f11d50a3a" className="UndeadEarth.Test.Model.when_hunting_for_zombies, UndeadEarth.Test, Version=1.0.0.0, Culture=neutral, PublicKeyToken=null" name="should_hunt_if_users_has_enough_energy" />
    </UnitTest>
    <UnitTest name="should_return_zero_for_attack_power_if_user_does_not_exist" storage="c:\projects\undeadearth\undeadearth.test\bin\debug\undeadearth.test.dll" id="bb35c303-68f9-bb58-ec6c-79aa0b063947">
      <Execution id="bc4ad484-422d-4ced-b8bf-b672ccc44edd" />
      <TestMethod codeBase="C:/Projects/UndeadEarth/UndeadEarth.Test/bin/Debug/UndeadEarth.Test.DLL" adapterTypeName="Microsoft.VisualStudio.TestTools.TestTypes.Unit.UnitTestAdapter, Microsoft.VisualStudio.QualityTools.Tips.UnitTest.Adapter, Version=10.0.0.0, Culture=neutral, PublicKeyToken=b03f5f7f11d50a3a" className="UndeadEarth.Test.Model.when_retrieving_user_attack_power, UndeadEarth.Test, Version=1.0.0.0, Culture=neutral, PublicKeyToken=null" name="should_return_zero_for_attack_power_if_user_does_not_exist" />
    </UnitTest>
    <UnitTest name="should_set_last_saved_energy_to_max_energy_if_last_saved_energy_does_not_exist" storage="c:\projects\undeadearth\undeadearth.test\bin\debug\undeadearth.test.dll" id="3bf90928-3e3e-817d-0c2a-b114432020ae">
      <Execution id="f22ca25e-6a3f-4f61-8ec4-ed9a6e7417ed" />
      <TestMethod codeBase="C:/Projects/UndeadEarth/UndeadEarth.Test/bin/Debug/UndeadEarth.Test.DLL" adapterTypeName="Microsoft.VisualStudio.TestTools.TestTypes.Unit.UnitTestAdapter, Microsoft.VisualStudio.QualityTools.Tips.UnitTest.Adapter, Version=10.0.0.0, Culture=neutral, PublicKeyToken=b03f5f7f11d50a3a" className="UndeadEarth.Test.Model.when_determining_users_current_energy, UndeadEarth.Test, Version=1.0.0.0, Culture=neutral, PublicKeyToken=null" name="should_set_last_saved_energy_to_max_energy_if_last_saved_energy_does_not_exist" />
    </UnitTest>
    <UnitTest name="should_return_achievement_for_collecting_10000_dollars" storage="c:\projects\undeadearth\undeadearth.test\bin\debug\undeadearth.test.dll" id="166bc0da-4e9a-a151-a5ee-18d3adcd0291">
      <Execution id="03b123ef-1d1f-4d63-a4a1-b346bcd5ca4f" />
      <TestMethod codeBase="C:/Projects/UndeadEarth/UndeadEarth.Test/bin/Debug/UndeadEarth.Test.DLL" adapterTypeName="Microsoft.VisualStudio.TestTools.TestTypes.Unit.UnitTestAdapter, Microsoft.VisualStudio.QualityTools.Tips.UnitTest.Adapter, Version=10.0.0.0, Culture=neutral, PublicKeyToken=b03f5f7f11d50a3a" className="UndeadEarth.Test.Model.when_retrieving_achievements, UndeadEarth.Test, Version=1.0.0.0, Culture=neutral, PublicKeyToken=null" name="should_return_achievement_for_collecting_10000_dollars" />
    </UnitTest>
    <UnitTest name="should_return_items_below_a_given_prices" storage="c:\projects\undeadearth\undeadearth.test\bin\debug\undeadearth.test.dll" id="2d393202-3b6b-ea77-5db0-849ebdcd5101">
      <Execution id="c8cbb2ac-ebf2-4a0a-816b-d3ad887f8531" />
      <TestMethod codeBase="C:/Projects/UndeadEarth/UndeadEarth.Test/bin/Debug/UndeadEarth.Test.DLL" adapterTypeName="Microsoft.VisualStudio.TestTools.TestTypes.Unit.UnitTestAdapter, Microsoft.VisualStudio.QualityTools.Tips.UnitTest.Adapter, Version=10.0.0.0, Culture=neutral, PublicKeyToken=b03f5f7f11d50a3a" className="UndeadEarth.Test.Dal.when_retrieving_items, UndeadEarth.Test, Version=1.0.0.0, Culture=neutral, PublicKeyToken=null" name="should_return_items_below_a_given_prices" />
    </UnitTest>
    <UnitTest name="should_remove_user_item" storage="c:\projects\undeadearth\undeadearth.test\bin\debug\undeadearth.test.dll" id="24c64596-5cab-4a6f-68a2-2b1dbc11b2be">
      <Execution id="c12d7610-0dc7-42f4-8fe6-66c8e9115b61" />
      <TestMethod codeBase="C:/Projects/UndeadEarth/UndeadEarth.Test/bin/Debug/UndeadEarth.Test.DLL" adapterTypeName="Microsoft.VisualStudio.TestTools.TestTypes.Unit.UnitTestAdapter, Microsoft.VisualStudio.QualityTools.Tips.UnitTest.Adapter, Version=10.0.0.0, Culture=neutral, PublicKeyToken=b03f5f7f11d50a3a" className="UndeadEarth.Test.Dal.when_retrieving_items, UndeadEarth.Test, Version=1.0.0.0, Culture=neutral, PublicKeyToken=null" name="should_remove_user_item" />
    </UnitTest>
    <UnitTest name="should_return_if_item_does_not_exist" storage="c:\projects\undeadearth\undeadearth.test\bin\debug\undeadearth.test.dll" id="592a8210-389c-d154-bfaf-1570717dbd73">
      <Execution id="db378437-c4ad-4c87-bb80-bc70b6cadd9a" />
      <TestMethod codeBase="C:/Projects/UndeadEarth/UndeadEarth.Test/bin/Debug/UndeadEarth.Test.DLL" adapterTypeName="Microsoft.VisualStudio.TestTools.TestTypes.Unit.UnitTestAdapter, Microsoft.VisualStudio.QualityTools.Tips.UnitTest.Adapter, Version=10.0.0.0, Culture=neutral, PublicKeyToken=b03f5f7f11d50a3a" className="UndeadEarth.Test.Model.when_using_items, UndeadEarth.Test, Version=1.0.0.0, Culture=neutral, PublicKeyToken=null" name="should_return_if_item_does_not_exist" />
    </UnitTest>
    <UnitTest name="should_mark_zombie_pack_as_destroyed_if_the_hunt_destroyed_the_last_zombie" storage="c:\projects\undeadearth\undeadearth.test\bin\debug\undeadearth.test.dll" id="353e37f8-b3ee-d1bc-48f1-1354650acd50">
      <Execution id="fdc06de9-8a72-4ee9-88e5-783e475995ff" />
      <TestMethod codeBase="C:/Projects/UndeadEarth/UndeadEarth.Test/bin/Debug/UndeadEarth.Test.DLL" adapterTypeName="Microsoft.VisualStudio.TestTools.TestTypes.Unit.UnitTestAdapter, Microsoft.VisualStudio.QualityTools.Tips.UnitTest.Adapter, Version=10.0.0.0, Culture=neutral, PublicKeyToken=b03f5f7f11d50a3a" className="UndeadEarth.Test.Model.when_hunting_for_zombies, UndeadEarth.Test, Version=1.0.0.0, Culture=neutral, PublicKeyToken=null" name="should_mark_zombie_pack_as_destroyed_if_the_hunt_destroyed_the_last_zombie" />
    </UnitTest>
    <UnitTest name="should_disregard_if_user_has_max_items_already" storage="c:\projects\undeadearth\undeadearth.test\bin\debug\undeadearth.test.dll" id="c3a4535b-76d1-c39a-2397-114110fb9661">
      <Execution id="546905a5-85d8-4473-a1a0-a55b17a3ff8e" />
      <TestMethod codeBase="C:/Projects/UndeadEarth/UndeadEarth.Test/bin/Debug/UndeadEarth.Test.DLL" adapterTypeName="Microsoft.VisualStudio.TestTools.TestTypes.Unit.UnitTestAdapter, Microsoft.VisualStudio.QualityTools.Tips.UnitTest.Adapter, Version=10.0.0.0, Culture=neutral, PublicKeyToken=b03f5f7f11d50a3a" className="UndeadEarth.Test.Model.when_buying_items_from_shop, UndeadEarth.Test, Version=1.0.0.0, Culture=neutral, PublicKeyToken=null" name="should_disregard_if_user_has_max_items_already" />
    </UnitTest>
    <UnitTest name="should_return_zero_if_distance_is_null" storage="c:\projects\undeadearth\undeadearth.test\bin\debug\undeadearth.test.dll" id="cb80e7a8-021c-5d6c-c831-c1f7e461a27c">
      <Execution id="078f2478-12be-4be6-aaad-9ea84b59b0b9" />
      <TestMethod codeBase="C:/Projects/UndeadEarth/UndeadEarth.Test/bin/Debug/UndeadEarth.Test.DLL" adapterTypeName="Microsoft.VisualStudio.TestTools.TestTypes.Unit.UnitTestAdapter, Microsoft.VisualStudio.QualityTools.Tips.UnitTest.Adapter, Version=10.0.0.0, Culture=neutral, PublicKeyToken=b03f5f7f11d50a3a" className="UndeadEarth.Test.Dal.when_retrieving_items, UndeadEarth.Test, Version=1.0.0.0, Culture=neutral, PublicKeyToken=null" name="should_return_zero_if_distance_is_null" />
    </UnitTest>
    <UnitTest name="should_decrement_number_of_zombies_by_users_attack_power_on_successful_hunt" storage="c:\projects\undeadearth\undeadearth.test\bin\debug\undeadearth.test.dll" id="d646a28e-30d8-4c55-0af1-38d31ab16a6a">
      <Execution id="938142c7-56aa-4b47-8642-85fb92be5096" />
      <TestMethod codeBase="C:/Projects/UndeadEarth/UndeadEarth.Test/bin/Debug/UndeadEarth.Test.DLL" adapterTypeName="Microsoft.VisualStudio.TestTools.TestTypes.Unit.UnitTestAdapter, Microsoft.VisualStudio.QualityTools.Tips.UnitTest.Adapter, Version=10.0.0.0, Culture=neutral, PublicKeyToken=b03f5f7f11d50a3a" className="UndeadEarth.Test.Model.when_hunting_for_zombies, UndeadEarth.Test, Version=1.0.0.0, Culture=neutral, PublicKeyToken=null" name="should_decrement_number_of_zombies_by_users_attack_power_on_successful_hunt" />
    </UnitTest>
    <UnitTest name="should_throw_error_for_saving_last_energy_if_user_does_not_exist" storage="c:\projects\undeadearth\undeadearth.test\bin\debug\undeadearth.test.dll" id="241aa01b-d31a-aa87-10ed-03e9fc36dd2d">
      <Execution id="024348aa-f3fc-4f68-a3ed-cd5f82a9cca2" />
      <TestMethod codeBase="C:/Projects/UndeadEarth/UndeadEarth.Test/bin/Debug/UndeadEarth.Test.DLL" adapterTypeName="Microsoft.VisualStudio.TestTools.TestTypes.Unit.UnitTestAdapter, Microsoft.VisualStudio.QualityTools.Tips.UnitTest.Adapter, Version=10.0.0.0, Culture=neutral, PublicKeyToken=b03f5f7f11d50a3a" className="UndeadEarth.Test.Dal.when_saving_user_sight_radius, UndeadEarth.Test, Version=1.0.0.0, Culture=neutral, PublicKeyToken=null" name="should_throw_error_for_saving_last_energy_if_user_does_not_exist" />
    </UnitTest>
    <UnitTest name="should_return_base_attack_power_if_user_does_not_have_any_money_and_no_items_in_safehouse" storage="c:\projects\undeadearth\undeadearth.test\bin\debug\undeadearth.test.dll" id="43a1b4c2-5164-126a-d787-254e51bf5cb0">
      <Execution id="2ba0b9a7-f1a7-4f39-b995-62c19796d68a" />
      <TestMethod codeBase="C:/Projects/UndeadEarth/UndeadEarth.Test/bin/Debug/UndeadEarth.Test.DLL" adapterTypeName="Microsoft.VisualStudio.TestTools.TestTypes.Unit.UnitTestAdapter, Microsoft.VisualStudio.QualityTools.Tips.UnitTest.Adapter, Version=10.0.0.0, Culture=neutral, PublicKeyToken=b03f5f7f11d50a3a" className="UndeadEarth.Test.Model.when_determining_users_max_potential_attack_power, UndeadEarth.Test, Version=1.0.0.0, Culture=neutral, PublicKeyToken=null" name="should_return_base_attack_power_if_user_does_not_have_any_money_and_no_items_in_safehouse" />
    </UnitTest>
    <UnitTest name="should_return_false_if_user_does_not_exist" storage="c:\projects\undeadearth\undeadearth.test\bin\debug\undeadearth.test.dll" id="441c5aa1-1be2-b7ff-84a3-c2712387e211">
      <Execution id="3e8db52c-6010-4fc5-a9d8-5353cf09d01b" />
      <TestMethod codeBase="C:/Projects/UndeadEarth/UndeadEarth.Test/bin/Debug/UndeadEarth.Test.DLL" adapterTypeName="Microsoft.VisualStudio.TestTools.TestTypes.Unit.UnitTestAdapter, Microsoft.VisualStudio.QualityTools.Tips.UnitTest.Adapter, Version=10.0.0.0, Culture=neutral, PublicKeyToken=b03f5f7f11d50a3a" className="UndeadEarth.Test.Dal.when_retrieving_user, UndeadEarth.Test, Version=1.0.0.0, Culture=neutral, PublicKeyToken=null" name="should_return_false_if_user_does_not_exist" />
    </UnitTest>
    <UnitTest name="should_insert_zombie_pack_progress_that_does_exist" storage="c:\projects\undeadearth\undeadearth.test\bin\debug\undeadearth.test.dll" id="17c9071b-a2b6-56fe-9dc6-b3135a8d71e5">
      <Execution id="14973081-c4ca-4557-8add-518b416fddfd" />
      <TestMethod codeBase="C:/Projects/UndeadEarth/UndeadEarth.Test/bin/Debug/UndeadEarth.Test.DLL" adapterTypeName="Microsoft.VisualStudio.TestTools.TestTypes.Unit.UnitTestAdapter, Microsoft.VisualStudio.QualityTools.Tips.UnitTest.Adapter, Version=10.0.0.0, Culture=neutral, PublicKeyToken=b03f5f7f11d50a3a" className="UndeadEarth.Test.Dal.when_saving_user_zombie_pack_progress, UndeadEarth.Test, Version=1.0.0.0, Culture=neutral, PublicKeyToken=null" name="should_insert_zombie_pack_progress_that_does_exist" />
    </UnitTest>
    <UnitTest name="should_return_users_base_energy_if_user_does_not_have_any_items" storage="c:\projects\undeadearth\undeadearth.test\bin\debug\undeadearth.test.dll" id="b9bdcc23-3882-fdc6-ae71-589fdcc2d732">
      <Execution id="217f78f0-7ddb-4cd6-a8e8-6931661c2b05" />
      <TestMethod codeBase="C:/Projects/UndeadEarth/UndeadEarth.Test/bin/Debug/UndeadEarth.Test.DLL" adapterTypeName="Microsoft.VisualStudio.TestTools.TestTypes.Unit.UnitTestAdapter, Microsoft.VisualStudio.QualityTools.Tips.UnitTest.Adapter, Version=10.0.0.0, Culture=neutral, PublicKeyToken=b03f5f7f11d50a3a" className="UndeadEarth.Test.Model.when_determining_users_max_energy, UndeadEarth.Test, Version=1.0.0.0, Culture=neutral, PublicKeyToken=null" name="should_return_users_base_energy_if_user_does_not_have_any_items" />
    </UnitTest>
    <UnitTest name="should_return_false_if_hotzone_doesnt_exists" storage="c:\projects\undeadearth\undeadearth.test\bin\debug\undeadearth.test.dll" id="369b7a6d-08d3-f340-d283-f5ee6842f08e">
      <Execution id="082af202-c912-4598-b380-6b6b163672b2" />
      <TestMethod codeBase="C:/Projects/UndeadEarth/UndeadEarth.Test/bin/Debug/UndeadEarth.Test.DLL" adapterTypeName="Microsoft.VisualStudio.TestTools.TestTypes.Unit.UnitTestAdapter, Microsoft.VisualStudio.QualityTools.Tips.UnitTest.Adapter, Version=10.0.0.0, Culture=neutral, PublicKeyToken=b03f5f7f11d50a3a" className="UndeadEarth.Test.Dal.when_retrieving_hot_zones, UndeadEarth.Test, Version=1.0.0.0, Culture=neutral, PublicKeyToken=null" name="should_return_false_if_hotzone_doesnt_exists" />
    </UnitTest>
    <UnitTest name="should_return_achievement_for_traveling_10_miles" storage="c:\projects\undeadearth\undeadearth.test\bin\debug\undeadearth.test.dll" id="11ca7b9d-e2f9-e5ce-6eed-7e1247933dec">
      <Execution id="382d59c4-5bbc-4f54-bae5-8c1a7c2a3ebe" />
      <TestMethod codeBase="C:/Projects/UndeadEarth/UndeadEarth.Test/bin/Debug/UndeadEarth.Test.DLL" adapterTypeName="Microsoft.VisualStudio.TestTools.TestTypes.Unit.UnitTestAdapter, Microsoft.VisualStudio.QualityTools.Tips.UnitTest.Adapter, Version=10.0.0.0, Culture=neutral, PublicKeyToken=b03f5f7f11d50a3a" className="UndeadEarth.Test.Model.when_retrieving_achievements, UndeadEarth.Test, Version=1.0.0.0, Culture=neutral, PublicKeyToken=null" name="should_return_achievement_for_traveling_10_miles" />
    </UnitTest>
    <UnitTest name="should_return_0_if_user_does_not_exist" storage="c:\projects\undeadearth\undeadearth.test\bin\debug\undeadearth.test.dll" id="24bc110f-ba75-2876-7218-d24fbd5282b6">
      <Execution id="326a9a47-3171-4014-a392-10d2f3d73567" />
      <TestMethod codeBase="C:/Projects/UndeadEarth/UndeadEarth.Test/bin/Debug/UndeadEarth.Test.DLL" adapterTypeName="Microsoft.VisualStudio.TestTools.TestTypes.Unit.UnitTestAdapter, Microsoft.VisualStudio.QualityTools.Tips.UnitTest.Adapter, Version=10.0.0.0, Culture=neutral, PublicKeyToken=b03f5f7f11d50a3a" className="UndeadEarth.Test.Model.when_determining_users_min_sight_radius, UndeadEarth.Test, Version=1.0.0.0, Culture=neutral, PublicKeyToken=null" name="should_return_0_if_user_does_not_exist" />
    </UnitTest>
    <UnitTest name="should_update_users_energy_based_on_distance_moved" storage="c:\projects\undeadearth\undeadearth.test\bin\debug\undeadearth.test.dll" id="7153296b-7930-7df3-3632-012c2eca18ad">
      <Execution id="83bd39bf-8faa-4d3e-8146-96075b43e160" />
      <TestMethod codeBase="C:/Projects/UndeadEarth/UndeadEarth.Test/bin/Debug/UndeadEarth.Test.DLL" adapterTypeName="Microsoft.VisualStudio.TestTools.TestTypes.Unit.UnitTestAdapter, Microsoft.VisualStudio.QualityTools.Tips.UnitTest.Adapter, Version=10.0.0.0, Culture=neutral, PublicKeyToken=b03f5f7f11d50a3a" className="UndeadEarth.Test.Model.when_moving_user, UndeadEarth.Test, Version=1.0.0.0, Culture=neutral, PublicKeyToken=null" name="should_update_users_energy_based_on_distance_moved" />
    </UnitTest>
    <UnitTest name="should_return_0_for_base_energy" storage="c:\projects\undeadearth\undeadearth.test\bin\debug\undeadearth.test.dll" id="f6ae9d1e-5852-50cb-8378-e1ac4634a91b">
      <Execution id="0f768844-ccff-493c-aacf-99fa84be81da" />
      <TestMethod codeBase="C:/Projects/UndeadEarth/UndeadEarth.Test/bin/Debug/UndeadEarth.Test.DLL" adapterTypeName="Microsoft.VisualStudio.TestTools.TestTypes.Unit.UnitTestAdapter, Microsoft.VisualStudio.QualityTools.Tips.UnitTest.Adapter, Version=10.0.0.0, Culture=neutral, PublicKeyToken=b03f5f7f11d50a3a" className="UndeadEarth.Test.Dal.when_retrieving_user_energy, UndeadEarth.Test, Version=1.0.0.0, Culture=neutral, PublicKeyToken=null" name="should_return_0_for_base_energy" />
    </UnitTest>
    <UnitTest name="should_throw_exception_when_returning_baseline_attack_power_for_user_that_doesnt_exist" storage="c:\projects\undeadearth\undeadearth.test\bin\debug\undeadearth.test.dll" id="7acb1219-a69e-e102-dd8e-4060793e7b6e">
      <Execution id="b6ad93d6-81c3-49ab-b28a-18c4cddeaf82" />
      <TestMethod codeBase="C:/Projects/UndeadEarth/UndeadEarth.Test/bin/Debug/UndeadEarth.Test.DLL" adapterTypeName="Microsoft.VisualStudio.TestTools.TestTypes.Unit.UnitTestAdapter, Microsoft.VisualStudio.QualityTools.Tips.UnitTest.Adapter, Version=10.0.0.0, Culture=neutral, PublicKeyToken=b03f5f7f11d50a3a" className="UndeadEarth.Test.Dal.when_retrieving_user, UndeadEarth.Test, Version=1.0.0.0, Culture=neutral, PublicKeyToken=null" name="should_throw_exception_when_returning_baseline_attack_power_for_user_that_doesnt_exist" />
    </UnitTest>
    <UnitTest name="should_return_falise_if_user_zombie_pack_progress_does_not_exist" storage="c:\projects\undeadearth\undeadearth.test\bin\debug\undeadearth.test.dll" id="b60197de-ab24-075d-fbab-bf70fa600887">
      <Execution id="5b795ae3-fda3-47b3-bb96-d2805da1c472" />
      <TestMethod codeBase="C:/Projects/UndeadEarth/UndeadEarth.Test/bin/Debug/UndeadEarth.Test.DLL" adapterTypeName="Microsoft.VisualStudio.TestTools.TestTypes.Unit.UnitTestAdapter, Microsoft.VisualStudio.QualityTools.Tips.UnitTest.Adapter, Version=10.0.0.0, Culture=neutral, PublicKeyToken=b03f5f7f11d50a3a" className="UndeadEarth.Test.Dal.when_retrieving_user_zombie_pack_progress, UndeadEarth.Test, Version=1.0.0.0, Culture=neutral, PublicKeyToken=null" name="should_return_falise_if_user_zombie_pack_progress_does_not_exist" />
    </UnitTest>
    <UnitTest name="should_return_achievement_for_destroying_10000_zombie_packs" storage="c:\projects\undeadearth\undeadearth.test\bin\debug\undeadearth.test.dll" id="6c066a85-168d-65f4-cc37-317318414373">
      <Execution id="0dbb8e88-434c-40d6-ade7-80918f3e6e2d" />
      <TestMethod codeBase="C:/Projects/UndeadEarth/UndeadEarth.Test/bin/Debug/UndeadEarth.Test.DLL" adapterTypeName="Microsoft.VisualStudio.TestTools.TestTypes.Unit.UnitTestAdapter, Microsoft.VisualStudio.QualityTools.Tips.UnitTest.Adapter, Version=10.0.0.0, Culture=neutral, PublicKeyToken=b03f5f7f11d50a3a" className="UndeadEarth.Test.Model.when_retrieving_achievements, UndeadEarth.Test, Version=1.0.0.0, Culture=neutral, PublicKeyToken=null" name="should_return_achievement_for_destroying_10000_zombie_packs" />
    </UnitTest>
    <UnitTest name="should_return_correct_energy_for_given_level" storage="c:\projects\undeadearth\undeadearth.test\bin\debug\undeadearth.test.dll" id="c19d7fe3-d556-ad76-9806-5e328516f06f">
      <Execution id="4b392888-1ed7-4258-a50f-b226e55fa229" />
      <TestMethod codeBase="C:/Projects/UndeadEarth/UndeadEarth.Test/bin/Debug/UndeadEarth.Test.DLL" adapterTypeName="Microsoft.VisualStudio.TestTools.TestTypes.Unit.UnitTestAdapter, Microsoft.VisualStudio.QualityTools.Tips.UnitTest.Adapter, Version=10.0.0.0, Culture=neutral, PublicKeyToken=b03f5f7f11d50a3a" className="UndeadEarth.Test.Model.when_servicing_user_level_and_attributes, UndeadEarth.Test, Version=1.0.0.0, Culture=neutral, PublicKeyToken=null" name="should_return_correct_energy_for_given_level" />
    </UnitTest>
    <UnitTest name="should_return_false_if_safe_house_does_not_have_item" storage="c:\projects\undeadearth\undeadearth.test\bin\debug\undeadearth.test.dll" id="3d1741aa-9576-2eb5-470e-7f713a2bc4d7">
      <Execution id="47da4435-8303-4f34-9fcd-09d289be8313" />
      <TestMethod codeBase="C:/Projects/UndeadEarth/UndeadEarth.Test/bin/Debug/UndeadEarth.Test.DLL" adapterTypeName="Microsoft.VisualStudio.TestTools.TestTypes.Unit.UnitTestAdapter, Microsoft.VisualStudio.QualityTools.Tips.UnitTest.Adapter, Version=10.0.0.0, Culture=neutral, PublicKeyToken=b03f5f7f11d50a3a" className="UndeadEarth.Test.Dal.when_retrieving_safe_houses, UndeadEarth.Test, Version=1.0.0.0, Culture=neutral, PublicKeyToken=null" name="should_return_false_if_safe_house_does_not_have_item" />
    </UnitTest>
    <UnitTest name="should_save_user_max_energy" storage="c:\projects\undeadearth\undeadearth.test\bin\debug\undeadearth.test.dll" id="60b889f5-aa93-4766-ebaf-876bc425b3c4">
      <Execution id="3e385b33-bebb-4534-b794-506eea3a952e" />
      <TestMethod codeBase="C:/Projects/UndeadEarth/UndeadEarth.Test/bin/Debug/UndeadEarth.Test.DLL" adapterTypeName="Microsoft.VisualStudio.TestTools.TestTypes.Unit.UnitTestAdapter, Microsoft.VisualStudio.QualityTools.Tips.UnitTest.Adapter, Version=10.0.0.0, Culture=neutral, PublicKeyToken=b03f5f7f11d50a3a" className="UndeadEarth.Test.Dal.Utility.when_saving_user_energy, UndeadEarth.Test, Version=1.0.0.0, Culture=neutral, PublicKeyToken=null" name="should_save_user_max_energy" />
    </UnitTest>
    <UnitTest name="should_move_user_and_update_users_location_if_user_has_enough_energy_to_move_to_location" storage="c:\projects\undeadearth\undeadearth.test\bin\debug\undeadearth.test.dll" id="1339f28e-8dc2-ea63-491b-e46002a2f545">
      <Execution id="c8decbd8-f24d-48ff-abcf-263e4e99ef80" />
      <TestMethod codeBase="C:/Projects/UndeadEarth/UndeadEarth.Test/bin/Debug/UndeadEarth.Test.DLL" adapterTypeName="Microsoft.VisualStudio.TestTools.TestTypes.Unit.UnitTestAdapter, Microsoft.VisualStudio.QualityTools.Tips.UnitTest.Adapter, Version=10.0.0.0, Culture=neutral, PublicKeyToken=b03f5f7f11d50a3a" className="UndeadEarth.Test.Model.when_moving_user, UndeadEarth.Test, Version=1.0.0.0, Culture=neutral, PublicKeyToken=null" name="should_move_user_and_update_users_location_if_user_has_enough_energy_to_move_to_location" />
    </UnitTest>
    <UnitTest name="the_attack_for_determinging_zombie_pack_difficulty_should_be_1" storage="c:\projects\undeadearth\undeadearth.test\bin\debug\undeadearth.test.dll" id="ed27cc8b-f076-d5ca-e1a7-e11e80ed7216">
      <Execution id="ca5c4891-e7aa-410b-b7a2-9de3f53fcccd" />
      <TestMethod codeBase="C:/Projects/UndeadEarth/UndeadEarth.Test/bin/Debug/UndeadEarth.Test.DLL" adapterTypeName="Microsoft.VisualStudio.TestTools.TestTypes.Unit.UnitTestAdapter, Microsoft.VisualStudio.QualityTools.Tips.UnitTest.Adapter, Version=10.0.0.0, Culture=neutral, PublicKeyToken=b03f5f7f11d50a3a" className="UndeadEarth.Test.Dal.when_inserting_user, UndeadEarth.Test, Version=1.0.0.0, Culture=neutral, PublicKeyToken=null" name="the_attack_for_determinging_zombie_pack_difficulty_should_be_1" />
    </UnitTest>
    <UnitTest name="should_return_null_if_no_item_found" storage="c:\projects\undeadearth\undeadearth.test\bin\debug\undeadearth.test.dll" id="d079bc7a-5632-90a3-fd08-a3194bc2d4b6">
      <Execution id="a7def2b1-e524-4ca2-9db6-f5f52b719fc0" />
      <TestMethod codeBase="C:/Projects/UndeadEarth/UndeadEarth.Test/bin/Debug/UndeadEarth.Test.DLL" adapterTypeName="Microsoft.VisualStudio.TestTools.TestTypes.Unit.UnitTestAdapter, Microsoft.VisualStudio.QualityTools.Tips.UnitTest.Adapter, Version=10.0.0.0, Culture=neutral, PublicKeyToken=b03f5f7f11d50a3a" className="UndeadEarth.Test.Dal.when_retrieving_items, UndeadEarth.Test, Version=1.0.0.0, Culture=neutral, PublicKeyToken=null" name="should_return_null_if_no_item_found" />
    </UnitTest>
    <UnitTest name="should_disregard_if_safe_house_does_not_exist" storage="c:\projects\undeadearth\undeadearth.test\bin\debug\undeadearth.test.dll" id="7685b20a-de0b-8bc0-6c22-3a9d32aab4bd">
      <Execution id="6a7669e6-e128-45d5-9d70-2a2b26655669" />
      <TestMethod codeBase="C:/Projects/UndeadEarth/UndeadEarth.Test/bin/Debug/UndeadEarth.Test.DLL" adapterTypeName="Microsoft.VisualStudio.TestTools.TestTypes.Unit.UnitTestAdapter, Microsoft.VisualStudio.QualityTools.Tips.UnitTest.Adapter, Version=10.0.0.0, Culture=neutral, PublicKeyToken=b03f5f7f11d50a3a" className="UndeadEarth.Test.Model.when_transferring_items_from_safe_house_to_user, UndeadEarth.Test, Version=1.0.0.0, Culture=neutral, PublicKeyToken=null" name="should_disregard_if_safe_house_does_not_exist" />
    </UnitTest>
    <UnitTest name="should_retrieve_user_current_item_slot_capacity" storage="c:\projects\undeadearth\undeadearth.test\bin\debug\undeadearth.test.dll" id="fb8ca09b-7f12-89fe-19bf-bcebd7198872">
      <Execution id="56b5f310-a6b5-45fd-b86d-1d09aeee150d" />
      <TestMethod codeBase="C:/Projects/UndeadEarth/UndeadEarth.Test/bin/Debug/UndeadEarth.Test.DLL" adapterTypeName="Microsoft.VisualStudio.TestTools.TestTypes.Unit.UnitTestAdapter, Microsoft.VisualStudio.QualityTools.Tips.UnitTest.Adapter, Version=10.0.0.0, Culture=neutral, PublicKeyToken=b03f5f7f11d50a3a" className="UndeadEarth.Test.Dal.when_retrieving_user, UndeadEarth.Test, Version=1.0.0.0, Culture=neutral, PublicKeyToken=null" name="should_retrieve_user_current_item_slot_capacity" />
    </UnitTest>
    <UnitTest name="should_return_0_if_user_does_not_exist" storage="c:\projects\undeadearth\undeadearth.test\bin\debug\undeadearth.test.dll" id="9f650caf-3801-3ddc-df66-451ef0461b2d">
      <Execution id="c98a2e48-f537-4b37-8a66-19decc573649" />
      <TestMethod codeBase="C:/Projects/UndeadEarth/UndeadEarth.Test/bin/Debug/UndeadEarth.Test.DLL" adapterTypeName="Microsoft.VisualStudio.TestTools.TestTypes.Unit.UnitTestAdapter, Microsoft.VisualStudio.QualityTools.Tips.UnitTest.Adapter, Version=10.0.0.0, Culture=neutral, PublicKeyToken=b03f5f7f11d50a3a" className="UndeadEarth.Test.Model.when_determining_users_current_energy, UndeadEarth.Test, Version=1.0.0.0, Culture=neutral, PublicKeyToken=null" name="should_return_0_if_user_does_not_exist" />
    </UnitTest>
    <UnitTest name="should_create_user_with_starting_location" storage="c:\projects\undeadearth\undeadearth.test\bin\debug\undeadearth.test.dll" id="40ac08e5-9855-8df2-ac1a-e320ada85f67">
      <Execution id="561bb236-6164-4650-ae38-6773d97c6852" />
      <TestMethod codeBase="C:/Projects/UndeadEarth/UndeadEarth.Test/bin/Debug/UndeadEarth.Test.DLL" adapterTypeName="Microsoft.VisualStudio.TestTools.TestTypes.Unit.UnitTestAdapter, Microsoft.VisualStudio.QualityTools.Tips.UnitTest.Adapter, Version=10.0.0.0, Culture=neutral, PublicKeyToken=b03f5f7f11d50a3a" className="UndeadEarth.Test.Model.when_creating_user, UndeadEarth.Test, Version=1.0.0.0, Culture=neutral, PublicKeyToken=null" name="should_create_user_with_starting_location" />
    </UnitTest>
    <UnitTest name="should_return_achievement_for_destroying_10_zombie_packs" storage="c:\projects\undeadearth\undeadearth.test\bin\debug\undeadearth.test.dll" id="6f4679a3-c135-f19d-6bfb-2e441fc3cb12">
      <Execution id="66683fd5-58d2-47b9-a1ed-3e039b1a308f" />
      <TestMethod codeBase="C:/Projects/UndeadEarth/UndeadEarth.Test/bin/Debug/UndeadEarth.Test.DLL" adapterTypeName="Microsoft.VisualStudio.TestTools.TestTypes.Unit.UnitTestAdapter, Microsoft.VisualStudio.QualityTools.Tips.UnitTest.Adapter, Version=10.0.0.0, Culture=neutral, PublicKeyToken=b03f5f7f11d50a3a" className="UndeadEarth.Test.Model.when_retrieving_achievements, UndeadEarth.Test, Version=1.0.0.0, Culture=neutral, PublicKeyToken=null" name="should_return_achievement_for_destroying_10_zombie_packs" />
    </UnitTest>
    <UnitTest name="should_get_user_item_count" storage="c:\projects\undeadearth\undeadearth.test\bin\debug\undeadearth.test.dll" id="5fa17309-6178-e440-0cb3-9987b0eaea65">
      <Execution id="b9a32571-1d4b-4da4-b0ae-c8a65e87701e" />
      <TestMethod codeBase="C:/Projects/UndeadEarth/UndeadEarth.Test/bin/Debug/UndeadEarth.Test.DLL" adapterTypeName="Microsoft.VisualStudio.TestTools.TestTypes.Unit.UnitTestAdapter, Microsoft.VisualStudio.QualityTools.Tips.UnitTest.Adapter, Version=10.0.0.0, Culture=neutral, PublicKeyToken=b03f5f7f11d50a3a" className="UndeadEarth.Test.Dal.when_retrieving_items, UndeadEarth.Test, Version=1.0.0.0, Culture=neutral, PublicKeyToken=null" name="should_get_user_item_count" />
    </UnitTest>
    <UnitTest name="should_throw_error_if_user_already_exists" storage="c:\projects\undeadearth\undeadearth.test\bin\debug\undeadearth.test.dll" id="6d259f14-cf5c-860f-f3bc-07fb6a901208">
      <Execution id="cf869439-42a1-41b0-99ca-155c9325213a" />
      <TestMethod codeBase="C:/Projects/UndeadEarth/UndeadEarth.Test/bin/Debug/UndeadEarth.Test.DLL" adapterTypeName="Microsoft.VisualStudio.TestTools.TestTypes.Unit.UnitTestAdapter, Microsoft.VisualStudio.QualityTools.Tips.UnitTest.Adapter, Version=10.0.0.0, Culture=neutral, PublicKeyToken=b03f5f7f11d50a3a" className="UndeadEarth.Test.Dal.when_inserting_user, UndeadEarth.Test, Version=1.0.0.0, Culture=neutral, PublicKeyToken=null" name="should_throw_error_if_user_already_exists" />
    </UnitTest>
    <UnitTest name="should_set_user_current_base_attack" storage="c:\projects\undeadearth\undeadearth.test\bin\debug\undeadearth.test.dll" id="890ef093-5e72-8ed9-1c1c-1c73a74ec8fc">
      <Execution id="df18e754-72d9-4c1f-a371-10ea08247bd3" />
      <TestMethod codeBase="C:/Projects/UndeadEarth/UndeadEarth.Test/bin/Debug/UndeadEarth.Test.DLL" adapterTypeName="Microsoft.VisualStudio.TestTools.TestTypes.Unit.UnitTestAdapter, Microsoft.VisualStudio.QualityTools.Tips.UnitTest.Adapter, Version=10.0.0.0, Culture=neutral, PublicKeyToken=b03f5f7f11d50a3a" className="UndeadEarth.Test.Dal.when_saving_user, UndeadEarth.Test, Version=1.0.0.0, Culture=neutral, PublicKeyToken=null" name="should_set_user_current_base_attack" />
    </UnitTest>
    <UnitTest name="the_energy_for_determining_zombie_pack_difficulty_should_be_100" storage="c:\projects\undeadearth\undeadearth.test\bin\debug\undeadearth.test.dll" id="c9a124e9-2f09-63d2-22cf-ad1bad23f16c">
      <Execution id="b99ef89f-0912-49b6-b187-d74a20028eeb" />
      <TestMethod codeBase="C:/Projects/UndeadEarth/UndeadEarth.Test/bin/Debug/UndeadEarth.Test.DLL" adapterTypeName="Microsoft.VisualStudio.TestTools.TestTypes.Unit.UnitTestAdapter, Microsoft.VisualStudio.QualityTools.Tips.UnitTest.Adapter, Version=10.0.0.0, Culture=neutral, PublicKeyToken=b03f5f7f11d50a3a" className="UndeadEarth.Test.Dal.when_inserting_user, UndeadEarth.Test, Version=1.0.0.0, Culture=neutral, PublicKeyToken=null" name="the_energy_for_determining_zombie_pack_difficulty_should_be_100" />
    </UnitTest>
    <UnitTest name="should_return_energy_along_with_any_energy_increase_from_many_items_in_safehouse" storage="c:\projects\undeadearth\undeadearth.test\bin\debug\undeadearth.test.dll" id="214d4e68-bd5b-8ca7-2eae-cad7ae4b5618">
      <Execution id="462624de-5c1e-4ad4-970a-cf01065ccd0b" />
      <TestMethod codeBase="C:/Projects/UndeadEarth/UndeadEarth.Test/bin/Debug/UndeadEarth.Test.DLL" adapterTypeName="Microsoft.VisualStudio.TestTools.TestTypes.Unit.UnitTestAdapter, Microsoft.VisualStudio.QualityTools.Tips.UnitTest.Adapter, Version=10.0.0.0, Culture=neutral, PublicKeyToken=b03f5f7f11d50a3a" className="UndeadEarth.Test.Model.when_determining_users_max_potential_energy, UndeadEarth.Test, Version=1.0.0.0, Culture=neutral, PublicKeyToken=null" name="should_return_energy_along_with_any_energy_increase_from_many_items_in_safehouse" />
    </UnitTest>
    <UnitTest name="should_disregard_if_item_does_not_exist" storage="c:\projects\undeadearth\undeadearth.test\bin\debug\undeadearth.test.dll" id="7c057236-5b5f-451c-5800-6e05c196b383">
      <Execution id="1a067063-014b-44aa-abed-96fbed5dbfa2" />
      <TestMethod codeBase="C:/Projects/UndeadEarth/UndeadEarth.Test/bin/Debug/UndeadEarth.Test.DLL" adapterTypeName="Microsoft.VisualStudio.TestTools.TestTypes.Unit.UnitTestAdapter, Microsoft.VisualStudio.QualityTools.Tips.UnitTest.Adapter, Version=10.0.0.0, Culture=neutral, PublicKeyToken=b03f5f7f11d50a3a" className="UndeadEarth.Test.Model.when_transferring_items_from_safe_house_to_user, UndeadEarth.Test, Version=1.0.0.0, Culture=neutral, PublicKeyToken=null" name="should_disregard_if_item_does_not_exist" />
    </UnitTest>
    <UnitTest name="should_return_0_if_time_passed_into_calculate_energy_is_less_than_the_last_saved_energy_record" storage="c:\projects\undeadearth\undeadearth.test\bin\debug\undeadearth.test.dll" id="57effb65-6bba-b10e-d004-938020663a0f">
      <Execution id="14b3d03b-21db-401b-9453-718905f0407f" />
      <TestMethod codeBase="C:/Projects/UndeadEarth/UndeadEarth.Test/bin/Debug/UndeadEarth.Test.DLL" adapterTypeName="Microsoft.VisualStudio.TestTools.TestTypes.Unit.UnitTestAdapter, Microsoft.VisualStudio.QualityTools.Tips.UnitTest.Adapter, Version=10.0.0.0, Culture=neutral, PublicKeyToken=b03f5f7f11d50a3a" className="UndeadEarth.Test.Model.when_determining_users_current_energy, UndeadEarth.Test, Version=1.0.0.0, Culture=neutral, PublicKeyToken=null" name="should_return_0_if_time_passed_into_calculate_energy_is_less_than_the_last_saved_energy_record" />
    </UnitTest>
    <UnitTest name="should_return_last_energy_saved_If_there_is_no_difference_between_the_current_time_passed_in_and_the_last_saved_energy_from_the_repository" storage="c:\projects\undeadearth\undeadearth.test\bin\debug\undeadearth.test.dll" id="d688d02d-3269-304b-a6e8-10e959d858db">
      <Execution id="7396368d-881a-47ca-82c0-91ad77419bc1" />
      <TestMethod codeBase="C:/Projects/UndeadEarth/UndeadEarth.Test/bin/Debug/UndeadEarth.Test.DLL" adapterTypeName="Microsoft.VisualStudio.TestTools.TestTypes.Unit.UnitTestAdapter, Microsoft.VisualStudio.QualityTools.Tips.UnitTest.Adapter, Version=10.0.0.0, Culture=neutral, PublicKeyToken=b03f5f7f11d50a3a" className="UndeadEarth.Test.Model.when_determining_users_current_energy, UndeadEarth.Test, Version=1.0.0.0, Culture=neutral, PublicKeyToken=null" name="should_return_last_energy_saved_If_there_is_no_difference_between_the_current_time_passed_in_and_the_last_saved_energy_from_the_repository" />
    </UnitTest>
    <UnitTest name="should_return_achievement_for_killing_100_zombies" storage="c:\projects\undeadearth\undeadearth.test\bin\debug\undeadearth.test.dll" id="6d677716-f4a3-32e4-d489-2827222e4b43">
      <Execution id="a1642b08-03a6-4c08-9991-36814bf94622" />
      <TestMethod codeBase="C:/Projects/UndeadEarth/UndeadEarth.Test/bin/Debug/UndeadEarth.Test.DLL" adapterTypeName="Microsoft.VisualStudio.TestTools.TestTypes.Unit.UnitTestAdapter, Microsoft.VisualStudio.QualityTools.Tips.UnitTest.Adapter, Version=10.0.0.0, Culture=neutral, PublicKeyToken=b03f5f7f11d50a3a" className="UndeadEarth.Test.Model.when_retrieving_achievements, UndeadEarth.Test, Version=1.0.0.0, Culture=neutral, PublicKeyToken=null" name="should_return_achievement_for_killing_100_zombies" />
    </UnitTest>
    <UnitTest name="should_update_user_last_hotzone_location_after_successful_hunt" storage="c:\projects\undeadearth\undeadearth.test\bin\debug\undeadearth.test.dll" id="6e5c9897-01e5-0ddc-270e-62065e9e22f7">
      <Execution id="49285193-49a3-473a-aa7b-51ab69321590" />
      <TestMethod codeBase="C:/Projects/UndeadEarth/UndeadEarth.Test/bin/Debug/UndeadEarth.Test.DLL" adapterTypeName="Microsoft.VisualStudio.TestTools.TestTypes.Unit.UnitTestAdapter, Microsoft.VisualStudio.QualityTools.Tips.UnitTest.Adapter, Version=10.0.0.0, Culture=neutral, PublicKeyToken=b03f5f7f11d50a3a" className="UndeadEarth.Test.Model.when_hunting_for_zombies, UndeadEarth.Test, Version=1.0.0.0, Culture=neutral, PublicKeyToken=null" name="should_update_user_last_hotzone_location_after_successful_hunt" />
    </UnitTest>
    <UnitTest name="should_record_how_many_miles_have_been_moved_for_achievements" storage="c:\projects\undeadearth\undeadearth.test\bin\debug\undeadearth.test.dll" id="52c534e6-f8bb-1f9f-939a-d5c5c52fa419">
      <Execution id="fae86974-47a7-47ed-9391-a5f9b8c136ed" />
      <TestMethod codeBase="C:/Projects/UndeadEarth/UndeadEarth.Test/bin/Debug/UndeadEarth.Test.DLL" adapterTypeName="Microsoft.VisualStudio.TestTools.TestTypes.Unit.UnitTestAdapter, Microsoft.VisualStudio.QualityTools.Tips.UnitTest.Adapter, Version=10.0.0.0, Culture=neutral, PublicKeyToken=b03f5f7f11d50a3a" className="UndeadEarth.Test.Model.when_moving_user, UndeadEarth.Test, Version=1.0.0.0, Culture=neutral, PublicKeyToken=null" name="should_record_how_many_miles_have_been_moved_for_achievements" />
    </UnitTest>
    <UnitTest name="should_return_a_hunt_count_of_50_to_60_if_resolved_as_an_medium_hotzone" storage="c:\projects\undeadearth\undeadearth.test\bin\debug\undeadearth.test.dll" id="3693aeb9-70b2-f86c-f600-b99b067f3b4e">
      <Execution id="2567a2c1-6ab0-4e9c-968b-a8670e991726" />
      <TestMethod codeBase="C:/Projects/UndeadEarth/UndeadEarth.Test/bin/Debug/UndeadEarth.Test.DLL" adapterTypeName="Microsoft.VisualStudio.TestTools.TestTypes.Unit.UnitTestAdapter, Microsoft.VisualStudio.QualityTools.Tips.UnitTest.Adapter, Version=10.0.0.0, Culture=neutral, PublicKeyToken=b03f5f7f11d50a3a" className="UndeadEarth.Test.Model.when_determining_zombie_pack_progress, UndeadEarth.Test, Version=1.0.0.0, Culture=neutral, PublicKeyToken=null" name="should_return_a_hunt_count_of_50_to_60_if_resolved_as_an_medium_hotzone" />
    </UnitTest>
    <UnitTest name="the_last_visited_hotzone_should_be_starting_location" storage="c:\projects\undeadearth\undeadearth.test\bin\debug\undeadearth.test.dll" id="5edbb1cd-bd31-7ac9-084c-f6f749883ff2">
      <Execution id="4e8b0780-0059-4956-9f1d-04d57b72a4b4" />
      <TestMethod codeBase="C:/Projects/UndeadEarth/UndeadEarth.Test/bin/Debug/UndeadEarth.Test.DLL" adapterTypeName="Microsoft.VisualStudio.TestTools.TestTypes.Unit.UnitTestAdapter, Microsoft.VisualStudio.QualityTools.Tips.UnitTest.Adapter, Version=10.0.0.0, Culture=neutral, PublicKeyToken=b03f5f7f11d50a3a" className="UndeadEarth.Test.Dal.when_inserting_user, UndeadEarth.Test, Version=1.0.0.0, Culture=neutral, PublicKeyToken=null" name="the_last_visited_hotzone_should_be_starting_location" />
    </UnitTest>
    <UnitTest name="should_return_null_for_last_saved_energy_if_user_exists_but_energy_is_null" storage="c:\projects\undeadearth\undeadearth.test\bin\debug\undeadearth.test.dll" id="da679302-1a0c-b7f2-1c7e-e59bb2763f0f">
      <Execution id="73f1c25b-b269-4007-9ee9-b83722f08a59" />
      <TestMethod codeBase="C:/Projects/UndeadEarth/UndeadEarth.Test/bin/Debug/UndeadEarth.Test.DLL" adapterTypeName="Microsoft.VisualStudio.TestTools.TestTypes.Unit.UnitTestAdapter, Microsoft.VisualStudio.QualityTools.Tips.UnitTest.Adapter, Version=10.0.0.0, Culture=neutral, PublicKeyToken=b03f5f7f11d50a3a" className="UndeadEarth.Test.Dal.when_retrieving_user_energy, UndeadEarth.Test, Version=1.0.0.0, Culture=neutral, PublicKeyToken=null" name="should_return_null_for_last_saved_energy_if_user_exists_but_energy_is_null" />
    </UnitTest>
    <UnitTest name="should_record_peak_zombies_destroyed" storage="c:\projects\undeadearth\undeadearth.test\bin\debug\undeadearth.test.dll" id="e6a8c00a-faa8-0745-e831-40d2f4668ade">
      <Execution id="1690cbaf-9815-448f-b018-faa9569b38b7" />
      <TestMethod codeBase="C:/Projects/UndeadEarth/UndeadEarth.Test/bin/Debug/UndeadEarth.Test.DLL" adapterTypeName="Microsoft.VisualStudio.TestTools.TestTypes.Unit.UnitTestAdapter, Microsoft.VisualStudio.QualityTools.Tips.UnitTest.Adapter, Version=10.0.0.0, Culture=neutral, PublicKeyToken=b03f5f7f11d50a3a" className="UndeadEarth.Test.Model.when_hunting_for_zombies, UndeadEarth.Test, Version=1.0.0.0, Culture=neutral, PublicKeyToken=null" name="should_record_peak_zombies_destroyed" />
    </UnitTest>
    <UnitTest name="should_return_current_level_for_user" storage="c:\projects\undeadearth\undeadearth.test\bin\debug\undeadearth.test.dll" id="0ee84f2b-31e9-0047-e6f0-0ec71b544574">
      <Execution id="b682e27c-75fa-4af8-8290-694db103f607" />
      <TestMethod codeBase="C:/Projects/UndeadEarth/UndeadEarth.Test/bin/Debug/UndeadEarth.Test.DLL" adapterTypeName="Microsoft.VisualStudio.TestTools.TestTypes.Unit.UnitTestAdapter, Microsoft.VisualStudio.QualityTools.Tips.UnitTest.Adapter, Version=10.0.0.0, Culture=neutral, PublicKeyToken=b03f5f7f11d50a3a" className="UndeadEarth.Test.Model.when_servicing_user_level_and_attributes, UndeadEarth.Test, Version=1.0.0.0, Culture=neutral, PublicKeyToken=null" name="should_return_current_level_for_user" />
    </UnitTest>
    <UnitTest name="should_retrieve_user_current_base_energy" storage="c:\projects\undeadearth\undeadearth.test\bin\debug\undeadearth.test.dll" id="69653733-6f17-afcb-14dc-a6126a62b1ee">
      <Execution id="d47de752-3e5e-4df3-8690-78617aa88a43" />
      <TestMethod codeBase="C:/Projects/UndeadEarth/UndeadEarth.Test/bin/Debug/UndeadEarth.Test.DLL" adapterTypeName="Microsoft.VisualStudio.TestTools.TestTypes.Unit.UnitTestAdapter, Microsoft.VisualStudio.QualityTools.Tips.UnitTest.Adapter, Version=10.0.0.0, Culture=neutral, PublicKeyToken=b03f5f7f11d50a3a" className="UndeadEarth.Test.Dal.when_retrieving_user, UndeadEarth.Test, Version=1.0.0.0, Culture=neutral, PublicKeyToken=null" name="should_retrieve_user_current_base_energy" />
    </UnitTest>
    <UnitTest name="should_return_zero_if_energy_is_null" storage="c:\projects\undeadearth\undeadearth.test\bin\debug\undeadearth.test.dll" id="6fb9a1f1-9260-fa0f-3246-029c6bade6db">
      <Execution id="94398f67-0b20-4ff1-ab42-d945a129fa83" />
      <TestMethod codeBase="C:/Projects/UndeadEarth/UndeadEarth.Test/bin/Debug/UndeadEarth.Test.DLL" adapterTypeName="Microsoft.VisualStudio.TestTools.TestTypes.Unit.UnitTestAdapter, Microsoft.VisualStudio.QualityTools.Tips.UnitTest.Adapter, Version=10.0.0.0, Culture=neutral, PublicKeyToken=b03f5f7f11d50a3a" className="UndeadEarth.Test.Dal.when_retrieving_items, UndeadEarth.Test, Version=1.0.0.0, Culture=neutral, PublicKeyToken=null" name="should_return_zero_if_energy_is_null" />
    </UnitTest>
    <UnitTest name="should_set_last_sight_radius_date_to_datetimenow_if_its_null_but_last_sight_radius_isnt" storage="c:\projects\undeadearth\undeadearth.test\bin\debug\undeadearth.test.dll" id="9dde4be1-7360-a906-9538-025b609b4796">
      <Execution id="0479ce8f-82b0-4e81-bc6d-c94521a90da7" />
      <TestMethod codeBase="C:/Projects/UndeadEarth/UndeadEarth.Test/bin/Debug/UndeadEarth.Test.DLL" adapterTypeName="Microsoft.VisualStudio.TestTools.TestTypes.Unit.UnitTestAdapter, Microsoft.VisualStudio.QualityTools.Tips.UnitTest.Adapter, Version=10.0.0.0, Culture=neutral, PublicKeyToken=b03f5f7f11d50a3a" className="UndeadEarth.Test.Dal.when_retrieving_user_sight_radius, UndeadEarth.Test, Version=1.0.0.0, Culture=neutral, PublicKeyToken=null" name="should_set_last_sight_radius_date_to_datetimenow_if_its_null_but_last_sight_radius_isnt" />
    </UnitTest>
    <UnitTest name="should_retrieve_list_of_items_in_safe_house_that_belong_to_user" storage="c:\projects\undeadearth\undeadearth.test\bin\debug\undeadearth.test.dll" id="66236707-8e98-8099-42db-7e8aeb3fbf02">
      <Execution id="6c5503fd-0188-4076-a88d-4f23409d867f" />
      <TestMethod codeBase="C:/Projects/UndeadEarth/UndeadEarth.Test/bin/Debug/UndeadEarth.Test.DLL" adapterTypeName="Microsoft.VisualStudio.TestTools.TestTypes.Unit.UnitTestAdapter, Microsoft.VisualStudio.QualityTools.Tips.UnitTest.Adapter, Version=10.0.0.0, Culture=neutral, PublicKeyToken=b03f5f7f11d50a3a" className="UndeadEarth.Test.Dal.when_retrieving_safe_houses, UndeadEarth.Test, Version=1.0.0.0, Culture=neutral, PublicKeyToken=null" name="should_retrieve_list_of_items_in_safe_house_that_belong_to_user" />
    </UnitTest>
    <UnitTest name="should_throw_error_when_returning_user_energy_and_user_doesnt_exist" storage="c:\projects\undeadearth\undeadearth.test\bin\debug\undeadearth.test.dll" id="a92236ed-a367-c7c7-0a25-b11ae709bcb3">
      <Execution id="64fc1e70-5b2a-4b0c-aef6-1663e9e223eb" />
      <TestMethod codeBase="C:/Projects/UndeadEarth/UndeadEarth.Test/bin/Debug/UndeadEarth.Test.DLL" adapterTypeName="Microsoft.VisualStudio.TestTools.TestTypes.Unit.UnitTestAdapter, Microsoft.VisualStudio.QualityTools.Tips.UnitTest.Adapter, Version=10.0.0.0, Culture=neutral, PublicKeyToken=b03f5f7f11d50a3a" className="UndeadEarth.Test.Dal.when_retrieving_user, UndeadEarth.Test, Version=1.0.0.0, Culture=neutral, PublicKeyToken=null" name="should_throw_error_when_returning_user_energy_and_user_doesnt_exist" />
    </UnitTest>
    <UnitTest name="should_truncate_seconds_and_milliseconds_from_times_that_are_being_used_for_calculating_energy" storage="c:\projects\undeadearth\undeadearth.test\bin\debug\undeadearth.test.dll" id="70a48ca4-778f-c05e-3b5d-4d1dd614ffe7">
      <Execution id="1da6aceb-dc1c-4aac-8395-3fab069c2a44" />
      <TestMethod codeBase="C:/Projects/UndeadEarth/UndeadEarth.Test/bin/Debug/UndeadEarth.Test.DLL" adapterTypeName="Microsoft.VisualStudio.TestTools.TestTypes.Unit.UnitTestAdapter, Microsoft.VisualStudio.QualityTools.Tips.UnitTest.Adapter, Version=10.0.0.0, Culture=neutral, PublicKeyToken=b03f5f7f11d50a3a" className="UndeadEarth.Test.Model.when_determining_users_current_energy, UndeadEarth.Test, Version=1.0.0.0, Culture=neutral, PublicKeyToken=null" name="should_truncate_seconds_and_milliseconds_from_times_that_are_being_used_for_calculating_energy" />
    </UnitTest>
    <UnitTest name="should_disregard_one_use_items_that_can_be_bought" storage="c:\projects\undeadearth\undeadearth.test\bin\debug\undeadearth.test.dll" id="b5bf2f35-dde6-66e3-7545-0164ceb4c3bb">
      <Execution id="47d2a35a-6cdb-4353-9364-cddaa841ced5" />
      <TestMethod codeBase="C:/Projects/UndeadEarth/UndeadEarth.Test/bin/Debug/UndeadEarth.Test.DLL" adapterTypeName="Microsoft.VisualStudio.TestTools.TestTypes.Unit.UnitTestAdapter, Microsoft.VisualStudio.QualityTools.Tips.UnitTest.Adapter, Version=10.0.0.0, Culture=neutral, PublicKeyToken=b03f5f7f11d50a3a" className="UndeadEarth.Test.Model.when_determining_users_max_potential_energy, UndeadEarth.Test, Version=1.0.0.0, Culture=neutral, PublicKeyToken=null" name="should_disregard_one_use_items_that_can_be_bought" />
    </UnitTest>
    <UnitTest name="should_return_null_for_base_sight_radius_if_user_does_not_exist" storage="c:\projects\undeadearth\undeadearth.test\bin\debug\undeadearth.test.dll" id="dcd64675-21d8-0b9a-9cf5-ac50822ee771">
      <Execution id="61c6865a-298c-4135-898f-d1bdc3ce0a9e" />
      <TestMethod codeBase="C:/Projects/UndeadEarth/UndeadEarth.Test/bin/Debug/UndeadEarth.Test.DLL" adapterTypeName="Microsoft.VisualStudio.TestTools.TestTypes.Unit.UnitTestAdapter, Microsoft.VisualStudio.QualityTools.Tips.UnitTest.Adapter, Version=10.0.0.0, Culture=neutral, PublicKeyToken=b03f5f7f11d50a3a" className="UndeadEarth.Test.Dal.when_retrieving_user_sight_radius, UndeadEarth.Test, Version=1.0.0.0, Culture=neutral, PublicKeyToken=null" name="should_return_null_for_base_sight_radius_if_user_does_not_exist" />
    </UnitTest>
    <UnitTest name="should_increment_zombie_pack_destroyed_count" storage="c:\projects\undeadearth\undeadearth.test\bin\debug\undeadearth.test.dll" id="556fe5d0-aedd-a933-babc-4606a23e064e">
      <Execution id="22f3e2c1-c5a6-4394-8ae4-b38200b46f57" />
      <TestMethod codeBase="C:/Projects/UndeadEarth/UndeadEarth.Test/bin/Debug/UndeadEarth.Test.DLL" adapterTypeName="Microsoft.VisualStudio.TestTools.TestTypes.Unit.UnitTestAdapter, Microsoft.VisualStudio.QualityTools.Tips.UnitTest.Adapter, Version=10.0.0.0, Culture=neutral, PublicKeyToken=b03f5f7f11d50a3a" className="UndeadEarth.Test.Dal.when_saving_user_counts, UndeadEarth.Test, Version=1.0.0.0, Culture=neutral, PublicKeyToken=null" name="should_increment_zombie_pack_destroyed_count" />
    </UnitTest>
    <UnitTest name="should_give_energy_based_on_best_items_from_user_usersafehouse_and_items_that_can_be_bought" storage="c:\projects\undeadearth\undeadearth.test\bin\debug\undeadearth.test.dll" id="6b30f78c-5c97-e5aa-0928-de7f5ee83660">
      <Execution id="f09c6a1a-1390-4c67-9433-1f2d1ec79f7b" />
      <TestMethod codeBase="C:/Projects/UndeadEarth/UndeadEarth.Test/bin/Debug/UndeadEarth.Test.DLL" adapterTypeName="Microsoft.VisualStudio.TestTools.TestTypes.Unit.UnitTestAdapter, Microsoft.VisualStudio.QualityTools.Tips.UnitTest.Adapter, Version=10.0.0.0, Culture=neutral, PublicKeyToken=b03f5f7f11d50a3a" className="UndeadEarth.Test.Model.when_determining_users_max_potential_energy, UndeadEarth.Test, Version=1.0.0.0, Culture=neutral, PublicKeyToken=null" name="should_give_energy_based_on_best_items_from_user_usersafehouse_and_items_that_can_be_bought" />
    </UnitTest>
    <UnitTest name="should_set_user_current_base_energy" storage="c:\projects\undeadearth\undeadearth.test\bin\debug\undeadearth.test.dll" id="5f382a5a-614c-c9d5-67f1-1ceadc4420b1">
      <Execution id="ffc8aca8-26bc-47ac-9c0e-4d904313dfe8" />
      <TestMethod codeBase="C:/Projects/UndeadEarth/UndeadEarth.Test/bin/Debug/UndeadEarth.Test.DLL" adapterTypeName="Microsoft.VisualStudio.TestTools.TestTypes.Unit.UnitTestAdapter, Microsoft.VisualStudio.QualityTools.Tips.UnitTest.Adapter, Version=10.0.0.0, Culture=neutral, PublicKeyToken=b03f5f7f11d50a3a" className="UndeadEarth.Test.Dal.when_saving_user, UndeadEarth.Test, Version=1.0.0.0, Culture=neutral, PublicKeyToken=null" name="should_set_user_current_base_energy" />
    </UnitTest>
    <UnitTest name="should_update_user_location_if_user_exists" storage="c:\projects\undeadearth\undeadearth.test\bin\debug\undeadearth.test.dll" id="00f036f8-7ea4-f115-2065-21a527c875c4">
      <Execution id="21617b11-0228-4403-a229-db0b12840e1b" />
      <TestMethod codeBase="C:/Projects/UndeadEarth/UndeadEarth.Test/bin/Debug/UndeadEarth.Test.DLL" adapterTypeName="Microsoft.VisualStudio.TestTools.TestTypes.Unit.UnitTestAdapter, Microsoft.VisualStudio.QualityTools.Tips.UnitTest.Adapter, Version=10.0.0.0, Culture=neutral, PublicKeyToken=b03f5f7f11d50a3a" className="UndeadEarth.Test.Dal.when_saving_user, UndeadEarth.Test, Version=1.0.0.0, Culture=neutral, PublicKeyToken=null" name="should_update_user_location_if_user_exists" />
    </UnitTest>
    <UnitTest name="should_return_null_for_last_saved_sight_radius_if_user_does_not_exist" storage="c:\projects\undeadearth\undeadearth.test\bin\debug\undeadearth.test.dll" id="f171bbe9-81e2-ed24-643d-8a7305f52326">
      <Execution id="2c93b6b6-a4cb-422d-b6c4-36e0193b282f" />
      <TestMethod codeBase="C:/Projects/UndeadEarth/UndeadEarth.Test/bin/Debug/UndeadEarth.Test.DLL" adapterTypeName="Microsoft.VisualStudio.TestTools.TestTypes.Unit.UnitTestAdapter, Microsoft.VisualStudio.QualityTools.Tips.UnitTest.Adapter, Version=10.0.0.0, Culture=neutral, PublicKeyToken=b03f5f7f11d50a3a" className="UndeadEarth.Test.Dal.when_retrieving_user_sight_radius, UndeadEarth.Test, Version=1.0.0.0, Culture=neutral, PublicKeyToken=null" name="should_return_null_for_last_saved_sight_radius_if_user_does_not_exist" />
    </UnitTest>
    <UnitTest name="should_add_money_passed_in_to_money_of_the_current_user" storage="c:\projects\undeadearth\undeadearth.test\bin\debug\undeadearth.test.dll" id="db2cbd38-a14d-b06e-fd2b-542b84645680">
      <Execution id="80aff153-67e0-44b3-ba09-c5a84ddfe686" />
      <TestMethod codeBase="C:/Projects/UndeadEarth/UndeadEarth.Test/bin/Debug/UndeadEarth.Test.DLL" adapterTypeName="Microsoft.VisualStudio.TestTools.TestTypes.Unit.UnitTestAdapter, Microsoft.VisualStudio.QualityTools.Tips.UnitTest.Adapter, Version=10.0.0.0, Culture=neutral, PublicKeyToken=b03f5f7f11d50a3a" className="UndeadEarth.Test.Dal.when_saving_user, UndeadEarth.Test, Version=1.0.0.0, Culture=neutral, PublicKeyToken=null" name="should_add_money_passed_in_to_money_of_the_current_user" />
    </UnitTest>
    <UnitTest name="should_return_all_hot_zones" storage="c:\projects\undeadearth\undeadearth.test\bin\debug\undeadearth.test.dll" id="7209dcdb-bb1a-d89a-c5cb-4180ad1a5427">
      <Execution id="af9fa6bd-cba2-4654-beb9-ed9e27203fdf" />
      <TestMethod codeBase="C:/Projects/UndeadEarth/UndeadEarth.Test/bin/Debug/UndeadEarth.Test.DLL" adapterTypeName="Microsoft.VisualStudio.TestTools.TestTypes.Unit.UnitTestAdapter, Microsoft.VisualStudio.QualityTools.Tips.UnitTest.Adapter, Version=10.0.0.0, Culture=neutral, PublicKeyToken=b03f5f7f11d50a3a" className="UndeadEarth.Test.Dal.when_retrieving_hot_zones, UndeadEarth.Test, Version=1.0.0.0, Culture=neutral, PublicKeyToken=null" name="should_return_all_hot_zones" />
    </UnitTest>
    <UnitTest name="should_not_hunt_if_user_doesnt_have_enough_energy" storage="c:\projects\undeadearth\undeadearth.test\bin\debug\undeadearth.test.dll" id="68ea6353-2c49-a913-f384-cf2dc40e93c0">
      <Execution id="bbfe012a-7690-430a-b337-07836799ab4f" />
      <TestMethod codeBase="C:/Projects/UndeadEarth/UndeadEarth.Test/bin/Debug/UndeadEarth.Test.DLL" adapterTypeName="Microsoft.VisualStudio.TestTools.TestTypes.Unit.UnitTestAdapter, Microsoft.VisualStudio.QualityTools.Tips.UnitTest.Adapter, Version=10.0.0.0, Culture=neutral, PublicKeyToken=b03f5f7f11d50a3a" className="UndeadEarth.Test.Model.when_hunting_for_zombies, UndeadEarth.Test, Version=1.0.0.0, Culture=neutral, PublicKeyToken=null" name="should_not_hunt_if_user_doesnt_have_enough_energy" />
    </UnitTest>
    <UnitTest name="should_save_item_in_safe_house_inventory_and_remove_from_user_inventory" storage="c:\projects\undeadearth\undeadearth.test\bin\debug\undeadearth.test.dll" id="7d9357cd-185a-7a7d-46d5-6e0825f094b5">
      <Execution id="bc876d3f-21f8-450a-8fe3-cd03520764f6" />
      <TestMethod codeBase="C:/Projects/UndeadEarth/UndeadEarth.Test/bin/Debug/UndeadEarth.Test.DLL" adapterTypeName="Microsoft.VisualStudio.TestTools.TestTypes.Unit.UnitTestAdapter, Microsoft.VisualStudio.QualityTools.Tips.UnitTest.Adapter, Version=10.0.0.0, Culture=neutral, PublicKeyToken=b03f5f7f11d50a3a" className="UndeadEarth.Test.Model.when_transferring_items_from_user_to_safe_house, UndeadEarth.Test, Version=1.0.0.0, Culture=neutral, PublicKeyToken=null" name="should_save_item_in_safe_house_inventory_and_remove_from_user_inventory" />
    </UnitTest>
    <UnitTest name="should_determine_base_line_for_user_that_changes_hotzones" storage="c:\projects\undeadearth\undeadearth.test\bin\debug\undeadearth.test.dll" id="d8cfd2cc-f7c2-fb7c-2948-c14069a906b1">
      <Execution id="6be30a2c-3fab-4233-b86e-267cd39d9fc1" />
      <TestMethod codeBase="C:/Projects/UndeadEarth/UndeadEarth.Test/bin/Debug/UndeadEarth.Test.DLL" adapterTypeName="Microsoft.VisualStudio.TestTools.TestTypes.Unit.UnitTestAdapter, Microsoft.VisualStudio.QualityTools.Tips.UnitTest.Adapter, Version=10.0.0.0, Culture=neutral, PublicKeyToken=b03f5f7f11d50a3a" className="UndeadEarth.Test.Model.when_determining_energy_cost_for_hunting_at_zombie_pack, UndeadEarth.Test, Version=1.0.0.0, Culture=neutral, PublicKeyToken=null" name="should_determine_base_line_for_user_that_changes_hotzones" />
    </UnitTest>
    <UnitTest name="should_return_achievement_for_peak_zombies_100" storage="c:\projects\undeadearth\undeadearth.test\bin\debug\undeadearth.test.dll" id="a4df90b5-6a65-c11c-9306-ae984a6862f3">
      <Execution id="2633a944-c4aa-418d-b3e6-f58ad01855d6" />
      <TestMethod codeBase="C:/Projects/UndeadEarth/UndeadEarth.Test/bin/Debug/UndeadEarth.Test.DLL" adapterTypeName="Microsoft.VisualStudio.TestTools.TestTypes.Unit.UnitTestAdapter, Microsoft.VisualStudio.QualityTools.Tips.UnitTest.Adapter, Version=10.0.0.0, Culture=neutral, PublicKeyToken=b03f5f7f11d50a3a" className="UndeadEarth.Test.Model.when_retrieving_achievements, UndeadEarth.Test, Version=1.0.0.0, Culture=neutral, PublicKeyToken=null" name="should_return_achievement_for_peak_zombies_100" />
    </UnitTest>
    <UnitTest name="should_return_all_stores_in_radius" storage="c:\projects\undeadearth\undeadearth.test\bin\debug\undeadearth.test.dll" id="3d4be643-5d31-3e26-f950-26a5f925e40b">
      <Execution id="e6a0f683-b1f2-49e0-bff5-3624b3bd473e" />
      <TestMethod codeBase="C:/Projects/UndeadEarth/UndeadEarth.Test/bin/Debug/UndeadEarth.Test.DLL" adapterTypeName="Microsoft.VisualStudio.TestTools.TestTypes.Unit.UnitTestAdapter, Microsoft.VisualStudio.QualityTools.Tips.UnitTest.Adapter, Version=10.0.0.0, Culture=neutral, PublicKeyToken=b03f5f7f11d50a3a" className="UndeadEarth.Test.Dal.when_retrieving_stores, UndeadEarth.Test, Version=1.0.0.0, Culture=neutral, PublicKeyToken=null" name="should_return_all_stores_in_radius" />
    </UnitTest>
    <UnitTest name="should_start_with_attack_power_of_1" storage="c:\projects\undeadearth\undeadearth.test\bin\debug\undeadearth.test.dll" id="6f5b8bdf-f4f3-b0ac-2d17-1c769ba70ec7">
      <Execution id="706d5d15-92e3-4e6a-9299-c6a33b5e0842" />
      <TestMethod codeBase="C:/Projects/UndeadEarth/UndeadEarth.Test/bin/Debug/UndeadEarth.Test.DLL" adapterTypeName="Microsoft.VisualStudio.TestTools.TestTypes.Unit.UnitTestAdapter, Microsoft.VisualStudio.QualityTools.Tips.UnitTest.Adapter, Version=10.0.0.0, Culture=neutral, PublicKeyToken=b03f5f7f11d50a3a" className="UndeadEarth.Test.Model.when_creating_user, UndeadEarth.Test, Version=1.0.0.0, Culture=neutral, PublicKeyToken=null" name="should_start_with_attack_power_of_1" />
    </UnitTest>
    <UnitTest name="should_update_existing_zombie_pack_progress" storage="c:\projects\undeadearth\undeadearth.test\bin\debug\undeadearth.test.dll" id="7d2305d4-075e-49ce-735b-3ccd549f53b8">
      <Execution id="5252c45f-6d01-4b76-ae74-9716beed22af" />
      <TestMethod codeBase="C:/Projects/UndeadEarth/UndeadEarth.Test/bin/Debug/UndeadEarth.Test.DLL" adapterTypeName="Microsoft.VisualStudio.TestTools.TestTypes.Unit.UnitTestAdapter, Microsoft.VisualStudio.QualityTools.Tips.UnitTest.Adapter, Version=10.0.0.0, Culture=neutral, PublicKeyToken=b03f5f7f11d50a3a" className="UndeadEarth.Test.Dal.when_saving_user_zombie_pack_progress, UndeadEarth.Test, Version=1.0.0.0, Culture=neutral, PublicKeyToken=null" name="should_update_existing_zombie_pack_progress" />
    </UnitTest>
    <UnitTest name="should_return_false_if_zombiepack_does_not_exist" storage="c:\projects\undeadearth\undeadearth.test\bin\debug\undeadearth.test.dll" id="cfacc8e4-11ef-5e59-c2dc-f7d2d86d5a2e">
      <Execution id="bd0caa84-334b-41d2-a614-184edc2aef86" />
      <TestMethod codeBase="C:/Projects/UndeadEarth/UndeadEarth.Test/bin/Debug/UndeadEarth.Test.DLL" adapterTypeName="Microsoft.VisualStudio.TestTools.TestTypes.Unit.UnitTestAdapter, Microsoft.VisualStudio.QualityTools.Tips.UnitTest.Adapter, Version=10.0.0.0, Culture=neutral, PublicKeyToken=b03f5f7f11d50a3a" className="UndeadEarth.Test.Dal.when_checking_if_zombie_pack_exists, UndeadEarth.Test, Version=1.0.0.0, Culture=neutral, PublicKeyToken=null" name="should_return_false_if_zombiepack_does_not_exist" />
    </UnitTest>
    <UnitTest name="should_not_hunt_if_user_doesnt_exist" storage="c:\projects\undeadearth\undeadearth.test\bin\debug\undeadearth.test.dll" id="5a128d3b-35ba-f233-4f32-be0f8dfb906e">
      <Execution id="c5f169b8-9e82-4232-bd20-3d5a3ae5b6e5" />
      <TestMethod codeBase="C:/Projects/UndeadEarth/UndeadEarth.Test/bin/Debug/UndeadEarth.Test.DLL" adapterTypeName="Microsoft.VisualStudio.TestTools.TestTypes.Unit.UnitTestAdapter, Microsoft.VisualStudio.QualityTools.Tips.UnitTest.Adapter, Version=10.0.0.0, Culture=neutral, PublicKeyToken=b03f5f7f11d50a3a" className="UndeadEarth.Test.Model.when_hunting_for_zombies, UndeadEarth.Test, Version=1.0.0.0, Culture=neutral, PublicKeyToken=null" name="should_not_hunt_if_user_doesnt_exist" />
    </UnitTest>
    <UnitTest name="should_set_to_max_energy_if_item_energy_is_greater_than_max" storage="c:\projects\undeadearth\undeadearth.test\bin\debug\undeadearth.test.dll" id="b28183ac-a700-53c3-0c4c-4c663c3d39eb">
      <Execution id="9ae61531-a9ac-47d4-9192-5e769a414da4" />
      <TestMethod codeBase="C:/Projects/UndeadEarth/UndeadEarth.Test/bin/Debug/UndeadEarth.Test.DLL" adapterTypeName="Microsoft.VisualStudio.TestTools.TestTypes.Unit.UnitTestAdapter, Microsoft.VisualStudio.QualityTools.Tips.UnitTest.Adapter, Version=10.0.0.0, Culture=neutral, PublicKeyToken=b03f5f7f11d50a3a" className="UndeadEarth.Test.Model.when_using_items, UndeadEarth.Test, Version=1.0.0.0, Culture=neutral, PublicKeyToken=null" name="should_set_to_max_energy_if_item_energy_is_greater_than_max" />
    </UnitTest>
    <UnitTest name="should_calculate_northern_point" storage="c:\projects\undeadearth\undeadearth.test\bin\debug\undeadearth.test.dll" id="5b2a5f35-2435-a2ba-eaf1-4c274bced244">
      <Execution id="56952b8d-9cd1-49de-b828-6fab4c980ee5" />
      <TestMethod codeBase="C:/Projects/UndeadEarth/UndeadEarth.Test/bin/Debug/UndeadEarth.Test.DLL" adapterTypeName="Microsoft.VisualStudio.TestTools.TestTypes.Unit.UnitTestAdapter, Microsoft.VisualStudio.QualityTools.Tips.UnitTest.Adapter, Version=10.0.0.0, Culture=neutral, PublicKeyToken=b03f5f7f11d50a3a" className="UndeadEarth.Test.Model.when_calculating_distance, UndeadEarth.Test, Version=1.0.0.0, Culture=neutral, PublicKeyToken=null" name="should_calculate_northern_point" />
    </UnitTest>
    <UnitTest name="should_return_if_item_is_not_one_time_use_item" storage="c:\projects\undeadearth\undeadearth.test\bin\debug\undeadearth.test.dll" id="9c6c437e-182b-5735-6616-67dd466d97ca">
      <Execution id="0a18a354-079a-4cf1-a12a-ca763a15c43f" />
      <TestMethod codeBase="C:/Projects/UndeadEarth/UndeadEarth.Test/bin/Debug/UndeadEarth.Test.DLL" adapterTypeName="Microsoft.VisualStudio.TestTools.TestTypes.Unit.UnitTestAdapter, Microsoft.VisualStudio.QualityTools.Tips.UnitTest.Adapter, Version=10.0.0.0, Culture=neutral, PublicKeyToken=b03f5f7f11d50a3a" className="UndeadEarth.Test.Model.when_using_items, UndeadEarth.Test, Version=1.0.0.0, Culture=neutral, PublicKeyToken=null" name="should_return_if_item_is_not_one_time_use_item" />
    </UnitTest>
    <UnitTest name="should_return_attack_power_along_with_any_attack_power_increase_from_buying_item_with_no_items_in_safehouse" storage="c:\projects\undeadearth\undeadearth.test\bin\debug\undeadearth.test.dll" id="3a65c876-9662-16ec-4c81-7bea778d6951">
      <Execution id="58db1d6a-9654-4adc-962f-9e3586fcd842" />
      <TestMethod codeBase="C:/Projects/UndeadEarth/UndeadEarth.Test/bin/Debug/UndeadEarth.Test.DLL" adapterTypeName="Microsoft.VisualStudio.TestTools.TestTypes.Unit.UnitTestAdapter, Microsoft.VisualStudio.QualityTools.Tips.UnitTest.Adapter, Version=10.0.0.0, Culture=neutral, PublicKeyToken=b03f5f7f11d50a3a" className="UndeadEarth.Test.Model.when_determining_users_max_potential_attack_power, UndeadEarth.Test, Version=1.0.0.0, Culture=neutral, PublicKeyToken=null" name="should_return_attack_power_along_with_any_attack_power_increase_from_buying_item_with_no_items_in_safehouse" />
    </UnitTest>
    <UnitTest name="should_calculate_southern_point" storage="c:\projects\undeadearth\undeadearth.test\bin\debug\undeadearth.test.dll" id="8f46b492-6eff-ef62-7327-4eb38c11c2ef">
      <Execution id="3ffbeb44-122e-4ca8-83b8-07a39deb2e4c" />
      <TestMethod codeBase="C:/Projects/UndeadEarth/UndeadEarth.Test/bin/Debug/UndeadEarth.Test.DLL" adapterTypeName="Microsoft.VisualStudio.TestTools.TestTypes.Unit.UnitTestAdapter, Microsoft.VisualStudio.QualityTools.Tips.UnitTest.Adapter, Version=10.0.0.0, Culture=neutral, PublicKeyToken=b03f5f7f11d50a3a" className="UndeadEarth.Test.Model.when_calculating_distance, UndeadEarth.Test, Version=1.0.0.0, Culture=neutral, PublicKeyToken=null" name="should_calculate_southern_point" />
    </UnitTest>
    <UnitTest name="should_set_base_line_for_users_max_potential_if_last_hotzone_visited_does_not_equal_the_hotzone_for_the_current_zombie_pack" storage="c:\projects\undeadearth\undeadearth.test\bin\debug\undeadearth.test.dll" id="783f6a3b-54fe-a923-8c75-e72b281f150f">
      <Execution id="718f3f6f-8fdd-4529-b7a4-207c75e3c0a7" />
      <TestMethod codeBase="C:/Projects/UndeadEarth/UndeadEarth.Test/bin/Debug/UndeadEarth.Test.DLL" adapterTypeName="Microsoft.VisualStudio.TestTools.TestTypes.Unit.UnitTestAdapter, Microsoft.VisualStudio.QualityTools.Tips.UnitTest.Adapter, Version=10.0.0.0, Culture=neutral, PublicKeyToken=b03f5f7f11d50a3a" className="UndeadEarth.Test.Model.when_determining_zombie_pack_progress, UndeadEarth.Test, Version=1.0.0.0, Culture=neutral, PublicKeyToken=null" name="should_set_base_line_for_users_max_potential_if_last_hotzone_visited_does_not_equal_the_hotzone_for_the_current_zombie_pack" />
    </UnitTest>
    <UnitTest name="should_take_money_from_user_and_add_item_to_user_inventory" storage="c:\projects\undeadearth\undeadearth.test\bin\debug\undeadearth.test.dll" id="685ba115-26b4-cfb7-772c-f8e84fc12c79">
      <Execution id="d2854a73-2acf-4a19-9005-71ea63d2474a" />
      <TestMethod codeBase="C:/Projects/UndeadEarth/UndeadEarth.Test/bin/Debug/UndeadEarth.Test.DLL" adapterTypeName="Microsoft.VisualStudio.TestTools.TestTypes.Unit.UnitTestAdapter, Microsoft.VisualStudio.QualityTools.Tips.UnitTest.Adapter, Version=10.0.0.0, Culture=neutral, PublicKeyToken=b03f5f7f11d50a3a" className="UndeadEarth.Test.Model.when_buying_items_from_shop, UndeadEarth.Test, Version=1.0.0.0, Culture=neutral, PublicKeyToken=null" name="should_take_money_from_user_and_add_item_to_user_inventory" />
    </UnitTest>
    <UnitTest name="should_take_into_consideration_equipped_items_when_determining_max_energy" storage="c:\projects\undeadearth\undeadearth.test\bin\debug\undeadearth.test.dll" id="9a7f21c9-61b5-30cc-38aa-34a79b6a0201">
      <Execution id="d3fd2ae6-77fd-4632-a308-5fbc20b0956f" />
      <TestMethod codeBase="C:/Projects/UndeadEarth/UndeadEarth.Test/bin/Debug/UndeadEarth.Test.DLL" adapterTypeName="Microsoft.VisualStudio.TestTools.TestTypes.Unit.UnitTestAdapter, Microsoft.VisualStudio.QualityTools.Tips.UnitTest.Adapter, Version=10.0.0.0, Culture=neutral, PublicKeyToken=b03f5f7f11d50a3a" className="UndeadEarth.Test.Model.when_determining_users_current_energy, UndeadEarth.Test, Version=1.0.0.0, Culture=neutral, PublicKeyToken=null" name="should_take_into_consideration_equipped_items_when_determining_max_energy" />
    </UnitTest>
    <UnitTest name="should_retrieve_zombie_pack_by_id" storage="c:\projects\undeadearth\undeadearth.test\bin\debug\undeadearth.test.dll" id="25699796-3f06-4f57-c2f3-62593d0f8db7">
      <Execution id="41ba575a-ade4-46f9-97e7-9af1371812f3" />
      <TestMethod codeBase="C:/Projects/UndeadEarth/UndeadEarth.Test/bin/Debug/UndeadEarth.Test.DLL" adapterTypeName="Microsoft.VisualStudio.TestTools.TestTypes.Unit.UnitTestAdapter, Microsoft.VisualStudio.QualityTools.Tips.UnitTest.Adapter, Version=10.0.0.0, Culture=neutral, PublicKeyToken=b03f5f7f11d50a3a" className="UndeadEarth.Test.Dal.when_retrieving_zombie_packs, UndeadEarth.Test, Version=1.0.0.0, Culture=neutral, PublicKeyToken=null" name="should_retrieve_zombie_pack_by_id" />
    </UnitTest>
    <UnitTest name="should_disregard_creation_if_user_already_exists_for_facebookId" storage="c:\projects\undeadearth\undeadearth.test\bin\debug\undeadearth.test.dll" id="99d5bdbd-2ac1-c2dd-bd8e-ff998f163943">
      <Execution id="136519ac-59a5-44dc-a439-1361cca7959b" />
      <TestMethod codeBase="C:/Projects/UndeadEarth/UndeadEarth.Test/bin/Debug/UndeadEarth.Test.DLL" adapterTypeName="Microsoft.VisualStudio.TestTools.TestTypes.Unit.UnitTestAdapter, Microsoft.VisualStudio.QualityTools.Tips.UnitTest.Adapter, Version=10.0.0.0, Culture=neutral, PublicKeyToken=b03f5f7f11d50a3a" className="UndeadEarth.Test.Model.when_creating_user, UndeadEarth.Test, Version=1.0.0.0, Culture=neutral, PublicKeyToken=null" name="should_disregard_creation_if_user_already_exists_for_facebookId" />
    </UnitTest>
    <UnitTest name="should_return_true_if_user_has_item" storage="c:\projects\undeadearth\undeadearth.test\bin\debug\undeadearth.test.dll" id="583a3b80-1851-93ab-c2ab-87d678e4ad81">
      <Execution id="a63e27b2-d88b-4559-848b-7b502b8c605c" />
      <TestMethod codeBase="C:/Projects/UndeadEarth/UndeadEarth.Test/bin/Debug/UndeadEarth.Test.DLL" adapterTypeName="Microsoft.VisualStudio.TestTools.TestTypes.Unit.UnitTestAdapter, Microsoft.VisualStudio.QualityTools.Tips.UnitTest.Adapter, Version=10.0.0.0, Culture=neutral, PublicKeyToken=b03f5f7f11d50a3a" className="UndeadEarth.Test.Dal.when_retrieving_items, UndeadEarth.Test, Version=1.0.0.0, Culture=neutral, PublicKeyToken=null" name="should_return_true_if_user_has_item" />
    </UnitTest>
    <UnitTest name="should_disregard_move_if_user_does_not_exist" storage="c:\projects\undeadearth\undeadearth.test\bin\debug\undeadearth.test.dll" id="4d9cdfe2-8eee-3937-2a7d-b414e3b51b00">
      <Execution id="2325b38a-a358-437e-86d0-0bd4691e9aad" />
      <TestMethod codeBase="C:/Projects/UndeadEarth/UndeadEarth.Test/bin/Debug/UndeadEarth.Test.DLL" adapterTypeName="Microsoft.VisualStudio.TestTools.TestTypes.Unit.UnitTestAdapter, Microsoft.VisualStudio.QualityTools.Tips.UnitTest.Adapter, Version=10.0.0.0, Culture=neutral, PublicKeyToken=b03f5f7f11d50a3a" className="UndeadEarth.Test.Model.when_moving_user, UndeadEarth.Test, Version=1.0.0.0, Culture=neutral, PublicKeyToken=null" name="should_disregard_move_if_user_does_not_exist" />
    </UnitTest>
    <UnitTest name="should_return_false_if_item_does_not_exist" storage="c:\projects\undeadearth\undeadearth.test\bin\debug\undeadearth.test.dll" id="43ea7dc5-29f2-fc24-7626-37c50ab77488">
      <Execution id="b0929956-478d-4fb6-a0ec-cc88888cb6b6" />
      <TestMethod codeBase="C:/Projects/UndeadEarth/UndeadEarth.Test/bin/Debug/UndeadEarth.Test.DLL" adapterTypeName="Microsoft.VisualStudio.TestTools.TestTypes.Unit.UnitTestAdapter, Microsoft.VisualStudio.QualityTools.Tips.UnitTest.Adapter, Version=10.0.0.0, Culture=neutral, PublicKeyToken=b03f5f7f11d50a3a" className="UndeadEarth.Test.Dal.when_retrieving_items, UndeadEarth.Test, Version=1.0.0.0, Culture=neutral, PublicKeyToken=null" name="should_return_false_if_item_does_not_exist" />
    </UnitTest>
    <UnitTest name="the_starting_energy_should_be_100" storage="c:\projects\undeadearth\undeadearth.test\bin\debug\undeadearth.test.dll" id="ba822c9a-2244-54af-db34-ae1b0ff7f2ea">
      <Execution id="eb60596e-5a79-4f38-a84f-cb45d74260c3" />
      <TestMethod codeBase="C:/Projects/UndeadEarth/UndeadEarth.Test/bin/Debug/UndeadEarth.Test.DLL" adapterTypeName="Microsoft.VisualStudio.TestTools.TestTypes.Unit.UnitTestAdapter, Microsoft.VisualStudio.QualityTools.Tips.UnitTest.Adapter, Version=10.0.0.0, Culture=neutral, PublicKeyToken=b03f5f7f11d50a3a" className="UndeadEarth.Test.Dal.when_inserting_user, UndeadEarth.Test, Version=1.0.0.0, Culture=neutral, PublicKeyToken=null" name="the_starting_energy_should_be_100" />
    </UnitTest>
    <UnitTest name="should_return_achievement_for_traveling_1000_miles" storage="c:\projects\undeadearth\undeadearth.test\bin\debug\undeadearth.test.dll" id="e47b507d-8276-c45e-8213-bc71e7175571">
      <Execution id="0fb41e7e-215f-4298-ba04-27ae8ab3f519" />
      <TestMethod codeBase="C:/Projects/UndeadEarth/UndeadEarth.Test/bin/Debug/UndeadEarth.Test.DLL" adapterTypeName="Microsoft.VisualStudio.TestTools.TestTypes.Unit.UnitTestAdapter, Microsoft.VisualStudio.QualityTools.Tips.UnitTest.Adapter, Version=10.0.0.0, Culture=neutral, PublicKeyToken=b03f5f7f11d50a3a" className="UndeadEarth.Test.Model.when_retrieving_achievements, UndeadEarth.Test, Version=1.0.0.0, Culture=neutral, PublicKeyToken=null" name="should_return_achievement_for_traveling_1000_miles" />
    </UnitTest>
    <UnitTest name="should_disregard_if_user_has_more_than_the_allowed_amount_of_items" storage="c:\projects\undeadearth\undeadearth.test\bin\debug\undeadearth.test.dll" id="7bf1b32b-b544-1d63-7f85-8cb3721cb13c">
      <Execution id="1da305af-748e-4050-b06d-4c67f2060a04" />
      <TestMethod codeBase="C:/Projects/UndeadEarth/UndeadEarth.Test/bin/Debug/UndeadEarth.Test.DLL" adapterTypeName="Microsoft.VisualStudio.TestTools.TestTypes.Unit.UnitTestAdapter, Microsoft.VisualStudio.QualityTools.Tips.UnitTest.Adapter, Version=10.0.0.0, Culture=neutral, PublicKeyToken=b03f5f7f11d50a3a" className="UndeadEarth.Test.Model.when_transferring_items_from_safe_house_to_user, UndeadEarth.Test, Version=1.0.0.0, Culture=neutral, PublicKeyToken=null" name="should_disregard_if_user_has_more_than_the_allowed_amount_of_items" />
    </UnitTest>
    <UnitTest name="should_return_last_saved_sight_radius_for_user" storage="c:\projects\undeadearth\undeadearth.test\bin\debug\undeadearth.test.dll" id="efd3fdf9-6214-c49f-4a2b-bfb2fe87d588">
      <Execution id="1e522c77-0e6d-4494-a525-7570faa8f5d5" />
      <TestMethod codeBase="C:/Projects/UndeadEarth/UndeadEarth.Test/bin/Debug/UndeadEarth.Test.DLL" adapterTypeName="Microsoft.VisualStudio.TestTools.TestTypes.Unit.UnitTestAdapter, Microsoft.VisualStudio.QualityTools.Tips.UnitTest.Adapter, Version=10.0.0.0, Culture=neutral, PublicKeyToken=b03f5f7f11d50a3a" className="UndeadEarth.Test.Dal.when_retrieving_user_sight_radius, UndeadEarth.Test, Version=1.0.0.0, Culture=neutral, PublicKeyToken=null" name="should_return_last_saved_sight_radius_for_user" />
    </UnitTest>
    <UnitTest name="should_not_hunt_if_user_is_not_at_zombie_pack_latitude" storage="c:\projects\undeadearth\undeadearth.test\bin\debug\undeadearth.test.dll" id="75a342b2-ef01-e34d-c6b4-7a9dc15f6b1e">
      <Execution id="e55eebf7-85a8-4d75-b44c-f134430e6335" />
      <TestMethod codeBase="C:/Projects/UndeadEarth/UndeadEarth.Test/bin/Debug/UndeadEarth.Test.DLL" adapterTypeName="Microsoft.VisualStudio.TestTools.TestTypes.Unit.UnitTestAdapter, Microsoft.VisualStudio.QualityTools.Tips.UnitTest.Adapter, Version=10.0.0.0, Culture=neutral, PublicKeyToken=b03f5f7f11d50a3a" className="UndeadEarth.Test.Model.when_hunting_for_zombies, UndeadEarth.Test, Version=1.0.0.0, Culture=neutral, PublicKeyToken=null" name="should_not_hunt_if_user_is_not_at_zombie_pack_latitude" />
    </UnitTest>
    <UnitTest name="should_retriever_an_empty_list_given_invalid_hotzone_id" storage="c:\projects\undeadearth\undeadearth.test\bin\debug\undeadearth.test.dll" id="5afe1781-3ccb-0558-a937-e74f932ccd49">
      <Execution id="0529a7bc-7335-40e2-85c6-08bf2778240b" />
      <TestMethod codeBase="C:/Projects/UndeadEarth/UndeadEarth.Test/bin/Debug/UndeadEarth.Test.DLL" adapterTypeName="Microsoft.VisualStudio.TestTools.TestTypes.Unit.UnitTestAdapter, Microsoft.VisualStudio.QualityTools.Tips.UnitTest.Adapter, Version=10.0.0.0, Culture=neutral, PublicKeyToken=b03f5f7f11d50a3a" className="UndeadEarth.Test.Dal.when_retrieving_stores, UndeadEarth.Test, Version=1.0.0.0, Culture=neutral, PublicKeyToken=null" name="should_retriever_an_empty_list_given_invalid_hotzone_id" />
    </UnitTest>
    <UnitTest name="should_destroy_zombie_pack_if_users_attack_power_exceeds_the_number_of_zombies" storage="c:\projects\undeadearth\undeadearth.test\bin\debug\undeadearth.test.dll" id="79f08418-c51b-ec01-a3f0-aeabf52599fa">
      <Execution id="f362d583-74cb-4295-adef-46558013ebea" />
      <TestMethod codeBase="C:/Projects/UndeadEarth/UndeadEarth.Test/bin/Debug/UndeadEarth.Test.DLL" adapterTypeName="Microsoft.VisualStudio.TestTools.TestTypes.Unit.UnitTestAdapter, Microsoft.VisualStudio.QualityTools.Tips.UnitTest.Adapter, Version=10.0.0.0, Culture=neutral, PublicKeyToken=b03f5f7f11d50a3a" className="UndeadEarth.Test.Model.when_hunting_for_zombies, UndeadEarth.Test, Version=1.0.0.0, Culture=neutral, PublicKeyToken=null" name="should_destroy_zombie_pack_if_users_attack_power_exceeds_the_number_of_zombies" />
    </UnitTest>
    <UnitTest name="should_return_last_saved_energy_for_user" storage="c:\projects\undeadearth\undeadearth.test\bin\debug\undeadearth.test.dll" id="33a5dc0c-cb8c-881e-3374-24e7b48bd3e1">
      <Execution id="d6cb453b-48ee-4fc0-a226-a42a35923c64" />
      <TestMethod codeBase="C:/Projects/UndeadEarth/UndeadEarth.Test/bin/Debug/UndeadEarth.Test.DLL" adapterTypeName="Microsoft.VisualStudio.TestTools.TestTypes.Unit.UnitTestAdapter, Microsoft.VisualStudio.QualityTools.Tips.UnitTest.Adapter, Version=10.0.0.0, Culture=neutral, PublicKeyToken=b03f5f7f11d50a3a" className="UndeadEarth.Test.Dal.when_retrieving_user_energy, UndeadEarth.Test, Version=1.0.0.0, Culture=neutral, PublicKeyToken=null" name="should_return_last_saved_energy_for_user" />
    </UnitTest>
    <UnitTest name="should_return_achievement_for_destroying_1000_zombie_packs" storage="c:\projects\undeadearth\undeadearth.test\bin\debug\undeadearth.test.dll" id="2db0a3b3-aad5-d46f-7403-c997f42720f5">
      <Execution id="5ed20627-9310-4c2f-affc-474e79ee1fa9" />
      <TestMethod codeBase="C:/Projects/UndeadEarth/UndeadEarth.Test/bin/Debug/UndeadEarth.Test.DLL" adapterTypeName="Microsoft.VisualStudio.TestTools.TestTypes.Unit.UnitTestAdapter, Microsoft.VisualStudio.QualityTools.Tips.UnitTest.Adapter, Version=10.0.0.0, Culture=neutral, PublicKeyToken=b03f5f7f11d50a3a" className="UndeadEarth.Test.Model.when_retrieving_achievements, UndeadEarth.Test, Version=1.0.0.0, Culture=neutral, PublicKeyToken=null" name="should_return_achievement_for_destroying_1000_zombie_packs" />
    </UnitTest>
    <UnitTest name="should_return_max_energy_if_calculated_energy_for_time_passed_in_is_greater_than_max_energy_of_user" storage="c:\projects\undeadearth\undeadearth.test\bin\debug\undeadearth.test.dll" id="27e73228-a40a-9260-7cd7-3a5d45c78078">
      <Execution id="bfb4ac46-c816-4d3f-8b51-c53e82616045" />
      <TestMethod codeBase="C:/Projects/UndeadEarth/UndeadEarth.Test/bin/Debug/UndeadEarth.Test.DLL" adapterTypeName="Microsoft.VisualStudio.TestTools.TestTypes.Unit.UnitTestAdapter, Microsoft.VisualStudio.QualityTools.Tips.UnitTest.Adapter, Version=10.0.0.0, Culture=neutral, PublicKeyToken=b03f5f7f11d50a3a" className="UndeadEarth.Test.Model.when_determining_users_current_energy, UndeadEarth.Test, Version=1.0.0.0, Culture=neutral, PublicKeyToken=null" name="should_return_max_energy_if_calculated_energy_for_time_passed_in_is_greater_than_max_energy_of_user" />
    </UnitTest>
    <UnitTest name="should_start_with_5_tents_on_person" storage="c:\projects\undeadearth\undeadearth.test\bin\debug\undeadearth.test.dll" id="c59ebd84-a390-b0a9-9601-b22bb9ff7f1d">
      <Execution id="1155e1cf-3ca2-4550-ab3b-68b7fa0129b0" />
      <TestMethod codeBase="C:/Projects/UndeadEarth/UndeadEarth.Test/bin/Debug/UndeadEarth.Test.DLL" adapterTypeName="Microsoft.VisualStudio.TestTools.TestTypes.Unit.UnitTestAdapter, Microsoft.VisualStudio.QualityTools.Tips.UnitTest.Adapter, Version=10.0.0.0, Culture=neutral, PublicKeyToken=b03f5f7f11d50a3a" className="UndeadEarth.Test.Model.when_creating_user, UndeadEarth.Test, Version=1.0.0.0, Culture=neutral, PublicKeyToken=null" name="should_start_with_5_tents_on_person" />
    </UnitTest>
    <UnitTest name="should_retrieve_safe_houses_associated_with_hotzone" storage="c:\projects\undeadearth\undeadearth.test\bin\debug\undeadearth.test.dll" id="9654d44e-cffe-084f-c793-37a48f54fd16">
      <Execution id="64ef436a-29ca-4e9f-a40a-8e6ef50fab2f" />
      <TestMethod codeBase="C:/Projects/UndeadEarth/UndeadEarth.Test/bin/Debug/UndeadEarth.Test.DLL" adapterTypeName="Microsoft.VisualStudio.TestTools.TestTypes.Unit.UnitTestAdapter, Microsoft.VisualStudio.QualityTools.Tips.UnitTest.Adapter, Version=10.0.0.0, Culture=neutral, PublicKeyToken=b03f5f7f11d50a3a" className="UndeadEarth.Test.Dal.when_retrieving_safe_houses, UndeadEarth.Test, Version=1.0.0.0, Culture=neutral, PublicKeyToken=null" name="should_retrieve_safe_houses_associated_with_hotzone" />
    </UnitTest>
    <UnitTest name="should_return_hotzones_destroyed" storage="c:\projects\undeadearth\undeadearth.test\bin\debug\undeadearth.test.dll" id="01475b3a-fc7d-1f41-65ba-f4ddf4a86946">
      <Execution id="f9d2facb-b0fe-4757-b61a-ac3d8c948ebe" />
      <TestMethod codeBase="C:/Projects/UndeadEarth/UndeadEarth.Test/bin/Debug/UndeadEarth.Test.DLL" adapterTypeName="Microsoft.VisualStudio.TestTools.TestTypes.Unit.UnitTestAdapter, Microsoft.VisualStudio.QualityTools.Tips.UnitTest.Adapter, Version=10.0.0.0, Culture=neutral, PublicKeyToken=b03f5f7f11d50a3a" className="UndeadEarth.Test.Dal.when_retrieving_user_counts, UndeadEarth.Test, Version=1.0.0.0, Culture=neutral, PublicKeyToken=null" name="should_return_hotzones_destroyed" />
    </UnitTest>
    <UnitTest name="should_throw_exception_if_update_on_baseline_is_done_on_user_that_doest_exist" storage="c:\projects\undeadearth\undeadearth.test\bin\debug\undeadearth.test.dll" id="dcf1db6a-6e15-f745-8c61-5c0cbc68681f">
      <Execution id="d4c5127f-f6f0-459c-8581-e9f1830b1f27" />
      <TestMethod codeBase="C:/Projects/UndeadEarth/UndeadEarth.Test/bin/Debug/UndeadEarth.Test.DLL" adapterTypeName="Microsoft.VisualStudio.TestTools.TestTypes.Unit.UnitTestAdapter, Microsoft.VisualStudio.QualityTools.Tips.UnitTest.Adapter, Version=10.0.0.0, Culture=neutral, PublicKeyToken=b03f5f7f11d50a3a" className="UndeadEarth.Test.Dal.when_saving_user, UndeadEarth.Test, Version=1.0.0.0, Culture=neutral, PublicKeyToken=null" name="should_throw_exception_if_update_on_baseline_is_done_on_user_that_doest_exist" />
    </UnitTest>
    <UnitTest name="should_return_achievement_for_destroying_1_zombiePack" storage="c:\projects\undeadearth\undeadearth.test\bin\debug\undeadearth.test.dll" id="5d04ca0e-dd33-bf62-c1bb-e7d225b4949c">
      <Execution id="4ec44f5d-6080-42b9-b332-4a22d5b80f80" />
      <TestMethod codeBase="C:/Projects/UndeadEarth/UndeadEarth.Test/bin/Debug/UndeadEarth.Test.DLL" adapterTypeName="Microsoft.VisualStudio.TestTools.TestTypes.Unit.UnitTestAdapter, Microsoft.VisualStudio.QualityTools.Tips.UnitTest.Adapter, Version=10.0.0.0, Culture=neutral, PublicKeyToken=b03f5f7f11d50a3a" className="UndeadEarth.Test.Model.when_retrieving_achievements, UndeadEarth.Test, Version=1.0.0.0, Culture=neutral, PublicKeyToken=null" name="should_return_achievement_for_destroying_1_zombiePack" />
    </UnitTest>
    <UnitTest name="should_record_zombies_killed_after_hunt" storage="c:\projects\undeadearth\undeadearth.test\bin\debug\undeadearth.test.dll" id="21426709-ea7c-0595-beae-1978da06ff6a">
      <Execution id="00c56e88-b87e-41f7-b489-afa2f55f49f8" />
      <TestMethod codeBase="C:/Projects/UndeadEarth/UndeadEarth.Test/bin/Debug/UndeadEarth.Test.DLL" adapterTypeName="Microsoft.VisualStudio.TestTools.TestTypes.Unit.UnitTestAdapter, Microsoft.VisualStudio.QualityTools.Tips.UnitTest.Adapter, Version=10.0.0.0, Culture=neutral, PublicKeyToken=b03f5f7f11d50a3a" className="UndeadEarth.Test.Model.when_hunting_for_zombies, UndeadEarth.Test, Version=1.0.0.0, Culture=neutral, PublicKeyToken=null" name="should_record_zombies_killed_after_hunt" />
    </UnitTest>
    <UnitTest name="should_return_all_zombie_packs_in_radius" storage="c:\projects\undeadearth\undeadearth.test\bin\debug\undeadearth.test.dll" id="a95e4141-d767-b753-e492-b99e6f8ee705">
      <Execution id="fa4c2be3-ef47-4292-bd5a-57cb44831d4c" />
      <TestMethod codeBase="C:/Projects/UndeadEarth/UndeadEarth.Test/bin/Debug/UndeadEarth.Test.DLL" adapterTypeName="Microsoft.VisualStudio.TestTools.TestTypes.Unit.UnitTestAdapter, Microsoft.VisualStudio.QualityTools.Tips.UnitTest.Adapter, Version=10.0.0.0, Culture=neutral, PublicKeyToken=b03f5f7f11d50a3a" className="UndeadEarth.Test.Dal.when_retrieving_zombie_packs, UndeadEarth.Test, Version=1.0.0.0, Culture=neutral, PublicKeyToken=null" name="should_return_all_zombie_packs_in_radius" />
    </UnitTest>
    <UnitTest name="should_return_current_zombie_pack_progress_if_user_has_already_visited_zombie_pack" storage="c:\projects\undeadearth\undeadearth.test\bin\debug\undeadearth.test.dll" id="a7c3501c-4b66-95e5-cfa7-a3027a1486c4">
      <Execution id="5c4e6764-3177-45e2-bf6f-d885157a29ea" />
      <TestMethod codeBase="C:/Projects/UndeadEarth/UndeadEarth.Test/bin/Debug/UndeadEarth.Test.DLL" adapterTypeName="Microsoft.VisualStudio.TestTools.TestTypes.Unit.UnitTestAdapter, Microsoft.VisualStudio.QualityTools.Tips.UnitTest.Adapter, Version=10.0.0.0, Culture=neutral, PublicKeyToken=b03f5f7f11d50a3a" className="UndeadEarth.Test.Model.when_determining_zombie_pack_progress, UndeadEarth.Test, Version=1.0.0.0, Culture=neutral, PublicKeyToken=null" name="should_return_current_zombie_pack_progress_if_user_has_already_visited_zombie_pack" />
    </UnitTest>
    <UnitTest name="should_return_null_for_last_visited_hotzone_if_no_hotzone_has_been_set" storage="c:\projects\undeadearth\undeadearth.test\bin\debug\undeadearth.test.dll" id="606e3bbd-fbf0-39e8-d39a-d95b2f760af1">
      <Execution id="56b792d5-ca01-4f08-bc41-59d5b50d23f1" />
      <TestMethod codeBase="C:/Projects/UndeadEarth/UndeadEarth.Test/bin/Debug/UndeadEarth.Test.DLL" adapterTypeName="Microsoft.VisualStudio.TestTools.TestTypes.Unit.UnitTestAdapter, Microsoft.VisualStudio.QualityTools.Tips.UnitTest.Adapter, Version=10.0.0.0, Culture=neutral, PublicKeyToken=b03f5f7f11d50a3a" className="UndeadEarth.Test.Dal.when_retrieving_user, UndeadEarth.Test, Version=1.0.0.0, Culture=neutral, PublicKeyToken=null" name="should_return_null_for_last_visited_hotzone_if_no_hotzone_has_been_set" />
    </UnitTest>
    <UnitTest name="the_starting_attack_power_should_be_1" storage="c:\projects\undeadearth\undeadearth.test\bin\debug\undeadearth.test.dll" id="3dc86e55-9e89-b185-10f6-85c78270b263">
      <Execution id="a7296edb-ba8f-434b-bc5f-44ffdb5a124d" />
      <TestMethod codeBase="C:/Projects/UndeadEarth/UndeadEarth.Test/bin/Debug/UndeadEarth.Test.DLL" adapterTypeName="Microsoft.VisualStudio.TestTools.TestTypes.Unit.UnitTestAdapter, Microsoft.VisualStudio.QualityTools.Tips.UnitTest.Adapter, Version=10.0.0.0, Culture=neutral, PublicKeyToken=b03f5f7f11d50a3a" className="UndeadEarth.Test.Dal.when_inserting_user, UndeadEarth.Test, Version=1.0.0.0, Culture=neutral, PublicKeyToken=null" name="the_starting_attack_power_should_be_1" />
    </UnitTest>
    <UnitTest name="should_insert_empty_record_for_user_if_non_exists" storage="c:\projects\undeadearth\undeadearth.test\bin\debug\undeadearth.test.dll" id="c4f416aa-df0e-260b-8e45-51ab2e95c489">
      <Execution id="0bdb9a56-e9a4-428e-8770-114c4ed8d082" />
      <TestMethod codeBase="C:/Projects/UndeadEarth/UndeadEarth.Test/bin/Debug/UndeadEarth.Test.DLL" adapterTypeName="Microsoft.VisualStudio.TestTools.TestTypes.Unit.UnitTestAdapter, Microsoft.VisualStudio.QualityTools.Tips.UnitTest.Adapter, Version=10.0.0.0, Culture=neutral, PublicKeyToken=b03f5f7f11d50a3a" className="UndeadEarth.Test.Dal.when_retrieving_user_counts, UndeadEarth.Test, Version=1.0.0.0, Culture=neutral, PublicKeyToken=null" name="should_insert_empty_record_for_user_if_non_exists" />
    </UnitTest>
    <UnitTest name="should_throw_exception_if_update_on_last_visit_hotzone_is_done_on_user_that_doest_exist" storage="c:\projects\undeadearth\undeadearth.test\bin\debug\undeadearth.test.dll" id="ec86a5c7-025b-b62c-fbf3-4b0194192c0a">
      <Execution id="89a7c4d6-63df-473c-9c50-dc706d8d6dac" />
      <TestMethod codeBase="C:/Projects/UndeadEarth/UndeadEarth.Test/bin/Debug/UndeadEarth.Test.DLL" adapterTypeName="Microsoft.VisualStudio.TestTools.TestTypes.Unit.UnitTestAdapter, Microsoft.VisualStudio.QualityTools.Tips.UnitTest.Adapter, Version=10.0.0.0, Culture=neutral, PublicKeyToken=b03f5f7f11d50a3a" className="UndeadEarth.Test.Dal.when_saving_user, UndeadEarth.Test, Version=1.0.0.0, Culture=neutral, PublicKeyToken=null" name="should_throw_exception_if_update_on_last_visit_hotzone_is_done_on_user_that_doest_exist" />
    </UnitTest>
    <UnitTest name="should_return_all_items_in_store" storage="c:\projects\undeadearth\undeadearth.test\bin\debug\undeadearth.test.dll" id="48c2a012-1ba3-1243-1cd5-aab81b26906b">
      <Execution id="3aa293d8-51f9-41c3-be79-7c12f323d2cd" />
      <TestMethod codeBase="C:/Projects/UndeadEarth/UndeadEarth.Test/bin/Debug/UndeadEarth.Test.DLL" adapterTypeName="Microsoft.VisualStudio.TestTools.TestTypes.Unit.UnitTestAdapter, Microsoft.VisualStudio.QualityTools.Tips.UnitTest.Adapter, Version=10.0.0.0, Culture=neutral, PublicKeyToken=b03f5f7f11d50a3a" className="UndeadEarth.Test.Dal.when_retrieving_stores, UndeadEarth.Test, Version=1.0.0.0, Culture=neutral, PublicKeyToken=null" name="should_return_all_items_in_store" />
    </UnitTest>
    <UnitTest name="should_retrieve_all_stores" storage="c:\projects\undeadearth\undeadearth.test\bin\debug\undeadearth.test.dll" id="1cb99b44-08d0-1c2c-78e8-64869fef3154">
      <Execution id="207ca24e-d5a6-45cf-a224-cb86e5054fbe" />
      <TestMethod codeBase="C:/Projects/UndeadEarth/UndeadEarth.Test/bin/Debug/UndeadEarth.Test.DLL" adapterTypeName="Microsoft.VisualStudio.TestTools.TestTypes.Unit.UnitTestAdapter, Microsoft.VisualStudio.QualityTools.Tips.UnitTest.Adapter, Version=10.0.0.0, Culture=neutral, PublicKeyToken=b03f5f7f11d50a3a" className="UndeadEarth.Test.Dal.when_retrieving_stores, UndeadEarth.Test, Version=1.0.0.0, Culture=neutral, PublicKeyToken=null" name="should_retrieve_all_stores" />
    </UnitTest>
    <UnitTest name="should_record_hotzone_destoryed_if_hunting_cleared_hotzone" storage="c:\projects\undeadearth\undeadearth.test\bin\debug\undeadearth.test.dll" id="abb8373c-7671-9802-6d68-5c17e7124ebd">
      <Execution id="59146ae8-e56f-4df7-9f7d-fa0e5ed0e280" />
      <TestMethod codeBase="C:/Projects/UndeadEarth/UndeadEarth.Test/bin/Debug/UndeadEarth.Test.DLL" adapterTypeName="Microsoft.VisualStudio.TestTools.TestTypes.Unit.UnitTestAdapter, Microsoft.VisualStudio.QualityTools.Tips.UnitTest.Adapter, Version=10.0.0.0, Culture=neutral, PublicKeyToken=b03f5f7f11d50a3a" className="UndeadEarth.Test.Model.when_hunting_for_zombies, UndeadEarth.Test, Version=1.0.0.0, Culture=neutral, PublicKeyToken=null" name="should_record_hotzone_destoryed_if_hunting_cleared_hotzone" />
    </UnitTest>
    <UnitTest name="should_return_number_of_zombie_packs_left" storage="c:\projects\undeadearth\undeadearth.test\bin\debug\undeadearth.test.dll" id="57f6bfb3-878f-ec7b-71d8-e1ae592b6823">
      <Execution id="2991632e-bb3e-455c-a0c2-3f3b373dfbcf" />
      <TestMethod codeBase="C:/Projects/UndeadEarth/UndeadEarth.Test/bin/Debug/UndeadEarth.Test.DLL" adapterTypeName="Microsoft.VisualStudio.TestTools.TestTypes.Unit.UnitTestAdapter, Microsoft.VisualStudio.QualityTools.Tips.UnitTest.Adapter, Version=10.0.0.0, Culture=neutral, PublicKeyToken=b03f5f7f11d50a3a" className="UndeadEarth.Test.Dal.when_retrieving_hot_zones, UndeadEarth.Test, Version=1.0.0.0, Culture=neutral, PublicKeyToken=null" name="should_return_number_of_zombie_packs_left" />
    </UnitTest>
    <UnitTest name="should_retrieve_miles_traveled_for_user_that_exists" storage="c:\projects\undeadearth\undeadearth.test\bin\debug\undeadearth.test.dll" id="de169ee4-3985-9538-838d-f920eef5b26b">
      <Execution id="a78972d2-9c7d-4907-9dd0-a3f3db80e8a1" />
      <TestMethod codeBase="C:/Projects/UndeadEarth/UndeadEarth.Test/bin/Debug/UndeadEarth.Test.DLL" adapterTypeName="Microsoft.VisualStudio.TestTools.TestTypes.Unit.UnitTestAdapter, Microsoft.VisualStudio.QualityTools.Tips.UnitTest.Adapter, Version=10.0.0.0, Culture=neutral, PublicKeyToken=b03f5f7f11d50a3a" className="UndeadEarth.Test.Dal.when_retrieving_user_counts, UndeadEarth.Test, Version=1.0.0.0, Culture=neutral, PublicKeyToken=null" name="should_retrieve_miles_traveled_for_user_that_exists" />
    </UnitTest>
    <UnitTest name="should_add_tent" storage="c:\projects\undeadearth\undeadearth.test\bin\debug\undeadearth.test.dll" id="4ad82b7e-b664-1e32-b013-da054510a32b">
      <Execution id="acdb3e00-5c4f-4990-8269-ffd451850e51" />
      <TestMethod codeBase="C:/Projects/UndeadEarth/UndeadEarth.Test/bin/Debug/UndeadEarth.Test.DLL" adapterTypeName="Microsoft.VisualStudio.TestTools.TestTypes.Unit.UnitTestAdapter, Microsoft.VisualStudio.QualityTools.Tips.UnitTest.Adapter, Version=10.0.0.0, Culture=neutral, PublicKeyToken=b03f5f7f11d50a3a" className="UndeadEarth.Test.Dal.when_saving_user_items, UndeadEarth.Test, Version=1.0.0.0, Culture=neutral, PublicKeyToken=null" name="should_add_tent" />
    </UnitTest>
    <UnitTest name="should_check_users_level_after_hunt" storage="c:\projects\undeadearth\undeadearth.test\bin\debug\undeadearth.test.dll" id="01612aab-c0ea-12bb-1a12-76fce19990e3">
      <Execution id="923b9416-38e0-4318-98bc-86a0fd81f914" />
      <TestMethod codeBase="C:/Projects/UndeadEarth/UndeadEarth.Test/bin/Debug/UndeadEarth.Test.DLL" adapterTypeName="Microsoft.VisualStudio.TestTools.TestTypes.Unit.UnitTestAdapter, Microsoft.VisualStudio.QualityTools.Tips.UnitTest.Adapter, Version=10.0.0.0, Culture=neutral, PublicKeyToken=b03f5f7f11d50a3a" className="UndeadEarth.Test.Model.when_hunting_for_zombies, UndeadEarth.Test, Version=1.0.0.0, Culture=neutral, PublicKeyToken=null" name="should_check_users_level_after_hunt" />
    </UnitTest>
    <UnitTest name="should_throw_exception_when_retrieving_user_level_and_user_does_not_exist" storage="c:\projects\undeadearth\undeadearth.test\bin\debug\undeadearth.test.dll" id="e1d44afa-1394-6d68-cf3a-361e5ec94e83">
      <Execution id="88d2fda4-824e-4031-81f7-f0c61a58a750" />
      <TestMethod codeBase="C:/Projects/UndeadEarth/UndeadEarth.Test/bin/Debug/UndeadEarth.Test.DLL" adapterTypeName="Microsoft.VisualStudio.TestTools.TestTypes.Unit.UnitTestAdapter, Microsoft.VisualStudio.QualityTools.Tips.UnitTest.Adapter, Version=10.0.0.0, Culture=neutral, PublicKeyToken=b03f5f7f11d50a3a" className="UndeadEarth.Test.Dal.when_retrieving_user, UndeadEarth.Test, Version=1.0.0.0, Culture=neutral, PublicKeyToken=null" name="should_throw_exception_when_retrieving_user_level_and_user_does_not_exist" />
    </UnitTest>
    <UnitTest name="should_retriever_an_empty_list_given_invalid_hotzone_id" storage="c:\projects\undeadearth\undeadearth.test\bin\debug\undeadearth.test.dll" id="5b97deff-fa6b-c377-8ff2-c9c8d4bf8e55">
      <Execution id="12007f1e-9028-4058-bcdc-ba59bbd8d25a" />
      <TestMethod codeBase="C:/Projects/UndeadEarth/UndeadEarth.Test/bin/Debug/UndeadEarth.Test.DLL" adapterTypeName="Microsoft.VisualStudio.TestTools.TestTypes.Unit.UnitTestAdapter, Microsoft.VisualStudio.QualityTools.Tips.UnitTest.Adapter, Version=10.0.0.0, Culture=neutral, PublicKeyToken=b03f5f7f11d50a3a" className="UndeadEarth.Test.Dal.when_retrieving_safe_houses, UndeadEarth.Test, Version=1.0.0.0, Culture=neutral, PublicKeyToken=null" name="should_retriever_an_empty_list_given_invalid_hotzone_id" />
    </UnitTest>
    <UnitTest name="should_return_calcuated_energy_for_user_based_on_minutes_passed_since_last_saved_energy" storage="c:\projects\undeadearth\undeadearth.test\bin\debug\undeadearth.test.dll" id="f0a78964-7df7-6d28-3ebe-f82c2151fafb">
      <Execution id="7171f829-bc56-4f9b-838d-d2c0dc9ffebd" />
      <TestMethod codeBase="C:/Projects/UndeadEarth/UndeadEarth.Test/bin/Debug/UndeadEarth.Test.DLL" adapterTypeName="Microsoft.VisualStudio.TestTools.TestTypes.Unit.UnitTestAdapter, Microsoft.VisualStudio.QualityTools.Tips.UnitTest.Adapter, Version=10.0.0.0, Culture=neutral, PublicKeyToken=b03f5f7f11d50a3a" className="UndeadEarth.Test.Model.when_determining_users_current_energy, UndeadEarth.Test, Version=1.0.0.0, Culture=neutral, PublicKeyToken=null" name="should_return_calcuated_energy_for_user_based_on_minutes_passed_since_last_saved_energy" />
    </UnitTest>
    <UnitTest name="should_throw_exception_when_returning_baseline_energy_for_user_that_doesnt_exist" storage="c:\projects\undeadearth\undeadearth.test\bin\debug\undeadearth.test.dll" id="a4e874d3-81be-9f49-2511-92f0df88cee7">
      <Execution id="354b7447-faf4-47fa-9271-d97bdcaaf3f4" />
      <TestMethod codeBase="C:/Projects/UndeadEarth/UndeadEarth.Test/bin/Debug/UndeadEarth.Test.DLL" adapterTypeName="Microsoft.VisualStudio.TestTools.TestTypes.Unit.UnitTestAdapter, Microsoft.VisualStudio.QualityTools.Tips.UnitTest.Adapter, Version=10.0.0.0, Culture=neutral, PublicKeyToken=b03f5f7f11d50a3a" className="UndeadEarth.Test.Dal.when_retrieving_user, UndeadEarth.Test, Version=1.0.0.0, Culture=neutral, PublicKeyToken=null" name="should_throw_exception_when_returning_baseline_energy_for_user_that_doesnt_exist" />
    </UnitTest>
    <UnitTest name="should_retrieve_item_by_item_id" storage="c:\projects\undeadearth\undeadearth.test\bin\debug\undeadearth.test.dll" id="0da63870-00bb-b6e5-56ff-c32676768cb3">
      <Execution id="2c6bd5d0-6c78-4faa-8df7-46a174e0259c" />
      <TestMethod codeBase="C:/Projects/UndeadEarth/UndeadEarth.Test/bin/Debug/UndeadEarth.Test.DLL" adapterTypeName="Microsoft.VisualStudio.TestTools.TestTypes.Unit.UnitTestAdapter, Microsoft.VisualStudio.QualityTools.Tips.UnitTest.Adapter, Version=10.0.0.0, Culture=neutral, PublicKeyToken=b03f5f7f11d50a3a" className="UndeadEarth.Test.Dal.when_retrieving_items, UndeadEarth.Test, Version=1.0.0.0, Culture=neutral, PublicKeyToken=null" name="should_retrieve_item_by_item_id" />
    </UnitTest>
    <UnitTest name="should_return_lastvisite_hotzone_id_for_user_that_has_visited_a_hotzone" storage="c:\projects\undeadearth\undeadearth.test\bin\debug\undeadearth.test.dll" id="15d93832-4f17-b3dc-992d-8c3088d960e1">
      <Execution id="fb92552f-3167-4fcc-a115-043d262172e0" />
      <TestMethod codeBase="C:/Projects/UndeadEarth/UndeadEarth.Test/bin/Debug/UndeadEarth.Test.DLL" adapterTypeName="Microsoft.VisualStudio.TestTools.TestTypes.Unit.UnitTestAdapter, Microsoft.VisualStudio.QualityTools.Tips.UnitTest.Adapter, Version=10.0.0.0, Culture=neutral, PublicKeyToken=b03f5f7f11d50a3a" className="UndeadEarth.Test.Dal.when_retrieving_user, UndeadEarth.Test, Version=1.0.0.0, Culture=neutral, PublicKeyToken=null" name="should_return_lastvisite_hotzone_id_for_user_that_has_visited_a_hotzone" />
    </UnitTest>
    <UnitTest name="should_retrieve_user_current_base_attack" storage="c:\projects\undeadearth\undeadearth.test\bin\debug\undeadearth.test.dll" id="6efd94c0-48f1-f3dc-5a7c-d483288ae14d">
      <Execution id="b8ccd521-f014-4402-a42a-244cab5c843c" />
      <TestMethod codeBase="C:/Projects/UndeadEarth/UndeadEarth.Test/bin/Debug/UndeadEarth.Test.DLL" adapterTypeName="Microsoft.VisualStudio.TestTools.TestTypes.Unit.UnitTestAdapter, Microsoft.VisualStudio.QualityTools.Tips.UnitTest.Adapter, Version=10.0.0.0, Culture=neutral, PublicKeyToken=b03f5f7f11d50a3a" className="UndeadEarth.Test.Dal.when_retrieving_user, UndeadEarth.Test, Version=1.0.0.0, Culture=neutral, PublicKeyToken=null" name="should_retrieve_user_current_base_attack" />
    </UnitTest>
    <UnitTest name="should_disregard_if_safe_house_does_not_exist" storage="c:\projects\undeadearth\undeadearth.test\bin\debug\undeadearth.test.dll" id="fda20422-40a9-5283-8a02-f548ab2ba5fd">
      <Execution id="d1d89c97-c805-4c6b-8e03-27b388204f71" />
      <TestMethod codeBase="C:/Projects/UndeadEarth/UndeadEarth.Test/bin/Debug/UndeadEarth.Test.DLL" adapterTypeName="Microsoft.VisualStudio.TestTools.TestTypes.Unit.UnitTestAdapter, Microsoft.VisualStudio.QualityTools.Tips.UnitTest.Adapter, Version=10.0.0.0, Culture=neutral, PublicKeyToken=b03f5f7f11d50a3a" className="UndeadEarth.Test.Model.when_transferring_items_from_user_to_safe_house, UndeadEarth.Test, Version=1.0.0.0, Culture=neutral, PublicKeyToken=null" name="should_disregard_if_safe_house_does_not_exist" />
    </UnitTest>
    <UnitTest name="should_set_peak_attack_if_greater_than_whats_currently_saved" storage="c:\projects\undeadearth\undeadearth.test\bin\debug\undeadearth.test.dll" id="b3df8862-1b3b-daec-78d1-26c8d0d4c769">
      <Execution id="01957d0a-dbac-4a87-a13b-591d9396581b" />
      <TestMethod codeBase="C:/Projects/UndeadEarth/UndeadEarth.Test/bin/Debug/UndeadEarth.Test.DLL" adapterTypeName="Microsoft.VisualStudio.TestTools.TestTypes.Unit.UnitTestAdapter, Microsoft.VisualStudio.QualityTools.Tips.UnitTest.Adapter, Version=10.0.0.0, Culture=neutral, PublicKeyToken=b03f5f7f11d50a3a" className="UndeadEarth.Test.Dal.when_saving_user_counts, UndeadEarth.Test, Version=1.0.0.0, Culture=neutral, PublicKeyToken=null" name="should_set_peak_attack_if_greater_than_whats_currently_saved" />
    </UnitTest>
    <UnitTest name="should_retrieve_zombies_detroyed" storage="c:\projects\undeadearth\undeadearth.test\bin\debug\undeadearth.test.dll" id="cb08040d-63a1-ab84-f3c4-dce8729ce3d1">
      <Execution id="c99397dd-e22c-4444-bef6-542e07370337" />
      <TestMethod codeBase="C:/Projects/UndeadEarth/UndeadEarth.Test/bin/Debug/UndeadEarth.Test.DLL" adapterTypeName="Microsoft.VisualStudio.TestTools.TestTypes.Unit.UnitTestAdapter, Microsoft.VisualStudio.QualityTools.Tips.UnitTest.Adapter, Version=10.0.0.0, Culture=neutral, PublicKeyToken=b03f5f7f11d50a3a" className="UndeadEarth.Test.Dal.when_retrieving_user_counts, UndeadEarth.Test, Version=1.0.0.0, Culture=neutral, PublicKeyToken=null" name="should_retrieve_zombies_detroyed" />
    </UnitTest>
    <UnitTest name="should_return_zero_if_attack_is_null" storage="c:\projects\undeadearth\undeadearth.test\bin\debug\undeadearth.test.dll" id="4aab1a6a-e217-fabe-67d7-73dafcd94369">
      <Execution id="59076a7e-ae56-40fa-ad1b-b1910c75a8a9" />
      <TestMethod codeBase="C:/Projects/UndeadEarth/UndeadEarth.Test/bin/Debug/UndeadEarth.Test.DLL" adapterTypeName="Microsoft.VisualStudio.TestTools.TestTypes.Unit.UnitTestAdapter, Microsoft.VisualStudio.QualityTools.Tips.UnitTest.Adapter, Version=10.0.0.0, Culture=neutral, PublicKeyToken=b03f5f7f11d50a3a" className="UndeadEarth.Test.Dal.when_retrieving_items, UndeadEarth.Test, Version=1.0.0.0, Culture=neutral, PublicKeyToken=null" name="should_return_zero_if_attack_is_null" />
    </UnitTest>
    <UnitTest name="should_increment_accumulated_money" storage="c:\projects\undeadearth\undeadearth.test\bin\debug\undeadearth.test.dll" id="eb7106dc-eb88-ec99-7bfd-0b16f51297ea">
      <Execution id="4dcdc443-4827-4870-b8b5-75d196e4f616" />
      <TestMethod codeBase="C:/Projects/UndeadEarth/UndeadEarth.Test/bin/Debug/UndeadEarth.Test.DLL" adapterTypeName="Microsoft.VisualStudio.TestTools.TestTypes.Unit.UnitTestAdapter, Microsoft.VisualStudio.QualityTools.Tips.UnitTest.Adapter, Version=10.0.0.0, Culture=neutral, PublicKeyToken=b03f5f7f11d50a3a" className="UndeadEarth.Test.Dal.when_saving_user_counts, UndeadEarth.Test, Version=1.0.0.0, Culture=neutral, PublicKeyToken=null" name="should_increment_accumulated_money" />
    </UnitTest>
    <UnitTest name="should_return_attack_power_based_on_items_in_safehouse_with_user_not_having_any_money" storage="c:\projects\undeadearth\undeadearth.test\bin\debug\undeadearth.test.dll" id="bed0bac3-5433-e3b2-3646-ee5b82bf2f3c">
      <Execution id="6d614333-200c-46e2-ae4f-fd64825a34eb" />
      <TestMethod codeBase="C:/Projects/UndeadEarth/UndeadEarth.Test/bin/Debug/UndeadEarth.Test.DLL" adapterTypeName="Microsoft.VisualStudio.TestTools.TestTypes.Unit.UnitTestAdapter, Microsoft.VisualStudio.QualityTools.Tips.UnitTest.Adapter, Version=10.0.0.0, Culture=neutral, PublicKeyToken=b03f5f7f11d50a3a" className="UndeadEarth.Test.Model.when_determining_users_max_potential_attack_power, UndeadEarth.Test, Version=1.0.0.0, Culture=neutral, PublicKeyToken=null" name="should_return_attack_power_based_on_items_in_safehouse_with_user_not_having_any_money" />
    </UnitTest>
    <UnitTest name="should_return_min_sight_radius_if_calculated_sight_for_time_passed_in_is_less_than_min_sight_radius_of_user" storage="c:\projects\undeadearth\undeadearth.test\bin\debug\undeadearth.test.dll" id="dfea3fa1-b295-8c05-710e-e2cb6ce3f9d6">
      <Execution id="90bab0d4-0e22-4da0-b779-d5a5969b7cab" />
      <TestMethod codeBase="C:/Projects/UndeadEarth/UndeadEarth.Test/bin/Debug/UndeadEarth.Test.DLL" adapterTypeName="Microsoft.VisualStudio.TestTools.TestTypes.Unit.UnitTestAdapter, Microsoft.VisualStudio.QualityTools.Tips.UnitTest.Adapter, Version=10.0.0.0, Culture=neutral, PublicKeyToken=b03f5f7f11d50a3a" className="UndeadEarth.Test.Model.when_determining_users_current_sight_radius, UndeadEarth.Test, Version=1.0.0.0, Culture=neutral, PublicKeyToken=null" name="should_return_min_sight_radius_if_calculated_sight_for_time_passed_in_is_less_than_min_sight_radius_of_user" />
    </UnitTest>
    <UnitTest name="should_set_last_saved_sight_radius_to_base_sight_radius_if_last_saved_radius_does_not_exist" storage="c:\projects\undeadearth\undeadearth.test\bin\debug\undeadearth.test.dll" id="a2865b2e-10f7-d550-33c8-b7ec8623e85f">
      <Execution id="35828880-e540-43a6-a2f0-7d1b1654776c" />
      <TestMethod codeBase="C:/Projects/UndeadEarth/UndeadEarth.Test/bin/Debug/UndeadEarth.Test.DLL" adapterTypeName="Microsoft.VisualStudio.TestTools.TestTypes.Unit.UnitTestAdapter, Microsoft.VisualStudio.QualityTools.Tips.UnitTest.Adapter, Version=10.0.0.0, Culture=neutral, PublicKeyToken=b03f5f7f11d50a3a" className="UndeadEarth.Test.Model.when_determining_users_current_sight_radius, UndeadEarth.Test, Version=1.0.0.0, Culture=neutral, PublicKeyToken=null" name="should_set_last_saved_sight_radius_to_base_sight_radius_if_last_saved_radius_does_not_exist" />
    </UnitTest>
    <UnitTest name="should_set_energy_to_zero_if_item_energy_plus_user_energy_is_negative" storage="c:\projects\undeadearth\undeadearth.test\bin\debug\undeadearth.test.dll" id="7a4bb2ce-d62d-4561-dc89-28a6c8155af3">
      <Execution id="16a89351-b450-493e-8903-82f623901a05" />
      <TestMethod codeBase="C:/Projects/UndeadEarth/UndeadEarth.Test/bin/Debug/UndeadEarth.Test.DLL" adapterTypeName="Microsoft.VisualStudio.TestTools.TestTypes.Unit.UnitTestAdapter, Microsoft.VisualStudio.QualityTools.Tips.UnitTest.Adapter, Version=10.0.0.0, Culture=neutral, PublicKeyToken=b03f5f7f11d50a3a" className="UndeadEarth.Test.Model.when_using_items, UndeadEarth.Test, Version=1.0.0.0, Culture=neutral, PublicKeyToken=null" name="should_set_energy_to_zero_if_item_energy_plus_user_energy_is_negative" />
    </UnitTest>
    <UnitTest name="should_save_and_return_zombie_pack_progress_with_random_difficulty_if_its_the_first_time_user_has_visited_zombie_pack" storage="c:\projects\undeadearth\undeadearth.test\bin\debug\undeadearth.test.dll" id="2448c480-75b4-6f61-f066-698054ffd863">
      <Execution id="9d755fd0-7659-4955-ae3c-9e5a517b4113" />
      <TestMethod codeBase="C:/Projects/UndeadEarth/UndeadEarth.Test/bin/Debug/UndeadEarth.Test.DLL" adapterTypeName="Microsoft.VisualStudio.TestTools.TestTypes.Unit.UnitTestAdapter, Microsoft.VisualStudio.QualityTools.Tips.UnitTest.Adapter, Version=10.0.0.0, Culture=neutral, PublicKeyToken=b03f5f7f11d50a3a" className="UndeadEarth.Test.Model.when_determining_zombie_pack_progress, UndeadEarth.Test, Version=1.0.0.0, Culture=neutral, PublicKeyToken=null" name="should_save_and_return_zombie_pack_progress_with_random_difficulty_if_its_the_first_time_user_has_visited_zombie_pack" />
    </UnitTest>
    <UnitTest name="should_calculate_western_point" storage="c:\projects\undeadearth\undeadearth.test\bin\debug\undeadearth.test.dll" id="49e3a9e9-dcf0-f3e5-85da-9f5499fab731">
      <Execution id="1f65e475-afe4-4522-9cef-582a5488432e" />
      <TestMethod codeBase="C:/Projects/UndeadEarth/UndeadEarth.Test/bin/Debug/UndeadEarth.Test.DLL" adapterTypeName="Microsoft.VisualStudio.TestTools.TestTypes.Unit.UnitTestAdapter, Microsoft.VisualStudio.QualityTools.Tips.UnitTest.Adapter, Version=10.0.0.0, Culture=neutral, PublicKeyToken=b03f5f7f11d50a3a" className="UndeadEarth.Test.Model.when_calculating_distance, UndeadEarth.Test, Version=1.0.0.0, Culture=neutral, PublicKeyToken=null" name="should_calculate_western_point" />
    </UnitTest>
    <UnitTest name="should_return_achievement_for_destroying_100_hotzones" storage="c:\projects\undeadearth\undeadearth.test\bin\debug\undeadearth.test.dll" id="1ade4597-88a4-ccb5-c182-1ea16f848376">
      <Execution id="8d8e160a-b337-4fc0-8130-2a7030e4a082" />
      <TestMethod codeBase="C:/Projects/UndeadEarth/UndeadEarth.Test/bin/Debug/UndeadEarth.Test.DLL" adapterTypeName="Microsoft.VisualStudio.TestTools.TestTypes.Unit.UnitTestAdapter, Microsoft.VisualStudio.QualityTools.Tips.UnitTest.Adapter, Version=10.0.0.0, Culture=neutral, PublicKeyToken=b03f5f7f11d50a3a" className="UndeadEarth.Test.Model.when_retrieving_achievements, UndeadEarth.Test, Version=1.0.0.0, Culture=neutral, PublicKeyToken=null" name="should_return_achievement_for_destroying_100_hotzones" />
    </UnitTest>
    <UnitTest name="should_return_true_if_hotzone_is_a_starting_hotzone" storage="c:\projects\undeadearth\undeadearth.test\bin\debug\undeadearth.test.dll" id="53d3d174-2438-d916-b931-5b84347506a5">
      <Execution id="d2d567b5-62b3-4973-b93c-d96219082537" />
      <TestMethod codeBase="C:/Projects/UndeadEarth/UndeadEarth.Test/bin/Debug/UndeadEarth.Test.DLL" adapterTypeName="Microsoft.VisualStudio.TestTools.TestTypes.Unit.UnitTestAdapter, Microsoft.VisualStudio.QualityTools.Tips.UnitTest.Adapter, Version=10.0.0.0, Culture=neutral, PublicKeyToken=b03f5f7f11d50a3a" className="UndeadEarth.Test.Dal.when_retrieving_hot_zones, UndeadEarth.Test, Version=1.0.0.0, Culture=neutral, PublicKeyToken=null" name="should_return_true_if_hotzone_is_a_starting_hotzone" />
    </UnitTest>
    <UnitTest name="should_save_user_sight_radius" storage="c:\projects\undeadearth\undeadearth.test\bin\debug\undeadearth.test.dll" id="ea325b6e-c3ab-3827-d099-c8e61f5a4b92">
      <Execution id="7f19c025-f717-4985-a5d2-bea1584960db" />
      <TestMethod codeBase="C:/Projects/UndeadEarth/UndeadEarth.Test/bin/Debug/UndeadEarth.Test.DLL" adapterTypeName="Microsoft.VisualStudio.TestTools.TestTypes.Unit.UnitTestAdapter, Microsoft.VisualStudio.QualityTools.Tips.UnitTest.Adapter, Version=10.0.0.0, Culture=neutral, PublicKeyToken=b03f5f7f11d50a3a" className="UndeadEarth.Test.Dal.when_saving_user_sight_radius, UndeadEarth.Test, Version=1.0.0.0, Culture=neutral, PublicKeyToken=null" name="should_save_user_sight_radius" />
    </UnitTest>
    <UnitTest name="should_return_hotzone_as_cleared" storage="c:\projects\undeadearth\undeadearth.test\bin\debug\undeadearth.test.dll" id="b16bd29a-b3d8-bf0d-809b-edcc4ff2fca0">
      <Execution id="d23466b0-14a6-43e4-8e0a-7ee545c19773" />
      <TestMethod codeBase="C:/Projects/UndeadEarth/UndeadEarth.Test/bin/Debug/UndeadEarth.Test.DLL" adapterTypeName="Microsoft.VisualStudio.TestTools.TestTypes.Unit.UnitTestAdapter, Microsoft.VisualStudio.QualityTools.Tips.UnitTest.Adapter, Version=10.0.0.0, Culture=neutral, PublicKeyToken=b03f5f7f11d50a3a" className="UndeadEarth.Test.Dal.when_determining_if_hotzones_is_cleared, UndeadEarth.Test, Version=1.0.0.0, Culture=neutral, PublicKeyToken=null" name="should_return_hotzone_as_cleared" />
    </UnitTest>
    <UnitTest name="given_user_has_money_and_items_in_safe_house_and_can_buy_items_should_return_the_energy_that_is_greater_between_safehouse_items_and_store_items" storage="c:\projects\undeadearth\undeadearth.test\bin\debug\undeadearth.test.dll" id="a2cd0fe1-b87c-c070-6665-87346857dbcd">
      <Execution id="b544e2ba-31b9-4b76-af98-e606fe39f77d" />
      <TestMethod codeBase="C:/Projects/UndeadEarth/UndeadEarth.Test/bin/Debug/UndeadEarth.Test.DLL" adapterTypeName="Microsoft.VisualStudio.TestTools.TestTypes.Unit.UnitTestAdapter, Microsoft.VisualStudio.QualityTools.Tips.UnitTest.Adapter, Version=10.0.0.0, Culture=neutral, PublicKeyToken=b03f5f7f11d50a3a" className="UndeadEarth.Test.Model.when_determining_users_max_potential_energy, UndeadEarth.Test, Version=1.0.0.0, Culture=neutral, PublicKeyToken=null" name="given_user_has_money_and_items_in_safe_house_and_can_buy_items_should_return_the_energy_that_is_greater_between_safehouse_items_and_store_items" />
    </UnitTest>
    <UnitTest name="should_return_achievement_for_collecting_100000_dollars" storage="c:\projects\undeadearth\undeadearth.test\bin\debug\undeadearth.test.dll" id="13954612-b76a-9796-df53-2efe3530832a">
      <Execution id="49459118-e67a-412f-b95b-c0f03f2e346c" />
      <TestMethod codeBase="C:/Projects/UndeadEarth/UndeadEarth.Test/bin/Debug/UndeadEarth.Test.DLL" adapterTypeName="Microsoft.VisualStudio.TestTools.TestTypes.Unit.UnitTestAdapter, Microsoft.VisualStudio.QualityTools.Tips.UnitTest.Adapter, Version=10.0.0.0, Culture=neutral, PublicKeyToken=b03f5f7f11d50a3a" className="UndeadEarth.Test.Model.when_retrieving_achievements, UndeadEarth.Test, Version=1.0.0.0, Culture=neutral, PublicKeyToken=null" name="should_return_achievement_for_collecting_100000_dollars" />
    </UnitTest>
    <UnitTest name="should_throw_error_for_saving_last_energy_if_user_does_not_exist" storage="c:\projects\undeadearth\undeadearth.test\bin\debug\undeadearth.test.dll" id="61f447bc-f31d-7adc-e8ff-51ce31625b90">
      <Execution id="79c8ff47-acf5-4c6c-835b-081ea8a218fd" />
      <TestMethod codeBase="C:/Projects/UndeadEarth/UndeadEarth.Test/bin/Debug/UndeadEarth.Test.DLL" adapterTypeName="Microsoft.VisualStudio.TestTools.TestTypes.Unit.UnitTestAdapter, Microsoft.VisualStudio.QualityTools.Tips.UnitTest.Adapter, Version=10.0.0.0, Culture=neutral, PublicKeyToken=b03f5f7f11d50a3a" className="UndeadEarth.Test.Dal.Utility.when_saving_user_energy, UndeadEarth.Test, Version=1.0.0.0, Culture=neutral, PublicKeyToken=null" name="should_throw_error_for_saving_last_energy_if_user_does_not_exist" />
    </UnitTest>
    <UnitTest name="should_return_correct_inventory_slot_number_for_given_level" storage="c:\projects\undeadearth\undeadearth.test\bin\debug\undeadearth.test.dll" id="40c4a339-897f-73e3-e8be-fed33feff0fc">
      <Execution id="e95afb6f-15c8-49ba-b42e-c2ce27a58aa8" />
      <TestMethod codeBase="C:/Projects/UndeadEarth/UndeadEarth.Test/bin/Debug/UndeadEarth.Test.DLL" adapterTypeName="Microsoft.VisualStudio.TestTools.TestTypes.Unit.UnitTestAdapter, Microsoft.VisualStudio.QualityTools.Tips.UnitTest.Adapter, Version=10.0.0.0, Culture=neutral, PublicKeyToken=b03f5f7f11d50a3a" className="UndeadEarth.Test.Model.when_servicing_user_level_and_attributes, UndeadEarth.Test, Version=1.0.0.0, Culture=neutral, PublicKeyToken=null" name="should_return_correct_inventory_slot_number_for_given_level" />
    </UnitTest>
    <UnitTest name="should_return_the_number_of_zombie_kills_needed_for_next_level" storage="c:\projects\undeadearth\undeadearth.test\bin\debug\undeadearth.test.dll" id="24e2889f-3174-5207-6e2d-3941d6d3ab4a">
      <Execution id="32fd2ac9-b445-4348-8f4a-7b47eab839bf" />
      <TestMethod codeBase="C:/Projects/UndeadEarth/UndeadEarth.Test/bin/Debug/UndeadEarth.Test.DLL" adapterTypeName="Microsoft.VisualStudio.TestTools.TestTypes.Unit.UnitTestAdapter, Microsoft.VisualStudio.QualityTools.Tips.UnitTest.Adapter, Version=10.0.0.0, Culture=neutral, PublicKeyToken=b03f5f7f11d50a3a" className="UndeadEarth.Test.Model.when_servicing_user_level_and_attributes, UndeadEarth.Test, Version=1.0.0.0, Culture=neutral, PublicKeyToken=null" name="should_return_the_number_of_zombie_kills_needed_for_next_level" />
    </UnitTest>
    <UnitTest name="should_return_accumulated_money" storage="c:\projects\undeadearth\undeadearth.test\bin\debug\undeadearth.test.dll" id="8538b685-e301-b4f2-f6ec-7abb74e1fb4b">
      <Execution id="d591bdce-161e-49f6-ae5a-10dc4b9fbc5d" />
      <TestMethod codeBase="C:/Projects/UndeadEarth/UndeadEarth.Test/bin/Debug/UndeadEarth.Test.DLL" adapterTypeName="Microsoft.VisualStudio.TestTools.TestTypes.Unit.UnitTestAdapter, Microsoft.VisualStudio.QualityTools.Tips.UnitTest.Adapter, Version=10.0.0.0, Culture=neutral, PublicKeyToken=b03f5f7f11d50a3a" className="UndeadEarth.Test.Dal.when_retrieving_user_counts, UndeadEarth.Test, Version=1.0.0.0, Culture=neutral, PublicKeyToken=null" name="should_return_accumulated_money" />
    </UnitTest>
    <UnitTest name="should_return_if_user_has_not_killed_enough_zombies_for_next_level" storage="c:\projects\undeadearth\undeadearth.test\bin\debug\undeadearth.test.dll" id="35d7f681-d185-2e89-da65-ece3bc8e6e75">
      <Execution id="1ef66429-63eb-4ed5-84fb-c3c5089c64cc" />
      <TestMethod codeBase="C:/Projects/UndeadEarth/UndeadEarth.Test/bin/Debug/UndeadEarth.Test.DLL" adapterTypeName="Microsoft.VisualStudio.TestTools.TestTypes.Unit.UnitTestAdapter, Microsoft.VisualStudio.QualityTools.Tips.UnitTest.Adapter, Version=10.0.0.0, Culture=neutral, PublicKeyToken=b03f5f7f11d50a3a" className="UndeadEarth.Test.Model.when_servicing_user_level_and_attributes, UndeadEarth.Test, Version=1.0.0.0, Culture=neutral, PublicKeyToken=null" name="should_return_if_user_has_not_killed_enough_zombies_for_next_level" />
    </UnitTest>
    <UnitTest name="should_not_set_sight_radius_lower_than_the_minimum_sight_radius_for_user" storage="c:\projects\undeadearth\undeadearth.test\bin\debug\undeadearth.test.dll" id="00803d11-60d8-3003-79e6-d2290acd2110">
      <Execution id="15191d98-3aa8-4df4-8ec6-2bd4b28f87e1" />
      <TestMethod codeBase="C:/Projects/UndeadEarth/UndeadEarth.Test/bin/Debug/UndeadEarth.Test.DLL" adapterTypeName="Microsoft.VisualStudio.TestTools.TestTypes.Unit.UnitTestAdapter, Microsoft.VisualStudio.QualityTools.Tips.UnitTest.Adapter, Version=10.0.0.0, Culture=neutral, PublicKeyToken=b03f5f7f11d50a3a" className="UndeadEarth.Test.Model.when_using_items, UndeadEarth.Test, Version=1.0.0.0, Culture=neutral, PublicKeyToken=null" name="should_not_set_sight_radius_lower_than_the_minimum_sight_radius_for_user" />
    </UnitTest>
    <UnitTest name="should_return_if_user_does_not_exist" storage="c:\projects\undeadearth\undeadearth.test\bin\debug\undeadearth.test.dll" id="74c211d1-a8ea-e685-b3ae-006434becd54">
      <Execution id="26effa2b-6c3b-4651-afd3-ae3dd2040077" />
      <TestMethod codeBase="C:/Projects/UndeadEarth/UndeadEarth.Test/bin/Debug/UndeadEarth.Test.DLL" adapterTypeName="Microsoft.VisualStudio.TestTools.TestTypes.Unit.UnitTestAdapter, Microsoft.VisualStudio.QualityTools.Tips.UnitTest.Adapter, Version=10.0.0.0, Culture=neutral, PublicKeyToken=b03f5f7f11d50a3a" className="UndeadEarth.Test.Model.when_using_items, UndeadEarth.Test, Version=1.0.0.0, Culture=neutral, PublicKeyToken=null" name="should_return_if_user_does_not_exist" />
    </UnitTest>
    <UnitTest name="should_return_an_empty_progress_if_zombie_pack_doesnt_exist" storage="c:\projects\undeadearth\undeadearth.test\bin\debug\undeadearth.test.dll" id="ba89953e-a09d-28cf-6946-aa203e1b8fb8">
      <Execution id="de7dd2a0-cb64-42cc-9ad7-dfddab7904cc" />
      <TestMethod codeBase="C:/Projects/UndeadEarth/UndeadEarth.Test/bin/Debug/UndeadEarth.Test.DLL" adapterTypeName="Microsoft.VisualStudio.TestTools.TestTypes.Unit.UnitTestAdapter, Microsoft.VisualStudio.QualityTools.Tips.UnitTest.Adapter, Version=10.0.0.0, Culture=neutral, PublicKeyToken=b03f5f7f11d50a3a" className="UndeadEarth.Test.Model.when_determining_zombie_pack_progress, UndeadEarth.Test, Version=1.0.0.0, Culture=neutral, PublicKeyToken=null" name="should_return_an_empty_progress_if_zombie_pack_doesnt_exist" />
    </UnitTest>
    <UnitTest name="should_return_achievement_for_collecting_1000000_dollars" storage="c:\projects\undeadearth\undeadearth.test\bin\debug\undeadearth.test.dll" id="456f5311-d61b-5ef4-13ac-a1ceca766e06">
      <Execution id="e3ca0162-22f4-4541-bb7d-99048158b53d" />
      <TestMethod codeBase="C:/Projects/UndeadEarth/UndeadEarth.Test/bin/Debug/UndeadEarth.Test.DLL" adapterTypeName="Microsoft.VisualStudio.TestTools.TestTypes.Unit.UnitTestAdapter, Microsoft.VisualStudio.QualityTools.Tips.UnitTest.Adapter, Version=10.0.0.0, Culture=neutral, PublicKeyToken=b03f5f7f11d50a3a" className="UndeadEarth.Test.Model.when_retrieving_achievements, UndeadEarth.Test, Version=1.0.0.0, Culture=neutral, PublicKeyToken=null" name="should_return_achievement_for_collecting_1000000_dollars" />
    </UnitTest>
    <UnitTest name="should_return_null_for_last_saved_sight_radius_if_user_exists_but_sight_radius_is_null" storage="c:\projects\undeadearth\undeadearth.test\bin\debug\undeadearth.test.dll" id="027692e3-3856-06fd-bce6-644a6cf7eb82">
      <Execution id="bbdc5a56-8d42-4702-80d7-76b17f8802df" />
      <TestMethod codeBase="C:/Projects/UndeadEarth/UndeadEarth.Test/bin/Debug/UndeadEarth.Test.DLL" adapterTypeName="Microsoft.VisualStudio.TestTools.TestTypes.Unit.UnitTestAdapter, Microsoft.VisualStudio.QualityTools.Tips.UnitTest.Adapter, Version=10.0.0.0, Culture=neutral, PublicKeyToken=b03f5f7f11d50a3a" className="UndeadEarth.Test.Dal.when_retrieving_user_sight_radius, UndeadEarth.Test, Version=1.0.0.0, Culture=neutral, PublicKeyToken=null" name="should_return_null_for_last_saved_sight_radius_if_user_exists_but_sight_radius_is_null" />
    </UnitTest>
    <UnitTest name="should_update_baseline_attack_power_for_user" storage="c:\projects\undeadearth\undeadearth.test\bin\debug\undeadearth.test.dll" id="1f98f9e8-cb47-74ae-9470-dfe55c54483a">
      <Execution id="d900d9ec-7c7d-4842-932c-15b77853df16" />
      <TestMethod codeBase="C:/Projects/UndeadEarth/UndeadEarth.Test/bin/Debug/UndeadEarth.Test.DLL" adapterTypeName="Microsoft.VisualStudio.TestTools.TestTypes.Unit.UnitTestAdapter, Microsoft.VisualStudio.QualityTools.Tips.UnitTest.Adapter, Version=10.0.0.0, Culture=neutral, PublicKeyToken=b03f5f7f11d50a3a" className="UndeadEarth.Test.Dal.when_saving_user, UndeadEarth.Test, Version=1.0.0.0, Culture=neutral, PublicKeyToken=null" name="should_update_baseline_attack_power_for_user" />
    </UnitTest>
    <UnitTest name="should_record_money_earned_after_a_succesful_hunt" storage="c:\projects\undeadearth\undeadearth.test\bin\debug\undeadearth.test.dll" id="147b1cfd-fcbf-4ec1-a009-05f059879e52">
      <Execution id="19ab55ba-5874-4ba8-92bc-f97882abd17b" />
      <TestMethod codeBase="C:/Projects/UndeadEarth/UndeadEarth.Test/bin/Debug/UndeadEarth.Test.DLL" adapterTypeName="Microsoft.VisualStudio.TestTools.TestTypes.Unit.UnitTestAdapter, Microsoft.VisualStudio.QualityTools.Tips.UnitTest.Adapter, Version=10.0.0.0, Culture=neutral, PublicKeyToken=b03f5f7f11d50a3a" className="UndeadEarth.Test.Model.when_hunting_for_zombies, UndeadEarth.Test, Version=1.0.0.0, Culture=neutral, PublicKeyToken=null" name="should_record_money_earned_after_a_succesful_hunt" />
    </UnitTest>
    <UnitTest name="should_disregard_hunt_if_zombie_pack_does_not_have_any_zombies" storage="c:\projects\undeadearth\undeadearth.test\bin\debug\undeadearth.test.dll" id="6fc1d911-2aa7-09d2-3f37-8e698e0a0e1a">
      <Execution id="00d01dc6-5fa3-4fde-b350-3e13f9528787" />
      <TestMethod codeBase="C:/Projects/UndeadEarth/UndeadEarth.Test/bin/Debug/UndeadEarth.Test.DLL" adapterTypeName="Microsoft.VisualStudio.TestTools.TestTypes.Unit.UnitTestAdapter, Microsoft.VisualStudio.QualityTools.Tips.UnitTest.Adapter, Version=10.0.0.0, Culture=neutral, PublicKeyToken=b03f5f7f11d50a3a" className="UndeadEarth.Test.Model.when_hunting_for_zombies, UndeadEarth.Test, Version=1.0.0.0, Culture=neutral, PublicKeyToken=null" name="should_disregard_hunt_if_zombie_pack_does_not_have_any_zombies" />
    </UnitTest>
    <UnitTest name="should_set_sight_radius_to_5_for_user_who_exists_but_does_not_have_a_base_sight_radius_value" storage="c:\projects\undeadearth\undeadearth.test\bin\debug\undeadearth.test.dll" id="cf462ec4-8531-1e43-07c6-e34f96bb70c0">
      <Execution id="cc55053d-ac2a-4b00-981f-22777fbb45dc" />
      <TestMethod codeBase="C:/Projects/UndeadEarth/UndeadEarth.Test/bin/Debug/UndeadEarth.Test.DLL" adapterTypeName="Microsoft.VisualStudio.TestTools.TestTypes.Unit.UnitTestAdapter, Microsoft.VisualStudio.QualityTools.Tips.UnitTest.Adapter, Version=10.0.0.0, Culture=neutral, PublicKeyToken=b03f5f7f11d50a3a" className="UndeadEarth.Test.Model.when_determining_users_current_sight_radius, UndeadEarth.Test, Version=1.0.0.0, Culture=neutral, PublicKeyToken=null" name="should_set_sight_radius_to_5_for_user_who_exists_but_does_not_have_a_base_sight_radius_value" />
    </UnitTest>
    <UnitTest name="should_change_users_sight_radius_if_item_has_a_distance_attribute_not_equal_to_zero" storage="c:\projects\undeadearth\undeadearth.test\bin\debug\undeadearth.test.dll" id="bb62f7f6-95bc-c16c-f91c-8661bb447531">
      <Execution id="cb9d469a-a2ed-4e2d-8a4e-b44a007b3606" />
      <TestMethod codeBase="C:/Projects/UndeadEarth/UndeadEarth.Test/bin/Debug/UndeadEarth.Test.DLL" adapterTypeName="Microsoft.VisualStudio.TestTools.TestTypes.Unit.UnitTestAdapter, Microsoft.VisualStudio.QualityTools.Tips.UnitTest.Adapter, Version=10.0.0.0, Culture=neutral, PublicKeyToken=b03f5f7f11d50a3a" className="UndeadEarth.Test.Model.when_using_items, UndeadEarth.Test, Version=1.0.0.0, Culture=neutral, PublicKeyToken=null" name="should_change_users_sight_radius_if_item_has_a_distance_attribute_not_equal_to_zero" />
    </UnitTest>
    <UnitTest name="should_throw_error_if_facebook_user_id_is_0_user_exists_is_attempted" storage="c:\projects\undeadearth\undeadearth.test\bin\debug\undeadearth.test.dll" id="20c7eedc-a25f-bd99-048a-d0191e8444d6">
      <Execution id="f541eda8-07f7-4ba7-bb18-1c10ed385f8c" />
      <TestMethod codeBase="C:/Projects/UndeadEarth/UndeadEarth.Test/bin/Debug/UndeadEarth.Test.DLL" adapterTypeName="Microsoft.VisualStudio.TestTools.TestTypes.Unit.UnitTestAdapter, Microsoft.VisualStudio.QualityTools.Tips.UnitTest.Adapter, Version=10.0.0.0, Culture=neutral, PublicKeyToken=b03f5f7f11d50a3a" className="UndeadEarth.Test.Dal.when_retrieving_user, UndeadEarth.Test, Version=1.0.0.0, Culture=neutral, PublicKeyToken=null" name="should_throw_error_if_facebook_user_id_is_0_user_exists_is_attempted" />
    </UnitTest>
    <UnitTest name="should_save_user_item_in_safe_house" storage="c:\projects\undeadearth\undeadearth.test\bin\debug\undeadearth.test.dll" id="f9c3b8d4-44eb-d441-d7b4-5980f2089bf1">
      <Execution id="e595fe6e-881f-489a-ab68-f9856f1b75fa" />
      <TestMethod codeBase="C:/Projects/UndeadEarth/UndeadEarth.Test/bin/Debug/UndeadEarth.Test.DLL" adapterTypeName="Microsoft.VisualStudio.TestTools.TestTypes.Unit.UnitTestAdapter, Microsoft.VisualStudio.QualityTools.Tips.UnitTest.Adapter, Version=10.0.0.0, Culture=neutral, PublicKeyToken=b03f5f7f11d50a3a" className="UndeadEarth.Test.Dal.when_retrieving_items, UndeadEarth.Test, Version=1.0.0.0, Culture=neutral, PublicKeyToken=null" name="should_save_user_item_in_safe_house" />
    </UnitTest>
    <UnitTest name="should_disregard_if_safe_house_does_not_have_item" storage="c:\projects\undeadearth\undeadearth.test\bin\debug\undeadearth.test.dll" id="8522a95f-e160-dcf6-186a-2eac6493fad8">
      <Execution id="14c53f84-b6f5-43b1-adca-e25a095a8059" />
      <TestMethod codeBase="C:/Projects/UndeadEarth/UndeadEarth.Test/bin/Debug/UndeadEarth.Test.DLL" adapterTypeName="Microsoft.VisualStudio.TestTools.TestTypes.Unit.UnitTestAdapter, Microsoft.VisualStudio.QualityTools.Tips.UnitTest.Adapter, Version=10.0.0.0, Culture=neutral, PublicKeyToken=b03f5f7f11d50a3a" className="UndeadEarth.Test.Model.when_transferring_items_from_safe_house_to_user, UndeadEarth.Test, Version=1.0.0.0, Culture=neutral, PublicKeyToken=null" name="should_disregard_if_safe_house_does_not_have_item" />
    </UnitTest>
    <UnitTest name="should_set_last_energy_date_to_datetimenow_if_its_null_but_last_energy_isnt" storage="c:\projects\undeadearth\undeadearth.test\bin\debug\undeadearth.test.dll" id="99355754-b969-f315-3b5a-88e1622f783a">
      <Execution id="33eca3b2-c12f-43ec-9870-edf60c0cb095" />
      <TestMethod codeBase="C:/Projects/UndeadEarth/UndeadEarth.Test/bin/Debug/UndeadEarth.Test.DLL" adapterTypeName="Microsoft.VisualStudio.TestTools.TestTypes.Unit.UnitTestAdapter, Microsoft.VisualStudio.QualityTools.Tips.UnitTest.Adapter, Version=10.0.0.0, Culture=neutral, PublicKeyToken=b03f5f7f11d50a3a" className="UndeadEarth.Test.Dal.when_retrieving_user_energy, UndeadEarth.Test, Version=1.0.0.0, Culture=neutral, PublicKeyToken=null" name="should_set_last_energy_date_to_datetimenow_if_its_null_but_last_energy_isnt" />
    </UnitTest>
    <UnitTest name="should_throw_error_for_saving_mas_energy_if_user_does_not_exist" storage="c:\projects\undeadearth\undeadearth.test\bin\debug\undeadearth.test.dll" id="3e4c555c-eb52-8e6a-77bb-fba4f57ae14d">
      <Execution id="948cdd69-ce5a-4c29-9e5e-1b032101984d" />
      <TestMethod codeBase="C:/Projects/UndeadEarth/UndeadEarth.Test/bin/Debug/UndeadEarth.Test.DLL" adapterTypeName="Microsoft.VisualStudio.TestTools.TestTypes.Unit.UnitTestAdapter, Microsoft.VisualStudio.QualityTools.Tips.UnitTest.Adapter, Version=10.0.0.0, Culture=neutral, PublicKeyToken=b03f5f7f11d50a3a" className="UndeadEarth.Test.Dal.Utility.when_saving_user_energy, UndeadEarth.Test, Version=1.0.0.0, Culture=neutral, PublicKeyToken=null" name="should_throw_error_for_saving_mas_energy_if_user_does_not_exist" />
    </UnitTest>
    <UnitTest name="should_return_base_energy_if_user_does_not_have_any_money_and_no_items_in_safehouse" storage="c:\projects\undeadearth\undeadearth.test\bin\debug\undeadearth.test.dll" id="1176458c-eb17-c2d6-8c27-e75b41695c1a">
      <Execution id="a3dffef6-b469-4bea-9fec-fceb90e17486" />
      <TestMethod codeBase="C:/Projects/UndeadEarth/UndeadEarth.Test/bin/Debug/UndeadEarth.Test.DLL" adapterTypeName="Microsoft.VisualStudio.TestTools.TestTypes.Unit.UnitTestAdapter, Microsoft.VisualStudio.QualityTools.Tips.UnitTest.Adapter, Version=10.0.0.0, Culture=neutral, PublicKeyToken=b03f5f7f11d50a3a" className="UndeadEarth.Test.Model.when_determining_users_max_potential_energy, UndeadEarth.Test, Version=1.0.0.0, Culture=neutral, PublicKeyToken=null" name="should_return_base_energy_if_user_does_not_have_any_money_and_no_items_in_safehouse" />
    </UnitTest>
    <UnitTest name="should_return_energy_along_with_any_energy_increase_from_buying_item_with_no_items_in_safehouse" storage="c:\projects\undeadearth\undeadearth.test\bin\debug\undeadearth.test.dll" id="6f612bd1-261c-e125-ca8e-f3d31afd386b">
      <Execution id="3a2dedab-3429-403f-abee-5138df9ba183" />
      <TestMethod codeBase="C:/Projects/UndeadEarth/UndeadEarth.Test/bin/Debug/UndeadEarth.Test.DLL" adapterTypeName="Microsoft.VisualStudio.TestTools.TestTypes.Unit.UnitTestAdapter, Microsoft.VisualStudio.QualityTools.Tips.UnitTest.Adapter, Version=10.0.0.0, Culture=neutral, PublicKeyToken=b03f5f7f11d50a3a" className="UndeadEarth.Test.Model.when_determining_users_max_potential_energy, UndeadEarth.Test, Version=1.0.0.0, Culture=neutral, PublicKeyToken=null" name="should_return_energy_along_with_any_energy_increase_from_buying_item_with_no_items_in_safehouse" />
    </UnitTest>
    <UnitTest name="should_retrieve_all_safe_houses_within_radius" storage="c:\projects\undeadearth\undeadearth.test\bin\debug\undeadearth.test.dll" id="948eaf49-3d62-1046-def5-d76ed8415a60">
      <Execution id="728d8f84-9a64-4e55-a980-d8c326835ecf" />
      <TestMethod codeBase="C:/Projects/UndeadEarth/UndeadEarth.Test/bin/Debug/UndeadEarth.Test.DLL" adapterTypeName="Microsoft.VisualStudio.TestTools.TestTypes.Unit.UnitTestAdapter, Microsoft.VisualStudio.QualityTools.Tips.UnitTest.Adapter, Version=10.0.0.0, Culture=neutral, PublicKeyToken=b03f5f7f11d50a3a" className="UndeadEarth.Test.Dal.when_retrieving_safe_houses, UndeadEarth.Test, Version=1.0.0.0, Culture=neutral, PublicKeyToken=null" name="should_retrieve_all_safe_houses_within_radius" />
    </UnitTest>
    <UnitTest name="should_return_true_if_hotzone_exists" storage="c:\projects\undeadearth\undeadearth.test\bin\debug\undeadearth.test.dll" id="986c501e-f914-4dd0-53c3-b0c1bdfdf5be">
      <Execution id="9de80ae4-c881-4f35-8f51-f03d43b5abaf" />
      <TestMethod codeBase="C:/Projects/UndeadEarth/UndeadEarth.Test/bin/Debug/UndeadEarth.Test.DLL" adapterTypeName="Microsoft.VisualStudio.TestTools.TestTypes.Unit.UnitTestAdapter, Microsoft.VisualStudio.QualityTools.Tips.UnitTest.Adapter, Version=10.0.0.0, Culture=neutral, PublicKeyToken=b03f5f7f11d50a3a" className="UndeadEarth.Test.Dal.when_retrieving_hot_zones, UndeadEarth.Test, Version=1.0.0.0, Culture=neutral, PublicKeyToken=null" name="should_return_true_if_hotzone_exists" />
    </UnitTest>
    <UnitTest name="should_return_all_zombie_packs_assocaited_with_hotzone" storage="c:\projects\undeadearth\undeadearth.test\bin\debug\undeadearth.test.dll" id="03a8dd14-ba0a-c947-44ec-1c0c4c677ff9">
      <Execution id="dcaf4610-263a-4c40-bfe5-4a1cff318a8e" />
      <TestMethod codeBase="C:/Projects/UndeadEarth/UndeadEarth.Test/bin/Debug/UndeadEarth.Test.DLL" adapterTypeName="Microsoft.VisualStudio.TestTools.TestTypes.Unit.UnitTestAdapter, Microsoft.VisualStudio.QualityTools.Tips.UnitTest.Adapter, Version=10.0.0.0, Culture=neutral, PublicKeyToken=b03f5f7f11d50a3a" className="UndeadEarth.Test.Dal.when_retrieving_zombie_packs, UndeadEarth.Test, Version=1.0.0.0, Culture=neutral, PublicKeyToken=null" name="should_return_all_zombie_packs_assocaited_with_hotzone" />
    </UnitTest>
    <UnitTest name="should_record_zombiepack_destoryed_if_zombiepack_cleared" storage="c:\projects\undeadearth\undeadearth.test\bin\debug\undeadearth.test.dll" id="e4615602-9641-d148-59c9-84c9addeee4f">
      <Execution id="19a09523-a7fd-4df5-8aaa-1123295c48b0" />
      <TestMethod codeBase="C:/Projects/UndeadEarth/UndeadEarth.Test/bin/Debug/UndeadEarth.Test.DLL" adapterTypeName="Microsoft.VisualStudio.TestTools.TestTypes.Unit.UnitTestAdapter, Microsoft.VisualStudio.QualityTools.Tips.UnitTest.Adapter, Version=10.0.0.0, Culture=neutral, PublicKeyToken=b03f5f7f11d50a3a" className="UndeadEarth.Test.Model.when_hunting_for_zombies, UndeadEarth.Test, Version=1.0.0.0, Culture=neutral, PublicKeyToken=null" name="should_record_zombiepack_destoryed_if_zombiepack_cleared" />
    </UnitTest>
    <UnitTest name="should_update_users_energy_if_user_can_hunt" storage="c:\projects\undeadearth\undeadearth.test\bin\debug\undeadearth.test.dll" id="6d50870f-a5f5-48df-fa3a-fd929ac4d6d9">
      <Execution id="e9624a92-0f4c-448d-9920-994afed9e315" />
      <TestMethod codeBase="C:/Projects/UndeadEarth/UndeadEarth.Test/bin/Debug/UndeadEarth.Test.DLL" adapterTypeName="Microsoft.VisualStudio.TestTools.TestTypes.Unit.UnitTestAdapter, Microsoft.VisualStudio.QualityTools.Tips.UnitTest.Adapter, Version=10.0.0.0, Culture=neutral, PublicKeyToken=b03f5f7f11d50a3a" className="UndeadEarth.Test.Model.when_hunting_for_zombies, UndeadEarth.Test, Version=1.0.0.0, Culture=neutral, PublicKeyToken=null" name="should_update_users_energy_if_user_can_hunt" />
    </UnitTest>
    <UnitTest name="should_disregard_if_item_does_not_exist" storage="c:\projects\undeadearth\undeadearth.test\bin\debug\undeadearth.test.dll" id="c55622f2-a19b-2b7c-fbf0-3bcc9fa792bb">
      <Execution id="1dbfe1bc-9010-4b96-b910-589a2ed9305f" />
      <TestMethod codeBase="C:/Projects/UndeadEarth/UndeadEarth.Test/bin/Debug/UndeadEarth.Test.DLL" adapterTypeName="Microsoft.VisualStudio.TestTools.TestTypes.Unit.UnitTestAdapter, Microsoft.VisualStudio.QualityTools.Tips.UnitTest.Adapter, Version=10.0.0.0, Culture=neutral, PublicKeyToken=b03f5f7f11d50a3a" className="UndeadEarth.Test.Model.when_transferring_items_from_user_to_safe_house, UndeadEarth.Test, Version=1.0.0.0, Culture=neutral, PublicKeyToken=null" name="should_disregard_if_item_does_not_exist" />
    </UnitTest>
    <UnitTest name="should_return_true_if_safe_house_exists" storage="c:\projects\undeadearth\undeadearth.test\bin\debug\undeadearth.test.dll" id="4c87210c-f927-e260-2776-9399fcbfbd1c">
      <Execution id="0bc7a6bc-e208-476d-8d0c-6c288dc25a30" />
      <TestMethod codeBase="C:/Projects/UndeadEarth/UndeadEarth.Test/bin/Debug/UndeadEarth.Test.DLL" adapterTypeName="Microsoft.VisualStudio.TestTools.TestTypes.Unit.UnitTestAdapter, Microsoft.VisualStudio.QualityTools.Tips.UnitTest.Adapter, Version=10.0.0.0, Culture=neutral, PublicKeyToken=b03f5f7f11d50a3a" className="UndeadEarth.Test.Dal.when_retrieving_safe_houses, UndeadEarth.Test, Version=1.0.0.0, Culture=neutral, PublicKeyToken=null" name="should_return_true_if_safe_house_exists" />
    </UnitTest>
    <UnitTest name="should_return_false_if_facebook_user_doesnt_exist" storage="c:\projects\undeadearth\undeadearth.test\bin\debug\undeadearth.test.dll" id="b3e73d9f-e8d5-d40e-f226-223e65b83b5c">
      <Execution id="3bf71885-9294-4d92-88ad-ea38d9c50b2d" />
      <TestMethod codeBase="C:/Projects/UndeadEarth/UndeadEarth.Test/bin/Debug/UndeadEarth.Test.DLL" adapterTypeName="Microsoft.VisualStudio.TestTools.TestTypes.Unit.UnitTestAdapter, Microsoft.VisualStudio.QualityTools.Tips.UnitTest.Adapter, Version=10.0.0.0, Culture=neutral, PublicKeyToken=b03f5f7f11d50a3a" className="UndeadEarth.Test.Dal.when_retrieving_user, UndeadEarth.Test, Version=1.0.0.0, Culture=neutral, PublicKeyToken=null" name="should_return_false_if_facebook_user_doesnt_exist" />
    </UnitTest>
    <UnitTest name="should_return_a_hunt_count_of_5_to_8_if_resolved_as_an_easy_hotzone" storage="c:\projects\undeadearth\undeadearth.test\bin\debug\undeadearth.test.dll" id="00142389-87b0-3d28-5cfb-700928afa29a">
      <Execution id="6a06d811-4bed-415f-8d57-cd79c3ebf44b" />
      <TestMethod codeBase="C:/Projects/UndeadEarth/UndeadEarth.Test/bin/Debug/UndeadEarth.Test.DLL" adapterTypeName="Microsoft.VisualStudio.TestTools.TestTypes.Unit.UnitTestAdapter, Microsoft.VisualStudio.QualityTools.Tips.UnitTest.Adapter, Version=10.0.0.0, Culture=neutral, PublicKeyToken=b03f5f7f11d50a3a" className="UndeadEarth.Test.Model.when_determining_zombie_pack_progress, UndeadEarth.Test, Version=1.0.0.0, Culture=neutral, PublicKeyToken=null" name="should_return_a_hunt_count_of_5_to_8_if_resolved_as_an_easy_hotzone" />
    </UnitTest>
    <UnitTest name="should_throw_error_if_user_does_not_exist" storage="c:\projects\undeadearth\undeadearth.test\bin\debug\undeadearth.test.dll" id="65c104b2-1ff7-266c-33d4-c2e6789ce0d4">
      <Execution id="e174e58f-6803-47a8-8b89-9bcb5bf9bdc3" />
      <TestMethod codeBase="C:/Projects/UndeadEarth/UndeadEarth.Test/bin/Debug/UndeadEarth.Test.DLL" adapterTypeName="Microsoft.VisualStudio.TestTools.TestTypes.Unit.UnitTestAdapter, Microsoft.VisualStudio.QualityTools.Tips.UnitTest.Adapter, Version=10.0.0.0, Culture=neutral, PublicKeyToken=b03f5f7f11d50a3a" className="UndeadEarth.Test.Model.when_servicing_user_level_and_attributes, UndeadEarth.Test, Version=1.0.0.0, Culture=neutral, PublicKeyToken=null" name="should_throw_error_if_user_does_not_exist" />
    </UnitTest>
    <UnitTest name="should_return_base_sight_radius_plus_any_equiped_items_that_affect_sight_radius" storage="c:\projects\undeadearth\undeadearth.test\bin\debug\undeadearth.test.dll" id="9091ae17-a6a8-ad22-153b-b3d1f20f3512">
      <Execution id="abb1a4f6-452c-4869-bcc5-b21de11217eb" />
      <TestMethod codeBase="C:/Projects/UndeadEarth/UndeadEarth.Test/bin/Debug/UndeadEarth.Test.DLL" adapterTypeName="Microsoft.VisualStudio.TestTools.TestTypes.Unit.UnitTestAdapter, Microsoft.VisualStudio.QualityTools.Tips.UnitTest.Adapter, Version=10.0.0.0, Culture=neutral, PublicKeyToken=b03f5f7f11d50a3a" className="UndeadEarth.Test.Model.when_determining_users_min_sight_radius, UndeadEarth.Test, Version=1.0.0.0, Culture=neutral, PublicKeyToken=null" name="should_return_base_sight_radius_plus_any_equiped_items_that_affect_sight_radius" />
    </UnitTest>
    <UnitTest name="should_calculate_eastern_point" storage="c:\projects\undeadearth\undeadearth.test\bin\debug\undeadearth.test.dll" id="e2e442ef-e02c-6299-5fbd-dd49fb1d3672">
      <Execution id="1a91e9c7-d9c7-4406-a554-2c87537f3d3b" />
      <TestMethod codeBase="C:/Projects/UndeadEarth/UndeadEarth.Test/bin/Debug/UndeadEarth.Test.DLL" adapterTypeName="Microsoft.VisualStudio.TestTools.TestTypes.Unit.UnitTestAdapter, Microsoft.VisualStudio.QualityTools.Tips.UnitTest.Adapter, Version=10.0.0.0, Culture=neutral, PublicKeyToken=b03f5f7f11d50a3a" className="UndeadEarth.Test.Model.when_calculating_distance, UndeadEarth.Test, Version=1.0.0.0, Culture=neutral, PublicKeyToken=null" name="should_calculate_eastern_point" />
    </UnitTest>
    <UnitTest name="should_return_min_sight_radius_for_user_if_user_exists_but_last_saved_sight_radius_does_not_exist" storage="c:\projects\undeadearth\undeadearth.test\bin\debug\undeadearth.test.dll" id="321c5a91-a83b-02fd-e40b-ce47e7f12083">
      <Execution id="c31588df-aed6-4291-a10f-09a008ffb1b9" />
      <TestMethod codeBase="C:/Projects/UndeadEarth/UndeadEarth.Test/bin/Debug/UndeadEarth.Test.DLL" adapterTypeName="Microsoft.VisualStudio.TestTools.TestTypes.Unit.UnitTestAdapter, Microsoft.VisualStudio.QualityTools.Tips.UnitTest.Adapter, Version=10.0.0.0, Culture=neutral, PublicKeyToken=b03f5f7f11d50a3a" className="UndeadEarth.Test.Model.when_determining_users_current_sight_radius, UndeadEarth.Test, Version=1.0.0.0, Culture=neutral, PublicKeyToken=null" name="should_return_min_sight_radius_for_user_if_user_exists_but_last_saved_sight_radius_does_not_exist" />
    </UnitTest>
    <UnitTest name="should_return_achievement_for_collecting_1000_dollars" storage="c:\projects\undeadearth\undeadearth.test\bin\debug\undeadearth.test.dll" id="537a2b77-3b56-7fda-5cef-ce5b7fef8e47">
      <Execution id="48d71b4a-939b-440f-be95-4d7dcf081399" />
      <TestMethod codeBase="C:/Projects/UndeadEarth/UndeadEarth.Test/bin/Debug/UndeadEarth.Test.DLL" adapterTypeName="Microsoft.VisualStudio.TestTools.TestTypes.Unit.UnitTestAdapter, Microsoft.VisualStudio.QualityTools.Tips.UnitTest.Adapter, Version=10.0.0.0, Culture=neutral, PublicKeyToken=b03f5f7f11d50a3a" className="UndeadEarth.Test.Model.when_retrieving_achievements, UndeadEarth.Test, Version=1.0.0.0, Culture=neutral, PublicKeyToken=null" name="should_return_achievement_for_collecting_1000_dollars" />
    </UnitTest>
    <UnitTest name="should_disregard_safehouse_items_that_are_one_use" storage="c:\projects\undeadearth\undeadearth.test\bin\debug\undeadearth.test.dll" id="c2fceb1f-5078-88e7-1674-00e75ecef9dd">
      <Execution id="1f03d997-cfea-4023-9359-a6262d7419af" />
      <TestMethod codeBase="C:/Projects/UndeadEarth/UndeadEarth.Test/bin/Debug/UndeadEarth.Test.DLL" adapterTypeName="Microsoft.VisualStudio.TestTools.TestTypes.Unit.UnitTestAdapter, Microsoft.VisualStudio.QualityTools.Tips.UnitTest.Adapter, Version=10.0.0.0, Culture=neutral, PublicKeyToken=b03f5f7f11d50a3a" className="UndeadEarth.Test.Model.when_determining_users_max_potential_energy, UndeadEarth.Test, Version=1.0.0.0, Culture=neutral, PublicKeyToken=null" name="should_disregard_safehouse_items_that_are_one_use" />
    </UnitTest>
    <UnitTest name="should_return_true_if_facebook_user_exists" storage="c:\projects\undeadearth\undeadearth.test\bin\debug\undeadearth.test.dll" id="399d3773-04b9-f157-2193-2a81aa17c4e4">
      <Execution id="0c394aac-f47e-4cc4-848b-1e7d162b78fa" />
      <TestMethod codeBase="C:/Projects/UndeadEarth/UndeadEarth.Test/bin/Debug/UndeadEarth.Test.DLL" adapterTypeName="Microsoft.VisualStudio.TestTools.TestTypes.Unit.UnitTestAdapter, Microsoft.VisualStudio.QualityTools.Tips.UnitTest.Adapter, Version=10.0.0.0, Culture=neutral, PublicKeyToken=b03f5f7f11d50a3a" className="UndeadEarth.Test.Dal.when_retrieving_user, UndeadEarth.Test, Version=1.0.0.0, Culture=neutral, PublicKeyToken=null" name="should_return_true_if_facebook_user_exists" />
    </UnitTest>
    <UnitTest name="should_return_achievement_for_killing_10000_zombies" storage="c:\projects\undeadearth\undeadearth.test\bin\debug\undeadearth.test.dll" id="95c19639-802d-b1a1-d6b5-8e055a02797d">
      <Execution id="1c2bc81e-7b7f-435e-8b69-02ff731446a6" />
      <TestMethod codeBase="C:/Projects/UndeadEarth/UndeadEarth.Test/bin/Debug/UndeadEarth.Test.DLL" adapterTypeName="Microsoft.VisualStudio.TestTools.TestTypes.Unit.UnitTestAdapter, Microsoft.VisualStudio.QualityTools.Tips.UnitTest.Adapter, Version=10.0.0.0, Culture=neutral, PublicKeyToken=b03f5f7f11d50a3a" className="UndeadEarth.Test.Model.when_retrieving_achievements, UndeadEarth.Test, Version=1.0.0.0, Culture=neutral, PublicKeyToken=null" name="should_return_achievement_for_killing_10000_zombies" />
    </UnitTest>
    <UnitTest name="should_return_hotzones_that_are_marked_as_starting_hotzones" storage="c:\projects\undeadearth\undeadearth.test\bin\debug\undeadearth.test.dll" id="5e0523e6-700c-d803-6a13-76f99c5ecb12">
      <Execution id="73a36a56-e43a-44ba-94ea-b2cc8f7fca35" />
      <TestMethod codeBase="C:/Projects/UndeadEarth/UndeadEarth.Test/bin/Debug/UndeadEarth.Test.DLL" adapterTypeName="Microsoft.VisualStudio.TestTools.TestTypes.Unit.UnitTestAdapter, Microsoft.VisualStudio.QualityTools.Tips.UnitTest.Adapter, Version=10.0.0.0, Culture=neutral, PublicKeyToken=b03f5f7f11d50a3a" className="UndeadEarth.Test.Dal.when_retrieving_hot_zones, UndeadEarth.Test, Version=1.0.0.0, Culture=neutral, PublicKeyToken=null" name="should_return_hotzones_that_are_marked_as_starting_hotzones" />
    </UnitTest>
    <UnitTest name="should_return_max_energy_for_user_if_user_exists_but_last_saved_energy_does_not_exist" storage="c:\projects\undeadearth\undeadearth.test\bin\debug\undeadearth.test.dll" id="7b96fc08-5095-7079-15b5-f39e447dbf49">
      <Execution id="66554e96-9f62-4fd3-b384-355f84f4bea7" />
      <TestMethod codeBase="C:/Projects/UndeadEarth/UndeadEarth.Test/bin/Debug/UndeadEarth.Test.DLL" adapterTypeName="Microsoft.VisualStudio.TestTools.TestTypes.Unit.UnitTestAdapter, Microsoft.VisualStudio.QualityTools.Tips.UnitTest.Adapter, Version=10.0.0.0, Culture=neutral, PublicKeyToken=b03f5f7f11d50a3a" className="UndeadEarth.Test.Model.when_determining_users_current_energy, UndeadEarth.Test, Version=1.0.0.0, Culture=neutral, PublicKeyToken=null" name="should_return_max_energy_for_user_if_user_exists_but_last_saved_energy_does_not_exist" />
    </UnitTest>
    <UnitTest name="should_disregard_if_item_does_not_exist" storage="c:\projects\undeadearth\undeadearth.test\bin\debug\undeadearth.test.dll" id="08042b30-bcf9-bd89-006e-14ec4c40ac45">
      <Execution id="d829e97a-9545-430b-a068-c5a264d441be" />
      <TestMethod codeBase="C:/Projects/UndeadEarth/UndeadEarth.Test/bin/Debug/UndeadEarth.Test.DLL" adapterTypeName="Microsoft.VisualStudio.TestTools.TestTypes.Unit.UnitTestAdapter, Microsoft.VisualStudio.QualityTools.Tips.UnitTest.Adapter, Version=10.0.0.0, Culture=neutral, PublicKeyToken=b03f5f7f11d50a3a" className="UndeadEarth.Test.Model.when_buying_items_from_shop, UndeadEarth.Test, Version=1.0.0.0, Culture=neutral, PublicKeyToken=null" name="should_disregard_if_item_does_not_exist" />
    </UnitTest>
    <UnitTest name="should_return_energy_based_on_items_in_safehouse_with_user_not_having_any_money" storage="c:\projects\undeadearth\undeadearth.test\bin\debug\undeadearth.test.dll" id="0c8abc46-7ae3-a530-a75d-2f31cb9a36fc">
      <Execution id="8ec8c493-445a-4016-8f92-1aa2b89e9753" />
      <TestMethod codeBase="C:/Projects/UndeadEarth/UndeadEarth.Test/bin/Debug/UndeadEarth.Test.DLL" adapterTypeName="Microsoft.VisualStudio.TestTools.TestTypes.Unit.UnitTestAdapter, Microsoft.VisualStudio.QualityTools.Tips.UnitTest.Adapter, Version=10.0.0.0, Culture=neutral, PublicKeyToken=b03f5f7f11d50a3a" className="UndeadEarth.Test.Model.when_determining_users_max_potential_energy, UndeadEarth.Test, Version=1.0.0.0, Culture=neutral, PublicKeyToken=null" name="should_return_energy_based_on_items_in_safehouse_with_user_not_having_any_money" />
    </UnitTest>
    <UnitTest name="should_return_attack_power_along_with_any_attack_power_increase_from_buying_many_of_the_same_item_with_no_items_in_safehouse" storage="c:\projects\undeadearth\undeadearth.test\bin\debug\undeadearth.test.dll" id="2bb944ea-67c4-2ec5-7a6c-8e36c6922cdf">
      <Execution id="4c1712de-0944-4147-bddd-c2eb0cbf7a84" />
      <TestMethod codeBase="C:/Projects/UndeadEarth/UndeadEarth.Test/bin/Debug/UndeadEarth.Test.DLL" adapterTypeName="Microsoft.VisualStudio.TestTools.TestTypes.Unit.UnitTestAdapter, Microsoft.VisualStudio.QualityTools.Tips.UnitTest.Adapter, Version=10.0.0.0, Culture=neutral, PublicKeyToken=b03f5f7f11d50a3a" className="UndeadEarth.Test.Model.when_determining_users_max_potential_attack_power, UndeadEarth.Test, Version=1.0.0.0, Culture=neutral, PublicKeyToken=null" name="should_return_attack_power_along_with_any_attack_power_increase_from_buying_many_of_the_same_item_with_no_items_in_safehouse" />
    </UnitTest>
    <UnitTest name="should_update_users_base_energy" storage="c:\projects\undeadearth\undeadearth.test\bin\debug\undeadearth.test.dll" id="ef0ae882-4dcb-0302-71db-13ab90020039">
      <Execution id="1feadd32-f7fe-4876-a418-bc3137232c71" />
      <TestMethod codeBase="C:/Projects/UndeadEarth/UndeadEarth.Test/bin/Debug/UndeadEarth.Test.DLL" adapterTypeName="Microsoft.VisualStudio.TestTools.TestTypes.Unit.UnitTestAdapter, Microsoft.VisualStudio.QualityTools.Tips.UnitTest.Adapter, Version=10.0.0.0, Culture=neutral, PublicKeyToken=b03f5f7f11d50a3a" className="UndeadEarth.Test.Dal.when_saving_user, UndeadEarth.Test, Version=1.0.0.0, Culture=neutral, PublicKeyToken=null" name="should_update_users_base_energy" />
    </UnitTest>
    <UnitTest name="should_retrieve_safe_house_item_id" storage="c:\projects\undeadearth\undeadearth.test\bin\debug\undeadearth.test.dll" id="d6a3e7bf-2e31-3f07-2490-3e67884ebb4a">
      <Execution id="e5774142-d2ca-4d27-833d-15c2734448fb" />
      <TestMethod codeBase="C:/Projects/UndeadEarth/UndeadEarth.Test/bin/Debug/UndeadEarth.Test.DLL" adapterTypeName="Microsoft.VisualStudio.TestTools.TestTypes.Unit.UnitTestAdapter, Microsoft.VisualStudio.QualityTools.Tips.UnitTest.Adapter, Version=10.0.0.0, Culture=neutral, PublicKeyToken=b03f5f7f11d50a3a" className="UndeadEarth.Test.Dal.when_retrieving_safe_houses, UndeadEarth.Test, Version=1.0.0.0, Culture=neutral, PublicKeyToken=null" name="should_retrieve_safe_house_item_id" />
    </UnitTest>
    <UnitTest name="should_disregard_if_user_does_not_exist" storage="c:\projects\undeadearth\undeadearth.test\bin\debug\undeadearth.test.dll" id="7d282b5a-4c68-651b-2ed3-0d406222883a">
      <Execution id="8e521e8d-2634-4e38-a9e4-90c03953a1f4" />
      <TestMethod codeBase="C:/Projects/UndeadEarth/UndeadEarth.Test/bin/Debug/UndeadEarth.Test.DLL" adapterTypeName="Microsoft.VisualStudio.TestTools.TestTypes.Unit.UnitTestAdapter, Microsoft.VisualStudio.QualityTools.Tips.UnitTest.Adapter, Version=10.0.0.0, Culture=neutral, PublicKeyToken=b03f5f7f11d50a3a" className="UndeadEarth.Test.Model.when_buying_items_from_shop, UndeadEarth.Test, Version=1.0.0.0, Culture=neutral, PublicKeyToken=null" name="should_disregard_if_user_does_not_exist" />
    </UnitTest>
    <UnitTest name="should_return_a_hunt_count_of_20_to_30_if_resolved_as_an_medium_hotzone" storage="c:\projects\undeadearth\undeadearth.test\bin\debug\undeadearth.test.dll" id="369fc750-bfe7-36a0-13ca-f53d742d9647">
      <Execution id="3351bdcc-8857-435d-b238-41a337568232" />
      <TestMethod codeBase="C:/Projects/UndeadEarth/UndeadEarth.Test/bin/Debug/UndeadEarth.Test.DLL" adapterTypeName="Microsoft.VisualStudio.TestTools.TestTypes.Unit.UnitTestAdapter, Microsoft.VisualStudio.QualityTools.Tips.UnitTest.Adapter, Version=10.0.0.0, Culture=neutral, PublicKeyToken=b03f5f7f11d50a3a" className="UndeadEarth.Test.Model.when_determining_zombie_pack_progress, UndeadEarth.Test, Version=1.0.0.0, Culture=neutral, PublicKeyToken=null" name="should_return_a_hunt_count_of_20_to_30_if_resolved_as_an_medium_hotzone" />
    </UnitTest>
    <UnitTest name="should_return_energy_along_with_any_energy_increase_from_buying_many_of_the_same_item_with_no_items_in_safehouse" storage="c:\projects\undeadearth\undeadearth.test\bin\debug\undeadearth.test.dll" id="86693507-7b03-3b4f-52d7-489bc76e87d4">
      <Execution id="360fb5d9-0718-496e-93f1-9aae9098aeed" />
      <TestMethod codeBase="C:/Projects/UndeadEarth/UndeadEarth.Test/bin/Debug/UndeadEarth.Test.DLL" adapterTypeName="Microsoft.VisualStudio.TestTools.TestTypes.Unit.UnitTestAdapter, Microsoft.VisualStudio.QualityTools.Tips.UnitTest.Adapter, Version=10.0.0.0, Culture=neutral, PublicKeyToken=b03f5f7f11d50a3a" className="UndeadEarth.Test.Model.when_determining_users_max_potential_energy, UndeadEarth.Test, Version=1.0.0.0, Culture=neutral, PublicKeyToken=null" name="should_return_energy_along_with_any_energy_increase_from_buying_many_of_the_same_item_with_no_items_in_safehouse" />
    </UnitTest>
    <UnitTest name="should_return_0_for_attack_power_if_user_does_not_exist" storage="c:\projects\undeadearth\undeadearth.test\bin\debug\undeadearth.test.dll" id="5a7c17db-19ea-927d-e739-dca3cee988f6">
      <Execution id="e0ef90e5-765b-4989-9f84-1922c87e3bac" />
      <TestMethod codeBase="C:/Projects/UndeadEarth/UndeadEarth.Test/bin/Debug/UndeadEarth.Test.DLL" adapterTypeName="Microsoft.VisualStudio.TestTools.TestTypes.Unit.UnitTestAdapter, Microsoft.VisualStudio.QualityTools.Tips.UnitTest.Adapter, Version=10.0.0.0, Culture=neutral, PublicKeyToken=b03f5f7f11d50a3a" className="UndeadEarth.Test.Model.when_determining_users_max_potential_attack_power, UndeadEarth.Test, Version=1.0.0.0, Culture=neutral, PublicKeyToken=null" name="should_return_0_for_attack_power_if_user_does_not_exist" />
    </UnitTest>
    <UnitTest name="should_set_latitude_longitude_position_for_hotzone" storage="c:\projects\undeadearth\undeadearth.test\bin\debug\undeadearth.test.dll" id="af74033c-8ac7-9c6c-bed1-b5a7d2c06950">
      <Execution id="63eec3a2-32e6-489c-a548-e938e56fba6c" />
      <TestMethod codeBase="C:/Projects/UndeadEarth/UndeadEarth.Test/bin/Debug/UndeadEarth.Test.DLL" adapterTypeName="Microsoft.VisualStudio.TestTools.TestTypes.Unit.UnitTestAdapter, Microsoft.VisualStudio.QualityTools.Tips.UnitTest.Adapter, Version=10.0.0.0, Culture=neutral, PublicKeyToken=b03f5f7f11d50a3a" className="UndeadEarth.Test.Model.when_creating_user, UndeadEarth.Test, Version=1.0.0.0, Culture=neutral, PublicKeyToken=null" name="should_set_latitude_longitude_position_for_hotzone" />
    </UnitTest>
    <UnitTest name="should_throw_error_if_trying_to_update_base_line_energy_and_user_does_not_exist" storage="c:\projects\undeadearth\undeadearth.test\bin\debug\undeadearth.test.dll" id="162e548e-a661-0b73-7a6e-7c4d1ab7a750">
      <Execution id="85c8ac46-e2ce-4f24-a873-7342578edf48" />
      <TestMethod codeBase="C:/Projects/UndeadEarth/UndeadEarth.Test/bin/Debug/UndeadEarth.Test.DLL" adapterTypeName="Microsoft.VisualStudio.TestTools.TestTypes.Unit.UnitTestAdapter, Microsoft.VisualStudio.QualityTools.Tips.UnitTest.Adapter, Version=10.0.0.0, Culture=neutral, PublicKeyToken=b03f5f7f11d50a3a" className="UndeadEarth.Test.Dal.when_saving_user, UndeadEarth.Test, Version=1.0.0.0, Culture=neutral, PublicKeyToken=null" name="should_throw_error_if_trying_to_update_base_line_energy_and_user_does_not_exist" />
    </UnitTest>
    <UnitTest name="should_return_achievement_for_traveling_10000_miles" storage="c:\projects\undeadearth\undeadearth.test\bin\debug\undeadearth.test.dll" id="3871d8b4-607c-f461-9b36-17221688eb47">
      <Execution id="f49613e1-22fc-4495-9bb3-0dee11017aea" />
      <TestMethod codeBase="C:/Projects/UndeadEarth/UndeadEarth.Test/bin/Debug/UndeadEarth.Test.DLL" adapterTypeName="Microsoft.VisualStudio.TestTools.TestTypes.Unit.UnitTestAdapter, Microsoft.VisualStudio.QualityTools.Tips.UnitTest.Adapter, Version=10.0.0.0, Culture=neutral, PublicKeyToken=b03f5f7f11d50a3a" className="UndeadEarth.Test.Model.when_retrieving_achievements, UndeadEarth.Test, Version=1.0.0.0, Culture=neutral, PublicKeyToken=null" name="should_return_achievement_for_traveling_10000_miles" />
    </UnitTest>
    <UnitTest name="should_return_user_by_facebook_user_id" storage="c:\projects\undeadearth\undeadearth.test\bin\debug\undeadearth.test.dll" id="c5a39b6e-0b51-8275-3d9b-29919f35b9b0">
      <Execution id="5801d611-1fe5-4510-8b38-fcc0215e774f" />
      <TestMethod codeBase="C:/Projects/UndeadEarth/UndeadEarth.Test/bin/Debug/UndeadEarth.Test.DLL" adapterTypeName="Microsoft.VisualStudio.TestTools.TestTypes.Unit.UnitTestAdapter, Microsoft.VisualStudio.QualityTools.Tips.UnitTest.Adapter, Version=10.0.0.0, Culture=neutral, PublicKeyToken=b03f5f7f11d50a3a" className="UndeadEarth.Test.Dal.when_retrieving_user, UndeadEarth.Test, Version=1.0.0.0, Culture=neutral, PublicKeyToken=null" name="should_return_user_by_facebook_user_id" />
    </UnitTest>
    <UnitTest name="should_return_true_if_safe_house_has_item" storage="c:\projects\undeadearth\undeadearth.test\bin\debug\undeadearth.test.dll" id="6d97d05d-3cb4-4245-56ca-8b9bbc35a993">
      <Execution id="629ba956-d6e4-468c-9f49-e384ca0288ba" />
      <TestMethod codeBase="C:/Projects/UndeadEarth/UndeadEarth.Test/bin/Debug/UndeadEarth.Test.DLL" adapterTypeName="Microsoft.VisualStudio.TestTools.TestTypes.Unit.UnitTestAdapter, Microsoft.VisualStudio.QualityTools.Tips.UnitTest.Adapter, Version=10.0.0.0, Culture=neutral, PublicKeyToken=b03f5f7f11d50a3a" className="UndeadEarth.Test.Dal.when_retrieving_safe_houses, UndeadEarth.Test, Version=1.0.0.0, Culture=neutral, PublicKeyToken=null" name="should_return_true_if_safe_house_has_item" />
    </UnitTest>
    <UnitTest name="should_return_achievement_for_peak_zombies_10" storage="c:\projects\undeadearth\undeadearth.test\bin\debug\undeadearth.test.dll" id="c0f6a7ca-70c4-38dc-b622-ea187fd81d6d">
      <Execution id="5e1ded9b-2a73-4698-a38b-539e6f35dbc5" />
      <TestMethod codeBase="C:/Projects/UndeadEarth/UndeadEarth.Test/bin/Debug/UndeadEarth.Test.DLL" adapterTypeName="Microsoft.VisualStudio.TestTools.TestTypes.Unit.UnitTestAdapter, Microsoft.VisualStudio.QualityTools.Tips.UnitTest.Adapter, Version=10.0.0.0, Culture=neutral, PublicKeyToken=b03f5f7f11d50a3a" className="UndeadEarth.Test.Model.when_retrieving_achievements, UndeadEarth.Test, Version=1.0.0.0, Culture=neutral, PublicKeyToken=null" name="should_return_achievement_for_peak_zombies_10" />
    </UnitTest>
    <UnitTest name="should_increment_zombies_killed_for_user" storage="c:\projects\undeadearth\undeadearth.test\bin\debug\undeadearth.test.dll" id="f3fa3c96-f413-1277-0bee-c65969207b6c">
      <Execution id="eb22c570-e516-40d3-a928-de3bb84be12b" />
      <TestMethod codeBase="C:/Projects/UndeadEarth/UndeadEarth.Test/bin/Debug/UndeadEarth.Test.DLL" adapterTypeName="Microsoft.VisualStudio.TestTools.TestTypes.Unit.UnitTestAdapter, Microsoft.VisualStudio.QualityTools.Tips.UnitTest.Adapter, Version=10.0.0.0, Culture=neutral, PublicKeyToken=b03f5f7f11d50a3a" className="UndeadEarth.Test.Dal.when_saving_user_counts, UndeadEarth.Test, Version=1.0.0.0, Culture=neutral, PublicKeyToken=null" name="should_increment_zombies_killed_for_user" />
    </UnitTest>
    <UnitTest name="should_return_correct_base_attack_power_for_given_level" storage="c:\projects\undeadearth\undeadearth.test\bin\debug\undeadearth.test.dll" id="f9b81dce-55e1-263a-0b23-09249cae8cd4">
      <Execution id="b76e4933-9b29-4279-a69c-58c2ea0eb0c0" />
      <TestMethod codeBase="C:/Projects/UndeadEarth/UndeadEarth.Test/bin/Debug/UndeadEarth.Test.DLL" adapterTypeName="Microsoft.VisualStudio.TestTools.TestTypes.Unit.UnitTestAdapter, Microsoft.VisualStudio.QualityTools.Tips.UnitTest.Adapter, Version=10.0.0.0, Culture=neutral, PublicKeyToken=b03f5f7f11d50a3a" className="UndeadEarth.Test.Model.when_servicing_user_level_and_attributes, UndeadEarth.Test, Version=1.0.0.0, Culture=neutral, PublicKeyToken=null" name="should_return_correct_base_attack_power_for_given_level" />
    </UnitTest>
    <UnitTest name="should_return_achievement_for_traveling_100000_miles" storage="c:\projects\undeadearth\undeadearth.test\bin\debug\undeadearth.test.dll" id="847097ef-3573-f329-f9db-f7704607c613">
      <Execution id="3d8a3243-ef79-4444-8c03-135bc5dc5a02" />
      <TestMethod codeBase="C:/Projects/UndeadEarth/UndeadEarth.Test/bin/Debug/UndeadEarth.Test.DLL" adapterTypeName="Microsoft.VisualStudio.TestTools.TestTypes.Unit.UnitTestAdapter, Microsoft.VisualStudio.QualityTools.Tips.UnitTest.Adapter, Version=10.0.0.0, Culture=neutral, PublicKeyToken=b03f5f7f11d50a3a" className="UndeadEarth.Test.Model.when_retrieving_achievements, UndeadEarth.Test, Version=1.0.0.0, Culture=neutral, PublicKeyToken=null" name="should_return_achievement_for_traveling_100000_miles" />
    </UnitTest>
    <UnitTest name="should_return_0_if_user_does_not_exist" storage="c:\projects\undeadearth\undeadearth.test\bin\debug\undeadearth.test.dll" id="65a45aea-1388-af89-1298-2c122710d67c">
      <Execution id="c9704e2e-c731-4a3d-8c92-98eb52648803" />
      <TestMethod codeBase="C:/Projects/UndeadEarth/UndeadEarth.Test/bin/Debug/UndeadEarth.Test.DLL" adapterTypeName="Microsoft.VisualStudio.TestTools.TestTypes.Unit.UnitTestAdapter, Microsoft.VisualStudio.QualityTools.Tips.UnitTest.Adapter, Version=10.0.0.0, Culture=neutral, PublicKeyToken=b03f5f7f11d50a3a" className="UndeadEarth.Test.Model.when_determining_users_max_energy, UndeadEarth.Test, Version=1.0.0.0, Culture=neutral, PublicKeyToken=null" name="should_return_0_if_user_does_not_exist" />
    </UnitTest>
    <UnitTest name="should_disregard_creation_if_location_specified_is_not_a_starting_hot_zone" storage="c:\projects\undeadearth\undeadearth.test\bin\debug\undeadearth.test.dll" id="58cdb593-e628-53cb-1ff9-a712c7cfa07d">
      <Execution id="a723b815-bb59-4cc9-8bf9-513095b9b383" />
      <TestMethod codeBase="C:/Projects/UndeadEarth/UndeadEarth.Test/bin/Debug/UndeadEarth.Test.DLL" adapterTypeName="Microsoft.VisualStudio.TestTools.TestTypes.Unit.UnitTestAdapter, Microsoft.VisualStudio.QualityTools.Tips.UnitTest.Adapter, Version=10.0.0.0, Culture=neutral, PublicKeyToken=b03f5f7f11d50a3a" className="UndeadEarth.Test.Model.when_creating_user, UndeadEarth.Test, Version=1.0.0.0, Culture=neutral, PublicKeyToken=null" name="should_disregard_creation_if_location_specified_is_not_a_starting_hot_zone" />
    </UnitTest>
    <UnitTest name="should_return_achievement_for_traveling_100_miles" storage="c:\projects\undeadearth\undeadearth.test\bin\debug\undeadearth.test.dll" id="7b6f7aba-399c-6729-f243-4ff68995d88e">
      <Execution id="abf1542d-9ae0-4ba9-a4ab-c5b6ba1dbb16" />
      <TestMethod codeBase="C:/Projects/UndeadEarth/UndeadEarth.Test/bin/Debug/UndeadEarth.Test.DLL" adapterTypeName="Microsoft.VisualStudio.TestTools.TestTypes.Unit.UnitTestAdapter, Microsoft.VisualStudio.QualityTools.Tips.UnitTest.Adapter, Version=10.0.0.0, Culture=neutral, PublicKeyToken=b03f5f7f11d50a3a" className="UndeadEarth.Test.Model.when_retrieving_achievements, UndeadEarth.Test, Version=1.0.0.0, Culture=neutral, PublicKeyToken=null" name="should_return_achievement_for_traveling_100_miles" />
    </UnitTest>
    <UnitTest name="given_user_has_money_and_items_in_safe_house_and_can_buy_items_should_return_best_combination" storage="c:\projects\undeadearth\undeadearth.test\bin\debug\undeadearth.test.dll" id="cfb75f84-eedb-9c69-8ad1-7d1a16a63ca8">
      <Execution id="eb45295a-837d-4b4b-9bfb-258c5c3740bf" />
      <TestMethod codeBase="C:/Projects/UndeadEarth/UndeadEarth.Test/bin/Debug/UndeadEarth.Test.DLL" adapterTypeName="Microsoft.VisualStudio.TestTools.TestTypes.Unit.UnitTestAdapter, Microsoft.VisualStudio.QualityTools.Tips.UnitTest.Adapter, Version=10.0.0.0, Culture=neutral, PublicKeyToken=b03f5f7f11d50a3a" className="UndeadEarth.Test.Model.when_determining_users_max_potential_attack_power, UndeadEarth.Test, Version=1.0.0.0, Culture=neutral, PublicKeyToken=null" name="given_user_has_money_and_items_in_safe_house_and_can_buy_items_should_return_best_combination" />
    </UnitTest>
    <UnitTest name="should_return_hotzone_id_containing_zombie_pack" storage="c:\projects\undeadearth\undeadearth.test\bin\debug\undeadearth.test.dll" id="e26f0cbc-ec75-e273-f755-4a50e6a1f30a">
      <Execution id="e1289826-995a-4e36-b627-6f99dc39c647" />
      <TestMethod codeBase="C:/Projects/UndeadEarth/UndeadEarth.Test/bin/Debug/UndeadEarth.Test.DLL" adapterTypeName="Microsoft.VisualStudio.TestTools.TestTypes.Unit.UnitTestAdapter, Microsoft.VisualStudio.QualityTools.Tips.UnitTest.Adapter, Version=10.0.0.0, Culture=neutral, PublicKeyToken=b03f5f7f11d50a3a" className="UndeadEarth.Test.Dal.when_retrieving_zombie_packs, UndeadEarth.Test, Version=1.0.0.0, Culture=neutral, PublicKeyToken=null" name="should_return_hotzone_id_containing_zombie_pack" />
    </UnitTest>
    <UnitTest name="should_return_false_if_zombie_pack_is_not_destroyed_by_user" storage="c:\projects\undeadearth\undeadearth.test\bin\debug\undeadearth.test.dll" id="27dffa83-35e8-a35a-74a3-14e94b831d3a">
      <Execution id="d56b6adb-d4ea-48cc-ad6d-53671a7c4a40" />
      <TestMethod codeBase="C:/Projects/UndeadEarth/UndeadEarth.Test/bin/Debug/UndeadEarth.Test.DLL" adapterTypeName="Microsoft.VisualStudio.TestTools.TestTypes.Unit.UnitTestAdapter, Microsoft.VisualStudio.QualityTools.Tips.UnitTest.Adapter, Version=10.0.0.0, Culture=neutral, PublicKeyToken=b03f5f7f11d50a3a" className="UndeadEarth.Test.Dal.when_retrieving_user_zombie_pack_progress, UndeadEarth.Test, Version=1.0.0.0, Culture=neutral, PublicKeyToken=null" name="should_return_false_if_zombie_pack_is_not_destroyed_by_user" />
    </UnitTest>
    <UnitTest name="should_return_true_if_store_exists" storage="c:\projects\undeadearth\undeadearth.test\bin\debug\undeadearth.test.dll" id="31907ecc-7480-4064-cd3b-514e2ff26de7">
      <Execution id="901e1dca-8846-4102-97c9-756e5cbc6a3d" />
      <TestMethod codeBase="C:/Projects/UndeadEarth/UndeadEarth.Test/bin/Debug/UndeadEarth.Test.DLL" adapterTypeName="Microsoft.VisualStudio.TestTools.TestTypes.Unit.UnitTestAdapter, Microsoft.VisualStudio.QualityTools.Tips.UnitTest.Adapter, Version=10.0.0.0, Culture=neutral, PublicKeyToken=b03f5f7f11d50a3a" className="UndeadEarth.Test.Dal.when_retrieving_stores, UndeadEarth.Test, Version=1.0.0.0, Culture=neutral, PublicKeyToken=null" name="should_return_true_if_store_exists" />
    </UnitTest>
    <UnitTest name="should_return_0_for_energy_if_user_does_not_exist" storage="c:\projects\undeadearth\undeadearth.test\bin\debug\undeadearth.test.dll" id="b32170cc-6301-2795-2015-78cba1f92dc0">
      <Execution id="d2ddab13-7171-4ee0-9129-2a397f95a8ef" />
      <TestMethod codeBase="C:/Projects/UndeadEarth/UndeadEarth.Test/bin/Debug/UndeadEarth.Test.DLL" adapterTypeName="Microsoft.VisualStudio.TestTools.TestTypes.Unit.UnitTestAdapter, Microsoft.VisualStudio.QualityTools.Tips.UnitTest.Adapter, Version=10.0.0.0, Culture=neutral, PublicKeyToken=b03f5f7f11d50a3a" className="UndeadEarth.Test.Model.when_determining_users_max_potential_energy, UndeadEarth.Test, Version=1.0.0.0, Culture=neutral, PublicKeyToken=null" name="should_return_0_for_energy_if_user_does_not_exist" />
    </UnitTest>
    <UnitTest name="should_return_zombie_packs_destroyed" storage="c:\projects\undeadearth\undeadearth.test\bin\debug\undeadearth.test.dll" id="95004e80-f255-f931-0117-595d4516dea1">
      <Execution id="11921c61-6b37-410e-8ab7-c2b187b80d8a" />
      <TestMethod codeBase="C:/Projects/UndeadEarth/UndeadEarth.Test/bin/Debug/UndeadEarth.Test.DLL" adapterTypeName="Microsoft.VisualStudio.TestTools.TestTypes.Unit.UnitTestAdapter, Microsoft.VisualStudio.QualityTools.Tips.UnitTest.Adapter, Version=10.0.0.0, Culture=neutral, PublicKeyToken=b03f5f7f11d50a3a" className="UndeadEarth.Test.Dal.when_retrieving_user_counts, UndeadEarth.Test, Version=1.0.0.0, Culture=neutral, PublicKeyToken=null" name="should_return_zombie_packs_destroyed" />
    </UnitTest>
    <UnitTest name="should_disregard_one_use_items_that_can_be_bought" storage="c:\projects\undeadearth\undeadearth.test\bin\debug\undeadearth.test.dll" id="e9706036-01bc-4fd1-60c9-f67ac8f10adb">
      <Execution id="6177a952-e255-4f42-b104-69c9ba6dd50f" />
      <TestMethod codeBase="C:/Projects/UndeadEarth/UndeadEarth.Test/bin/Debug/UndeadEarth.Test.DLL" adapterTypeName="Microsoft.VisualStudio.TestTools.TestTypes.Unit.UnitTestAdapter, Microsoft.VisualStudio.QualityTools.Tips.UnitTest.Adapter, Version=10.0.0.0, Culture=neutral, PublicKeyToken=b03f5f7f11d50a3a" className="UndeadEarth.Test.Model.when_determining_users_max_potential_attack_power, UndeadEarth.Test, Version=1.0.0.0, Culture=neutral, PublicKeyToken=null" name="should_disregard_one_use_items_that_can_be_bought" />
    </UnitTest>
    <UnitTest name="should_throw_error_if_trying_update_user_level_and_user_does_not_exist" storage="c:\projects\undeadearth\undeadearth.test\bin\debug\undeadearth.test.dll" id="9a78eead-dd54-3b88-317e-c7ec25cf0f93">
      <Execution id="a8b2f3e9-ba67-45c2-a101-38df43cb936a" />
      <TestMethod codeBase="C:/Projects/UndeadEarth/UndeadEarth.Test/bin/Debug/UndeadEarth.Test.DLL" adapterTypeName="Microsoft.VisualStudio.TestTools.TestTypes.Unit.UnitTestAdapter, Microsoft.VisualStudio.QualityTools.Tips.UnitTest.Adapter, Version=10.0.0.0, Culture=neutral, PublicKeyToken=b03f5f7f11d50a3a" className="UndeadEarth.Test.Dal.when_saving_user, UndeadEarth.Test, Version=1.0.0.0, Culture=neutral, PublicKeyToken=null" name="should_throw_error_if_trying_update_user_level_and_user_does_not_exist" />
    </UnitTest>
    <UnitTest name="should_return_achievement_for_collecting_10_dollars" storage="c:\projects\undeadearth\undeadearth.test\bin\debug\undeadearth.test.dll" id="66169587-8c61-bb11-f455-fab6b8497218">
      <Execution id="77d84675-2c1d-42af-85c2-19c1151e42a8" />
      <TestMethod codeBase="C:/Projects/UndeadEarth/UndeadEarth.Test/bin/Debug/UndeadEarth.Test.DLL" adapterTypeName="Microsoft.VisualStudio.TestTools.TestTypes.Unit.UnitTestAdapter, Microsoft.VisualStudio.QualityTools.Tips.UnitTest.Adapter, Version=10.0.0.0, Culture=neutral, PublicKeyToken=b03f5f7f11d50a3a" className="UndeadEarth.Test.Model.when_retrieving_achievements, UndeadEarth.Test, Version=1.0.0.0, Culture=neutral, PublicKeyToken=null" name="should_return_achievement_for_collecting_10_dollars" />
    </UnitTest>
    <UnitTest name="should_save_user_max_energy" storage="c:\projects\undeadearth\undeadearth.test\bin\debug\undeadearth.test.dll" id="aaf613d0-debf-b348-f6a8-625b151b543d">
      <Execution id="dfddd3f7-3edb-4e4d-9156-2673eeabbfe4" />
      <TestMethod codeBase="C:/Projects/UndeadEarth/UndeadEarth.Test/bin/Debug/UndeadEarth.Test.DLL" adapterTypeName="Microsoft.VisualStudio.TestTools.TestTypes.Unit.UnitTestAdapter, Microsoft.VisualStudio.QualityTools.Tips.UnitTest.Adapter, Version=10.0.0.0, Culture=neutral, PublicKeyToken=b03f5f7f11d50a3a" className="UndeadEarth.Test.Dal.when_saving_user_sight_radius, UndeadEarth.Test, Version=1.0.0.0, Culture=neutral, PublicKeyToken=null" name="should_save_user_max_energy" />
    </UnitTest>
    <UnitTest name="should_return_false_if_store_does_not_exist" storage="c:\projects\undeadearth\undeadearth.test\bin\debug\undeadearth.test.dll" id="a5d1a057-084a-abb3-2d76-06c401ccb8d8">
      <Execution id="bc5edc7e-cce9-44e7-9f58-c8a9ddb26747" />
      <TestMethod codeBase="C:/Projects/UndeadEarth/UndeadEarth.Test/bin/Debug/UndeadEarth.Test.DLL" adapterTypeName="Microsoft.VisualStudio.TestTools.TestTypes.Unit.UnitTestAdapter, Microsoft.VisualStudio.QualityTools.Tips.UnitTest.Adapter, Version=10.0.0.0, Culture=neutral, PublicKeyToken=b03f5f7f11d50a3a" className="UndeadEarth.Test.Dal.when_retrieving_stores, UndeadEarth.Test, Version=1.0.0.0, Culture=neutral, PublicKeyToken=null" name="should_return_false_if_store_does_not_exist" />
    </UnitTest>
    <UnitTest name="should_return_null_if_single_hotzone_doesnt_exist" storage="c:\projects\undeadearth\undeadearth.test\bin\debug\undeadearth.test.dll" id="9f145708-6c3c-b063-e40e-7d892e8c9ec8">
      <Execution id="5a90a4d4-44b0-44fa-a440-89ef06a78d3b" />
      <TestMethod codeBase="C:/Projects/UndeadEarth/UndeadEarth.Test/bin/Debug/UndeadEarth.Test.DLL" adapterTypeName="Microsoft.VisualStudio.TestTools.TestTypes.Unit.UnitTestAdapter, Microsoft.VisualStudio.QualityTools.Tips.UnitTest.Adapter, Version=10.0.0.0, Culture=neutral, PublicKeyToken=b03f5f7f11d50a3a" className="UndeadEarth.Test.Dal.when_retrieving_hot_zones, UndeadEarth.Test, Version=1.0.0.0, Culture=neutral, PublicKeyToken=null" name="should_return_null_if_single_hotzone_doesnt_exist" />
    </UnitTest>
    <UnitTest name="should_return_users_base_sight_radius_if_user_does_not_have_any_items" storage="c:\projects\undeadearth\undeadearth.test\bin\debug\undeadearth.test.dll" id="d39a97f0-a02b-13f3-00ff-3ebdf64857ec">
      <Execution id="9f76cc2b-36f1-49a4-b851-a6db46d908e8" />
      <TestMethod codeBase="C:/Projects/UndeadEarth/UndeadEarth.Test/bin/Debug/UndeadEarth.Test.DLL" adapterTypeName="Microsoft.VisualStudio.TestTools.TestTypes.Unit.UnitTestAdapter, Microsoft.VisualStudio.QualityTools.Tips.UnitTest.Adapter, Version=10.0.0.0, Culture=neutral, PublicKeyToken=b03f5f7f11d50a3a" className="UndeadEarth.Test.Model.when_determining_users_min_sight_radius, UndeadEarth.Test, Version=1.0.0.0, Culture=neutral, PublicKeyToken=null" name="should_return_users_base_sight_radius_if_user_does_not_have_any_items" />
    </UnitTest>
    <UnitTest name="should_return_one_for_attack_power_if_user_exists_but_does_not_have_any_inventory" storage="c:\projects\undeadearth\undeadearth.test\bin\debug\undeadearth.test.dll" id="db113e6e-fe96-562f-4c9e-fac3dbaaeedc">
      <Execution id="12de5508-8441-4090-be8a-81afe5ba89d6" />
      <TestMethod codeBase="C:/Projects/UndeadEarth/UndeadEarth.Test/bin/Debug/UndeadEarth.Test.DLL" adapterTypeName="Microsoft.VisualStudio.TestTools.TestTypes.Unit.UnitTestAdapter, Microsoft.VisualStudio.QualityTools.Tips.UnitTest.Adapter, Version=10.0.0.0, Culture=neutral, PublicKeyToken=b03f5f7f11d50a3a" className="UndeadEarth.Test.Model.when_retrieving_user_attack_power, UndeadEarth.Test, Version=1.0.0.0, Culture=neutral, PublicKeyToken=null" name="should_return_one_for_attack_power_if_user_exists_but_does_not_have_any_inventory" />
    </UnitTest>
    <UnitTest name="should_disregard_if_user_does_not_have_item" storage="c:\projects\undeadearth\undeadearth.test\bin\debug\undeadearth.test.dll" id="ce354fe1-08e2-7958-e209-2621b563d1da">
      <Execution id="f96b2824-182c-4c4b-83ef-079324e49a91" />
      <TestMethod codeBase="C:/Projects/UndeadEarth/UndeadEarth.Test/bin/Debug/UndeadEarth.Test.DLL" adapterTypeName="Microsoft.VisualStudio.TestTools.TestTypes.Unit.UnitTestAdapter, Microsoft.VisualStudio.QualityTools.Tips.UnitTest.Adapter, Version=10.0.0.0, Culture=neutral, PublicKeyToken=b03f5f7f11d50a3a" className="UndeadEarth.Test.Model.when_transferring_items_from_user_to_safe_house, UndeadEarth.Test, Version=1.0.0.0, Culture=neutral, PublicKeyToken=null" name="should_disregard_if_user_does_not_have_item" />
    </UnitTest>
    <UnitTest name="should_return_an_empty_progress_if_user_does_not_exist" storage="c:\projects\undeadearth\undeadearth.test\bin\debug\undeadearth.test.dll" id="578c1082-4447-f4a0-bed7-4e23d16f558c">
      <Execution id="687e873e-ffe4-4da1-9e93-17fc4ddb4c4d" />
      <TestMethod codeBase="C:/Projects/UndeadEarth/UndeadEarth.Test/bin/Debug/UndeadEarth.Test.DLL" adapterTypeName="Microsoft.VisualStudio.TestTools.TestTypes.Unit.UnitTestAdapter, Microsoft.VisualStudio.QualityTools.Tips.UnitTest.Adapter, Version=10.0.0.0, Culture=neutral, PublicKeyToken=b03f5f7f11d50a3a" className="UndeadEarth.Test.Model.when_determining_zombie_pack_progress, UndeadEarth.Test, Version=1.0.0.0, Culture=neutral, PublicKeyToken=null" name="should_return_an_empty_progress_if_user_does_not_exist" />
    </UnitTest>
    <UnitTest name="should_save_user_last_energy" storage="c:\projects\undeadearth\undeadearth.test\bin\debug\undeadearth.test.dll" id="b9daaf02-a2df-fc67-bf09-91db90f1040d">
      <Execution id="510fe27e-0fa9-49fc-93e3-30ce656a06c7" />
      <TestMethod codeBase="C:/Projects/UndeadEarth/UndeadEarth.Test/bin/Debug/UndeadEarth.Test.DLL" adapterTypeName="Microsoft.VisualStudio.TestTools.TestTypes.Unit.UnitTestAdapter, Microsoft.VisualStudio.QualityTools.Tips.UnitTest.Adapter, Version=10.0.0.0, Culture=neutral, PublicKeyToken=b03f5f7f11d50a3a" className="UndeadEarth.Test.Dal.Utility.when_saving_user_energy, UndeadEarth.Test, Version=1.0.0.0, Culture=neutral, PublicKeyToken=null" name="should_save_user_last_energy" />
    </UnitTest>
    <UnitTest name="should_set_user_level" storage="c:\projects\undeadearth\undeadearth.test\bin\debug\undeadearth.test.dll" id="a7658188-1d86-06a8-b6f3-6e5c757f83b4">
      <Execution id="5353cf56-d6ba-4b48-98bb-6912822c0598" />
      <TestMethod codeBase="C:/Projects/UndeadEarth/UndeadEarth.Test/bin/Debug/UndeadEarth.Test.DLL" adapterTypeName="Microsoft.VisualStudio.TestTools.TestTypes.Unit.UnitTestAdapter, Microsoft.VisualStudio.QualityTools.Tips.UnitTest.Adapter, Version=10.0.0.0, Culture=neutral, PublicKeyToken=b03f5f7f11d50a3a" className="UndeadEarth.Test.Dal.when_saving_user, UndeadEarth.Test, Version=1.0.0.0, Culture=neutral, PublicKeyToken=null" name="should_set_user_level" />
    </UnitTest>
    <UnitTest name="should_throw_error_if_trying_to_update_user_inventory_amount_and_user_does_not_exist" storage="c:\projects\undeadearth\undeadearth.test\bin\debug\undeadearth.test.dll" id="38152b9e-3e48-dd5e-0e37-b7a27de7e225">
      <Execution id="7bb92b7e-6140-4ff2-bb4b-c5b4d4fdeb53" />
      <TestMethod codeBase="C:/Projects/UndeadEarth/UndeadEarth.Test/bin/Debug/UndeadEarth.Test.DLL" adapterTypeName="Microsoft.VisualStudio.TestTools.TestTypes.Unit.UnitTestAdapter, Microsoft.VisualStudio.QualityTools.Tips.UnitTest.Adapter, Version=10.0.0.0, Culture=neutral, PublicKeyToken=b03f5f7f11d50a3a" className="UndeadEarth.Test.Dal.when_saving_user, UndeadEarth.Test, Version=1.0.0.0, Culture=neutral, PublicKeyToken=null" name="should_throw_error_if_trying_to_update_user_inventory_amount_and_user_does_not_exist" />
    </UnitTest>
    <UnitTest name="should_return_a_hunt_count_of_10_to_15_if_resolved_as_an_medium_hotzone" storage="c:\projects\undeadearth\undeadearth.test\bin\debug\undeadearth.test.dll" id="b18d1727-ecb0-0941-0114-d84e798714f5">
      <Execution id="b8021dd8-a30c-4c93-aca6-3d8da7da4646" />
      <TestMethod codeBase="C:/Projects/UndeadEarth/UndeadEarth.Test/bin/Debug/UndeadEarth.Test.DLL" adapterTypeName="Microsoft.VisualStudio.TestTools.TestTypes.Unit.UnitTestAdapter, Microsoft.VisualStudio.QualityTools.Tips.UnitTest.Adapter, Version=10.0.0.0, Culture=neutral, PublicKeyToken=b03f5f7f11d50a3a" className="UndeadEarth.Test.Model.when_determining_zombie_pack_progress, UndeadEarth.Test, Version=1.0.0.0, Culture=neutral, PublicKeyToken=null" name="should_return_a_hunt_count_of_10_to_15_if_resolved_as_an_medium_hotzone" />
    </UnitTest>
    <UnitTest name="should_return_0_if_time_passed_into_calculate_sight_radius_is_less_than_the_last_saved_sight_radius_record" storage="c:\projects\undeadearth\undeadearth.test\bin\debug\undeadearth.test.dll" id="1426a62d-a078-b4b5-817b-9f560bfc1dfe">
      <Execution id="97d2c099-b069-40b0-b0b8-745eb6fa9006" />
      <TestMethod codeBase="C:/Projects/UndeadEarth/UndeadEarth.Test/bin/Debug/UndeadEarth.Test.DLL" adapterTypeName="Microsoft.VisualStudio.TestTools.TestTypes.Unit.UnitTestAdapter, Microsoft.VisualStudio.QualityTools.Tips.UnitTest.Adapter, Version=10.0.0.0, Culture=neutral, PublicKeyToken=b03f5f7f11d50a3a" className="UndeadEarth.Test.Model.when_determining_users_current_sight_radius, UndeadEarth.Test, Version=1.0.0.0, Culture=neutral, PublicKeyToken=null" name="should_return_0_if_time_passed_into_calculate_sight_radius_is_less_than_the_last_saved_sight_radius_record" />
    </UnitTest>
    <UnitTest name="should_update_users_inventory_amount" storage="c:\projects\undeadearth\undeadearth.test\bin\debug\undeadearth.test.dll" id="bdc5cf0e-b6b0-aab1-b4c9-cfdf4e4262c3">
      <Execution id="af21d6ce-7faf-43a1-adf2-100b98dcaa69" />
      <TestMethod codeBase="C:/Projects/UndeadEarth/UndeadEarth.Test/bin/Debug/UndeadEarth.Test.DLL" adapterTypeName="Microsoft.VisualStudio.TestTools.TestTypes.Unit.UnitTestAdapter, Microsoft.VisualStudio.QualityTools.Tips.UnitTest.Adapter, Version=10.0.0.0, Culture=neutral, PublicKeyToken=b03f5f7f11d50a3a" className="UndeadEarth.Test.Dal.when_saving_user, UndeadEarth.Test, Version=1.0.0.0, Culture=neutral, PublicKeyToken=null" name="should_update_users_inventory_amount" />
    </UnitTest>
    <UnitTest name="should_return_base_sight_radius_for_user" storage="c:\projects\undeadearth\undeadearth.test\bin\debug\undeadearth.test.dll" id="05ef1086-81f0-526c-3f9d-15b7821d9bae">
      <Execution id="bfd6010b-9a15-4f52-b211-56732c5a9655" />
      <TestMethod codeBase="C:/Projects/UndeadEarth/UndeadEarth.Test/bin/Debug/UndeadEarth.Test.DLL" adapterTypeName="Microsoft.VisualStudio.TestTools.TestTypes.Unit.UnitTestAdapter, Microsoft.VisualStudio.QualityTools.Tips.UnitTest.Adapter, Version=10.0.0.0, Culture=neutral, PublicKeyToken=b03f5f7f11d50a3a" className="UndeadEarth.Test.Dal.when_retrieving_user_sight_radius, UndeadEarth.Test, Version=1.0.0.0, Culture=neutral, PublicKeyToken=null" name="should_return_base_sight_radius_for_user" />
    </UnitTest>
    <UnitTest name="should_return_false_if_hotzone_is_not_a_starting_hotzone" storage="c:\projects\undeadearth\undeadearth.test\bin\debug\undeadearth.test.dll" id="e08ed2a3-8471-3997-30af-ab81916e00cb">
      <Execution id="fa4396d4-2fe5-4c8d-b82b-9db8f82a18ea" />
      <TestMethod codeBase="C:/Projects/UndeadEarth/UndeadEarth.Test/bin/Debug/UndeadEarth.Test.DLL" adapterTypeName="Microsoft.VisualStudio.TestTools.TestTypes.Unit.UnitTestAdapter, Microsoft.VisualStudio.QualityTools.Tips.UnitTest.Adapter, Version=10.0.0.0, Culture=neutral, PublicKeyToken=b03f5f7f11d50a3a" className="UndeadEarth.Test.Dal.when_retrieving_hot_zones, UndeadEarth.Test, Version=1.0.0.0, Culture=neutral, PublicKeyToken=null" name="should_return_false_if_hotzone_is_not_a_starting_hotzone" />
    </UnitTest>
    <UnitTest name="should_return_achievement_for_collecting_100_dollars" storage="c:\projects\undeadearth\undeadearth.test\bin\debug\undeadearth.test.dll" id="d9d60eb2-6c40-96e0-e46e-37fba7b51acb">
      <Execution id="6d8fcd1a-a25f-4a38-9a39-6e4162c5cbfe" />
      <TestMethod codeBase="C:/Projects/UndeadEarth/UndeadEarth.Test/bin/Debug/UndeadEarth.Test.DLL" adapterTypeName="Microsoft.VisualStudio.TestTools.TestTypes.Unit.UnitTestAdapter, Microsoft.VisualStudio.QualityTools.Tips.UnitTest.Adapter, Version=10.0.0.0, Culture=neutral, PublicKeyToken=b03f5f7f11d50a3a" className="UndeadEarth.Test.Model.when_retrieving_achievements, UndeadEarth.Test, Version=1.0.0.0, Culture=neutral, PublicKeyToken=null" name="should_return_achievement_for_collecting_100_dollars" />
    </UnitTest>
    <UnitTest name="should_return_last_sight_radius_saved_If_there_is_no_difference_between_the_current_time_passed_in_and_the_last_saved_sight_radius_from_the_repository" storage="c:\projects\undeadearth\undeadearth.test\bin\debug\undeadearth.test.dll" id="5af90bb7-e3b0-b5e7-29f7-fc8b0902be24">
      <Execution id="c74785ed-ad97-4c0e-8db2-d29c0e7933a3" />
      <TestMethod codeBase="C:/Projects/UndeadEarth/UndeadEarth.Test/bin/Debug/UndeadEarth.Test.DLL" adapterTypeName="Microsoft.VisualStudio.TestTools.TestTypes.Unit.UnitTestAdapter, Microsoft.VisualStudio.QualityTools.Tips.UnitTest.Adapter, Version=10.0.0.0, Culture=neutral, PublicKeyToken=b03f5f7f11d50a3a" className="UndeadEarth.Test.Model.when_determining_users_current_sight_radius, UndeadEarth.Test, Version=1.0.0.0, Culture=neutral, PublicKeyToken=null" name="should_return_last_sight_radius_saved_If_there_is_no_difference_between_the_current_time_passed_in_and_the_last_saved_sight_radius_from_the_repository" />
    </UnitTest>
    <UnitTest name="should_return_remaining_zombie_packs_in_hot_zones" storage="c:\projects\undeadearth\undeadearth.test\bin\debug\undeadearth.test.dll" id="2528801b-adfc-fc02-0810-867a75b047c9">
      <Execution id="92161302-a408-4d1c-8216-9bea09104c67" />
      <TestMethod codeBase="C:/Projects/UndeadEarth/UndeadEarth.Test/bin/Debug/UndeadEarth.Test.DLL" adapterTypeName="Microsoft.VisualStudio.TestTools.TestTypes.Unit.UnitTestAdapter, Microsoft.VisualStudio.QualityTools.Tips.UnitTest.Adapter, Version=10.0.0.0, Culture=neutral, PublicKeyToken=b03f5f7f11d50a3a" className="UndeadEarth.Test.Dal.when_retrieving_hot_zones, UndeadEarth.Test, Version=1.0.0.0, Culture=neutral, PublicKeyToken=null" name="should_return_remaining_zombie_packs_in_hot_zones" />
    </UnitTest>
    <UnitTest name="should_return_true_if_zombie_pack_is_destroyed_by_user" storage="c:\projects\undeadearth\undeadearth.test\bin\debug\undeadearth.test.dll" id="461819df-bed1-d7c5-29ce-bdee0f8eaaa2">
      <Execution id="b0a2a5d9-13a6-4749-98f1-c46656a5b9d0" />
      <TestMethod codeBase="C:/Projects/UndeadEarth/UndeadEarth.Test/bin/Debug/UndeadEarth.Test.DLL" adapterTypeName="Microsoft.VisualStudio.TestTools.TestTypes.Unit.UnitTestAdapter, Microsoft.VisualStudio.QualityTools.Tips.UnitTest.Adapter, Version=10.0.0.0, Culture=neutral, PublicKeyToken=b03f5f7f11d50a3a" className="UndeadEarth.Test.Dal.when_retrieving_user_zombie_pack_progress, UndeadEarth.Test, Version=1.0.0.0, Culture=neutral, PublicKeyToken=null" name="should_return_true_if_zombie_pack_is_destroyed_by_user" />
    </UnitTest>
    <UnitTest name="should_not_throw_error_if_user_does_not_exist" storage="c:\projects\undeadearth\undeadearth.test\bin\debug\undeadearth.test.dll" id="ca1b8eb5-4ad5-3e56-62f6-d3c54fe84326">
      <Execution id="69161582-6480-424b-b973-a52190d9f386" />
      <TestMethod codeBase="C:/Projects/UndeadEarth/UndeadEarth.Test/bin/Debug/UndeadEarth.Test.DLL" adapterTypeName="Microsoft.VisualStudio.TestTools.TestTypes.Unit.UnitTestAdapter, Microsoft.VisualStudio.QualityTools.Tips.UnitTest.Adapter, Version=10.0.0.0, Culture=neutral, PublicKeyToken=b03f5f7f11d50a3a" className="UndeadEarth.Test.Dal.when_saving_user, UndeadEarth.Test, Version=1.0.0.0, Culture=neutral, PublicKeyToken=null" name="should_not_throw_error_if_user_does_not_exist" />
    </UnitTest>
    <UnitTest name="should_increment_miles_count_for_user" storage="c:\projects\undeadearth\undeadearth.test\bin\debug\undeadearth.test.dll" id="2a84edfa-8723-e5ed-8953-7dd9bec52c09">
      <Execution id="23f4554b-2699-48fa-9597-a049dc25ec58" />
      <TestMethod codeBase="C:/Projects/UndeadEarth/UndeadEarth.Test/bin/Debug/UndeadEarth.Test.DLL" adapterTypeName="Microsoft.VisualStudio.TestTools.TestTypes.Unit.UnitTestAdapter, Microsoft.VisualStudio.QualityTools.Tips.UnitTest.Adapter, Version=10.0.0.0, Culture=neutral, PublicKeyToken=b03f5f7f11d50a3a" className="UndeadEarth.Test.Dal.when_saving_user_counts, UndeadEarth.Test, Version=1.0.0.0, Culture=neutral, PublicKeyToken=null" name="should_increment_miles_count_for_user" />
    </UnitTest>
    <UnitTest name="should_return_baseline_energy_for_user_that_exists" storage="c:\projects\undeadearth\undeadearth.test\bin\debug\undeadearth.test.dll" id="7e9e7b54-d658-a1a5-ce5b-efa2cb03052c">
      <Execution id="a330eec3-ec65-444c-9f42-28945f6a5b41" />
      <TestMethod codeBase="C:/Projects/UndeadEarth/UndeadEarth.Test/bin/Debug/UndeadEarth.Test.DLL" adapterTypeName="Microsoft.VisualStudio.TestTools.TestTypes.Unit.UnitTestAdapter, Microsoft.VisualStudio.QualityTools.Tips.UnitTest.Adapter, Version=10.0.0.0, Culture=neutral, PublicKeyToken=b03f5f7f11d50a3a" className="UndeadEarth.Test.Dal.when_retrieving_user, UndeadEarth.Test, Version=1.0.0.0, Culture=neutral, PublicKeyToken=null" name="should_return_baseline_energy_for_user_that_exists" />
    </UnitTest>
    <UnitTest name="should_return_null_if_zombie_pack_does_not_exist" storage="c:\projects\undeadearth\undeadearth.test\bin\debug\undeadearth.test.dll" id="9d81df93-5250-1a02-c112-738e62d8d757">
      <Execution id="21b9a6e6-5102-4f32-a841-7d8b160d9dbf" />
      <TestMethod codeBase="C:/Projects/UndeadEarth/UndeadEarth.Test/bin/Debug/UndeadEarth.Test.DLL" adapterTypeName="Microsoft.VisualStudio.TestTools.TestTypes.Unit.UnitTestAdapter, Microsoft.VisualStudio.QualityTools.Tips.UnitTest.Adapter, Version=10.0.0.0, Culture=neutral, PublicKeyToken=b03f5f7f11d50a3a" className="UndeadEarth.Test.Dal.when_retrieving_zombie_packs, UndeadEarth.Test, Version=1.0.0.0, Culture=neutral, PublicKeyToken=null" name="should_return_null_if_zombie_pack_does_not_exist" />
    </UnitTest>
    <UnitTest name="when_checking_user_level_and_zombie_kills_to_update_attributes_should_not_update_if_not_enough_zombie_kills" storage="c:\projects\undeadearth\undeadearth.test\bin\debug\undeadearth.test.dll" id="d9751d6d-b53f-ae7f-743d-a442b6a2d81c">
      <Execution id="a162b49e-2cfe-4164-b082-1142722b6e36" />
      <TestMethod codeBase="C:/Projects/UndeadEarth/UndeadEarth.Test/bin/Debug/UndeadEarth.Test.DLL" adapterTypeName="Microsoft.VisualStudio.TestTools.TestTypes.Unit.UnitTestAdapter, Microsoft.VisualStudio.QualityTools.Tips.UnitTest.Adapter, Version=10.0.0.0, Culture=neutral, PublicKeyToken=b03f5f7f11d50a3a" className="UndeadEarth.Test.Model.when_servicing_user_level_and_attributes, UndeadEarth.Test, Version=1.0.0.0, Culture=neutral, PublicKeyToken=null" name="when_checking_user_level_and_zombie_kills_to_update_attributes_should_not_update_if_not_enough_zombie_kills" />
    </UnitTest>
    <UnitTest name="should_update_users_zone_id_if_user_is_at_a_zombie_pack_location" storage="c:\projects\undeadearth\undeadearth.test\bin\debug\undeadearth.test.dll" id="ac6fd380-aa69-7042-79c1-72e377d208c7">
      <Execution id="7470e5ab-c1c5-4953-9c5d-991a64e87165" />
      <TestMethod codeBase="C:/Projects/UndeadEarth/UndeadEarth.Test/bin/Debug/UndeadEarth.Test.DLL" adapterTypeName="Microsoft.VisualStudio.TestTools.TestTypes.Unit.UnitTestAdapter, Microsoft.VisualStudio.QualityTools.Tips.UnitTest.Adapter, Version=10.0.0.0, Culture=neutral, PublicKeyToken=b03f5f7f11d50a3a" className="UndeadEarth.Test.Model.when_hunting_for_zombies, UndeadEarth.Test, Version=1.0.0.0, Culture=neutral, PublicKeyToken=null" name="should_update_users_zone_id_if_user_is_at_a_zombie_pack_location" />
    </UnitTest>
    <UnitTest name="should_retrieve_single_hotzone" storage="c:\projects\undeadearth\undeadearth.test\bin\debug\undeadearth.test.dll" id="310db446-5a38-a2ff-c0c6-33525d60392a">
      <Execution id="230fd932-8ebe-43da-916d-a4da3834bd5a" />
      <TestMethod codeBase="C:/Projects/UndeadEarth/UndeadEarth.Test/bin/Debug/UndeadEarth.Test.DLL" adapterTypeName="Microsoft.VisualStudio.TestTools.TestTypes.Unit.UnitTestAdapter, Microsoft.VisualStudio.QualityTools.Tips.UnitTest.Adapter, Version=10.0.0.0, Culture=neutral, PublicKeyToken=b03f5f7f11d50a3a" className="UndeadEarth.Test.Dal.when_retrieving_hot_zones, UndeadEarth.Test, Version=1.0.0.0, Culture=neutral, PublicKeyToken=null" name="should_retrieve_single_hotzone" />
    </UnitTest>
    <UnitTest name="should_return_null_for_last_saved_energy_if_user_does_not_exist" storage="c:\projects\undeadearth\undeadearth.test\bin\debug\undeadearth.test.dll" id="83224f41-33be-cb5a-8243-f1cbb7067a6d">
      <Execution id="7f4e0f1f-36ef-4f30-a951-a1144d540517" />
      <TestMethod codeBase="C:/Projects/UndeadEarth/UndeadEarth.Test/bin/Debug/UndeadEarth.Test.DLL" adapterTypeName="Microsoft.VisualStudio.TestTools.TestTypes.Unit.UnitTestAdapter, Microsoft.VisualStudio.QualityTools.Tips.UnitTest.Adapter, Version=10.0.0.0, Culture=neutral, PublicKeyToken=b03f5f7f11d50a3a" className="UndeadEarth.Test.Dal.when_retrieving_user_energy, UndeadEarth.Test, Version=1.0.0.0, Culture=neutral, PublicKeyToken=null" name="should_return_null_for_last_saved_energy_if_user_does_not_exist" />
    </UnitTest>
    <UnitTest name="should_return_achievement_for_killing_1000000_zombies" storage="c:\projects\undeadearth\undeadearth.test\bin\debug\undeadearth.test.dll" id="8d764dc0-19cc-25ef-1223-85c01764c701">
      <Execution id="b327237f-896c-434a-985b-7de6503c1b14" />
      <TestMethod codeBase="C:/Projects/UndeadEarth/UndeadEarth.Test/bin/Debug/UndeadEarth.Test.DLL" adapterTypeName="Microsoft.VisualStudio.TestTools.TestTypes.Unit.UnitTestAdapter, Microsoft.VisualStudio.QualityTools.Tips.UnitTest.Adapter, Version=10.0.0.0, Culture=neutral, PublicKeyToken=b03f5f7f11d50a3a" className="UndeadEarth.Test.Model.when_retrieving_achievements, UndeadEarth.Test, Version=1.0.0.0, Culture=neutral, PublicKeyToken=null" name="should_return_achievement_for_killing_1000000_zombies" />
    </UnitTest>
    <UnitTest name="should_disregard_if_store_does_not_exist" storage="c:\projects\undeadearth\undeadearth.test\bin\debug\undeadearth.test.dll" id="eaf1ea02-9828-2113-565b-2356e5e99e6b">
      <Execution id="bbab0438-4050-4288-8197-c4c1d5b338d3" />
      <TestMethod codeBase="C:/Projects/UndeadEarth/UndeadEarth.Test/bin/Debug/UndeadEarth.Test.DLL" adapterTypeName="Microsoft.VisualStudio.TestTools.TestTypes.Unit.UnitTestAdapter, Microsoft.VisualStudio.QualityTools.Tips.UnitTest.Adapter, Version=10.0.0.0, Culture=neutral, PublicKeyToken=b03f5f7f11d50a3a" className="UndeadEarth.Test.Model.when_buying_items_from_shop, UndeadEarth.Test, Version=1.0.0.0, Culture=neutral, PublicKeyToken=null" name="should_disregard_if_store_does_not_exist" />
    </UnitTest>
    <UnitTest name="should_throw_error_when_returning_money_if_user_does_not_exist" storage="c:\projects\undeadearth\undeadearth.test\bin\debug\undeadearth.test.dll" id="aac835be-7dca-bf39-4e90-f32eb9f2669d">
      <Execution id="19f85eec-c539-4cbd-b9ed-36e346d3e445" />
      <TestMethod codeBase="C:/Projects/UndeadEarth/UndeadEarth.Test/bin/Debug/UndeadEarth.Test.DLL" adapterTypeName="Microsoft.VisualStudio.TestTools.TestTypes.Unit.UnitTestAdapter, Microsoft.VisualStudio.QualityTools.Tips.UnitTest.Adapter, Version=10.0.0.0, Culture=neutral, PublicKeyToken=b03f5f7f11d50a3a" className="UndeadEarth.Test.Dal.when_retrieving_user, UndeadEarth.Test, Version=1.0.0.0, Culture=neutral, PublicKeyToken=null" name="should_throw_error_when_returning_money_if_user_does_not_exist" />
    </UnitTest>
    <UnitTest name="should_return_achievement_for_destroying_hotzone" storage="c:\projects\undeadearth\undeadearth.test\bin\debug\undeadearth.test.dll" id="f503de55-2c95-f110-a46c-919d6f50e064">
      <Execution id="f85d3d94-3aa2-4ca5-a025-2cfa4489c43a" />
      <TestMethod codeBase="C:/Projects/UndeadEarth/UndeadEarth.Test/bin/Debug/UndeadEarth.Test.DLL" adapterTypeName="Microsoft.VisualStudio.TestTools.TestTypes.Unit.UnitTestAdapter, Microsoft.VisualStudio.QualityTools.Tips.UnitTest.Adapter, Version=10.0.0.0, Culture=neutral, PublicKeyToken=b03f5f7f11d50a3a" className="UndeadEarth.Test.Model.when_retrieving_achievements, UndeadEarth.Test, Version=1.0.0.0, Culture=neutral, PublicKeyToken=null" name="should_return_achievement_for_destroying_hotzone" />
    </UnitTest>
    <UnitTest name="should_return_null_for_user_that_doesnt_exist" storage="c:\projects\undeadearth\undeadearth.test\bin\debug\undeadearth.test.dll" id="560e757d-7d9e-cf97-a66b-6eba9f0dbef7">
      <Execution id="9cd02aac-12e7-4fc8-a014-7de9c0d3e010" />
      <TestMethod codeBase="C:/Projects/UndeadEarth/UndeadEarth.Test/bin/Debug/UndeadEarth.Test.DLL" adapterTypeName="Microsoft.VisualStudio.TestTools.TestTypes.Unit.UnitTestAdapter, Microsoft.VisualStudio.QualityTools.Tips.UnitTest.Adapter, Version=10.0.0.0, Culture=neutral, PublicKeyToken=b03f5f7f11d50a3a" className="UndeadEarth.Test.Dal.when_retrieving_user, UndeadEarth.Test, Version=1.0.0.0, Culture=neutral, PublicKeyToken=null" name="should_return_null_for_user_that_doesnt_exist" />
    </UnitTest>
    <UnitTest name="should_throw_error_when_returning_last_visited_hotzone_if_user_doesnt_exist" storage="c:\projects\undeadearth\undeadearth.test\bin\debug\undeadearth.test.dll" id="a082c5ab-9e9e-f9a3-c9b1-3688e77d4b93">
      <Execution id="6654b7ee-7108-47ff-b888-2bb1d3e78a09" />
      <TestMethod codeBase="C:/Projects/UndeadEarth/UndeadEarth.Test/bin/Debug/UndeadEarth.Test.DLL" adapterTypeName="Microsoft.VisualStudio.TestTools.TestTypes.Unit.UnitTestAdapter, Microsoft.VisualStudio.QualityTools.Tips.UnitTest.Adapter, Version=10.0.0.0, Culture=neutral, PublicKeyToken=b03f5f7f11d50a3a" className="UndeadEarth.Test.Dal.when_retrieving_user, UndeadEarth.Test, Version=1.0.0.0, Culture=neutral, PublicKeyToken=null" name="should_throw_error_when_returning_last_visited_hotzone_if_user_doesnt_exist" />
    </UnitTest>
    <UnitTest name="should_update_last_visited_hotzone_for_user" storage="c:\projects\undeadearth\undeadearth.test\bin\debug\undeadearth.test.dll" id="8ca88260-b717-95ca-37eb-ce8b3138fe45">
      <Execution id="2069fe00-0bc2-4e74-a8e6-1683045b4c8a" />
      <TestMethod codeBase="C:/Projects/UndeadEarth/UndeadEarth.Test/bin/Debug/UndeadEarth.Test.DLL" adapterTypeName="Microsoft.VisualStudio.TestTools.TestTypes.Unit.UnitTestAdapter, Microsoft.VisualStudio.QualityTools.Tips.UnitTest.Adapter, Version=10.0.0.0, Culture=neutral, PublicKeyToken=b03f5f7f11d50a3a" className="UndeadEarth.Test.Dal.when_saving_user, UndeadEarth.Test, Version=1.0.0.0, Culture=neutral, PublicKeyToken=null" name="should_update_last_visited_hotzone_for_user" />
    </UnitTest>
    <UnitTest name="should_disregard_if_user_does_not_exist" storage="c:\projects\undeadearth\undeadearth.test\bin\debug\undeadearth.test.dll" id="29506837-8c96-f6c6-14e0-93c8ab580351">
      <Execution id="e6784279-3681-406b-883c-58a4eccb4fcd" />
      <TestMethod codeBase="C:/Projects/UndeadEarth/UndeadEarth.Test/bin/Debug/UndeadEarth.Test.DLL" adapterTypeName="Microsoft.VisualStudio.TestTools.TestTypes.Unit.UnitTestAdapter, Microsoft.VisualStudio.QualityTools.Tips.UnitTest.Adapter, Version=10.0.0.0, Culture=neutral, PublicKeyToken=b03f5f7f11d50a3a" className="UndeadEarth.Test.Model.when_transferring_items_from_user_to_safe_house, UndeadEarth.Test, Version=1.0.0.0, Culture=neutral, PublicKeyToken=null" name="should_disregard_if_user_does_not_exist" />
    </UnitTest>
    <UnitTest name="should_return_base_energy_for_user" storage="c:\projects\undeadearth\undeadearth.test\bin\debug\undeadearth.test.dll" id="544cc1f1-3454-5e87-e24b-52c6acff6b61">
      <Execution id="5888fc36-62b6-408c-8b5d-a44c0fd0fa6f" />
      <TestMethod codeBase="C:/Projects/UndeadEarth/UndeadEarth.Test/bin/Debug/UndeadEarth.Test.DLL" adapterTypeName="Microsoft.VisualStudio.TestTools.TestTypes.Unit.UnitTestAdapter, Microsoft.VisualStudio.QualityTools.Tips.UnitTest.Adapter, Version=10.0.0.0, Culture=neutral, PublicKeyToken=b03f5f7f11d50a3a" className="UndeadEarth.Test.Dal.when_retrieving_user_energy, UndeadEarth.Test, Version=1.0.0.0, Culture=neutral, PublicKeyToken=null" name="should_return_base_energy_for_user" />
    </UnitTest>
    <UnitTest name="should_save_item" storage="c:\projects\undeadearth\undeadearth.test\bin\debug\undeadearth.test.dll" id="e9fab572-8fef-43db-2f81-87bc2fbad50f">
      <Execution id="79fac63e-0369-4bc7-9d74-92d42dad539b" />
      <TestMethod codeBase="C:/Projects/UndeadEarth/UndeadEarth.Test/bin/Debug/UndeadEarth.Test.DLL" adapterTypeName="Microsoft.VisualStudio.TestTools.TestTypes.Unit.UnitTestAdapter, Microsoft.VisualStudio.QualityTools.Tips.UnitTest.Adapter, Version=10.0.0.0, Culture=neutral, PublicKeyToken=b03f5f7f11d50a3a" className="UndeadEarth.Test.Dal.when_saving_user_items, UndeadEarth.Test, Version=1.0.0.0, Culture=neutral, PublicKeyToken=null" name="should_save_item" />
    </UnitTest>
    <UnitTest name="should_return_attack_power_along_with_any_attack_power_increase_from_buying_different_items_and_no_items_in_safehouse" storage="c:\projects\undeadearth\undeadearth.test\bin\debug\undeadearth.test.dll" id="bc2bbda1-dfbc-fff1-89f7-377eb332a077">
      <Execution id="c22b5041-4257-49e7-a461-5388e89a0664" />
      <TestMethod codeBase="C:/Projects/UndeadEarth/UndeadEarth.Test/bin/Debug/UndeadEarth.Test.DLL" adapterTypeName="Microsoft.VisualStudio.TestTools.TestTypes.Unit.UnitTestAdapter, Microsoft.VisualStudio.QualityTools.Tips.UnitTest.Adapter, Version=10.0.0.0, Culture=neutral, PublicKeyToken=b03f5f7f11d50a3a" className="UndeadEarth.Test.Model.when_determining_users_max_potential_attack_power, UndeadEarth.Test, Version=1.0.0.0, Culture=neutral, PublicKeyToken=null" name="should_return_attack_power_along_with_any_attack_power_increase_from_buying_different_items_and_no_items_in_safehouse" />
    </UnitTest>
    <UnitTest name="should_return_true_if_item_does_exist" storage="c:\projects\undeadearth\undeadearth.test\bin\debug\undeadearth.test.dll" id="9d65c075-cd74-d595-76f3-d465e66be801">
      <Execution id="a6ab64ce-ac31-445e-9628-7064f4628956" />
      <TestMethod codeBase="C:/Projects/UndeadEarth/UndeadEarth.Test/bin/Debug/UndeadEarth.Test.DLL" adapterTypeName="Microsoft.VisualStudio.TestTools.TestTypes.Unit.UnitTestAdapter, Microsoft.VisualStudio.QualityTools.Tips.UnitTest.Adapter, Version=10.0.0.0, Culture=neutral, PublicKeyToken=b03f5f7f11d50a3a" className="UndeadEarth.Test.Dal.when_retrieving_items, UndeadEarth.Test, Version=1.0.0.0, Culture=neutral, PublicKeyToken=null" name="should_return_true_if_item_does_exist" />
    </UnitTest>
    <UnitTest name="should_return_baseline_attack_power_for_user_that_exists" storage="c:\projects\undeadearth\undeadearth.test\bin\debug\undeadearth.test.dll" id="d51d0821-4280-76e7-8d6d-17b8ea1953f0">
      <Execution id="1cf91462-ed17-4dac-8b79-d949e77110b2" />
      <TestMethod codeBase="C:/Projects/UndeadEarth/UndeadEarth.Test/bin/Debug/UndeadEarth.Test.DLL" adapterTypeName="Microsoft.VisualStudio.TestTools.TestTypes.Unit.UnitTestAdapter, Microsoft.VisualStudio.QualityTools.Tips.UnitTest.Adapter, Version=10.0.0.0, Culture=neutral, PublicKeyToken=b03f5f7f11d50a3a" className="UndeadEarth.Test.Dal.when_retrieving_user, UndeadEarth.Test, Version=1.0.0.0, Culture=neutral, PublicKeyToken=null" name="should_return_baseline_attack_power_for_user_that_exists" />
    </UnitTest>
    <UnitTest name="should_throw_error_if_facebook_user_id_is_zero" storage="c:\projects\undeadearth\undeadearth.test\bin\debug\undeadearth.test.dll" id="6ee3e612-4bf5-4b89-e2d7-9da260f06cb5">
      <Execution id="f76e706b-5d74-44ff-b709-8d377092ff32" />
      <TestMethod codeBase="C:/Projects/UndeadEarth/UndeadEarth.Test/bin/Debug/UndeadEarth.Test.DLL" adapterTypeName="Microsoft.VisualStudio.TestTools.TestTypes.Unit.UnitTestAdapter, Microsoft.VisualStudio.QualityTools.Tips.UnitTest.Adapter, Version=10.0.0.0, Culture=neutral, PublicKeyToken=b03f5f7f11d50a3a" className="UndeadEarth.Test.Dal.when_inserting_user, UndeadEarth.Test, Version=1.0.0.0, Culture=neutral, PublicKeyToken=null" name="should_throw_error_if_facebook_user_id_is_zero" />
    </UnitTest>
    <UnitTest name="should_return_achievement_for_killing_10_zombies" storage="c:\projects\undeadearth\undeadearth.test\bin\debug\undeadearth.test.dll" id="e731ae20-c844-7455-5d52-ca6eb82eb8c1">
      <Execution id="b59313a0-2f73-43c8-ad53-f391642b5923" />
      <TestMethod codeBase="C:/Projects/UndeadEarth/UndeadEarth.Test/bin/Debug/UndeadEarth.Test.DLL" adapterTypeName="Microsoft.VisualStudio.TestTools.TestTypes.Unit.UnitTestAdapter, Microsoft.VisualStudio.QualityTools.Tips.UnitTest.Adapter, Version=10.0.0.0, Culture=neutral, PublicKeyToken=b03f5f7f11d50a3a" className="UndeadEarth.Test.Model.when_retrieving_achievements, UndeadEarth.Test, Version=1.0.0.0, Culture=neutral, PublicKeyToken=null" name="should_return_achievement_for_killing_10_zombies" />
    </UnitTest>
    <UnitTest name="should_return_peak_attack" storage="c:\projects\undeadearth\undeadearth.test\bin\debug\undeadearth.test.dll" id="8139f5f3-bee3-cd07-2820-fcf4f70f9ff0">
      <Execution id="6bd3c4a4-a8be-4caf-8bde-adac078a334f" />
      <TestMethod codeBase="C:/Projects/UndeadEarth/UndeadEarth.Test/bin/Debug/UndeadEarth.Test.DLL" adapterTypeName="Microsoft.VisualStudio.TestTools.TestTypes.Unit.UnitTestAdapter, Microsoft.VisualStudio.QualityTools.Tips.UnitTest.Adapter, Version=10.0.0.0, Culture=neutral, PublicKeyToken=b03f5f7f11d50a3a" className="UndeadEarth.Test.Dal.when_retrieving_user_counts, UndeadEarth.Test, Version=1.0.0.0, Culture=neutral, PublicKeyToken=null" name="should_return_peak_attack" />
    </UnitTest>
    <UnitTest name="should_throw_error_when_returning_user_current_base_attack_if_user_doesnt_exist" storage="c:\projects\undeadearth\undeadearth.test\bin\debug\undeadearth.test.dll" id="c7989c99-7490-d68e-f8ba-99491ffceea3">
      <Execution id="81cddde6-6004-4925-852c-d86246b3be4f" />
      <TestMethod codeBase="C:/Projects/UndeadEarth/UndeadEarth.Test/bin/Debug/UndeadEarth.Test.DLL" adapterTypeName="Microsoft.VisualStudio.TestTools.TestTypes.Unit.UnitTestAdapter, Microsoft.VisualStudio.QualityTools.Tips.UnitTest.Adapter, Version=10.0.0.0, Culture=neutral, PublicKeyToken=b03f5f7f11d50a3a" className="UndeadEarth.Test.Dal.when_retrieving_user, UndeadEarth.Test, Version=1.0.0.0, Culture=neutral, PublicKeyToken=null" name="should_throw_error_when_returning_user_current_base_attack_if_user_doesnt_exist" />
    </UnitTest>
    <UnitTest name="should_update_user_level_and_user_base_attack_and_user_base_energy_and_user_inventory_when_user_kills_enough_zombies_to_pass_level" storage="c:\projects\undeadearth\undeadearth.test\bin\debug\undeadearth.test.dll" id="bc231f56-0b8a-34bb-d73a-6bc2b970aa27">
      <Execution id="c6513db5-5775-4a02-9657-c9ef140e6542" />
      <TestMethod codeBase="C:/Projects/UndeadEarth/UndeadEarth.Test/bin/Debug/UndeadEarth.Test.DLL" adapterTypeName="Microsoft.VisualStudio.TestTools.TestTypes.Unit.UnitTestAdapter, Microsoft.VisualStudio.QualityTools.Tips.UnitTest.Adapter, Version=10.0.0.0, Culture=neutral, PublicKeyToken=b03f5f7f11d50a3a" className="UndeadEarth.Test.Model.when_servicing_user_level_and_attributes, UndeadEarth.Test, Version=1.0.0.0, Culture=neutral, PublicKeyToken=null" name="should_update_user_level_and_user_base_attack_and_user_base_energy_and_user_inventory_when_user_kills_enough_zombies_to_pass_level" />
    </UnitTest>
    <UnitTest name="should_throw_error_if_user_does_not_exist" storage="c:\projects\undeadearth\undeadearth.test\bin\debug\undeadearth.test.dll" id="facd1619-809e-3892-1c5d-a369458909c6">
      <Execution id="ff411446-c28d-4fa1-9423-6f237c436ba3" />
      <TestMethod codeBase="C:/Projects/UndeadEarth/UndeadEarth.Test/bin/Debug/UndeadEarth.Test.DLL" adapterTypeName="Microsoft.VisualStudio.TestTools.TestTypes.Unit.UnitTestAdapter, Microsoft.VisualStudio.QualityTools.Tips.UnitTest.Adapter, Version=10.0.0.0, Culture=neutral, PublicKeyToken=b03f5f7f11d50a3a" className="UndeadEarth.Test.Dal.when_retrieving_user_energy, UndeadEarth.Test, Version=1.0.0.0, Culture=neutral, PublicKeyToken=null" name="should_throw_error_if_user_does_not_exist" />
    </UnitTest>
    <UnitTest name="should_throw_error_for_saving_mas_energy_if_user_does_not_exist" storage="c:\projects\undeadearth\undeadearth.test\bin\debug\undeadearth.test.dll" id="c9e2118a-af3f-f908-ba61-20f5edd2b827">
      <Execution id="ea4f238e-5ac2-47a1-8731-3b866f7ec2c5" />
      <TestMethod codeBase="C:/Projects/UndeadEarth/UndeadEarth.Test/bin/Debug/UndeadEarth.Test.DLL" adapterTypeName="Microsoft.VisualStudio.TestTools.TestTypes.Unit.UnitTestAdapter, Microsoft.VisualStudio.QualityTools.Tips.UnitTest.Adapter, Version=10.0.0.0, Culture=neutral, PublicKeyToken=b03f5f7f11d50a3a" className="UndeadEarth.Test.Dal.when_saving_user_sight_radius, UndeadEarth.Test, Version=1.0.0.0, Culture=neutral, PublicKeyToken=null" name="should_throw_error_for_saving_mas_energy_if_user_does_not_exist" />
    </UnitTest>
    <UnitTest name="should_not_hunt_if_user_is_not_at_zombie_pack_longitude" storage="c:\projects\undeadearth\undeadearth.test\bin\debug\undeadearth.test.dll" id="e714817d-ce86-8716-57bb-b981b1597240">
      <Execution id="d3f440c9-f67d-46c3-be9c-f27c6b6e312a" />
      <TestMethod codeBase="C:/Projects/UndeadEarth/UndeadEarth.Test/bin/Debug/UndeadEarth.Test.DLL" adapterTypeName="Microsoft.VisualStudio.TestTools.TestTypes.Unit.UnitTestAdapter, Microsoft.VisualStudio.QualityTools.Tips.UnitTest.Adapter, Version=10.0.0.0, Culture=neutral, PublicKeyToken=b03f5f7f11d50a3a" className="UndeadEarth.Test.Model.when_hunting_for_zombies, UndeadEarth.Test, Version=1.0.0.0, Culture=neutral, PublicKeyToken=null" name="should_not_hunt_if_user_is_not_at_zombie_pack_longitude" />
    </UnitTest>
    <UnitTest name="should_return_false_for_IsStartingHotzone_if_hotzone_doesnt_exist" storage="c:\projects\undeadearth\undeadearth.test\bin\debug\undeadearth.test.dll" id="269b2e64-447a-b926-cd3c-a38128cb3896">
      <Execution id="270d4a73-7016-45ea-8c8d-b7590a6c7856" />
      <TestMethod codeBase="C:/Projects/UndeadEarth/UndeadEarth.Test/bin/Debug/UndeadEarth.Test.DLL" adapterTypeName="Microsoft.VisualStudio.TestTools.TestTypes.Unit.UnitTestAdapter, Microsoft.VisualStudio.QualityTools.Tips.UnitTest.Adapter, Version=10.0.0.0, Culture=neutral, PublicKeyToken=b03f5f7f11d50a3a" className="UndeadEarth.Test.Dal.when_retrieving_hot_zones, UndeadEarth.Test, Version=1.0.0.0, Culture=neutral, PublicKeyToken=null" name="should_return_false_for_IsStartingHotzone_if_hotzone_doesnt_exist" />
    </UnitTest>
    <UnitTest name="should_disregard_safehouse_items_that_are_one_use" storage="c:\projects\undeadearth\undeadearth.test\bin\debug\undeadearth.test.dll" id="b56cc93a-1a34-87ca-906c-3850d1ae7b74">
      <Execution id="dd3b8404-9ecc-4117-998a-af2ef34f561d" />
      <TestMethod codeBase="C:/Projects/UndeadEarth/UndeadEarth.Test/bin/Debug/UndeadEarth.Test.DLL" adapterTypeName="Microsoft.VisualStudio.TestTools.TestTypes.Unit.UnitTestAdapter, Microsoft.VisualStudio.QualityTools.Tips.UnitTest.Adapter, Version=10.0.0.0, Culture=neutral, PublicKeyToken=b03f5f7f11d50a3a" className="UndeadEarth.Test.Model.when_determining_users_max_potential_attack_power, UndeadEarth.Test, Version=1.0.0.0, Culture=neutral, PublicKeyToken=null" name="should_disregard_safehouse_items_that_are_one_use" />
    </UnitTest>
    <UnitTest name="should_disregard_if_user_does_not_exist" storage="c:\projects\undeadearth\undeadearth.test\bin\debug\undeadearth.test.dll" id="81cb2920-61d9-e3df-f3bf-c3ed245e0ab0">
      <Execution id="b74a8850-7846-4b2d-a44e-60186479b11d" />
      <TestMethod codeBase="C:/Projects/UndeadEarth/UndeadEarth.Test/bin/Debug/UndeadEarth.Test.DLL" adapterTypeName="Microsoft.VisualStudio.TestTools.TestTypes.Unit.UnitTestAdapter, Microsoft.VisualStudio.QualityTools.Tips.UnitTest.Adapter, Version=10.0.0.0, Culture=neutral, PublicKeyToken=b03f5f7f11d50a3a" className="UndeadEarth.Test.Model.when_transferring_items_from_safe_house_to_user, UndeadEarth.Test, Version=1.0.0.0, Culture=neutral, PublicKeyToken=null" name="should_disregard_if_user_does_not_exist" />
    </UnitTest>
    <UnitTest name="should_return_achievement_for_killing_1_zombie" storage="c:\projects\undeadearth\undeadearth.test\bin\debug\undeadearth.test.dll" id="1b56219d-f99d-2b01-66f0-01c3b94f4ee2">
      <Execution id="d0b2fc45-9317-4abc-aad0-3f8ab91803c4" />
      <TestMethod codeBase="C:/Projects/UndeadEarth/UndeadEarth.Test/bin/Debug/UndeadEarth.Test.DLL" adapterTypeName="Microsoft.VisualStudio.TestTools.TestTypes.Unit.UnitTestAdapter, Microsoft.VisualStudio.QualityTools.Tips.UnitTest.Adapter, Version=10.0.0.0, Culture=neutral, PublicKeyToken=b03f5f7f11d50a3a" className="UndeadEarth.Test.Model.when_retrieving_achievements, UndeadEarth.Test, Version=1.0.0.0, Culture=neutral, PublicKeyToken=null" name="should_return_achievement_for_killing_1_zombie" />
    </UnitTest>
    <UnitTest name="should_return_achievement_for_killing_1000_zombies" storage="c:\projects\undeadearth\undeadearth.test\bin\debug\undeadearth.test.dll" id="809902e6-5c64-c35c-89c5-d13cd243728a">
      <Execution id="5ae68639-724e-4578-8bc3-55a09ecda7b4" />
      <TestMethod codeBase="C:/Projects/UndeadEarth/UndeadEarth.Test/bin/Debug/UndeadEarth.Test.DLL" adapterTypeName="Microsoft.VisualStudio.TestTools.TestTypes.Unit.UnitTestAdapter, Microsoft.VisualStudio.QualityTools.Tips.UnitTest.Adapter, Version=10.0.0.0, Culture=neutral, PublicKeyToken=b03f5f7f11d50a3a" className="UndeadEarth.Test.Model.when_retrieving_achievements, UndeadEarth.Test, Version=1.0.0.0, Culture=neutral, PublicKeyToken=null" name="should_return_achievement_for_killing_1000_zombies" />
    </UnitTest>
    <UnitTest name="should_return_achievement_for_peak_zombies_of_two" storage="c:\projects\undeadearth\undeadearth.test\bin\debug\undeadearth.test.dll" id="2604ff32-2b78-d0a6-0890-b8bb202063cc">
      <Execution id="aa41005c-89ee-4447-bbf6-4fd7090c181e" />
      <TestMethod codeBase="C:/Projects/UndeadEarth/UndeadEarth.Test/bin/Debug/UndeadEarth.Test.DLL" adapterTypeName="Microsoft.VisualStudio.TestTools.TestTypes.Unit.UnitTestAdapter, Microsoft.VisualStudio.QualityTools.Tips.UnitTest.Adapter, Version=10.0.0.0, Culture=neutral, PublicKeyToken=b03f5f7f11d50a3a" className="UndeadEarth.Test.Model.when_retrieving_achievements, UndeadEarth.Test, Version=1.0.0.0, Culture=neutral, PublicKeyToken=null" name="should_return_achievement_for_peak_zombies_of_two" />
    </UnitTest>
    <UnitTest name="should_return_0_if_user_does_not_exist" storage="c:\projects\undeadearth\undeadearth.test\bin\debug\undeadearth.test.dll" id="d8a245d8-8db6-bd87-8600-23c0fc08446c">
      <Execution id="8355e072-1f1e-4de5-a9a8-bfa14f94a679" />
      <TestMethod codeBase="C:/Projects/UndeadEarth/UndeadEarth.Test/bin/Debug/UndeadEarth.Test.DLL" adapterTypeName="Microsoft.VisualStudio.TestTools.TestTypes.Unit.UnitTestAdapter, Microsoft.VisualStudio.QualityTools.Tips.UnitTest.Adapter, Version=10.0.0.0, Culture=neutral, PublicKeyToken=b03f5f7f11d50a3a" className="UndeadEarth.Test.Model.when_determining_users_current_sight_radius, UndeadEarth.Test, Version=1.0.0.0, Culture=neutral, PublicKeyToken=null" name="should_return_0_if_user_does_not_exist" />
    </UnitTest>
    <UnitTest name="should_retrieve_user_zombie_pack_progress_for_user" storage="c:\projects\undeadearth\undeadearth.test\bin\debug\undeadearth.test.dll" id="612613da-83db-bad4-0786-2d957381d4ad">
      <Execution id="3e25b77d-84c7-4071-8f4a-0b3f46897b9d" />
      <TestMethod codeBase="C:/Projects/UndeadEarth/UndeadEarth.Test/bin/Debug/UndeadEarth.Test.DLL" adapterTypeName="Microsoft.VisualStudio.TestTools.TestTypes.Unit.UnitTestAdapter, Microsoft.VisualStudio.QualityTools.Tips.UnitTest.Adapter, Version=10.0.0.0, Culture=neutral, PublicKeyToken=b03f5f7f11d50a3a" className="UndeadEarth.Test.Dal.when_retrieving_user_zombie_pack_progress, UndeadEarth.Test, Version=1.0.0.0, Culture=neutral, PublicKeyToken=null" name="should_retrieve_user_zombie_pack_progress_for_user" />
    </UnitTest>
    <UnitTest name="should_truncate_seconds_and_milliseconds_from_times_that_are_being_used_for_calculating_sight_radius" storage="c:\projects\undeadearth\undeadearth.test\bin\debug\undeadearth.test.dll" id="f6ef8399-e04f-58b6-2ee9-2d40209a41f1">
      <Execution id="c5ce18c6-739b-42af-8220-8bec2f7dee2a" />
      <TestMethod codeBase="C:/Projects/UndeadEarth/UndeadEarth.Test/bin/Debug/UndeadEarth.Test.DLL" adapterTypeName="Microsoft.VisualStudio.TestTools.TestTypes.Unit.UnitTestAdapter, Microsoft.VisualStudio.QualityTools.Tips.UnitTest.Adapter, Version=10.0.0.0, Culture=neutral, PublicKeyToken=b03f5f7f11d50a3a" className="UndeadEarth.Test.Model.when_determining_users_current_sight_radius, UndeadEarth.Test, Version=1.0.0.0, Culture=neutral, PublicKeyToken=null" name="should_truncate_seconds_and_milliseconds_from_times_that_are_being_used_for_calculating_sight_radius" />
    </UnitTest>
    <UnitTest name="should_save_item_in_user_inventory_and_take_out_of_safe_house_inventory" storage="c:\projects\undeadearth\undeadearth.test\bin\debug\undeadearth.test.dll" id="5f1fabc6-b3c7-d9b8-821e-098ccaf3eed1">
      <Execution id="1a6dfc89-aef1-40b3-aa60-c4898f705894" />
      <TestMethod codeBase="C:/Projects/UndeadEarth/UndeadEarth.Test/bin/Debug/UndeadEarth.Test.DLL" adapterTypeName="Microsoft.VisualStudio.TestTools.TestTypes.Unit.UnitTestAdapter, Microsoft.VisualStudio.QualityTools.Tips.UnitTest.Adapter, Version=10.0.0.0, Culture=neutral, PublicKeyToken=b03f5f7f11d50a3a" className="UndeadEarth.Test.Model.when_transferring_items_from_safe_house_to_user, UndeadEarth.Test, Version=1.0.0.0, Culture=neutral, PublicKeyToken=null" name="should_save_item_in_user_inventory_and_take_out_of_safe_house_inventory" />
    </UnitTest>
    <UnitTest name="should_throw_error_if_facebook_user_id_is_0_and_retrieval_is_attempted" storage="c:\projects\undeadearth\undeadearth.test\bin\debug\undeadearth.test.dll" id="d10bf695-c889-b70c-ad2f-f77a6c930e0a">
      <Execution id="9fe8b46e-7706-46c0-87f8-735fe0c8fda7" />
      <TestMethod codeBase="C:/Projects/UndeadEarth/UndeadEarth.Test/bin/Debug/UndeadEarth.Test.DLL" adapterTypeName="Microsoft.VisualStudio.TestTools.TestTypes.Unit.UnitTestAdapter, Microsoft.VisualStudio.QualityTools.Tips.UnitTest.Adapter, Version=10.0.0.0, Culture=neutral, PublicKeyToken=b03f5f7f11d50a3a" className="UndeadEarth.Test.Dal.when_retrieving_user, UndeadEarth.Test, Version=1.0.0.0, Culture=neutral, PublicKeyToken=null" name="should_throw_error_if_facebook_user_id_is_0_and_retrieval_is_attempted" />
    </UnitTest>
    <UnitTest name="should_create_counts_record_if_none_exists_for_user" storage="c:\projects\undeadearth\undeadearth.test\bin\debug\undeadearth.test.dll" id="4013d892-4605-1c26-5721-43931adf425c">
      <Execution id="8e2eb165-bc3f-4d89-837b-bec3e68b210e" />
      <TestMethod codeBase="C:/Projects/UndeadEarth/UndeadEarth.Test/bin/Debug/UndeadEarth.Test.DLL" adapterTypeName="Microsoft.VisualStudio.TestTools.TestTypes.Unit.UnitTestAdapter, Microsoft.VisualStudio.QualityTools.Tips.UnitTest.Adapter, Version=10.0.0.0, Culture=neutral, PublicKeyToken=b03f5f7f11d50a3a" className="UndeadEarth.Test.Dal.when_saving_user_counts, UndeadEarth.Test, Version=1.0.0.0, Culture=neutral, PublicKeyToken=null" name="should_create_counts_record_if_none_exists_for_user" />
    </UnitTest>
    <UnitTest name="should_give_user_a_random_amount_of_money_after_hunt" storage="c:\projects\undeadearth\undeadearth.test\bin\debug\undeadearth.test.dll" id="537a0821-9a13-8b7a-298b-1a1d7b7834c1">
      <Execution id="10075330-2645-4e93-a1cb-63fc74718914" />
      <TestMethod codeBase="C:/Projects/UndeadEarth/UndeadEarth.Test/bin/Debug/UndeadEarth.Test.DLL" adapterTypeName="Microsoft.VisualStudio.TestTools.TestTypes.Unit.UnitTestAdapter, Microsoft.VisualStudio.QualityTools.Tips.UnitTest.Adapter, Version=10.0.0.0, Culture=neutral, PublicKeyToken=b03f5f7f11d50a3a" className="UndeadEarth.Test.Model.when_hunting_for_zombies, UndeadEarth.Test, Version=1.0.0.0, Culture=neutral, PublicKeyToken=null" name="should_give_user_a_random_amount_of_money_after_hunt" />
    </UnitTest>
    <UnitTest name="should_return_calcuated_sight_radius_for_user_based_on_minutes_passed_since_last_saved_sight_radius" storage="c:\projects\undeadearth\undeadearth.test\bin\debug\undeadearth.test.dll" id="95252275-5d7e-5275-9816-a53a17373eae">
      <Execution id="b525a1ee-5e27-4473-8a82-a1903bd11589" />
      <TestMethod codeBase="C:/Projects/UndeadEarth/UndeadEarth.Test/bin/Debug/UndeadEarth.Test.DLL" adapterTypeName="Microsoft.VisualStudio.TestTools.TestTypes.Unit.UnitTestAdapter, Microsoft.VisualStudio.QualityTools.Tips.UnitTest.Adapter, Version=10.0.0.0, Culture=neutral, PublicKeyToken=b03f5f7f11d50a3a" className="UndeadEarth.Test.Model.when_determining_users_current_sight_radius, UndeadEarth.Test, Version=1.0.0.0, Culture=neutral, PublicKeyToken=null" name="should_return_calcuated_sight_radius_for_user_based_on_minutes_passed_since_last_saved_sight_radius" />
    </UnitTest>
    <UnitTest name="when_checking_user_level_and_zombie_kills_to_update_attributes_should_return_if_user_does_not_exist" storage="c:\projects\undeadearth\undeadearth.test\bin\debug\undeadearth.test.dll" id="86374614-7da2-d70a-a3e6-d86ececa0915">
      <Execution id="35ca09e8-7943-4e99-87f4-ac169ddf1084" />
      <TestMethod codeBase="C:/Projects/UndeadEarth/UndeadEarth.Test/bin/Debug/UndeadEarth.Test.DLL" adapterTypeName="Microsoft.VisualStudio.TestTools.TestTypes.Unit.UnitTestAdapter, Microsoft.VisualStudio.QualityTools.Tips.UnitTest.Adapter, Version=10.0.0.0, Culture=neutral, PublicKeyToken=b03f5f7f11d50a3a" className="UndeadEarth.Test.Model.when_servicing_user_level_and_attributes, UndeadEarth.Test, Version=1.0.0.0, Culture=neutral, PublicKeyToken=null" name="when_checking_user_level_and_zombie_kills_to_update_attributes_should_return_if_user_does_not_exist" />
    </UnitTest>
    <UnitTest name="should_return_achivement_for_destroying_10_hotzones" storage="c:\projects\undeadearth\undeadearth.test\bin\debug\undeadearth.test.dll" id="49540a47-9778-939f-7252-2442e060eeb3">
      <Execution id="683d8366-1f76-4369-aefa-c577452c56a2" />
      <TestMethod codeBase="C:/Projects/UndeadEarth/UndeadEarth.Test/bin/Debug/UndeadEarth.Test.DLL" adapterTypeName="Microsoft.VisualStudio.TestTools.TestTypes.Unit.UnitTestAdapter, Microsoft.VisualStudio.QualityTools.Tips.UnitTest.Adapter, Version=10.0.0.0, Culture=neutral, PublicKeyToken=b03f5f7f11d50a3a" className="UndeadEarth.Test.Model.when_retrieving_achievements, UndeadEarth.Test, Version=1.0.0.0, Culture=neutral, PublicKeyToken=null" name="should_return_achivement_for_destroying_10_hotzones" />
    </UnitTest>
    <UnitTest name="should_retrieve_users_current_level" storage="c:\projects\undeadearth\undeadearth.test\bin\debug\undeadearth.test.dll" id="a6b9a5f6-83d7-1eba-5a05-ac8e16d1f134">
      <Execution id="62b615d4-06a6-4931-86e0-288495eb01aa" />
      <TestMethod codeBase="C:/Projects/UndeadEarth/UndeadEarth.Test/bin/Debug/UndeadEarth.Test.DLL" adapterTypeName="Microsoft.VisualStudio.TestTools.TestTypes.Unit.UnitTestAdapter, Microsoft.VisualStudio.QualityTools.Tips.UnitTest.Adapter, Version=10.0.0.0, Culture=neutral, PublicKeyToken=b03f5f7f11d50a3a" className="UndeadEarth.Test.Dal.when_retrieving_user, UndeadEarth.Test, Version=1.0.0.0, Culture=neutral, PublicKeyToken=null" name="should_retrieve_users_current_level" />
    </UnitTest>
    <UnitTest name="should_calculate_miles_between_two_points" storage="c:\projects\undeadearth\undeadearth.test\bin\debug\undeadearth.test.dll" id="f395261d-5bed-0fbe-8f0d-91e27b638206">
      <Execution id="5f886825-800b-416e-b355-48d14af78958" />
      <TestMethod codeBase="C:/Projects/UndeadEarth/UndeadEarth.Test/bin/Debug/UndeadEarth.Test.DLL" adapterTypeName="Microsoft.VisualStudio.TestTools.TestTypes.Unit.UnitTestAdapter, Microsoft.VisualStudio.QualityTools.Tips.UnitTest.Adapter, Version=10.0.0.0, Culture=neutral, PublicKeyToken=b03f5f7f11d50a3a" className="UndeadEarth.Test.Model.when_calculating_distance, UndeadEarth.Test, Version=1.0.0.0, Culture=neutral, PublicKeyToken=null" name="should_calculate_miles_between_two_points" />
    </UnitTest>
    <UnitTest name="should_return_null_if_user_does_not_exist" storage="c:\projects\undeadearth\undeadearth.test\bin\debug\undeadearth.test.dll" id="9829ccd4-7897-563f-fa8f-058ccd4d2394">
      <Execution id="ebd04545-19eb-48a0-8769-62ea15b63346" />
      <TestMethod codeBase="C:/Projects/UndeadEarth/UndeadEarth.Test/bin/Debug/UndeadEarth.Test.DLL" adapterTypeName="Microsoft.VisualStudio.TestTools.TestTypes.Unit.UnitTestAdapter, Microsoft.VisualStudio.QualityTools.Tips.UnitTest.Adapter, Version=10.0.0.0, Culture=neutral, PublicKeyToken=b03f5f7f11d50a3a" className="UndeadEarth.Test.Dal.when_retrieving_user, UndeadEarth.Test, Version=1.0.0.0, Culture=neutral, PublicKeyToken=null" name="should_return_null_if_user_does_not_exist" />
    </UnitTest>
    <UnitTest name="should_update_hot_zone_if_user_is_on_new_hot_zone" storage="c:\projects\undeadearth\undeadearth.test\bin\debug\undeadearth.test.dll" id="5da90bcc-6e5d-3a2d-e174-d391c0422e11">
      <Execution id="b6cc2620-6aa1-407b-afe5-bd130e6d3da8" />
      <TestMethod codeBase="C:/Projects/UndeadEarth/UndeadEarth.Test/bin/Debug/UndeadEarth.Test.DLL" adapterTypeName="Microsoft.VisualStudio.TestTools.TestTypes.Unit.UnitTestAdapter, Microsoft.VisualStudio.QualityTools.Tips.UnitTest.Adapter, Version=10.0.0.0, Culture=neutral, PublicKeyToken=b03f5f7f11d50a3a" className="UndeadEarth.Test.Dal.when_saving_user, UndeadEarth.Test, Version=1.0.0.0, Culture=neutral, PublicKeyToken=null" name="should_update_hot_zone_if_user_is_on_new_hot_zone" />
    </UnitTest>
    <UnitTest name="should_update_zone_user_is_in" storage="c:\projects\undeadearth\undeadearth.test\bin\debug\undeadearth.test.dll" id="d9cc8fd3-0870-25cd-301c-1c45a9609c32">
      <Execution id="78c54711-aa52-414b-92cf-fe458b103ab9" />
      <TestMethod codeBase="C:/Projects/UndeadEarth/UndeadEarth.Test/bin/Debug/UndeadEarth.Test.DLL" adapterTypeName="Microsoft.VisualStudio.TestTools.TestTypes.Unit.UnitTestAdapter, Microsoft.VisualStudio.QualityTools.Tips.UnitTest.Adapter, Version=10.0.0.0, Culture=neutral, PublicKeyToken=b03f5f7f11d50a3a" className="UndeadEarth.Test.Dal.when_saving_user, UndeadEarth.Test, Version=1.0.0.0, Culture=neutral, PublicKeyToken=null" name="should_update_zone_user_is_in" />
    </UnitTest>
    <UnitTest name="should_remove_safe_house_item" storage="c:\projects\undeadearth\undeadearth.test\bin\debug\undeadearth.test.dll" id="f3417486-69dc-de2a-dd50-52fd43d006f5">
      <Execution id="d9bf5368-1811-4502-855c-f4f6109b5259" />
      <TestMethod codeBase="C:/Projects/UndeadEarth/UndeadEarth.Test/bin/Debug/UndeadEarth.Test.DLL" adapterTypeName="Microsoft.VisualStudio.TestTools.TestTypes.Unit.UnitTestAdapter, Microsoft.VisualStudio.QualityTools.Tips.UnitTest.Adapter, Version=10.0.0.0, Culture=neutral, PublicKeyToken=b03f5f7f11d50a3a" className="UndeadEarth.Test.Dal.when_retrieving_items, UndeadEarth.Test, Version=1.0.0.0, Culture=neutral, PublicKeyToken=null" name="should_remove_safe_house_item" />
    </UnitTest>
    <UnitTest name="should_take_into_consideration_equipped_items_when_determining_min_sight_radius" storage="c:\projects\undeadearth\undeadearth.test\bin\debug\undeadearth.test.dll" id="ba999509-487a-7f04-1438-f406952dc58e">
      <Execution id="fa0e0823-aaff-4463-8e6b-6e18bad2b5de" />
      <TestMethod codeBase="C:/Projects/UndeadEarth/UndeadEarth.Test/bin/Debug/UndeadEarth.Test.DLL" adapterTypeName="Microsoft.VisualStudio.TestTools.TestTypes.Unit.UnitTestAdapter, Microsoft.VisualStudio.QualityTools.Tips.UnitTest.Adapter, Version=10.0.0.0, Culture=neutral, PublicKeyToken=b03f5f7f11d50a3a" className="UndeadEarth.Test.Model.when_determining_users_current_sight_radius, UndeadEarth.Test, Version=1.0.0.0, Culture=neutral, PublicKeyToken=null" name="should_take_into_consideration_equipped_items_when_determining_min_sight_radius" />
    </UnitTest>
    <UnitTest name="should_return_false_if_safe_house_does_not_exist" storage="c:\projects\undeadearth\undeadearth.test\bin\debug\undeadearth.test.dll" id="11b9b59c-993f-c435-5dd4-71b20fb4e5e5">
      <Execution id="8f94c5ab-f37f-443a-8221-7a43ef1e66dd" />
      <TestMethod codeBase="C:/Projects/UndeadEarth/UndeadEarth.Test/bin/Debug/UndeadEarth.Test.DLL" adapterTypeName="Microsoft.VisualStudio.TestTools.TestTypes.Unit.UnitTestAdapter, Microsoft.VisualStudio.QualityTools.Tips.UnitTest.Adapter, Version=10.0.0.0, Culture=neutral, PublicKeyToken=b03f5f7f11d50a3a" className="UndeadEarth.Test.Dal.when_retrieving_safe_houses, UndeadEarth.Test, Version=1.0.0.0, Culture=neutral, PublicKeyToken=null" name="should_return_false_if_safe_house_does_not_exist" />
    </UnitTest>
    <UnitTest name="should_increment_hotzones_destroyed" storage="c:\projects\undeadearth\undeadearth.test\bin\debug\undeadearth.test.dll" id="50a0e180-73b1-f3e2-9755-9dfe75491e60">
      <Execution id="3f472e12-366d-413a-bc49-c401248bd096" />
      <TestMethod codeBase="C:/Projects/UndeadEarth/UndeadEarth.Test/bin/Debug/UndeadEarth.Test.DLL" adapterTypeName="Microsoft.VisualStudio.TestTools.TestTypes.Unit.UnitTestAdapter, Microsoft.VisualStudio.QualityTools.Tips.UnitTest.Adapter, Version=10.0.0.0, Culture=neutral, PublicKeyToken=b03f5f7f11d50a3a" className="UndeadEarth.Test.Dal.when_saving_user_counts, UndeadEarth.Test, Version=1.0.0.0, Culture=neutral, PublicKeyToken=null" name="should_increment_hotzones_destroyed" />
    </UnitTest>
    <UnitTest name="should_retrieve_stores_associated_with_hotzone" storage="c:\projects\undeadearth\undeadearth.test\bin\debug\undeadearth.test.dll" id="a882d58c-8888-fab1-21e4-618bb71ae1ce">
      <Execution id="02163ff6-dba7-4809-bc5c-3733d7122e16" />
      <TestMethod codeBase="C:/Projects/UndeadEarth/UndeadEarth.Test/bin/Debug/UndeadEarth.Test.DLL" adapterTypeName="Microsoft.VisualStudio.TestTools.TestTypes.Unit.UnitTestAdapter, Microsoft.VisualStudio.QualityTools.Tips.UnitTest.Adapter, Version=10.0.0.0, Culture=neutral, PublicKeyToken=b03f5f7f11d50a3a" className="UndeadEarth.Test.Dal.when_retrieving_stores, UndeadEarth.Test, Version=1.0.0.0, Culture=neutral, PublicKeyToken=null" name="should_retrieve_stores_associated_with_hotzone" />
    </UnitTest>
    <UnitTest name="should_set_base_line_for_users_max_potential_if_last_hotzone_visited_is_null" storage="c:\projects\undeadearth\undeadearth.test\bin\debug\undeadearth.test.dll" id="95fac6cd-cd0a-1020-088f-f907c1eb2032">
      <Execution id="7546cde1-fec7-483a-90b9-1977b13170e8" />
      <TestMethod codeBase="C:/Projects/UndeadEarth/UndeadEarth.Test/bin/Debug/UndeadEarth.Test.DLL" adapterTypeName="Microsoft.VisualStudio.TestTools.TestTypes.Unit.UnitTestAdapter, Microsoft.VisualStudio.QualityTools.Tips.UnitTest.Adapter, Version=10.0.0.0, Culture=neutral, PublicKeyToken=b03f5f7f11d50a3a" className="UndeadEarth.Test.Model.when_determining_zombie_pack_progress, UndeadEarth.Test, Version=1.0.0.0, Culture=neutral, PublicKeyToken=null" name="should_set_base_line_for_users_max_potential_if_last_hotzone_visited_is_null" />
    </UnitTest>
    <UnitTest name="should_return_null_for_base_sight_radius_if_user_exists_but_max_sight_radius_is_null" storage="c:\projects\undeadearth\undeadearth.test\bin\debug\undeadearth.test.dll" id="55ffc7bf-3f9e-b38d-348c-5fc84dd1b9ed">
      <Execution id="b6fc5e2e-fb6f-4e1b-82f8-9b20d7727885" />
      <TestMethod codeBase="C:/Projects/UndeadEarth/UndeadEarth.Test/bin/Debug/UndeadEarth.Test.DLL" adapterTypeName="Microsoft.VisualStudio.TestTools.TestTypes.Unit.UnitTestAdapter, Microsoft.VisualStudio.QualityTools.Tips.UnitTest.Adapter, Version=10.0.0.0, Culture=neutral, PublicKeyToken=b03f5f7f11d50a3a" className="UndeadEarth.Test.Dal.when_retrieving_user_sight_radius, UndeadEarth.Test, Version=1.0.0.0, Culture=neutral, PublicKeyToken=null" name="should_return_null_for_base_sight_radius_if_user_exists_but_max_sight_radius_is_null" />
    </UnitTest>
    <UnitTest name="should_return_the_summation_of_the_attack_powers_of_items_on_person" storage="c:\projects\undeadearth\undeadearth.test\bin\debug\undeadearth.test.dll" id="19198647-e17a-fca8-64d0-a720ab9e3894">
      <Execution id="d560fea7-9f20-468e-b259-0cda0cc5bb22" />
      <TestMethod codeBase="C:/Projects/UndeadEarth/UndeadEarth.Test/bin/Debug/UndeadEarth.Test.DLL" adapterTypeName="Microsoft.VisualStudio.TestTools.TestTypes.Unit.UnitTestAdapter, Microsoft.VisualStudio.QualityTools.Tips.UnitTest.Adapter, Version=10.0.0.0, Culture=neutral, PublicKeyToken=b03f5f7f11d50a3a" className="UndeadEarth.Test.Model.when_retrieving_user_attack_power, UndeadEarth.Test, Version=1.0.0.0, Culture=neutral, PublicKeyToken=null" name="should_return_the_summation_of_the_attack_powers_of_items_on_person" />
    </UnitTest>
    <UnitTest name="should_return_the_amount_of_money_the_user_currently_has" storage="c:\projects\undeadearth\undeadearth.test\bin\debug\undeadearth.test.dll" id="6beb3a34-356e-6f1e-6b50-8d176c416598">
      <Execution id="98a2e7b6-4cf0-40e7-b29d-2087ec8abb3c" />
      <TestMethod codeBase="C:/Projects/UndeadEarth/UndeadEarth.Test/bin/Debug/UndeadEarth.Test.DLL" adapterTypeName="Microsoft.VisualStudio.TestTools.TestTypes.Unit.UnitTestAdapter, Microsoft.VisualStudio.QualityTools.Tips.UnitTest.Adapter, Version=10.0.0.0, Culture=neutral, PublicKeyToken=b03f5f7f11d50a3a" className="UndeadEarth.Test.Dal.when_retrieving_user, UndeadEarth.Test, Version=1.0.0.0, Culture=neutral, PublicKeyToken=null" name="should_return_the_amount_of_money_the_user_currently_has" />
    </UnitTest>
    <UnitTest name="should_return_base_eneryg_plus_any_equiped_items_that_affect_energy" storage="c:\projects\undeadearth\undeadearth.test\bin\debug\undeadearth.test.dll" id="17d3f4ec-e921-82a2-da9d-9f4177b91ac9">
      <Execution id="16110e2a-ba8c-45c3-abe0-a72488dfd87e" />
      <TestMethod codeBase="C:/Projects/UndeadEarth/UndeadEarth.Test/bin/Debug/UndeadEarth.Test.DLL" adapterTypeName="Microsoft.VisualStudio.TestTools.TestTypes.Unit.UnitTestAdapter, Microsoft.VisualStudio.QualityTools.Tips.UnitTest.Adapter, Version=10.0.0.0, Culture=neutral, PublicKeyToken=b03f5f7f11d50a3a" className="UndeadEarth.Test.Model.when_determining_users_max_energy, UndeadEarth.Test, Version=1.0.0.0, Culture=neutral, PublicKeyToken=null" name="should_return_base_eneryg_plus_any_equiped_items_that_affect_energy" />
    </UnitTest>
    <UnitTest name="should_return_achievement_for_peak_zombies_1000" storage="c:\projects\undeadearth\undeadearth.test\bin\debug\undeadearth.test.dll" id="d531988b-f1bb-cf47-5dc0-2ed134630321">
      <Execution id="b076e97b-ba3a-401d-aba9-e90e1d75f1c6" />
      <TestMethod codeBase="C:/Projects/UndeadEarth/UndeadEarth.Test/bin/Debug/UndeadEarth.Test.DLL" adapterTypeName="Microsoft.VisualStudio.TestTools.TestTypes.Unit.UnitTestAdapter, Microsoft.VisualStudio.QualityTools.Tips.UnitTest.Adapter, Version=10.0.0.0, Culture=neutral, PublicKeyToken=b03f5f7f11d50a3a" className="UndeadEarth.Test.Model.when_retrieving_achievements, UndeadEarth.Test, Version=1.0.0.0, Culture=neutral, PublicKeyToken=null" name="should_return_achievement_for_peak_zombies_1000" />
    </UnitTest>
    <UnitTest name="should_return_achievement_for_destroying_100_zombie_packs" storage="c:\projects\undeadearth\undeadearth.test\bin\debug\undeadearth.test.dll" id="8cca1161-4d2c-f0a6-91e9-079cbe2f9201">
      <Execution id="ecc029c7-2667-40ac-a497-f97bd4fa7fcb" />
      <TestMethod codeBase="C:/Projects/UndeadEarth/UndeadEarth.Test/bin/Debug/UndeadEarth.Test.DLL" adapterTypeName="Microsoft.VisualStudio.TestTools.TestTypes.Unit.UnitTestAdapter, Microsoft.VisualStudio.QualityTools.Tips.UnitTest.Adapter, Version=10.0.0.0, Culture=neutral, PublicKeyToken=b03f5f7f11d50a3a" className="UndeadEarth.Test.Model.when_retrieving_achievements, UndeadEarth.Test, Version=1.0.0.0, Culture=neutral, PublicKeyToken=null" name="should_return_achievement_for_destroying_100_zombie_packs" />
    </UnitTest>
    <UnitTest name="should_return_true_if_zombiepack_exists" storage="c:\projects\undeadearth\undeadearth.test\bin\debug\undeadearth.test.dll" id="21e42ea8-d73d-440e-e599-8f8f475201e3">
      <Execution id="f9bb927d-7e0f-44d3-bf08-7cd52b66350c" />
      <TestMethod codeBase="C:/Projects/UndeadEarth/UndeadEarth.Test/bin/Debug/UndeadEarth.Test.DLL" adapterTypeName="Microsoft.VisualStudio.TestTools.TestTypes.Unit.UnitTestAdapter, Microsoft.VisualStudio.QualityTools.Tips.UnitTest.Adapter, Version=10.0.0.0, Culture=neutral, PublicKeyToken=b03f5f7f11d50a3a" className="UndeadEarth.Test.Dal.when_checking_if_zombie_pack_exists, UndeadEarth.Test, Version=1.0.0.0, Culture=neutral, PublicKeyToken=null" name="should_return_true_if_zombiepack_exists" />
    </UnitTest>
    <UnitTest name="should_set_energy_to_100_for_user_who_exists_but_does_not_have_a_max_energy_value" storage="c:\projects\undeadearth\undeadearth.test\bin\debug\undeadearth.test.dll" id="9e0a45ef-94e7-5d2e-296e-d43084cdb72d">
      <Execution id="0ff43ccc-da10-4fcc-b756-69129dd78d87" />
      <TestMethod codeBase="C:/Projects/UndeadEarth/UndeadEarth.Test/bin/Debug/UndeadEarth.Test.DLL" adapterTypeName="Microsoft.VisualStudio.TestTools.TestTypes.Unit.UnitTestAdapter, Microsoft.VisualStudio.QualityTools.Tips.UnitTest.Adapter, Version=10.0.0.0, Culture=neutral, PublicKeyToken=b03f5f7f11d50a3a" className="UndeadEarth.Test.Model.when_determining_users_current_energy, UndeadEarth.Test, Version=1.0.0.0, Culture=neutral, PublicKeyToken=null" name="should_set_energy_to_100_for_user_who_exists_but_does_not_have_a_max_energy_value" />
    </UnitTest>
    <UnitTest name="should_return_user_if_user_exists" storage="c:\projects\undeadearth\undeadearth.test\bin\debug\undeadearth.test.dll" id="03d17922-b162-d76b-31f6-f34eb647e676">
      <Execution id="a7f9cd61-cadd-4fd5-99c8-c0e8bcc7d0a0" />
      <TestMethod codeBase="C:/Projects/UndeadEarth/UndeadEarth.Test/bin/Debug/UndeadEarth.Test.DLL" adapterTypeName="Microsoft.VisualStudio.TestTools.TestTypes.Unit.UnitTestAdapter, Microsoft.VisualStudio.QualityTools.Tips.UnitTest.Adapter, Version=10.0.0.0, Culture=neutral, PublicKeyToken=b03f5f7f11d50a3a" className="UndeadEarth.Test.Dal.when_retrieving_user, UndeadEarth.Test, Version=1.0.0.0, Culture=neutral, PublicKeyToken=null" name="should_return_user_if_user_exists" />
    </UnitTest>
    <UnitTest name="should_return_false_if_user_does_not_have_item" storage="c:\projects\undeadearth\undeadearth.test\bin\debug\undeadearth.test.dll" id="ef68a9ee-23ea-2d7b-e344-622c97db6fd2">
      <Execution id="4a507845-8665-4139-a854-31d74d6b0f2b" />
      <TestMethod codeBase="C:/Projects/UndeadEarth/UndeadEarth.Test/bin/Debug/UndeadEarth.Test.DLL" adapterTypeName="Microsoft.VisualStudio.TestTools.TestTypes.Unit.UnitTestAdapter, Microsoft.VisualStudio.QualityTools.Tips.UnitTest.Adapter, Version=10.0.0.0, Culture=neutral, PublicKeyToken=b03f5f7f11d50a3a" className="UndeadEarth.Test.Dal.when_retrieving_items, UndeadEarth.Test, Version=1.0.0.0, Culture=neutral, PublicKeyToken=null" name="should_return_false_if_user_does_not_have_item" />
    </UnitTest>
    <UnitTest name="should_get_user_item_id" storage="c:\projects\undeadearth\undeadearth.test\bin\debug\undeadearth.test.dll" id="540edc62-4548-f51c-ae34-777932919c2f">
      <Execution id="3b9caac2-f3d0-4eaf-9e6f-e313db071e96" />
      <TestMethod codeBase="C:/Projects/UndeadEarth/UndeadEarth.Test/bin/Debug/UndeadEarth.Test.DLL" adapterTypeName="Microsoft.VisualStudio.TestTools.TestTypes.Unit.UnitTestAdapter, Microsoft.VisualStudio.QualityTools.Tips.UnitTest.Adapter, Version=10.0.0.0, Culture=neutral, PublicKeyToken=b03f5f7f11d50a3a" className="UndeadEarth.Test.Dal.when_retrieving_items, UndeadEarth.Test, Version=1.0.0.0, Culture=neutral, PublicKeyToken=null" name="should_get_user_item_id" />
    </UnitTest>
    <UnitTest name="should_disregard_move_if_user_does_not_have_enough_energy" storage="c:\projects\undeadearth\undeadearth.test\bin\debug\undeadearth.test.dll" id="4345b271-5a8d-5b15-7852-83ed69b14179">
      <Execution id="99dc6945-bea5-4e6f-8d96-50fd9b28b1d9" />
      <TestMethod codeBase="C:/Projects/UndeadEarth/UndeadEarth.Test/bin/Debug/UndeadEarth.Test.DLL" adapterTypeName="Microsoft.VisualStudio.TestTools.TestTypes.Unit.UnitTestAdapter, Microsoft.VisualStudio.QualityTools.Tips.UnitTest.Adapter, Version=10.0.0.0, Culture=neutral, PublicKeyToken=b03f5f7f11d50a3a" className="UndeadEarth.Test.Model.when_moving_user, UndeadEarth.Test, Version=1.0.0.0, Culture=neutral, PublicKeyToken=null" name="should_disregard_move_if_user_does_not_have_enough_energy" />
    </UnitTest>
    <UnitTest name="the_starting_location_should_be_saved" storage="c:\projects\undeadearth\undeadearth.test\bin\debug\undeadearth.test.dll" id="f5ca8613-0214-ec34-e723-d1095b6a17b4">
      <Execution id="d4eac8b8-7c5a-42c4-a7ae-a8fda64ae055" />
      <TestMethod codeBase="C:/Projects/UndeadEarth/UndeadEarth.Test/bin/Debug/UndeadEarth.Test.DLL" adapterTypeName="Microsoft.VisualStudio.TestTools.TestTypes.Unit.UnitTestAdapter, Microsoft.VisualStudio.QualityTools.Tips.UnitTest.Adapter, Version=10.0.0.0, Culture=neutral, PublicKeyToken=b03f5f7f11d50a3a" className="UndeadEarth.Test.Dal.when_inserting_user, UndeadEarth.Test, Version=1.0.0.0, Culture=neutral, PublicKeyToken=null" name="the_starting_location_should_be_saved" />
    </UnitTest>
    <UnitTest name="should_update_users_base_attack" storage="c:\projects\undeadearth\undeadearth.test\bin\debug\undeadearth.test.dll" id="c154fab6-7379-ae56-989a-e56b1649db90">
      <Execution id="5e48e8e5-e682-4c44-94a3-97e06984cc03" />
      <TestMethod codeBase="C:/Projects/UndeadEarth/UndeadEarth.Test/bin/Debug/UndeadEarth.Test.DLL" adapterTypeName="Microsoft.VisualStudio.TestTools.TestTypes.Unit.UnitTestAdapter, Microsoft.VisualStudio.QualityTools.Tips.UnitTest.Adapter, Version=10.0.0.0, Culture=neutral, PublicKeyToken=b03f5f7f11d50a3a" className="UndeadEarth.Test.Dal.when_saving_user, UndeadEarth.Test, Version=1.0.0.0, Culture=neutral, PublicKeyToken=null" name="should_update_users_base_attack" />
    </UnitTest>
    <UnitTest name="should_return_achievement_for_killing_100000_zombies" storage="c:\projects\undeadearth\undeadearth.test\bin\debug\undeadearth.test.dll" id="0e9255e8-5116-355b-a604-cafe47e04c3c">
      <Execution id="8e5ddbec-2d3b-45ab-bbed-a7ade9a578d1" />
      <TestMethod codeBase="C:/Projects/UndeadEarth/UndeadEarth.Test/bin/Debug/UndeadEarth.Test.DLL" adapterTypeName="Microsoft.VisualStudio.TestTools.TestTypes.Unit.UnitTestAdapter, Microsoft.VisualStudio.QualityTools.Tips.UnitTest.Adapter, Version=10.0.0.0, Culture=neutral, PublicKeyToken=b03f5f7f11d50a3a" className="UndeadEarth.Test.Model.when_retrieving_achievements, UndeadEarth.Test, Version=1.0.0.0, Culture=neutral, PublicKeyToken=null" name="should_return_achievement_for_killing_100000_zombies" />
    </UnitTest>
    <UnitTest name="should_return_true_if_user_exists" storage="c:\projects\undeadearth\undeadearth.test\bin\debug\undeadearth.test.dll" id="7e4ecb77-6a2d-3a8f-0c42-71f8df3a6f64">
      <Execution id="87814593-bffd-441e-a1fd-d6ff9b50d366" />
      <TestMethod codeBase="C:/Projects/UndeadEarth/UndeadEarth.Test/bin/Debug/UndeadEarth.Test.DLL" adapterTypeName="Microsoft.VisualStudio.TestTools.TestTypes.Unit.UnitTestAdapter, Microsoft.VisualStudio.QualityTools.Tips.UnitTest.Adapter, Version=10.0.0.0, Culture=neutral, PublicKeyToken=b03f5f7f11d50a3a" className="UndeadEarth.Test.Dal.when_retrieving_user, UndeadEarth.Test, Version=1.0.0.0, Culture=neutral, PublicKeyToken=null" name="should_return_true_if_user_exists" />
    </UnitTest>
    <UnitTest name="should_return_list_of_user_items_from_user_id" storage="c:\projects\undeadearth\undeadearth.test\bin\debug\undeadearth.test.dll" id="d1295b3d-b18a-9feb-b9f7-b8d24a1390b4">
      <Execution id="6beafaac-6e4a-4564-adea-d250d3ffd1f8" />
      <TestMethod codeBase="C:/Projects/UndeadEarth/UndeadEarth.Test/bin/Debug/UndeadEarth.Test.DLL" adapterTypeName="Microsoft.VisualStudio.TestTools.TestTypes.Unit.UnitTestAdapter, Microsoft.VisualStudio.QualityTools.Tips.UnitTest.Adapter, Version=10.0.0.0, Culture=neutral, PublicKeyToken=b03f5f7f11d50a3a" className="UndeadEarth.Test.Dal.when_retrieving_items, UndeadEarth.Test, Version=1.0.0.0, Culture=neutral, PublicKeyToken=null" name="should_return_list_of_user_items_from_user_id" />
    </UnitTest>
    <UnitTest name="should_return_energy_along_with_any_energy_increase_from_buying_different_items_and_no_items_in_safehouse" storage="c:\projects\undeadearth\undeadearth.test\bin\debug\undeadearth.test.dll" id="b0037f39-501d-0ae0-4207-fd773fffa4a6">
      <Execution id="d0774355-45e8-46e0-9a51-30a293b75288" />
      <TestMethod codeBase="C:/Projects/UndeadEarth/UndeadEarth.Test/bin/Debug/UndeadEarth.Test.DLL" adapterTypeName="Microsoft.VisualStudio.TestTools.TestTypes.Unit.UnitTestAdapter, Microsoft.VisualStudio.QualityTools.Tips.UnitTest.Adapter, Version=10.0.0.0, Culture=neutral, PublicKeyToken=b03f5f7f11d50a3a" className="UndeadEarth.Test.Model.when_determining_users_max_potential_energy, UndeadEarth.Test, Version=1.0.0.0, Culture=neutral, PublicKeyToken=null" name="should_return_energy_along_with_any_energy_increase_from_buying_different_items_and_no_items_in_safehouse" />
    </UnitTest>
    <UnitTest name="should_not_hunt_if_zombie_pack_doesnt_exist" storage="c:\projects\undeadearth\undeadearth.test\bin\debug\undeadearth.test.dll" id="9e682854-c61c-e4ee-d65c-e57b13656d39">
      <Execution id="e0f2fe84-0309-47a8-abee-e6c73d5abf47" />
      <TestMethod codeBase="C:/Projects/UndeadEarth/UndeadEarth.Test/bin/Debug/UndeadEarth.Test.DLL" adapterTypeName="Microsoft.VisualStudio.TestTools.TestTypes.Unit.UnitTestAdapter, Microsoft.VisualStudio.QualityTools.Tips.UnitTest.Adapter, Version=10.0.0.0, Culture=neutral, PublicKeyToken=b03f5f7f11d50a3a" className="UndeadEarth.Test.Model.when_hunting_for_zombies, UndeadEarth.Test, Version=1.0.0.0, Culture=neutral, PublicKeyToken=null" name="should_not_hunt_if_zombie_pack_doesnt_exist" />
    </UnitTest>
    <UnitTest name="should_disregard_if_user_does_not_have_enough_money" storage="c:\projects\undeadearth\undeadearth.test\bin\debug\undeadearth.test.dll" id="27a4ff3c-3eae-1669-f1bc-bcc06d02612f">
      <Execution id="f5592269-ae97-4afa-8406-d934ed766062" />
      <TestMethod codeBase="C:/Projects/UndeadEarth/UndeadEarth.Test/bin/Debug/UndeadEarth.Test.DLL" adapterTypeName="Microsoft.VisualStudio.TestTools.TestTypes.Unit.UnitTestAdapter, Microsoft.VisualStudio.QualityTools.Tips.UnitTest.Adapter, Version=10.0.0.0, Culture=neutral, PublicKeyToken=b03f5f7f11d50a3a" className="UndeadEarth.Test.Model.when_buying_items_from_shop, UndeadEarth.Test, Version=1.0.0.0, Culture=neutral, PublicKeyToken=null" name="should_disregard_if_user_does_not_have_enough_money" />
    </UnitTest>
    <UnitTest name="should_return_energy_cost_at_5_percent_of_maximum_potential" storage="c:\projects\undeadearth\undeadearth.test\bin\debug\undeadearth.test.dll" id="66e87870-2f0c-1802-4a46-f39d5c5c0c20">
      <Execution id="acc4bdca-fd36-484c-a56b-db3dfd0b34b0" />
      <TestMethod codeBase="C:/Projects/UndeadEarth/UndeadEarth.Test/bin/Debug/UndeadEarth.Test.DLL" adapterTypeName="Microsoft.VisualStudio.TestTools.TestTypes.Unit.UnitTestAdapter, Microsoft.VisualStudio.QualityTools.Tips.UnitTest.Adapter, Version=10.0.0.0, Culture=neutral, PublicKeyToken=b03f5f7f11d50a3a" className="UndeadEarth.Test.Model.when_determining_energy_cost_for_hunting_at_zombie_pack, UndeadEarth.Test, Version=1.0.0.0, Culture=neutral, PublicKeyToken=null" name="should_return_energy_cost_at_5_percent_of_maximum_potential" />
    </UnitTest>
    <UnitTest name="should_change_users_energy_if_item_has_energy_attribute_not_equal_to_zero" storage="c:\projects\undeadearth\undeadearth.test\bin\debug\undeadearth.test.dll" id="b25aa57b-bb9a-f05f-4179-18f54e514dcd">
      <Execution id="a078d281-0c1e-441a-8d3d-d72c44da30fa" />
      <TestMethod codeBase="C:/Projects/UndeadEarth/UndeadEarth.Test/bin/Debug/UndeadEarth.Test.DLL" adapterTypeName="Microsoft.VisualStudio.TestTools.TestTypes.Unit.UnitTestAdapter, Microsoft.VisualStudio.QualityTools.Tips.UnitTest.Adapter, Version=10.0.0.0, Culture=neutral, PublicKeyToken=b03f5f7f11d50a3a" className="UndeadEarth.Test.Model.when_using_items, UndeadEarth.Test, Version=1.0.0.0, Culture=neutral, PublicKeyToken=null" name="should_change_users_energy_if_item_has_energy_attribute_not_equal_to_zero" />
    </UnitTest>
  </TestDefinitions>
  <TestLists>
    <TestList name="Results Not in a List" id="8c84fa94-04c1-424b-9868-57a2d4851a1d" />
    <TestList name="All Loaded Results" id="19431567-8539-422a-85d7-44ee4e166bda" />
  </TestLists>
  <TestEntries>
    <TestEntry testId="00142389-87b0-3d28-5cfb-700928afa29a" executionId="6a06d811-4bed-415f-8d57-cd79c3ebf44b" testListId="8c84fa94-04c1-424b-9868-57a2d4851a1d" />
    <TestEntry testId="00803d11-60d8-3003-79e6-d2290acd2110" executionId="15191d98-3aa8-4df4-8ec6-2bd4b28f87e1" testListId="8c84fa94-04c1-424b-9868-57a2d4851a1d" />
    <TestEntry testId="00f036f8-7ea4-f115-2065-21a527c875c4" executionId="21617b11-0228-4403-a229-db0b12840e1b" testListId="8c84fa94-04c1-424b-9868-57a2d4851a1d" />
    <TestEntry testId="01475b3a-fc7d-1f41-65ba-f4ddf4a86946" executionId="f9d2facb-b0fe-4757-b61a-ac3d8c948ebe" testListId="8c84fa94-04c1-424b-9868-57a2d4851a1d" />
    <TestEntry testId="01612aab-c0ea-12bb-1a12-76fce19990e3" executionId="923b9416-38e0-4318-98bc-86a0fd81f914" testListId="8c84fa94-04c1-424b-9868-57a2d4851a1d" />
    <TestEntry testId="027692e3-3856-06fd-bce6-644a6cf7eb82" executionId="bbdc5a56-8d42-4702-80d7-76b17f8802df" testListId="8c84fa94-04c1-424b-9868-57a2d4851a1d" />
    <TestEntry testId="03a8dd14-ba0a-c947-44ec-1c0c4c677ff9" executionId="dcaf4610-263a-4c40-bfe5-4a1cff318a8e" testListId="8c84fa94-04c1-424b-9868-57a2d4851a1d" />
    <TestEntry testId="03d17922-b162-d76b-31f6-f34eb647e676" executionId="a7f9cd61-cadd-4fd5-99c8-c0e8bcc7d0a0" testListId="8c84fa94-04c1-424b-9868-57a2d4851a1d" />
    <TestEntry testId="05ef1086-81f0-526c-3f9d-15b7821d9bae" executionId="bfd6010b-9a15-4f52-b211-56732c5a9655" testListId="8c84fa94-04c1-424b-9868-57a2d4851a1d" />
    <TestEntry testId="08042b30-bcf9-bd89-006e-14ec4c40ac45" executionId="d829e97a-9545-430b-a068-c5a264d441be" testListId="8c84fa94-04c1-424b-9868-57a2d4851a1d" />
    <TestEntry testId="0c8abc46-7ae3-a530-a75d-2f31cb9a36fc" executionId="8ec8c493-445a-4016-8f92-1aa2b89e9753" testListId="8c84fa94-04c1-424b-9868-57a2d4851a1d" />
    <TestEntry testId="0da63870-00bb-b6e5-56ff-c32676768cb3" executionId="2c6bd5d0-6c78-4faa-8df7-46a174e0259c" testListId="8c84fa94-04c1-424b-9868-57a2d4851a1d" />
    <TestEntry testId="0e9255e8-5116-355b-a604-cafe47e04c3c" executionId="8e5ddbec-2d3b-45ab-bbed-a7ade9a578d1" testListId="8c84fa94-04c1-424b-9868-57a2d4851a1d" />
    <TestEntry testId="0ee84f2b-31e9-0047-e6f0-0ec71b544574" executionId="b682e27c-75fa-4af8-8290-694db103f607" testListId="8c84fa94-04c1-424b-9868-57a2d4851a1d" />
    <TestEntry testId="10dff579-2252-675a-f00d-0bb39990c8c6" executionId="3daf2b38-2e94-411e-a249-b0127f9415da" testListId="8c84fa94-04c1-424b-9868-57a2d4851a1d" />
    <TestEntry testId="1176458c-eb17-c2d6-8c27-e75b41695c1a" executionId="a3dffef6-b469-4bea-9fec-fceb90e17486" testListId="8c84fa94-04c1-424b-9868-57a2d4851a1d" />
    <TestEntry testId="11b9b59c-993f-c435-5dd4-71b20fb4e5e5" executionId="8f94c5ab-f37f-443a-8221-7a43ef1e66dd" testListId="8c84fa94-04c1-424b-9868-57a2d4851a1d" />
    <TestEntry testId="11ca7b9d-e2f9-e5ce-6eed-7e1247933dec" executionId="382d59c4-5bbc-4f54-bae5-8c1a7c2a3ebe" testListId="8c84fa94-04c1-424b-9868-57a2d4851a1d" />
    <TestEntry testId="1339f28e-8dc2-ea63-491b-e46002a2f545" executionId="c8decbd8-f24d-48ff-abcf-263e4e99ef80" testListId="8c84fa94-04c1-424b-9868-57a2d4851a1d" />
    <TestEntry testId="13954612-b76a-9796-df53-2efe3530832a" executionId="49459118-e67a-412f-b95b-c0f03f2e346c" testListId="8c84fa94-04c1-424b-9868-57a2d4851a1d" />
    <TestEntry testId="1426a62d-a078-b4b5-817b-9f560bfc1dfe" executionId="97d2c099-b069-40b0-b0b8-745eb6fa9006" testListId="8c84fa94-04c1-424b-9868-57a2d4851a1d" />
    <TestEntry testId="147b1cfd-fcbf-4ec1-a009-05f059879e52" executionId="19ab55ba-5874-4ba8-92bc-f97882abd17b" testListId="8c84fa94-04c1-424b-9868-57a2d4851a1d" />
    <TestEntry testId="15d93832-4f17-b3dc-992d-8c3088d960e1" executionId="fb92552f-3167-4fcc-a115-043d262172e0" testListId="8c84fa94-04c1-424b-9868-57a2d4851a1d" />
    <TestEntry testId="162e548e-a661-0b73-7a6e-7c4d1ab7a750" executionId="85c8ac46-e2ce-4f24-a873-7342578edf48" testListId="8c84fa94-04c1-424b-9868-57a2d4851a1d" />
    <TestEntry testId="166bc0da-4e9a-a151-a5ee-18d3adcd0291" executionId="03b123ef-1d1f-4d63-a4a1-b346bcd5ca4f" testListId="8c84fa94-04c1-424b-9868-57a2d4851a1d" />
    <TestEntry testId="17c9071b-a2b6-56fe-9dc6-b3135a8d71e5" executionId="14973081-c4ca-4557-8add-518b416fddfd" testListId="8c84fa94-04c1-424b-9868-57a2d4851a1d" />
    <TestEntry testId="17d3f4ec-e921-82a2-da9d-9f4177b91ac9" executionId="16110e2a-ba8c-45c3-abe0-a72488dfd87e" testListId="8c84fa94-04c1-424b-9868-57a2d4851a1d" />
    <TestEntry testId="19198647-e17a-fca8-64d0-a720ab9e3894" executionId="d560fea7-9f20-468e-b259-0cda0cc5bb22" testListId="8c84fa94-04c1-424b-9868-57a2d4851a1d" />
    <TestEntry testId="1ade4597-88a4-ccb5-c182-1ea16f848376" executionId="8d8e160a-b337-4fc0-8130-2a7030e4a082" testListId="8c84fa94-04c1-424b-9868-57a2d4851a1d" />
    <TestEntry testId="1b56219d-f99d-2b01-66f0-01c3b94f4ee2" executionId="d0b2fc45-9317-4abc-aad0-3f8ab91803c4" testListId="8c84fa94-04c1-424b-9868-57a2d4851a1d" />
    <TestEntry testId="1cb99b44-08d0-1c2c-78e8-64869fef3154" executionId="207ca24e-d5a6-45cf-a224-cb86e5054fbe" testListId="8c84fa94-04c1-424b-9868-57a2d4851a1d" />
    <TestEntry testId="1f98f9e8-cb47-74ae-9470-dfe55c54483a" executionId="d900d9ec-7c7d-4842-932c-15b77853df16" testListId="8c84fa94-04c1-424b-9868-57a2d4851a1d" />
    <TestEntry testId="20c7eedc-a25f-bd99-048a-d0191e8444d6" executionId="f541eda8-07f7-4ba7-bb18-1c10ed385f8c" testListId="8c84fa94-04c1-424b-9868-57a2d4851a1d" />
    <TestEntry testId="21426709-ea7c-0595-beae-1978da06ff6a" executionId="00c56e88-b87e-41f7-b489-afa2f55f49f8" testListId="8c84fa94-04c1-424b-9868-57a2d4851a1d" />
    <TestEntry testId="214d4e68-bd5b-8ca7-2eae-cad7ae4b5618" executionId="462624de-5c1e-4ad4-970a-cf01065ccd0b" testListId="8c84fa94-04c1-424b-9868-57a2d4851a1d" />
    <TestEntry testId="21e42ea8-d73d-440e-e599-8f8f475201e3" executionId="f9bb927d-7e0f-44d3-bf08-7cd52b66350c" testListId="8c84fa94-04c1-424b-9868-57a2d4851a1d" />
    <TestEntry testId="241aa01b-d31a-aa87-10ed-03e9fc36dd2d" executionId="024348aa-f3fc-4f68-a3ed-cd5f82a9cca2" testListId="8c84fa94-04c1-424b-9868-57a2d4851a1d" />
    <TestEntry testId="2448c480-75b4-6f61-f066-698054ffd863" executionId="9d755fd0-7659-4955-ae3c-9e5a517b4113" testListId="8c84fa94-04c1-424b-9868-57a2d4851a1d" />
    <TestEntry testId="24bc110f-ba75-2876-7218-d24fbd5282b6" executionId="326a9a47-3171-4014-a392-10d2f3d73567" testListId="8c84fa94-04c1-424b-9868-57a2d4851a1d" />
    <TestEntry testId="24c64596-5cab-4a6f-68a2-2b1dbc11b2be" executionId="c12d7610-0dc7-42f4-8fe6-66c8e9115b61" testListId="8c84fa94-04c1-424b-9868-57a2d4851a1d" />
    <TestEntry testId="24e2889f-3174-5207-6e2d-3941d6d3ab4a" executionId="32fd2ac9-b445-4348-8f4a-7b47eab839bf" testListId="8c84fa94-04c1-424b-9868-57a2d4851a1d" />
    <TestEntry testId="2528801b-adfc-fc02-0810-867a75b047c9" executionId="92161302-a408-4d1c-8216-9bea09104c67" testListId="8c84fa94-04c1-424b-9868-57a2d4851a1d" />
    <TestEntry testId="25699796-3f06-4f57-c2f3-62593d0f8db7" executionId="41ba575a-ade4-46f9-97e7-9af1371812f3" testListId="8c84fa94-04c1-424b-9868-57a2d4851a1d" />
    <TestEntry testId="2604ff32-2b78-d0a6-0890-b8bb202063cc" executionId="aa41005c-89ee-4447-bbf6-4fd7090c181e" testListId="8c84fa94-04c1-424b-9868-57a2d4851a1d" />
    <TestEntry testId="269b2e64-447a-b926-cd3c-a38128cb3896" executionId="270d4a73-7016-45ea-8c8d-b7590a6c7856" testListId="8c84fa94-04c1-424b-9868-57a2d4851a1d" />
    <TestEntry testId="27a4ff3c-3eae-1669-f1bc-bcc06d02612f" executionId="f5592269-ae97-4afa-8406-d934ed766062" testListId="8c84fa94-04c1-424b-9868-57a2d4851a1d" />
    <TestEntry testId="27dffa83-35e8-a35a-74a3-14e94b831d3a" executionId="d56b6adb-d4ea-48cc-ad6d-53671a7c4a40" testListId="8c84fa94-04c1-424b-9868-57a2d4851a1d" />
    <TestEntry testId="27e73228-a40a-9260-7cd7-3a5d45c78078" executionId="bfb4ac46-c816-4d3f-8b51-c53e82616045" testListId="8c84fa94-04c1-424b-9868-57a2d4851a1d" />
    <TestEntry testId="29506837-8c96-f6c6-14e0-93c8ab580351" executionId="e6784279-3681-406b-883c-58a4eccb4fcd" testListId="8c84fa94-04c1-424b-9868-57a2d4851a1d" />
    <TestEntry testId="2a84edfa-8723-e5ed-8953-7dd9bec52c09" executionId="23f4554b-2699-48fa-9597-a049dc25ec58" testListId="8c84fa94-04c1-424b-9868-57a2d4851a1d" />
    <TestEntry testId="2bb944ea-67c4-2ec5-7a6c-8e36c6922cdf" executionId="4c1712de-0944-4147-bddd-c2eb0cbf7a84" testListId="8c84fa94-04c1-424b-9868-57a2d4851a1d" />
    <TestEntry testId="2d393202-3b6b-ea77-5db0-849ebdcd5101" executionId="c8cbb2ac-ebf2-4a0a-816b-d3ad887f8531" testListId="8c84fa94-04c1-424b-9868-57a2d4851a1d" />
    <TestEntry testId="2db0a3b3-aad5-d46f-7403-c997f42720f5" executionId="5ed20627-9310-4c2f-affc-474e79ee1fa9" testListId="8c84fa94-04c1-424b-9868-57a2d4851a1d" />
    <TestEntry testId="310db446-5a38-a2ff-c0c6-33525d60392a" executionId="230fd932-8ebe-43da-916d-a4da3834bd5a" testListId="8c84fa94-04c1-424b-9868-57a2d4851a1d" />
    <TestEntry testId="31907ecc-7480-4064-cd3b-514e2ff26de7" executionId="901e1dca-8846-4102-97c9-756e5cbc6a3d" testListId="8c84fa94-04c1-424b-9868-57a2d4851a1d" />
    <TestEntry testId="321c5a91-a83b-02fd-e40b-ce47e7f12083" executionId="c31588df-aed6-4291-a10f-09a008ffb1b9" testListId="8c84fa94-04c1-424b-9868-57a2d4851a1d" />
    <TestEntry testId="33a5dc0c-cb8c-881e-3374-24e7b48bd3e1" executionId="d6cb453b-48ee-4fc0-a226-a42a35923c64" testListId="8c84fa94-04c1-424b-9868-57a2d4851a1d" />
    <TestEntry testId="353e37f8-b3ee-d1bc-48f1-1354650acd50" executionId="fdc06de9-8a72-4ee9-88e5-783e475995ff" testListId="8c84fa94-04c1-424b-9868-57a2d4851a1d" />
    <TestEntry testId="35d7f681-d185-2e89-da65-ece3bc8e6e75" executionId="1ef66429-63eb-4ed5-84fb-c3c5089c64cc" testListId="8c84fa94-04c1-424b-9868-57a2d4851a1d" />
    <TestEntry testId="3693aeb9-70b2-f86c-f600-b99b067f3b4e" executionId="2567a2c1-6ab0-4e9c-968b-a8670e991726" testListId="8c84fa94-04c1-424b-9868-57a2d4851a1d" />
    <TestEntry testId="369b7a6d-08d3-f340-d283-f5ee6842f08e" executionId="082af202-c912-4598-b380-6b6b163672b2" testListId="8c84fa94-04c1-424b-9868-57a2d4851a1d" />
    <TestEntry testId="369fc750-bfe7-36a0-13ca-f53d742d9647" executionId="3351bdcc-8857-435d-b238-41a337568232" testListId="8c84fa94-04c1-424b-9868-57a2d4851a1d" />
    <TestEntry testId="38152b9e-3e48-dd5e-0e37-b7a27de7e225" executionId="7bb92b7e-6140-4ff2-bb4b-c5b4d4fdeb53" testListId="8c84fa94-04c1-424b-9868-57a2d4851a1d" />
    <TestEntry testId="3871d8b4-607c-f461-9b36-17221688eb47" executionId="f49613e1-22fc-4495-9bb3-0dee11017aea" testListId="8c84fa94-04c1-424b-9868-57a2d4851a1d" />
    <TestEntry testId="399d3773-04b9-f157-2193-2a81aa17c4e4" executionId="0c394aac-f47e-4cc4-848b-1e7d162b78fa" testListId="8c84fa94-04c1-424b-9868-57a2d4851a1d" />
    <TestEntry testId="3a65c876-9662-16ec-4c81-7bea778d6951" executionId="58db1d6a-9654-4adc-962f-9e3586fcd842" testListId="8c84fa94-04c1-424b-9868-57a2d4851a1d" />
    <TestEntry testId="3b3489bf-140a-7d3d-ca59-73f946c71ab3" executionId="96c6352c-e85c-4cd4-a721-cb75fb9cc898" testListId="8c84fa94-04c1-424b-9868-57a2d4851a1d" />
    <TestEntry testId="3bf90928-3e3e-817d-0c2a-b114432020ae" executionId="f22ca25e-6a3f-4f61-8ec4-ed9a6e7417ed" testListId="8c84fa94-04c1-424b-9868-57a2d4851a1d" />
    <TestEntry testId="3d1741aa-9576-2eb5-470e-7f713a2bc4d7" executionId="47da4435-8303-4f34-9fcd-09d289be8313" testListId="8c84fa94-04c1-424b-9868-57a2d4851a1d" />
    <TestEntry testId="3d4be643-5d31-3e26-f950-26a5f925e40b" executionId="e6a0f683-b1f2-49e0-bff5-3624b3bd473e" testListId="8c84fa94-04c1-424b-9868-57a2d4851a1d" />
    <TestEntry testId="3dc86e55-9e89-b185-10f6-85c78270b263" executionId="a7296edb-ba8f-434b-bc5f-44ffdb5a124d" testListId="8c84fa94-04c1-424b-9868-57a2d4851a1d" />
    <TestEntry testId="3e4c555c-eb52-8e6a-77bb-fba4f57ae14d" executionId="948cdd69-ce5a-4c29-9e5e-1b032101984d" testListId="8c84fa94-04c1-424b-9868-57a2d4851a1d" />
    <TestEntry testId="4013d892-4605-1c26-5721-43931adf425c" executionId="8e2eb165-bc3f-4d89-837b-bec3e68b210e" testListId="8c84fa94-04c1-424b-9868-57a2d4851a1d" />
    <TestEntry testId="40ac08e5-9855-8df2-ac1a-e320ada85f67" executionId="561bb236-6164-4650-ae38-6773d97c6852" testListId="8c84fa94-04c1-424b-9868-57a2d4851a1d" />
    <TestEntry testId="40c4a339-897f-73e3-e8be-fed33feff0fc" executionId="e95afb6f-15c8-49ba-b42e-c2ce27a58aa8" testListId="8c84fa94-04c1-424b-9868-57a2d4851a1d" />
    <TestEntry testId="4345b271-5a8d-5b15-7852-83ed69b14179" executionId="99dc6945-bea5-4e6f-8d96-50fd9b28b1d9" testListId="8c84fa94-04c1-424b-9868-57a2d4851a1d" />
    <TestEntry testId="43a1b4c2-5164-126a-d787-254e51bf5cb0" executionId="2ba0b9a7-f1a7-4f39-b995-62c19796d68a" testListId="8c84fa94-04c1-424b-9868-57a2d4851a1d" />
    <TestEntry testId="43ea7dc5-29f2-fc24-7626-37c50ab77488" executionId="b0929956-478d-4fb6-a0ec-cc88888cb6b6" testListId="8c84fa94-04c1-424b-9868-57a2d4851a1d" />
    <TestEntry testId="441c5aa1-1be2-b7ff-84a3-c2712387e211" executionId="3e8db52c-6010-4fc5-a9d8-5353cf09d01b" testListId="8c84fa94-04c1-424b-9868-57a2d4851a1d" />
    <TestEntry testId="456f5311-d61b-5ef4-13ac-a1ceca766e06" executionId="e3ca0162-22f4-4541-bb7d-99048158b53d" testListId="8c84fa94-04c1-424b-9868-57a2d4851a1d" />
    <TestEntry testId="461819df-bed1-d7c5-29ce-bdee0f8eaaa2" executionId="b0a2a5d9-13a6-4749-98f1-c46656a5b9d0" testListId="8c84fa94-04c1-424b-9868-57a2d4851a1d" />
    <TestEntry testId="48c2a012-1ba3-1243-1cd5-aab81b26906b" executionId="3aa293d8-51f9-41c3-be79-7c12f323d2cd" testListId="8c84fa94-04c1-424b-9868-57a2d4851a1d" />
    <TestEntry testId="49540a47-9778-939f-7252-2442e060eeb3" executionId="683d8366-1f76-4369-aefa-c577452c56a2" testListId="8c84fa94-04c1-424b-9868-57a2d4851a1d" />
    <TestEntry testId="49e3a9e9-dcf0-f3e5-85da-9f5499fab731" executionId="1f65e475-afe4-4522-9cef-582a5488432e" testListId="8c84fa94-04c1-424b-9868-57a2d4851a1d" />
    <TestEntry testId="4aab1a6a-e217-fabe-67d7-73dafcd94369" executionId="59076a7e-ae56-40fa-ad1b-b1910c75a8a9" testListId="8c84fa94-04c1-424b-9868-57a2d4851a1d" />
    <TestEntry testId="4ad82b7e-b664-1e32-b013-da054510a32b" executionId="acdb3e00-5c4f-4990-8269-ffd451850e51" testListId="8c84fa94-04c1-424b-9868-57a2d4851a1d" />
    <TestEntry testId="4c87210c-f927-e260-2776-9399fcbfbd1c" executionId="0bc7a6bc-e208-476d-8d0c-6c288dc25a30" testListId="8c84fa94-04c1-424b-9868-57a2d4851a1d" />
    <TestEntry testId="4d9cdfe2-8eee-3937-2a7d-b414e3b51b00" executionId="2325b38a-a358-437e-86d0-0bd4691e9aad" testListId="8c84fa94-04c1-424b-9868-57a2d4851a1d" />
    <TestEntry testId="50a0e180-73b1-f3e2-9755-9dfe75491e60" executionId="3f472e12-366d-413a-bc49-c401248bd096" testListId="8c84fa94-04c1-424b-9868-57a2d4851a1d" />
    <TestEntry testId="52c534e6-f8bb-1f9f-939a-d5c5c52fa419" executionId="fae86974-47a7-47ed-9391-a5f9b8c136ed" testListId="8c84fa94-04c1-424b-9868-57a2d4851a1d" />
    <TestEntry testId="537a0821-9a13-8b7a-298b-1a1d7b7834c1" executionId="10075330-2645-4e93-a1cb-63fc74718914" testListId="8c84fa94-04c1-424b-9868-57a2d4851a1d" />
    <TestEntry testId="537a2b77-3b56-7fda-5cef-ce5b7fef8e47" executionId="48d71b4a-939b-440f-be95-4d7dcf081399" testListId="8c84fa94-04c1-424b-9868-57a2d4851a1d" />
    <TestEntry testId="53d3d174-2438-d916-b931-5b84347506a5" executionId="d2d567b5-62b3-4973-b93c-d96219082537" testListId="8c84fa94-04c1-424b-9868-57a2d4851a1d" />
    <TestEntry testId="540edc62-4548-f51c-ae34-777932919c2f" executionId="3b9caac2-f3d0-4eaf-9e6f-e313db071e96" testListId="8c84fa94-04c1-424b-9868-57a2d4851a1d" />
    <TestEntry testId="544cc1f1-3454-5e87-e24b-52c6acff6b61" executionId="5888fc36-62b6-408c-8b5d-a44c0fd0fa6f" testListId="8c84fa94-04c1-424b-9868-57a2d4851a1d" />
    <TestEntry testId="556fe5d0-aedd-a933-babc-4606a23e064e" executionId="22f3e2c1-c5a6-4394-8ae4-b38200b46f57" testListId="8c84fa94-04c1-424b-9868-57a2d4851a1d" />
    <TestEntry testId="55ffc7bf-3f9e-b38d-348c-5fc84dd1b9ed" executionId="b6fc5e2e-fb6f-4e1b-82f8-9b20d7727885" testListId="8c84fa94-04c1-424b-9868-57a2d4851a1d" />
    <TestEntry testId="560e757d-7d9e-cf97-a66b-6eba9f0dbef7" executionId="9cd02aac-12e7-4fc8-a014-7de9c0d3e010" testListId="8c84fa94-04c1-424b-9868-57a2d4851a1d" />
    <TestEntry testId="578c1082-4447-f4a0-bed7-4e23d16f558c" executionId="687e873e-ffe4-4da1-9e93-17fc4ddb4c4d" testListId="8c84fa94-04c1-424b-9868-57a2d4851a1d" />
    <TestEntry testId="57effb65-6bba-b10e-d004-938020663a0f" executionId="14b3d03b-21db-401b-9453-718905f0407f" testListId="8c84fa94-04c1-424b-9868-57a2d4851a1d" />
    <TestEntry testId="57f6bfb3-878f-ec7b-71d8-e1ae592b6823" executionId="2991632e-bb3e-455c-a0c2-3f3b373dfbcf" testListId="8c84fa94-04c1-424b-9868-57a2d4851a1d" />
    <TestEntry testId="583a3b80-1851-93ab-c2ab-87d678e4ad81" executionId="a63e27b2-d88b-4559-848b-7b502b8c605c" testListId="8c84fa94-04c1-424b-9868-57a2d4851a1d" />
    <TestEntry testId="58cdb593-e628-53cb-1ff9-a712c7cfa07d" executionId="a723b815-bb59-4cc9-8bf9-513095b9b383" testListId="8c84fa94-04c1-424b-9868-57a2d4851a1d" />
    <TestEntry testId="592a8210-389c-d154-bfaf-1570717dbd73" executionId="db378437-c4ad-4c87-bb80-bc70b6cadd9a" testListId="8c84fa94-04c1-424b-9868-57a2d4851a1d" />
    <TestEntry testId="5a128d3b-35ba-f233-4f32-be0f8dfb906e" executionId="c5f169b8-9e82-4232-bd20-3d5a3ae5b6e5" testListId="8c84fa94-04c1-424b-9868-57a2d4851a1d" />
    <TestEntry testId="5a7c17db-19ea-927d-e739-dca3cee988f6" executionId="e0ef90e5-765b-4989-9f84-1922c87e3bac" testListId="8c84fa94-04c1-424b-9868-57a2d4851a1d" />
    <TestEntry testId="5af90bb7-e3b0-b5e7-29f7-fc8b0902be24" executionId="c74785ed-ad97-4c0e-8db2-d29c0e7933a3" testListId="8c84fa94-04c1-424b-9868-57a2d4851a1d" />
    <TestEntry testId="5afe1781-3ccb-0558-a937-e74f932ccd49" executionId="0529a7bc-7335-40e2-85c6-08bf2778240b" testListId="8c84fa94-04c1-424b-9868-57a2d4851a1d" />
    <TestEntry testId="5b2a5f35-2435-a2ba-eaf1-4c274bced244" executionId="56952b8d-9cd1-49de-b828-6fab4c980ee5" testListId="8c84fa94-04c1-424b-9868-57a2d4851a1d" />
    <TestEntry testId="5b97deff-fa6b-c377-8ff2-c9c8d4bf8e55" executionId="12007f1e-9028-4058-bcdc-ba59bbd8d25a" testListId="8c84fa94-04c1-424b-9868-57a2d4851a1d" />
    <TestEntry testId="5d04ca0e-dd33-bf62-c1bb-e7d225b4949c" executionId="4ec44f5d-6080-42b9-b332-4a22d5b80f80" testListId="8c84fa94-04c1-424b-9868-57a2d4851a1d" />
    <TestEntry testId="5da90bcc-6e5d-3a2d-e174-d391c0422e11" executionId="b6cc2620-6aa1-407b-afe5-bd130e6d3da8" testListId="8c84fa94-04c1-424b-9868-57a2d4851a1d" />
    <TestEntry testId="5e0523e6-700c-d803-6a13-76f99c5ecb12" executionId="73a36a56-e43a-44ba-94ea-b2cc8f7fca35" testListId="8c84fa94-04c1-424b-9868-57a2d4851a1d" />
    <TestEntry testId="5edbb1cd-bd31-7ac9-084c-f6f749883ff2" executionId="4e8b0780-0059-4956-9f1d-04d57b72a4b4" testListId="8c84fa94-04c1-424b-9868-57a2d4851a1d" />
    <TestEntry testId="5f1fabc6-b3c7-d9b8-821e-098ccaf3eed1" executionId="1a6dfc89-aef1-40b3-aa60-c4898f705894" testListId="8c84fa94-04c1-424b-9868-57a2d4851a1d" />
    <TestEntry testId="5f382a5a-614c-c9d5-67f1-1ceadc4420b1" executionId="ffc8aca8-26bc-47ac-9c0e-4d904313dfe8" testListId="8c84fa94-04c1-424b-9868-57a2d4851a1d" />
    <TestEntry testId="5fa17309-6178-e440-0cb3-9987b0eaea65" executionId="b9a32571-1d4b-4da4-b0ae-c8a65e87701e" testListId="8c84fa94-04c1-424b-9868-57a2d4851a1d" />
    <TestEntry testId="606e3bbd-fbf0-39e8-d39a-d95b2f760af1" executionId="56b792d5-ca01-4f08-bc41-59d5b50d23f1" testListId="8c84fa94-04c1-424b-9868-57a2d4851a1d" />
    <TestEntry testId="60b889f5-aa93-4766-ebaf-876bc425b3c4" executionId="3e385b33-bebb-4534-b794-506eea3a952e" testListId="8c84fa94-04c1-424b-9868-57a2d4851a1d" />
    <TestEntry testId="612613da-83db-bad4-0786-2d957381d4ad" executionId="3e25b77d-84c7-4071-8f4a-0b3f46897b9d" testListId="8c84fa94-04c1-424b-9868-57a2d4851a1d" />
    <TestEntry testId="61f1fbc3-1b38-ec7e-962e-44e1959bccb8" executionId="3987362b-a148-4365-80f1-6e27c32ec130" testListId="8c84fa94-04c1-424b-9868-57a2d4851a1d" />
    <TestEntry testId="61f447bc-f31d-7adc-e8ff-51ce31625b90" executionId="79c8ff47-acf5-4c6c-835b-081ea8a218fd" testListId="8c84fa94-04c1-424b-9868-57a2d4851a1d" />
    <TestEntry testId="65a45aea-1388-af89-1298-2c122710d67c" executionId="c9704e2e-c731-4a3d-8c92-98eb52648803" testListId="8c84fa94-04c1-424b-9868-57a2d4851a1d" />
    <TestEntry testId="65c104b2-1ff7-266c-33d4-c2e6789ce0d4" executionId="e174e58f-6803-47a8-8b89-9bcb5bf9bdc3" testListId="8c84fa94-04c1-424b-9868-57a2d4851a1d" />
    <TestEntry testId="66169587-8c61-bb11-f455-fab6b8497218" executionId="77d84675-2c1d-42af-85c2-19c1151e42a8" testListId="8c84fa94-04c1-424b-9868-57a2d4851a1d" />
    <TestEntry testId="66236707-8e98-8099-42db-7e8aeb3fbf02" executionId="6c5503fd-0188-4076-a88d-4f23409d867f" testListId="8c84fa94-04c1-424b-9868-57a2d4851a1d" />
    <TestEntry testId="66e87870-2f0c-1802-4a46-f39d5c5c0c20" executionId="acc4bdca-fd36-484c-a56b-db3dfd0b34b0" testListId="8c84fa94-04c1-424b-9868-57a2d4851a1d" />
    <TestEntry testId="685ba115-26b4-cfb7-772c-f8e84fc12c79" executionId="d2854a73-2acf-4a19-9005-71ea63d2474a" testListId="8c84fa94-04c1-424b-9868-57a2d4851a1d" />
    <TestEntry testId="68ea6353-2c49-a913-f384-cf2dc40e93c0" executionId="bbfe012a-7690-430a-b337-07836799ab4f" testListId="8c84fa94-04c1-424b-9868-57a2d4851a1d" />
    <TestEntry testId="69653733-6f17-afcb-14dc-a6126a62b1ee" executionId="d47de752-3e5e-4df3-8690-78617aa88a43" testListId="8c84fa94-04c1-424b-9868-57a2d4851a1d" />
    <TestEntry testId="6b30f78c-5c97-e5aa-0928-de7f5ee83660" executionId="f09c6a1a-1390-4c67-9433-1f2d1ec79f7b" testListId="8c84fa94-04c1-424b-9868-57a2d4851a1d" />
    <TestEntry testId="6beb3a34-356e-6f1e-6b50-8d176c416598" executionId="98a2e7b6-4cf0-40e7-b29d-2087ec8abb3c" testListId="8c84fa94-04c1-424b-9868-57a2d4851a1d" />
    <TestEntry testId="6c066a85-168d-65f4-cc37-317318414373" executionId="0dbb8e88-434c-40d6-ade7-80918f3e6e2d" testListId="8c84fa94-04c1-424b-9868-57a2d4851a1d" />
    <TestEntry testId="6d259f14-cf5c-860f-f3bc-07fb6a901208" executionId="cf869439-42a1-41b0-99ca-155c9325213a" testListId="8c84fa94-04c1-424b-9868-57a2d4851a1d" />
    <TestEntry testId="6d50870f-a5f5-48df-fa3a-fd929ac4d6d9" executionId="e9624a92-0f4c-448d-9920-994afed9e315" testListId="8c84fa94-04c1-424b-9868-57a2d4851a1d" />
    <TestEntry testId="6d677716-f4a3-32e4-d489-2827222e4b43" executionId="a1642b08-03a6-4c08-9991-36814bf94622" testListId="8c84fa94-04c1-424b-9868-57a2d4851a1d" />
    <TestEntry testId="6d97d05d-3cb4-4245-56ca-8b9bbc35a993" executionId="629ba956-d6e4-468c-9f49-e384ca0288ba" testListId="8c84fa94-04c1-424b-9868-57a2d4851a1d" />
    <TestEntry testId="6e5c9897-01e5-0ddc-270e-62065e9e22f7" executionId="49285193-49a3-473a-aa7b-51ab69321590" testListId="8c84fa94-04c1-424b-9868-57a2d4851a1d" />
    <TestEntry testId="6ee3e612-4bf5-4b89-e2d7-9da260f06cb5" executionId="f76e706b-5d74-44ff-b709-8d377092ff32" testListId="8c84fa94-04c1-424b-9868-57a2d4851a1d" />
    <TestEntry testId="6efd94c0-48f1-f3dc-5a7c-d483288ae14d" executionId="b8ccd521-f014-4402-a42a-244cab5c843c" testListId="8c84fa94-04c1-424b-9868-57a2d4851a1d" />
    <TestEntry testId="6f4679a3-c135-f19d-6bfb-2e441fc3cb12" executionId="66683fd5-58d2-47b9-a1ed-3e039b1a308f" testListId="8c84fa94-04c1-424b-9868-57a2d4851a1d" />
    <TestEntry testId="6f5b8bdf-f4f3-b0ac-2d17-1c769ba70ec7" executionId="706d5d15-92e3-4e6a-9299-c6a33b5e0842" testListId="8c84fa94-04c1-424b-9868-57a2d4851a1d" />
    <TestEntry testId="6f612bd1-261c-e125-ca8e-f3d31afd386b" executionId="3a2dedab-3429-403f-abee-5138df9ba183" testListId="8c84fa94-04c1-424b-9868-57a2d4851a1d" />
    <TestEntry testId="6fb9a1f1-9260-fa0f-3246-029c6bade6db" executionId="94398f67-0b20-4ff1-ab42-d945a129fa83" testListId="8c84fa94-04c1-424b-9868-57a2d4851a1d" />
    <TestEntry testId="6fc1d911-2aa7-09d2-3f37-8e698e0a0e1a" executionId="00d01dc6-5fa3-4fde-b350-3e13f9528787" testListId="8c84fa94-04c1-424b-9868-57a2d4851a1d" />
    <TestEntry testId="70a48ca4-778f-c05e-3b5d-4d1dd614ffe7" executionId="1da6aceb-dc1c-4aac-8395-3fab069c2a44" testListId="8c84fa94-04c1-424b-9868-57a2d4851a1d" />
    <TestEntry testId="7153296b-7930-7df3-3632-012c2eca18ad" executionId="83bd39bf-8faa-4d3e-8146-96075b43e160" testListId="8c84fa94-04c1-424b-9868-57a2d4851a1d" />
    <TestEntry testId="7209dcdb-bb1a-d89a-c5cb-4180ad1a5427" executionId="af9fa6bd-cba2-4654-beb9-ed9e27203fdf" testListId="8c84fa94-04c1-424b-9868-57a2d4851a1d" />
    <TestEntry testId="74c211d1-a8ea-e685-b3ae-006434becd54" executionId="26effa2b-6c3b-4651-afd3-ae3dd2040077" testListId="8c84fa94-04c1-424b-9868-57a2d4851a1d" />
    <TestEntry testId="75a342b2-ef01-e34d-c6b4-7a9dc15f6b1e" executionId="e55eebf7-85a8-4d75-b44c-f134430e6335" testListId="8c84fa94-04c1-424b-9868-57a2d4851a1d" />
    <TestEntry testId="7685b20a-de0b-8bc0-6c22-3a9d32aab4bd" executionId="6a7669e6-e128-45d5-9d70-2a2b26655669" testListId="8c84fa94-04c1-424b-9868-57a2d4851a1d" />
    <TestEntry testId="783f6a3b-54fe-a923-8c75-e72b281f150f" executionId="718f3f6f-8fdd-4529-b7a4-207c75e3c0a7" testListId="8c84fa94-04c1-424b-9868-57a2d4851a1d" />
    <TestEntry testId="799c0d6a-4d65-290e-a185-a723c64e9bd5" executionId="645f481a-8348-409a-b81f-c2141adc4ce5" testListId="8c84fa94-04c1-424b-9868-57a2d4851a1d" />
    <TestEntry testId="79f08418-c51b-ec01-a3f0-aeabf52599fa" executionId="f362d583-74cb-4295-adef-46558013ebea" testListId="8c84fa94-04c1-424b-9868-57a2d4851a1d" />
    <TestEntry testId="7a4bb2ce-d62d-4561-dc89-28a6c8155af3" executionId="16a89351-b450-493e-8903-82f623901a05" testListId="8c84fa94-04c1-424b-9868-57a2d4851a1d" />
    <TestEntry testId="7acb1219-a69e-e102-dd8e-4060793e7b6e" executionId="b6ad93d6-81c3-49ab-b28a-18c4cddeaf82" testListId="8c84fa94-04c1-424b-9868-57a2d4851a1d" />
    <TestEntry testId="7b6f7aba-399c-6729-f243-4ff68995d88e" executionId="abf1542d-9ae0-4ba9-a4ab-c5b6ba1dbb16" testListId="8c84fa94-04c1-424b-9868-57a2d4851a1d" />
    <TestEntry testId="7b96fc08-5095-7079-15b5-f39e447dbf49" executionId="66554e96-9f62-4fd3-b384-355f84f4bea7" testListId="8c84fa94-04c1-424b-9868-57a2d4851a1d" />
    <TestEntry testId="7bf1b32b-b544-1d63-7f85-8cb3721cb13c" executionId="1da305af-748e-4050-b06d-4c67f2060a04" testListId="8c84fa94-04c1-424b-9868-57a2d4851a1d" />
    <TestEntry testId="7c057236-5b5f-451c-5800-6e05c196b383" executionId="1a067063-014b-44aa-abed-96fbed5dbfa2" testListId="8c84fa94-04c1-424b-9868-57a2d4851a1d" />
    <TestEntry testId="7c9fa0fb-7cf0-12c6-f8da-d4fb82dffc47" executionId="7977c3d6-49be-4263-b284-5f2819853515" testListId="8c84fa94-04c1-424b-9868-57a2d4851a1d" />
    <TestEntry testId="7d2305d4-075e-49ce-735b-3ccd549f53b8" executionId="5252c45f-6d01-4b76-ae74-9716beed22af" testListId="8c84fa94-04c1-424b-9868-57a2d4851a1d" />
    <TestEntry testId="7d282b5a-4c68-651b-2ed3-0d406222883a" executionId="8e521e8d-2634-4e38-a9e4-90c03953a1f4" testListId="8c84fa94-04c1-424b-9868-57a2d4851a1d" />
    <TestEntry testId="7d9357cd-185a-7a7d-46d5-6e0825f094b5" executionId="bc876d3f-21f8-450a-8fe3-cd03520764f6" testListId="8c84fa94-04c1-424b-9868-57a2d4851a1d" />
    <TestEntry testId="7e4ecb77-6a2d-3a8f-0c42-71f8df3a6f64" executionId="87814593-bffd-441e-a1fd-d6ff9b50d366" testListId="8c84fa94-04c1-424b-9868-57a2d4851a1d" />
    <TestEntry testId="7e9e7b54-d658-a1a5-ce5b-efa2cb03052c" executionId="a330eec3-ec65-444c-9f42-28945f6a5b41" testListId="8c84fa94-04c1-424b-9868-57a2d4851a1d" />
    <TestEntry testId="809902e6-5c64-c35c-89c5-d13cd243728a" executionId="5ae68639-724e-4578-8bc3-55a09ecda7b4" testListId="8c84fa94-04c1-424b-9868-57a2d4851a1d" />
    <TestEntry testId="8139f5f3-bee3-cd07-2820-fcf4f70f9ff0" executionId="6bd3c4a4-a8be-4caf-8bde-adac078a334f" testListId="8c84fa94-04c1-424b-9868-57a2d4851a1d" />
    <TestEntry testId="81cb2920-61d9-e3df-f3bf-c3ed245e0ab0" executionId="b74a8850-7846-4b2d-a44e-60186479b11d" testListId="8c84fa94-04c1-424b-9868-57a2d4851a1d" />
    <TestEntry testId="83224f41-33be-cb5a-8243-f1cbb7067a6d" executionId="7f4e0f1f-36ef-4f30-a951-a1144d540517" testListId="8c84fa94-04c1-424b-9868-57a2d4851a1d" />
    <TestEntry testId="847097ef-3573-f329-f9db-f7704607c613" executionId="3d8a3243-ef79-4444-8c03-135bc5dc5a02" testListId="8c84fa94-04c1-424b-9868-57a2d4851a1d" />
    <TestEntry testId="8522a95f-e160-dcf6-186a-2eac6493fad8" executionId="14c53f84-b6f5-43b1-adca-e25a095a8059" testListId="8c84fa94-04c1-424b-9868-57a2d4851a1d" />
    <TestEntry testId="8538b685-e301-b4f2-f6ec-7abb74e1fb4b" executionId="d591bdce-161e-49f6-ae5a-10dc4b9fbc5d" testListId="8c84fa94-04c1-424b-9868-57a2d4851a1d" />
    <TestEntry testId="86374614-7da2-d70a-a3e6-d86ececa0915" executionId="35ca09e8-7943-4e99-87f4-ac169ddf1084" testListId="8c84fa94-04c1-424b-9868-57a2d4851a1d" />
    <TestEntry testId="86693507-7b03-3b4f-52d7-489bc76e87d4" executionId="360fb5d9-0718-496e-93f1-9aae9098aeed" testListId="8c84fa94-04c1-424b-9868-57a2d4851a1d" />
    <TestEntry testId="890ef093-5e72-8ed9-1c1c-1c73a74ec8fc" executionId="df18e754-72d9-4c1f-a371-10ea08247bd3" testListId="8c84fa94-04c1-424b-9868-57a2d4851a1d" />
    <TestEntry testId="8ca88260-b717-95ca-37eb-ce8b3138fe45" executionId="2069fe00-0bc2-4e74-a8e6-1683045b4c8a" testListId="8c84fa94-04c1-424b-9868-57a2d4851a1d" />
    <TestEntry testId="8cca1161-4d2c-f0a6-91e9-079cbe2f9201" executionId="ecc029c7-2667-40ac-a497-f97bd4fa7fcb" testListId="8c84fa94-04c1-424b-9868-57a2d4851a1d" />
    <TestEntry testId="8d764dc0-19cc-25ef-1223-85c01764c701" executionId="b327237f-896c-434a-985b-7de6503c1b14" testListId="8c84fa94-04c1-424b-9868-57a2d4851a1d" />
    <TestEntry testId="8f46b492-6eff-ef62-7327-4eb38c11c2ef" executionId="3ffbeb44-122e-4ca8-83b8-07a39deb2e4c" testListId="8c84fa94-04c1-424b-9868-57a2d4851a1d" />
    <TestEntry testId="9091ae17-a6a8-ad22-153b-b3d1f20f3512" executionId="abb1a4f6-452c-4869-bcc5-b21de11217eb" testListId="8c84fa94-04c1-424b-9868-57a2d4851a1d" />
    <TestEntry testId="948eaf49-3d62-1046-def5-d76ed8415a60" executionId="728d8f84-9a64-4e55-a980-d8c326835ecf" testListId="8c84fa94-04c1-424b-9868-57a2d4851a1d" />
    <TestEntry testId="95004e80-f255-f931-0117-595d4516dea1" executionId="11921c61-6b37-410e-8ab7-c2b187b80d8a" testListId="8c84fa94-04c1-424b-9868-57a2d4851a1d" />
    <TestEntry testId="95252275-5d7e-5275-9816-a53a17373eae" executionId="b525a1ee-5e27-4473-8a82-a1903bd11589" testListId="8c84fa94-04c1-424b-9868-57a2d4851a1d" />
    <TestEntry testId="95c19639-802d-b1a1-d6b5-8e055a02797d" executionId="1c2bc81e-7b7f-435e-8b69-02ff731446a6" testListId="8c84fa94-04c1-424b-9868-57a2d4851a1d" />
    <TestEntry testId="95fac6cd-cd0a-1020-088f-f907c1eb2032" executionId="7546cde1-fec7-483a-90b9-1977b13170e8" testListId="8c84fa94-04c1-424b-9868-57a2d4851a1d" />
    <TestEntry testId="9654d44e-cffe-084f-c793-37a48f54fd16" executionId="64ef436a-29ca-4e9f-a40a-8e6ef50fab2f" testListId="8c84fa94-04c1-424b-9868-57a2d4851a1d" />
    <TestEntry testId="9829ccd4-7897-563f-fa8f-058ccd4d2394" executionId="ebd04545-19eb-48a0-8769-62ea15b63346" testListId="8c84fa94-04c1-424b-9868-57a2d4851a1d" />
    <TestEntry testId="986c501e-f914-4dd0-53c3-b0c1bdfdf5be" executionId="9de80ae4-c881-4f35-8f51-f03d43b5abaf" testListId="8c84fa94-04c1-424b-9868-57a2d4851a1d" />
    <TestEntry testId="99355754-b969-f315-3b5a-88e1622f783a" executionId="33eca3b2-c12f-43ec-9870-edf60c0cb095" testListId="8c84fa94-04c1-424b-9868-57a2d4851a1d" />
    <TestEntry testId="99d5bdbd-2ac1-c2dd-bd8e-ff998f163943" executionId="136519ac-59a5-44dc-a439-1361cca7959b" testListId="8c84fa94-04c1-424b-9868-57a2d4851a1d" />
    <TestEntry testId="9a78eead-dd54-3b88-317e-c7ec25cf0f93" executionId="a8b2f3e9-ba67-45c2-a101-38df43cb936a" testListId="8c84fa94-04c1-424b-9868-57a2d4851a1d" />
    <TestEntry testId="9a7f21c9-61b5-30cc-38aa-34a79b6a0201" executionId="d3fd2ae6-77fd-4632-a308-5fbc20b0956f" testListId="8c84fa94-04c1-424b-9868-57a2d4851a1d" />
    <TestEntry testId="9c6c437e-182b-5735-6616-67dd466d97ca" executionId="0a18a354-079a-4cf1-a12a-ca763a15c43f" testListId="8c84fa94-04c1-424b-9868-57a2d4851a1d" />
    <TestEntry testId="9d65c075-cd74-d595-76f3-d465e66be801" executionId="a6ab64ce-ac31-445e-9628-7064f4628956" testListId="8c84fa94-04c1-424b-9868-57a2d4851a1d" />
    <TestEntry testId="9d81df93-5250-1a02-c112-738e62d8d757" executionId="21b9a6e6-5102-4f32-a841-7d8b160d9dbf" testListId="8c84fa94-04c1-424b-9868-57a2d4851a1d" />
    <TestEntry testId="9dde4be1-7360-a906-9538-025b609b4796" executionId="0479ce8f-82b0-4e81-bc6d-c94521a90da7" testListId="8c84fa94-04c1-424b-9868-57a2d4851a1d" />
    <TestEntry testId="9e0a45ef-94e7-5d2e-296e-d43084cdb72d" executionId="0ff43ccc-da10-4fcc-b756-69129dd78d87" testListId="8c84fa94-04c1-424b-9868-57a2d4851a1d" />
    <TestEntry testId="9e682854-c61c-e4ee-d65c-e57b13656d39" executionId="e0f2fe84-0309-47a8-abee-e6c73d5abf47" testListId="8c84fa94-04c1-424b-9868-57a2d4851a1d" />
    <TestEntry testId="9f145708-6c3c-b063-e40e-7d892e8c9ec8" executionId="5a90a4d4-44b0-44fa-a440-89ef06a78d3b" testListId="8c84fa94-04c1-424b-9868-57a2d4851a1d" />
    <TestEntry testId="9f650caf-3801-3ddc-df66-451ef0461b2d" executionId="c98a2e48-f537-4b37-8a66-19decc573649" testListId="8c84fa94-04c1-424b-9868-57a2d4851a1d" />
    <TestEntry testId="a082c5ab-9e9e-f9a3-c9b1-3688e77d4b93" executionId="6654b7ee-7108-47ff-b888-2bb1d3e78a09" testListId="8c84fa94-04c1-424b-9868-57a2d4851a1d" />
    <TestEntry testId="a2865b2e-10f7-d550-33c8-b7ec8623e85f" executionId="35828880-e540-43a6-a2f0-7d1b1654776c" testListId="8c84fa94-04c1-424b-9868-57a2d4851a1d" />
    <TestEntry testId="a2cd0fe1-b87c-c070-6665-87346857dbcd" executionId="b544e2ba-31b9-4b76-af98-e606fe39f77d" testListId="8c84fa94-04c1-424b-9868-57a2d4851a1d" />
    <TestEntry testId="a4df90b5-6a65-c11c-9306-ae984a6862f3" executionId="2633a944-c4aa-418d-b3e6-f58ad01855d6" testListId="8c84fa94-04c1-424b-9868-57a2d4851a1d" />
    <TestEntry testId="a4e874d3-81be-9f49-2511-92f0df88cee7" executionId="354b7447-faf4-47fa-9271-d97bdcaaf3f4" testListId="8c84fa94-04c1-424b-9868-57a2d4851a1d" />
    <TestEntry testId="a5d1a057-084a-abb3-2d76-06c401ccb8d8" executionId="bc5edc7e-cce9-44e7-9f58-c8a9ddb26747" testListId="8c84fa94-04c1-424b-9868-57a2d4851a1d" />
    <TestEntry testId="a6b9a5f6-83d7-1eba-5a05-ac8e16d1f134" executionId="62b615d4-06a6-4931-86e0-288495eb01aa" testListId="8c84fa94-04c1-424b-9868-57a2d4851a1d" />
    <TestEntry testId="a7658188-1d86-06a8-b6f3-6e5c757f83b4" executionId="5353cf56-d6ba-4b48-98bb-6912822c0598" testListId="8c84fa94-04c1-424b-9868-57a2d4851a1d" />
    <TestEntry testId="a7c3501c-4b66-95e5-cfa7-a3027a1486c4" executionId="5c4e6764-3177-45e2-bf6f-d885157a29ea" testListId="8c84fa94-04c1-424b-9868-57a2d4851a1d" />
    <TestEntry testId="a882d58c-8888-fab1-21e4-618bb71ae1ce" executionId="02163ff6-dba7-4809-bc5c-3733d7122e16" testListId="8c84fa94-04c1-424b-9868-57a2d4851a1d" />
    <TestEntry testId="a92236ed-a367-c7c7-0a25-b11ae709bcb3" executionId="64fc1e70-5b2a-4b0c-aef6-1663e9e223eb" testListId="8c84fa94-04c1-424b-9868-57a2d4851a1d" />
    <TestEntry testId="a95e4141-d767-b753-e492-b99e6f8ee705" executionId="fa4c2be3-ef47-4292-bd5a-57cb44831d4c" testListId="8c84fa94-04c1-424b-9868-57a2d4851a1d" />
    <TestEntry testId="aac835be-7dca-bf39-4e90-f32eb9f2669d" executionId="19f85eec-c539-4cbd-b9ed-36e346d3e445" testListId="8c84fa94-04c1-424b-9868-57a2d4851a1d" />
    <TestEntry testId="aaf613d0-debf-b348-f6a8-625b151b543d" executionId="dfddd3f7-3edb-4e4d-9156-2673eeabbfe4" testListId="8c84fa94-04c1-424b-9868-57a2d4851a1d" />
    <TestEntry testId="abb8373c-7671-9802-6d68-5c17e7124ebd" executionId="59146ae8-e56f-4df7-9f7d-fa0e5ed0e280" testListId="8c84fa94-04c1-424b-9868-57a2d4851a1d" />
    <TestEntry testId="ac6fd380-aa69-7042-79c1-72e377d208c7" executionId="7470e5ab-c1c5-4953-9c5d-991a64e87165" testListId="8c84fa94-04c1-424b-9868-57a2d4851a1d" />
    <TestEntry testId="af74033c-8ac7-9c6c-bed1-b5a7d2c06950" executionId="63eec3a2-32e6-489c-a548-e938e56fba6c" testListId="8c84fa94-04c1-424b-9868-57a2d4851a1d" />
    <TestEntry testId="b0037f39-501d-0ae0-4207-fd773fffa4a6" executionId="d0774355-45e8-46e0-9a51-30a293b75288" testListId="8c84fa94-04c1-424b-9868-57a2d4851a1d" />
    <TestEntry testId="b16bd29a-b3d8-bf0d-809b-edcc4ff2fca0" executionId="d23466b0-14a6-43e4-8e0a-7ee545c19773" testListId="8c84fa94-04c1-424b-9868-57a2d4851a1d" />
    <TestEntry testId="b18d1727-ecb0-0941-0114-d84e798714f5" executionId="b8021dd8-a30c-4c93-aca6-3d8da7da4646" testListId="8c84fa94-04c1-424b-9868-57a2d4851a1d" />
    <TestEntry testId="b25aa57b-bb9a-f05f-4179-18f54e514dcd" executionId="a078d281-0c1e-441a-8d3d-d72c44da30fa" testListId="8c84fa94-04c1-424b-9868-57a2d4851a1d" />
    <TestEntry testId="b28183ac-a700-53c3-0c4c-4c663c3d39eb" executionId="9ae61531-a9ac-47d4-9192-5e769a414da4" testListId="8c84fa94-04c1-424b-9868-57a2d4851a1d" />
    <TestEntry testId="b32170cc-6301-2795-2015-78cba1f92dc0" executionId="d2ddab13-7171-4ee0-9129-2a397f95a8ef" testListId="8c84fa94-04c1-424b-9868-57a2d4851a1d" />
    <TestEntry testId="b3df8862-1b3b-daec-78d1-26c8d0d4c769" executionId="01957d0a-dbac-4a87-a13b-591d9396581b" testListId="8c84fa94-04c1-424b-9868-57a2d4851a1d" />
    <TestEntry testId="b3e73d9f-e8d5-d40e-f226-223e65b83b5c" executionId="3bf71885-9294-4d92-88ad-ea38d9c50b2d" testListId="8c84fa94-04c1-424b-9868-57a2d4851a1d" />
    <TestEntry testId="b56cc93a-1a34-87ca-906c-3850d1ae7b74" executionId="dd3b8404-9ecc-4117-998a-af2ef34f561d" testListId="8c84fa94-04c1-424b-9868-57a2d4851a1d" />
    <TestEntry testId="b5bf2f35-dde6-66e3-7545-0164ceb4c3bb" executionId="47d2a35a-6cdb-4353-9364-cddaa841ced5" testListId="8c84fa94-04c1-424b-9868-57a2d4851a1d" />
    <TestEntry testId="b60197de-ab24-075d-fbab-bf70fa600887" executionId="5b795ae3-fda3-47b3-bb96-d2805da1c472" testListId="8c84fa94-04c1-424b-9868-57a2d4851a1d" />
    <TestEntry testId="b9bdcc23-3882-fdc6-ae71-589fdcc2d732" executionId="217f78f0-7ddb-4cd6-a8e8-6931661c2b05" testListId="8c84fa94-04c1-424b-9868-57a2d4851a1d" />
    <TestEntry testId="b9daaf02-a2df-fc67-bf09-91db90f1040d" executionId="510fe27e-0fa9-49fc-93e3-30ce656a06c7" testListId="8c84fa94-04c1-424b-9868-57a2d4851a1d" />
    <TestEntry testId="ba822c9a-2244-54af-db34-ae1b0ff7f2ea" executionId="eb60596e-5a79-4f38-a84f-cb45d74260c3" testListId="8c84fa94-04c1-424b-9868-57a2d4851a1d" />
    <TestEntry testId="ba89953e-a09d-28cf-6946-aa203e1b8fb8" executionId="de7dd2a0-cb64-42cc-9ad7-dfddab7904cc" testListId="8c84fa94-04c1-424b-9868-57a2d4851a1d" />
    <TestEntry testId="ba999509-487a-7f04-1438-f406952dc58e" executionId="fa0e0823-aaff-4463-8e6b-6e18bad2b5de" testListId="8c84fa94-04c1-424b-9868-57a2d4851a1d" />
    <TestEntry testId="bb35c303-68f9-bb58-ec6c-79aa0b063947" executionId="bc4ad484-422d-4ced-b8bf-b672ccc44edd" testListId="8c84fa94-04c1-424b-9868-57a2d4851a1d" />
    <TestEntry testId="bb62f7f6-95bc-c16c-f91c-8661bb447531" executionId="cb9d469a-a2ed-4e2d-8a4e-b44a007b3606" testListId="8c84fa94-04c1-424b-9868-57a2d4851a1d" />
    <TestEntry testId="bc231f56-0b8a-34bb-d73a-6bc2b970aa27" executionId="c6513db5-5775-4a02-9657-c9ef140e6542" testListId="8c84fa94-04c1-424b-9868-57a2d4851a1d" />
    <TestEntry testId="bc2bbda1-dfbc-fff1-89f7-377eb332a077" executionId="c22b5041-4257-49e7-a461-5388e89a0664" testListId="8c84fa94-04c1-424b-9868-57a2d4851a1d" />
    <TestEntry testId="bdc5cf0e-b6b0-aab1-b4c9-cfdf4e4262c3" executionId="af21d6ce-7faf-43a1-adf2-100b98dcaa69" testListId="8c84fa94-04c1-424b-9868-57a2d4851a1d" />
    <TestEntry testId="bed0bac3-5433-e3b2-3646-ee5b82bf2f3c" executionId="6d614333-200c-46e2-ae4f-fd64825a34eb" testListId="8c84fa94-04c1-424b-9868-57a2d4851a1d" />
    <TestEntry testId="c0f6a7ca-70c4-38dc-b622-ea187fd81d6d" executionId="5e1ded9b-2a73-4698-a38b-539e6f35dbc5" testListId="8c84fa94-04c1-424b-9868-57a2d4851a1d" />
    <TestEntry testId="c154fab6-7379-ae56-989a-e56b1649db90" executionId="5e48e8e5-e682-4c44-94a3-97e06984cc03" testListId="8c84fa94-04c1-424b-9868-57a2d4851a1d" />
    <TestEntry testId="c19d7fe3-d556-ad76-9806-5e328516f06f" executionId="4b392888-1ed7-4258-a50f-b226e55fa229" testListId="8c84fa94-04c1-424b-9868-57a2d4851a1d" />
    <TestEntry testId="c2fceb1f-5078-88e7-1674-00e75ecef9dd" executionId="1f03d997-cfea-4023-9359-a6262d7419af" testListId="8c84fa94-04c1-424b-9868-57a2d4851a1d" />
    <TestEntry testId="c3a4535b-76d1-c39a-2397-114110fb9661" executionId="546905a5-85d8-4473-a1a0-a55b17a3ff8e" testListId="8c84fa94-04c1-424b-9868-57a2d4851a1d" />
    <TestEntry testId="c4f416aa-df0e-260b-8e45-51ab2e95c489" executionId="0bdb9a56-e9a4-428e-8770-114c4ed8d082" testListId="8c84fa94-04c1-424b-9868-57a2d4851a1d" />
    <TestEntry testId="c55622f2-a19b-2b7c-fbf0-3bcc9fa792bb" executionId="1dbfe1bc-9010-4b96-b910-589a2ed9305f" testListId="8c84fa94-04c1-424b-9868-57a2d4851a1d" />
    <TestEntry testId="c59ebd84-a390-b0a9-9601-b22bb9ff7f1d" executionId="1155e1cf-3ca2-4550-ab3b-68b7fa0129b0" testListId="8c84fa94-04c1-424b-9868-57a2d4851a1d" />
    <TestEntry testId="c5a39b6e-0b51-8275-3d9b-29919f35b9b0" executionId="5801d611-1fe5-4510-8b38-fcc0215e774f" testListId="8c84fa94-04c1-424b-9868-57a2d4851a1d" />
    <TestEntry testId="c7989c99-7490-d68e-f8ba-99491ffceea3" executionId="81cddde6-6004-4925-852c-d86246b3be4f" testListId="8c84fa94-04c1-424b-9868-57a2d4851a1d" />
    <TestEntry testId="c85e6447-a3ca-1d12-8c38-f937a72eca57" executionId="20016738-a62f-4d21-8b94-21895d71dd24" testListId="8c84fa94-04c1-424b-9868-57a2d4851a1d" />
    <TestEntry testId="c9a124e9-2f09-63d2-22cf-ad1bad23f16c" executionId="b99ef89f-0912-49b6-b187-d74a20028eeb" testListId="8c84fa94-04c1-424b-9868-57a2d4851a1d" />
    <TestEntry testId="c9e2118a-af3f-f908-ba61-20f5edd2b827" executionId="ea4f238e-5ac2-47a1-8731-3b866f7ec2c5" testListId="8c84fa94-04c1-424b-9868-57a2d4851a1d" />
    <TestEntry testId="ca1b8eb5-4ad5-3e56-62f6-d3c54fe84326" executionId="69161582-6480-424b-b973-a52190d9f386" testListId="8c84fa94-04c1-424b-9868-57a2d4851a1d" />
    <TestEntry testId="cb08040d-63a1-ab84-f3c4-dce8729ce3d1" executionId="c99397dd-e22c-4444-bef6-542e07370337" testListId="8c84fa94-04c1-424b-9868-57a2d4851a1d" />
    <TestEntry testId="cb80e7a8-021c-5d6c-c831-c1f7e461a27c" executionId="078f2478-12be-4be6-aaad-9ea84b59b0b9" testListId="8c84fa94-04c1-424b-9868-57a2d4851a1d" />
    <TestEntry testId="ce354fe1-08e2-7958-e209-2621b563d1da" executionId="f96b2824-182c-4c4b-83ef-079324e49a91" testListId="8c84fa94-04c1-424b-9868-57a2d4851a1d" />
    <TestEntry testId="cf462ec4-8531-1e43-07c6-e34f96bb70c0" executionId="cc55053d-ac2a-4b00-981f-22777fbb45dc" testListId="8c84fa94-04c1-424b-9868-57a2d4851a1d" />
    <TestEntry testId="cfacc8e4-11ef-5e59-c2dc-f7d2d86d5a2e" executionId="bd0caa84-334b-41d2-a614-184edc2aef86" testListId="8c84fa94-04c1-424b-9868-57a2d4851a1d" />
    <TestEntry testId="cfb75f84-eedb-9c69-8ad1-7d1a16a63ca8" executionId="eb45295a-837d-4b4b-9bfb-258c5c3740bf" testListId="8c84fa94-04c1-424b-9868-57a2d4851a1d" />
    <TestEntry testId="d079bc7a-5632-90a3-fd08-a3194bc2d4b6" executionId="a7def2b1-e524-4ca2-9db6-f5f52b719fc0" testListId="8c84fa94-04c1-424b-9868-57a2d4851a1d" />
    <TestEntry testId="d10bf695-c889-b70c-ad2f-f77a6c930e0a" executionId="9fe8b46e-7706-46c0-87f8-735fe0c8fda7" testListId="8c84fa94-04c1-424b-9868-57a2d4851a1d" />
    <TestEntry testId="d1295b3d-b18a-9feb-b9f7-b8d24a1390b4" executionId="6beafaac-6e4a-4564-adea-d250d3ffd1f8" testListId="8c84fa94-04c1-424b-9868-57a2d4851a1d" />
    <TestEntry testId="d39a97f0-a02b-13f3-00ff-3ebdf64857ec" executionId="9f76cc2b-36f1-49a4-b851-a6db46d908e8" testListId="8c84fa94-04c1-424b-9868-57a2d4851a1d" />
    <TestEntry testId="d51d0821-4280-76e7-8d6d-17b8ea1953f0" executionId="1cf91462-ed17-4dac-8b79-d949e77110b2" testListId="8c84fa94-04c1-424b-9868-57a2d4851a1d" />
    <TestEntry testId="d531988b-f1bb-cf47-5dc0-2ed134630321" executionId="b076e97b-ba3a-401d-aba9-e90e1d75f1c6" testListId="8c84fa94-04c1-424b-9868-57a2d4851a1d" />
    <TestEntry testId="d646a28e-30d8-4c55-0af1-38d31ab16a6a" executionId="938142c7-56aa-4b47-8642-85fb92be5096" testListId="8c84fa94-04c1-424b-9868-57a2d4851a1d" />
    <TestEntry testId="d688d02d-3269-304b-a6e8-10e959d858db" executionId="7396368d-881a-47ca-82c0-91ad77419bc1" testListId="8c84fa94-04c1-424b-9868-57a2d4851a1d" />
    <TestEntry testId="d6a3e7bf-2e31-3f07-2490-3e67884ebb4a" executionId="e5774142-d2ca-4d27-833d-15c2734448fb" testListId="8c84fa94-04c1-424b-9868-57a2d4851a1d" />
    <TestEntry testId="d8a245d8-8db6-bd87-8600-23c0fc08446c" executionId="8355e072-1f1e-4de5-a9a8-bfa14f94a679" testListId="8c84fa94-04c1-424b-9868-57a2d4851a1d" />
    <TestEntry testId="d8cfd2cc-f7c2-fb7c-2948-c14069a906b1" executionId="6be30a2c-3fab-4233-b86e-267cd39d9fc1" testListId="8c84fa94-04c1-424b-9868-57a2d4851a1d" />
    <TestEntry testId="d9751d6d-b53f-ae7f-743d-a442b6a2d81c" executionId="a162b49e-2cfe-4164-b082-1142722b6e36" testListId="8c84fa94-04c1-424b-9868-57a2d4851a1d" />
    <TestEntry testId="d9cc8fd3-0870-25cd-301c-1c45a9609c32" executionId="78c54711-aa52-414b-92cf-fe458b103ab9" testListId="8c84fa94-04c1-424b-9868-57a2d4851a1d" />
    <TestEntry testId="d9d60eb2-6c40-96e0-e46e-37fba7b51acb" executionId="6d8fcd1a-a25f-4a38-9a39-6e4162c5cbfe" testListId="8c84fa94-04c1-424b-9868-57a2d4851a1d" />
    <TestEntry testId="da679302-1a0c-b7f2-1c7e-e59bb2763f0f" executionId="73f1c25b-b269-4007-9ee9-b83722f08a59" testListId="8c84fa94-04c1-424b-9868-57a2d4851a1d" />
    <TestEntry testId="db113e6e-fe96-562f-4c9e-fac3dbaaeedc" executionId="12de5508-8441-4090-be8a-81afe5ba89d6" testListId="8c84fa94-04c1-424b-9868-57a2d4851a1d" />
    <TestEntry testId="db2cbd38-a14d-b06e-fd2b-542b84645680" executionId="80aff153-67e0-44b3-ba09-c5a84ddfe686" testListId="8c84fa94-04c1-424b-9868-57a2d4851a1d" />
    <TestEntry testId="dcd64675-21d8-0b9a-9cf5-ac50822ee771" executionId="61c6865a-298c-4135-898f-d1bdc3ce0a9e" testListId="8c84fa94-04c1-424b-9868-57a2d4851a1d" />
    <TestEntry testId="dcf1db6a-6e15-f745-8c61-5c0cbc68681f" executionId="d4c5127f-f6f0-459c-8581-e9f1830b1f27" testListId="8c84fa94-04c1-424b-9868-57a2d4851a1d" />
    <TestEntry testId="de169ee4-3985-9538-838d-f920eef5b26b" executionId="a78972d2-9c7d-4907-9dd0-a3f3db80e8a1" testListId="8c84fa94-04c1-424b-9868-57a2d4851a1d" />
    <TestEntry testId="dfea3fa1-b295-8c05-710e-e2cb6ce3f9d6" executionId="90bab0d4-0e22-4da0-b779-d5a5969b7cab" testListId="8c84fa94-04c1-424b-9868-57a2d4851a1d" />
    <TestEntry testId="e08ed2a3-8471-3997-30af-ab81916e00cb" executionId="fa4396d4-2fe5-4c8d-b82b-9db8f82a18ea" testListId="8c84fa94-04c1-424b-9868-57a2d4851a1d" />
    <TestEntry testId="e1d44afa-1394-6d68-cf3a-361e5ec94e83" executionId="88d2fda4-824e-4031-81f7-f0c61a58a750" testListId="8c84fa94-04c1-424b-9868-57a2d4851a1d" />
    <TestEntry testId="e26f0cbc-ec75-e273-f755-4a50e6a1f30a" executionId="e1289826-995a-4e36-b627-6f99dc39c647" testListId="8c84fa94-04c1-424b-9868-57a2d4851a1d" />
    <TestEntry testId="e2e442ef-e02c-6299-5fbd-dd49fb1d3672" executionId="1a91e9c7-d9c7-4406-a554-2c87537f3d3b" testListId="8c84fa94-04c1-424b-9868-57a2d4851a1d" />
    <TestEntry testId="e4615602-9641-d148-59c9-84c9addeee4f" executionId="19a09523-a7fd-4df5-8aaa-1123295c48b0" testListId="8c84fa94-04c1-424b-9868-57a2d4851a1d" />
    <TestEntry testId="e47b507d-8276-c45e-8213-bc71e7175571" executionId="0fb41e7e-215f-4298-ba04-27ae8ab3f519" testListId="8c84fa94-04c1-424b-9868-57a2d4851a1d" />
    <TestEntry testId="e6a8c00a-faa8-0745-e831-40d2f4668ade" executionId="1690cbaf-9815-448f-b018-faa9569b38b7" testListId="8c84fa94-04c1-424b-9868-57a2d4851a1d" />
    <TestEntry testId="e714817d-ce86-8716-57bb-b981b1597240" executionId="d3f440c9-f67d-46c3-be9c-f27c6b6e312a" testListId="8c84fa94-04c1-424b-9868-57a2d4851a1d" />
    <TestEntry testId="e731ae20-c844-7455-5d52-ca6eb82eb8c1" executionId="b59313a0-2f73-43c8-ad53-f391642b5923" testListId="8c84fa94-04c1-424b-9868-57a2d4851a1d" />
    <TestEntry testId="e9706036-01bc-4fd1-60c9-f67ac8f10adb" executionId="6177a952-e255-4f42-b104-69c9ba6dd50f" testListId="8c84fa94-04c1-424b-9868-57a2d4851a1d" />
    <TestEntry testId="e9fab572-8fef-43db-2f81-87bc2fbad50f" executionId="79fac63e-0369-4bc7-9d74-92d42dad539b" testListId="8c84fa94-04c1-424b-9868-57a2d4851a1d" />
    <TestEntry testId="ea325b6e-c3ab-3827-d099-c8e61f5a4b92" executionId="7f19c025-f717-4985-a5d2-bea1584960db" testListId="8c84fa94-04c1-424b-9868-57a2d4851a1d" />
    <TestEntry testId="eaf1ea02-9828-2113-565b-2356e5e99e6b" executionId="bbab0438-4050-4288-8197-c4c1d5b338d3" testListId="8c84fa94-04c1-424b-9868-57a2d4851a1d" />
    <TestEntry testId="eb7106dc-eb88-ec99-7bfd-0b16f51297ea" executionId="4dcdc443-4827-4870-b8b5-75d196e4f616" testListId="8c84fa94-04c1-424b-9868-57a2d4851a1d" />
    <TestEntry testId="ec86a5c7-025b-b62c-fbf3-4b0194192c0a" executionId="89a7c4d6-63df-473c-9c50-dc706d8d6dac" testListId="8c84fa94-04c1-424b-9868-57a2d4851a1d" />
    <TestEntry testId="ed27cc8b-f076-d5ca-e1a7-e11e80ed7216" executionId="ca5c4891-e7aa-410b-b7a2-9de3f53fcccd" testListId="8c84fa94-04c1-424b-9868-57a2d4851a1d" />
    <TestEntry testId="ef0ae882-4dcb-0302-71db-13ab90020039" executionId="1feadd32-f7fe-4876-a418-bc3137232c71" testListId="8c84fa94-04c1-424b-9868-57a2d4851a1d" />
    <TestEntry testId="ef68a9ee-23ea-2d7b-e344-622c97db6fd2" executionId="4a507845-8665-4139-a854-31d74d6b0f2b" testListId="8c84fa94-04c1-424b-9868-57a2d4851a1d" />
    <TestEntry testId="efd3fdf9-6214-c49f-4a2b-bfb2fe87d588" executionId="1e522c77-0e6d-4494-a525-7570faa8f5d5" testListId="8c84fa94-04c1-424b-9868-57a2d4851a1d" />
    <TestEntry testId="f0a78964-7df7-6d28-3ebe-f82c2151fafb" executionId="7171f829-bc56-4f9b-838d-d2c0dc9ffebd" testListId="8c84fa94-04c1-424b-9868-57a2d4851a1d" />
    <TestEntry testId="f171bbe9-81e2-ed24-643d-8a7305f52326" executionId="2c93b6b6-a4cb-422d-b6c4-36e0193b282f" testListId="8c84fa94-04c1-424b-9868-57a2d4851a1d" />
    <TestEntry testId="f3417486-69dc-de2a-dd50-52fd43d006f5" executionId="d9bf5368-1811-4502-855c-f4f6109b5259" testListId="8c84fa94-04c1-424b-9868-57a2d4851a1d" />
    <TestEntry testId="f395261d-5bed-0fbe-8f0d-91e27b638206" executionId="5f886825-800b-416e-b355-48d14af78958" testListId="8c84fa94-04c1-424b-9868-57a2d4851a1d" />
    <TestEntry testId="f3fa3c96-f413-1277-0bee-c65969207b6c" executionId="eb22c570-e516-40d3-a928-de3bb84be12b" testListId="8c84fa94-04c1-424b-9868-57a2d4851a1d" />
    <TestEntry testId="f503de55-2c95-f110-a46c-919d6f50e064" executionId="f85d3d94-3aa2-4ca5-a025-2cfa4489c43a" testListId="8c84fa94-04c1-424b-9868-57a2d4851a1d" />
    <TestEntry testId="f5ca8613-0214-ec34-e723-d1095b6a17b4" executionId="d4eac8b8-7c5a-42c4-a7ae-a8fda64ae055" testListId="8c84fa94-04c1-424b-9868-57a2d4851a1d" />
    <TestEntry testId="f6ae9d1e-5852-50cb-8378-e1ac4634a91b" executionId="0f768844-ccff-493c-aacf-99fa84be81da" testListId="8c84fa94-04c1-424b-9868-57a2d4851a1d" />
    <TestEntry testId="f6ef8399-e04f-58b6-2ee9-2d40209a41f1" executionId="c5ce18c6-739b-42af-8220-8bec2f7dee2a" testListId="8c84fa94-04c1-424b-9868-57a2d4851a1d" />
    <TestEntry testId="f9b81dce-55e1-263a-0b23-09249cae8cd4" executionId="b76e4933-9b29-4279-a69c-58c2ea0eb0c0" testListId="8c84fa94-04c1-424b-9868-57a2d4851a1d" />
    <TestEntry testId="f9c3b8d4-44eb-d441-d7b4-5980f2089bf1" executionId="e595fe6e-881f-489a-ab68-f9856f1b75fa" testListId="8c84fa94-04c1-424b-9868-57a2d4851a1d" />
    <TestEntry testId="facd1619-809e-3892-1c5d-a369458909c6" executionId="ff411446-c28d-4fa1-9423-6f237c436ba3" testListId="8c84fa94-04c1-424b-9868-57a2d4851a1d" />
    <TestEntry testId="fb8ca09b-7f12-89fe-19bf-bcebd7198872" executionId="56b5f310-a6b5-45fd-b86d-1d09aeee150d" testListId="8c84fa94-04c1-424b-9868-57a2d4851a1d" />
    <TestEntry testId="fda20422-40a9-5283-8a02-f548ab2ba5fd" executionId="d1d89c97-c805-4c6b-8e03-27b388204f71" testListId="8c84fa94-04c1-424b-9868-57a2d4851a1d" />
  </TestEntries>
  <Results>
    <UnitTestResult executionId="6a06d811-4bed-415f-8d57-cd79c3ebf44b" testId="00142389-87b0-3d28-5cfb-700928afa29a" testName="should_return_a_hunt_count_of_5_to_8_if_resolved_as_an_easy_hotzone" computerName="JUSTIN-LAPTOP" duration="00:00:00.2844422" startTime="2010-10-17T14:32:55.0407801-05:00" endTime="2010-10-17T14:32:55.5888114-05:00" testType="13cdc9d9-ddb5-4fa4-a97d-d965ccfc6d4b" outcome="Passed" testListId="8c84fa94-04c1-424b-9868-57a2d4851a1d" relativeResultsDirectory="6a06d811-4bed-415f-8d57-cd79c3ebf44b">
    </UnitTestResult>
    <UnitTestResult executionId="15191d98-3aa8-4df4-8ec6-2bd4b28f87e1" testId="00803d11-60d8-3003-79e6-d2290acd2110" testName="should_not_set_sight_radius_lower_than_the_minimum_sight_radius_for_user" computerName="JUSTIN-LAPTOP" duration="00:00:00.0665447" startTime="2010-10-17T14:32:55.5908115-05:00" endTime="2010-10-17T14:32:55.6648158-05:00" testType="13cdc9d9-ddb5-4fa4-a97d-d965ccfc6d4b" outcome="Passed" testListId="8c84fa94-04c1-424b-9868-57a2d4851a1d" relativeResultsDirectory="15191d98-3aa8-4df4-8ec6-2bd4b28f87e1">
    </UnitTestResult>
    <UnitTestResult executionId="21617b11-0228-4403-a229-db0b12840e1b" testId="00f036f8-7ea4-f115-2065-21a527c875c4" testName="should_update_user_location_if_user_exists" computerName="JUSTIN-LAPTOP" duration="00:00:00.2682278" startTime="2010-10-17T14:32:55.6678160-05:00" endTime="2010-10-17T14:32:55.9398315-05:00" testType="13cdc9d9-ddb5-4fa4-a97d-d965ccfc6d4b" outcome="Passed" testListId="8c84fa94-04c1-424b-9868-57a2d4851a1d" relativeResultsDirectory="21617b11-0228-4403-a229-db0b12840e1b">
    </UnitTestResult>
    <UnitTestResult executionId="f9d2facb-b0fe-4757-b61a-ac3d8c948ebe" testId="01475b3a-fc7d-1f41-65ba-f4ddf4a86946" testName="should_return_hotzones_destroyed" computerName="JUSTIN-LAPTOP" duration="00:00:00.0560909" startTime="2010-10-17T14:32:55.9408316-05:00" endTime="2010-10-17T14:32:56.0028351-05:00" testType="13cdc9d9-ddb5-4fa4-a97d-d965ccfc6d4b" outcome="Passed" testListId="8c84fa94-04c1-424b-9868-57a2d4851a1d" relativeResultsDirectory="f9d2facb-b0fe-4757-b61a-ac3d8c948ebe">
    </UnitTestResult>
    <UnitTestResult executionId="923b9416-38e0-4318-98bc-86a0fd81f914" testId="01612aab-c0ea-12bb-1a12-76fce19990e3" testName="should_check_users_level_after_hunt" computerName="JUSTIN-LAPTOP" duration="00:00:00.1190572" startTime="2010-10-17T14:32:56.0048352-05:00" endTime="2010-10-17T14:32:56.1298424-05:00" testType="13cdc9d9-ddb5-4fa4-a97d-d965ccfc6d4b" outcome="Passed" testListId="8c84fa94-04c1-424b-9868-57a2d4851a1d" relativeResultsDirectory="923b9416-38e0-4318-98bc-86a0fd81f914">
    </UnitTestResult>
    <UnitTestResult executionId="bbdc5a56-8d42-4702-80d7-76b17f8802df" testId="027692e3-3856-06fd-bce6-644a6cf7eb82" testName="should_return_null_for_last_saved_sight_radius_if_user_exists_but_sight_radius_is_null" computerName="JUSTIN-LAPTOP" duration="00:00:00.0233887" startTime="2010-10-17T14:32:56.1308424-05:00" endTime="2010-10-17T14:32:56.1578440-05:00" testType="13cdc9d9-ddb5-4fa4-a97d-d965ccfc6d4b" outcome="Passed" testListId="8c84fa94-04c1-424b-9868-57a2d4851a1d" relativeResultsDirectory="bbdc5a56-8d42-4702-80d7-76b17f8802df">
    </UnitTestResult>
    <UnitTestResult executionId="dcaf4610-263a-4c40-bfe5-4a1cff318a8e" testId="03a8dd14-ba0a-c947-44ec-1c0c4c677ff9" testName="should_return_all_zombie_packs_assocaited_with_hotzone" computerName="JUSTIN-LAPTOP" duration="00:00:00.0464772" startTime="2010-10-17T14:32:56.1598441-05:00" endTime="2010-10-17T14:32:56.2118471-05:00" testType="13cdc9d9-ddb5-4fa4-a97d-d965ccfc6d4b" outcome="Passed" testListId="8c84fa94-04c1-424b-9868-57a2d4851a1d" relativeResultsDirectory="dcaf4610-263a-4c40-bfe5-4a1cff318a8e">
    </UnitTestResult>
    <UnitTestResult executionId="a7f9cd61-cadd-4fd5-99c8-c0e8bcc7d0a0" testId="03d17922-b162-d76b-31f6-f34eb647e676" testName="should_return_user_if_user_exists" computerName="JUSTIN-LAPTOP" duration="00:00:00.0245906" startTime="2010-10-17T14:32:56.2128471-05:00" endTime="2010-10-17T14:32:56.2418488-05:00" testType="13cdc9d9-ddb5-4fa4-a97d-d965ccfc6d4b" outcome="Passed" testListId="8c84fa94-04c1-424b-9868-57a2d4851a1d" relativeResultsDirectory="a7f9cd61-cadd-4fd5-99c8-c0e8bcc7d0a0">
    </UnitTestResult>
    <UnitTestResult executionId="bfd6010b-9a15-4f52-b211-56732c5a9655" testId="05ef1086-81f0-526c-3f9d-15b7821d9bae" testName="should_return_base_sight_radius_for_user" computerName="JUSTIN-LAPTOP" duration="00:00:00.0224109" startTime="2010-10-17T14:32:56.2428488-05:00" endTime="2010-10-17T14:32:56.2698504-05:00" testType="13cdc9d9-ddb5-4fa4-a97d-d965ccfc6d4b" outcome="Passed" testListId="8c84fa94-04c1-424b-9868-57a2d4851a1d" relativeResultsDirectory="bfd6010b-9a15-4f52-b211-56732c5a9655">
    </UnitTestResult>
    <UnitTestResult executionId="d829e97a-9545-430b-a068-c5a264d441be" testId="08042b30-bcf9-bd89-006e-14ec4c40ac45" testName="should_disregard_if_item_does_not_exist" computerName="JUSTIN-LAPTOP" duration="00:00:00.0243572" startTime="2010-10-17T14:32:56.2718505-05:00" endTime="2010-10-17T14:32:56.3008522-05:00" testType="13cdc9d9-ddb5-4fa4-a97d-d965ccfc6d4b" outcome="Passed" testListId="8c84fa94-04c1-424b-9868-57a2d4851a1d" relativeResultsDirectory="d829e97a-9545-430b-a068-c5a264d441be">
    </UnitTestResult>
    <UnitTestResult executionId="8ec8c493-445a-4016-8f92-1aa2b89e9753" testId="0c8abc46-7ae3-a530-a75d-2f31cb9a36fc" testName="should_return_energy_based_on_items_in_safehouse_with_user_not_having_any_money" computerName="JUSTIN-LAPTOP" duration="00:00:00.0396201" startTime="2010-10-17T14:32:56.3108527-05:00" endTime="2010-10-17T14:32:56.3558553-05:00" testType="13cdc9d9-ddb5-4fa4-a97d-d965ccfc6d4b" outcome="Passed" testListId="8c84fa94-04c1-424b-9868-57a2d4851a1d" relativeResultsDirectory="8ec8c493-445a-4016-8f92-1aa2b89e9753">
    </UnitTestResult>
    <UnitTestResult executionId="2c6bd5d0-6c78-4faa-8df7-46a174e0259c" testId="0da63870-00bb-b6e5-56ff-c32676768cb3" testName="should_retrieve_item_by_item_id" computerName="JUSTIN-LAPTOP" duration="00:00:00.0865746" startTime="2010-10-17T14:32:56.3578554-05:00" endTime="2010-10-17T14:32:56.4498607-05:00" testType="13cdc9d9-ddb5-4fa4-a97d-d965ccfc6d4b" outcome="Passed" testListId="8c84fa94-04c1-424b-9868-57a2d4851a1d" relativeResultsDirectory="2c6bd5d0-6c78-4faa-8df7-46a174e0259c">
    </UnitTestResult>
    <UnitTestResult executionId="8e5ddbec-2d3b-45ab-bbed-a7ade9a578d1" testId="0e9255e8-5116-355b-a604-cafe47e04c3c" testName="should_return_achievement_for_killing_100000_zombies" computerName="JUSTIN-LAPTOP" duration="00:00:00.0222946" startTime="2010-10-17T14:32:56.4508607-05:00" endTime="2010-10-17T14:32:56.4788623-05:00" testType="13cdc9d9-ddb5-4fa4-a97d-d965ccfc6d4b" outcome="Passed" testListId="8c84fa94-04c1-424b-9868-57a2d4851a1d" relativeResultsDirectory="8e5ddbec-2d3b-45ab-bbed-a7ade9a578d1">
    </UnitTestResult>
    <UnitTestResult executionId="b682e27c-75fa-4af8-8290-694db103f607" testId="0ee84f2b-31e9-0047-e6f0-0ec71b544574" testName="should_return_current_level_for_user" computerName="JUSTIN-LAPTOP" duration="00:00:00.0048237" startTime="2010-10-17T14:32:56.4798624-05:00" endTime="2010-10-17T14:32:56.4898630-05:00" testType="13cdc9d9-ddb5-4fa4-a97d-d965ccfc6d4b" outcome="Passed" testListId="8c84fa94-04c1-424b-9868-57a2d4851a1d" relativeResultsDirectory="b682e27c-75fa-4af8-8290-694db103f607">
    </UnitTestResult>
    <UnitTestResult executionId="3daf2b38-2e94-411e-a249-b0127f9415da" testId="10dff579-2252-675a-f00d-0bb39990c8c6" testName="should_hunt_if_users_has_enough_energy" computerName="JUSTIN-LAPTOP" duration="00:00:00.0138624" startTime="2010-10-17T14:32:56.4908630-05:00" endTime="2010-10-17T14:32:56.5088641-05:00" testType="13cdc9d9-ddb5-4fa4-a97d-d965ccfc6d4b" outcome="Passed" testListId="8c84fa94-04c1-424b-9868-57a2d4851a1d" relativeResultsDirectory="3daf2b38-2e94-411e-a249-b0127f9415da">
    </UnitTestResult>
    <UnitTestResult executionId="a3dffef6-b469-4bea-9fec-fceb90e17486" testId="1176458c-eb17-c2d6-8c27-e75b41695c1a" testName="should_return_base_energy_if_user_does_not_have_any_money_and_no_items_in_safehouse" computerName="JUSTIN-LAPTOP" duration="00:00:00.0048857" startTime="2010-10-17T14:32:56.5098641-05:00" endTime="2010-10-17T14:32:56.5198647-05:00" testType="13cdc9d9-ddb5-4fa4-a97d-d965ccfc6d4b" outcome="Passed" testListId="8c84fa94-04c1-424b-9868-57a2d4851a1d" relativeResultsDirectory="a3dffef6-b469-4bea-9fec-fceb90e17486">
    </UnitTestResult>
    <UnitTestResult executionId="8f94c5ab-f37f-443a-8221-7a43ef1e66dd" testId="11b9b59c-993f-c435-5dd4-71b20fb4e5e5" testName="should_return_false_if_safe_house_does_not_exist" computerName="JUSTIN-LAPTOP" duration="00:00:00.0504758" startTime="2010-10-17T14:32:56.5208647-05:00" endTime="2010-10-17T14:32:56.5768679-05:00" testType="13cdc9d9-ddb5-4fa4-a97d-d965ccfc6d4b" outcome="Passed" testListId="8c84fa94-04c1-424b-9868-57a2d4851a1d" relativeResultsDirectory="8f94c5ab-f37f-443a-8221-7a43ef1e66dd">
    </UnitTestResult>
    <UnitTestResult executionId="382d59c4-5bbc-4f54-bae5-8c1a7c2a3ebe" testId="11ca7b9d-e2f9-e5ce-6eed-7e1247933dec" testName="should_return_achievement_for_traveling_10_miles" computerName="JUSTIN-LAPTOP" duration="00:00:00.0022530" startTime="2010-10-17T14:32:56.5778680-05:00" endTime="2010-10-17T14:32:56.5898687-05:00" testType="13cdc9d9-ddb5-4fa4-a97d-d965ccfc6d4b" outcome="Passed" testListId="8c84fa94-04c1-424b-9868-57a2d4851a1d" relativeResultsDirectory="382d59c4-5bbc-4f54-bae5-8c1a7c2a3ebe">
    </UnitTestResult>
    <UnitTestResult executionId="c8decbd8-f24d-48ff-abcf-263e4e99ef80" testId="1339f28e-8dc2-ea63-491b-e46002a2f545" testName="should_move_user_and_update_users_location_if_user_has_enough_energy_to_move_to_location" computerName="JUSTIN-LAPTOP" duration="00:00:00.0158970" startTime="2010-10-17T14:32:56.5908687-05:00" endTime="2010-10-17T14:32:56.6128700-05:00" testType="13cdc9d9-ddb5-4fa4-a97d-d965ccfc6d4b" outcome="Passed" testListId="8c84fa94-04c1-424b-9868-57a2d4851a1d" relativeResultsDirectory="c8decbd8-f24d-48ff-abcf-263e4e99ef80">
    </UnitTestResult>
    <UnitTestResult executionId="49459118-e67a-412f-b95b-c0f03f2e346c" testId="13954612-b76a-9796-df53-2efe3530832a" testName="should_return_achievement_for_collecting_100000_dollars" computerName="JUSTIN-LAPTOP" duration="00:00:00.0022785" startTime="2010-10-17T14:32:56.6138701-05:00" endTime="2010-10-17T14:32:56.6228706-05:00" testType="13cdc9d9-ddb5-4fa4-a97d-d965ccfc6d4b" outcome="Passed" testListId="8c84fa94-04c1-424b-9868-57a2d4851a1d" relativeResultsDirectory="49459118-e67a-412f-b95b-c0f03f2e346c">
    </UnitTestResult>
    <UnitTestResult executionId="97d2c099-b069-40b0-b0b8-745eb6fa9006" testId="1426a62d-a078-b4b5-817b-9f560bfc1dfe" testName="should_return_0_if_time_passed_into_calculate_sight_radius_is_less_than_the_last_saved_sight_radius_record" computerName="JUSTIN-LAPTOP" duration="00:00:00.0158294" startTime="2010-10-17T14:32:56.6238706-05:00" endTime="2010-10-17T14:32:56.6618728-05:00" testType="13cdc9d9-ddb5-4fa4-a97d-d965ccfc6d4b" outcome="Passed" testListId="8c84fa94-04c1-424b-9868-57a2d4851a1d" relativeResultsDirectory="97d2c099-b069-40b0-b0b8-745eb6fa9006">
    </UnitTestResult>
    <UnitTestResult executionId="19ab55ba-5874-4ba8-92bc-f97882abd17b" testId="147b1cfd-fcbf-4ec1-a009-05f059879e52" testName="should_record_money_earned_after_a_succesful_hunt" computerName="JUSTIN-LAPTOP" duration="00:00:00.0190383" startTime="2010-10-17T14:32:56.6628729-05:00" endTime="2010-10-17T14:32:56.6878743-05:00" testType="13cdc9d9-ddb5-4fa4-a97d-d965ccfc6d4b" outcome="Passed" testListId="8c84fa94-04c1-424b-9868-57a2d4851a1d" relativeResultsDirectory="19ab55ba-5874-4ba8-92bc-f97882abd17b">
    </UnitTestResult>
    <UnitTestResult executionId="fb92552f-3167-4fcc-a115-043d262172e0" testId="15d93832-4f17-b3dc-992d-8c3088d960e1" testName="should_return_lastvisite_hotzone_id_for_user_that_has_visited_a_hotzone" computerName="JUSTIN-LAPTOP" duration="00:00:00.0646252" startTime="2010-10-17T14:32:56.6888744-05:00" endTime="2010-10-17T14:32:56.7578783-05:00" testType="13cdc9d9-ddb5-4fa4-a97d-d965ccfc6d4b" outcome="Passed" testListId="8c84fa94-04c1-424b-9868-57a2d4851a1d" relativeResultsDirectory="fb92552f-3167-4fcc-a115-043d262172e0">
    </UnitTestResult>
    <UnitTestResult executionId="85c8ac46-e2ce-4f24-a873-7342578edf48" testId="162e548e-a661-0b73-7a6e-7c4d1ab7a750" testName="should_throw_error_if_trying_to_update_base_line_energy_and_user_does_not_exist" computerName="JUSTIN-LAPTOP" duration="00:00:00.1494911" startTime="2010-10-17T14:32:56.7598784-05:00" endTime="2010-10-17T14:32:56.9158873-05:00" testType="13cdc9d9-ddb5-4fa4-a97d-d965ccfc6d4b" outcome="Passed" testListId="8c84fa94-04c1-424b-9868-57a2d4851a1d" relativeResultsDirectory="85c8ac46-e2ce-4f24-a873-7342578edf48">
    </UnitTestResult>
    <UnitTestResult executionId="03b123ef-1d1f-4d63-a4a1-b346bcd5ca4f" testId="166bc0da-4e9a-a151-a5ee-18d3adcd0291" testName="should_return_achievement_for_collecting_10000_dollars" computerName="JUSTIN-LAPTOP" duration="00:00:00.0018433" startTime="2010-10-17T14:32:56.9198876-05:00" endTime="2010-10-17T14:32:56.9278880-05:00" testType="13cdc9d9-ddb5-4fa4-a97d-d965ccfc6d4b" outcome="Passed" testListId="8c84fa94-04c1-424b-9868-57a2d4851a1d" relativeResultsDirectory="03b123ef-1d1f-4d63-a4a1-b346bcd5ca4f">
    </UnitTestResult>
    <UnitTestResult executionId="14973081-c4ca-4557-8add-518b416fddfd" testId="17c9071b-a2b6-56fe-9dc6-b3135a8d71e5" testName="should_insert_zombie_pack_progress_that_does_exist" computerName="JUSTIN-LAPTOP" duration="00:00:00.0461202" startTime="2010-10-17T14:32:56.9318883-05:00" endTime="2010-10-17T14:32:56.9828912-05:00" testType="13cdc9d9-ddb5-4fa4-a97d-d965ccfc6d4b" outcome="Passed" testListId="8c84fa94-04c1-424b-9868-57a2d4851a1d" relativeResultsDirectory="14973081-c4ca-4557-8add-518b416fddfd">
    </UnitTestResult>
    <UnitTestResult executionId="16110e2a-ba8c-45c3-abe0-a72488dfd87e" testId="17d3f4ec-e921-82a2-da9d-9f4177b91ac9" testName="should_return_base_eneryg_plus_any_equiped_items_that_affect_energy" computerName="JUSTIN-LAPTOP" duration="00:00:00.0092956" startTime="2010-10-17T14:32:56.9848913-05:00" endTime="2010-10-17T14:32:56.9988921-05:00" testType="13cdc9d9-ddb5-4fa4-a97d-d965ccfc6d4b" outcome="Passed" testListId="8c84fa94-04c1-424b-9868-57a2d4851a1d" relativeResultsDirectory="16110e2a-ba8c-45c3-abe0-a72488dfd87e">
    </UnitTestResult>
    <UnitTestResult executionId="d560fea7-9f20-468e-b259-0cda0cc5bb22" testId="19198647-e17a-fca8-64d0-a720ab9e3894" testName="should_return_the_summation_of_the_attack_powers_of_items_on_person" computerName="JUSTIN-LAPTOP" duration="00:00:00.0083069" startTime="2010-10-17T14:32:56.9998921-05:00" endTime="2010-10-17T14:32:57.0128929-05:00" testType="13cdc9d9-ddb5-4fa4-a97d-d965ccfc6d4b" outcome="Passed" testListId="8c84fa94-04c1-424b-9868-57a2d4851a1d" relativeResultsDirectory="d560fea7-9f20-468e-b259-0cda0cc5bb22">
    </UnitTestResult>
    <UnitTestResult executionId="8d8e160a-b337-4fc0-8130-2a7030e4a082" testId="1ade4597-88a4-ccb5-c182-1ea16f848376" testName="should_return_achievement_for_destroying_100_hotzones" computerName="JUSTIN-LAPTOP" duration="00:00:00.0019563" startTime="2010-10-17T14:32:57.0138929-05:00" endTime="2010-10-17T14:32:57.0218934-05:00" testType="13cdc9d9-ddb5-4fa4-a97d-d965ccfc6d4b" outcome="Passed" testListId="8c84fa94-04c1-424b-9868-57a2d4851a1d" relativeResultsDirectory="8d8e160a-b337-4fc0-8130-2a7030e4a082">
    </UnitTestResult>
    <UnitTestResult executionId="d0b2fc45-9317-4abc-aad0-3f8ab91803c4" testId="1b56219d-f99d-2b01-66f0-01c3b94f4ee2" testName="should_return_achievement_for_killing_1_zombie" computerName="JUSTIN-LAPTOP" duration="00:00:00.0014514" startTime="2010-10-17T14:32:57.0228935-05:00" endTime="2010-10-17T14:32:57.0318940-05:00" testType="13cdc9d9-ddb5-4fa4-a97d-d965ccfc6d4b" outcome="Passed" testListId="8c84fa94-04c1-424b-9868-57a2d4851a1d" relativeResultsDirectory="d0b2fc45-9317-4abc-aad0-3f8ab91803c4">
    </UnitTestResult>
    <UnitTestResult executionId="207ca24e-d5a6-45cf-a224-cb86e5054fbe" testId="1cb99b44-08d0-1c2c-78e8-64869fef3154" testName="should_retrieve_all_stores" computerName="JUSTIN-LAPTOP" duration="00:00:00.0578338" startTime="2010-10-17T14:32:57.0328940-05:00" endTime="2010-10-17T14:32:57.0958976-05:00" testType="13cdc9d9-ddb5-4fa4-a97d-d965ccfc6d4b" outcome="Passed" testListId="8c84fa94-04c1-424b-9868-57a2d4851a1d" relativeResultsDirectory="207ca24e-d5a6-45cf-a224-cb86e5054fbe">
    </UnitTestResult>
    <UnitTestResult executionId="d900d9ec-7c7d-4842-932c-15b77853df16" testId="1f98f9e8-cb47-74ae-9470-dfe55c54483a" testName="should_update_baseline_attack_power_for_user" computerName="JUSTIN-LAPTOP" duration="00:00:00.0303390" startTime="2010-10-17T14:32:57.0968977-05:00" endTime="2010-10-17T14:32:57.1328997-05:00" testType="13cdc9d9-ddb5-4fa4-a97d-d965ccfc6d4b" outcome="Passed" testListId="8c84fa94-04c1-424b-9868-57a2d4851a1d" relativeResultsDirectory="d900d9ec-7c7d-4842-932c-15b77853df16">
    </UnitTestResult>
    <UnitTestResult executionId="f541eda8-07f7-4ba7-bb18-1c10ed385f8c" testId="20c7eedc-a25f-bd99-048a-d0191e8444d6" testName="should_throw_error_if_facebook_user_id_is_0_user_exists_is_attempted" computerName="JUSTIN-LAPTOP" duration="00:00:00.0229105" startTime="2010-10-17T14:32:57.1348999-05:00" endTime="2010-10-17T14:32:57.1629015-05:00" testType="13cdc9d9-ddb5-4fa4-a97d-d965ccfc6d4b" outcome="Passed" testListId="8c84fa94-04c1-424b-9868-57a2d4851a1d" relativeResultsDirectory="f541eda8-07f7-4ba7-bb18-1c10ed385f8c">
    </UnitTestResult>
    <UnitTestResult executionId="00c56e88-b87e-41f7-b489-afa2f55f49f8" testId="21426709-ea7c-0595-beae-1978da06ff6a" testName="should_record_zombies_killed_after_hunt" computerName="JUSTIN-LAPTOP" duration="00:00:00.0161811" startTime="2010-10-17T14:32:57.1649016-05:00" endTime="2010-10-17T14:32:57.1859028-05:00" testType="13cdc9d9-ddb5-4fa4-a97d-d965ccfc6d4b" outcome="Passed" testListId="8c84fa94-04c1-424b-9868-57a2d4851a1d" relativeResultsDirectory="00c56e88-b87e-41f7-b489-afa2f55f49f8">
    </UnitTestResult>
    <UnitTestResult executionId="462624de-5c1e-4ad4-970a-cf01065ccd0b" testId="214d4e68-bd5b-8ca7-2eae-cad7ae4b5618" testName="should_return_energy_along_with_any_energy_increase_from_many_items_in_safehouse" computerName="JUSTIN-LAPTOP" duration="00:00:00.0070276" startTime="2010-10-17T14:32:57.1869028-05:00" endTime="2010-10-17T14:32:57.1989035-05:00" testType="13cdc9d9-ddb5-4fa4-a97d-d965ccfc6d4b" outcome="Passed" testListId="8c84fa94-04c1-424b-9868-57a2d4851a1d" relativeResultsDirectory="462624de-5c1e-4ad4-970a-cf01065ccd0b">
    </UnitTestResult>
    <UnitTestResult executionId="f9bb927d-7e0f-44d3-bf08-7cd52b66350c" testId="21e42ea8-d73d-440e-e599-8f8f475201e3" testName="should_return_true_if_zombiepack_exists" computerName="JUSTIN-LAPTOP" duration="00:00:00.0116094" startTime="2010-10-17T14:32:57.1999036-05:00" endTime="2010-10-17T14:32:57.2159045-05:00" testType="13cdc9d9-ddb5-4fa4-a97d-d965ccfc6d4b" outcome="Passed" testListId="8c84fa94-04c1-424b-9868-57a2d4851a1d" relativeResultsDirectory="f9bb927d-7e0f-44d3-bf08-7cd52b66350c">
    </UnitTestResult>
    <UnitTestResult executionId="024348aa-f3fc-4f68-a3ed-cd5f82a9cca2" testId="241aa01b-d31a-aa87-10ed-03e9fc36dd2d" testName="should_throw_error_for_saving_last_energy_if_user_does_not_exist" computerName="JUSTIN-LAPTOP" duration="00:00:00.0172817" startTime="2010-10-17T14:32:57.2169046-05:00" endTime="2010-10-17T14:32:57.2379058-05:00" testType="13cdc9d9-ddb5-4fa4-a97d-d965ccfc6d4b" outcome="Passed" testListId="8c84fa94-04c1-424b-9868-57a2d4851a1d" relativeResultsDirectory="024348aa-f3fc-4f68-a3ed-cd5f82a9cca2">
    </UnitTestResult>
    <UnitTestResult executionId="9d755fd0-7659-4955-ae3c-9e5a517b4113" testId="2448c480-75b4-6f61-f066-698054ffd863" testName="should_save_and_return_zombie_pack_progress_with_random_difficulty_if_its_the_first_time_user_has_visited_zombie_pack" computerName="JUSTIN-LAPTOP" duration="00:00:00.0141222" startTime="2010-10-17T14:32:57.2389058-05:00" endTime="2010-10-17T14:32:57.2579069-05:00" testType="13cdc9d9-ddb5-4fa4-a97d-d965ccfc6d4b" outcome="Passed" testListId="8c84fa94-04c1-424b-9868-57a2d4851a1d" relativeResultsDirectory="9d755fd0-7659-4955-ae3c-9e5a517b4113">
    </UnitTestResult>
    <UnitTestResult executionId="326a9a47-3171-4014-a392-10d2f3d73567" testId="24bc110f-ba75-2876-7218-d24fbd5282b6" testName="should_return_0_if_user_does_not_exist" computerName="JUSTIN-LAPTOP" duration="00:00:00.0038532" startTime="2010-10-17T14:32:57.2589070-05:00" endTime="2010-10-17T14:32:57.2679075-05:00" testType="13cdc9d9-ddb5-4fa4-a97d-d965ccfc6d4b" outcome="Passed" testListId="8c84fa94-04c1-424b-9868-57a2d4851a1d" relativeResultsDirectory="326a9a47-3171-4014-a392-10d2f3d73567">
    </UnitTestResult>
    <UnitTestResult executionId="c12d7610-0dc7-42f4-8fe6-66c8e9115b61" testId="24c64596-5cab-4a6f-68a2-2b1dbc11b2be" testName="should_remove_user_item" computerName="JUSTIN-LAPTOP" duration="00:00:00.0516899" startTime="2010-10-17T14:32:57.2699076-05:00" endTime="2010-10-17T14:32:57.3279109-05:00" testType="13cdc9d9-ddb5-4fa4-a97d-d965ccfc6d4b" outcome="Passed" testListId="8c84fa94-04c1-424b-9868-57a2d4851a1d" relativeResultsDirectory="c12d7610-0dc7-42f4-8fe6-66c8e9115b61">
    </UnitTestResult>
    <UnitTestResult executionId="32fd2ac9-b445-4348-8f4a-7b47eab839bf" testId="24e2889f-3174-5207-6e2d-3941d6d3ab4a" testName="should_return_the_number_of_zombie_kills_needed_for_next_level" computerName="JUSTIN-LAPTOP" duration="00:00:00.0011872" startTime="2010-10-17T14:32:57.3289110-05:00" endTime="2010-10-17T14:32:57.3369114-05:00" testType="13cdc9d9-ddb5-4fa4-a97d-d965ccfc6d4b" outcome="Passed" testListId="8c84fa94-04c1-424b-9868-57a2d4851a1d" relativeResultsDirectory="32fd2ac9-b445-4348-8f4a-7b47eab839bf">
    </UnitTestResult>
    <UnitTestResult executionId="92161302-a408-4d1c-8216-9bea09104c67" testId="2528801b-adfc-fc02-0810-867a75b047c9" testName="should_return_remaining_zombie_packs_in_hot_zones" computerName="JUSTIN-LAPTOP" duration="00:00:00.1208904" startTime="2010-10-17T14:32:57.3379115-05:00" endTime="2010-10-17T14:32:57.4639187-05:00" testType="13cdc9d9-ddb5-4fa4-a97d-d965ccfc6d4b" outcome="Passed" testListId="8c84fa94-04c1-424b-9868-57a2d4851a1d" relativeResultsDirectory="92161302-a408-4d1c-8216-9bea09104c67">
    </UnitTestResult>
    <UnitTestResult executionId="41ba575a-ade4-46f9-97e7-9af1371812f3" testId="25699796-3f06-4f57-c2f3-62593d0f8db7" testName="should_retrieve_zombie_pack_by_id" computerName="JUSTIN-LAPTOP" duration="00:00:00.0226800" startTime="2010-10-17T14:32:57.4649187-05:00" endTime="2010-10-17T14:32:57.4919203-05:00" testType="13cdc9d9-ddb5-4fa4-a97d-d965ccfc6d4b" outcome="Passed" testListId="8c84fa94-04c1-424b-9868-57a2d4851a1d" relativeResultsDirectory="41ba575a-ade4-46f9-97e7-9af1371812f3">
    </UnitTestResult>
    <UnitTestResult executionId="aa41005c-89ee-4447-bbf6-4fd7090c181e" testId="2604ff32-2b78-d0a6-0890-b8bb202063cc" testName="should_return_achievement_for_peak_zombies_of_two" computerName="JUSTIN-LAPTOP" duration="00:00:00.0019045" startTime="2010-10-17T14:32:57.4949205-05:00" endTime="2010-10-17T14:32:57.5019209-05:00" testType="13cdc9d9-ddb5-4fa4-a97d-d965ccfc6d4b" outcome="Passed" testListId="8c84fa94-04c1-424b-9868-57a2d4851a1d" relativeResultsDirectory="aa41005c-89ee-4447-bbf6-4fd7090c181e">
    </UnitTestResult>
    <UnitTestResult executionId="270d4a73-7016-45ea-8c8d-b7590a6c7856" testId="269b2e64-447a-b926-cd3c-a38128cb3896" testName="should_return_false_for_IsStartingHotzone_if_hotzone_doesnt_exist" computerName="JUSTIN-LAPTOP" duration="00:00:00.0399621" startTime="2010-10-17T14:32:57.5049210-05:00" endTime="2010-10-17T14:32:57.5489235-05:00" testType="13cdc9d9-ddb5-4fa4-a97d-d965ccfc6d4b" outcome="Passed" testListId="8c84fa94-04c1-424b-9868-57a2d4851a1d" relativeResultsDirectory="270d4a73-7016-45ea-8c8d-b7590a6c7856">
    </UnitTestResult>
    <UnitTestResult executionId="f5592269-ae97-4afa-8406-d934ed766062" testId="27a4ff3c-3eae-1669-f1bc-bcc06d02612f" testName="should_disregard_if_user_does_not_have_enough_money" computerName="JUSTIN-LAPTOP" duration="00:00:00.0178834" startTime="2010-10-17T14:32:57.5539238-05:00" endTime="2010-10-17T14:32:57.5769251-05:00" testType="13cdc9d9-ddb5-4fa4-a97d-d965ccfc6d4b" outcome="Passed" testListId="8c84fa94-04c1-424b-9868-57a2d4851a1d" relativeResultsDirectory="f5592269-ae97-4afa-8406-d934ed766062">
    </UnitTestResult>
    <UnitTestResult executionId="d56b6adb-d4ea-48cc-ad6d-53671a7c4a40" testId="27dffa83-35e8-a35a-74a3-14e94b831d3a" testName="should_return_false_if_zombie_pack_is_not_destroyed_by_user" computerName="JUSTIN-LAPTOP" duration="00:00:00.0582013" startTime="2010-10-17T14:32:57.5799253-05:00" endTime="2010-10-17T14:32:57.6439290-05:00" testType="13cdc9d9-ddb5-4fa4-a97d-d965ccfc6d4b" outcome="Passed" testListId="8c84fa94-04c1-424b-9868-57a2d4851a1d" relativeResultsDirectory="d56b6adb-d4ea-48cc-ad6d-53671a7c4a40">
    </UnitTestResult>
    <UnitTestResult executionId="bfb4ac46-c816-4d3f-8b51-c53e82616045" testId="27e73228-a40a-9260-7cd7-3a5d45c78078" testName="should_return_max_energy_if_calculated_energy_for_time_passed_in_is_greater_than_max_energy_of_user" computerName="JUSTIN-LAPTOP" duration="00:00:00.0121346" startTime="2010-10-17T14:32:57.6449290-05:00" endTime="2010-10-17T14:32:57.6629301-05:00" testType="13cdc9d9-ddb5-4fa4-a97d-d965ccfc6d4b" outcome="Passed" testListId="8c84fa94-04c1-424b-9868-57a2d4851a1d" relativeResultsDirectory="bfb4ac46-c816-4d3f-8b51-c53e82616045">
    </UnitTestResult>
    <UnitTestResult executionId="e6784279-3681-406b-883c-58a4eccb4fcd" testId="29506837-8c96-f6c6-14e0-93c8ab580351" testName="should_disregard_if_user_does_not_exist" computerName="JUSTIN-LAPTOP" duration="00:00:00.0162277" startTime="2010-10-17T14:32:57.6649302-05:00" endTime="2010-10-17T14:32:57.6869314-05:00" testType="13cdc9d9-ddb5-4fa4-a97d-d965ccfc6d4b" outcome="Passed" testListId="8c84fa94-04c1-424b-9868-57a2d4851a1d" relativeResultsDirectory="e6784279-3681-406b-883c-58a4eccb4fcd">
    </UnitTestResult>
    <UnitTestResult executionId="23f4554b-2699-48fa-9597-a049dc25ec58" testId="2a84edfa-8723-e5ed-8953-7dd9bec52c09" testName="should_increment_miles_count_for_user" computerName="JUSTIN-LAPTOP" duration="00:00:00.0218124" startTime="2010-10-17T14:32:57.6879315-05:00" endTime="2010-10-17T14:32:57.7139330-05:00" testType="13cdc9d9-ddb5-4fa4-a97d-d965ccfc6d4b" outcome="Passed" testListId="8c84fa94-04c1-424b-9868-57a2d4851a1d" relativeResultsDirectory="23f4554b-2699-48fa-9597-a049dc25ec58">
    </UnitTestResult>
    <UnitTestResult executionId="4c1712de-0944-4147-bddd-c2eb0cbf7a84" testId="2bb944ea-67c4-2ec5-7a6c-8e36c6922cdf" testName="should_return_attack_power_along_with_any_attack_power_increase_from_buying_many_of_the_same_item_with_no_items_in_safehouse" computerName="JUSTIN-LAPTOP" duration="00:00:00.0092259" startTime="2010-10-17T14:32:57.7149330-05:00" endTime="2010-10-17T14:32:57.7289338-05:00" testType="13cdc9d9-ddb5-4fa4-a97d-d965ccfc6d4b" outcome="Passed" testListId="8c84fa94-04c1-424b-9868-57a2d4851a1d" relativeResultsDirectory="4c1712de-0944-4147-bddd-c2eb0cbf7a84">
    </UnitTestResult>
    <UnitTestResult executionId="c8cbb2ac-ebf2-4a0a-816b-d3ad887f8531" testId="2d393202-3b6b-ea77-5db0-849ebdcd5101" testName="should_return_items_below_a_given_prices" computerName="JUSTIN-LAPTOP" duration="00:00:00.0499381" startTime="2010-10-17T14:32:57.7299339-05:00" endTime="2010-10-17T14:32:57.7839370-05:00" testType="13cdc9d9-ddb5-4fa4-a97d-d965ccfc6d4b" outcome="Passed" testListId="8c84fa94-04c1-424b-9868-57a2d4851a1d" relativeResultsDirectory="c8cbb2ac-ebf2-4a0a-816b-d3ad887f8531">
    </UnitTestResult>
    <UnitTestResult executionId="5ed20627-9310-4c2f-affc-474e79ee1fa9" testId="2db0a3b3-aad5-d46f-7403-c997f42720f5" testName="should_return_achievement_for_destroying_1000_zombie_packs" computerName="JUSTIN-LAPTOP" duration="00:00:00.0026432" startTime="2010-10-17T14:32:57.7859371-05:00" endTime="2010-10-17T14:32:57.7939376-05:00" testType="13cdc9d9-ddb5-4fa4-a97d-d965ccfc6d4b" outcome="Passed" testListId="8c84fa94-04c1-424b-9868-57a2d4851a1d" relativeResultsDirectory="5ed20627-9310-4c2f-affc-474e79ee1fa9">
    </UnitTestResult>
    <UnitTestResult executionId="230fd932-8ebe-43da-916d-a4da3834bd5a" testId="310db446-5a38-a2ff-c0c6-33525d60392a" testName="should_retrieve_single_hotzone" computerName="JUSTIN-LAPTOP" duration="00:00:00.0678990" startTime="2010-10-17T14:32:57.7949376-05:00" endTime="2010-10-17T14:32:57.8679418-05:00" testType="13cdc9d9-ddb5-4fa4-a97d-d965ccfc6d4b" outcome="Passed" testListId="8c84fa94-04c1-424b-9868-57a2d4851a1d" relativeResultsDirectory="230fd932-8ebe-43da-916d-a4da3834bd5a">
    </UnitTestResult>
    <UnitTestResult executionId="901e1dca-8846-4102-97c9-756e5cbc6a3d" testId="31907ecc-7480-4064-cd3b-514e2ff26de7" testName="should_return_true_if_store_exists" computerName="JUSTIN-LAPTOP" duration="00:00:00.0281297" startTime="2010-10-17T14:32:57.8699419-05:00" endTime="2010-10-17T14:32:57.9109443-05:00" testType="13cdc9d9-ddb5-4fa4-a97d-d965ccfc6d4b" outcome="Passed" testListId="8c84fa94-04c1-424b-9868-57a2d4851a1d" relativeResultsDirectory="901e1dca-8846-4102-97c9-756e5cbc6a3d">
    </UnitTestResult>
    <UnitTestResult executionId="c31588df-aed6-4291-a10f-09a008ffb1b9" testId="321c5a91-a83b-02fd-e40b-ce47e7f12083" testName="should_return_min_sight_radius_for_user_if_user_exists_but_last_saved_sight_radius_does_not_exist" computerName="JUSTIN-LAPTOP" duration="00:00:00.0145930" startTime="2010-10-17T14:32:57.9119443-05:00" endTime="2010-10-17T14:32:57.9329455-05:00" testType="13cdc9d9-ddb5-4fa4-a97d-d965ccfc6d4b" outcome="Passed" testListId="8c84fa94-04c1-424b-9868-57a2d4851a1d" relativeResultsDirectory="c31588df-aed6-4291-a10f-09a008ffb1b9">
    </UnitTestResult>
    <UnitTestResult executionId="d6cb453b-48ee-4fc0-a226-a42a35923c64" testId="33a5dc0c-cb8c-881e-3374-24e7b48bd3e1" testName="should_return_last_saved_energy_for_user" computerName="JUSTIN-LAPTOP" duration="00:00:00.0332975" startTime="2010-10-17T14:32:57.9329455-05:00" endTime="2010-10-17T14:32:57.9719477-05:00" testType="13cdc9d9-ddb5-4fa4-a97d-d965ccfc6d4b" outcome="Passed" testListId="8c84fa94-04c1-424b-9868-57a2d4851a1d" relativeResultsDirectory="d6cb453b-48ee-4fc0-a226-a42a35923c64">
    </UnitTestResult>
    <UnitTestResult executionId="fdc06de9-8a72-4ee9-88e5-783e475995ff" testId="353e37f8-b3ee-d1bc-48f1-1354650acd50" testName="should_mark_zombie_pack_as_destroyed_if_the_hunt_destroyed_the_last_zombie" computerName="JUSTIN-LAPTOP" duration="00:00:00.0135119" startTime="2010-10-17T14:32:57.9729478-05:00" endTime="2010-10-17T14:32:57.9919489-05:00" testType="13cdc9d9-ddb5-4fa4-a97d-d965ccfc6d4b" outcome="Passed" testListId="8c84fa94-04c1-424b-9868-57a2d4851a1d" relativeResultsDirectory="fdc06de9-8a72-4ee9-88e5-783e475995ff">
    </UnitTestResult>
    <UnitTestResult executionId="1ef66429-63eb-4ed5-84fb-c3c5089c64cc" testId="35d7f681-d185-2e89-da65-ece3bc8e6e75" testName="should_return_if_user_has_not_killed_enough_zombies_for_next_level" computerName="JUSTIN-LAPTOP" duration="00:00:00.0080014" startTime="2010-10-17T14:32:57.9929489-05:00" endTime="2010-10-17T14:32:58.0059497-05:00" testType="13cdc9d9-ddb5-4fa4-a97d-d965ccfc6d4b" outcome="Passed" testListId="8c84fa94-04c1-424b-9868-57a2d4851a1d" relativeResultsDirectory="1ef66429-63eb-4ed5-84fb-c3c5089c64cc">
    </UnitTestResult>
    <UnitTestResult executionId="2567a2c1-6ab0-4e9c-968b-a8670e991726" testId="3693aeb9-70b2-f86c-f600-b99b067f3b4e" testName="should_return_a_hunt_count_of_50_to_60_if_resolved_as_an_medium_hotzone" computerName="JUSTIN-LAPTOP" duration="00:00:00.0119628" startTime="2010-10-17T14:32:58.0069497-05:00" endTime="2010-10-17T14:32:58.0239507-05:00" testType="13cdc9d9-ddb5-4fa4-a97d-d965ccfc6d4b" outcome="Passed" testListId="8c84fa94-04c1-424b-9868-57a2d4851a1d" relativeResultsDirectory="2567a2c1-6ab0-4e9c-968b-a8670e991726">
    </UnitTestResult>
    <UnitTestResult executionId="082af202-c912-4598-b380-6b6b163672b2" testId="369b7a6d-08d3-f340-d283-f5ee6842f08e" testName="should_return_false_if_hotzone_doesnt_exists" computerName="JUSTIN-LAPTOP" duration="00:00:00.0426106" startTime="2010-10-17T14:32:58.0259508-05:00" endTime="2010-10-17T14:32:58.0749536-05:00" testType="13cdc9d9-ddb5-4fa4-a97d-d965ccfc6d4b" outcome="Passed" testListId="8c84fa94-04c1-424b-9868-57a2d4851a1d" relativeResultsDirectory="082af202-c912-4598-b380-6b6b163672b2">
    </UnitTestResult>
    <UnitTestResult executionId="3351bdcc-8857-435d-b238-41a337568232" testId="369fc750-bfe7-36a0-13ca-f53d742d9647" testName="should_return_a_hunt_count_of_20_to_30_if_resolved_as_an_medium_hotzone" computerName="JUSTIN-LAPTOP" duration="00:00:00.0155421" startTime="2010-10-17T14:32:58.0769537-05:00" endTime="2010-10-17T14:32:58.0979549-05:00" testType="13cdc9d9-ddb5-4fa4-a97d-d965ccfc6d4b" outcome="Passed" testListId="8c84fa94-04c1-424b-9868-57a2d4851a1d" relativeResultsDirectory="3351bdcc-8857-435d-b238-41a337568232">
    </UnitTestResult>
    <UnitTestResult executionId="7bb92b7e-6140-4ff2-bb4b-c5b4d4fdeb53" testId="38152b9e-3e48-dd5e-0e37-b7a27de7e225" testName="should_throw_error_if_trying_to_update_user_inventory_amount_and_user_does_not_exist" computerName="JUSTIN-LAPTOP" duration="00:00:00.0314906" startTime="2010-10-17T14:32:58.0999551-05:00" endTime="2010-10-17T14:32:58.1369572-05:00" testType="13cdc9d9-ddb5-4fa4-a97d-d965ccfc6d4b" outcome="Passed" testListId="8c84fa94-04c1-424b-9868-57a2d4851a1d" relativeResultsDirectory="7bb92b7e-6140-4ff2-bb4b-c5b4d4fdeb53">
    </UnitTestResult>
    <UnitTestResult executionId="f49613e1-22fc-4495-9bb3-0dee11017aea" testId="3871d8b4-607c-f461-9b36-17221688eb47" testName="should_return_achievement_for_traveling_10000_miles" computerName="JUSTIN-LAPTOP" duration="00:00:00.0020844" startTime="2010-10-17T14:32:58.1389573-05:00" endTime="2010-10-17T14:32:58.1469577-05:00" testType="13cdc9d9-ddb5-4fa4-a97d-d965ccfc6d4b" outcome="Passed" testListId="8c84fa94-04c1-424b-9868-57a2d4851a1d" relativeResultsDirectory="f49613e1-22fc-4495-9bb3-0dee11017aea">
    </UnitTestResult>
    <UnitTestResult executionId="0c394aac-f47e-4cc4-848b-1e7d162b78fa" testId="399d3773-04b9-f157-2193-2a81aa17c4e4" testName="should_return_true_if_facebook_user_exists" computerName="JUSTIN-LAPTOP" duration="00:00:00.0355728" startTime="2010-10-17T14:32:58.1479578-05:00" endTime="2010-10-17T14:32:58.1889602-05:00" testType="13cdc9d9-ddb5-4fa4-a97d-d965ccfc6d4b" outcome="Passed" testListId="8c84fa94-04c1-424b-9868-57a2d4851a1d" relativeResultsDirectory="0c394aac-f47e-4cc4-848b-1e7d162b78fa">
    </UnitTestResult>
    <UnitTestResult executionId="58db1d6a-9654-4adc-962f-9e3586fcd842" testId="3a65c876-9662-16ec-4c81-7bea778d6951" testName="should_return_attack_power_along_with_any_attack_power_increase_from_buying_item_with_no_items_in_safehouse" computerName="JUSTIN-LAPTOP" duration="00:00:00.0066451" startTime="2010-10-17T14:32:58.1899602-05:00" endTime="2010-10-17T14:32:58.2009608-05:00" testType="13cdc9d9-ddb5-4fa4-a97d-d965ccfc6d4b" outcome="Passed" testListId="8c84fa94-04c1-424b-9868-57a2d4851a1d" relativeResultsDirectory="58db1d6a-9654-4adc-962f-9e3586fcd842">
    </UnitTestResult>
    <UnitTestResult executionId="96c6352c-e85c-4cd4-a721-cb75fb9cc898" testId="3b3489bf-140a-7d3d-ca59-73f946c71ab3" testName="should_start_with_energy_of_100" computerName="JUSTIN-LAPTOP" duration="00:00:00.0135297" startTime="2010-10-17T14:32:58.2019609-05:00" endTime="2010-10-17T14:32:58.2199619-05:00" testType="13cdc9d9-ddb5-4fa4-a97d-d965ccfc6d4b" outcome="Passed" testListId="8c84fa94-04c1-424b-9868-57a2d4851a1d" relativeResultsDirectory="96c6352c-e85c-4cd4-a721-cb75fb9cc898">
    </UnitTestResult>
    <UnitTestResult executionId="f22ca25e-6a3f-4f61-8ec4-ed9a6e7417ed" testId="3bf90928-3e3e-817d-0c2a-b114432020ae" testName="should_set_last_saved_energy_to_max_energy_if_last_saved_energy_does_not_exist" computerName="JUSTIN-LAPTOP" duration="00:00:00.0070288" startTime="2010-10-17T14:32:58.2219620-05:00" endTime="2010-10-17T14:32:58.2329627-05:00" testType="13cdc9d9-ddb5-4fa4-a97d-d965ccfc6d4b" outcome="Passed" testListId="8c84fa94-04c1-424b-9868-57a2d4851a1d" relativeResultsDirectory="f22ca25e-6a3f-4f61-8ec4-ed9a6e7417ed">
    </UnitTestResult>
    <UnitTestResult executionId="47da4435-8303-4f34-9fcd-09d289be8313" testId="3d1741aa-9576-2eb5-470e-7f713a2bc4d7" testName="should_return_false_if_safe_house_does_not_have_item" computerName="JUSTIN-LAPTOP" duration="00:00:00.0287931" startTime="2010-10-17T14:32:58.2339627-05:00" endTime="2010-10-17T14:32:58.2779652-05:00" testType="13cdc9d9-ddb5-4fa4-a97d-d965ccfc6d4b" outcome="Passed" testListId="8c84fa94-04c1-424b-9868-57a2d4851a1d" relativeResultsDirectory="47da4435-8303-4f34-9fcd-09d289be8313">
    </UnitTestResult>
    <UnitTestResult executionId="e6a0f683-b1f2-49e0-bff5-3624b3bd473e" testId="3d4be643-5d31-3e26-f950-26a5f925e40b" testName="should_return_all_stores_in_radius" computerName="JUSTIN-LAPTOP" duration="00:00:00.0483063" startTime="2010-10-17T14:32:58.2789653-05:00" endTime="2010-10-17T14:32:58.3319683-05:00" testType="13cdc9d9-ddb5-4fa4-a97d-d965ccfc6d4b" outcome="Passed" testListId="8c84fa94-04c1-424b-9868-57a2d4851a1d" relativeResultsDirectory="e6a0f683-b1f2-49e0-bff5-3624b3bd473e">
    </UnitTestResult>
    <UnitTestResult executionId="a7296edb-ba8f-434b-bc5f-44ffdb5a124d" testId="3dc86e55-9e89-b185-10f6-85c78270b263" testName="the_starting_attack_power_should_be_1" computerName="JUSTIN-LAPTOP" duration="00:00:00.0271839" startTime="2010-10-17T14:32:58.3329684-05:00" endTime="2010-10-17T14:32:58.3649702-05:00" testType="13cdc9d9-ddb5-4fa4-a97d-d965ccfc6d4b" outcome="Passed" testListId="8c84fa94-04c1-424b-9868-57a2d4851a1d" relativeResultsDirectory="a7296edb-ba8f-434b-bc5f-44ffdb5a124d">
    </UnitTestResult>
    <UnitTestResult executionId="948cdd69-ce5a-4c29-9e5e-1b032101984d" testId="3e4c555c-eb52-8e6a-77bb-fba4f57ae14d" testName="should_throw_error_for_saving_mas_energy_if_user_does_not_exist" computerName="JUSTIN-LAPTOP" duration="00:00:00.0271750" startTime="2010-10-17T14:32:58.3669703-05:00" endTime="2010-10-17T14:32:58.4029724-05:00" testType="13cdc9d9-ddb5-4fa4-a97d-d965ccfc6d4b" outcome="Passed" testListId="8c84fa94-04c1-424b-9868-57a2d4851a1d" relativeResultsDirectory="948cdd69-ce5a-4c29-9e5e-1b032101984d">
    </UnitTestResult>
    <UnitTestResult executionId="8e2eb165-bc3f-4d89-837b-bec3e68b210e" testId="4013d892-4605-1c26-5721-43931adf425c" testName="should_create_counts_record_if_none_exists_for_user" computerName="JUSTIN-LAPTOP" duration="00:00:00.0239637" startTime="2010-10-17T14:32:58.4059726-05:00" endTime="2010-10-17T14:32:58.4379744-05:00" testType="13cdc9d9-ddb5-4fa4-a97d-d965ccfc6d4b" outcome="Passed" testListId="8c84fa94-04c1-424b-9868-57a2d4851a1d" relativeResultsDirectory="8e2eb165-bc3f-4d89-837b-bec3e68b210e">
    </UnitTestResult>
    <UnitTestResult executionId="561bb236-6164-4650-ae38-6773d97c6852" testId="40ac08e5-9855-8df2-ac1a-e320ada85f67" testName="should_create_user_with_starting_location" computerName="JUSTIN-LAPTOP" duration="00:00:00.0057548" startTime="2010-10-17T14:32:58.4409746-05:00" endTime="2010-10-17T14:32:58.4529753-05:00" testType="13cdc9d9-ddb5-4fa4-a97d-d965ccfc6d4b" outcome="Passed" testListId="8c84fa94-04c1-424b-9868-57a2d4851a1d" relativeResultsDirectory="561bb236-6164-4650-ae38-6773d97c6852">
    </UnitTestResult>
    <UnitTestResult executionId="e95afb6f-15c8-49ba-b42e-c2ce27a58aa8" testId="40c4a339-897f-73e3-e8be-fed33feff0fc" testName="should_return_correct_inventory_slot_number_for_given_level" computerName="JUSTIN-LAPTOP" duration="00:00:00.0010401" startTime="2010-10-17T14:32:58.4539753-05:00" endTime="2010-10-17T14:32:58.4599757-05:00" testType="13cdc9d9-ddb5-4fa4-a97d-d965ccfc6d4b" outcome="Passed" testListId="8c84fa94-04c1-424b-9868-57a2d4851a1d" relativeResultsDirectory="e95afb6f-15c8-49ba-b42e-c2ce27a58aa8">
    </UnitTestResult>
    <UnitTestResult executionId="99dc6945-bea5-4e6f-8d96-50fd9b28b1d9" testId="4345b271-5a8d-5b15-7852-83ed69b14179" testName="should_disregard_move_if_user_does_not_have_enough_energy" computerName="JUSTIN-LAPTOP" duration="00:00:00.0090314" startTime="2010-10-17T14:32:58.4619758-05:00" endTime="2010-10-17T14:32:58.4759766-05:00" testType="13cdc9d9-ddb5-4fa4-a97d-d965ccfc6d4b" outcome="Passed" testListId="8c84fa94-04c1-424b-9868-57a2d4851a1d" relativeResultsDirectory="99dc6945-bea5-4e6f-8d96-50fd9b28b1d9">
    </UnitTestResult>
    <UnitTestResult executionId="2ba0b9a7-f1a7-4f39-b995-62c19796d68a" testId="43a1b4c2-5164-126a-d787-254e51bf5cb0" testName="should_return_base_attack_power_if_user_does_not_have_any_money_and_no_items_in_safehouse" computerName="JUSTIN-LAPTOP" duration="00:00:00.0054594" startTime="2010-10-17T14:32:58.4759766-05:00" endTime="2010-10-17T14:32:58.4859771-05:00" testType="13cdc9d9-ddb5-4fa4-a97d-d965ccfc6d4b" outcome="Passed" testListId="8c84fa94-04c1-424b-9868-57a2d4851a1d" relativeResultsDirectory="2ba0b9a7-f1a7-4f39-b995-62c19796d68a">
    </UnitTestResult>
    <UnitTestResult executionId="b0929956-478d-4fb6-a0ec-cc88888cb6b6" testId="43ea7dc5-29f2-fc24-7626-37c50ab77488" testName="should_return_false_if_item_does_not_exist" computerName="JUSTIN-LAPTOP" duration="00:00:00.0304160" startTime="2010-10-17T14:32:58.4869772-05:00" endTime="2010-10-17T14:32:58.5209791-05:00" testType="13cdc9d9-ddb5-4fa4-a97d-d965ccfc6d4b" outcome="Passed" testListId="8c84fa94-04c1-424b-9868-57a2d4851a1d" relativeResultsDirectory="b0929956-478d-4fb6-a0ec-cc88888cb6b6">
    </UnitTestResult>
    <UnitTestResult executionId="3e8db52c-6010-4fc5-a9d8-5353cf09d01b" testId="441c5aa1-1be2-b7ff-84a3-c2712387e211" testName="should_return_false_if_user_does_not_exist" computerName="JUSTIN-LAPTOP" duration="00:00:00.0211503" startTime="2010-10-17T14:32:58.5219792-05:00" endTime="2010-10-17T14:32:58.5469806-05:00" testType="13cdc9d9-ddb5-4fa4-a97d-d965ccfc6d4b" outcome="Passed" testListId="8c84fa94-04c1-424b-9868-57a2d4851a1d" relativeResultsDirectory="3e8db52c-6010-4fc5-a9d8-5353cf09d01b">
    </UnitTestResult>
    <UnitTestResult executionId="e3ca0162-22f4-4541-bb7d-99048158b53d" testId="456f5311-d61b-5ef4-13ac-a1ceca766e06" testName="should_return_achievement_for_collecting_1000000_dollars" computerName="JUSTIN-LAPTOP" duration="00:00:00.0019288" startTime="2010-10-17T14:32:58.5479807-05:00" endTime="2010-10-17T14:32:58.5549811-05:00" testType="13cdc9d9-ddb5-4fa4-a97d-d965ccfc6d4b" outcome="Passed" testListId="8c84fa94-04c1-424b-9868-57a2d4851a1d" relativeResultsDirectory="e3ca0162-22f4-4541-bb7d-99048158b53d">
    </UnitTestResult>
    <UnitTestResult executionId="b0a2a5d9-13a6-4749-98f1-c46656a5b9d0" testId="461819df-bed1-d7c5-29ce-bdee0f8eaaa2" testName="should_return_true_if_zombie_pack_is_destroyed_by_user" computerName="JUSTIN-LAPTOP" duration="00:00:00.0387079" startTime="2010-10-17T14:32:58.5559811-05:00" endTime="2010-10-17T14:32:58.5979835-05:00" testType="13cdc9d9-ddb5-4fa4-a97d-d965ccfc6d4b" outcome="Passed" testListId="8c84fa94-04c1-424b-9868-57a2d4851a1d" relativeResultsDirectory="b0a2a5d9-13a6-4749-98f1-c46656a5b9d0">
    </UnitTestResult>
    <UnitTestResult executionId="3aa293d8-51f9-41c3-be79-7c12f323d2cd" testId="48c2a012-1ba3-1243-1cd5-aab81b26906b" testName="should_return_all_items_in_store" computerName="JUSTIN-LAPTOP" duration="00:00:00.0271661" startTime="2010-10-17T14:32:58.5999837-05:00" endTime="2010-10-17T14:32:58.6309854-05:00" testType="13cdc9d9-ddb5-4fa4-a97d-d965ccfc6d4b" outcome="Passed" testListId="8c84fa94-04c1-424b-9868-57a2d4851a1d" relativeResultsDirectory="3aa293d8-51f9-41c3-be79-7c12f323d2cd">
    </UnitTestResult>
    <UnitTestResult executionId="683d8366-1f76-4369-aefa-c577452c56a2" testId="49540a47-9778-939f-7252-2442e060eeb3" testName="should_return_achivement_for_destroying_10_hotzones" computerName="JUSTIN-LAPTOP" duration="00:00:00.0014450" startTime="2010-10-17T14:32:58.6319855-05:00" endTime="2010-10-17T14:32:58.6379858-05:00" testType="13cdc9d9-ddb5-4fa4-a97d-d965ccfc6d4b" outcome="Passed" testListId="8c84fa94-04c1-424b-9868-57a2d4851a1d" relativeResultsDirectory="683d8366-1f76-4369-aefa-c577452c56a2">
    </UnitTestResult>
    <UnitTestResult executionId="1f65e475-afe4-4522-9cef-582a5488432e" testId="49e3a9e9-dcf0-f3e5-85da-9f5499fab731" testName="should_calculate_western_point" computerName="JUSTIN-LAPTOP" duration="00:00:00.0016374" startTime="2010-10-17T14:32:58.6389859-05:00" endTime="2010-10-17T14:32:58.6449862-05:00" testType="13cdc9d9-ddb5-4fa4-a97d-d965ccfc6d4b" outcome="Passed" testListId="8c84fa94-04c1-424b-9868-57a2d4851a1d" relativeResultsDirectory="1f65e475-afe4-4522-9cef-582a5488432e">
    </UnitTestResult>
    <UnitTestResult executionId="59076a7e-ae56-40fa-ad1b-b1910c75a8a9" testId="4aab1a6a-e217-fabe-67d7-73dafcd94369" testName="should_return_zero_if_attack_is_null" computerName="JUSTIN-LAPTOP" duration="00:00:00.0302296" startTime="2010-10-17T14:32:58.6469863-05:00" endTime="2010-10-17T14:32:58.6809883-05:00" testType="13cdc9d9-ddb5-4fa4-a97d-d965ccfc6d4b" outcome="Passed" testListId="8c84fa94-04c1-424b-9868-57a2d4851a1d" relativeResultsDirectory="59076a7e-ae56-40fa-ad1b-b1910c75a8a9">
    </UnitTestResult>
    <UnitTestResult executionId="acdb3e00-5c4f-4990-8269-ffd451850e51" testId="4ad82b7e-b664-1e32-b013-da054510a32b" testName="should_add_tent" computerName="JUSTIN-LAPTOP" duration="00:00:00.0186663" startTime="2010-10-17T14:32:58.6819884-05:00" endTime="2010-10-17T14:32:58.7049897-05:00" testType="13cdc9d9-ddb5-4fa4-a97d-d965ccfc6d4b" outcome="Passed" testListId="8c84fa94-04c1-424b-9868-57a2d4851a1d" relativeResultsDirectory="acdb3e00-5c4f-4990-8269-ffd451850e51">
    </UnitTestResult>
    <UnitTestResult executionId="0bc7a6bc-e208-476d-8d0c-6c288dc25a30" testId="4c87210c-f927-e260-2776-9399fcbfbd1c" testName="should_return_true_if_safe_house_exists" computerName="JUSTIN-LAPTOP" duration="00:00:00.0260400" startTime="2010-10-17T14:32:58.7059897-05:00" endTime="2010-10-17T14:32:58.7359914-05:00" testType="13cdc9d9-ddb5-4fa4-a97d-d965ccfc6d4b" outcome="Passed" testListId="8c84fa94-04c1-424b-9868-57a2d4851a1d" relativeResultsDirectory="0bc7a6bc-e208-476d-8d0c-6c288dc25a30">
    </UnitTestResult>
    <UnitTestResult executionId="2325b38a-a358-437e-86d0-0bd4691e9aad" testId="4d9cdfe2-8eee-3937-2a7d-b414e3b51b00" testName="should_disregard_move_if_user_does_not_exist" computerName="JUSTIN-LAPTOP" duration="00:00:00.0032737" startTime="2010-10-17T14:32:58.7369915-05:00" endTime="2010-10-17T14:32:58.7449920-05:00" testType="13cdc9d9-ddb5-4fa4-a97d-d965ccfc6d4b" outcome="Passed" testListId="8c84fa94-04c1-424b-9868-57a2d4851a1d" relativeResultsDirectory="2325b38a-a358-437e-86d0-0bd4691e9aad">
    </UnitTestResult>
    <UnitTestResult executionId="3f472e12-366d-413a-bc49-c401248bd096" testId="50a0e180-73b1-f3e2-9755-9dfe75491e60" testName="should_increment_hotzones_destroyed" computerName="JUSTIN-LAPTOP" duration="00:00:00.0212240" startTime="2010-10-17T14:32:58.7459920-05:00" endTime="2010-10-17T14:32:58.7719935-05:00" testType="13cdc9d9-ddb5-4fa4-a97d-d965ccfc6d4b" outcome="Passed" testListId="8c84fa94-04c1-424b-9868-57a2d4851a1d" relativeResultsDirectory="3f472e12-366d-413a-bc49-c401248bd096">
    </UnitTestResult>
    <UnitTestResult executionId="fae86974-47a7-47ed-9391-a5f9b8c136ed" testId="52c534e6-f8bb-1f9f-939a-d5c5c52fa419" testName="should_record_how_many_miles_have_been_moved_for_achievements" computerName="JUSTIN-LAPTOP" duration="00:00:00.0182667" startTime="2010-10-17T14:32:58.7729936-05:00" endTime="2010-10-17T14:32:58.7959949-05:00" testType="13cdc9d9-ddb5-4fa4-a97d-d965ccfc6d4b" outcome="Passed" testListId="8c84fa94-04c1-424b-9868-57a2d4851a1d" relativeResultsDirectory="fae86974-47a7-47ed-9391-a5f9b8c136ed">
    </UnitTestResult>
    <UnitTestResult executionId="10075330-2645-4e93-a1cb-63fc74718914" testId="537a0821-9a13-8b7a-298b-1a1d7b7834c1" testName="should_give_user_a_random_amount_of_money_after_hunt" computerName="JUSTIN-LAPTOP" duration="00:00:00.0141898" startTime="2010-10-17T14:32:58.7969949-05:00" endTime="2010-10-17T14:32:58.8169961-05:00" testType="13cdc9d9-ddb5-4fa4-a97d-d965ccfc6d4b" outcome="Passed" testListId="8c84fa94-04c1-424b-9868-57a2d4851a1d" relativeResultsDirectory="10075330-2645-4e93-a1cb-63fc74718914">
    </UnitTestResult>
    <UnitTestResult executionId="48d71b4a-939b-440f-be95-4d7dcf081399" testId="537a2b77-3b56-7fda-5cef-ce5b7fef8e47" testName="should_return_achievement_for_collecting_1000_dollars" computerName="JUSTIN-LAPTOP" duration="00:00:00.0013388" startTime="2010-10-17T14:32:58.8179961-05:00" endTime="2010-10-17T14:32:58.8269966-05:00" testType="13cdc9d9-ddb5-4fa4-a97d-d965ccfc6d4b" outcome="Passed" testListId="8c84fa94-04c1-424b-9868-57a2d4851a1d" relativeResultsDirectory="48d71b4a-939b-440f-be95-4d7dcf081399">
    </UnitTestResult>
    <UnitTestResult executionId="d2d567b5-62b3-4973-b93c-d96219082537" testId="53d3d174-2438-d916-b931-5b84347506a5" testName="should_return_true_if_hotzone_is_a_starting_hotzone" computerName="JUSTIN-LAPTOP" duration="00:00:00.0348928" startTime="2010-10-17T14:32:58.8279967-05:00" endTime="2010-10-17T14:32:58.8679990-05:00" testType="13cdc9d9-ddb5-4fa4-a97d-d965ccfc6d4b" outcome="Passed" testListId="8c84fa94-04c1-424b-9868-57a2d4851a1d" relativeResultsDirectory="d2d567b5-62b3-4973-b93c-d96219082537">
    </UnitTestResult>
    <UnitTestResult executionId="3b9caac2-f3d0-4eaf-9e6f-e313db071e96" testId="540edc62-4548-f51c-ae34-777932919c2f" testName="should_get_user_item_id" computerName="JUSTIN-LAPTOP" duration="00:00:00.0322792" startTime="2010-10-17T14:32:58.8689990-05:00" endTime="2010-10-17T14:32:58.9070012-05:00" testType="13cdc9d9-ddb5-4fa4-a97d-d965ccfc6d4b" outcome="Passed" testListId="8c84fa94-04c1-424b-9868-57a2d4851a1d" relativeResultsDirectory="3b9caac2-f3d0-4eaf-9e6f-e313db071e96">
    </UnitTestResult>
    <UnitTestResult executionId="5888fc36-62b6-408c-8b5d-a44c0fd0fa6f" testId="544cc1f1-3454-5e87-e24b-52c6acff6b61" testName="should_return_base_energy_for_user" computerName="JUSTIN-LAPTOP" duration="00:00:00.0204889" startTime="2010-10-17T14:32:58.9080013-05:00" endTime="2010-10-17T14:32:58.9320027-05:00" testType="13cdc9d9-ddb5-4fa4-a97d-d965ccfc6d4b" outcome="Passed" testListId="8c84fa94-04c1-424b-9868-57a2d4851a1d" relativeResultsDirectory="5888fc36-62b6-408c-8b5d-a44c0fd0fa6f">
    </UnitTestResult>
    <UnitTestResult executionId="22f3e2c1-c5a6-4394-8ae4-b38200b46f57" testId="556fe5d0-aedd-a933-babc-4606a23e064e" testName="should_increment_zombie_pack_destroyed_count" computerName="JUSTIN-LAPTOP" duration="00:00:00.0212986" startTime="2010-10-17T14:32:58.9340028-05:00" endTime="2010-10-17T14:32:58.9620044-05:00" testType="13cdc9d9-ddb5-4fa4-a97d-d965ccfc6d4b" outcome="Passed" testListId="8c84fa94-04c1-424b-9868-57a2d4851a1d" relativeResultsDirectory="22f3e2c1-c5a6-4394-8ae4-b38200b46f57">
    </UnitTestResult>
    <UnitTestResult executionId="b6fc5e2e-fb6f-4e1b-82f8-9b20d7727885" testId="55ffc7bf-3f9e-b38d-348c-5fc84dd1b9ed" testName="should_return_null_for_base_sight_radius_if_user_exists_but_max_sight_radius_is_null" computerName="JUSTIN-LAPTOP" duration="00:00:00.0191525" startTime="2010-10-17T14:32:58.9630044-05:00" endTime="2010-10-17T14:32:58.9860057-05:00" testType="13cdc9d9-ddb5-4fa4-a97d-d965ccfc6d4b" outcome="Passed" testListId="8c84fa94-04c1-424b-9868-57a2d4851a1d" relativeResultsDirectory="b6fc5e2e-fb6f-4e1b-82f8-9b20d7727885">
    </UnitTestResult>
    <UnitTestResult executionId="9cd02aac-12e7-4fc8-a014-7de9c0d3e010" testId="560e757d-7d9e-cf97-a66b-6eba9f0dbef7" testName="should_return_null_for_user_that_doesnt_exist" computerName="JUSTIN-LAPTOP" duration="00:00:00.0198836" startTime="2010-10-17T14:32:58.9870058-05:00" endTime="2010-10-17T14:32:59.0110072-05:00" testType="13cdc9d9-ddb5-4fa4-a97d-d965ccfc6d4b" outcome="Passed" testListId="8c84fa94-04c1-424b-9868-57a2d4851a1d" relativeResultsDirectory="9cd02aac-12e7-4fc8-a014-7de9c0d3e010">
    </UnitTestResult>
    <UnitTestResult executionId="687e873e-ffe4-4da1-9e93-17fc4ddb4c4d" testId="578c1082-4447-f4a0-bed7-4e23d16f558c" testName="should_return_an_empty_progress_if_user_does_not_exist" computerName="JUSTIN-LAPTOP" duration="00:00:00.0027072" startTime="2010-10-17T14:32:59.0130073-05:00" endTime="2010-10-17T14:32:59.0200077-05:00" testType="13cdc9d9-ddb5-4fa4-a97d-d965ccfc6d4b" outcome="Passed" testListId="8c84fa94-04c1-424b-9868-57a2d4851a1d" relativeResultsDirectory="687e873e-ffe4-4da1-9e93-17fc4ddb4c4d">
    </UnitTestResult>
    <UnitTestResult executionId="14b3d03b-21db-401b-9453-718905f0407f" testId="57effb65-6bba-b10e-d004-938020663a0f" testName="should_return_0_if_time_passed_into_calculate_energy_is_less_than_the_last_saved_energy_record" computerName="JUSTIN-LAPTOP" duration="00:00:00.0047920" startTime="2010-10-17T14:32:59.0210077-05:00" endTime="2010-10-17T14:32:59.0310083-05:00" testType="13cdc9d9-ddb5-4fa4-a97d-d965ccfc6d4b" outcome="Passed" testListId="8c84fa94-04c1-424b-9868-57a2d4851a1d" relativeResultsDirectory="14b3d03b-21db-401b-9453-718905f0407f">
    </UnitTestResult>
    <UnitTestResult executionId="2991632e-bb3e-455c-a0c2-3f3b373dfbcf" testId="57f6bfb3-878f-ec7b-71d8-e1ae592b6823" testName="should_return_number_of_zombie_packs_left" computerName="JUSTIN-LAPTOP" duration="00:00:00.0406449" startTime="2010-10-17T14:32:59.0320084-05:00" endTime="2010-10-17T14:32:59.0770109-05:00" testType="13cdc9d9-ddb5-4fa4-a97d-d965ccfc6d4b" outcome="Passed" testListId="8c84fa94-04c1-424b-9868-57a2d4851a1d" relativeResultsDirectory="2991632e-bb3e-455c-a0c2-3f3b373dfbcf">
    </UnitTestResult>
    <UnitTestResult executionId="a63e27b2-d88b-4559-848b-7b502b8c605c" testId="583a3b80-1851-93ab-c2ab-87d678e4ad81" testName="should_return_true_if_user_has_item" computerName="JUSTIN-LAPTOP" duration="00:00:00.0281848" startTime="2010-10-17T14:32:59.0810112-05:00" endTime="2010-10-17T14:32:59.1140131-05:00" testType="13cdc9d9-ddb5-4fa4-a97d-d965ccfc6d4b" outcome="Passed" testListId="8c84fa94-04c1-424b-9868-57a2d4851a1d" relativeResultsDirectory="a63e27b2-d88b-4559-848b-7b502b8c605c">
    </UnitTestResult>
    <UnitTestResult executionId="a723b815-bb59-4cc9-8bf9-513095b9b383" testId="58cdb593-e628-53cb-1ff9-a712c7cfa07d" testName="should_disregard_creation_if_location_specified_is_not_a_starting_hot_zone" computerName="JUSTIN-LAPTOP" duration="00:00:00.0075893" startTime="2010-10-17T14:32:59.1170132-05:00" endTime="2010-10-17T14:32:59.1300140-05:00" testType="13cdc9d9-ddb5-4fa4-a97d-d965ccfc6d4b" outcome="Passed" testListId="8c84fa94-04c1-424b-9868-57a2d4851a1d" relativeResultsDirectory="a723b815-bb59-4cc9-8bf9-513095b9b383">
    </UnitTestResult>
    <UnitTestResult executionId="db378437-c4ad-4c87-bb80-bc70b6cadd9a" testId="592a8210-389c-d154-bfaf-1570717dbd73" testName="should_return_if_item_does_not_exist" computerName="JUSTIN-LAPTOP" duration="00:00:00.0055620" startTime="2010-10-17T14:32:59.1340142-05:00" endTime="2010-10-17T14:32:59.1460149-05:00" testType="13cdc9d9-ddb5-4fa4-a97d-d965ccfc6d4b" outcome="Passed" testListId="8c84fa94-04c1-424b-9868-57a2d4851a1d" relativeResultsDirectory="db378437-c4ad-4c87-bb80-bc70b6cadd9a">
    </UnitTestResult>
    <UnitTestResult executionId="c5f169b8-9e82-4232-bd20-3d5a3ae5b6e5" testId="5a128d3b-35ba-f233-4f32-be0f8dfb906e" testName="should_not_hunt_if_user_doesnt_exist" computerName="JUSTIN-LAPTOP" duration="00:00:00.0041777" startTime="2010-10-17T14:32:59.1490151-05:00" endTime="2010-10-17T14:32:59.1600157-05:00" testType="13cdc9d9-ddb5-4fa4-a97d-d965ccfc6d4b" outcome="Passed" testListId="8c84fa94-04c1-424b-9868-57a2d4851a1d" relativeResultsDirectory="c5f169b8-9e82-4232-bd20-3d5a3ae5b6e5">
    </UnitTestResult>
    <UnitTestResult executionId="e0ef90e5-765b-4989-9f84-1922c87e3bac" testId="5a7c17db-19ea-927d-e739-dca3cee988f6" testName="should_return_0_for_attack_power_if_user_does_not_exist" computerName="JUSTIN-LAPTOP" duration="00:00:00.0047142" startTime="2010-10-17T14:32:59.1620158-05:00" endTime="2010-10-17T14:32:59.1740165-05:00" testType="13cdc9d9-ddb5-4fa4-a97d-d965ccfc6d4b" outcome="Passed" testListId="8c84fa94-04c1-424b-9868-57a2d4851a1d" relativeResultsDirectory="e0ef90e5-765b-4989-9f84-1922c87e3bac">
    </UnitTestResult>
    <UnitTestResult executionId="c74785ed-ad97-4c0e-8db2-d29c0e7933a3" testId="5af90bb7-e3b0-b5e7-29f7-fc8b0902be24" testName="should_return_last_sight_radius_saved_If_there_is_no_difference_between_the_current_time_passed_in_and_the_last_saved_sight_radius_from_the_repository" computerName="JUSTIN-LAPTOP" duration="00:00:00.0103435" startTime="2010-10-17T14:32:59.1760166-05:00" endTime="2010-10-17T14:32:59.1940176-05:00" testType="13cdc9d9-ddb5-4fa4-a97d-d965ccfc6d4b" outcome="Passed" testListId="8c84fa94-04c1-424b-9868-57a2d4851a1d" relativeResultsDirectory="c74785ed-ad97-4c0e-8db2-d29c0e7933a3">
    </UnitTestResult>
    <UnitTestResult executionId="0529a7bc-7335-40e2-85c6-08bf2778240b" testId="5afe1781-3ccb-0558-a937-e74f932ccd49" testName="should_retriever_an_empty_list_given_invalid_hotzone_id" computerName="JUSTIN-LAPTOP" duration="00:00:00.0299982" startTime="2010-10-17T14:32:59.1970178-05:00" endTime="2010-10-17T14:32:59.2320198-05:00" testType="13cdc9d9-ddb5-4fa4-a97d-d965ccfc6d4b" outcome="Passed" testListId="8c84fa94-04c1-424b-9868-57a2d4851a1d" relativeResultsDirectory="0529a7bc-7335-40e2-85c6-08bf2778240b">
    </UnitTestResult>
    <UnitTestResult executionId="56952b8d-9cd1-49de-b828-6fab4c980ee5" testId="5b2a5f35-2435-a2ba-eaf1-4c274bced244" testName="should_calculate_northern_point" computerName="JUSTIN-LAPTOP" duration="00:00:00.0005061" startTime="2010-10-17T14:32:59.2340199-05:00" endTime="2010-10-17T14:32:59.2440205-05:00" testType="13cdc9d9-ddb5-4fa4-a97d-d965ccfc6d4b" outcome="Passed" testListId="8c84fa94-04c1-424b-9868-57a2d4851a1d" relativeResultsDirectory="56952b8d-9cd1-49de-b828-6fab4c980ee5">
    </UnitTestResult>
    <UnitTestResult executionId="12007f1e-9028-4058-bcdc-ba59bbd8d25a" testId="5b97deff-fa6b-c377-8ff2-c9c8d4bf8e55" testName="should_retriever_an_empty_list_given_invalid_hotzone_id" computerName="JUSTIN-LAPTOP" duration="00:00:00.0347153" startTime="2010-10-17T14:32:59.2480207-05:00" endTime="2010-10-17T14:32:59.2870230-05:00" testType="13cdc9d9-ddb5-4fa4-a97d-d965ccfc6d4b" outcome="Passed" testListId="8c84fa94-04c1-424b-9868-57a2d4851a1d" relativeResultsDirectory="12007f1e-9028-4058-bcdc-ba59bbd8d25a">
    </UnitTestResult>
    <UnitTestResult executionId="4ec44f5d-6080-42b9-b332-4a22d5b80f80" testId="5d04ca0e-dd33-bf62-c1bb-e7d225b4949c" testName="should_return_achievement_for_destroying_1_zombiePack" computerName="JUSTIN-LAPTOP" duration="00:00:00.0020374" startTime="2010-10-17T14:32:59.2880230-05:00" endTime="2010-10-17T14:32:59.2960235-05:00" testType="13cdc9d9-ddb5-4fa4-a97d-d965ccfc6d4b" outcome="Passed" testListId="8c84fa94-04c1-424b-9868-57a2d4851a1d" relativeResultsDirectory="4ec44f5d-6080-42b9-b332-4a22d5b80f80">
    </UnitTestResult>
    <UnitTestResult executionId="b6cc2620-6aa1-407b-afe5-bd130e6d3da8" testId="5da90bcc-6e5d-3a2d-e174-d391c0422e11" testName="should_update_hot_zone_if_user_is_on_new_hot_zone" computerName="JUSTIN-LAPTOP" duration="00:00:00.0336257" startTime="2010-10-17T14:32:59.2980236-05:00" endTime="2010-10-17T14:32:59.3360258-05:00" testType="13cdc9d9-ddb5-4fa4-a97d-d965ccfc6d4b" outcome="Passed" testListId="8c84fa94-04c1-424b-9868-57a2d4851a1d" relativeResultsDirectory="b6cc2620-6aa1-407b-afe5-bd130e6d3da8">
    </UnitTestResult>
    <UnitTestResult executionId="73a36a56-e43a-44ba-94ea-b2cc8f7fca35" testId="5e0523e6-700c-d803-6a13-76f99c5ecb12" testName="should_return_hotzones_that_are_marked_as_starting_hotzones" computerName="JUSTIN-LAPTOP" duration="00:00:00.0553810" startTime="2010-10-17T14:32:59.3380259-05:00" endTime="2010-10-17T14:32:59.3980293-05:00" testType="13cdc9d9-ddb5-4fa4-a97d-d965ccfc6d4b" outcome="Passed" testListId="8c84fa94-04c1-424b-9868-57a2d4851a1d" relativeResultsDirectory="73a36a56-e43a-44ba-94ea-b2cc8f7fca35">
    </UnitTestResult>
    <UnitTestResult executionId="4e8b0780-0059-4956-9f1d-04d57b72a4b4" testId="5edbb1cd-bd31-7ac9-084c-f6f749883ff2" testName="the_last_visited_hotzone_should_be_starting_location" computerName="JUSTIN-LAPTOP" duration="00:00:00.0292809" startTime="2010-10-17T14:32:59.3990294-05:00" endTime="2010-10-17T14:32:59.4340314-05:00" testType="13cdc9d9-ddb5-4fa4-a97d-d965ccfc6d4b" outcome="Passed" testListId="8c84fa94-04c1-424b-9868-57a2d4851a1d" relativeResultsDirectory="4e8b0780-0059-4956-9f1d-04d57b72a4b4">
    </UnitTestResult>
    <UnitTestResult executionId="1a6dfc89-aef1-40b3-aa60-c4898f705894" testId="5f1fabc6-b3c7-d9b8-821e-098ccaf3eed1" testName="should_save_item_in_user_inventory_and_take_out_of_safe_house_inventory" computerName="JUSTIN-LAPTOP" duration="00:00:00.0244252" startTime="2010-10-17T14:32:59.4360315-05:00" endTime="2010-10-17T14:32:59.4670333-05:00" testType="13cdc9d9-ddb5-4fa4-a97d-d965ccfc6d4b" outcome="Passed" testListId="8c84fa94-04c1-424b-9868-57a2d4851a1d" relativeResultsDirectory="1a6dfc89-aef1-40b3-aa60-c4898f705894">
    </UnitTestResult>
    <UnitTestResult executionId="ffc8aca8-26bc-47ac-9c0e-4d904313dfe8" testId="5f382a5a-614c-c9d5-67f1-1ceadc4420b1" testName="should_set_user_current_base_energy" computerName="JUSTIN-LAPTOP" duration="00:00:00.0313046" startTime="2010-10-17T14:32:59.4680333-05:00" endTime="2010-10-17T14:32:59.5290368-05:00" testType="13cdc9d9-ddb5-4fa4-a97d-d965ccfc6d4b" outcome="Passed" testListId="8c84fa94-04c1-424b-9868-57a2d4851a1d" relativeResultsDirectory="ffc8aca8-26bc-47ac-9c0e-4d904313dfe8">
    </UnitTestResult>
    <UnitTestResult executionId="b9a32571-1d4b-4da4-b0ae-c8a65e87701e" testId="5fa17309-6178-e440-0cb3-9987b0eaea65" testName="should_get_user_item_count" computerName="JUSTIN-LAPTOP" duration="00:00:00.0783256" startTime="2010-10-17T14:32:59.5310369-05:00" endTime="2010-10-17T14:32:59.6160418-05:00" testType="13cdc9d9-ddb5-4fa4-a97d-d965ccfc6d4b" outcome="Passed" testListId="8c84fa94-04c1-424b-9868-57a2d4851a1d" relativeResultsDirectory="b9a32571-1d4b-4da4-b0ae-c8a65e87701e">
    </UnitTestResult>
    <UnitTestResult executionId="56b792d5-ca01-4f08-bc41-59d5b50d23f1" testId="606e3bbd-fbf0-39e8-d39a-d95b2f760af1" testName="should_return_null_for_last_visited_hotzone_if_no_hotzone_has_been_set" computerName="JUSTIN-LAPTOP" duration="00:00:00.0228915" startTime="2010-10-17T14:32:59.6180419-05:00" endTime="2010-10-17T14:32:59.6500437-05:00" testType="13cdc9d9-ddb5-4fa4-a97d-d965ccfc6d4b" outcome="Passed" testListId="8c84fa94-04c1-424b-9868-57a2d4851a1d" relativeResultsDirectory="56b792d5-ca01-4f08-bc41-59d5b50d23f1">
    </UnitTestResult>
    <UnitTestResult executionId="3e385b33-bebb-4534-b794-506eea3a952e" testId="60b889f5-aa93-4766-ebaf-876bc425b3c4" testName="should_save_user_max_energy" computerName="JUSTIN-LAPTOP" duration="00:00:00.0249082" startTime="2010-10-17T14:32:59.6510438-05:00" endTime="2010-10-17T14:32:59.6810455-05:00" testType="13cdc9d9-ddb5-4fa4-a97d-d965ccfc6d4b" outcome="Passed" testListId="8c84fa94-04c1-424b-9868-57a2d4851a1d" relativeResultsDirectory="3e385b33-bebb-4534-b794-506eea3a952e">
    </UnitTestResult>
    <UnitTestResult executionId="3e25b77d-84c7-4071-8f4a-0b3f46897b9d" testId="612613da-83db-bad4-0786-2d957381d4ad" testName="should_retrieve_user_zombie_pack_progress_for_user" computerName="JUSTIN-LAPTOP" duration="00:00:00.0428950" startTime="2010-10-17T14:32:59.6820456-05:00" endTime="2010-10-17T14:32:59.7300483-05:00" testType="13cdc9d9-ddb5-4fa4-a97d-d965ccfc6d4b" outcome="Passed" testListId="8c84fa94-04c1-424b-9868-57a2d4851a1d" relativeResultsDirectory="3e25b77d-84c7-4071-8f4a-0b3f46897b9d">
    </UnitTestResult>
    <UnitTestResult executionId="3987362b-a148-4365-80f1-6e27c32ec130" testId="61f1fbc3-1b38-ec7e-962e-44e1959bccb8" testName="should_return_hotzone_is_not_cleared_for_other_user" computerName="JUSTIN-LAPTOP" duration="00:00:00.1196732" startTime="2010-10-17T14:32:59.7310484-05:00" endTime="2010-10-17T14:32:59.8560555-05:00" testType="13cdc9d9-ddb5-4fa4-a97d-d965ccfc6d4b" outcome="Passed" testListId="8c84fa94-04c1-424b-9868-57a2d4851a1d" relativeResultsDirectory="3987362b-a148-4365-80f1-6e27c32ec130">
    </UnitTestResult>
    <UnitTestResult executionId="79c8ff47-acf5-4c6c-835b-081ea8a218fd" testId="61f447bc-f31d-7adc-e8ff-51ce31625b90" testName="should_throw_error_for_saving_last_energy_if_user_does_not_exist" computerName="JUSTIN-LAPTOP" duration="00:00:00.0261900" startTime="2010-10-17T14:32:59.8570556-05:00" endTime="2010-10-17T14:32:59.8880573-05:00" testType="13cdc9d9-ddb5-4fa4-a97d-d965ccfc6d4b" outcome="Passed" testListId="8c84fa94-04c1-424b-9868-57a2d4851a1d" relativeResultsDirectory="79c8ff47-acf5-4c6c-835b-081ea8a218fd">
    </UnitTestResult>
    <UnitTestResult executionId="c9704e2e-c731-4a3d-8c92-98eb52648803" testId="65a45aea-1388-af89-1298-2c122710d67c" testName="should_return_0_if_user_does_not_exist" computerName="JUSTIN-LAPTOP" duration="00:00:00.0026493" startTime="2010-10-17T14:32:59.8890574-05:00" endTime="2010-10-17T14:32:59.8970578-05:00" testType="13cdc9d9-ddb5-4fa4-a97d-d965ccfc6d4b" outcome="Passed" testListId="8c84fa94-04c1-424b-9868-57a2d4851a1d" relativeResultsDirectory="c9704e2e-c731-4a3d-8c92-98eb52648803">
    </UnitTestResult>
    <UnitTestResult executionId="e174e58f-6803-47a8-8b89-9bcb5bf9bdc3" testId="65c104b2-1ff7-266c-33d4-c2e6789ce0d4" testName="should_throw_error_if_user_does_not_exist" computerName="JUSTIN-LAPTOP" duration="00:00:00.0031136" startTime="2010-10-17T14:32:59.8990580-05:00" endTime="2010-10-17T14:32:59.9070584-05:00" testType="13cdc9d9-ddb5-4fa4-a97d-d965ccfc6d4b" outcome="Passed" testListId="8c84fa94-04c1-424b-9868-57a2d4851a1d" relativeResultsDirectory="e174e58f-6803-47a8-8b89-9bcb5bf9bdc3">
    </UnitTestResult>
    <UnitTestResult executionId="77d84675-2c1d-42af-85c2-19c1151e42a8" testId="66169587-8c61-bb11-f455-fab6b8497218" testName="should_return_achievement_for_collecting_10_dollars" computerName="JUSTIN-LAPTOP" duration="00:00:00.0020755" startTime="2010-10-17T14:32:59.9090585-05:00" endTime="2010-10-17T14:32:59.9160589-05:00" testType="13cdc9d9-ddb5-4fa4-a97d-d965ccfc6d4b" outcome="Passed" testListId="8c84fa94-04c1-424b-9868-57a2d4851a1d" relativeResultsDirectory="77d84675-2c1d-42af-85c2-19c1151e42a8">
    </UnitTestResult>
    <UnitTestResult executionId="6c5503fd-0188-4076-a88d-4f23409d867f" testId="66236707-8e98-8099-42db-7e8aeb3fbf02" testName="should_retrieve_list_of_items_in_safe_house_that_belong_to_user" computerName="JUSTIN-LAPTOP" duration="00:00:00.0378083" startTime="2010-10-17T14:32:59.9170590-05:00" endTime="2010-10-17T14:32:59.9600615-05:00" testType="13cdc9d9-ddb5-4fa4-a97d-d965ccfc6d4b" outcome="Passed" testListId="8c84fa94-04c1-424b-9868-57a2d4851a1d" relativeResultsDirectory="6c5503fd-0188-4076-a88d-4f23409d867f">
    </UnitTestResult>
    <UnitTestResult executionId="acc4bdca-fd36-484c-a56b-db3dfd0b34b0" testId="66e87870-2f0c-1802-4a46-f39d5c5c0c20" testName="should_return_energy_cost_at_5_percent_of_maximum_potential" computerName="JUSTIN-LAPTOP" duration="00:00:00.0110749" startTime="2010-10-17T14:32:59.9620616-05:00" endTime="2010-10-17T14:32:59.9780625-05:00" testType="13cdc9d9-ddb5-4fa4-a97d-d965ccfc6d4b" outcome="Passed" testListId="8c84fa94-04c1-424b-9868-57a2d4851a1d" relativeResultsDirectory="acc4bdca-fd36-484c-a56b-db3dfd0b34b0">
    </UnitTestResult>
    <UnitTestResult executionId="d2854a73-2acf-4a19-9005-71ea63d2474a" testId="685ba115-26b4-cfb7-772c-f8e84fc12c79" testName="should_take_money_from_user_and_add_item_to_user_inventory" computerName="JUSTIN-LAPTOP" duration="00:00:00.0251502" startTime="2010-10-17T14:32:59.9800626-05:00" endTime="2010-10-17T14:33:00.0110644-05:00" testType="13cdc9d9-ddb5-4fa4-a97d-d965ccfc6d4b" outcome="Passed" testListId="8c84fa94-04c1-424b-9868-57a2d4851a1d" relativeResultsDirectory="d2854a73-2acf-4a19-9005-71ea63d2474a">
    </UnitTestResult>
    <UnitTestResult executionId="bbfe012a-7690-430a-b337-07836799ab4f" testId="68ea6353-2c49-a913-f384-cf2dc40e93c0" testName="should_not_hunt_if_user_doesnt_have_enough_energy" computerName="JUSTIN-LAPTOP" duration="00:00:00.0129252" startTime="2010-10-17T14:33:00.0150646-05:00" endTime="2010-10-17T14:33:00.0330656-05:00" testType="13cdc9d9-ddb5-4fa4-a97d-d965ccfc6d4b" outcome="Passed" testListId="8c84fa94-04c1-424b-9868-57a2d4851a1d" relativeResultsDirectory="bbfe012a-7690-430a-b337-07836799ab4f">
    </UnitTestResult>
    <UnitTestResult executionId="d47de752-3e5e-4df3-8690-78617aa88a43" testId="69653733-6f17-afcb-14dc-a6126a62b1ee" testName="should_retrieve_user_current_base_energy" computerName="JUSTIN-LAPTOP" duration="00:00:00.0286067" startTime="2010-10-17T14:33:00.0340657-05:00" endTime="2010-10-17T14:33:00.0680676-05:00" testType="13cdc9d9-ddb5-4fa4-a97d-d965ccfc6d4b" outcome="Passed" testListId="8c84fa94-04c1-424b-9868-57a2d4851a1d" relativeResultsDirectory="d47de752-3e5e-4df3-8690-78617aa88a43">
    </UnitTestResult>
    <UnitTestResult executionId="f09c6a1a-1390-4c67-9433-1f2d1ec79f7b" testId="6b30f78c-5c97-e5aa-0928-de7f5ee83660" testName="should_give_energy_based_on_best_items_from_user_usersafehouse_and_items_that_can_be_bought" computerName="JUSTIN-LAPTOP" duration="00:00:00.0108488" startTime="2010-10-17T14:33:00.0690677-05:00" endTime="2010-10-17T14:33:00.0850686-05:00" testType="13cdc9d9-ddb5-4fa4-a97d-d965ccfc6d4b" outcome="Passed" testListId="8c84fa94-04c1-424b-9868-57a2d4851a1d" relativeResultsDirectory="f09c6a1a-1390-4c67-9433-1f2d1ec79f7b">
    </UnitTestResult>
    <UnitTestResult executionId="98a2e7b6-4cf0-40e7-b29d-2087ec8abb3c" testId="6beb3a34-356e-6f1e-6b50-8d176c416598" testName="should_return_the_amount_of_money_the_user_currently_has" computerName="JUSTIN-LAPTOP" duration="00:00:00.0225965" startTime="2010-10-17T14:33:00.0870687-05:00" endTime="2010-10-17T14:33:00.1140703-05:00" testType="13cdc9d9-ddb5-4fa4-a97d-d965ccfc6d4b" outcome="Passed" testListId="8c84fa94-04c1-424b-9868-57a2d4851a1d" relativeResultsDirectory="98a2e7b6-4cf0-40e7-b29d-2087ec8abb3c">
    </UnitTestResult>
    <UnitTestResult executionId="0dbb8e88-434c-40d6-ade7-80918f3e6e2d" testId="6c066a85-168d-65f4-cc37-317318414373" testName="should_return_achievement_for_destroying_10000_zombie_packs" computerName="JUSTIN-LAPTOP" duration="00:00:00.0052811" startTime="2010-10-17T14:33:00.1150703-05:00" endTime="2010-10-17T14:33:00.1260709-05:00" testType="13cdc9d9-ddb5-4fa4-a97d-d965ccfc6d4b" outcome="Passed" testListId="8c84fa94-04c1-424b-9868-57a2d4851a1d" relativeResultsDirectory="0dbb8e88-434c-40d6-ade7-80918f3e6e2d">
    </UnitTestResult>
    <UnitTestResult executionId="cf869439-42a1-41b0-99ca-155c9325213a" testId="6d259f14-cf5c-860f-f3bc-07fb6a901208" testName="should_throw_error_if_user_already_exists" computerName="JUSTIN-LAPTOP" duration="00:00:00.0282898" startTime="2010-10-17T14:33:00.1280711-05:00" endTime="2010-10-17T14:33:00.1630731-05:00" testType="13cdc9d9-ddb5-4fa4-a97d-d965ccfc6d4b" outcome="Passed" testListId="8c84fa94-04c1-424b-9868-57a2d4851a1d" relativeResultsDirectory="cf869439-42a1-41b0-99ca-155c9325213a">
    </UnitTestResult>
    <UnitTestResult executionId="e9624a92-0f4c-448d-9920-994afed9e315" testId="6d50870f-a5f5-48df-fa3a-fd929ac4d6d9" testName="should_update_users_energy_if_user_can_hunt" computerName="JUSTIN-LAPTOP" duration="00:00:00.0207965" startTime="2010-10-17T14:33:00.1650732-05:00" endTime="2010-10-17T14:33:00.1910747-05:00" testType="13cdc9d9-ddb5-4fa4-a97d-d965ccfc6d4b" outcome="Passed" testListId="8c84fa94-04c1-424b-9868-57a2d4851a1d" relativeResultsDirectory="e9624a92-0f4c-448d-9920-994afed9e315">
    </UnitTestResult>
    <UnitTestResult executionId="a1642b08-03a6-4c08-9991-36814bf94622" testId="6d677716-f4a3-32e4-d489-2827222e4b43" testName="should_return_achievement_for_killing_100_zombies" computerName="JUSTIN-LAPTOP" duration="00:00:00.0018226" startTime="2010-10-17T14:33:00.1930748-05:00" endTime="2010-10-17T14:33:00.2040754-05:00" testType="13cdc9d9-ddb5-4fa4-a97d-d965ccfc6d4b" outcome="Passed" testListId="8c84fa94-04c1-424b-9868-57a2d4851a1d" relativeResultsDirectory="a1642b08-03a6-4c08-9991-36814bf94622">
    </UnitTestResult>
    <UnitTestResult executionId="629ba956-d6e4-468c-9f49-e384ca0288ba" testId="6d97d05d-3cb4-4245-56ca-8b9bbc35a993" testName="should_return_true_if_safe_house_has_item" computerName="JUSTIN-LAPTOP" duration="00:00:00.0302417" startTime="2010-10-17T14:33:00.2060755-05:00" endTime="2010-10-17T14:33:00.2400775-05:00" testType="13cdc9d9-ddb5-4fa4-a97d-d965ccfc6d4b" outcome="Passed" testListId="8c84fa94-04c1-424b-9868-57a2d4851a1d" relativeResultsDirectory="629ba956-d6e4-468c-9f49-e384ca0288ba">
    </UnitTestResult>
    <UnitTestResult executionId="49285193-49a3-473a-aa7b-51ab69321590" testId="6e5c9897-01e5-0ddc-270e-62065e9e22f7" testName="should_update_user_last_hotzone_location_after_successful_hunt" computerName="JUSTIN-LAPTOP" duration="00:00:00.0184770" startTime="2010-10-17T14:33:00.2420776-05:00" endTime="2010-10-17T14:33:00.2660790-05:00" testType="13cdc9d9-ddb5-4fa4-a97d-d965ccfc6d4b" outcome="Passed" testListId="8c84fa94-04c1-424b-9868-57a2d4851a1d" relativeResultsDirectory="49285193-49a3-473a-aa7b-51ab69321590">
    </UnitTestResult>
    <UnitTestResult executionId="f76e706b-5d74-44ff-b709-8d377092ff32" testId="6ee3e612-4bf5-4b89-e2d7-9da260f06cb5" testName="should_throw_error_if_facebook_user_id_is_zero" computerName="JUSTIN-LAPTOP" duration="00:00:00.0053756" startTime="2010-10-17T14:33:00.2670790-05:00" endTime="2010-10-17T14:33:00.2770796-05:00" testType="13cdc9d9-ddb5-4fa4-a97d-d965ccfc6d4b" outcome="Passed" testListId="8c84fa94-04c1-424b-9868-57a2d4851a1d" relativeResultsDirectory="f76e706b-5d74-44ff-b709-8d377092ff32">
    </UnitTestResult>
    <UnitTestResult executionId="b8ccd521-f014-4402-a42a-244cab5c843c" testId="6efd94c0-48f1-f3dc-5a7c-d483288ae14d" testName="should_retrieve_user_current_base_attack" computerName="JUSTIN-LAPTOP" duration="00:00:00.0209837" startTime="2010-10-17T14:33:00.2780796-05:00" endTime="2010-10-17T14:33:00.3040811-05:00" testType="13cdc9d9-ddb5-4fa4-a97d-d965ccfc6d4b" outcome="Passed" testListId="8c84fa94-04c1-424b-9868-57a2d4851a1d" relativeResultsDirectory="b8ccd521-f014-4402-a42a-244cab5c843c">
    </UnitTestResult>
    <UnitTestResult executionId="66683fd5-58d2-47b9-a1ed-3e039b1a308f" testId="6f4679a3-c135-f19d-6bfb-2e441fc3cb12" testName="should_return_achievement_for_destroying_10_zombie_packs" computerName="JUSTIN-LAPTOP" duration="00:00:00.0019750" startTime="2010-10-17T14:33:00.3050812-05:00" endTime="2010-10-17T14:33:00.3120816-05:00" testType="13cdc9d9-ddb5-4fa4-a97d-d965ccfc6d4b" outcome="Passed" testListId="8c84fa94-04c1-424b-9868-57a2d4851a1d" relativeResultsDirectory="66683fd5-58d2-47b9-a1ed-3e039b1a308f">
    </UnitTestResult>
    <UnitTestResult executionId="706d5d15-92e3-4e6a-9299-c6a33b5e0842" testId="6f5b8bdf-f4f3-b0ac-2d17-1c769ba70ec7" testName="should_start_with_attack_power_of_1" computerName="JUSTIN-LAPTOP" duration="00:00:00.0046883" startTime="2010-10-17T14:33:00.3130816-05:00" endTime="2010-10-17T14:33:00.3230822-05:00" testType="13cdc9d9-ddb5-4fa4-a97d-d965ccfc6d4b" outcome="Passed" testListId="8c84fa94-04c1-424b-9868-57a2d4851a1d" relativeResultsDirectory="706d5d15-92e3-4e6a-9299-c6a33b5e0842">
    </UnitTestResult>
    <UnitTestResult executionId="3a2dedab-3429-403f-abee-5138df9ba183" testId="6f612bd1-261c-e125-ca8e-f3d31afd386b" testName="should_return_energy_along_with_any_energy_increase_from_buying_item_with_no_items_in_safehouse" computerName="JUSTIN-LAPTOP" duration="00:00:00.0069012" startTime="2010-10-17T14:33:00.3240823-05:00" endTime="2010-10-17T14:33:00.3350829-05:00" testType="13cdc9d9-ddb5-4fa4-a97d-d965ccfc6d4b" outcome="Passed" testListId="8c84fa94-04c1-424b-9868-57a2d4851a1d" relativeResultsDirectory="3a2dedab-3429-403f-abee-5138df9ba183">
    </UnitTestResult>
    <UnitTestResult executionId="94398f67-0b20-4ff1-ab42-d945a129fa83" testId="6fb9a1f1-9260-fa0f-3246-029c6bade6db" testName="should_return_zero_if_energy_is_null" computerName="JUSTIN-LAPTOP" duration="00:00:00.0260765" startTime="2010-10-17T14:33:00.3360830-05:00" endTime="2010-10-17T14:33:00.3680848-05:00" testType="13cdc9d9-ddb5-4fa4-a97d-d965ccfc6d4b" outcome="Passed" testListId="8c84fa94-04c1-424b-9868-57a2d4851a1d" relativeResultsDirectory="94398f67-0b20-4ff1-ab42-d945a129fa83">
    </UnitTestResult>
    <UnitTestResult executionId="00d01dc6-5fa3-4fde-b350-3e13f9528787" testId="6fc1d911-2aa7-09d2-3f37-8e698e0a0e1a" testName="should_disregard_hunt_if_zombie_pack_does_not_have_any_zombies" computerName="JUSTIN-LAPTOP" duration="00:00:00.0125382" startTime="2010-10-17T14:33:00.3700849-05:00" endTime="2010-10-17T14:33:00.3890860-05:00" testType="13cdc9d9-ddb5-4fa4-a97d-d965ccfc6d4b" outcome="Passed" testListId="8c84fa94-04c1-424b-9868-57a2d4851a1d" relativeResultsDirectory="00d01dc6-5fa3-4fde-b350-3e13f9528787">
    </UnitTestResult>
    <UnitTestResult executionId="1da6aceb-dc1c-4aac-8395-3fab069c2a44" testId="70a48ca4-778f-c05e-3b5d-4d1dd614ffe7" testName="should_truncate_seconds_and_milliseconds_from_times_that_are_being_used_for_calculating_energy" computerName="JUSTIN-LAPTOP" duration="00:00:00.0070139" startTime="2010-10-17T14:33:00.3900860-05:00" endTime="2010-10-17T14:33:00.4020867-05:00" testType="13cdc9d9-ddb5-4fa4-a97d-d965ccfc6d4b" outcome="Passed" testListId="8c84fa94-04c1-424b-9868-57a2d4851a1d" relativeResultsDirectory="1da6aceb-dc1c-4aac-8395-3fab069c2a44">
    </UnitTestResult>
    <UnitTestResult executionId="83bd39bf-8faa-4d3e-8146-96075b43e160" testId="7153296b-7930-7df3-3632-012c2eca18ad" testName="should_update_users_energy_based_on_distance_moved" computerName="JUSTIN-LAPTOP" duration="00:00:00.0087960" startTime="2010-10-17T14:33:00.4040869-05:00" endTime="2010-10-17T14:33:00.4180877-05:00" testType="13cdc9d9-ddb5-4fa4-a97d-d965ccfc6d4b" outcome="Passed" testListId="8c84fa94-04c1-424b-9868-57a2d4851a1d" relativeResultsDirectory="83bd39bf-8faa-4d3e-8146-96075b43e160">
    </UnitTestResult>
    <UnitTestResult executionId="af9fa6bd-cba2-4654-beb9-ed9e27203fdf" testId="7209dcdb-bb1a-d89a-c5cb-4180ad1a5427" testName="should_return_all_hot_zones" computerName="JUSTIN-LAPTOP" duration="00:00:00.0363662" startTime="2010-10-17T14:33:00.4200878-05:00" endTime="2010-10-17T14:33:00.4620902-05:00" testType="13cdc9d9-ddb5-4fa4-a97d-d965ccfc6d4b" outcome="Passed" testListId="8c84fa94-04c1-424b-9868-57a2d4851a1d" relativeResultsDirectory="af9fa6bd-cba2-4654-beb9-ed9e27203fdf">
    </UnitTestResult>
    <UnitTestResult executionId="26effa2b-6c3b-4651-afd3-ae3dd2040077" testId="74c211d1-a8ea-e685-b3ae-006434becd54" testName="should_return_if_user_does_not_exist" computerName="JUSTIN-LAPTOP" duration="00:00:00.0038098" startTime="2010-10-17T14:33:00.4630902-05:00" endTime="2010-10-17T14:33:00.4720907-05:00" testType="13cdc9d9-ddb5-4fa4-a97d-d965ccfc6d4b" outcome="Passed" testListId="8c84fa94-04c1-424b-9868-57a2d4851a1d" relativeResultsDirectory="26effa2b-6c3b-4651-afd3-ae3dd2040077">
    </UnitTestResult>
    <UnitTestResult executionId="e55eebf7-85a8-4d75-b44c-f134430e6335" testId="75a342b2-ef01-e34d-c6b4-7a9dc15f6b1e" testName="should_not_hunt_if_user_is_not_at_zombie_pack_latitude" computerName="JUSTIN-LAPTOP" duration="00:00:00.0071695" startTime="2010-10-17T14:33:00.4730908-05:00" endTime="2010-10-17T14:33:00.4860915-05:00" testType="13cdc9d9-ddb5-4fa4-a97d-d965ccfc6d4b" outcome="Passed" testListId="8c84fa94-04c1-424b-9868-57a2d4851a1d" relativeResultsDirectory="e55eebf7-85a8-4d75-b44c-f134430e6335">
    </UnitTestResult>
    <UnitTestResult executionId="6a7669e6-e128-45d5-9d70-2a2b26655669" testId="7685b20a-de0b-8bc0-6c22-3a9d32aab4bd" testName="should_disregard_if_safe_house_does_not_exist" computerName="JUSTIN-LAPTOP" duration="00:00:00.0067197" startTime="2010-10-17T14:33:00.4870916-05:00" endTime="2010-10-17T14:33:00.4990923-05:00" testType="13cdc9d9-ddb5-4fa4-a97d-d965ccfc6d4b" outcome="Passed" testListId="8c84fa94-04c1-424b-9868-57a2d4851a1d" relativeResultsDirectory="6a7669e6-e128-45d5-9d70-2a2b26655669">
    </UnitTestResult>
    <UnitTestResult executionId="718f3f6f-8fdd-4529-b7a4-207c75e3c0a7" testId="783f6a3b-54fe-a923-8c75-e72b281f150f" testName="should_set_base_line_for_users_max_potential_if_last_hotzone_visited_does_not_equal_the_hotzone_for_the_current_zombie_pack" computerName="JUSTIN-LAPTOP" duration="00:00:00.0153573" startTime="2010-10-17T14:33:00.5010924-05:00" endTime="2010-10-17T14:33:00.5220936-05:00" testType="13cdc9d9-ddb5-4fa4-a97d-d965ccfc6d4b" outcome="Passed" testListId="8c84fa94-04c1-424b-9868-57a2d4851a1d" relativeResultsDirectory="718f3f6f-8fdd-4529-b7a4-207c75e3c0a7">
    </UnitTestResult>
    <UnitTestResult executionId="645f481a-8348-409a-b81f-c2141adc4ce5" testId="799c0d6a-4d65-290e-a185-a723c64e9bd5" testName="should_decrement_the_zombies_left_in_a_zombie_pack_after_a_hunt" computerName="JUSTIN-LAPTOP" duration="00:00:00.0138089" startTime="2010-10-17T14:33:00.5230937-05:00" endTime="2010-10-17T14:33:00.5420947-05:00" testType="13cdc9d9-ddb5-4fa4-a97d-d965ccfc6d4b" outcome="Passed" testListId="8c84fa94-04c1-424b-9868-57a2d4851a1d" relativeResultsDirectory="645f481a-8348-409a-b81f-c2141adc4ce5">
    </UnitTestResult>
    <UnitTestResult executionId="f362d583-74cb-4295-adef-46558013ebea" testId="79f08418-c51b-ec01-a3f0-aeabf52599fa" testName="should_destroy_zombie_pack_if_users_attack_power_exceeds_the_number_of_zombies" computerName="JUSTIN-LAPTOP" duration="00:00:00.0124207" startTime="2010-10-17T14:33:00.5430948-05:00" endTime="2010-10-17T14:33:00.5610958-05:00" testType="13cdc9d9-ddb5-4fa4-a97d-d965ccfc6d4b" outcome="Passed" testListId="8c84fa94-04c1-424b-9868-57a2d4851a1d" relativeResultsDirectory="f362d583-74cb-4295-adef-46558013ebea">
    </UnitTestResult>
    <UnitTestResult executionId="16a89351-b450-493e-8903-82f623901a05" testId="7a4bb2ce-d62d-4561-dc89-28a6c8155af3" testName="should_set_energy_to_zero_if_item_energy_plus_user_energy_is_negative" computerName="JUSTIN-LAPTOP" duration="00:00:00.0112982" startTime="2010-10-17T14:33:00.5610958-05:00" endTime="2010-10-17T14:33:00.5780968-05:00" testType="13cdc9d9-ddb5-4fa4-a97d-d965ccfc6d4b" outcome="Passed" testListId="8c84fa94-04c1-424b-9868-57a2d4851a1d" relativeResultsDirectory="16a89351-b450-493e-8903-82f623901a05">
    </UnitTestResult>
    <UnitTestResult executionId="b6ad93d6-81c3-49ab-b28a-18c4cddeaf82" testId="7acb1219-a69e-e102-dd8e-4060793e7b6e" testName="should_throw_exception_when_returning_baseline_attack_power_for_user_that_doesnt_exist" computerName="JUSTIN-LAPTOP" duration="00:00:00.0202957" startTime="2010-10-17T14:33:00.5790969-05:00" endTime="2010-10-17T14:33:00.6040983-05:00" testType="13cdc9d9-ddb5-4fa4-a97d-d965ccfc6d4b" outcome="Passed" testListId="8c84fa94-04c1-424b-9868-57a2d4851a1d" relativeResultsDirectory="b6ad93d6-81c3-49ab-b28a-18c4cddeaf82">
    </UnitTestResult>
    <UnitTestResult executionId="abf1542d-9ae0-4ba9-a4ab-c5b6ba1dbb16" testId="7b6f7aba-399c-6729-f243-4ff68995d88e" testName="should_return_achievement_for_traveling_100_miles" computerName="JUSTIN-LAPTOP" duration="00:00:00.0013623" startTime="2010-10-17T14:33:00.6060984-05:00" endTime="2010-10-17T14:33:00.6130988-05:00" testType="13cdc9d9-ddb5-4fa4-a97d-d965ccfc6d4b" outcome="Passed" testListId="8c84fa94-04c1-424b-9868-57a2d4851a1d" relativeResultsDirectory="abf1542d-9ae0-4ba9-a4ab-c5b6ba1dbb16">
    </UnitTestResult>
    <UnitTestResult executionId="66554e96-9f62-4fd3-b384-355f84f4bea7" testId="7b96fc08-5095-7079-15b5-f39e447dbf49" testName="should_return_max_energy_for_user_if_user_exists_but_last_saved_energy_does_not_exist" computerName="JUSTIN-LAPTOP" duration="00:00:00.0048877" startTime="2010-10-17T14:33:00.6140989-05:00" endTime="2010-10-17T14:33:00.6240994-05:00" testType="13cdc9d9-ddb5-4fa4-a97d-d965ccfc6d4b" outcome="Passed" testListId="8c84fa94-04c1-424b-9868-57a2d4851a1d" relativeResultsDirectory="66554e96-9f62-4fd3-b384-355f84f4bea7">
    </UnitTestResult>
    <UnitTestResult executionId="1da305af-748e-4050-b06d-4c67f2060a04" testId="7bf1b32b-b544-1d63-7f85-8cb3721cb13c" testName="should_disregard_if_user_has_more_than_the_allowed_amount_of_items" computerName="JUSTIN-LAPTOP" duration="00:00:00.0089443" startTime="2010-10-17T14:33:00.6250995-05:00" endTime="2010-10-17T14:33:00.6391003-05:00" testType="13cdc9d9-ddb5-4fa4-a97d-d965ccfc6d4b" outcome="Passed" testListId="8c84fa94-04c1-424b-9868-57a2d4851a1d" relativeResultsDirectory="1da305af-748e-4050-b06d-4c67f2060a04">
    </UnitTestResult>
    <UnitTestResult executionId="1a067063-014b-44aa-abed-96fbed5dbfa2" testId="7c057236-5b5f-451c-5800-6e05c196b383" testName="should_disregard_if_item_does_not_exist" computerName="JUSTIN-LAPTOP" duration="00:00:00.0081825" startTime="2010-10-17T14:33:00.6411004-05:00" endTime="2010-10-17T14:33:00.6611016-05:00" testType="13cdc9d9-ddb5-4fa4-a97d-d965ccfc6d4b" outcome="Passed" testListId="8c84fa94-04c1-424b-9868-57a2d4851a1d" relativeResultsDirectory="1a067063-014b-44aa-abed-96fbed5dbfa2">
    </UnitTestResult>
    <UnitTestResult executionId="7977c3d6-49be-4263-b284-5f2819853515" testId="7c9fa0fb-7cf0-12c6-f8da-d4fb82dffc47" testName="should_throw_error_if_trying_to_update_user_attack_power_and_user_does_not_exist" computerName="JUSTIN-LAPTOP" duration="00:00:00.0233757" startTime="2010-10-17T14:33:00.6621016-05:00" endTime="2010-10-17T14:33:00.6901032-05:00" testType="13cdc9d9-ddb5-4fa4-a97d-d965ccfc6d4b" outcome="Passed" testListId="8c84fa94-04c1-424b-9868-57a2d4851a1d" relativeResultsDirectory="7977c3d6-49be-4263-b284-5f2819853515">
    </UnitTestResult>
    <UnitTestResult executionId="5252c45f-6d01-4b76-ae74-9716beed22af" testId="7d2305d4-075e-49ce-735b-3ccd549f53b8" testName="should_update_existing_zombie_pack_progress" computerName="JUSTIN-LAPTOP" duration="00:00:00.0180240" startTime="2010-10-17T14:33:00.6921033-05:00" endTime="2010-10-17T14:33:00.7141046-05:00" testType="13cdc9d9-ddb5-4fa4-a97d-d965ccfc6d4b" outcome="Passed" testListId="8c84fa94-04c1-424b-9868-57a2d4851a1d" relativeResultsDirectory="5252c45f-6d01-4b76-ae74-9716beed22af">
    </UnitTestResult>
    <UnitTestResult executionId="8e521e8d-2634-4e38-a9e4-90c03953a1f4" testId="7d282b5a-4c68-651b-2ed3-0d406222883a" testName="should_disregard_if_user_does_not_exist" computerName="JUSTIN-LAPTOP" duration="00:00:00.0041036" startTime="2010-10-17T14:33:00.7161047-05:00" endTime="2010-10-17T14:33:00.7251052-05:00" testType="13cdc9d9-ddb5-4fa4-a97d-d965ccfc6d4b" outcome="Passed" testListId="8c84fa94-04c1-424b-9868-57a2d4851a1d" relativeResultsDirectory="8e521e8d-2634-4e38-a9e4-90c03953a1f4">
    </UnitTestResult>
    <UnitTestResult executionId="bc876d3f-21f8-450a-8fe3-cd03520764f6" testId="7d9357cd-185a-7a7d-46d5-6e0825f094b5" testName="should_save_item_in_safe_house_inventory_and_remove_from_user_inventory" computerName="JUSTIN-LAPTOP" duration="00:00:00.0139820" startTime="2010-10-17T14:33:00.7271053-05:00" endTime="2010-10-17T14:33:00.7451064-05:00" testType="13cdc9d9-ddb5-4fa4-a97d-d965ccfc6d4b" outcome="Passed" testListId="8c84fa94-04c1-424b-9868-57a2d4851a1d" relativeResultsDirectory="bc876d3f-21f8-450a-8fe3-cd03520764f6">
    </UnitTestResult>
    <UnitTestResult executionId="87814593-bffd-441e-a1fd-d6ff9b50d366" testId="7e4ecb77-6a2d-3a8f-0c42-71f8df3a6f64" testName="should_return_true_if_user_exists" computerName="JUSTIN-LAPTOP" duration="00:00:00.0198856" startTime="2010-10-17T14:33:00.7461064-05:00" endTime="2010-10-17T14:33:00.7711078-05:00" testType="13cdc9d9-ddb5-4fa4-a97d-d965ccfc6d4b" outcome="Passed" testListId="8c84fa94-04c1-424b-9868-57a2d4851a1d" relativeResultsDirectory="87814593-bffd-441e-a1fd-d6ff9b50d366">
    </UnitTestResult>
    <UnitTestResult executionId="a330eec3-ec65-444c-9f42-28945f6a5b41" testId="7e9e7b54-d658-a1a5-ce5b-efa2cb03052c" testName="should_return_baseline_energy_for_user_that_exists" computerName="JUSTIN-LAPTOP" duration="00:00:00.0225470" startTime="2010-10-17T14:33:00.7721079-05:00" endTime="2010-10-17T14:33:00.7981094-05:00" testType="13cdc9d9-ddb5-4fa4-a97d-d965ccfc6d4b" outcome="Passed" testListId="8c84fa94-04c1-424b-9868-57a2d4851a1d" relativeResultsDirectory="a330eec3-ec65-444c-9f42-28945f6a5b41">
    </UnitTestResult>
    <UnitTestResult executionId="5ae68639-724e-4578-8bc3-55a09ecda7b4" testId="809902e6-5c64-c35c-89c5-d13cd243728a" testName="should_return_achievement_for_killing_1000_zombies" computerName="JUSTIN-LAPTOP" duration="00:00:00.0022825" startTime="2010-10-17T14:33:00.8001095-05:00" endTime="2010-10-17T14:33:00.8071099-05:00" testType="13cdc9d9-ddb5-4fa4-a97d-d965ccfc6d4b" outcome="Passed" testListId="8c84fa94-04c1-424b-9868-57a2d4851a1d" relativeResultsDirectory="5ae68639-724e-4578-8bc3-55a09ecda7b4">
    </UnitTestResult>
    <UnitTestResult executionId="6bd3c4a4-a8be-4caf-8bde-adac078a334f" testId="8139f5f3-bee3-cd07-2820-fcf4f70f9ff0" testName="should_return_peak_attack" computerName="JUSTIN-LAPTOP" duration="00:00:00.0145027" startTime="2010-10-17T14:33:00.8081100-05:00" endTime="2010-10-17T14:33:00.8281111-05:00" testType="13cdc9d9-ddb5-4fa4-a97d-d965ccfc6d4b" outcome="Passed" testListId="8c84fa94-04c1-424b-9868-57a2d4851a1d" relativeResultsDirectory="6bd3c4a4-a8be-4caf-8bde-adac078a334f">
    </UnitTestResult>
    <UnitTestResult executionId="b74a8850-7846-4b2d-a44e-60186479b11d" testId="81cb2920-61d9-e3df-f3bf-c3ed245e0ab0" testName="should_disregard_if_user_does_not_exist" computerName="JUSTIN-LAPTOP" duration="00:00:00.0060405" startTime="2010-10-17T14:33:00.8281111-05:00" endTime="2010-10-17T14:33:00.8391117-05:00" testType="13cdc9d9-ddb5-4fa4-a97d-d965ccfc6d4b" outcome="Passed" testListId="8c84fa94-04c1-424b-9868-57a2d4851a1d" relativeResultsDirectory="b74a8850-7846-4b2d-a44e-60186479b11d">
    </UnitTestResult>
    <UnitTestResult executionId="7f4e0f1f-36ef-4f30-a951-a1144d540517" testId="83224f41-33be-cb5a-8243-f1cbb7067a6d" testName="should_return_null_for_last_saved_energy_if_user_does_not_exist" computerName="JUSTIN-LAPTOP" duration="00:00:00.0287485" startTime="2010-10-17T14:33:00.8401118-05:00" endTime="2010-10-17T14:33:00.8751138-05:00" testType="13cdc9d9-ddb5-4fa4-a97d-d965ccfc6d4b" outcome="Passed" testListId="8c84fa94-04c1-424b-9868-57a2d4851a1d" relativeResultsDirectory="7f4e0f1f-36ef-4f30-a951-a1144d540517">
    </UnitTestResult>
    <UnitTestResult executionId="3d8a3243-ef79-4444-8c03-135bc5dc5a02" testId="847097ef-3573-f329-f9db-f7704607c613" testName="should_return_achievement_for_traveling_100000_miles" computerName="JUSTIN-LAPTOP" duration="00:00:00.0019300" startTime="2010-10-17T14:33:00.8771139-05:00" endTime="2010-10-17T14:33:00.8841143-05:00" testType="13cdc9d9-ddb5-4fa4-a97d-d965ccfc6d4b" outcome="Passed" testListId="8c84fa94-04c1-424b-9868-57a2d4851a1d" relativeResultsDirectory="3d8a3243-ef79-4444-8c03-135bc5dc5a02">
    </UnitTestResult>
    <UnitTestResult executionId="14c53f84-b6f5-43b1-adca-e25a095a8059" testId="8522a95f-e160-dcf6-186a-2eac6493fad8" testName="should_disregard_if_safe_house_does_not_have_item" computerName="JUSTIN-LAPTOP" duration="00:00:00.0135638" startTime="2010-10-17T14:33:00.8861144-05:00" endTime="2010-10-17T14:33:00.9041155-05:00" testType="13cdc9d9-ddb5-4fa4-a97d-d965ccfc6d4b" outcome="Passed" testListId="8c84fa94-04c1-424b-9868-57a2d4851a1d" relativeResultsDirectory="14c53f84-b6f5-43b1-adca-e25a095a8059">
    </UnitTestResult>
    <UnitTestResult executionId="d591bdce-161e-49f6-ae5a-10dc4b9fbc5d" testId="8538b685-e301-b4f2-f6ec-7abb74e1fb4b" testName="should_return_accumulated_money" computerName="JUSTIN-LAPTOP" duration="00:00:00.0147636" startTime="2010-10-17T14:33:00.9081157-05:00" endTime="2010-10-17T14:33:00.9271168-05:00" testType="13cdc9d9-ddb5-4fa4-a97d-d965ccfc6d4b" outcome="Passed" testListId="8c84fa94-04c1-424b-9868-57a2d4851a1d" relativeResultsDirectory="d591bdce-161e-49f6-ae5a-10dc4b9fbc5d">
    </UnitTestResult>
    <UnitTestResult executionId="35ca09e8-7943-4e99-87f4-ac169ddf1084" testId="86374614-7da2-d70a-a3e6-d86ececa0915" testName="when_checking_user_level_and_zombie_kills_to_update_attributes_should_return_if_user_does_not_exist" computerName="JUSTIN-LAPTOP" duration="00:00:00.0069109" startTime="2010-10-17T14:33:00.9321171-05:00" endTime="2010-10-17T14:33:00.9451178-05:00" testType="13cdc9d9-ddb5-4fa4-a97d-d965ccfc6d4b" outcome="Passed" testListId="8c84fa94-04c1-424b-9868-57a2d4851a1d" relativeResultsDirectory="35ca09e8-7943-4e99-87f4-ac169ddf1084">
    </UnitTestResult>
    <UnitTestResult executionId="360fb5d9-0718-496e-93f1-9aae9098aeed" testId="86693507-7b03-3b4f-52d7-489bc76e87d4" testName="should_return_energy_along_with_any_energy_increase_from_buying_many_of_the_same_item_with_no_items_in_safehouse" computerName="JUSTIN-LAPTOP" duration="00:00:00.0067176" startTime="2010-10-17T14:33:00.9471179-05:00" endTime="2010-10-17T14:33:00.9581185-05:00" testType="13cdc9d9-ddb5-4fa4-a97d-d965ccfc6d4b" outcome="Passed" testListId="8c84fa94-04c1-424b-9868-57a2d4851a1d" relativeResultsDirectory="360fb5d9-0718-496e-93f1-9aae9098aeed">
    </UnitTestResult>
    <UnitTestResult executionId="df18e754-72d9-4c1f-a371-10ea08247bd3" testId="890ef093-5e72-8ed9-1c1c-1c73a74ec8fc" testName="should_set_user_current_base_attack" computerName="JUSTIN-LAPTOP" duration="00:00:00.0238016" startTime="2010-10-17T14:33:00.9601187-05:00" endTime="2010-10-17T14:33:00.9891203-05:00" testType="13cdc9d9-ddb5-4fa4-a97d-d965ccfc6d4b" outcome="Passed" testListId="8c84fa94-04c1-424b-9868-57a2d4851a1d" relativeResultsDirectory="df18e754-72d9-4c1f-a371-10ea08247bd3">
    </UnitTestResult>
    <UnitTestResult executionId="2069fe00-0bc2-4e74-a8e6-1683045b4c8a" testId="8ca88260-b717-95ca-37eb-ce8b3138fe45" testName="should_update_last_visited_hotzone_for_user" computerName="JUSTIN-LAPTOP" duration="00:00:00.0244901" startTime="2010-10-17T14:33:00.9901204-05:00" endTime="2010-10-17T14:33:01.0191220-05:00" testType="13cdc9d9-ddb5-4fa4-a97d-d965ccfc6d4b" outcome="Passed" testListId="8c84fa94-04c1-424b-9868-57a2d4851a1d" relativeResultsDirectory="2069fe00-0bc2-4e74-a8e6-1683045b4c8a">
    </UnitTestResult>
    <UnitTestResult executionId="ecc029c7-2667-40ac-a497-f97bd4fa7fcb" testId="8cca1161-4d2c-f0a6-91e9-079cbe2f9201" testName="should_return_achievement_for_destroying_100_zombie_packs" computerName="JUSTIN-LAPTOP" duration="00:00:00.0015406" startTime="2010-10-17T14:33:01.0201221-05:00" endTime="2010-10-17T14:33:01.0281225-05:00" testType="13cdc9d9-ddb5-4fa4-a97d-d965ccfc6d4b" outcome="Passed" testListId="8c84fa94-04c1-424b-9868-57a2d4851a1d" relativeResultsDirectory="ecc029c7-2667-40ac-a497-f97bd4fa7fcb">
    </UnitTestResult>
    <UnitTestResult executionId="b327237f-896c-434a-985b-7de6503c1b14" testId="8d764dc0-19cc-25ef-1223-85c01764c701" testName="should_return_achievement_for_killing_1000000_zombies" computerName="JUSTIN-LAPTOP" duration="00:00:00.0013951" startTime="2010-10-17T14:33:01.0311227-05:00" endTime="2010-10-17T14:33:01.0381231-05:00" testType="13cdc9d9-ddb5-4fa4-a97d-d965ccfc6d4b" outcome="Passed" testListId="8c84fa94-04c1-424b-9868-57a2d4851a1d" relativeResultsDirectory="b327237f-896c-434a-985b-7de6503c1b14">
    </UnitTestResult>
    <UnitTestResult executionId="3ffbeb44-122e-4ca8-83b8-07a39deb2e4c" testId="8f46b492-6eff-ef62-7327-4eb38c11c2ef" testName="should_calculate_southern_point" computerName="JUSTIN-LAPTOP" duration="00:00:00.0006471" startTime="2010-10-17T14:33:01.0431234-05:00" endTime="2010-10-17T14:33:01.0501238-05:00" testType="13cdc9d9-ddb5-4fa4-a97d-d965ccfc6d4b" outcome="Passed" testListId="8c84fa94-04c1-424b-9868-57a2d4851a1d" relativeResultsDirectory="3ffbeb44-122e-4ca8-83b8-07a39deb2e4c">
    </UnitTestResult>
    <UnitTestResult executionId="abb1a4f6-452c-4869-bcc5-b21de11217eb" testId="9091ae17-a6a8-ad22-153b-b3d1f20f3512" testName="should_return_base_sight_radius_plus_any_equiped_items_that_affect_sight_radius" computerName="JUSTIN-LAPTOP" duration="00:00:00.0077339" startTime="2010-10-17T14:33:01.0521239-05:00" endTime="2010-10-17T14:33:01.0651247-05:00" testType="13cdc9d9-ddb5-4fa4-a97d-d965ccfc6d4b" outcome="Passed" testListId="8c84fa94-04c1-424b-9868-57a2d4851a1d" relativeResultsDirectory="abb1a4f6-452c-4869-bcc5-b21de11217eb">
    </UnitTestResult>
    <UnitTestResult executionId="728d8f84-9a64-4e55-a980-d8c326835ecf" testId="948eaf49-3d62-1046-def5-d76ed8415a60" testName="should_retrieve_all_safe_houses_within_radius" computerName="JUSTIN-LAPTOP" duration="00:00:00.0518171" startTime="2010-10-17T14:33:01.0661247-05:00" endTime="2010-10-17T14:33:01.1231280-05:00" testType="13cdc9d9-ddb5-4fa4-a97d-d965ccfc6d4b" outcome="Passed" testListId="8c84fa94-04c1-424b-9868-57a2d4851a1d" relativeResultsDirectory="728d8f84-9a64-4e55-a980-d8c326835ecf">
    </UnitTestResult>
    <UnitTestResult executionId="11921c61-6b37-410e-8ab7-c2b187b80d8a" testId="95004e80-f255-f931-0117-595d4516dea1" testName="should_return_zombie_packs_destroyed" computerName="JUSTIN-LAPTOP" duration="00:00:00.0165113" startTime="2010-10-17T14:33:01.1241280-05:00" endTime="2010-10-17T14:33:01.1451292-05:00" testType="13cdc9d9-ddb5-4fa4-a97d-d965ccfc6d4b" outcome="Passed" testListId="8c84fa94-04c1-424b-9868-57a2d4851a1d" relativeResultsDirectory="11921c61-6b37-410e-8ab7-c2b187b80d8a">
    </UnitTestResult>
    <UnitTestResult executionId="b525a1ee-5e27-4473-8a82-a1903bd11589" testId="95252275-5d7e-5275-9816-a53a17373eae" testName="should_return_calcuated_sight_radius_for_user_based_on_minutes_passed_since_last_saved_sight_radius" computerName="JUSTIN-LAPTOP" duration="00:00:00.0074568" startTime="2010-10-17T14:33:01.1461293-05:00" endTime="2010-10-17T14:33:01.1591300-05:00" testType="13cdc9d9-ddb5-4fa4-a97d-d965ccfc6d4b" outcome="Passed" testListId="8c84fa94-04c1-424b-9868-57a2d4851a1d" relativeResultsDirectory="b525a1ee-5e27-4473-8a82-a1903bd11589">
    </UnitTestResult>
    <UnitTestResult executionId="1c2bc81e-7b7f-435e-8b69-02ff731446a6" testId="95c19639-802d-b1a1-d6b5-8e055a02797d" testName="should_return_achievement_for_killing_10000_zombies" computerName="JUSTIN-LAPTOP" duration="00:00:00.0017959" startTime="2010-10-17T14:33:01.1601301-05:00" endTime="2010-10-17T14:33:01.1661304-05:00" testType="13cdc9d9-ddb5-4fa4-a97d-d965ccfc6d4b" outcome="Passed" testListId="8c84fa94-04c1-424b-9868-57a2d4851a1d" relativeResultsDirectory="1c2bc81e-7b7f-435e-8b69-02ff731446a6">
    </UnitTestResult>
    <UnitTestResult executionId="7546cde1-fec7-483a-90b9-1977b13170e8" testId="95fac6cd-cd0a-1020-088f-f907c1eb2032" testName="should_set_base_line_for_users_max_potential_if_last_hotzone_visited_is_null" computerName="JUSTIN-LAPTOP" duration="00:00:00.0124709" startTime="2010-10-17T14:33:01.1671305-05:00" endTime="2010-10-17T14:33:01.1841315-05:00" testType="13cdc9d9-ddb5-4fa4-a97d-d965ccfc6d4b" outcome="Passed" testListId="8c84fa94-04c1-424b-9868-57a2d4851a1d" relativeResultsDirectory="7546cde1-fec7-483a-90b9-1977b13170e8">
    </UnitTestResult>
    <UnitTestResult executionId="64ef436a-29ca-4e9f-a40a-8e6ef50fab2f" testId="9654d44e-cffe-084f-c793-37a48f54fd16" testName="should_retrieve_safe_houses_associated_with_hotzone" computerName="JUSTIN-LAPTOP" duration="00:00:00.0276451" startTime="2010-10-17T14:33:01.1851315-05:00" endTime="2010-10-17T14:33:01.2171334-05:00" testType="13cdc9d9-ddb5-4fa4-a97d-d965ccfc6d4b" outcome="Passed" testListId="8c84fa94-04c1-424b-9868-57a2d4851a1d" relativeResultsDirectory="64ef436a-29ca-4e9f-a40a-8e6ef50fab2f">
    </UnitTestResult>
    <UnitTestResult executionId="ebd04545-19eb-48a0-8769-62ea15b63346" testId="9829ccd4-7897-563f-fa8f-058ccd4d2394" testName="should_return_null_if_user_does_not_exist" computerName="JUSTIN-LAPTOP" duration="00:00:00.0199204" startTime="2010-10-17T14:33:01.2181334-05:00" endTime="2010-10-17T14:33:01.2421348-05:00" testType="13cdc9d9-ddb5-4fa4-a97d-d965ccfc6d4b" outcome="Passed" testListId="8c84fa94-04c1-424b-9868-57a2d4851a1d" relativeResultsDirectory="ebd04545-19eb-48a0-8769-62ea15b63346">
    </UnitTestResult>
    <UnitTestResult executionId="9de80ae4-c881-4f35-8f51-f03d43b5abaf" testId="986c501e-f914-4dd0-53c3-b0c1bdfdf5be" testName="should_return_true_if_hotzone_exists" computerName="JUSTIN-LAPTOP" duration="00:00:00.0336674" startTime="2010-10-17T14:33:01.2431348-05:00" endTime="2010-10-17T14:33:01.2811370-05:00" testType="13cdc9d9-ddb5-4fa4-a97d-d965ccfc6d4b" outcome="Passed" testListId="8c84fa94-04c1-424b-9868-57a2d4851a1d" relativeResultsDirectory="9de80ae4-c881-4f35-8f51-f03d43b5abaf">
    </UnitTestResult>
    <UnitTestResult executionId="33eca3b2-c12f-43ec-9870-edf60c0cb095" testId="99355754-b969-f315-3b5a-88e1622f783a" testName="should_set_last_energy_date_to_datetimenow_if_its_null_but_last_energy_isnt" computerName="JUSTIN-LAPTOP" duration="00:00:00.0396861" startTime="2010-10-17T14:33:01.2821371-05:00" endTime="2010-10-17T14:33:01.3251395-05:00" testType="13cdc9d9-ddb5-4fa4-a97d-d965ccfc6d4b" outcome="Passed" testListId="8c84fa94-04c1-424b-9868-57a2d4851a1d" relativeResultsDirectory="33eca3b2-c12f-43ec-9870-edf60c0cb095">
    </UnitTestResult>
    <UnitTestResult executionId="136519ac-59a5-44dc-a439-1361cca7959b" testId="99d5bdbd-2ac1-c2dd-bd8e-ff998f163943" testName="should_disregard_creation_if_user_already_exists_for_facebookId" computerName="JUSTIN-LAPTOP" duration="00:00:00.0069227" startTime="2010-10-17T14:33:01.3271396-05:00" endTime="2010-10-17T14:33:01.3381403-05:00" testType="13cdc9d9-ddb5-4fa4-a97d-d965ccfc6d4b" outcome="Passed" testListId="8c84fa94-04c1-424b-9868-57a2d4851a1d" relativeResultsDirectory="136519ac-59a5-44dc-a439-1361cca7959b">
    </UnitTestResult>
    <UnitTestResult executionId="a8b2f3e9-ba67-45c2-a101-38df43cb936a" testId="9a78eead-dd54-3b88-317e-c7ec25cf0f93" testName="should_throw_error_if_trying_update_user_level_and_user_does_not_exist" computerName="JUSTIN-LAPTOP" duration="00:00:00.0236711" startTime="2010-10-17T14:33:01.3391403-05:00" endTime="2010-10-17T14:33:01.3681420-05:00" testType="13cdc9d9-ddb5-4fa4-a97d-d965ccfc6d4b" outcome="Passed" testListId="8c84fa94-04c1-424b-9868-57a2d4851a1d" relativeResultsDirectory="a8b2f3e9-ba67-45c2-a101-38df43cb936a">
    </UnitTestResult>
    <UnitTestResult executionId="d3fd2ae6-77fd-4632-a308-5fbc20b0956f" testId="9a7f21c9-61b5-30cc-38aa-34a79b6a0201" testName="should_take_into_consideration_equipped_items_when_determining_max_energy" computerName="JUSTIN-LAPTOP" duration="00:00:00.0091149" startTime="2010-10-17T14:33:01.3691420-05:00" endTime="2010-10-17T14:33:01.3841429-05:00" testType="13cdc9d9-ddb5-4fa4-a97d-d965ccfc6d4b" outcome="Passed" testListId="8c84fa94-04c1-424b-9868-57a2d4851a1d" relativeResultsDirectory="d3fd2ae6-77fd-4632-a308-5fbc20b0956f">
    </UnitTestResult>
    <UnitTestResult executionId="0a18a354-079a-4cf1-a12a-ca763a15c43f" testId="9c6c437e-182b-5735-6616-67dd466d97ca" testName="should_return_if_item_is_not_one_time_use_item" computerName="JUSTIN-LAPTOP" duration="00:00:00.0069279" startTime="2010-10-17T14:33:01.3851430-05:00" endTime="2010-10-17T14:33:01.3991438-05:00" testType="13cdc9d9-ddb5-4fa4-a97d-d965ccfc6d4b" outcome="Passed" testListId="8c84fa94-04c1-424b-9868-57a2d4851a1d" relativeResultsDirectory="0a18a354-079a-4cf1-a12a-ca763a15c43f">
    </UnitTestResult>
    <UnitTestResult executionId="a6ab64ce-ac31-445e-9628-7064f4628956" testId="9d65c075-cd74-d595-76f3-d465e66be801" testName="should_return_true_if_item_does_exist" computerName="JUSTIN-LAPTOP" duration="00:00:00.0308467" startTime="2010-10-17T14:33:01.4031440-05:00" endTime="2010-10-17T14:33:01.4381460-05:00" testType="13cdc9d9-ddb5-4fa4-a97d-d965ccfc6d4b" outcome="Passed" testListId="8c84fa94-04c1-424b-9868-57a2d4851a1d" relativeResultsDirectory="a6ab64ce-ac31-445e-9628-7064f4628956">
    </UnitTestResult>
    <UnitTestResult executionId="21b9a6e6-5102-4f32-a841-7d8b160d9dbf" testId="9d81df93-5250-1a02-c112-738e62d8d757" testName="should_return_null_if_zombie_pack_does_not_exist" computerName="JUSTIN-LAPTOP" duration="00:00:00.0199711" startTime="2010-10-17T14:33:01.4401461-05:00" endTime="2010-10-17T14:33:01.4681477-05:00" testType="13cdc9d9-ddb5-4fa4-a97d-d965ccfc6d4b" outcome="Passed" testListId="8c84fa94-04c1-424b-9868-57a2d4851a1d" relativeResultsDirectory="21b9a6e6-5102-4f32-a841-7d8b160d9dbf">
    </UnitTestResult>
    <UnitTestResult executionId="0479ce8f-82b0-4e81-bc6d-c94521a90da7" testId="9dde4be1-7360-a906-9538-025b609b4796" testName="should_set_last_sight_radius_date_to_datetimenow_if_its_null_but_last_sight_radius_isnt" computerName="JUSTIN-LAPTOP" duration="00:00:00.0253260" startTime="2010-10-17T14:33:01.4691478-05:00" endTime="2010-10-17T14:33:01.5001495-05:00" testType="13cdc9d9-ddb5-4fa4-a97d-d965ccfc6d4b" outcome="Passed" testListId="8c84fa94-04c1-424b-9868-57a2d4851a1d" relativeResultsDirectory="0479ce8f-82b0-4e81-bc6d-c94521a90da7">
    </UnitTestResult>
    <UnitTestResult executionId="0ff43ccc-da10-4fcc-b756-69129dd78d87" testId="9e0a45ef-94e7-5d2e-296e-d43084cdb72d" testName="should_set_energy_to_100_for_user_who_exists_but_does_not_have_a_max_energy_value" computerName="JUSTIN-LAPTOP" duration="00:00:00.0140889" startTime="2010-10-17T14:33:01.5011496-05:00" endTime="2010-10-17T14:33:01.5231509-05:00" testType="13cdc9d9-ddb5-4fa4-a97d-d965ccfc6d4b" outcome="Passed" testListId="8c84fa94-04c1-424b-9868-57a2d4851a1d" relativeResultsDirectory="0ff43ccc-da10-4fcc-b756-69129dd78d87">
    </UnitTestResult>
    <UnitTestResult executionId="e0f2fe84-0309-47a8-abee-e6c73d5abf47" testId="9e682854-c61c-e4ee-d65c-e57b13656d39" testName="should_not_hunt_if_zombie_pack_doesnt_exist" computerName="JUSTIN-LAPTOP" duration="00:00:00.0047106" startTime="2010-10-17T14:33:01.5241509-05:00" endTime="2010-10-17T14:33:01.5341515-05:00" testType="13cdc9d9-ddb5-4fa4-a97d-d965ccfc6d4b" outcome="Passed" testListId="8c84fa94-04c1-424b-9868-57a2d4851a1d" relativeResultsDirectory="e0f2fe84-0309-47a8-abee-e6c73d5abf47">
    </UnitTestResult>
    <UnitTestResult executionId="5a90a4d4-44b0-44fa-a440-89ef06a78d3b" testId="9f145708-6c3c-b063-e40e-7d892e8c9ec8" testName="should_return_null_if_single_hotzone_doesnt_exist" computerName="JUSTIN-LAPTOP" duration="00:00:00.0346456" startTime="2010-10-17T14:33:01.5351515-05:00" endTime="2010-10-17T14:33:01.5751538-05:00" testType="13cdc9d9-ddb5-4fa4-a97d-d965ccfc6d4b" outcome="Passed" testListId="8c84fa94-04c1-424b-9868-57a2d4851a1d" relativeResultsDirectory="5a90a4d4-44b0-44fa-a440-89ef06a78d3b">
    </UnitTestResult>
    <UnitTestResult executionId="c98a2e48-f537-4b37-8a66-19decc573649" testId="9f650caf-3801-3ddc-df66-451ef0461b2d" testName="should_return_0_if_user_does_not_exist" computerName="JUSTIN-LAPTOP" duration="00:00:00.0026691" startTime="2010-10-17T14:33:01.5761539-05:00" endTime="2010-10-17T14:33:01.5841543-05:00" testType="13cdc9d9-ddb5-4fa4-a97d-d965ccfc6d4b" outcome="Passed" testListId="8c84fa94-04c1-424b-9868-57a2d4851a1d" relativeResultsDirectory="c98a2e48-f537-4b37-8a66-19decc573649">
    </UnitTestResult>
    <UnitTestResult executionId="6654b7ee-7108-47ff-b888-2bb1d3e78a09" testId="a082c5ab-9e9e-f9a3-c9b1-3688e77d4b93" testName="should_throw_error_when_returning_last_visited_hotzone_if_user_doesnt_exist" computerName="JUSTIN-LAPTOP" duration="00:00:00.0199569" startTime="2010-10-17T14:33:01.5851544-05:00" endTime="2010-10-17T14:33:01.6101558-05:00" testType="13cdc9d9-ddb5-4fa4-a97d-d965ccfc6d4b" outcome="Passed" testListId="8c84fa94-04c1-424b-9868-57a2d4851a1d" relativeResultsDirectory="6654b7ee-7108-47ff-b888-2bb1d3e78a09">
    </UnitTestResult>
    <UnitTestResult executionId="35828880-e540-43a6-a2f0-7d1b1654776c" testId="a2865b2e-10f7-d550-33c8-b7ec8623e85f" testName="should_set_last_saved_sight_radius_to_base_sight_radius_if_last_saved_radius_does_not_exist" computerName="JUSTIN-LAPTOP" duration="00:00:00.0066885" startTime="2010-10-17T14:33:01.6111559-05:00" endTime="2010-10-17T14:33:01.6221565-05:00" testType="13cdc9d9-ddb5-4fa4-a97d-d965ccfc6d4b" outcome="Passed" testListId="8c84fa94-04c1-424b-9868-57a2d4851a1d" relativeResultsDirectory="35828880-e540-43a6-a2f0-7d1b1654776c">
    </UnitTestResult>
    <UnitTestResult executionId="b544e2ba-31b9-4b76-af98-e606fe39f77d" testId="a2cd0fe1-b87c-c070-6665-87346857dbcd" testName="given_user_has_money_and_items_in_safe_house_and_can_buy_items_should_return_the_energy_that_is_greater_between_safehouse_items_and_store_items" computerName="JUSTIN-LAPTOP" duration="00:00:00.0069040" startTime="2010-10-17T14:33:01.6231566-05:00" endTime="2010-10-17T14:33:01.6351573-05:00" testType="13cdc9d9-ddb5-4fa4-a97d-d965ccfc6d4b" outcome="Passed" testListId="8c84fa94-04c1-424b-9868-57a2d4851a1d" relativeResultsDirectory="b544e2ba-31b9-4b76-af98-e606fe39f77d">
    </UnitTestResult>
    <UnitTestResult executionId="2633a944-c4aa-418d-b3e6-f58ad01855d6" testId="a4df90b5-6a65-c11c-9306-ae984a6862f3" testName="should_return_achievement_for_peak_zombies_100" computerName="JUSTIN-LAPTOP" duration="00:00:00.0017655" startTime="2010-10-17T14:33:01.6361573-05:00" endTime="2010-10-17T14:33:01.6421577-05:00" testType="13cdc9d9-ddb5-4fa4-a97d-d965ccfc6d4b" outcome="Passed" testListId="8c84fa94-04c1-424b-9868-57a2d4851a1d" relativeResultsDirectory="2633a944-c4aa-418d-b3e6-f58ad01855d6">
    </UnitTestResult>
    <UnitTestResult executionId="354b7447-faf4-47fa-9271-d97bdcaaf3f4" testId="a4e874d3-81be-9f49-2511-92f0df88cee7" testName="should_throw_exception_when_returning_baseline_energy_for_user_that_doesnt_exist" computerName="JUSTIN-LAPTOP" duration="00:00:00.0195630" startTime="2010-10-17T14:33:01.6431577-05:00" endTime="2010-10-17T14:33:01.6671591-05:00" testType="13cdc9d9-ddb5-4fa4-a97d-d965ccfc6d4b" outcome="Passed" testListId="8c84fa94-04c1-424b-9868-57a2d4851a1d" relativeResultsDirectory="354b7447-faf4-47fa-9271-d97bdcaaf3f4">
    </UnitTestResult>
    <UnitTestResult executionId="bc5edc7e-cce9-44e7-9f58-c8a9ddb26747" testId="a5d1a057-084a-abb3-2d76-06c401ccb8d8" testName="should_return_false_if_store_does_not_exist" computerName="JUSTIN-LAPTOP" duration="00:00:00.0214335" startTime="2010-10-17T14:33:01.6671591-05:00" endTime="2010-10-17T14:33:01.6931606-05:00" testType="13cdc9d9-ddb5-4fa4-a97d-d965ccfc6d4b" outcome="Passed" testListId="8c84fa94-04c1-424b-9868-57a2d4851a1d" relativeResultsDirectory="bc5edc7e-cce9-44e7-9f58-c8a9ddb26747">
    </UnitTestResult>
    <UnitTestResult executionId="62b615d4-06a6-4931-86e0-288495eb01aa" testId="a6b9a5f6-83d7-1eba-5a05-ac8e16d1f134" testName="should_retrieve_users_current_level" computerName="JUSTIN-LAPTOP" duration="00:00:00.0198840" startTime="2010-10-17T14:33:01.6931606-05:00" endTime="2010-10-17T14:33:01.7181620-05:00" testType="13cdc9d9-ddb5-4fa4-a97d-d965ccfc6d4b" outcome="Passed" testListId="8c84fa94-04c1-424b-9868-57a2d4851a1d" relativeResultsDirectory="62b615d4-06a6-4931-86e0-288495eb01aa">
    </UnitTestResult>
    <UnitTestResult executionId="5353cf56-d6ba-4b48-98bb-6912822c0598" testId="a7658188-1d86-06a8-b6f3-6e5c757f83b4" testName="should_set_user_level" computerName="JUSTIN-LAPTOP" duration="00:00:00.0247575" startTime="2010-10-17T14:33:01.7191621-05:00" endTime="2010-10-17T14:33:01.7481637-05:00" testType="13cdc9d9-ddb5-4fa4-a97d-d965ccfc6d4b" outcome="Passed" testListId="8c84fa94-04c1-424b-9868-57a2d4851a1d" relativeResultsDirectory="5353cf56-d6ba-4b48-98bb-6912822c0598">
    </UnitTestResult>
    <UnitTestResult executionId="5c4e6764-3177-45e2-bf6f-d885157a29ea" testId="a7c3501c-4b66-95e5-cfa7-a3027a1486c4" testName="should_return_current_zombie_pack_progress_if_user_has_already_visited_zombie_pack" computerName="JUSTIN-LAPTOP" duration="00:00:00.0071379" startTime="2010-10-17T14:33:01.7491638-05:00" endTime="2010-10-17T14:33:01.7611645-05:00" testType="13cdc9d9-ddb5-4fa4-a97d-d965ccfc6d4b" outcome="Passed" testListId="8c84fa94-04c1-424b-9868-57a2d4851a1d" relativeResultsDirectory="5c4e6764-3177-45e2-bf6f-d885157a29ea">
    </UnitTestResult>
    <UnitTestResult executionId="02163ff6-dba7-4809-bc5c-3733d7122e16" testId="a882d58c-8888-fab1-21e4-618bb71ae1ce" testName="should_retrieve_stores_associated_with_hotzone" computerName="JUSTIN-LAPTOP" duration="00:00:00.0233668" startTime="2010-10-17T14:33:01.7621645-05:00" endTime="2010-10-17T14:33:01.7901661-05:00" testType="13cdc9d9-ddb5-4fa4-a97d-d965ccfc6d4b" outcome="Passed" testListId="8c84fa94-04c1-424b-9868-57a2d4851a1d" relativeResultsDirectory="02163ff6-dba7-4809-bc5c-3733d7122e16">
    </UnitTestResult>
    <UnitTestResult executionId="64fc1e70-5b2a-4b0c-aef6-1663e9e223eb" testId="a92236ed-a367-c7c7-0a25-b11ae709bcb3" testName="should_throw_error_when_returning_user_energy_and_user_doesnt_exist" computerName="JUSTIN-LAPTOP" duration="00:00:00.0197316" startTime="2010-10-17T14:33:01.7911662-05:00" endTime="2010-10-17T14:33:01.8151676-05:00" testType="13cdc9d9-ddb5-4fa4-a97d-d965ccfc6d4b" outcome="Passed" testListId="8c84fa94-04c1-424b-9868-57a2d4851a1d" relativeResultsDirectory="64fc1e70-5b2a-4b0c-aef6-1663e9e223eb">
    </UnitTestResult>
    <UnitTestResult executionId="fa4c2be3-ef47-4292-bd5a-57cb44831d4c" testId="a95e4141-d767-b753-e492-b99e6f8ee705" testName="should_return_all_zombie_packs_in_radius" computerName="JUSTIN-LAPTOP" duration="00:00:00.0397599" startTime="2010-10-17T14:33:01.8161676-05:00" endTime="2010-10-17T14:33:01.8601701-05:00" testType="13cdc9d9-ddb5-4fa4-a97d-d965ccfc6d4b" outcome="Passed" testListId="8c84fa94-04c1-424b-9868-57a2d4851a1d" relativeResultsDirectory="fa4c2be3-ef47-4292-bd5a-57cb44831d4c">
    </UnitTestResult>
    <UnitTestResult executionId="19f85eec-c539-4cbd-b9ed-36e346d3e445" testId="aac835be-7dca-bf39-4e90-f32eb9f2669d" testName="should_throw_error_when_returning_money_if_user_does_not_exist" computerName="JUSTIN-LAPTOP" duration="00:00:00.0219384" startTime="2010-10-17T14:33:01.8611702-05:00" endTime="2010-10-17T14:33:01.8881717-05:00" testType="13cdc9d9-ddb5-4fa4-a97d-d965ccfc6d4b" outcome="Passed" testListId="8c84fa94-04c1-424b-9868-57a2d4851a1d" relativeResultsDirectory="19f85eec-c539-4cbd-b9ed-36e346d3e445">
    </UnitTestResult>
    <UnitTestResult executionId="dfddd3f7-3edb-4e4d-9156-2673eeabbfe4" testId="aaf613d0-debf-b348-f6a8-625b151b543d" testName="should_save_user_max_energy" computerName="JUSTIN-LAPTOP" duration="00:00:00.0250630" startTime="2010-10-17T14:33:01.8891718-05:00" endTime="2010-10-17T14:33:01.9191735-05:00" testType="13cdc9d9-ddb5-4fa4-a97d-d965ccfc6d4b" outcome="Passed" testListId="8c84fa94-04c1-424b-9868-57a2d4851a1d" relativeResultsDirectory="dfddd3f7-3edb-4e4d-9156-2673eeabbfe4">
    </UnitTestResult>
    <UnitTestResult executionId="59146ae8-e56f-4df7-9f7d-fa0e5ed0e280" testId="abb8373c-7671-9802-6d68-5c17e7124ebd" testName="should_record_hotzone_destoryed_if_hunting_cleared_hotzone" computerName="JUSTIN-LAPTOP" duration="00:00:00.0163768" startTime="2010-10-17T14:33:01.9211736-05:00" endTime="2010-10-17T14:33:01.9431749-05:00" testType="13cdc9d9-ddb5-4fa4-a97d-d965ccfc6d4b" outcome="Passed" testListId="8c84fa94-04c1-424b-9868-57a2d4851a1d" relativeResultsDirectory="59146ae8-e56f-4df7-9f7d-fa0e5ed0e280">
    </UnitTestResult>
    <UnitTestResult executionId="7470e5ab-c1c5-4953-9c5d-991a64e87165" testId="ac6fd380-aa69-7042-79c1-72e377d208c7" testName="should_update_users_zone_id_if_user_is_at_a_zombie_pack_location" computerName="JUSTIN-LAPTOP" duration="00:00:00.0135695" startTime="2010-10-17T14:33:01.9441749-05:00" endTime="2010-10-17T14:33:01.9621760-05:00" testType="13cdc9d9-ddb5-4fa4-a97d-d965ccfc6d4b" outcome="Passed" testListId="8c84fa94-04c1-424b-9868-57a2d4851a1d" relativeResultsDirectory="7470e5ab-c1c5-4953-9c5d-991a64e87165">
    </UnitTestResult>
    <UnitTestResult executionId="63eec3a2-32e6-489c-a548-e938e56fba6c" testId="af74033c-8ac7-9c6c-bed1-b5a7d2c06950" testName="should_set_latitude_longitude_position_for_hotzone" computerName="JUSTIN-LAPTOP" duration="00:00:00.0054513" startTime="2010-10-17T14:33:01.9641761-05:00" endTime="2010-10-17T14:33:01.9741767-05:00" testType="13cdc9d9-ddb5-4fa4-a97d-d965ccfc6d4b" outcome="Passed" testListId="8c84fa94-04c1-424b-9868-57a2d4851a1d" relativeResultsDirectory="63eec3a2-32e6-489c-a548-e938e56fba6c">
    </UnitTestResult>
    <UnitTestResult executionId="d0774355-45e8-46e0-9a51-30a293b75288" testId="b0037f39-501d-0ae0-4207-fd773fffa4a6" testName="should_return_energy_along_with_any_energy_increase_from_buying_different_items_and_no_items_in_safehouse" computerName="JUSTIN-LAPTOP" duration="00:00:00.0062642" startTime="2010-10-17T14:33:01.9751767-05:00" endTime="2010-10-17T14:33:01.9861773-05:00" testType="13cdc9d9-ddb5-4fa4-a97d-d965ccfc6d4b" outcome="Passed" testListId="8c84fa94-04c1-424b-9868-57a2d4851a1d" relativeResultsDirectory="d0774355-45e8-46e0-9a51-30a293b75288">
    </UnitTestResult>
    <UnitTestResult executionId="d23466b0-14a6-43e4-8e0a-7ee545c19773" testId="b16bd29a-b3d8-bf0d-809b-edcc4ff2fca0" testName="should_return_hotzone_as_cleared" computerName="JUSTIN-LAPTOP" duration="00:00:00.0770322" startTime="2010-10-17T14:33:01.9881775-05:00" endTime="2010-10-17T14:33:02.0691821-05:00" testType="13cdc9d9-ddb5-4fa4-a97d-d965ccfc6d4b" outcome="Passed" testListId="8c84fa94-04c1-424b-9868-57a2d4851a1d" relativeResultsDirectory="d23466b0-14a6-43e4-8e0a-7ee545c19773">
    </UnitTestResult>
    <UnitTestResult executionId="b8021dd8-a30c-4c93-aca6-3d8da7da4646" testId="b18d1727-ecb0-0941-0114-d84e798714f5" testName="should_return_a_hunt_count_of_10_to_15_if_resolved_as_an_medium_hotzone" computerName="JUSTIN-LAPTOP" duration="00:00:00.0110182" startTime="2010-10-17T14:33:02.0701821-05:00" endTime="2010-10-17T14:33:02.0851830-05:00" testType="13cdc9d9-ddb5-4fa4-a97d-d965ccfc6d4b" outcome="Passed" testListId="8c84fa94-04c1-424b-9868-57a2d4851a1d" relativeResultsDirectory="b8021dd8-a30c-4c93-aca6-3d8da7da4646">
    </UnitTestResult>
    <UnitTestResult executionId="a078d281-0c1e-441a-8d3d-d72c44da30fa" testId="b25aa57b-bb9a-f05f-4179-18f54e514dcd" testName="should_change_users_energy_if_item_has_energy_attribute_not_equal_to_zero" computerName="JUSTIN-LAPTOP" duration="00:00:00.0091611" startTime="2010-10-17T14:33:02.0861831-05:00" endTime="2010-10-17T14:33:02.1001839-05:00" testType="13cdc9d9-ddb5-4fa4-a97d-d965ccfc6d4b" outcome="Passed" testListId="8c84fa94-04c1-424b-9868-57a2d4851a1d" relativeResultsDirectory="a078d281-0c1e-441a-8d3d-d72c44da30fa">
    </UnitTestResult>
    <UnitTestResult executionId="9ae61531-a9ac-47d4-9192-5e769a414da4" testId="b28183ac-a700-53c3-0c4c-4c663c3d39eb" testName="should_set_to_max_energy_if_item_energy_is_greater_than_max" computerName="JUSTIN-LAPTOP" duration="00:00:00.0090148" startTime="2010-10-17T14:33:02.1011839-05:00" endTime="2010-10-17T14:33:02.1161848-05:00" testType="13cdc9d9-ddb5-4fa4-a97d-d965ccfc6d4b" outcome="Passed" testListId="8c84fa94-04c1-424b-9868-57a2d4851a1d" relativeResultsDirectory="9ae61531-a9ac-47d4-9192-5e769a414da4">
    </UnitTestResult>
    <UnitTestResult executionId="d2ddab13-7171-4ee0-9129-2a397f95a8ef" testId="b32170cc-6301-2795-2015-78cba1f92dc0" testName="should_return_0_for_energy_if_user_does_not_exist" computerName="JUSTIN-LAPTOP" duration="00:00:00.0047625" startTime="2010-10-17T14:33:02.1171848-05:00" endTime="2010-10-17T14:33:02.1261853-05:00" testType="13cdc9d9-ddb5-4fa4-a97d-d965ccfc6d4b" outcome="Passed" testListId="8c84fa94-04c1-424b-9868-57a2d4851a1d" relativeResultsDirectory="d2ddab13-7171-4ee0-9129-2a397f95a8ef">
    </UnitTestResult>
    <UnitTestResult executionId="01957d0a-dbac-4a87-a13b-591d9396581b" testId="b3df8862-1b3b-daec-78d1-26c8d0d4c769" testName="should_set_peak_attack_if_greater_than_whats_currently_saved" computerName="JUSTIN-LAPTOP" duration="00:00:00.0195732" startTime="2010-10-17T14:33:02.1281855-05:00" endTime="2010-10-17T14:33:02.1521868-05:00" testType="13cdc9d9-ddb5-4fa4-a97d-d965ccfc6d4b" outcome="Passed" testListId="8c84fa94-04c1-424b-9868-57a2d4851a1d" relativeResultsDirectory="01957d0a-dbac-4a87-a13b-591d9396581b">
    </UnitTestResult>
    <UnitTestResult executionId="3bf71885-9294-4d92-88ad-ea38d9c50b2d" testId="b3e73d9f-e8d5-d40e-f226-223e65b83b5c" testName="should_return_false_if_facebook_user_doesnt_exist" computerName="JUSTIN-LAPTOP" duration="00:00:00.0188190" startTime="2010-10-17T14:33:02.1531869-05:00" endTime="2010-10-17T14:33:02.1771883-05:00" testType="13cdc9d9-ddb5-4fa4-a97d-d965ccfc6d4b" outcome="Passed" testListId="8c84fa94-04c1-424b-9868-57a2d4851a1d" relativeResultsDirectory="3bf71885-9294-4d92-88ad-ea38d9c50b2d">
    </UnitTestResult>
    <UnitTestResult executionId="dd3b8404-9ecc-4117-998a-af2ef34f561d" testId="b56cc93a-1a34-87ca-906c-3850d1ae7b74" testName="should_disregard_safehouse_items_that_are_one_use" computerName="JUSTIN-LAPTOP" duration="00:00:00.0071585" startTime="2010-10-17T14:33:02.1781883-05:00" endTime="2010-10-17T14:33:02.1901890-05:00" testType="13cdc9d9-ddb5-4fa4-a97d-d965ccfc6d4b" outcome="Passed" testListId="8c84fa94-04c1-424b-9868-57a2d4851a1d" relativeResultsDirectory="dd3b8404-9ecc-4117-998a-af2ef34f561d">
    </UnitTestResult>
    <UnitTestResult executionId="47d2a35a-6cdb-4353-9364-cddaa841ced5" testId="b5bf2f35-dde6-66e3-7545-0164ceb4c3bb" testName="should_disregard_one_use_items_that_can_be_bought" computerName="JUSTIN-LAPTOP" duration="00:00:00.0062314" startTime="2010-10-17T14:33:02.1911891-05:00" endTime="2010-10-17T14:33:02.2031898-05:00" testType="13cdc9d9-ddb5-4fa4-a97d-d965ccfc6d4b" outcome="Passed" testListId="8c84fa94-04c1-424b-9868-57a2d4851a1d" relativeResultsDirectory="47d2a35a-6cdb-4353-9364-cddaa841ced5">
    </UnitTestResult>
    <UnitTestResult executionId="5b795ae3-fda3-47b3-bb96-d2805da1c472" testId="b60197de-ab24-075d-fbab-bf70fa600887" testName="should_return_falise_if_user_zombie_pack_progress_does_not_exist" computerName="JUSTIN-LAPTOP" duration="00:00:00.0380114" startTime="2010-10-17T14:33:02.2041898-05:00" endTime="2010-10-17T14:33:02.2471923-05:00" testType="13cdc9d9-ddb5-4fa4-a97d-d965ccfc6d4b" outcome="Passed" testListId="8c84fa94-04c1-424b-9868-57a2d4851a1d" relativeResultsDirectory="5b795ae3-fda3-47b3-bb96-d2805da1c472">
    </UnitTestResult>
    <UnitTestResult executionId="217f78f0-7ddb-4cd6-a8e8-6931661c2b05" testId="b9bdcc23-3882-fdc6-ae71-589fdcc2d732" testName="should_return_users_base_energy_if_user_does_not_have_any_items" computerName="JUSTIN-LAPTOP" duration="00:00:00.0047738" startTime="2010-10-17T14:33:02.2481923-05:00" endTime="2010-10-17T14:33:02.2651933-05:00" testType="13cdc9d9-ddb5-4fa4-a97d-d965ccfc6d4b" outcome="Passed" testListId="8c84fa94-04c1-424b-9868-57a2d4851a1d" relativeResultsDirectory="217f78f0-7ddb-4cd6-a8e8-6931661c2b05">
    </UnitTestResult>
    <UnitTestResult executionId="510fe27e-0fa9-49fc-93e3-30ce656a06c7" testId="b9daaf02-a2df-fc67-bf09-91db90f1040d" testName="should_save_user_last_energy" computerName="JUSTIN-LAPTOP" duration="00:00:00.0244455" startTime="2010-10-17T14:33:02.2671934-05:00" endTime="2010-10-17T14:33:02.2991952-05:00" testType="13cdc9d9-ddb5-4fa4-a97d-d965ccfc6d4b" outcome="Passed" testListId="8c84fa94-04c1-424b-9868-57a2d4851a1d" relativeResultsDirectory="510fe27e-0fa9-49fc-93e3-30ce656a06c7">
    </UnitTestResult>
    <UnitTestResult executionId="eb60596e-5a79-4f38-a84f-cb45d74260c3" testId="ba822c9a-2244-54af-db34-ae1b0ff7f2ea" testName="the_starting_energy_should_be_100" computerName="JUSTIN-LAPTOP" duration="00:00:00.0190533" startTime="2010-10-17T14:33:02.3051956-05:00" endTime="2010-10-17T14:33:02.3291970-05:00" testType="13cdc9d9-ddb5-4fa4-a97d-d965ccfc6d4b" outcome="Passed" testListId="8c84fa94-04c1-424b-9868-57a2d4851a1d" relativeResultsDirectory="eb60596e-5a79-4f38-a84f-cb45d74260c3">
    </UnitTestResult>
    <UnitTestResult executionId="de7dd2a0-cb64-42cc-9ad7-dfddab7904cc" testId="ba89953e-a09d-28cf-6946-aa203e1b8fb8" testName="should_return_an_empty_progress_if_zombie_pack_doesnt_exist" computerName="JUSTIN-LAPTOP" duration="00:00:00.0039374" startTime="2010-10-17T14:33:02.3331972-05:00" endTime="2010-10-17T14:33:02.3411976-05:00" testType="13cdc9d9-ddb5-4fa4-a97d-d965ccfc6d4b" outcome="Passed" testListId="8c84fa94-04c1-424b-9868-57a2d4851a1d" relativeResultsDirectory="de7dd2a0-cb64-42cc-9ad7-dfddab7904cc">
    </UnitTestResult>
    <UnitTestResult executionId="fa0e0823-aaff-4463-8e6b-6e18bad2b5de" testId="ba999509-487a-7f04-1438-f406952dc58e" testName="should_take_into_consideration_equipped_items_when_determining_min_sight_radius" computerName="JUSTIN-LAPTOP" duration="00:00:00.0095781" startTime="2010-10-17T14:33:02.3451979-05:00" endTime="2010-10-17T14:33:02.3601987-05:00" testType="13cdc9d9-ddb5-4fa4-a97d-d965ccfc6d4b" outcome="Passed" testListId="8c84fa94-04c1-424b-9868-57a2d4851a1d" relativeResultsDirectory="fa0e0823-aaff-4463-8e6b-6e18bad2b5de">
    </UnitTestResult>
    <UnitTestResult executionId="bc4ad484-422d-4ced-b8bf-b672ccc44edd" testId="bb35c303-68f9-bb58-ec6c-79aa0b063947" testName="should_return_zero_for_attack_power_if_user_does_not_exist" computerName="JUSTIN-LAPTOP" duration="00:00:00.0022489" startTime="2010-10-17T14:33:02.3621988-05:00" endTime="2010-10-17T14:33:02.3731995-05:00" testType="13cdc9d9-ddb5-4fa4-a97d-d965ccfc6d4b" outcome="Passed" testListId="8c84fa94-04c1-424b-9868-57a2d4851a1d" relativeResultsDirectory="bc4ad484-422d-4ced-b8bf-b672ccc44edd">
    </UnitTestResult>
    <UnitTestResult executionId="cb9d469a-a2ed-4e2d-8a4e-b44a007b3606" testId="bb62f7f6-95bc-c16c-f91c-8661bb447531" testName="should_change_users_sight_radius_if_item_has_a_distance_attribute_not_equal_to_zero" computerName="JUSTIN-LAPTOP" duration="00:00:00.0105563" startTime="2010-10-17T14:33:02.3751996-05:00" endTime="2010-10-17T14:33:02.3942007-05:00" testType="13cdc9d9-ddb5-4fa4-a97d-d965ccfc6d4b" outcome="Passed" testListId="8c84fa94-04c1-424b-9868-57a2d4851a1d" relativeResultsDirectory="cb9d469a-a2ed-4e2d-8a4e-b44a007b3606">
    </UnitTestResult>
    <UnitTestResult executionId="c6513db5-5775-4a02-9657-c9ef140e6542" testId="bc231f56-0b8a-34bb-d73a-6bc2b970aa27" testName="should_update_user_level_and_user_base_attack_and_user_base_energy_and_user_inventory_when_user_kills_enough_zombies_to_pass_level" computerName="JUSTIN-LAPTOP" duration="00:00:00.0102406" startTime="2010-10-17T14:33:02.3962008-05:00" endTime="2010-10-17T14:33:02.4112017-05:00" testType="13cdc9d9-ddb5-4fa4-a97d-d965ccfc6d4b" outcome="Passed" testListId="8c84fa94-04c1-424b-9868-57a2d4851a1d" relativeResultsDirectory="c6513db5-5775-4a02-9657-c9ef140e6542">
    </UnitTestResult>
    <UnitTestResult executionId="c22b5041-4257-49e7-a461-5388e89a0664" testId="bc2bbda1-dfbc-fff1-89f7-377eb332a077" testName="should_return_attack_power_along_with_any_attack_power_increase_from_buying_different_items_and_no_items_in_safehouse" computerName="JUSTIN-LAPTOP" duration="00:00:00.0077295" startTime="2010-10-17T14:33:02.4132018-05:00" endTime="2010-10-17T14:33:02.4272026-05:00" testType="13cdc9d9-ddb5-4fa4-a97d-d965ccfc6d4b" outcome="Passed" testListId="8c84fa94-04c1-424b-9868-57a2d4851a1d" relativeResultsDirectory="c22b5041-4257-49e7-a461-5388e89a0664">
    </UnitTestResult>
    <UnitTestResult executionId="af21d6ce-7faf-43a1-adf2-100b98dcaa69" testId="bdc5cf0e-b6b0-aab1-b4c9-cfdf4e4262c3" testName="should_update_users_inventory_amount" computerName="JUSTIN-LAPTOP" duration="00:00:00.0264854" startTime="2010-10-17T14:33:02.4282026-05:00" endTime="2010-10-17T14:33:02.4592044-05:00" testType="13cdc9d9-ddb5-4fa4-a97d-d965ccfc6d4b" outcome="Passed" testListId="8c84fa94-04c1-424b-9868-57a2d4851a1d" relativeResultsDirectory="af21d6ce-7faf-43a1-adf2-100b98dcaa69">
    </UnitTestResult>
    <UnitTestResult executionId="6d614333-200c-46e2-ae4f-fd64825a34eb" testId="bed0bac3-5433-e3b2-3646-ee5b82bf2f3c" testName="should_return_attack_power_based_on_items_in_safehouse_with_user_not_having_any_money" computerName="JUSTIN-LAPTOP" duration="00:00:00.0075593" startTime="2010-10-17T14:33:02.4602045-05:00" endTime="2010-10-17T14:33:02.4742053-05:00" testType="13cdc9d9-ddb5-4fa4-a97d-d965ccfc6d4b" outcome="Passed" testListId="8c84fa94-04c1-424b-9868-57a2d4851a1d" relativeResultsDirectory="6d614333-200c-46e2-ae4f-fd64825a34eb">
    </UnitTestResult>
    <UnitTestResult executionId="5e1ded9b-2a73-4698-a38b-539e6f35dbc5" testId="c0f6a7ca-70c4-38dc-b622-ea187fd81d6d" testName="should_return_achievement_for_peak_zombies_10" computerName="JUSTIN-LAPTOP" duration="00:00:00.0014279" startTime="2010-10-17T14:33:02.4752053-05:00" endTime="2010-10-17T14:33:02.4822057-05:00" testType="13cdc9d9-ddb5-4fa4-a97d-d965ccfc6d4b" outcome="Passed" testListId="8c84fa94-04c1-424b-9868-57a2d4851a1d" relativeResultsDirectory="5e1ded9b-2a73-4698-a38b-539e6f35dbc5">
    </UnitTestResult>
    <UnitTestResult executionId="5e48e8e5-e682-4c44-94a3-97e06984cc03" testId="c154fab6-7379-ae56-989a-e56b1649db90" testName="should_update_users_base_attack" computerName="JUSTIN-LAPTOP" duration="00:00:00.0246919" startTime="2010-10-17T14:33:02.4842058-05:00" endTime="2010-10-17T14:33:02.5132075-05:00" testType="13cdc9d9-ddb5-4fa4-a97d-d965ccfc6d4b" outcome="Passed" testListId="8c84fa94-04c1-424b-9868-57a2d4851a1d" relativeResultsDirectory="5e48e8e5-e682-4c44-94a3-97e06984cc03">
    </UnitTestResult>
    <UnitTestResult executionId="4b392888-1ed7-4258-a50f-b226e55fa229" testId="c19d7fe3-d556-ad76-9806-5e328516f06f" testName="should_return_correct_energy_for_given_level" computerName="JUSTIN-LAPTOP" duration="00:00:00.0154853" startTime="2010-10-17T14:33:02.5142075-05:00" endTime="2010-10-17T14:33:02.5342087-05:00" testType="13cdc9d9-ddb5-4fa4-a97d-d965ccfc6d4b" outcome="Failed" testListId="8c84fa94-04c1-424b-9868-57a2d4851a1d" relativeResultsDirectory="4b392888-1ed7-4258-a50f-b226e55fa229">
      <Output>
        <ErrorInfo>
          <Message>Assert.AreEqual failed. Expected:&lt;1198&gt;. Actual:&lt;1186&gt;. </Message>
          <StackTrace>   at UndeadEarth.Test.Model.TestExtensions.ShouldBe(Object actual, Object expected) in C:\Projects\UndeadEarth\UndeadEarth.Test\Model\when_servicing_user_level_and_attributes.cs:line 193
   at UndeadEarth.Test.Model.when_servicing_user_level_and_attributes.should_return_correct_energy_for_given_level() in C:\Projects\UndeadEarth\UndeadEarth.Test\Model\when_servicing_user_level_and_attributes.cs:line 100
</StackTrace>
        </ErrorInfo>
      </Output>
    </UnitTestResult>
    <UnitTestResult executionId="1f03d997-cfea-4023-9359-a6262d7419af" testId="c2fceb1f-5078-88e7-1674-00e75ecef9dd" testName="should_disregard_safehouse_items_that_are_one_use" computerName="JUSTIN-LAPTOP" duration="00:00:00.0076237" startTime="2010-10-17T14:33:02.5342087-05:00" endTime="2010-10-17T14:33:02.5472094-05:00" testType="13cdc9d9-ddb5-4fa4-a97d-d965ccfc6d4b" outcome="Passed" testListId="8c84fa94-04c1-424b-9868-57a2d4851a1d" relativeResultsDirectory="1f03d997-cfea-4023-9359-a6262d7419af">
    </UnitTestResult>
    <UnitTestResult executionId="546905a5-85d8-4473-a1a0-a55b17a3ff8e" testId="c3a4535b-76d1-c39a-2397-114110fb9661" testName="should_disregard_if_user_has_max_items_already" computerName="JUSTIN-LAPTOP" duration="00:00:00.0126780" startTime="2010-10-17T14:33:02.5482095-05:00" endTime="2010-10-17T14:33:02.5652105-05:00" testType="13cdc9d9-ddb5-4fa4-a97d-d965ccfc6d4b" outcome="Passed" testListId="8c84fa94-04c1-424b-9868-57a2d4851a1d" relativeResultsDirectory="546905a5-85d8-4473-a1a0-a55b17a3ff8e">
    </UnitTestResult>
    <UnitTestResult executionId="0bdb9a56-e9a4-428e-8770-114c4ed8d082" testId="c4f416aa-df0e-260b-8e45-51ab2e95c489" testName="should_insert_empty_record_for_user_if_non_exists" computerName="JUSTIN-LAPTOP" duration="00:00:00.0192729" startTime="2010-10-17T14:33:02.5672106-05:00" endTime="2010-10-17T14:33:02.5912119-05:00" testType="13cdc9d9-ddb5-4fa4-a97d-d965ccfc6d4b" outcome="Passed" testListId="8c84fa94-04c1-424b-9868-57a2d4851a1d" relativeResultsDirectory="0bdb9a56-e9a4-428e-8770-114c4ed8d082">
    </UnitTestResult>
    <UnitTestResult executionId="1dbfe1bc-9010-4b96-b910-589a2ed9305f" testId="c55622f2-a19b-2b7c-fbf0-3bcc9fa792bb" testName="should_disregard_if_item_does_not_exist" computerName="JUSTIN-LAPTOP" duration="00:00:00.0080642" startTime="2010-10-17T14:33:02.5922120-05:00" endTime="2010-10-17T14:33:02.6042127-05:00" testType="13cdc9d9-ddb5-4fa4-a97d-d965ccfc6d4b" outcome="Passed" testListId="8c84fa94-04c1-424b-9868-57a2d4851a1d" relativeResultsDirectory="1dbfe1bc-9010-4b96-b910-589a2ed9305f">
    </UnitTestResult>
    <UnitTestResult executionId="1155e1cf-3ca2-4550-ab3b-68b7fa0129b0" testId="c59ebd84-a390-b0a9-9601-b22bb9ff7f1d" testName="should_start_with_5_tents_on_person" computerName="JUSTIN-LAPTOP" duration="00:00:00.0032818" startTime="2010-10-17T14:33:02.6052127-05:00" endTime="2010-10-17T14:33:02.6132132-05:00" testType="13cdc9d9-ddb5-4fa4-a97d-d965ccfc6d4b" outcome="Passed" testListId="8c84fa94-04c1-424b-9868-57a2d4851a1d" relativeResultsDirectory="1155e1cf-3ca2-4550-ab3b-68b7fa0129b0">
    </UnitTestResult>
    <UnitTestResult executionId="5801d611-1fe5-4510-8b38-fcc0215e774f" testId="c5a39b6e-0b51-8275-3d9b-29919f35b9b0" testName="should_return_user_by_facebook_user_id" computerName="JUSTIN-LAPTOP" duration="00:00:00.0193369" startTime="2010-10-17T14:33:02.6142133-05:00" endTime="2010-10-17T14:33:02.6372146-05:00" testType="13cdc9d9-ddb5-4fa4-a97d-d965ccfc6d4b" outcome="Passed" testListId="8c84fa94-04c1-424b-9868-57a2d4851a1d" relativeResultsDirectory="5801d611-1fe5-4510-8b38-fcc0215e774f">
    </UnitTestResult>
    <UnitTestResult executionId="81cddde6-6004-4925-852c-d86246b3be4f" testId="c7989c99-7490-d68e-f8ba-99491ffceea3" testName="should_throw_error_when_returning_user_current_base_attack_if_user_doesnt_exist" computerName="JUSTIN-LAPTOP" duration="00:00:00.0237262" startTime="2010-10-17T14:33:02.6382146-05:00" endTime="2010-10-17T14:33:02.6662162-05:00" testType="13cdc9d9-ddb5-4fa4-a97d-d965ccfc6d4b" outcome="Passed" testListId="8c84fa94-04c1-424b-9868-57a2d4851a1d" relativeResultsDirectory="81cddde6-6004-4925-852c-d86246b3be4f">
    </UnitTestResult>
    <UnitTestResult executionId="20016738-a62f-4d21-8b94-21895d71dd24" testId="c85e6447-a3ca-1d12-8c38-f937a72eca57" testName="should_return_attack_power_along_with_any_attack_power_increase_from_multiple_safehouse_items_and_user_has_no_money" computerName="JUSTIN-LAPTOP" duration="00:00:00.0090440" startTime="2010-10-17T14:33:02.6672163-05:00" endTime="2010-10-17T14:33:02.6812171-05:00" testType="13cdc9d9-ddb5-4fa4-a97d-d965ccfc6d4b" outcome="Passed" testListId="8c84fa94-04c1-424b-9868-57a2d4851a1d" relativeResultsDirectory="20016738-a62f-4d21-8b94-21895d71dd24">
    </UnitTestResult>
    <UnitTestResult executionId="b99ef89f-0912-49b6-b187-d74a20028eeb" testId="c9a124e9-2f09-63d2-22cf-ad1bad23f16c" testName="the_energy_for_determining_zombie_pack_difficulty_should_be_100" computerName="JUSTIN-LAPTOP" duration="00:00:00.0192802" startTime="2010-10-17T14:33:02.6822172-05:00" endTime="2010-10-17T14:33:02.7062185-05:00" testType="13cdc9d9-ddb5-4fa4-a97d-d965ccfc6d4b" outcome="Passed" testListId="8c84fa94-04c1-424b-9868-57a2d4851a1d" relativeResultsDirectory="b99ef89f-0912-49b6-b187-d74a20028eeb">
    </UnitTestResult>
    <UnitTestResult executionId="ea4f238e-5ac2-47a1-8731-3b866f7ec2c5" testId="c9e2118a-af3f-f908-ba61-20f5edd2b827" testName="should_throw_error_for_saving_mas_energy_if_user_does_not_exist" computerName="JUSTIN-LAPTOP" duration="00:00:00.0159278" startTime="2010-10-17T14:33:02.7072186-05:00" endTime="2010-10-17T14:33:02.7272197-05:00" testType="13cdc9d9-ddb5-4fa4-a97d-d965ccfc6d4b" outcome="Passed" testListId="8c84fa94-04c1-424b-9868-57a2d4851a1d" relativeResultsDirectory="ea4f238e-5ac2-47a1-8731-3b866f7ec2c5">
    </UnitTestResult>
    <UnitTestResult executionId="69161582-6480-424b-b973-a52190d9f386" testId="ca1b8eb5-4ad5-3e56-62f6-d3c54fe84326" testName="should_not_throw_error_if_user_does_not_exist" computerName="JUSTIN-LAPTOP" duration="00:00:00.0276735" startTime="2010-10-17T14:33:02.7282198-05:00" endTime="2010-10-17T14:33:02.7592216-05:00" testType="13cdc9d9-ddb5-4fa4-a97d-d965ccfc6d4b" outcome="Passed" testListId="8c84fa94-04c1-424b-9868-57a2d4851a1d" relativeResultsDirectory="69161582-6480-424b-b973-a52190d9f386">
    </UnitTestResult>
    <UnitTestResult executionId="c99397dd-e22c-4444-bef6-542e07370337" testId="cb08040d-63a1-ab84-f3c4-dce8729ce3d1" testName="should_retrieve_zombies_detroyed" computerName="JUSTIN-LAPTOP" duration="00:00:00.0145963" startTime="2010-10-17T14:33:02.7612217-05:00" endTime="2010-10-17T14:33:02.7792227-05:00" testType="13cdc9d9-ddb5-4fa4-a97d-d965ccfc6d4b" outcome="Passed" testListId="8c84fa94-04c1-424b-9868-57a2d4851a1d" relativeResultsDirectory="c99397dd-e22c-4444-bef6-542e07370337">
    </UnitTestResult>
    <UnitTestResult executionId="078f2478-12be-4be6-aaad-9ea84b59b0b9" testId="cb80e7a8-021c-5d6c-c831-c1f7e461a27c" testName="should_return_zero_if_distance_is_null" computerName="JUSTIN-LAPTOP" duration="00:00:00.0318634" startTime="2010-10-17T14:33:02.7802228-05:00" endTime="2010-10-17T14:33:02.8162248-05:00" testType="13cdc9d9-ddb5-4fa4-a97d-d965ccfc6d4b" outcome="Passed" testListId="8c84fa94-04c1-424b-9868-57a2d4851a1d" relativeResultsDirectory="078f2478-12be-4be6-aaad-9ea84b59b0b9">
    </UnitTestResult>
    <UnitTestResult executionId="f96b2824-182c-4c4b-83ef-079324e49a91" testId="ce354fe1-08e2-7958-e209-2621b563d1da" testName="should_disregard_if_user_does_not_have_item" computerName="JUSTIN-LAPTOP" duration="00:00:00.0094565" startTime="2010-10-17T14:33:02.8172249-05:00" endTime="2010-10-17T14:33:02.8322257-05:00" testType="13cdc9d9-ddb5-4fa4-a97d-d965ccfc6d4b" outcome="Passed" testListId="8c84fa94-04c1-424b-9868-57a2d4851a1d" relativeResultsDirectory="f96b2824-182c-4c4b-83ef-079324e49a91">
    </UnitTestResult>
    <UnitTestResult executionId="cc55053d-ac2a-4b00-981f-22777fbb45dc" testId="cf462ec4-8531-1e43-07c6-e34f96bb70c0" testName="should_set_sight_radius_to_5_for_user_who_exists_but_does_not_have_a_base_sight_radius_value" computerName="JUSTIN-LAPTOP" duration="00:00:00.0072278" startTime="2010-10-17T14:33:02.8332258-05:00" endTime="2010-10-17T14:33:02.8462265-05:00" testType="13cdc9d9-ddb5-4fa4-a97d-d965ccfc6d4b" outcome="Passed" testListId="8c84fa94-04c1-424b-9868-57a2d4851a1d" relativeResultsDirectory="cc55053d-ac2a-4b00-981f-22777fbb45dc">
    </UnitTestResult>
    <UnitTestResult executionId="bd0caa84-334b-41d2-a614-184edc2aef86" testId="cfacc8e4-11ef-5e59-c2dc-f7d2d86d5a2e" testName="should_return_false_if_zombiepack_does_not_exist" computerName="JUSTIN-LAPTOP" duration="00:00:00.0106543" startTime="2010-10-17T14:33:02.8472266-05:00" endTime="2010-10-17T14:33:02.8622274-05:00" testType="13cdc9d9-ddb5-4fa4-a97d-d965ccfc6d4b" outcome="Passed" testListId="8c84fa94-04c1-424b-9868-57a2d4851a1d" relativeResultsDirectory="bd0caa84-334b-41d2-a614-184edc2aef86">
    </UnitTestResult>
    <UnitTestResult executionId="eb45295a-837d-4b4b-9bfb-258c5c3740bf" testId="cfb75f84-eedb-9c69-8ad1-7d1a16a63ca8" testName="given_user_has_money_and_items_in_safe_house_and_can_buy_items_should_return_best_combination" computerName="JUSTIN-LAPTOP" duration="00:00:00.0237173" startTime="2010-10-17T14:33:02.8642276-05:00" endTime="2010-10-17T14:33:02.8962294-05:00" testType="13cdc9d9-ddb5-4fa4-a97d-d965ccfc6d4b" outcome="Passed" testListId="8c84fa94-04c1-424b-9868-57a2d4851a1d" relativeResultsDirectory="eb45295a-837d-4b4b-9bfb-258c5c3740bf">
    </UnitTestResult>
    <UnitTestResult executionId="a7def2b1-e524-4ca2-9db6-f5f52b719fc0" testId="d079bc7a-5632-90a3-fd08-a3194bc2d4b6" testName="should_return_null_if_no_item_found" computerName="JUSTIN-LAPTOP" duration="00:00:00.0383692" startTime="2010-10-17T14:33:02.9012297-05:00" endTime="2010-10-17T14:33:02.9442321-05:00" testType="13cdc9d9-ddb5-4fa4-a97d-d965ccfc6d4b" outcome="Passed" testListId="8c84fa94-04c1-424b-9868-57a2d4851a1d" relativeResultsDirectory="a7def2b1-e524-4ca2-9db6-f5f52b719fc0">
    </UnitTestResult>
    <UnitTestResult executionId="9fe8b46e-7706-46c0-87f8-735fe0c8fda7" testId="d10bf695-c889-b70c-ad2f-f77a6c930e0a" testName="should_throw_error_if_facebook_user_id_is_0_and_retrieval_is_attempted" computerName="JUSTIN-LAPTOP" duration="00:00:00.0208703" startTime="2010-10-17T14:33:02.9452322-05:00" endTime="2010-10-17T14:33:02.9702336-05:00" testType="13cdc9d9-ddb5-4fa4-a97d-d965ccfc6d4b" outcome="Passed" testListId="8c84fa94-04c1-424b-9868-57a2d4851a1d" relativeResultsDirectory="9fe8b46e-7706-46c0-87f8-735fe0c8fda7">
    </UnitTestResult>
    <UnitTestResult executionId="6beafaac-6e4a-4564-adea-d250d3ffd1f8" testId="d1295b3d-b18a-9feb-b9f7-b8d24a1390b4" testName="should_return_list_of_user_items_from_user_id" computerName="JUSTIN-LAPTOP" duration="00:00:00.0472410" startTime="2010-10-17T14:33:02.9712337-05:00" endTime="2010-10-17T14:33:03.0242367-05:00" testType="13cdc9d9-ddb5-4fa4-a97d-d965ccfc6d4b" outcome="Passed" testListId="8c84fa94-04c1-424b-9868-57a2d4851a1d" relativeResultsDirectory="6beafaac-6e4a-4564-adea-d250d3ffd1f8">
    </UnitTestResult>
    <UnitTestResult executionId="9f76cc2b-36f1-49a4-b851-a6db46d908e8" testId="d39a97f0-a02b-13f3-00ff-3ebdf64857ec" testName="should_return_users_base_sight_radius_if_user_does_not_have_any_items" computerName="JUSTIN-LAPTOP" duration="00:00:00.0073368" startTime="2010-10-17T14:33:03.0252368-05:00" endTime="2010-10-17T14:33:03.0382375-05:00" testType="13cdc9d9-ddb5-4fa4-a97d-d965ccfc6d4b" outcome="Passed" testListId="8c84fa94-04c1-424b-9868-57a2d4851a1d" relativeResultsDirectory="9f76cc2b-36f1-49a4-b851-a6db46d908e8">
    </UnitTestResult>
    <UnitTestResult executionId="1cf91462-ed17-4dac-8b79-d949e77110b2" testId="d51d0821-4280-76e7-8d6d-17b8ea1953f0" testName="should_return_baseline_attack_power_for_user_that_exists" computerName="JUSTIN-LAPTOP" duration="00:00:00.0225073" startTime="2010-10-17T14:33:03.0392376-05:00" endTime="2010-10-17T14:33:03.0672392-05:00" testType="13cdc9d9-ddb5-4fa4-a97d-d965ccfc6d4b" outcome="Passed" testListId="8c84fa94-04c1-424b-9868-57a2d4851a1d" relativeResultsDirectory="1cf91462-ed17-4dac-8b79-d949e77110b2">
    </UnitTestResult>
    <UnitTestResult executionId="b076e97b-ba3a-401d-aba9-e90e1d75f1c6" testId="d531988b-f1bb-cf47-5dc0-2ed134630321" testName="should_return_achievement_for_peak_zombies_1000" computerName="JUSTIN-LAPTOP" duration="00:00:00.0021310" startTime="2010-10-17T14:33:03.0682392-05:00" endTime="2010-10-17T14:33:03.0752396-05:00" testType="13cdc9d9-ddb5-4fa4-a97d-d965ccfc6d4b" outcome="Passed" testListId="8c84fa94-04c1-424b-9868-57a2d4851a1d" relativeResultsDirectory="b076e97b-ba3a-401d-aba9-e90e1d75f1c6">
    </UnitTestResult>
    <UnitTestResult executionId="938142c7-56aa-4b47-8642-85fb92be5096" testId="d646a28e-30d8-4c55-0af1-38d31ab16a6a" testName="should_decrement_number_of_zombies_by_users_attack_power_on_successful_hunt" computerName="JUSTIN-LAPTOP" duration="00:00:00.0141141" startTime="2010-10-17T14:33:03.0762397-05:00" endTime="2010-10-17T14:33:03.0942407-05:00" testType="13cdc9d9-ddb5-4fa4-a97d-d965ccfc6d4b" outcome="Passed" testListId="8c84fa94-04c1-424b-9868-57a2d4851a1d" relativeResultsDirectory="938142c7-56aa-4b47-8642-85fb92be5096">
    </UnitTestResult>
    <UnitTestResult executionId="7396368d-881a-47ca-82c0-91ad77419bc1" testId="d688d02d-3269-304b-a6e8-10e959d858db" testName="should_return_last_energy_saved_If_there_is_no_difference_between_the_current_time_passed_in_and_the_last_saved_energy_from_the_repository" computerName="JUSTIN-LAPTOP" duration="00:00:00.0074154" startTime="2010-10-17T14:33:03.0952408-05:00" endTime="2010-10-17T14:33:03.1072415-05:00" testType="13cdc9d9-ddb5-4fa4-a97d-d965ccfc6d4b" outcome="Passed" testListId="8c84fa94-04c1-424b-9868-57a2d4851a1d" relativeResultsDirectory="7396368d-881a-47ca-82c0-91ad77419bc1">
    </UnitTestResult>
    <UnitTestResult executionId="e5774142-d2ca-4d27-833d-15c2734448fb" testId="d6a3e7bf-2e31-3f07-2490-3e67884ebb4a" testName="should_retrieve_safe_house_item_id" computerName="JUSTIN-LAPTOP" duration="00:00:00.0327496" startTime="2010-10-17T14:33:03.1082415-05:00" endTime="2010-10-17T14:33:03.1452436-05:00" testType="13cdc9d9-ddb5-4fa4-a97d-d965ccfc6d4b" outcome="Passed" testListId="8c84fa94-04c1-424b-9868-57a2d4851a1d" relativeResultsDirectory="e5774142-d2ca-4d27-833d-15c2734448fb">
    </UnitTestResult>
    <UnitTestResult executionId="8355e072-1f1e-4de5-a9a8-bfa14f94a679" testId="d8a245d8-8db6-bd87-8600-23c0fc08446c" testName="should_return_0_if_user_does_not_exist" computerName="JUSTIN-LAPTOP" duration="00:00:00.0027522" startTime="2010-10-17T14:33:03.1462437-05:00" endTime="2010-10-17T14:33:03.1532441-05:00" testType="13cdc9d9-ddb5-4fa4-a97d-d965ccfc6d4b" outcome="Passed" testListId="8c84fa94-04c1-424b-9868-57a2d4851a1d" relativeResultsDirectory="8355e072-1f1e-4de5-a9a8-bfa14f94a679">
    </UnitTestResult>
    <UnitTestResult executionId="6be30a2c-3fab-4233-b86e-267cd39d9fc1" testId="d8cfd2cc-f7c2-fb7c-2948-c14069a906b1" testName="should_determine_base_line_for_user_that_changes_hotzones" computerName="JUSTIN-LAPTOP" duration="00:00:00.0127132" startTime="2010-10-17T14:33:03.1542442-05:00" endTime="2010-10-17T14:33:03.1712451-05:00" testType="13cdc9d9-ddb5-4fa4-a97d-d965ccfc6d4b" outcome="Passed" testListId="8c84fa94-04c1-424b-9868-57a2d4851a1d" relativeResultsDirectory="6be30a2c-3fab-4233-b86e-267cd39d9fc1">
    </UnitTestResult>
    <UnitTestResult executionId="a162b49e-2cfe-4164-b082-1142722b6e36" testId="d9751d6d-b53f-ae7f-743d-a442b6a2d81c" testName="when_checking_user_level_and_zombie_kills_to_update_attributes_should_not_update_if_not_enough_zombie_kills" computerName="JUSTIN-LAPTOP" duration="00:00:00.0023381" startTime="2010-10-17T14:33:03.1722452-05:00" endTime="2010-10-17T14:33:03.1792456-05:00" testType="13cdc9d9-ddb5-4fa4-a97d-d965ccfc6d4b" outcome="Passed" testListId="8c84fa94-04c1-424b-9868-57a2d4851a1d" relativeResultsDirectory="a162b49e-2cfe-4164-b082-1142722b6e36">
    </UnitTestResult>
    <UnitTestResult executionId="78c54711-aa52-414b-92cf-fe458b103ab9" testId="d9cc8fd3-0870-25cd-301c-1c45a9609c32" testName="should_update_zone_user_is_in" computerName="JUSTIN-LAPTOP" duration="00:00:00.0259610" startTime="2010-10-17T14:33:03.1802456-05:00" endTime="2010-10-17T14:33:03.2092473-05:00" testType="13cdc9d9-ddb5-4fa4-a97d-d965ccfc6d4b" outcome="Passed" testListId="8c84fa94-04c1-424b-9868-57a2d4851a1d" relativeResultsDirectory="78c54711-aa52-414b-92cf-fe458b103ab9">
    </UnitTestResult>
    <UnitTestResult executionId="6d8fcd1a-a25f-4a38-9a39-6e4162c5cbfe" testId="d9d60eb2-6c40-96e0-e46e-37fba7b51acb" testName="should_return_achievement_for_collecting_100_dollars" computerName="JUSTIN-LAPTOP" duration="00:00:00.0014401" startTime="2010-10-17T14:33:03.2112474-05:00" endTime="2010-10-17T14:33:03.2172478-05:00" testType="13cdc9d9-ddb5-4fa4-a97d-d965ccfc6d4b" outcome="Passed" testListId="8c84fa94-04c1-424b-9868-57a2d4851a1d" relativeResultsDirectory="6d8fcd1a-a25f-4a38-9a39-6e4162c5cbfe">
    </UnitTestResult>
    <UnitTestResult executionId="73f1c25b-b269-4007-9ee9-b83722f08a59" testId="da679302-1a0c-b7f2-1c7e-e59bb2763f0f" testName="should_return_null_for_last_saved_energy_if_user_exists_but_energy_is_null" computerName="JUSTIN-LAPTOP" duration="00:00:00.0297486" startTime="2010-10-17T14:33:03.2182478-05:00" endTime="2010-10-17T14:33:03.2522498-05:00" testType="13cdc9d9-ddb5-4fa4-a97d-d965ccfc6d4b" outcome="Passed" testListId="8c84fa94-04c1-424b-9868-57a2d4851a1d" relativeResultsDirectory="73f1c25b-b269-4007-9ee9-b83722f08a59">
    </UnitTestResult>
    <UnitTestResult executionId="12de5508-8441-4090-be8a-81afe5ba89d6" testId="db113e6e-fe96-562f-4c9e-fac3dbaaeedc" testName="should_return_one_for_attack_power_if_user_exists_but_does_not_have_any_inventory" computerName="JUSTIN-LAPTOP" duration="00:00:00.0045424" startTime="2010-10-17T14:33:03.2542499-05:00" endTime="2010-10-17T14:33:03.2632504-05:00" testType="13cdc9d9-ddb5-4fa4-a97d-d965ccfc6d4b" outcome="Passed" testListId="8c84fa94-04c1-424b-9868-57a2d4851a1d" relativeResultsDirectory="12de5508-8441-4090-be8a-81afe5ba89d6">
    </UnitTestResult>
    <UnitTestResult executionId="80aff153-67e0-44b3-ba09-c5a84ddfe686" testId="db2cbd38-a14d-b06e-fd2b-542b84645680" testName="should_add_money_passed_in_to_money_of_the_current_user" computerName="JUSTIN-LAPTOP" duration="00:00:00.0247531" startTime="2010-10-17T14:33:03.2632504-05:00" endTime="2010-10-17T14:33:03.2932521-05:00" testType="13cdc9d9-ddb5-4fa4-a97d-d965ccfc6d4b" outcome="Passed" testListId="8c84fa94-04c1-424b-9868-57a2d4851a1d" relativeResultsDirectory="80aff153-67e0-44b3-ba09-c5a84ddfe686">
    </UnitTestResult>
    <UnitTestResult executionId="61c6865a-298c-4135-898f-d1bdc3ce0a9e" testId="dcd64675-21d8-0b9a-9cf5-ac50822ee771" testName="should_return_null_for_base_sight_radius_if_user_does_not_exist" computerName="JUSTIN-LAPTOP" duration="00:00:00.0196882" startTime="2010-10-17T14:33:03.2942522-05:00" endTime="2010-10-17T14:33:03.3182535-05:00" testType="13cdc9d9-ddb5-4fa4-a97d-d965ccfc6d4b" outcome="Passed" testListId="8c84fa94-04c1-424b-9868-57a2d4851a1d" relativeResultsDirectory="61c6865a-298c-4135-898f-d1bdc3ce0a9e">
    </UnitTestResult>
    <UnitTestResult executionId="d4c5127f-f6f0-459c-8581-e9f1830b1f27" testId="dcf1db6a-6e15-f745-8c61-5c0cbc68681f" testName="should_throw_exception_if_update_on_baseline_is_done_on_user_that_doest_exist" computerName="JUSTIN-LAPTOP" duration="00:00:00.0208820" startTime="2010-10-17T14:33:03.3202536-05:00" endTime="2010-10-17T14:33:03.3472552-05:00" testType="13cdc9d9-ddb5-4fa4-a97d-d965ccfc6d4b" outcome="Passed" testListId="8c84fa94-04c1-424b-9868-57a2d4851a1d" relativeResultsDirectory="d4c5127f-f6f0-459c-8581-e9f1830b1f27">
    </UnitTestResult>
    <UnitTestResult executionId="a78972d2-9c7d-4907-9dd0-a3f3db80e8a1" testId="de169ee4-3985-9538-838d-f920eef5b26b" testName="should_retrieve_miles_traveled_for_user_that_exists" computerName="JUSTIN-LAPTOP" duration="00:00:00.0141676" startTime="2010-10-17T14:33:03.3482552-05:00" endTime="2010-10-17T14:33:03.3702565-05:00" testType="13cdc9d9-ddb5-4fa4-a97d-d965ccfc6d4b" outcome="Passed" testListId="8c84fa94-04c1-424b-9868-57a2d4851a1d" relativeResultsDirectory="a78972d2-9c7d-4907-9dd0-a3f3db80e8a1">
    </UnitTestResult>
    <UnitTestResult executionId="90bab0d4-0e22-4da0-b779-d5a5969b7cab" testId="dfea3fa1-b295-8c05-710e-e2cb6ce3f9d6" testName="should_return_min_sight_radius_if_calculated_sight_for_time_passed_in_is_less_than_min_sight_radius_of_user" computerName="JUSTIN-LAPTOP" duration="00:00:00.0078125" startTime="2010-10-17T14:33:03.3712566-05:00" endTime="2010-10-17T14:33:03.3842573-05:00" testType="13cdc9d9-ddb5-4fa4-a97d-d965ccfc6d4b" outcome="Passed" testListId="8c84fa94-04c1-424b-9868-57a2d4851a1d" relativeResultsDirectory="90bab0d4-0e22-4da0-b779-d5a5969b7cab">
    </UnitTestResult>
    <UnitTestResult executionId="fa4396d4-2fe5-4c8d-b82b-9db8f82a18ea" testId="e08ed2a3-8471-3997-30af-ab81916e00cb" testName="should_return_false_if_hotzone_is_not_a_starting_hotzone" computerName="JUSTIN-LAPTOP" duration="00:00:00.0322293" startTime="2010-10-17T14:33:03.3862574-05:00" endTime="2010-10-17T14:33:03.4222595-05:00" testType="13cdc9d9-ddb5-4fa4-a97d-d965ccfc6d4b" outcome="Passed" testListId="8c84fa94-04c1-424b-9868-57a2d4851a1d" relativeResultsDirectory="fa4396d4-2fe5-4c8d-b82b-9db8f82a18ea">
    </UnitTestResult>
    <UnitTestResult executionId="88d2fda4-824e-4031-81f7-f0c61a58a750" testId="e1d44afa-1394-6d68-cf3a-361e5ec94e83" testName="should_throw_exception_when_retrieving_user_level_and_user_does_not_exist" computerName="JUSTIN-LAPTOP" duration="00:00:00.0192356" startTime="2010-10-17T14:33:03.4242596-05:00" endTime="2010-10-17T14:33:03.4482610-05:00" testType="13cdc9d9-ddb5-4fa4-a97d-d965ccfc6d4b" outcome="Passed" testListId="8c84fa94-04c1-424b-9868-57a2d4851a1d" relativeResultsDirectory="88d2fda4-824e-4031-81f7-f0c61a58a750">
    </UnitTestResult>
    <UnitTestResult executionId="e1289826-995a-4e36-b627-6f99dc39c647" testId="e26f0cbc-ec75-e273-f755-4a50e6a1f30a" testName="should_return_hotzone_id_containing_zombie_pack" computerName="JUSTIN-LAPTOP" duration="00:00:00.0213253" startTime="2010-10-17T14:33:03.4492610-05:00" endTime="2010-10-17T14:33:03.4742625-05:00" testType="13cdc9d9-ddb5-4fa4-a97d-d965ccfc6d4b" outcome="Passed" testListId="8c84fa94-04c1-424b-9868-57a2d4851a1d" relativeResultsDirectory="e1289826-995a-4e36-b627-6f99dc39c647">
    </UnitTestResult>
    <UnitTestResult executionId="1a91e9c7-d9c7-4406-a554-2c87537f3d3b" testId="e2e442ef-e02c-6299-5fbd-dd49fb1d3672" testName="should_calculate_eastern_point" computerName="JUSTIN-LAPTOP" duration="00:00:00.0004728" startTime="2010-10-17T14:33:03.4752625-05:00" endTime="2010-10-17T14:33:03.4812629-05:00" testType="13cdc9d9-ddb5-4fa4-a97d-d965ccfc6d4b" outcome="Passed" testListId="8c84fa94-04c1-424b-9868-57a2d4851a1d" relativeResultsDirectory="1a91e9c7-d9c7-4406-a554-2c87537f3d3b">
    </UnitTestResult>
    <UnitTestResult executionId="19a09523-a7fd-4df5-8aaa-1123295c48b0" testId="e4615602-9641-d148-59c9-84c9addeee4f" testName="should_record_zombiepack_destoryed_if_zombiepack_cleared" computerName="JUSTIN-LAPTOP" duration="00:00:00.0198856" startTime="2010-10-17T14:33:03.4832630-05:00" endTime="2010-10-17T14:33:03.5092645-05:00" testType="13cdc9d9-ddb5-4fa4-a97d-d965ccfc6d4b" outcome="Passed" testListId="8c84fa94-04c1-424b-9868-57a2d4851a1d" relativeResultsDirectory="19a09523-a7fd-4df5-8aaa-1123295c48b0">
    </UnitTestResult>
    <UnitTestResult executionId="0fb41e7e-215f-4298-ba04-27ae8ab3f519" testId="e47b507d-8276-c45e-8213-bc71e7175571" testName="should_return_achievement_for_traveling_1000_miles" computerName="JUSTIN-LAPTOP" duration="00:00:00.0015240" startTime="2010-10-17T14:33:03.5102645-05:00" endTime="2010-10-17T14:33:03.5162649-05:00" testType="13cdc9d9-ddb5-4fa4-a97d-d965ccfc6d4b" outcome="Passed" testListId="8c84fa94-04c1-424b-9868-57a2d4851a1d" relativeResultsDirectory="0fb41e7e-215f-4298-ba04-27ae8ab3f519">
    </UnitTestResult>
    <UnitTestResult executionId="1690cbaf-9815-448f-b018-faa9569b38b7" testId="e6a8c00a-faa8-0745-e831-40d2f4668ade" testName="should_record_peak_zombies_destroyed" computerName="JUSTIN-LAPTOP" duration="00:00:00.0152742" startTime="2010-10-17T14:33:03.5182650-05:00" endTime="2010-10-17T14:33:03.5372661-05:00" testType="13cdc9d9-ddb5-4fa4-a97d-d965ccfc6d4b" outcome="Passed" testListId="8c84fa94-04c1-424b-9868-57a2d4851a1d" relativeResultsDirectory="1690cbaf-9815-448f-b018-faa9569b38b7">
    </UnitTestResult>
    <UnitTestResult executionId="d3f440c9-f67d-46c3-be9c-f27c6b6e312a" testId="e714817d-ce86-8716-57bb-b981b1597240" testName="should_not_hunt_if_user_is_not_at_zombie_pack_longitude" computerName="JUSTIN-LAPTOP" duration="00:00:00.0089018" startTime="2010-10-17T14:33:03.5392662-05:00" endTime="2010-10-17T14:33:03.5542670-05:00" testType="13cdc9d9-ddb5-4fa4-a97d-d965ccfc6d4b" outcome="Passed" testListId="8c84fa94-04c1-424b-9868-57a2d4851a1d" relativeResultsDirectory="d3f440c9-f67d-46c3-be9c-f27c6b6e312a">
    </UnitTestResult>
    <UnitTestResult executionId="b59313a0-2f73-43c8-ad53-f391642b5923" testId="e731ae20-c844-7455-5d52-ca6eb82eb8c1" testName="should_return_achievement_for_killing_10_zombies" computerName="JUSTIN-LAPTOP" duration="00:00:00.0014178" startTime="2010-10-17T14:33:03.5562671-05:00" endTime="2010-10-17T14:33:03.5652677-05:00" testType="13cdc9d9-ddb5-4fa4-a97d-d965ccfc6d4b" outcome="Passed" testListId="8c84fa94-04c1-424b-9868-57a2d4851a1d" relativeResultsDirectory="b59313a0-2f73-43c8-ad53-f391642b5923">
    </UnitTestResult>
    <UnitTestResult executionId="6177a952-e255-4f42-b104-69c9ba6dd50f" testId="e9706036-01bc-4fd1-60c9-f67ac8f10adb" testName="should_disregard_one_use_items_that_can_be_bought" computerName="JUSTIN-LAPTOP" duration="00:00:00.0070840" startTime="2010-10-17T14:33:03.5662677-05:00" endTime="2010-10-17T14:33:03.5772683-05:00" testType="13cdc9d9-ddb5-4fa4-a97d-d965ccfc6d4b" outcome="Passed" testListId="8c84fa94-04c1-424b-9868-57a2d4851a1d" relativeResultsDirectory="6177a952-e255-4f42-b104-69c9ba6dd50f">
    </UnitTestResult>
    <UnitTestResult executionId="79fac63e-0369-4bc7-9d74-92d42dad539b" testId="e9fab572-8fef-43db-2f81-87bc2fbad50f" testName="should_save_item" computerName="JUSTIN-LAPTOP" duration="00:00:00.0162407" startTime="2010-10-17T14:33:03.5792685-05:00" endTime="2010-10-17T14:33:03.6002697-05:00" testType="13cdc9d9-ddb5-4fa4-a97d-d965ccfc6d4b" outcome="Passed" testListId="8c84fa94-04c1-424b-9868-57a2d4851a1d" relativeResultsDirectory="79fac63e-0369-4bc7-9d74-92d42dad539b">
    </UnitTestResult>
    <UnitTestResult executionId="7f19c025-f717-4985-a5d2-bea1584960db" testId="ea325b6e-c3ab-3827-d099-c8e61f5a4b92" testName="should_save_user_sight_radius" computerName="JUSTIN-LAPTOP" duration="00:00:00.0204205" startTime="2010-10-17T14:33:03.6012697-05:00" endTime="2010-10-17T14:33:03.6262711-05:00" testType="13cdc9d9-ddb5-4fa4-a97d-d965ccfc6d4b" outcome="Passed" testListId="8c84fa94-04c1-424b-9868-57a2d4851a1d" relativeResultsDirectory="7f19c025-f717-4985-a5d2-bea1584960db">
    </UnitTestResult>
    <UnitTestResult executionId="bbab0438-4050-4288-8197-c4c1d5b338d3" testId="eaf1ea02-9828-2113-565b-2356e5e99e6b" testName="should_disregard_if_store_does_not_exist" computerName="JUSTIN-LAPTOP" duration="00:00:00.0112751" startTime="2010-10-17T14:33:03.6282713-05:00" endTime="2010-10-17T14:33:03.6452722-05:00" testType="13cdc9d9-ddb5-4fa4-a97d-d965ccfc6d4b" outcome="Passed" testListId="8c84fa94-04c1-424b-9868-57a2d4851a1d" relativeResultsDirectory="bbab0438-4050-4288-8197-c4c1d5b338d3">
    </UnitTestResult>
    <UnitTestResult executionId="4dcdc443-4827-4870-b8b5-75d196e4f616" testId="eb7106dc-eb88-ec99-7bfd-0b16f51297ea" testName="should_increment_accumulated_money" computerName="JUSTIN-LAPTOP" duration="00:00:00.0186164" startTime="2010-10-17T14:33:03.6462723-05:00" endTime="2010-10-17T14:33:03.6702737-05:00" testType="13cdc9d9-ddb5-4fa4-a97d-d965ccfc6d4b" outcome="Passed" testListId="8c84fa94-04c1-424b-9868-57a2d4851a1d" relativeResultsDirectory="4dcdc443-4827-4870-b8b5-75d196e4f616">
    </UnitTestResult>
    <UnitTestResult executionId="89a7c4d6-63df-473c-9c50-dc706d8d6dac" testId="ec86a5c7-025b-b62c-fbf3-4b0194192c0a" testName="should_throw_exception_if_update_on_last_visit_hotzone_is_done_on_user_that_doest_exist" computerName="JUSTIN-LAPTOP" duration="00:00:00.0213196" startTime="2010-10-17T14:33:03.6712737-05:00" endTime="2010-10-17T14:33:03.6982753-05:00" testType="13cdc9d9-ddb5-4fa4-a97d-d965ccfc6d4b" outcome="Passed" testListId="8c84fa94-04c1-424b-9868-57a2d4851a1d" relativeResultsDirectory="89a7c4d6-63df-473c-9c50-dc706d8d6dac">
    </UnitTestResult>
    <UnitTestResult executionId="ca5c4891-e7aa-410b-b7a2-9de3f53fcccd" testId="ed27cc8b-f076-d5ca-e1a7-e11e80ed7216" testName="the_attack_for_determinging_zombie_pack_difficulty_should_be_1" computerName="JUSTIN-LAPTOP" duration="00:00:00.0202600" startTime="2010-10-17T14:33:03.6992753-05:00" endTime="2010-10-17T14:33:03.7242768-05:00" testType="13cdc9d9-ddb5-4fa4-a97d-d965ccfc6d4b" outcome="Passed" testListId="8c84fa94-04c1-424b-9868-57a2d4851a1d" relativeResultsDirectory="ca5c4891-e7aa-410b-b7a2-9de3f53fcccd">
    </UnitTestResult>
    <UnitTestResult executionId="1feadd32-f7fe-4876-a418-bc3137232c71" testId="ef0ae882-4dcb-0302-71db-13ab90020039" testName="should_update_users_base_energy" computerName="JUSTIN-LAPTOP" duration="00:00:00.0240808" startTime="2010-10-17T14:33:03.7252768-05:00" endTime="2010-10-17T14:33:03.7542785-05:00" testType="13cdc9d9-ddb5-4fa4-a97d-d965ccfc6d4b" outcome="Passed" testListId="8c84fa94-04c1-424b-9868-57a2d4851a1d" relativeResultsDirectory="1feadd32-f7fe-4876-a418-bc3137232c71">
    </UnitTestResult>
    <UnitTestResult executionId="4a507845-8665-4139-a854-31d74d6b0f2b" testId="ef68a9ee-23ea-2d7b-e344-622c97db6fd2" testName="should_return_false_if_user_does_not_have_item" computerName="JUSTIN-LAPTOP" duration="00:00:00.0261417" startTime="2010-10-17T14:33:03.7552785-05:00" endTime="2010-10-17T14:33:03.7862803-05:00" testType="13cdc9d9-ddb5-4fa4-a97d-d965ccfc6d4b" outcome="Passed" testListId="8c84fa94-04c1-424b-9868-57a2d4851a1d" relativeResultsDirectory="4a507845-8665-4139-a854-31d74d6b0f2b">
    </UnitTestResult>
    <UnitTestResult executionId="1e522c77-0e6d-4494-a525-7570faa8f5d5" testId="efd3fdf9-6214-c49f-4a2b-bfb2fe87d588" testName="should_return_last_saved_sight_radius_for_user" computerName="JUSTIN-LAPTOP" duration="00:00:00.0190269" startTime="2010-10-17T14:33:03.7872804-05:00" endTime="2010-10-17T14:33:03.8102817-05:00" testType="13cdc9d9-ddb5-4fa4-a97d-d965ccfc6d4b" outcome="Passed" testListId="8c84fa94-04c1-424b-9868-57a2d4851a1d" relativeResultsDirectory="1e522c77-0e6d-4494-a525-7570faa8f5d5">
    </UnitTestResult>
    <UnitTestResult executionId="7171f829-bc56-4f9b-838d-d2c0dc9ffebd" testId="f0a78964-7df7-6d28-3ebe-f82c2151fafb" testName="should_return_calcuated_energy_for_user_based_on_minutes_passed_since_last_saved_energy" computerName="JUSTIN-LAPTOP" duration="00:00:00.0068376" startTime="2010-10-17T14:33:03.8122818-05:00" endTime="2010-10-17T14:33:03.8232824-05:00" testType="13cdc9d9-ddb5-4fa4-a97d-d965ccfc6d4b" outcome="Passed" testListId="8c84fa94-04c1-424b-9868-57a2d4851a1d" relativeResultsDirectory="7171f829-bc56-4f9b-838d-d2c0dc9ffebd">
    </UnitTestResult>
    <UnitTestResult executionId="2c93b6b6-a4cb-422d-b6c4-36e0193b282f" testId="f171bbe9-81e2-ed24-643d-8a7305f52326" testName="should_return_null_for_last_saved_sight_radius_if_user_does_not_exist" computerName="JUSTIN-LAPTOP" duration="00:00:00.0188203" startTime="2010-10-17T14:33:03.8242825-05:00" endTime="2010-10-17T14:33:03.8482838-05:00" testType="13cdc9d9-ddb5-4fa4-a97d-d965ccfc6d4b" outcome="Passed" testListId="8c84fa94-04c1-424b-9868-57a2d4851a1d" relativeResultsDirectory="2c93b6b6-a4cb-422d-b6c4-36e0193b282f">
    </UnitTestResult>
    <UnitTestResult executionId="d9bf5368-1811-4502-855c-f4f6109b5259" testId="f3417486-69dc-de2a-dd50-52fd43d006f5" testName="should_remove_safe_house_item" computerName="JUSTIN-LAPTOP" duration="00:00:00.0396962" startTime="2010-10-17T14:33:03.8502840-05:00" endTime="2010-10-17T14:33:03.8952865-05:00" testType="13cdc9d9-ddb5-4fa4-a97d-d965ccfc6d4b" outcome="Passed" testListId="8c84fa94-04c1-424b-9868-57a2d4851a1d" relativeResultsDirectory="d9bf5368-1811-4502-855c-f4f6109b5259">
    </UnitTestResult>
    <UnitTestResult executionId="5f886825-800b-416e-b355-48d14af78958" testId="f395261d-5bed-0fbe-8f0d-91e27b638206" testName="should_calculate_miles_between_two_points" computerName="JUSTIN-LAPTOP" duration="00:00:00.0012087" startTime="2010-10-17T14:33:03.8962866-05:00" endTime="2010-10-17T14:33:03.9022869-05:00" testType="13cdc9d9-ddb5-4fa4-a97d-d965ccfc6d4b" outcome="Passed" testListId="8c84fa94-04c1-424b-9868-57a2d4851a1d" relativeResultsDirectory="5f886825-800b-416e-b355-48d14af78958">
    </UnitTestResult>
    <UnitTestResult executionId="eb22c570-e516-40d3-a928-de3bb84be12b" testId="f3fa3c96-f413-1277-0bee-c65969207b6c" testName="should_increment_zombies_killed_for_user" computerName="JUSTIN-LAPTOP" duration="00:00:00.0193556" startTime="2010-10-17T14:33:03.9032870-05:00" endTime="2010-10-17T14:33:03.9272884-05:00" testType="13cdc9d9-ddb5-4fa4-a97d-d965ccfc6d4b" outcome="Passed" testListId="8c84fa94-04c1-424b-9868-57a2d4851a1d" relativeResultsDirectory="eb22c570-e516-40d3-a928-de3bb84be12b">
    </UnitTestResult>
    <UnitTestResult executionId="f85d3d94-3aa2-4ca5-a025-2cfa4489c43a" testId="f503de55-2c95-f110-a46c-919d6f50e064" testName="should_return_achievement_for_destroying_hotzone" computerName="JUSTIN-LAPTOP" duration="00:00:00.0014121" startTime="2010-10-17T14:33:03.9292885-05:00" endTime="2010-10-17T14:33:03.9352888-05:00" testType="13cdc9d9-ddb5-4fa4-a97d-d965ccfc6d4b" outcome="Passed" testListId="8c84fa94-04c1-424b-9868-57a2d4851a1d" relativeResultsDirectory="f85d3d94-3aa2-4ca5-a025-2cfa4489c43a">
    </UnitTestResult>
    <UnitTestResult executionId="d4eac8b8-7c5a-42c4-a7ae-a8fda64ae055" testId="f5ca8613-0214-ec34-e723-d1095b6a17b4" testName="the_starting_location_should_be_saved" computerName="JUSTIN-LAPTOP" duration="00:00:00.0208419" startTime="2010-10-17T14:33:03.9372889-05:00" endTime="2010-10-17T14:33:03.9622904-05:00" testType="13cdc9d9-ddb5-4fa4-a97d-d965ccfc6d4b" outcome="Passed" testListId="8c84fa94-04c1-424b-9868-57a2d4851a1d" relativeResultsDirectory="d4eac8b8-7c5a-42c4-a7ae-a8fda64ae055">
    </UnitTestResult>
    <UnitTestResult executionId="0f768844-ccff-493c-aacf-99fa84be81da" testId="f6ae9d1e-5852-50cb-8378-e1ac4634a91b" testName="should_return_0_for_base_energy" computerName="JUSTIN-LAPTOP" duration="00:00:00.0205514" startTime="2010-10-17T14:33:03.9642905-05:00" endTime="2010-10-17T14:33:03.9892919-05:00" testType="13cdc9d9-ddb5-4fa4-a97d-d965ccfc6d4b" outcome="Passed" testListId="8c84fa94-04c1-424b-9868-57a2d4851a1d" relativeResultsDirectory="0f768844-ccff-493c-aacf-99fa84be81da">
    </UnitTestResult>
    <UnitTestResult executionId="c5ce18c6-739b-42af-8220-8bec2f7dee2a" testId="f6ef8399-e04f-58b6-2ee9-2d40209a41f1" testName="should_truncate_seconds_and_milliseconds_from_times_that_are_being_used_for_calculating_sight_radius" computerName="JUSTIN-LAPTOP" duration="00:00:00.0062978" startTime="2010-10-17T14:33:03.9902920-05:00" endTime="2010-10-17T14:33:04.0012926-05:00" testType="13cdc9d9-ddb5-4fa4-a97d-d965ccfc6d4b" outcome="Passed" testListId="8c84fa94-04c1-424b-9868-57a2d4851a1d" relativeResultsDirectory="c5ce18c6-739b-42af-8220-8bec2f7dee2a">
    </UnitTestResult>
    <UnitTestResult executionId="b76e4933-9b29-4279-a69c-58c2ea0eb0c0" testId="f9b81dce-55e1-263a-0b23-09249cae8cd4" testName="should_return_correct_base_attack_power_for_given_level" computerName="JUSTIN-LAPTOP" duration="00:00:00.0005117" startTime="2010-10-17T14:33:04.0022927-05:00" endTime="2010-10-17T14:33:04.0092931-05:00" testType="13cdc9d9-ddb5-4fa4-a97d-d965ccfc6d4b" outcome="Passed" testListId="8c84fa94-04c1-424b-9868-57a2d4851a1d" relativeResultsDirectory="b76e4933-9b29-4279-a69c-58c2ea0eb0c0">
    </UnitTestResult>
    <UnitTestResult executionId="e595fe6e-881f-489a-ab68-f9856f1b75fa" testId="f9c3b8d4-44eb-d441-d7b4-5980f2089bf1" testName="should_save_user_item_in_safe_house" computerName="JUSTIN-LAPTOP" duration="00:00:00.0366903" startTime="2010-10-17T14:33:04.0102931-05:00" endTime="2010-10-17T14:33:04.0542956-05:00" testType="13cdc9d9-ddb5-4fa4-a97d-d965ccfc6d4b" outcome="Passed" testListId="8c84fa94-04c1-424b-9868-57a2d4851a1d" relativeResultsDirectory="e595fe6e-881f-489a-ab68-f9856f1b75fa">
    </UnitTestResult>
    <UnitTestResult executionId="ff411446-c28d-4fa1-9423-6f237c436ba3" testId="facd1619-809e-3892-1c5d-a369458909c6" testName="should_throw_error_if_user_does_not_exist" computerName="JUSTIN-LAPTOP" duration="00:00:00.0266689" startTime="2010-10-17T14:33:04.0562957-05:00" endTime="2010-10-17T14:33:04.0882976-05:00" testType="13cdc9d9-ddb5-4fa4-a97d-d965ccfc6d4b" outcome="Passed" testListId="8c84fa94-04c1-424b-9868-57a2d4851a1d" relativeResultsDirectory="ff411446-c28d-4fa1-9423-6f237c436ba3">
    </UnitTestResult>
    <UnitTestResult executionId="56b5f310-a6b5-45fd-b86d-1d09aeee150d" testId="fb8ca09b-7f12-89fe-19bf-bcebd7198872" testName="should_retrieve_user_current_item_slot_capacity" computerName="JUSTIN-LAPTOP" duration="00:00:00.0203244" startTime="2010-10-17T14:33:04.0902977-05:00" endTime="2010-10-17T14:33:04.1162992-05:00" testType="13cdc9d9-ddb5-4fa4-a97d-d965ccfc6d4b" outcome="Passed" testListId="8c84fa94-04c1-424b-9868-57a2d4851a1d" relativeResultsDirectory="56b5f310-a6b5-45fd-b86d-1d09aeee150d">
    </UnitTestResult>
    <UnitTestResult executionId="d1d89c97-c805-4c6b-8e03-27b388204f71" testId="fda20422-40a9-5283-8a02-f548ab2ba5fd" testName="should_disregard_if_safe_house_does_not_exist" computerName="JUSTIN-LAPTOP" duration="00:00:00.0068882" startTime="2010-10-17T14:33:04.1192993-05:00" endTime="2010-10-17T14:33:04.1323001-05:00" testType="13cdc9d9-ddb5-4fa4-a97d-d965ccfc6d4b" outcome="Passed" testListId="8c84fa94-04c1-424b-9868-57a2d4851a1d" relativeResultsDirectory="d1d89c97-c805-4c6b-8e03-27b388204f71">
    </UnitTestResult>
  </Results>
</TestRun>