<?xml version="1.0" encoding="UTF-8"?>
<TestRun id="e2344410-7773-4705-96ae-422a1a802116" name="Justin@JUSTIN-LAPTOP 2010-10-17 14:29:29" runUser="Justin-Laptop\Justin" xmlns="http://microsoft.com/schemas/VisualStudio/TeamTest/2010">
  <TestSettings name="Local" id="ea36617e-255b-41c6-a9d8-bdc56b785769">
    <Description>These are default test settings for a local test run.</Description>
    <Deployment runDeploymentRoot="Justin_JUSTIN-LAPTOP 2010-10-17 14_29_29">
      <DeploymentItem filename="C:\Projects\UndeadEarth\UndeadEarth.Model\bin\Debug\UndeadEarth.Model.dll" />
      <DeploymentItem filename="C:\Projects\UndeadEarth\External Assemblies\Microsoft.Practices.ObjectBuilder2.dll" />
      <DeploymentItem filename="C:\Projects\UndeadEarth\UndeadEarth.Dal\bin\Debug\UndeadEarth.Dal.dll" />
      <DeploymentItem filename="C:\Projects\UndeadEarth\External Assemblies\Microsoft.Practices.Unity.dll" />
      <DeploymentItem filename="C:\Projects\UndeadEarth\External Assemblies\Microsoft.Practices.Unity.Configuration.dll" />
      <DeploymentItem filename="C:\Projects\UndeadEarth\UndeadEarth.Contract\bin\Debug\UndeadEarth.Contract.dll" />
      <DeploymentItem filename="C:\Projects\UndeadEarth\External Assemblies\Moq.dll" />
    </Deployment>
    <Execution>
      <TestTypeSpecific>
        <UnitTestRunConfig testTypeId="13cdc9d9-ddb5-4fa4-a97d-d965ccfc6d4b">
          <AssemblyResolution>
            <TestDirectory useLoadContext="true" />
          </AssemblyResolution>
        </UnitTestRunConfig>
        <WebTestRunConfiguration testTypeId="4e7599fa-5ecb-43e9-a887-cd63cf72d207">
          <Browser name="Internet Explorer 7.0">
            <Headers>
              <Header name="User-Agent" value="Mozilla/4.0 (compatible; MSIE 7.0; Windows NT 5.1)" />
              <Header name="Accept" value="*/*" />
              <Header name="Accept-Language" value="{{$IEAcceptLanguage}}" />
              <Header name="Accept-Encoding" value="GZIP" />
            </Headers>
          </Browser>
        </WebTestRunConfiguration>
      </TestTypeSpecific>
      <AgentRule name="LocalMachineDefaultRole">
        <DataCollectors>
          <DataCollector uri="datacollector://microsoft/CodeCoverage/1.0" assemblyQualifiedName="Microsoft.VisualStudio.TestTools.CodeCoverage.CoveragePlugIn, Microsoft.VisualStudio.QualityTools.Plugins.CodeCoverage, Version=10.0.0.0, Culture=neutral, PublicKeyToken=b03f5f7f11d50a3a" friendlyName="Code Coverage">
            <Configuration>
              <CodeCoverage xmlns="">
                <Regular>
                  <CodeCoverageItem binaryFile="C:\Projects\UndeadEarth\UndeadEarth.Dal\bin\Debug\UndeadEarth.Dal.dll" pdbFile="C:\Projects\UndeadEarth\UndeadEarth.Dal\bin\Debug\UndeadEarth.Dal.instr.pdb" instrumentInPlace="true" />
                  <CodeCoverageItem binaryFile="C:\Projects\UndeadEarth\UndeadEarth.Model\bin\Debug\UndeadEarth.Model.dll" pdbFile="C:\Projects\UndeadEarth\UndeadEarth.Model\bin\Debug\UndeadEarth.Model.instr.pdb" instrumentInPlace="true" />
                  <CodeCoverageItem binaryFile="C:\Projects\UndeadEarth\UndeadEarth.Contract\bin\Debug\UndeadEarth.Contract.dll" pdbFile="C:\Projects\UndeadEarth\UndeadEarth.Contract\bin\Debug\UndeadEarth.Contract.instr.pdb" instrumentInPlace="true" />
                </Regular>
              </CodeCoverage>
            </Configuration>
          </DataCollector>
        </DataCollectors>
      </AgentRule>
    </Execution>
  </TestSettings>
  <Times creation="2010-10-17T14:29:29.2750110-05:00" queuing="2010-10-17T14:29:30.1060585-05:00" start="2010-10-17T14:29:30.2500667-05:00" finish="2010-10-17T14:29:41.4357065-05:00" />
  <ResultSummary outcome="Failed">
    <Counters total="314" executed="314" passed="312" error="0" failed="2" timeout="0" aborted="0" inconclusive="0" passedButRunAborted="0" notRunnable="0" notExecuted="0" disconnected="0" warning="0" completed="0" inProgress="0" pending="0" />
    <ResultFiles>
      <ResultFile path="JUSTIN-LAPTOP\data.coverage" />
    </ResultFiles>
  </ResultSummary>
  <TestDefinitions>
    <UnitTest name="should_return_hotzone_is_not_cleared_for_other_user" storage="c:\projects\undeadearth\undeadearth.test\bin\debug\undeadearth.test.dll" id="61f1fbc3-1b38-ec7e-962e-44e1959bccb8">
      <Execution id="0fca9bd1-8386-4142-a241-39a68c550acf" />
      <TestMethod codeBase="C:/Projects/UndeadEarth/UndeadEarth.Test/bin/Debug/UndeadEarth.Test.DLL" adapterTypeName="Microsoft.VisualStudio.TestTools.TestTypes.Unit.UnitTestAdapter, Microsoft.VisualStudio.QualityTools.Tips.UnitTest.Adapter, Version=10.0.0.0, Culture=neutral, PublicKeyToken=b03f5f7f11d50a3a" className="UndeadEarth.Test.Dal.when_determining_if_hotzones_is_cleared, UndeadEarth.Test, Version=1.0.0.0, Culture=neutral, PublicKeyToken=null" name="should_return_hotzone_is_not_cleared_for_other_user" />
    </UnitTest>
    <UnitTest name="should_throw_error_if_trying_to_update_user_attack_power_and_user_does_not_exist" storage="c:\projects\undeadearth\undeadearth.test\bin\debug\undeadearth.test.dll" id="7c9fa0fb-7cf0-12c6-f8da-d4fb82dffc47">
      <Execution id="91f724c4-c6de-4edf-999d-1bf9a96f7721" />
      <TestMethod codeBase="C:/Projects/UndeadEarth/UndeadEarth.Test/bin/Debug/UndeadEarth.Test.DLL" adapterTypeName="Microsoft.VisualStudio.TestTools.TestTypes.Unit.UnitTestAdapter, Microsoft.VisualStudio.QualityTools.Tips.UnitTest.Adapter, Version=10.0.0.0, Culture=neutral, PublicKeyToken=b03f5f7f11d50a3a" className="UndeadEarth.Test.Dal.when_saving_user, UndeadEarth.Test, Version=1.0.0.0, Culture=neutral, PublicKeyToken=null" name="should_throw_error_if_trying_to_update_user_attack_power_and_user_does_not_exist" />
    </UnitTest>
    <UnitTest name="should_start_with_energy_of_100" storage="c:\projects\undeadearth\undeadearth.test\bin\debug\undeadearth.test.dll" id="3b3489bf-140a-7d3d-ca59-73f946c71ab3">
      <Execution id="f9ab7666-7dae-418f-9b8c-3f5d4bc7548a" />
      <TestMethod codeBase="C:/Projects/UndeadEarth/UndeadEarth.Test/bin/Debug/UndeadEarth.Test.DLL" adapterTypeName="Microsoft.VisualStudio.TestTools.TestTypes.Unit.UnitTestAdapter, Microsoft.VisualStudio.QualityTools.Tips.UnitTest.Adapter, Version=10.0.0.0, Culture=neutral, PublicKeyToken=b03f5f7f11d50a3a" className="UndeadEarth.Test.Model.when_creating_user, UndeadEarth.Test, Version=1.0.0.0, Culture=neutral, PublicKeyToken=null" name="should_start_with_energy_of_100" />
    </UnitTest>
    <UnitTest name="should_decrement_the_zombies_left_in_a_zombie_pack_after_a_hunt" storage="c:\projects\undeadearth\undeadearth.test\bin\debug\undeadearth.test.dll" id="799c0d6a-4d65-290e-a185-a723c64e9bd5">
      <Execution id="43e236bb-8c30-4a66-b228-43a35be1b62b" />
      <TestMethod codeBase="C:/Projects/UndeadEarth/UndeadEarth.Test/bin/Debug/UndeadEarth.Test.DLL" adapterTypeName="Microsoft.VisualStudio.TestTools.TestTypes.Unit.UnitTestAdapter, Microsoft.VisualStudio.QualityTools.Tips.UnitTest.Adapter, Version=10.0.0.0, Culture=neutral, PublicKeyToken=b03f5f7f11d50a3a" className="UndeadEarth.Test.Model.when_hunting_for_zombies, UndeadEarth.Test, Version=1.0.0.0, Culture=neutral, PublicKeyToken=null" name="should_decrement_the_zombies_left_in_a_zombie_pack_after_a_hunt" />
    </UnitTest>
    <UnitTest name="should_return_attack_power_along_with_any_attack_power_increase_from_multiple_safehouse_items_and_user_has_no_money" storage="c:\projects\undeadearth\undeadearth.test\bin\debug\undeadearth.test.dll" id="c85e6447-a3ca-1d12-8c38-f937a72eca57">
      <Execution id="d0c0dded-18cb-41d1-8327-2b8a4fb697cc" />
      <TestMethod codeBase="C:/Projects/UndeadEarth/UndeadEarth.Test/bin/Debug/UndeadEarth.Test.DLL" adapterTypeName="Microsoft.VisualStudio.TestTools.TestTypes.Unit.UnitTestAdapter, Microsoft.VisualStudio.QualityTools.Tips.UnitTest.Adapter, Version=10.0.0.0, Culture=neutral, PublicKeyToken=b03f5f7f11d50a3a" className="UndeadEarth.Test.Model.when_determining_users_max_potential_attack_power, UndeadEarth.Test, Version=1.0.0.0, Culture=neutral, PublicKeyToken=null" name="should_return_attack_power_along_with_any_attack_power_increase_from_multiple_safehouse_items_and_user_has_no_money" />
    </UnitTest>
    <UnitTest name="should_hunt_if_users_has_enough_energy" storage="c:\projects\undeadearth\undeadearth.test\bin\debug\undeadearth.test.dll" id="10dff579-2252-675a-f00d-0bb39990c8c6">
      <Execution id="6c9aa967-be6f-4b73-aa62-a8d8ab00f272" />
      <TestMethod codeBase="C:/Projects/UndeadEarth/UndeadEarth.Test/bin/Debug/UndeadEarth.Test.DLL" adapterTypeName="Microsoft.VisualStudio.TestTools.TestTypes.Unit.UnitTestAdapter, Microsoft.VisualStudio.QualityTools.Tips.UnitTest.Adapter, Version=10.0.0.0, Culture=neutral, PublicKeyToken=b03f5f7f11d50a3a" className="UndeadEarth.Test.Model.when_hunting_for_zombies, UndeadEarth.Test, Version=1.0.0.0, Culture=neutral, PublicKeyToken=null" name="should_hunt_if_users_has_enough_energy" />
    </UnitTest>
    <UnitTest name="should_return_zero_for_attack_power_if_user_does_not_exist" storage="c:\projects\undeadearth\undeadearth.test\bin\debug\undeadearth.test.dll" id="bb35c303-68f9-bb58-ec6c-79aa0b063947">
      <Execution id="6b721d4c-5fbd-4014-8593-843caf745bb8" />
      <TestMethod codeBase="C:/Projects/UndeadEarth/UndeadEarth.Test/bin/Debug/UndeadEarth.Test.DLL" adapterTypeName="Microsoft.VisualStudio.TestTools.TestTypes.Unit.UnitTestAdapter, Microsoft.VisualStudio.QualityTools.Tips.UnitTest.Adapter, Version=10.0.0.0, Culture=neutral, PublicKeyToken=b03f5f7f11d50a3a" className="UndeadEarth.Test.Model.when_retrieving_user_attack_power, UndeadEarth.Test, Version=1.0.0.0, Culture=neutral, PublicKeyToken=null" name="should_return_zero_for_attack_power_if_user_does_not_exist" />
    </UnitTest>
    <UnitTest name="should_set_last_saved_energy_to_max_energy_if_last_saved_energy_does_not_exist" storage="c:\projects\undeadearth\undeadearth.test\bin\debug\undeadearth.test.dll" id="3bf90928-3e3e-817d-0c2a-b114432020ae">
      <Execution id="c396e0b2-d840-4948-af02-2fd4cba76c59" />
      <TestMethod codeBase="C:/Projects/UndeadEarth/UndeadEarth.Test/bin/Debug/UndeadEarth.Test.DLL" adapterTypeName="Microsoft.VisualStudio.TestTools.TestTypes.Unit.UnitTestAdapter, Microsoft.VisualStudio.QualityTools.Tips.UnitTest.Adapter, Version=10.0.0.0, Culture=neutral, PublicKeyToken=b03f5f7f11d50a3a" className="UndeadEarth.Test.Model.when_determining_users_current_energy, UndeadEarth.Test, Version=1.0.0.0, Culture=neutral, PublicKeyToken=null" name="should_set_last_saved_energy_to_max_energy_if_last_saved_energy_does_not_exist" />
    </UnitTest>
    <UnitTest name="should_return_achievement_for_collecting_10000_dollars" storage="c:\projects\undeadearth\undeadearth.test\bin\debug\undeadearth.test.dll" id="166bc0da-4e9a-a151-a5ee-18d3adcd0291">
      <Execution id="d602d36c-2d1a-47db-9510-3d7b93e8bd5a" />
      <TestMethod codeBase="C:/Projects/UndeadEarth/UndeadEarth.Test/bin/Debug/UndeadEarth.Test.DLL" adapterTypeName="Microsoft.VisualStudio.TestTools.TestTypes.Unit.UnitTestAdapter, Microsoft.VisualStudio.QualityTools.Tips.UnitTest.Adapter, Version=10.0.0.0, Culture=neutral, PublicKeyToken=b03f5f7f11d50a3a" className="UndeadEarth.Test.Model.when_retrieving_achievements, UndeadEarth.Test, Version=1.0.0.0, Culture=neutral, PublicKeyToken=null" name="should_return_achievement_for_collecting_10000_dollars" />
    </UnitTest>
    <UnitTest name="should_return_items_below_a_given_prices" storage="c:\projects\undeadearth\undeadearth.test\bin\debug\undeadearth.test.dll" id="2d393202-3b6b-ea77-5db0-849ebdcd5101">
      <Execution id="05cc130a-6302-4689-8c07-a2732d1eb9d0" />
      <TestMethod codeBase="C:/Projects/UndeadEarth/UndeadEarth.Test/bin/Debug/UndeadEarth.Test.DLL" adapterTypeName="Microsoft.VisualStudio.TestTools.TestTypes.Unit.UnitTestAdapter, Microsoft.VisualStudio.QualityTools.Tips.UnitTest.Adapter, Version=10.0.0.0, Culture=neutral, PublicKeyToken=b03f5f7f11d50a3a" className="UndeadEarth.Test.Dal.when_retrieving_items, UndeadEarth.Test, Version=1.0.0.0, Culture=neutral, PublicKeyToken=null" name="should_return_items_below_a_given_prices" />
    </UnitTest>
    <UnitTest name="should_remove_user_item" storage="c:\projects\undeadearth\undeadearth.test\bin\debug\undeadearth.test.dll" id="24c64596-5cab-4a6f-68a2-2b1dbc11b2be">
      <Execution id="80b65c98-a533-400f-a7f7-97981f6abfc7" />
      <TestMethod codeBase="C:/Projects/UndeadEarth/UndeadEarth.Test/bin/Debug/UndeadEarth.Test.DLL" adapterTypeName="Microsoft.VisualStudio.TestTools.TestTypes.Unit.UnitTestAdapter, Microsoft.VisualStudio.QualityTools.Tips.UnitTest.Adapter, Version=10.0.0.0, Culture=neutral, PublicKeyToken=b03f5f7f11d50a3a" className="UndeadEarth.Test.Dal.when_retrieving_items, UndeadEarth.Test, Version=1.0.0.0, Culture=neutral, PublicKeyToken=null" name="should_remove_user_item" />
    </UnitTest>
    <UnitTest name="should_return_if_item_does_not_exist" storage="c:\projects\undeadearth\undeadearth.test\bin\debug\undeadearth.test.dll" id="592a8210-389c-d154-bfaf-1570717dbd73">
      <Execution id="a4c4ed4a-7fef-4997-beb8-51a9c0181051" />
      <TestMethod codeBase="C:/Projects/UndeadEarth/UndeadEarth.Test/bin/Debug/UndeadEarth.Test.DLL" adapterTypeName="Microsoft.VisualStudio.TestTools.TestTypes.Unit.UnitTestAdapter, Microsoft.VisualStudio.QualityTools.Tips.UnitTest.Adapter, Version=10.0.0.0, Culture=neutral, PublicKeyToken=b03f5f7f11d50a3a" className="UndeadEarth.Test.Model.when_using_items, UndeadEarth.Test, Version=1.0.0.0, Culture=neutral, PublicKeyToken=null" name="should_return_if_item_does_not_exist" />
    </UnitTest>
    <UnitTest name="should_mark_zombie_pack_as_destroyed_if_the_hunt_destroyed_the_last_zombie" storage="c:\projects\undeadearth\undeadearth.test\bin\debug\undeadearth.test.dll" id="353e37f8-b3ee-d1bc-48f1-1354650acd50">
      <Execution id="746a19e0-0fbc-4bc4-b45d-67d020754626" />
      <TestMethod codeBase="C:/Projects/UndeadEarth/UndeadEarth.Test/bin/Debug/UndeadEarth.Test.DLL" adapterTypeName="Microsoft.VisualStudio.TestTools.TestTypes.Unit.UnitTestAdapter, Microsoft.VisualStudio.QualityTools.Tips.UnitTest.Adapter, Version=10.0.0.0, Culture=neutral, PublicKeyToken=b03f5f7f11d50a3a" className="UndeadEarth.Test.Model.when_hunting_for_zombies, UndeadEarth.Test, Version=1.0.0.0, Culture=neutral, PublicKeyToken=null" name="should_mark_zombie_pack_as_destroyed_if_the_hunt_destroyed_the_last_zombie" />
    </UnitTest>
    <UnitTest name="should_disregard_if_user_has_max_items_already" storage="c:\projects\undeadearth\undeadearth.test\bin\debug\undeadearth.test.dll" id="c3a4535b-76d1-c39a-2397-114110fb9661">
      <Execution id="57a42ba0-79f1-4c07-bf8a-2308658df698" />
      <TestMethod codeBase="C:/Projects/UndeadEarth/UndeadEarth.Test/bin/Debug/UndeadEarth.Test.DLL" adapterTypeName="Microsoft.VisualStudio.TestTools.TestTypes.Unit.UnitTestAdapter, Microsoft.VisualStudio.QualityTools.Tips.UnitTest.Adapter, Version=10.0.0.0, Culture=neutral, PublicKeyToken=b03f5f7f11d50a3a" className="UndeadEarth.Test.Model.when_buying_items_from_shop, UndeadEarth.Test, Version=1.0.0.0, Culture=neutral, PublicKeyToken=null" name="should_disregard_if_user_has_max_items_already" />
    </UnitTest>
    <UnitTest name="should_return_zero_if_distance_is_null" storage="c:\projects\undeadearth\undeadearth.test\bin\debug\undeadearth.test.dll" id="cb80e7a8-021c-5d6c-c831-c1f7e461a27c">
      <Execution id="16ae4e65-60a0-4963-8040-06c32f2361fc" />
      <TestMethod codeBase="C:/Projects/UndeadEarth/UndeadEarth.Test/bin/Debug/UndeadEarth.Test.DLL" adapterTypeName="Microsoft.VisualStudio.TestTools.TestTypes.Unit.UnitTestAdapter, Microsoft.VisualStudio.QualityTools.Tips.UnitTest.Adapter, Version=10.0.0.0, Culture=neutral, PublicKeyToken=b03f5f7f11d50a3a" className="UndeadEarth.Test.Dal.when_retrieving_items, UndeadEarth.Test, Version=1.0.0.0, Culture=neutral, PublicKeyToken=null" name="should_return_zero_if_distance_is_null" />
    </UnitTest>
    <UnitTest name="should_decrement_number_of_zombies_by_users_attack_power_on_successful_hunt" storage="c:\projects\undeadearth\undeadearth.test\bin\debug\undeadearth.test.dll" id="d646a28e-30d8-4c55-0af1-38d31ab16a6a">
      <Execution id="f77c2077-2681-434f-830c-0f994a94d8c5" />
      <TestMethod codeBase="C:/Projects/UndeadEarth/UndeadEarth.Test/bin/Debug/UndeadEarth.Test.DLL" adapterTypeName="Microsoft.VisualStudio.TestTools.TestTypes.Unit.UnitTestAdapter, Microsoft.VisualStudio.QualityTools.Tips.UnitTest.Adapter, Version=10.0.0.0, Culture=neutral, PublicKeyToken=b03f5f7f11d50a3a" className="UndeadEarth.Test.Model.when_hunting_for_zombies, UndeadEarth.Test, Version=1.0.0.0, Culture=neutral, PublicKeyToken=null" name="should_decrement_number_of_zombies_by_users_attack_power_on_successful_hunt" />
    </UnitTest>
    <UnitTest name="should_throw_error_for_saving_last_energy_if_user_does_not_exist" storage="c:\projects\undeadearth\undeadearth.test\bin\debug\undeadearth.test.dll" id="241aa01b-d31a-aa87-10ed-03e9fc36dd2d">
      <Execution id="df72b015-faa8-459c-b09b-de6f241c8e34" />
      <TestMethod codeBase="C:/Projects/UndeadEarth/UndeadEarth.Test/bin/Debug/UndeadEarth.Test.DLL" adapterTypeName="Microsoft.VisualStudio.TestTools.TestTypes.Unit.UnitTestAdapter, Microsoft.VisualStudio.QualityTools.Tips.UnitTest.Adapter, Version=10.0.0.0, Culture=neutral, PublicKeyToken=b03f5f7f11d50a3a" className="UndeadEarth.Test.Dal.when_saving_user_sight_radius, UndeadEarth.Test, Version=1.0.0.0, Culture=neutral, PublicKeyToken=null" name="should_throw_error_for_saving_last_energy_if_user_does_not_exist" />
    </UnitTest>
    <UnitTest name="should_return_base_attack_power_if_user_does_not_have_any_money_and_no_items_in_safehouse" storage="c:\projects\undeadearth\undeadearth.test\bin\debug\undeadearth.test.dll" id="43a1b4c2-5164-126a-d787-254e51bf5cb0">
      <Execution id="79028215-1882-4e90-a8a4-63f49beb104d" />
      <TestMethod codeBase="C:/Projects/UndeadEarth/UndeadEarth.Test/bin/Debug/UndeadEarth.Test.DLL" adapterTypeName="Microsoft.VisualStudio.TestTools.TestTypes.Unit.UnitTestAdapter, Microsoft.VisualStudio.QualityTools.Tips.UnitTest.Adapter, Version=10.0.0.0, Culture=neutral, PublicKeyToken=b03f5f7f11d50a3a" className="UndeadEarth.Test.Model.when_determining_users_max_potential_attack_power, UndeadEarth.Test, Version=1.0.0.0, Culture=neutral, PublicKeyToken=null" name="should_return_base_attack_power_if_user_does_not_have_any_money_and_no_items_in_safehouse" />
    </UnitTest>
    <UnitTest name="should_return_false_if_user_does_not_exist" storage="c:\projects\undeadearth\undeadearth.test\bin\debug\undeadearth.test.dll" id="441c5aa1-1be2-b7ff-84a3-c2712387e211">
      <Execution id="728b7a43-8d17-4cd9-ac09-702a5bbed0c3" />
      <TestMethod codeBase="C:/Projects/UndeadEarth/UndeadEarth.Test/bin/Debug/UndeadEarth.Test.DLL" adapterTypeName="Microsoft.VisualStudio.TestTools.TestTypes.Unit.UnitTestAdapter, Microsoft.VisualStudio.QualityTools.Tips.UnitTest.Adapter, Version=10.0.0.0, Culture=neutral, PublicKeyToken=b03f5f7f11d50a3a" className="UndeadEarth.Test.Dal.when_retrieving_user, UndeadEarth.Test, Version=1.0.0.0, Culture=neutral, PublicKeyToken=null" name="should_return_false_if_user_does_not_exist" />
    </UnitTest>
    <UnitTest name="should_insert_zombie_pack_progress_that_does_exist" storage="c:\projects\undeadearth\undeadearth.test\bin\debug\undeadearth.test.dll" id="17c9071b-a2b6-56fe-9dc6-b3135a8d71e5">
      <Execution id="037fc32f-f8a2-4aa8-85ae-cc76c7c705be" />
      <TestMethod codeBase="C:/Projects/UndeadEarth/UndeadEarth.Test/bin/Debug/UndeadEarth.Test.DLL" adapterTypeName="Microsoft.VisualStudio.TestTools.TestTypes.Unit.UnitTestAdapter, Microsoft.VisualStudio.QualityTools.Tips.UnitTest.Adapter, Version=10.0.0.0, Culture=neutral, PublicKeyToken=b03f5f7f11d50a3a" className="UndeadEarth.Test.Dal.when_saving_user_zombie_pack_progress, UndeadEarth.Test, Version=1.0.0.0, Culture=neutral, PublicKeyToken=null" name="should_insert_zombie_pack_progress_that_does_exist" />
    </UnitTest>
    <UnitTest name="should_return_users_base_energy_if_user_does_not_have_any_items" storage="c:\projects\undeadearth\undeadearth.test\bin\debug\undeadearth.test.dll" id="b9bdcc23-3882-fdc6-ae71-589fdcc2d732">
      <Execution id="3600c96b-da23-4c39-ad9d-740127beeaf4" />
      <TestMethod codeBase="C:/Projects/UndeadEarth/UndeadEarth.Test/bin/Debug/UndeadEarth.Test.DLL" adapterTypeName="Microsoft.VisualStudio.TestTools.TestTypes.Unit.UnitTestAdapter, Microsoft.VisualStudio.QualityTools.Tips.UnitTest.Adapter, Version=10.0.0.0, Culture=neutral, PublicKeyToken=b03f5f7f11d50a3a" className="UndeadEarth.Test.Model.when_determining_users_max_energy, UndeadEarth.Test, Version=1.0.0.0, Culture=neutral, PublicKeyToken=null" name="should_return_users_base_energy_if_user_does_not_have_any_items" />
    </UnitTest>
    <UnitTest name="should_return_false_if_hotzone_doesnt_exists" storage="c:\projects\undeadearth\undeadearth.test\bin\debug\undeadearth.test.dll" id="369b7a6d-08d3-f340-d283-f5ee6842f08e">
      <Execution id="dc259f85-eaa5-4037-8b7e-987b97a84262" />
      <TestMethod codeBase="C:/Projects/UndeadEarth/UndeadEarth.Test/bin/Debug/UndeadEarth.Test.DLL" adapterTypeName="Microsoft.VisualStudio.TestTools.TestTypes.Unit.UnitTestAdapter, Microsoft.VisualStudio.QualityTools.Tips.UnitTest.Adapter, Version=10.0.0.0, Culture=neutral, PublicKeyToken=b03f5f7f11d50a3a" className="UndeadEarth.Test.Dal.when_retrieving_hot_zones, UndeadEarth.Test, Version=1.0.0.0, Culture=neutral, PublicKeyToken=null" name="should_return_false_if_hotzone_doesnt_exists" />
    </UnitTest>
    <UnitTest name="should_return_achievement_for_traveling_10_miles" storage="c:\projects\undeadearth\undeadearth.test\bin\debug\undeadearth.test.dll" id="11ca7b9d-e2f9-e5ce-6eed-7e1247933dec">
      <Execution id="6e856187-1133-4541-aa50-ca5e64369592" />
      <TestMethod codeBase="C:/Projects/UndeadEarth/UndeadEarth.Test/bin/Debug/UndeadEarth.Test.DLL" adapterTypeName="Microsoft.VisualStudio.TestTools.TestTypes.Unit.UnitTestAdapter, Microsoft.VisualStudio.QualityTools.Tips.UnitTest.Adapter, Version=10.0.0.0, Culture=neutral, PublicKeyToken=b03f5f7f11d50a3a" className="UndeadEarth.Test.Model.when_retrieving_achievements, UndeadEarth.Test, Version=1.0.0.0, Culture=neutral, PublicKeyToken=null" name="should_return_achievement_for_traveling_10_miles" />
    </UnitTest>
    <UnitTest name="should_return_0_if_user_does_not_exist" storage="c:\projects\undeadearth\undeadearth.test\bin\debug\undeadearth.test.dll" id="24bc110f-ba75-2876-7218-d24fbd5282b6">
      <Execution id="fe9fa666-2a66-454c-b460-5e5354b75db3" />
      <TestMethod codeBase="C:/Projects/UndeadEarth/UndeadEarth.Test/bin/Debug/UndeadEarth.Test.DLL" adapterTypeName="Microsoft.VisualStudio.TestTools.TestTypes.Unit.UnitTestAdapter, Microsoft.VisualStudio.QualityTools.Tips.UnitTest.Adapter, Version=10.0.0.0, Culture=neutral, PublicKeyToken=b03f5f7f11d50a3a" className="UndeadEarth.Test.Model.when_determining_users_min_sight_radius, UndeadEarth.Test, Version=1.0.0.0, Culture=neutral, PublicKeyToken=null" name="should_return_0_if_user_does_not_exist" />
    </UnitTest>
    <UnitTest name="should_update_users_energy_based_on_distance_moved" storage="c:\projects\undeadearth\undeadearth.test\bin\debug\undeadearth.test.dll" id="7153296b-7930-7df3-3632-012c2eca18ad">
      <Execution id="3eee4b24-03d2-4fe7-8fe7-42bf64ff2636" />
      <TestMethod codeBase="C:/Projects/UndeadEarth/UndeadEarth.Test/bin/Debug/UndeadEarth.Test.DLL" adapterTypeName="Microsoft.VisualStudio.TestTools.TestTypes.Unit.UnitTestAdapter, Microsoft.VisualStudio.QualityTools.Tips.UnitTest.Adapter, Version=10.0.0.0, Culture=neutral, PublicKeyToken=b03f5f7f11d50a3a" className="UndeadEarth.Test.Model.when_moving_user, UndeadEarth.Test, Version=1.0.0.0, Culture=neutral, PublicKeyToken=null" name="should_update_users_energy_based_on_distance_moved" />
    </UnitTest>
    <UnitTest name="should_return_0_for_base_energy" storage="c:\projects\undeadearth\undeadearth.test\bin\debug\undeadearth.test.dll" id="f6ae9d1e-5852-50cb-8378-e1ac4634a91b">
      <Execution id="2065ea70-2877-4dd6-9312-ab2dc0767f6f" />
      <TestMethod codeBase="C:/Projects/UndeadEarth/UndeadEarth.Test/bin/Debug/UndeadEarth.Test.DLL" adapterTypeName="Microsoft.VisualStudio.TestTools.TestTypes.Unit.UnitTestAdapter, Microsoft.VisualStudio.QualityTools.Tips.UnitTest.Adapter, Version=10.0.0.0, Culture=neutral, PublicKeyToken=b03f5f7f11d50a3a" className="UndeadEarth.Test.Dal.when_retrieving_user_energy, UndeadEarth.Test, Version=1.0.0.0, Culture=neutral, PublicKeyToken=null" name="should_return_0_for_base_energy" />
    </UnitTest>
    <UnitTest name="should_throw_exception_when_returning_baseline_attack_power_for_user_that_doesnt_exist" storage="c:\projects\undeadearth\undeadearth.test\bin\debug\undeadearth.test.dll" id="7acb1219-a69e-e102-dd8e-4060793e7b6e">
      <Execution id="77c8921a-ebd7-430c-999e-21d8c15a5bab" />
      <TestMethod codeBase="C:/Projects/UndeadEarth/UndeadEarth.Test/bin/Debug/UndeadEarth.Test.DLL" adapterTypeName="Microsoft.VisualStudio.TestTools.TestTypes.Unit.UnitTestAdapter, Microsoft.VisualStudio.QualityTools.Tips.UnitTest.Adapter, Version=10.0.0.0, Culture=neutral, PublicKeyToken=b03f5f7f11d50a3a" className="UndeadEarth.Test.Dal.when_retrieving_user, UndeadEarth.Test, Version=1.0.0.0, Culture=neutral, PublicKeyToken=null" name="should_throw_exception_when_returning_baseline_attack_power_for_user_that_doesnt_exist" />
    </UnitTest>
    <UnitTest name="should_return_falise_if_user_zombie_pack_progress_does_not_exist" storage="c:\projects\undeadearth\undeadearth.test\bin\debug\undeadearth.test.dll" id="b60197de-ab24-075d-fbab-bf70fa600887">
      <Execution id="c4c9df3c-5c50-4e88-bb03-0595164de06a" />
      <TestMethod codeBase="C:/Projects/UndeadEarth/UndeadEarth.Test/bin/Debug/UndeadEarth.Test.DLL" adapterTypeName="Microsoft.VisualStudio.TestTools.TestTypes.Unit.UnitTestAdapter, Microsoft.VisualStudio.QualityTools.Tips.UnitTest.Adapter, Version=10.0.0.0, Culture=neutral, PublicKeyToken=b03f5f7f11d50a3a" className="UndeadEarth.Test.Dal.when_retrieving_user_zombie_pack_progress, UndeadEarth.Test, Version=1.0.0.0, Culture=neutral, PublicKeyToken=null" name="should_return_falise_if_user_zombie_pack_progress_does_not_exist" />
    </UnitTest>
    <UnitTest name="should_return_achievement_for_destroying_10000_zombie_packs" storage="c:\projects\undeadearth\undeadearth.test\bin\debug\undeadearth.test.dll" id="6c066a85-168d-65f4-cc37-317318414373">
      <Execution id="411e4ef3-50c3-4f2e-aba1-80bb6c0479d8" />
      <TestMethod codeBase="C:/Projects/UndeadEarth/UndeadEarth.Test/bin/Debug/UndeadEarth.Test.DLL" adapterTypeName="Microsoft.VisualStudio.TestTools.TestTypes.Unit.UnitTestAdapter, Microsoft.VisualStudio.QualityTools.Tips.UnitTest.Adapter, Version=10.0.0.0, Culture=neutral, PublicKeyToken=b03f5f7f11d50a3a" className="UndeadEarth.Test.Model.when_retrieving_achievements, UndeadEarth.Test, Version=1.0.0.0, Culture=neutral, PublicKeyToken=null" name="should_return_achievement_for_destroying_10000_zombie_packs" />
    </UnitTest>
    <UnitTest name="should_return_correct_energy_for_given_level" storage="c:\projects\undeadearth\undeadearth.test\bin\debug\undeadearth.test.dll" id="c19d7fe3-d556-ad76-9806-5e328516f06f">
      <Execution id="ab9c683a-62ab-4244-a9f1-94bfdaa25a1c" />
      <TestMethod codeBase="C:/Projects/UndeadEarth/UndeadEarth.Test/bin/Debug/UndeadEarth.Test.DLL" adapterTypeName="Microsoft.VisualStudio.TestTools.TestTypes.Unit.UnitTestAdapter, Microsoft.VisualStudio.QualityTools.Tips.UnitTest.Adapter, Version=10.0.0.0, Culture=neutral, PublicKeyToken=b03f5f7f11d50a3a" className="UndeadEarth.Test.Model.when_servicing_user_level_and_attributes, UndeadEarth.Test, Version=1.0.0.0, Culture=neutral, PublicKeyToken=null" name="should_return_correct_energy_for_given_level" />
    </UnitTest>
    <UnitTest name="should_return_false_if_safe_house_does_not_have_item" storage="c:\projects\undeadearth\undeadearth.test\bin\debug\undeadearth.test.dll" id="3d1741aa-9576-2eb5-470e-7f713a2bc4d7">
      <Execution id="e2c8509e-59dd-4219-a46d-402395023518" />
      <TestMethod codeBase="C:/Projects/UndeadEarth/UndeadEarth.Test/bin/Debug/UndeadEarth.Test.DLL" adapterTypeName="Microsoft.VisualStudio.TestTools.TestTypes.Unit.UnitTestAdapter, Microsoft.VisualStudio.QualityTools.Tips.UnitTest.Adapter, Version=10.0.0.0, Culture=neutral, PublicKeyToken=b03f5f7f11d50a3a" className="UndeadEarth.Test.Dal.when_retrieving_safe_houses, UndeadEarth.Test, Version=1.0.0.0, Culture=neutral, PublicKeyToken=null" name="should_return_false_if_safe_house_does_not_have_item" />
    </UnitTest>
    <UnitTest name="should_save_user_max_energy" storage="c:\projects\undeadearth\undeadearth.test\bin\debug\undeadearth.test.dll" id="60b889f5-aa93-4766-ebaf-876bc425b3c4">
      <Execution id="cb6329af-5f7d-44b9-b2a4-515bb1b111e2" />
      <TestMethod codeBase="C:/Projects/UndeadEarth/UndeadEarth.Test/bin/Debug/UndeadEarth.Test.DLL" adapterTypeName="Microsoft.VisualStudio.TestTools.TestTypes.Unit.UnitTestAdapter, Microsoft.VisualStudio.QualityTools.Tips.UnitTest.Adapter, Version=10.0.0.0, Culture=neutral, PublicKeyToken=b03f5f7f11d50a3a" className="UndeadEarth.Test.Dal.Utility.when_saving_user_energy, UndeadEarth.Test, Version=1.0.0.0, Culture=neutral, PublicKeyToken=null" name="should_save_user_max_energy" />
    </UnitTest>
    <UnitTest name="should_move_user_and_update_users_location_if_user_has_enough_energy_to_move_to_location" storage="c:\projects\undeadearth\undeadearth.test\bin\debug\undeadearth.test.dll" id="1339f28e-8dc2-ea63-491b-e46002a2f545">
      <Execution id="7e2db4e0-aab0-433d-a1db-2e31cb9cdf33" />
      <TestMethod codeBase="C:/Projects/UndeadEarth/UndeadEarth.Test/bin/Debug/UndeadEarth.Test.DLL" adapterTypeName="Microsoft.VisualStudio.TestTools.TestTypes.Unit.UnitTestAdapter, Microsoft.VisualStudio.QualityTools.Tips.UnitTest.Adapter, Version=10.0.0.0, Culture=neutral, PublicKeyToken=b03f5f7f11d50a3a" className="UndeadEarth.Test.Model.when_moving_user, UndeadEarth.Test, Version=1.0.0.0, Culture=neutral, PublicKeyToken=null" name="should_move_user_and_update_users_location_if_user_has_enough_energy_to_move_to_location" />
    </UnitTest>
    <UnitTest name="the_attack_for_determinging_zombie_pack_difficulty_should_be_1" storage="c:\projects\undeadearth\undeadearth.test\bin\debug\undeadearth.test.dll" id="ed27cc8b-f076-d5ca-e1a7-e11e80ed7216">
      <Execution id="27cd4bb6-cfc1-49c3-b1ad-da308237a3ba" />
      <TestMethod codeBase="C:/Projects/UndeadEarth/UndeadEarth.Test/bin/Debug/UndeadEarth.Test.DLL" adapterTypeName="Microsoft.VisualStudio.TestTools.TestTypes.Unit.UnitTestAdapter, Microsoft.VisualStudio.QualityTools.Tips.UnitTest.Adapter, Version=10.0.0.0, Culture=neutral, PublicKeyToken=b03f5f7f11d50a3a" className="UndeadEarth.Test.Dal.when_inserting_user, UndeadEarth.Test, Version=1.0.0.0, Culture=neutral, PublicKeyToken=null" name="the_attack_for_determinging_zombie_pack_difficulty_should_be_1" />
    </UnitTest>
    <UnitTest name="should_return_null_if_no_item_found" storage="c:\projects\undeadearth\undeadearth.test\bin\debug\undeadearth.test.dll" id="d079bc7a-5632-90a3-fd08-a3194bc2d4b6">
      <Execution id="5331e4a5-9e8b-4c0d-83d5-85aeb2621531" />
      <TestMethod codeBase="C:/Projects/UndeadEarth/UndeadEarth.Test/bin/Debug/UndeadEarth.Test.DLL" adapterTypeName="Microsoft.VisualStudio.TestTools.TestTypes.Unit.UnitTestAdapter, Microsoft.VisualStudio.QualityTools.Tips.UnitTest.Adapter, Version=10.0.0.0, Culture=neutral, PublicKeyToken=b03f5f7f11d50a3a" className="UndeadEarth.Test.Dal.when_retrieving_items, UndeadEarth.Test, Version=1.0.0.0, Culture=neutral, PublicKeyToken=null" name="should_return_null_if_no_item_found" />
    </UnitTest>
    <UnitTest name="should_disregard_if_safe_house_does_not_exist" storage="c:\projects\undeadearth\undeadearth.test\bin\debug\undeadearth.test.dll" id="7685b20a-de0b-8bc0-6c22-3a9d32aab4bd">
      <Execution id="a1a526f5-4fce-426b-9c6e-850db535f3fa" />
      <TestMethod codeBase="C:/Projects/UndeadEarth/UndeadEarth.Test/bin/Debug/UndeadEarth.Test.DLL" adapterTypeName="Microsoft.VisualStudio.TestTools.TestTypes.Unit.UnitTestAdapter, Microsoft.VisualStudio.QualityTools.Tips.UnitTest.Adapter, Version=10.0.0.0, Culture=neutral, PublicKeyToken=b03f5f7f11d50a3a" className="UndeadEarth.Test.Model.when_transferring_items_from_safe_house_to_user, UndeadEarth.Test, Version=1.0.0.0, Culture=neutral, PublicKeyToken=null" name="should_disregard_if_safe_house_does_not_exist" />
    </UnitTest>
    <UnitTest name="should_retrieve_user_current_item_slot_capacity" storage="c:\projects\undeadearth\undeadearth.test\bin\debug\undeadearth.test.dll" id="fb8ca09b-7f12-89fe-19bf-bcebd7198872">
      <Execution id="d2ded153-2e09-43bf-833a-349beb2d8f88" />
      <TestMethod codeBase="C:/Projects/UndeadEarth/UndeadEarth.Test/bin/Debug/UndeadEarth.Test.DLL" adapterTypeName="Microsoft.VisualStudio.TestTools.TestTypes.Unit.UnitTestAdapter, Microsoft.VisualStudio.QualityTools.Tips.UnitTest.Adapter, Version=10.0.0.0, Culture=neutral, PublicKeyToken=b03f5f7f11d50a3a" className="UndeadEarth.Test.Dal.when_retrieving_user, UndeadEarth.Test, Version=1.0.0.0, Culture=neutral, PublicKeyToken=null" name="should_retrieve_user_current_item_slot_capacity" />
    </UnitTest>
    <UnitTest name="should_return_0_if_user_does_not_exist" storage="c:\projects\undeadearth\undeadearth.test\bin\debug\undeadearth.test.dll" id="9f650caf-3801-3ddc-df66-451ef0461b2d">
      <Execution id="6e2ff5b2-6186-440d-89dd-789335d979c8" />
      <TestMethod codeBase="C:/Projects/UndeadEarth/UndeadEarth.Test/bin/Debug/UndeadEarth.Test.DLL" adapterTypeName="Microsoft.VisualStudio.TestTools.TestTypes.Unit.UnitTestAdapter, Microsoft.VisualStudio.QualityTools.Tips.UnitTest.Adapter, Version=10.0.0.0, Culture=neutral, PublicKeyToken=b03f5f7f11d50a3a" className="UndeadEarth.Test.Model.when_determining_users_current_energy, UndeadEarth.Test, Version=1.0.0.0, Culture=neutral, PublicKeyToken=null" name="should_return_0_if_user_does_not_exist" />
    </UnitTest>
    <UnitTest name="should_create_user_with_starting_location" storage="c:\projects\undeadearth\undeadearth.test\bin\debug\undeadearth.test.dll" id="40ac08e5-9855-8df2-ac1a-e320ada85f67">
      <Execution id="84dd7aa7-11b5-454e-874a-761e485a29ca" />
      <TestMethod codeBase="C:/Projects/UndeadEarth/UndeadEarth.Test/bin/Debug/UndeadEarth.Test.DLL" adapterTypeName="Microsoft.VisualStudio.TestTools.TestTypes.Unit.UnitTestAdapter, Microsoft.VisualStudio.QualityTools.Tips.UnitTest.Adapter, Version=10.0.0.0, Culture=neutral, PublicKeyToken=b03f5f7f11d50a3a" className="UndeadEarth.Test.Model.when_creating_user, UndeadEarth.Test, Version=1.0.0.0, Culture=neutral, PublicKeyToken=null" name="should_create_user_with_starting_location" />
    </UnitTest>
    <UnitTest name="should_return_achievement_for_destroying_10_zombie_packs" storage="c:\projects\undeadearth\undeadearth.test\bin\debug\undeadearth.test.dll" id="6f4679a3-c135-f19d-6bfb-2e441fc3cb12">
      <Execution id="ea45239c-9bbc-43cc-888d-8eeb0b23d1e3" />
      <TestMethod codeBase="C:/Projects/UndeadEarth/UndeadEarth.Test/bin/Debug/UndeadEarth.Test.DLL" adapterTypeName="Microsoft.VisualStudio.TestTools.TestTypes.Unit.UnitTestAdapter, Microsoft.VisualStudio.QualityTools.Tips.UnitTest.Adapter, Version=10.0.0.0, Culture=neutral, PublicKeyToken=b03f5f7f11d50a3a" className="UndeadEarth.Test.Model.when_retrieving_achievements, UndeadEarth.Test, Version=1.0.0.0, Culture=neutral, PublicKeyToken=null" name="should_return_achievement_for_destroying_10_zombie_packs" />
    </UnitTest>
    <UnitTest name="should_get_user_item_count" storage="c:\projects\undeadearth\undeadearth.test\bin\debug\undeadearth.test.dll" id="5fa17309-6178-e440-0cb3-9987b0eaea65">
      <Execution id="7f38283c-63b1-400d-9097-96340a514f8a" />
      <TestMethod codeBase="C:/Projects/UndeadEarth/UndeadEarth.Test/bin/Debug/UndeadEarth.Test.DLL" adapterTypeName="Microsoft.VisualStudio.TestTools.TestTypes.Unit.UnitTestAdapter, Microsoft.VisualStudio.QualityTools.Tips.UnitTest.Adapter, Version=10.0.0.0, Culture=neutral, PublicKeyToken=b03f5f7f11d50a3a" className="UndeadEarth.Test.Dal.when_retrieving_items, UndeadEarth.Test, Version=1.0.0.0, Culture=neutral, PublicKeyToken=null" name="should_get_user_item_count" />
    </UnitTest>
    <UnitTest name="should_throw_error_if_user_already_exists" storage="c:\projects\undeadearth\undeadearth.test\bin\debug\undeadearth.test.dll" id="6d259f14-cf5c-860f-f3bc-07fb6a901208">
      <Execution id="48a82e9a-ab71-4553-a53b-05a980276c18" />
      <TestMethod codeBase="C:/Projects/UndeadEarth/UndeadEarth.Test/bin/Debug/UndeadEarth.Test.DLL" adapterTypeName="Microsoft.VisualStudio.TestTools.TestTypes.Unit.UnitTestAdapter, Microsoft.VisualStudio.QualityTools.Tips.UnitTest.Adapter, Version=10.0.0.0, Culture=neutral, PublicKeyToken=b03f5f7f11d50a3a" className="UndeadEarth.Test.Dal.when_inserting_user, UndeadEarth.Test, Version=1.0.0.0, Culture=neutral, PublicKeyToken=null" name="should_throw_error_if_user_already_exists" />
    </UnitTest>
    <UnitTest name="should_set_user_current_base_attack" storage="c:\projects\undeadearth\undeadearth.test\bin\debug\undeadearth.test.dll" id="890ef093-5e72-8ed9-1c1c-1c73a74ec8fc">
      <Execution id="131b366c-1581-4544-bb94-283238b48cd1" />
      <TestMethod codeBase="C:/Projects/UndeadEarth/UndeadEarth.Test/bin/Debug/UndeadEarth.Test.DLL" adapterTypeName="Microsoft.VisualStudio.TestTools.TestTypes.Unit.UnitTestAdapter, Microsoft.VisualStudio.QualityTools.Tips.UnitTest.Adapter, Version=10.0.0.0, Culture=neutral, PublicKeyToken=b03f5f7f11d50a3a" className="UndeadEarth.Test.Dal.when_saving_user, UndeadEarth.Test, Version=1.0.0.0, Culture=neutral, PublicKeyToken=null" name="should_set_user_current_base_attack" />
    </UnitTest>
    <UnitTest name="the_energy_for_determining_zombie_pack_difficulty_should_be_100" storage="c:\projects\undeadearth\undeadearth.test\bin\debug\undeadearth.test.dll" id="c9a124e9-2f09-63d2-22cf-ad1bad23f16c">
      <Execution id="89ab5a89-a6ea-4df4-883c-da399619042f" />
      <TestMethod codeBase="C:/Projects/UndeadEarth/UndeadEarth.Test/bin/Debug/UndeadEarth.Test.DLL" adapterTypeName="Microsoft.VisualStudio.TestTools.TestTypes.Unit.UnitTestAdapter, Microsoft.VisualStudio.QualityTools.Tips.UnitTest.Adapter, Version=10.0.0.0, Culture=neutral, PublicKeyToken=b03f5f7f11d50a3a" className="UndeadEarth.Test.Dal.when_inserting_user, UndeadEarth.Test, Version=1.0.0.0, Culture=neutral, PublicKeyToken=null" name="the_energy_for_determining_zombie_pack_difficulty_should_be_100" />
    </UnitTest>
    <UnitTest name="should_return_energy_along_with_any_energy_increase_from_many_items_in_safehouse" storage="c:\projects\undeadearth\undeadearth.test\bin\debug\undeadearth.test.dll" id="214d4e68-bd5b-8ca7-2eae-cad7ae4b5618">
      <Execution id="b96b3f61-1dd2-4019-92f4-f51cc38fda3f" />
      <TestMethod codeBase="C:/Projects/UndeadEarth/UndeadEarth.Test/bin/Debug/UndeadEarth.Test.DLL" adapterTypeName="Microsoft.VisualStudio.TestTools.TestTypes.Unit.UnitTestAdapter, Microsoft.VisualStudio.QualityTools.Tips.UnitTest.Adapter, Version=10.0.0.0, Culture=neutral, PublicKeyToken=b03f5f7f11d50a3a" className="UndeadEarth.Test.Model.when_determining_users_max_potential_energy, UndeadEarth.Test, Version=1.0.0.0, Culture=neutral, PublicKeyToken=null" name="should_return_energy_along_with_any_energy_increase_from_many_items_in_safehouse" />
    </UnitTest>
    <UnitTest name="should_disregard_if_item_does_not_exist" storage="c:\projects\undeadearth\undeadearth.test\bin\debug\undeadearth.test.dll" id="7c057236-5b5f-451c-5800-6e05c196b383">
      <Execution id="a85397be-2644-4ba0-8304-75e5ab73470f" />
      <TestMethod codeBase="C:/Projects/UndeadEarth/UndeadEarth.Test/bin/Debug/UndeadEarth.Test.DLL" adapterTypeName="Microsoft.VisualStudio.TestTools.TestTypes.Unit.UnitTestAdapter, Microsoft.VisualStudio.QualityTools.Tips.UnitTest.Adapter, Version=10.0.0.0, Culture=neutral, PublicKeyToken=b03f5f7f11d50a3a" className="UndeadEarth.Test.Model.when_transferring_items_from_safe_house_to_user, UndeadEarth.Test, Version=1.0.0.0, Culture=neutral, PublicKeyToken=null" name="should_disregard_if_item_does_not_exist" />
    </UnitTest>
    <UnitTest name="should_return_0_if_time_passed_into_calculate_energy_is_less_than_the_last_saved_energy_record" storage="c:\projects\undeadearth\undeadearth.test\bin\debug\undeadearth.test.dll" id="57effb65-6bba-b10e-d004-938020663a0f">
      <Execution id="f7a50b06-e613-468e-8b78-48d726d8c46a" />
      <TestMethod codeBase="C:/Projects/UndeadEarth/UndeadEarth.Test/bin/Debug/UndeadEarth.Test.DLL" adapterTypeName="Microsoft.VisualStudio.TestTools.TestTypes.Unit.UnitTestAdapter, Microsoft.VisualStudio.QualityTools.Tips.UnitTest.Adapter, Version=10.0.0.0, Culture=neutral, PublicKeyToken=b03f5f7f11d50a3a" className="UndeadEarth.Test.Model.when_determining_users_current_energy, UndeadEarth.Test, Version=1.0.0.0, Culture=neutral, PublicKeyToken=null" name="should_return_0_if_time_passed_into_calculate_energy_is_less_than_the_last_saved_energy_record" />
    </UnitTest>
    <UnitTest name="should_return_last_energy_saved_If_there_is_no_difference_between_the_current_time_passed_in_and_the_last_saved_energy_from_the_repository" storage="c:\projects\undeadearth\undeadearth.test\bin\debug\undeadearth.test.dll" id="d688d02d-3269-304b-a6e8-10e959d858db">
      <Execution id="2c94cf6f-57af-4bfa-9f73-085d238e364d" />
      <TestMethod codeBase="C:/Projects/UndeadEarth/UndeadEarth.Test/bin/Debug/UndeadEarth.Test.DLL" adapterTypeName="Microsoft.VisualStudio.TestTools.TestTypes.Unit.UnitTestAdapter, Microsoft.VisualStudio.QualityTools.Tips.UnitTest.Adapter, Version=10.0.0.0, Culture=neutral, PublicKeyToken=b03f5f7f11d50a3a" className="UndeadEarth.Test.Model.when_determining_users_current_energy, UndeadEarth.Test, Version=1.0.0.0, Culture=neutral, PublicKeyToken=null" name="should_return_last_energy_saved_If_there_is_no_difference_between_the_current_time_passed_in_and_the_last_saved_energy_from_the_repository" />
    </UnitTest>
    <UnitTest name="should_return_achievement_for_killing_100_zombies" storage="c:\projects\undeadearth\undeadearth.test\bin\debug\undeadearth.test.dll" id="6d677716-f4a3-32e4-d489-2827222e4b43">
      <Execution id="3008a5ef-2ac2-49a5-acd0-a46223d9b3ca" />
      <TestMethod codeBase="C:/Projects/UndeadEarth/UndeadEarth.Test/bin/Debug/UndeadEarth.Test.DLL" adapterTypeName="Microsoft.VisualStudio.TestTools.TestTypes.Unit.UnitTestAdapter, Microsoft.VisualStudio.QualityTools.Tips.UnitTest.Adapter, Version=10.0.0.0, Culture=neutral, PublicKeyToken=b03f5f7f11d50a3a" className="UndeadEarth.Test.Model.when_retrieving_achievements, UndeadEarth.Test, Version=1.0.0.0, Culture=neutral, PublicKeyToken=null" name="should_return_achievement_for_killing_100_zombies" />
    </UnitTest>
    <UnitTest name="should_update_user_last_hotzone_location_after_successful_hunt" storage="c:\projects\undeadearth\undeadearth.test\bin\debug\undeadearth.test.dll" id="6e5c9897-01e5-0ddc-270e-62065e9e22f7">
      <Execution id="392c27f0-980d-49ab-b17e-d0b02b17a7e8" />
      <TestMethod codeBase="C:/Projects/UndeadEarth/UndeadEarth.Test/bin/Debug/UndeadEarth.Test.DLL" adapterTypeName="Microsoft.VisualStudio.TestTools.TestTypes.Unit.UnitTestAdapter, Microsoft.VisualStudio.QualityTools.Tips.UnitTest.Adapter, Version=10.0.0.0, Culture=neutral, PublicKeyToken=b03f5f7f11d50a3a" className="UndeadEarth.Test.Model.when_hunting_for_zombies, UndeadEarth.Test, Version=1.0.0.0, Culture=neutral, PublicKeyToken=null" name="should_update_user_last_hotzone_location_after_successful_hunt" />
    </UnitTest>
    <UnitTest name="should_record_how_many_miles_have_been_moved_for_achievements" storage="c:\projects\undeadearth\undeadearth.test\bin\debug\undeadearth.test.dll" id="52c534e6-f8bb-1f9f-939a-d5c5c52fa419">
      <Execution id="f1a29e3f-2fb6-42d5-9bfc-f5d56f9ffed2" />
      <TestMethod codeBase="C:/Projects/UndeadEarth/UndeadEarth.Test/bin/Debug/UndeadEarth.Test.DLL" adapterTypeName="Microsoft.VisualStudio.TestTools.TestTypes.Unit.UnitTestAdapter, Microsoft.VisualStudio.QualityTools.Tips.UnitTest.Adapter, Version=10.0.0.0, Culture=neutral, PublicKeyToken=b03f5f7f11d50a3a" className="UndeadEarth.Test.Model.when_moving_user, UndeadEarth.Test, Version=1.0.0.0, Culture=neutral, PublicKeyToken=null" name="should_record_how_many_miles_have_been_moved_for_achievements" />
    </UnitTest>
    <UnitTest name="should_return_a_hunt_count_of_50_to_60_if_resolved_as_an_medium_hotzone" storage="c:\projects\undeadearth\undeadearth.test\bin\debug\undeadearth.test.dll" id="3693aeb9-70b2-f86c-f600-b99b067f3b4e">
      <Execution id="a1f40688-b635-490e-9302-8edd336af834" />
      <TestMethod codeBase="C:/Projects/UndeadEarth/UndeadEarth.Test/bin/Debug/UndeadEarth.Test.DLL" adapterTypeName="Microsoft.VisualStudio.TestTools.TestTypes.Unit.UnitTestAdapter, Microsoft.VisualStudio.QualityTools.Tips.UnitTest.Adapter, Version=10.0.0.0, Culture=neutral, PublicKeyToken=b03f5f7f11d50a3a" className="UndeadEarth.Test.Model.when_determining_zombie_pack_progress, UndeadEarth.Test, Version=1.0.0.0, Culture=neutral, PublicKeyToken=null" name="should_return_a_hunt_count_of_50_to_60_if_resolved_as_an_medium_hotzone" />
    </UnitTest>
    <UnitTest name="the_last_visited_hotzone_should_be_starting_location" storage="c:\projects\undeadearth\undeadearth.test\bin\debug\undeadearth.test.dll" id="5edbb1cd-bd31-7ac9-084c-f6f749883ff2">
      <Execution id="10aca853-bd64-4b79-bd00-137a8172a695" />
      <TestMethod codeBase="C:/Projects/UndeadEarth/UndeadEarth.Test/bin/Debug/UndeadEarth.Test.DLL" adapterTypeName="Microsoft.VisualStudio.TestTools.TestTypes.Unit.UnitTestAdapter, Microsoft.VisualStudio.QualityTools.Tips.UnitTest.Adapter, Version=10.0.0.0, Culture=neutral, PublicKeyToken=b03f5f7f11d50a3a" className="UndeadEarth.Test.Dal.when_inserting_user, UndeadEarth.Test, Version=1.0.0.0, Culture=neutral, PublicKeyToken=null" name="the_last_visited_hotzone_should_be_starting_location" />
    </UnitTest>
    <UnitTest name="should_return_null_for_last_saved_energy_if_user_exists_but_energy_is_null" storage="c:\projects\undeadearth\undeadearth.test\bin\debug\undeadearth.test.dll" id="da679302-1a0c-b7f2-1c7e-e59bb2763f0f">
      <Execution id="7ae296a5-cc6e-410b-be7b-ad100ca6a90f" />
      <TestMethod codeBase="C:/Projects/UndeadEarth/UndeadEarth.Test/bin/Debug/UndeadEarth.Test.DLL" adapterTypeName="Microsoft.VisualStudio.TestTools.TestTypes.Unit.UnitTestAdapter, Microsoft.VisualStudio.QualityTools.Tips.UnitTest.Adapter, Version=10.0.0.0, Culture=neutral, PublicKeyToken=b03f5f7f11d50a3a" className="UndeadEarth.Test.Dal.when_retrieving_user_energy, UndeadEarth.Test, Version=1.0.0.0, Culture=neutral, PublicKeyToken=null" name="should_return_null_for_last_saved_energy_if_user_exists_but_energy_is_null" />
    </UnitTest>
    <UnitTest name="should_record_peak_zombies_destroyed" storage="c:\projects\undeadearth\undeadearth.test\bin\debug\undeadearth.test.dll" id="e6a8c00a-faa8-0745-e831-40d2f4668ade">
      <Execution id="461c3d4c-1614-49f8-82dc-2cac8150f403" />
      <TestMethod codeBase="C:/Projects/UndeadEarth/UndeadEarth.Test/bin/Debug/UndeadEarth.Test.DLL" adapterTypeName="Microsoft.VisualStudio.TestTools.TestTypes.Unit.UnitTestAdapter, Microsoft.VisualStudio.QualityTools.Tips.UnitTest.Adapter, Version=10.0.0.0, Culture=neutral, PublicKeyToken=b03f5f7f11d50a3a" className="UndeadEarth.Test.Model.when_hunting_for_zombies, UndeadEarth.Test, Version=1.0.0.0, Culture=neutral, PublicKeyToken=null" name="should_record_peak_zombies_destroyed" />
    </UnitTest>
    <UnitTest name="should_return_current_level_for_user" storage="c:\projects\undeadearth\undeadearth.test\bin\debug\undeadearth.test.dll" id="0ee84f2b-31e9-0047-e6f0-0ec71b544574">
      <Execution id="0e5073b4-5f15-47f1-a246-5f362a33b506" />
      <TestMethod codeBase="C:/Projects/UndeadEarth/UndeadEarth.Test/bin/Debug/UndeadEarth.Test.DLL" adapterTypeName="Microsoft.VisualStudio.TestTools.TestTypes.Unit.UnitTestAdapter, Microsoft.VisualStudio.QualityTools.Tips.UnitTest.Adapter, Version=10.0.0.0, Culture=neutral, PublicKeyToken=b03f5f7f11d50a3a" className="UndeadEarth.Test.Model.when_servicing_user_level_and_attributes, UndeadEarth.Test, Version=1.0.0.0, Culture=neutral, PublicKeyToken=null" name="should_return_current_level_for_user" />
    </UnitTest>
    <UnitTest name="should_retrieve_user_current_base_energy" storage="c:\projects\undeadearth\undeadearth.test\bin\debug\undeadearth.test.dll" id="69653733-6f17-afcb-14dc-a6126a62b1ee">
      <Execution id="60960fb2-3ae5-49f9-98a6-196256494e3c" />
      <TestMethod codeBase="C:/Projects/UndeadEarth/UndeadEarth.Test/bin/Debug/UndeadEarth.Test.DLL" adapterTypeName="Microsoft.VisualStudio.TestTools.TestTypes.Unit.UnitTestAdapter, Microsoft.VisualStudio.QualityTools.Tips.UnitTest.Adapter, Version=10.0.0.0, Culture=neutral, PublicKeyToken=b03f5f7f11d50a3a" className="UndeadEarth.Test.Dal.when_retrieving_user, UndeadEarth.Test, Version=1.0.0.0, Culture=neutral, PublicKeyToken=null" name="should_retrieve_user_current_base_energy" />
    </UnitTest>
    <UnitTest name="should_return_zero_if_energy_is_null" storage="c:\projects\undeadearth\undeadearth.test\bin\debug\undeadearth.test.dll" id="6fb9a1f1-9260-fa0f-3246-029c6bade6db">
      <Execution id="4b05fd45-46b8-457c-921e-bc7dd922b240" />
      <TestMethod codeBase="C:/Projects/UndeadEarth/UndeadEarth.Test/bin/Debug/UndeadEarth.Test.DLL" adapterTypeName="Microsoft.VisualStudio.TestTools.TestTypes.Unit.UnitTestAdapter, Microsoft.VisualStudio.QualityTools.Tips.UnitTest.Adapter, Version=10.0.0.0, Culture=neutral, PublicKeyToken=b03f5f7f11d50a3a" className="UndeadEarth.Test.Dal.when_retrieving_items, UndeadEarth.Test, Version=1.0.0.0, Culture=neutral, PublicKeyToken=null" name="should_return_zero_if_energy_is_null" />
    </UnitTest>
    <UnitTest name="should_set_last_sight_radius_date_to_datetimenow_if_its_null_but_last_sight_radius_isnt" storage="c:\projects\undeadearth\undeadearth.test\bin\debug\undeadearth.test.dll" id="9dde4be1-7360-a906-9538-025b609b4796">
      <Execution id="f7fa0b5e-f2f1-466a-8cf8-4c989aa5abff" />
      <TestMethod codeBase="C:/Projects/UndeadEarth/UndeadEarth.Test/bin/Debug/UndeadEarth.Test.DLL" adapterTypeName="Microsoft.VisualStudio.TestTools.TestTypes.Unit.UnitTestAdapter, Microsoft.VisualStudio.QualityTools.Tips.UnitTest.Adapter, Version=10.0.0.0, Culture=neutral, PublicKeyToken=b03f5f7f11d50a3a" className="UndeadEarth.Test.Dal.when_retrieving_user_sight_radius, UndeadEarth.Test, Version=1.0.0.0, Culture=neutral, PublicKeyToken=null" name="should_set_last_sight_radius_date_to_datetimenow_if_its_null_but_last_sight_radius_isnt" />
    </UnitTest>
    <UnitTest name="should_retrieve_list_of_items_in_safe_house_that_belong_to_user" storage="c:\projects\undeadearth\undeadearth.test\bin\debug\undeadearth.test.dll" id="66236707-8e98-8099-42db-7e8aeb3fbf02">
      <Execution id="9fb4c97b-76ca-4c11-88bb-3a4d0bc95859" />
      <TestMethod codeBase="C:/Projects/UndeadEarth/UndeadEarth.Test/bin/Debug/UndeadEarth.Test.DLL" adapterTypeName="Microsoft.VisualStudio.TestTools.TestTypes.Unit.UnitTestAdapter, Microsoft.VisualStudio.QualityTools.Tips.UnitTest.Adapter, Version=10.0.0.0, Culture=neutral, PublicKeyToken=b03f5f7f11d50a3a" className="UndeadEarth.Test.Dal.when_retrieving_safe_houses, UndeadEarth.Test, Version=1.0.0.0, Culture=neutral, PublicKeyToken=null" name="should_retrieve_list_of_items_in_safe_house_that_belong_to_user" />
    </UnitTest>
    <UnitTest name="should_throw_error_when_returning_user_energy_and_user_doesnt_exist" storage="c:\projects\undeadearth\undeadearth.test\bin\debug\undeadearth.test.dll" id="a92236ed-a367-c7c7-0a25-b11ae709bcb3">
      <Execution id="74840945-1d51-43b1-afd3-4c87ccff412d" />
      <TestMethod codeBase="C:/Projects/UndeadEarth/UndeadEarth.Test/bin/Debug/UndeadEarth.Test.DLL" adapterTypeName="Microsoft.VisualStudio.TestTools.TestTypes.Unit.UnitTestAdapter, Microsoft.VisualStudio.QualityTools.Tips.UnitTest.Adapter, Version=10.0.0.0, Culture=neutral, PublicKeyToken=b03f5f7f11d50a3a" className="UndeadEarth.Test.Dal.when_retrieving_user, UndeadEarth.Test, Version=1.0.0.0, Culture=neutral, PublicKeyToken=null" name="should_throw_error_when_returning_user_energy_and_user_doesnt_exist" />
    </UnitTest>
    <UnitTest name="should_truncate_seconds_and_milliseconds_from_times_that_are_being_used_for_calculating_energy" storage="c:\projects\undeadearth\undeadearth.test\bin\debug\undeadearth.test.dll" id="70a48ca4-778f-c05e-3b5d-4d1dd614ffe7">
      <Execution id="f93626be-db88-4f99-8970-6f7052ab5d5d" />
      <TestMethod codeBase="C:/Projects/UndeadEarth/UndeadEarth.Test/bin/Debug/UndeadEarth.Test.DLL" adapterTypeName="Microsoft.VisualStudio.TestTools.TestTypes.Unit.UnitTestAdapter, Microsoft.VisualStudio.QualityTools.Tips.UnitTest.Adapter, Version=10.0.0.0, Culture=neutral, PublicKeyToken=b03f5f7f11d50a3a" className="UndeadEarth.Test.Model.when_determining_users_current_energy, UndeadEarth.Test, Version=1.0.0.0, Culture=neutral, PublicKeyToken=null" name="should_truncate_seconds_and_milliseconds_from_times_that_are_being_used_for_calculating_energy" />
    </UnitTest>
    <UnitTest name="should_disregard_one_use_items_that_can_be_bought" storage="c:\projects\undeadearth\undeadearth.test\bin\debug\undeadearth.test.dll" id="b5bf2f35-dde6-66e3-7545-0164ceb4c3bb">
      <Execution id="a7d173d3-ab7c-49ec-8de0-42cb38b510ad" />
      <TestMethod codeBase="C:/Projects/UndeadEarth/UndeadEarth.Test/bin/Debug/UndeadEarth.Test.DLL" adapterTypeName="Microsoft.VisualStudio.TestTools.TestTypes.Unit.UnitTestAdapter, Microsoft.VisualStudio.QualityTools.Tips.UnitTest.Adapter, Version=10.0.0.0, Culture=neutral, PublicKeyToken=b03f5f7f11d50a3a" className="UndeadEarth.Test.Model.when_determining_users_max_potential_energy, UndeadEarth.Test, Version=1.0.0.0, Culture=neutral, PublicKeyToken=null" name="should_disregard_one_use_items_that_can_be_bought" />
    </UnitTest>
    <UnitTest name="should_return_null_for_base_sight_radius_if_user_does_not_exist" storage="c:\projects\undeadearth\undeadearth.test\bin\debug\undeadearth.test.dll" id="dcd64675-21d8-0b9a-9cf5-ac50822ee771">
      <Execution id="e6b0b86b-34fe-4447-84a3-fcbe3ea1a88f" />
      <TestMethod codeBase="C:/Projects/UndeadEarth/UndeadEarth.Test/bin/Debug/UndeadEarth.Test.DLL" adapterTypeName="Microsoft.VisualStudio.TestTools.TestTypes.Unit.UnitTestAdapter, Microsoft.VisualStudio.QualityTools.Tips.UnitTest.Adapter, Version=10.0.0.0, Culture=neutral, PublicKeyToken=b03f5f7f11d50a3a" className="UndeadEarth.Test.Dal.when_retrieving_user_sight_radius, UndeadEarth.Test, Version=1.0.0.0, Culture=neutral, PublicKeyToken=null" name="should_return_null_for_base_sight_radius_if_user_does_not_exist" />
    </UnitTest>
    <UnitTest name="should_increment_zombie_pack_destroyed_count" storage="c:\projects\undeadearth\undeadearth.test\bin\debug\undeadearth.test.dll" id="556fe5d0-aedd-a933-babc-4606a23e064e">
      <Execution id="8fafbec9-bfde-4330-83b3-31bedb66f4b0" />
      <TestMethod codeBase="C:/Projects/UndeadEarth/UndeadEarth.Test/bin/Debug/UndeadEarth.Test.DLL" adapterTypeName="Microsoft.VisualStudio.TestTools.TestTypes.Unit.UnitTestAdapter, Microsoft.VisualStudio.QualityTools.Tips.UnitTest.Adapter, Version=10.0.0.0, Culture=neutral, PublicKeyToken=b03f5f7f11d50a3a" className="UndeadEarth.Test.Dal.when_saving_user_counts, UndeadEarth.Test, Version=1.0.0.0, Culture=neutral, PublicKeyToken=null" name="should_increment_zombie_pack_destroyed_count" />
    </UnitTest>
    <UnitTest name="should_give_energy_based_on_best_items_from_user_usersafehouse_and_items_that_can_be_bought" storage="c:\projects\undeadearth\undeadearth.test\bin\debug\undeadearth.test.dll" id="6b30f78c-5c97-e5aa-0928-de7f5ee83660">
      <Execution id="11ab7842-b778-4c79-a1bc-daf2ced9bbd1" />
      <TestMethod codeBase="C:/Projects/UndeadEarth/UndeadEarth.Test/bin/Debug/UndeadEarth.Test.DLL" adapterTypeName="Microsoft.VisualStudio.TestTools.TestTypes.Unit.UnitTestAdapter, Microsoft.VisualStudio.QualityTools.Tips.UnitTest.Adapter, Version=10.0.0.0, Culture=neutral, PublicKeyToken=b03f5f7f11d50a3a" className="UndeadEarth.Test.Model.when_determining_users_max_potential_energy, UndeadEarth.Test, Version=1.0.0.0, Culture=neutral, PublicKeyToken=null" name="should_give_energy_based_on_best_items_from_user_usersafehouse_and_items_that_can_be_bought" />
    </UnitTest>
    <UnitTest name="should_set_user_current_base_energy" storage="c:\projects\undeadearth\undeadearth.test\bin\debug\undeadearth.test.dll" id="5f382a5a-614c-c9d5-67f1-1ceadc4420b1">
      <Execution id="9bd59e93-3b3a-4324-9114-a14fca87b449" />
      <TestMethod codeBase="C:/Projects/UndeadEarth/UndeadEarth.Test/bin/Debug/UndeadEarth.Test.DLL" adapterTypeName="Microsoft.VisualStudio.TestTools.TestTypes.Unit.UnitTestAdapter, Microsoft.VisualStudio.QualityTools.Tips.UnitTest.Adapter, Version=10.0.0.0, Culture=neutral, PublicKeyToken=b03f5f7f11d50a3a" className="UndeadEarth.Test.Dal.when_saving_user, UndeadEarth.Test, Version=1.0.0.0, Culture=neutral, PublicKeyToken=null" name="should_set_user_current_base_energy" />
    </UnitTest>
    <UnitTest name="should_update_user_location_if_user_exists" storage="c:\projects\undeadearth\undeadearth.test\bin\debug\undeadearth.test.dll" id="00f036f8-7ea4-f115-2065-21a527c875c4">
      <Execution id="90c1fffb-4eff-4e91-84be-50ae5fdcf4a6" />
      <TestMethod codeBase="C:/Projects/UndeadEarth/UndeadEarth.Test/bin/Debug/UndeadEarth.Test.DLL" adapterTypeName="Microsoft.VisualStudio.TestTools.TestTypes.Unit.UnitTestAdapter, Microsoft.VisualStudio.QualityTools.Tips.UnitTest.Adapter, Version=10.0.0.0, Culture=neutral, PublicKeyToken=b03f5f7f11d50a3a" className="UndeadEarth.Test.Dal.when_saving_user, UndeadEarth.Test, Version=1.0.0.0, Culture=neutral, PublicKeyToken=null" name="should_update_user_location_if_user_exists" />
    </UnitTest>
    <UnitTest name="should_return_null_for_last_saved_sight_radius_if_user_does_not_exist" storage="c:\projects\undeadearth\undeadearth.test\bin\debug\undeadearth.test.dll" id="f171bbe9-81e2-ed24-643d-8a7305f52326">
      <Execution id="d9711680-4165-48d1-a744-e3117ff419ea" />
      <TestMethod codeBase="C:/Projects/UndeadEarth/UndeadEarth.Test/bin/Debug/UndeadEarth.Test.DLL" adapterTypeName="Microsoft.VisualStudio.TestTools.TestTypes.Unit.UnitTestAdapter, Microsoft.VisualStudio.QualityTools.Tips.UnitTest.Adapter, Version=10.0.0.0, Culture=neutral, PublicKeyToken=b03f5f7f11d50a3a" className="UndeadEarth.Test.Dal.when_retrieving_user_sight_radius, UndeadEarth.Test, Version=1.0.0.0, Culture=neutral, PublicKeyToken=null" name="should_return_null_for_last_saved_sight_radius_if_user_does_not_exist" />
    </UnitTest>
    <UnitTest name="should_add_money_passed_in_to_money_of_the_current_user" storage="c:\projects\undeadearth\undeadearth.test\bin\debug\undeadearth.test.dll" id="db2cbd38-a14d-b06e-fd2b-542b84645680">
      <Execution id="d9699a17-6751-4cc9-a6b6-4551a0798465" />
      <TestMethod codeBase="C:/Projects/UndeadEarth/UndeadEarth.Test/bin/Debug/UndeadEarth.Test.DLL" adapterTypeName="Microsoft.VisualStudio.TestTools.TestTypes.Unit.UnitTestAdapter, Microsoft.VisualStudio.QualityTools.Tips.UnitTest.Adapter, Version=10.0.0.0, Culture=neutral, PublicKeyToken=b03f5f7f11d50a3a" className="UndeadEarth.Test.Dal.when_saving_user, UndeadEarth.Test, Version=1.0.0.0, Culture=neutral, PublicKeyToken=null" name="should_add_money_passed_in_to_money_of_the_current_user" />
    </UnitTest>
    <UnitTest name="should_return_all_hot_zones" storage="c:\projects\undeadearth\undeadearth.test\bin\debug\undeadearth.test.dll" id="7209dcdb-bb1a-d89a-c5cb-4180ad1a5427">
      <Execution id="1a5420fb-c8e9-44c9-8530-5421c01f3711" />
      <TestMethod codeBase="C:/Projects/UndeadEarth/UndeadEarth.Test/bin/Debug/UndeadEarth.Test.DLL" adapterTypeName="Microsoft.VisualStudio.TestTools.TestTypes.Unit.UnitTestAdapter, Microsoft.VisualStudio.QualityTools.Tips.UnitTest.Adapter, Version=10.0.0.0, Culture=neutral, PublicKeyToken=b03f5f7f11d50a3a" className="UndeadEarth.Test.Dal.when_retrieving_hot_zones, UndeadEarth.Test, Version=1.0.0.0, Culture=neutral, PublicKeyToken=null" name="should_return_all_hot_zones" />
    </UnitTest>
    <UnitTest name="should_not_hunt_if_user_doesnt_have_enough_energy" storage="c:\projects\undeadearth\undeadearth.test\bin\debug\undeadearth.test.dll" id="68ea6353-2c49-a913-f384-cf2dc40e93c0">
      <Execution id="2cb5a0e5-6e27-4388-b4a7-7fe789de5da2" />
      <TestMethod codeBase="C:/Projects/UndeadEarth/UndeadEarth.Test/bin/Debug/UndeadEarth.Test.DLL" adapterTypeName="Microsoft.VisualStudio.TestTools.TestTypes.Unit.UnitTestAdapter, Microsoft.VisualStudio.QualityTools.Tips.UnitTest.Adapter, Version=10.0.0.0, Culture=neutral, PublicKeyToken=b03f5f7f11d50a3a" className="UndeadEarth.Test.Model.when_hunting_for_zombies, UndeadEarth.Test, Version=1.0.0.0, Culture=neutral, PublicKeyToken=null" name="should_not_hunt_if_user_doesnt_have_enough_energy" />
    </UnitTest>
    <UnitTest name="should_save_item_in_safe_house_inventory_and_remove_from_user_inventory" storage="c:\projects\undeadearth\undeadearth.test\bin\debug\undeadearth.test.dll" id="7d9357cd-185a-7a7d-46d5-6e0825f094b5">
      <Execution id="27b756fc-3b87-4fd2-b9de-0b6fa3e57e98" />
      <TestMethod codeBase="C:/Projects/UndeadEarth/UndeadEarth.Test/bin/Debug/UndeadEarth.Test.DLL" adapterTypeName="Microsoft.VisualStudio.TestTools.TestTypes.Unit.UnitTestAdapter, Microsoft.VisualStudio.QualityTools.Tips.UnitTest.Adapter, Version=10.0.0.0, Culture=neutral, PublicKeyToken=b03f5f7f11d50a3a" className="UndeadEarth.Test.Model.when_transferring_items_from_user_to_safe_house, UndeadEarth.Test, Version=1.0.0.0, Culture=neutral, PublicKeyToken=null" name="should_save_item_in_safe_house_inventory_and_remove_from_user_inventory" />
    </UnitTest>
    <UnitTest name="should_determine_base_line_for_user_that_changes_hotzones" storage="c:\projects\undeadearth\undeadearth.test\bin\debug\undeadearth.test.dll" id="d8cfd2cc-f7c2-fb7c-2948-c14069a906b1">
      <Execution id="887a815d-baea-4fa7-8d98-081554a7a77a" />
      <TestMethod codeBase="C:/Projects/UndeadEarth/UndeadEarth.Test/bin/Debug/UndeadEarth.Test.DLL" adapterTypeName="Microsoft.VisualStudio.TestTools.TestTypes.Unit.UnitTestAdapter, Microsoft.VisualStudio.QualityTools.Tips.UnitTest.Adapter, Version=10.0.0.0, Culture=neutral, PublicKeyToken=b03f5f7f11d50a3a" className="UndeadEarth.Test.Model.when_determining_energy_cost_for_hunting_at_zombie_pack, UndeadEarth.Test, Version=1.0.0.0, Culture=neutral, PublicKeyToken=null" name="should_determine_base_line_for_user_that_changes_hotzones" />
    </UnitTest>
    <UnitTest name="should_return_achievement_for_peak_zombies_100" storage="c:\projects\undeadearth\undeadearth.test\bin\debug\undeadearth.test.dll" id="a4df90b5-6a65-c11c-9306-ae984a6862f3">
      <Execution id="79b76cd0-2d5b-499b-bcd3-5dbfeb39034c" />
      <TestMethod codeBase="C:/Projects/UndeadEarth/UndeadEarth.Test/bin/Debug/UndeadEarth.Test.DLL" adapterTypeName="Microsoft.VisualStudio.TestTools.TestTypes.Unit.UnitTestAdapter, Microsoft.VisualStudio.QualityTools.Tips.UnitTest.Adapter, Version=10.0.0.0, Culture=neutral, PublicKeyToken=b03f5f7f11d50a3a" className="UndeadEarth.Test.Model.when_retrieving_achievements, UndeadEarth.Test, Version=1.0.0.0, Culture=neutral, PublicKeyToken=null" name="should_return_achievement_for_peak_zombies_100" />
    </UnitTest>
    <UnitTest name="should_return_all_stores_in_radius" storage="c:\projects\undeadearth\undeadearth.test\bin\debug\undeadearth.test.dll" id="3d4be643-5d31-3e26-f950-26a5f925e40b">
      <Execution id="65db1993-a43c-4120-8c85-34c5ecd79c5e" />
      <TestMethod codeBase="C:/Projects/UndeadEarth/UndeadEarth.Test/bin/Debug/UndeadEarth.Test.DLL" adapterTypeName="Microsoft.VisualStudio.TestTools.TestTypes.Unit.UnitTestAdapter, Microsoft.VisualStudio.QualityTools.Tips.UnitTest.Adapter, Version=10.0.0.0, Culture=neutral, PublicKeyToken=b03f5f7f11d50a3a" className="UndeadEarth.Test.Dal.when_retrieving_stores, UndeadEarth.Test, Version=1.0.0.0, Culture=neutral, PublicKeyToken=null" name="should_return_all_stores_in_radius" />
    </UnitTest>
    <UnitTest name="should_start_with_attack_power_of_1" storage="c:\projects\undeadearth\undeadearth.test\bin\debug\undeadearth.test.dll" id="6f5b8bdf-f4f3-b0ac-2d17-1c769ba70ec7">
      <Execution id="0403d0d8-ccca-4433-82c5-34a3580807ec" />
      <TestMethod codeBase="C:/Projects/UndeadEarth/UndeadEarth.Test/bin/Debug/UndeadEarth.Test.DLL" adapterTypeName="Microsoft.VisualStudio.TestTools.TestTypes.Unit.UnitTestAdapter, Microsoft.VisualStudio.QualityTools.Tips.UnitTest.Adapter, Version=10.0.0.0, Culture=neutral, PublicKeyToken=b03f5f7f11d50a3a" className="UndeadEarth.Test.Model.when_creating_user, UndeadEarth.Test, Version=1.0.0.0, Culture=neutral, PublicKeyToken=null" name="should_start_with_attack_power_of_1" />
    </UnitTest>
    <UnitTest name="should_update_existing_zombie_pack_progress" storage="c:\projects\undeadearth\undeadearth.test\bin\debug\undeadearth.test.dll" id="7d2305d4-075e-49ce-735b-3ccd549f53b8">
      <Execution id="dcc0d8e3-09ff-4e1c-ab22-86b7ce018959" />
      <TestMethod codeBase="C:/Projects/UndeadEarth/UndeadEarth.Test/bin/Debug/UndeadEarth.Test.DLL" adapterTypeName="Microsoft.VisualStudio.TestTools.TestTypes.Unit.UnitTestAdapter, Microsoft.VisualStudio.QualityTools.Tips.UnitTest.Adapter, Version=10.0.0.0, Culture=neutral, PublicKeyToken=b03f5f7f11d50a3a" className="UndeadEarth.Test.Dal.when_saving_user_zombie_pack_progress, UndeadEarth.Test, Version=1.0.0.0, Culture=neutral, PublicKeyToken=null" name="should_update_existing_zombie_pack_progress" />
    </UnitTest>
    <UnitTest name="should_return_false_if_zombiepack_does_not_exist" storage="c:\projects\undeadearth\undeadearth.test\bin\debug\undeadearth.test.dll" id="cfacc8e4-11ef-5e59-c2dc-f7d2d86d5a2e">
      <Execution id="5d002413-2233-4a47-8f70-3fddab5b678b" />
      <TestMethod codeBase="C:/Projects/UndeadEarth/UndeadEarth.Test/bin/Debug/UndeadEarth.Test.DLL" adapterTypeName="Microsoft.VisualStudio.TestTools.TestTypes.Unit.UnitTestAdapter, Microsoft.VisualStudio.QualityTools.Tips.UnitTest.Adapter, Version=10.0.0.0, Culture=neutral, PublicKeyToken=b03f5f7f11d50a3a" className="UndeadEarth.Test.Dal.when_checking_if_zombie_pack_exists, UndeadEarth.Test, Version=1.0.0.0, Culture=neutral, PublicKeyToken=null" name="should_return_false_if_zombiepack_does_not_exist" />
    </UnitTest>
    <UnitTest name="should_not_hunt_if_user_doesnt_exist" storage="c:\projects\undeadearth\undeadearth.test\bin\debug\undeadearth.test.dll" id="5a128d3b-35ba-f233-4f32-be0f8dfb906e">
      <Execution id="5ad2db09-59ee-4570-9e4e-2828012160fb" />
      <TestMethod codeBase="C:/Projects/UndeadEarth/UndeadEarth.Test/bin/Debug/UndeadEarth.Test.DLL" adapterTypeName="Microsoft.VisualStudio.TestTools.TestTypes.Unit.UnitTestAdapter, Microsoft.VisualStudio.QualityTools.Tips.UnitTest.Adapter, Version=10.0.0.0, Culture=neutral, PublicKeyToken=b03f5f7f11d50a3a" className="UndeadEarth.Test.Model.when_hunting_for_zombies, UndeadEarth.Test, Version=1.0.0.0, Culture=neutral, PublicKeyToken=null" name="should_not_hunt_if_user_doesnt_exist" />
    </UnitTest>
    <UnitTest name="should_set_to_max_energy_if_item_energy_is_greater_than_max" storage="c:\projects\undeadearth\undeadearth.test\bin\debug\undeadearth.test.dll" id="b28183ac-a700-53c3-0c4c-4c663c3d39eb">
      <Execution id="fcd96b54-13ca-4eae-97dd-a4034c8b45a2" />
      <TestMethod codeBase="C:/Projects/UndeadEarth/UndeadEarth.Test/bin/Debug/UndeadEarth.Test.DLL" adapterTypeName="Microsoft.VisualStudio.TestTools.TestTypes.Unit.UnitTestAdapter, Microsoft.VisualStudio.QualityTools.Tips.UnitTest.Adapter, Version=10.0.0.0, Culture=neutral, PublicKeyToken=b03f5f7f11d50a3a" className="UndeadEarth.Test.Model.when_using_items, UndeadEarth.Test, Version=1.0.0.0, Culture=neutral, PublicKeyToken=null" name="should_set_to_max_energy_if_item_energy_is_greater_than_max" />
    </UnitTest>
    <UnitTest name="should_calculate_northern_point" storage="c:\projects\undeadearth\undeadearth.test\bin\debug\undeadearth.test.dll" id="5b2a5f35-2435-a2ba-eaf1-4c274bced244">
      <Execution id="0fe03bff-5829-4ff1-90de-aa5b82a88cf9" />
      <TestMethod codeBase="C:/Projects/UndeadEarth/UndeadEarth.Test/bin/Debug/UndeadEarth.Test.DLL" adapterTypeName="Microsoft.VisualStudio.TestTools.TestTypes.Unit.UnitTestAdapter, Microsoft.VisualStudio.QualityTools.Tips.UnitTest.Adapter, Version=10.0.0.0, Culture=neutral, PublicKeyToken=b03f5f7f11d50a3a" className="UndeadEarth.Test.Model.when_calculating_distance, UndeadEarth.Test, Version=1.0.0.0, Culture=neutral, PublicKeyToken=null" name="should_calculate_northern_point" />
    </UnitTest>
    <UnitTest name="should_return_if_item_is_not_one_time_use_item" storage="c:\projects\undeadearth\undeadearth.test\bin\debug\undeadearth.test.dll" id="9c6c437e-182b-5735-6616-67dd466d97ca">
      <Execution id="2c1b09ab-20f9-4f29-af3f-18cc82531499" />
      <TestMethod codeBase="C:/Projects/UndeadEarth/UndeadEarth.Test/bin/Debug/UndeadEarth.Test.DLL" adapterTypeName="Microsoft.VisualStudio.TestTools.TestTypes.Unit.UnitTestAdapter, Microsoft.VisualStudio.QualityTools.Tips.UnitTest.Adapter, Version=10.0.0.0, Culture=neutral, PublicKeyToken=b03f5f7f11d50a3a" className="UndeadEarth.Test.Model.when_using_items, UndeadEarth.Test, Version=1.0.0.0, Culture=neutral, PublicKeyToken=null" name="should_return_if_item_is_not_one_time_use_item" />
    </UnitTest>
    <UnitTest name="should_return_attack_power_along_with_any_attack_power_increase_from_buying_item_with_no_items_in_safehouse" storage="c:\projects\undeadearth\undeadearth.test\bin\debug\undeadearth.test.dll" id="3a65c876-9662-16ec-4c81-7bea778d6951">
      <Execution id="395a84e0-568b-44c4-9c21-dc61f6f206fb" />
      <TestMethod codeBase="C:/Projects/UndeadEarth/UndeadEarth.Test/bin/Debug/UndeadEarth.Test.DLL" adapterTypeName="Microsoft.VisualStudio.TestTools.TestTypes.Unit.UnitTestAdapter, Microsoft.VisualStudio.QualityTools.Tips.UnitTest.Adapter, Version=10.0.0.0, Culture=neutral, PublicKeyToken=b03f5f7f11d50a3a" className="UndeadEarth.Test.Model.when_determining_users_max_potential_attack_power, UndeadEarth.Test, Version=1.0.0.0, Culture=neutral, PublicKeyToken=null" name="should_return_attack_power_along_with_any_attack_power_increase_from_buying_item_with_no_items_in_safehouse" />
    </UnitTest>
    <UnitTest name="should_calculate_southern_point" storage="c:\projects\undeadearth\undeadearth.test\bin\debug\undeadearth.test.dll" id="8f46b492-6eff-ef62-7327-4eb38c11c2ef">
      <Execution id="7e1a353a-5c49-4eab-95f7-21ca380036eb" />
      <TestMethod codeBase="C:/Projects/UndeadEarth/UndeadEarth.Test/bin/Debug/UndeadEarth.Test.DLL" adapterTypeName="Microsoft.VisualStudio.TestTools.TestTypes.Unit.UnitTestAdapter, Microsoft.VisualStudio.QualityTools.Tips.UnitTest.Adapter, Version=10.0.0.0, Culture=neutral, PublicKeyToken=b03f5f7f11d50a3a" className="UndeadEarth.Test.Model.when_calculating_distance, UndeadEarth.Test, Version=1.0.0.0, Culture=neutral, PublicKeyToken=null" name="should_calculate_southern_point" />
    </UnitTest>
    <UnitTest name="should_set_base_line_for_users_max_potential_if_last_hotzone_visited_does_not_equal_the_hotzone_for_the_current_zombie_pack" storage="c:\projects\undeadearth\undeadearth.test\bin\debug\undeadearth.test.dll" id="783f6a3b-54fe-a923-8c75-e72b281f150f">
      <Execution id="dde290fe-cb07-4d53-8917-86f365518867" />
      <TestMethod codeBase="C:/Projects/UndeadEarth/UndeadEarth.Test/bin/Debug/UndeadEarth.Test.DLL" adapterTypeName="Microsoft.VisualStudio.TestTools.TestTypes.Unit.UnitTestAdapter, Microsoft.VisualStudio.QualityTools.Tips.UnitTest.Adapter, Version=10.0.0.0, Culture=neutral, PublicKeyToken=b03f5f7f11d50a3a" className="UndeadEarth.Test.Model.when_determining_zombie_pack_progress, UndeadEarth.Test, Version=1.0.0.0, Culture=neutral, PublicKeyToken=null" name="should_set_base_line_for_users_max_potential_if_last_hotzone_visited_does_not_equal_the_hotzone_for_the_current_zombie_pack" />
    </UnitTest>
    <UnitTest name="should_take_money_from_user_and_add_item_to_user_inventory" storage="c:\projects\undeadearth\undeadearth.test\bin\debug\undeadearth.test.dll" id="685ba115-26b4-cfb7-772c-f8e84fc12c79">
      <Execution id="0429fc2f-23e5-4da0-983c-b23d6ed31183" />
      <TestMethod codeBase="C:/Projects/UndeadEarth/UndeadEarth.Test/bin/Debug/UndeadEarth.Test.DLL" adapterTypeName="Microsoft.VisualStudio.TestTools.TestTypes.Unit.UnitTestAdapter, Microsoft.VisualStudio.QualityTools.Tips.UnitTest.Adapter, Version=10.0.0.0, Culture=neutral, PublicKeyToken=b03f5f7f11d50a3a" className="UndeadEarth.Test.Model.when_buying_items_from_shop, UndeadEarth.Test, Version=1.0.0.0, Culture=neutral, PublicKeyToken=null" name="should_take_money_from_user_and_add_item_to_user_inventory" />
    </UnitTest>
    <UnitTest name="should_take_into_consideration_equipped_items_when_determining_max_energy" storage="c:\projects\undeadearth\undeadearth.test\bin\debug\undeadearth.test.dll" id="9a7f21c9-61b5-30cc-38aa-34a79b6a0201">
      <Execution id="60f9b49f-f3ec-42e1-8d62-4703d365f244" />
      <TestMethod codeBase="C:/Projects/UndeadEarth/UndeadEarth.Test/bin/Debug/UndeadEarth.Test.DLL" adapterTypeName="Microsoft.VisualStudio.TestTools.TestTypes.Unit.UnitTestAdapter, Microsoft.VisualStudio.QualityTools.Tips.UnitTest.Adapter, Version=10.0.0.0, Culture=neutral, PublicKeyToken=b03f5f7f11d50a3a" className="UndeadEarth.Test.Model.when_determining_users_current_energy, UndeadEarth.Test, Version=1.0.0.0, Culture=neutral, PublicKeyToken=null" name="should_take_into_consideration_equipped_items_when_determining_max_energy" />
    </UnitTest>
    <UnitTest name="should_retrieve_zombie_pack_by_id" storage="c:\projects\undeadearth\undeadearth.test\bin\debug\undeadearth.test.dll" id="25699796-3f06-4f57-c2f3-62593d0f8db7">
      <Execution id="2dda0b36-6fdb-4ef1-9504-bfc9725d36a7" />
      <TestMethod codeBase="C:/Projects/UndeadEarth/UndeadEarth.Test/bin/Debug/UndeadEarth.Test.DLL" adapterTypeName="Microsoft.VisualStudio.TestTools.TestTypes.Unit.UnitTestAdapter, Microsoft.VisualStudio.QualityTools.Tips.UnitTest.Adapter, Version=10.0.0.0, Culture=neutral, PublicKeyToken=b03f5f7f11d50a3a" className="UndeadEarth.Test.Dal.when_retrieving_zombie_packs, UndeadEarth.Test, Version=1.0.0.0, Culture=neutral, PublicKeyToken=null" name="should_retrieve_zombie_pack_by_id" />
    </UnitTest>
    <UnitTest name="should_disregard_creation_if_user_already_exists_for_facebookId" storage="c:\projects\undeadearth\undeadearth.test\bin\debug\undeadearth.test.dll" id="99d5bdbd-2ac1-c2dd-bd8e-ff998f163943">
      <Execution id="b8cfa996-a033-48b3-b47e-0224dc82a842" />
      <TestMethod codeBase="C:/Projects/UndeadEarth/UndeadEarth.Test/bin/Debug/UndeadEarth.Test.DLL" adapterTypeName="Microsoft.VisualStudio.TestTools.TestTypes.Unit.UnitTestAdapter, Microsoft.VisualStudio.QualityTools.Tips.UnitTest.Adapter, Version=10.0.0.0, Culture=neutral, PublicKeyToken=b03f5f7f11d50a3a" className="UndeadEarth.Test.Model.when_creating_user, UndeadEarth.Test, Version=1.0.0.0, Culture=neutral, PublicKeyToken=null" name="should_disregard_creation_if_user_already_exists_for_facebookId" />
    </UnitTest>
    <UnitTest name="should_return_true_if_user_has_item" storage="c:\projects\undeadearth\undeadearth.test\bin\debug\undeadearth.test.dll" id="583a3b80-1851-93ab-c2ab-87d678e4ad81">
      <Execution id="c5ae6263-2acb-4f65-9a9e-1533531d1062" />
      <TestMethod codeBase="C:/Projects/UndeadEarth/UndeadEarth.Test/bin/Debug/UndeadEarth.Test.DLL" adapterTypeName="Microsoft.VisualStudio.TestTools.TestTypes.Unit.UnitTestAdapter, Microsoft.VisualStudio.QualityTools.Tips.UnitTest.Adapter, Version=10.0.0.0, Culture=neutral, PublicKeyToken=b03f5f7f11d50a3a" className="UndeadEarth.Test.Dal.when_retrieving_items, UndeadEarth.Test, Version=1.0.0.0, Culture=neutral, PublicKeyToken=null" name="should_return_true_if_user_has_item" />
    </UnitTest>
    <UnitTest name="should_disregard_move_if_user_does_not_exist" storage="c:\projects\undeadearth\undeadearth.test\bin\debug\undeadearth.test.dll" id="4d9cdfe2-8eee-3937-2a7d-b414e3b51b00">
      <Execution id="396c15a2-a867-472b-8962-3796187489cd" />
      <TestMethod codeBase="C:/Projects/UndeadEarth/UndeadEarth.Test/bin/Debug/UndeadEarth.Test.DLL" adapterTypeName="Microsoft.VisualStudio.TestTools.TestTypes.Unit.UnitTestAdapter, Microsoft.VisualStudio.QualityTools.Tips.UnitTest.Adapter, Version=10.0.0.0, Culture=neutral, PublicKeyToken=b03f5f7f11d50a3a" className="UndeadEarth.Test.Model.when_moving_user, UndeadEarth.Test, Version=1.0.0.0, Culture=neutral, PublicKeyToken=null" name="should_disregard_move_if_user_does_not_exist" />
    </UnitTest>
    <UnitTest name="should_return_false_if_item_does_not_exist" storage="c:\projects\undeadearth\undeadearth.test\bin\debug\undeadearth.test.dll" id="43ea7dc5-29f2-fc24-7626-37c50ab77488">
      <Execution id="83dc10de-72aa-4b6a-80ca-492ba20f7234" />
      <TestMethod codeBase="C:/Projects/UndeadEarth/UndeadEarth.Test/bin/Debug/UndeadEarth.Test.DLL" adapterTypeName="Microsoft.VisualStudio.TestTools.TestTypes.Unit.UnitTestAdapter, Microsoft.VisualStudio.QualityTools.Tips.UnitTest.Adapter, Version=10.0.0.0, Culture=neutral, PublicKeyToken=b03f5f7f11d50a3a" className="UndeadEarth.Test.Dal.when_retrieving_items, UndeadEarth.Test, Version=1.0.0.0, Culture=neutral, PublicKeyToken=null" name="should_return_false_if_item_does_not_exist" />
    </UnitTest>
    <UnitTest name="the_starting_energy_should_be_100" storage="c:\projects\undeadearth\undeadearth.test\bin\debug\undeadearth.test.dll" id="ba822c9a-2244-54af-db34-ae1b0ff7f2ea">
      <Execution id="b6eeb26b-2ee7-42ef-9501-998ece640df8" />
      <TestMethod codeBase="C:/Projects/UndeadEarth/UndeadEarth.Test/bin/Debug/UndeadEarth.Test.DLL" adapterTypeName="Microsoft.VisualStudio.TestTools.TestTypes.Unit.UnitTestAdapter, Microsoft.VisualStudio.QualityTools.Tips.UnitTest.Adapter, Version=10.0.0.0, Culture=neutral, PublicKeyToken=b03f5f7f11d50a3a" className="UndeadEarth.Test.Dal.when_inserting_user, UndeadEarth.Test, Version=1.0.0.0, Culture=neutral, PublicKeyToken=null" name="the_starting_energy_should_be_100" />
    </UnitTest>
    <UnitTest name="should_return_achievement_for_traveling_1000_miles" storage="c:\projects\undeadearth\undeadearth.test\bin\debug\undeadearth.test.dll" id="e47b507d-8276-c45e-8213-bc71e7175571">
      <Execution id="197009cf-6d3c-48ea-a148-2131aa2c3f09" />
      <TestMethod codeBase="C:/Projects/UndeadEarth/UndeadEarth.Test/bin/Debug/UndeadEarth.Test.DLL" adapterTypeName="Microsoft.VisualStudio.TestTools.TestTypes.Unit.UnitTestAdapter, Microsoft.VisualStudio.QualityTools.Tips.UnitTest.Adapter, Version=10.0.0.0, Culture=neutral, PublicKeyToken=b03f5f7f11d50a3a" className="UndeadEarth.Test.Model.when_retrieving_achievements, UndeadEarth.Test, Version=1.0.0.0, Culture=neutral, PublicKeyToken=null" name="should_return_achievement_for_traveling_1000_miles" />
    </UnitTest>
    <UnitTest name="should_disregard_if_user_has_more_than_the_allowed_amount_of_items" storage="c:\projects\undeadearth\undeadearth.test\bin\debug\undeadearth.test.dll" id="7bf1b32b-b544-1d63-7f85-8cb3721cb13c">
      <Execution id="d0436969-1672-423d-9152-8872d20af47a" />
      <TestMethod codeBase="C:/Projects/UndeadEarth/UndeadEarth.Test/bin/Debug/UndeadEarth.Test.DLL" adapterTypeName="Microsoft.VisualStudio.TestTools.TestTypes.Unit.UnitTestAdapter, Microsoft.VisualStudio.QualityTools.Tips.UnitTest.Adapter, Version=10.0.0.0, Culture=neutral, PublicKeyToken=b03f5f7f11d50a3a" className="UndeadEarth.Test.Model.when_transferring_items_from_safe_house_to_user, UndeadEarth.Test, Version=1.0.0.0, Culture=neutral, PublicKeyToken=null" name="should_disregard_if_user_has_more_than_the_allowed_amount_of_items" />
    </UnitTest>
    <UnitTest name="should_return_last_saved_sight_radius_for_user" storage="c:\projects\undeadearth\undeadearth.test\bin\debug\undeadearth.test.dll" id="efd3fdf9-6214-c49f-4a2b-bfb2fe87d588">
      <Execution id="bb1b42a6-c552-4ad3-b717-b1d88d60c508" />
      <TestMethod codeBase="C:/Projects/UndeadEarth/UndeadEarth.Test/bin/Debug/UndeadEarth.Test.DLL" adapterTypeName="Microsoft.VisualStudio.TestTools.TestTypes.Unit.UnitTestAdapter, Microsoft.VisualStudio.QualityTools.Tips.UnitTest.Adapter, Version=10.0.0.0, Culture=neutral, PublicKeyToken=b03f5f7f11d50a3a" className="UndeadEarth.Test.Dal.when_retrieving_user_sight_radius, UndeadEarth.Test, Version=1.0.0.0, Culture=neutral, PublicKeyToken=null" name="should_return_last_saved_sight_radius_for_user" />
    </UnitTest>
    <UnitTest name="should_not_hunt_if_user_is_not_at_zombie_pack_latitude" storage="c:\projects\undeadearth\undeadearth.test\bin\debug\undeadearth.test.dll" id="75a342b2-ef01-e34d-c6b4-7a9dc15f6b1e">
      <Execution id="c60028dd-a88b-46d5-985c-cad09a07b098" />
      <TestMethod codeBase="C:/Projects/UndeadEarth/UndeadEarth.Test/bin/Debug/UndeadEarth.Test.DLL" adapterTypeName="Microsoft.VisualStudio.TestTools.TestTypes.Unit.UnitTestAdapter, Microsoft.VisualStudio.QualityTools.Tips.UnitTest.Adapter, Version=10.0.0.0, Culture=neutral, PublicKeyToken=b03f5f7f11d50a3a" className="UndeadEarth.Test.Model.when_hunting_for_zombies, UndeadEarth.Test, Version=1.0.0.0, Culture=neutral, PublicKeyToken=null" name="should_not_hunt_if_user_is_not_at_zombie_pack_latitude" />
    </UnitTest>
    <UnitTest name="should_retriever_an_empty_list_given_invalid_hotzone_id" storage="c:\projects\undeadearth\undeadearth.test\bin\debug\undeadearth.test.dll" id="5afe1781-3ccb-0558-a937-e74f932ccd49">
      <Execution id="2dbaf5d4-3bb9-4626-85bf-143206103515" />
      <TestMethod codeBase="C:/Projects/UndeadEarth/UndeadEarth.Test/bin/Debug/UndeadEarth.Test.DLL" adapterTypeName="Microsoft.VisualStudio.TestTools.TestTypes.Unit.UnitTestAdapter, Microsoft.VisualStudio.QualityTools.Tips.UnitTest.Adapter, Version=10.0.0.0, Culture=neutral, PublicKeyToken=b03f5f7f11d50a3a" className="UndeadEarth.Test.Dal.when_retrieving_stores, UndeadEarth.Test, Version=1.0.0.0, Culture=neutral, PublicKeyToken=null" name="should_retriever_an_empty_list_given_invalid_hotzone_id" />
    </UnitTest>
    <UnitTest name="should_destroy_zombie_pack_if_users_attack_power_exceeds_the_number_of_zombies" storage="c:\projects\undeadearth\undeadearth.test\bin\debug\undeadearth.test.dll" id="79f08418-c51b-ec01-a3f0-aeabf52599fa">
      <Execution id="692ee72e-a696-401c-955b-3d497663ce49" />
      <TestMethod codeBase="C:/Projects/UndeadEarth/UndeadEarth.Test/bin/Debug/UndeadEarth.Test.DLL" adapterTypeName="Microsoft.VisualStudio.TestTools.TestTypes.Unit.UnitTestAdapter, Microsoft.VisualStudio.QualityTools.Tips.UnitTest.Adapter, Version=10.0.0.0, Culture=neutral, PublicKeyToken=b03f5f7f11d50a3a" className="UndeadEarth.Test.Model.when_hunting_for_zombies, UndeadEarth.Test, Version=1.0.0.0, Culture=neutral, PublicKeyToken=null" name="should_destroy_zombie_pack_if_users_attack_power_exceeds_the_number_of_zombies" />
    </UnitTest>
    <UnitTest name="should_return_last_saved_energy_for_user" storage="c:\projects\undeadearth\undeadearth.test\bin\debug\undeadearth.test.dll" id="33a5dc0c-cb8c-881e-3374-24e7b48bd3e1">
      <Execution id="284cb4ed-5e4d-4d15-a225-97f420aa61d6" />
      <TestMethod codeBase="C:/Projects/UndeadEarth/UndeadEarth.Test/bin/Debug/UndeadEarth.Test.DLL" adapterTypeName="Microsoft.VisualStudio.TestTools.TestTypes.Unit.UnitTestAdapter, Microsoft.VisualStudio.QualityTools.Tips.UnitTest.Adapter, Version=10.0.0.0, Culture=neutral, PublicKeyToken=b03f5f7f11d50a3a" className="UndeadEarth.Test.Dal.when_retrieving_user_energy, UndeadEarth.Test, Version=1.0.0.0, Culture=neutral, PublicKeyToken=null" name="should_return_last_saved_energy_for_user" />
    </UnitTest>
    <UnitTest name="should_return_achievement_for_destroying_1000_zombie_packs" storage="c:\projects\undeadearth\undeadearth.test\bin\debug\undeadearth.test.dll" id="2db0a3b3-aad5-d46f-7403-c997f42720f5">
      <Execution id="ab257d0c-5920-40a9-9536-bcead42d7de8" />
      <TestMethod codeBase="C:/Projects/UndeadEarth/UndeadEarth.Test/bin/Debug/UndeadEarth.Test.DLL" adapterTypeName="Microsoft.VisualStudio.TestTools.TestTypes.Unit.UnitTestAdapter, Microsoft.VisualStudio.QualityTools.Tips.UnitTest.Adapter, Version=10.0.0.0, Culture=neutral, PublicKeyToken=b03f5f7f11d50a3a" className="UndeadEarth.Test.Model.when_retrieving_achievements, UndeadEarth.Test, Version=1.0.0.0, Culture=neutral, PublicKeyToken=null" name="should_return_achievement_for_destroying_1000_zombie_packs" />
    </UnitTest>
    <UnitTest name="should_return_max_energy_if_calculated_energy_for_time_passed_in_is_greater_than_max_energy_of_user" storage="c:\projects\undeadearth\undeadearth.test\bin\debug\undeadearth.test.dll" id="27e73228-a40a-9260-7cd7-3a5d45c78078">
      <Execution id="99295495-084a-4138-b384-4126bdbe0389" />
      <TestMethod codeBase="C:/Projects/UndeadEarth/UndeadEarth.Test/bin/Debug/UndeadEarth.Test.DLL" adapterTypeName="Microsoft.VisualStudio.TestTools.TestTypes.Unit.UnitTestAdapter, Microsoft.VisualStudio.QualityTools.Tips.UnitTest.Adapter, Version=10.0.0.0, Culture=neutral, PublicKeyToken=b03f5f7f11d50a3a" className="UndeadEarth.Test.Model.when_determining_users_current_energy, UndeadEarth.Test, Version=1.0.0.0, Culture=neutral, PublicKeyToken=null" name="should_return_max_energy_if_calculated_energy_for_time_passed_in_is_greater_than_max_energy_of_user" />
    </UnitTest>
    <UnitTest name="should_start_with_5_tents_on_person" storage="c:\projects\undeadearth\undeadearth.test\bin\debug\undeadearth.test.dll" id="c59ebd84-a390-b0a9-9601-b22bb9ff7f1d">
      <Execution id="20ffd4fc-107d-4931-bcd8-a98d38767389" />
      <TestMethod codeBase="C:/Projects/UndeadEarth/UndeadEarth.Test/bin/Debug/UndeadEarth.Test.DLL" adapterTypeName="Microsoft.VisualStudio.TestTools.TestTypes.Unit.UnitTestAdapter, Microsoft.VisualStudio.QualityTools.Tips.UnitTest.Adapter, Version=10.0.0.0, Culture=neutral, PublicKeyToken=b03f5f7f11d50a3a" className="UndeadEarth.Test.Model.when_creating_user, UndeadEarth.Test, Version=1.0.0.0, Culture=neutral, PublicKeyToken=null" name="should_start_with_5_tents_on_person" />
    </UnitTest>
    <UnitTest name="should_retrieve_safe_houses_associated_with_hotzone" storage="c:\projects\undeadearth\undeadearth.test\bin\debug\undeadearth.test.dll" id="9654d44e-cffe-084f-c793-37a48f54fd16">
      <Execution id="32f99461-a4c5-4480-ada5-fe625149ccab" />
      <TestMethod codeBase="C:/Projects/UndeadEarth/UndeadEarth.Test/bin/Debug/UndeadEarth.Test.DLL" adapterTypeName="Microsoft.VisualStudio.TestTools.TestTypes.Unit.UnitTestAdapter, Microsoft.VisualStudio.QualityTools.Tips.UnitTest.Adapter, Version=10.0.0.0, Culture=neutral, PublicKeyToken=b03f5f7f11d50a3a" className="UndeadEarth.Test.Dal.when_retrieving_safe_houses, UndeadEarth.Test, Version=1.0.0.0, Culture=neutral, PublicKeyToken=null" name="should_retrieve_safe_houses_associated_with_hotzone" />
    </UnitTest>
    <UnitTest name="should_return_hotzones_destroyed" storage="c:\projects\undeadearth\undeadearth.test\bin\debug\undeadearth.test.dll" id="01475b3a-fc7d-1f41-65ba-f4ddf4a86946">
      <Execution id="c4b7322e-d242-4e1b-b90d-4e1bc93c122d" />
      <TestMethod codeBase="C:/Projects/UndeadEarth/UndeadEarth.Test/bin/Debug/UndeadEarth.Test.DLL" adapterTypeName="Microsoft.VisualStudio.TestTools.TestTypes.Unit.UnitTestAdapter, Microsoft.VisualStudio.QualityTools.Tips.UnitTest.Adapter, Version=10.0.0.0, Culture=neutral, PublicKeyToken=b03f5f7f11d50a3a" className="UndeadEarth.Test.Dal.when_retrieving_user_counts, UndeadEarth.Test, Version=1.0.0.0, Culture=neutral, PublicKeyToken=null" name="should_return_hotzones_destroyed" />
    </UnitTest>
    <UnitTest name="should_throw_exception_if_update_on_baseline_is_done_on_user_that_doest_exist" storage="c:\projects\undeadearth\undeadearth.test\bin\debug\undeadearth.test.dll" id="dcf1db6a-6e15-f745-8c61-5c0cbc68681f">
      <Execution id="cf7ab21f-5a70-4ee1-9ae9-bfac9bb4c39e" />
      <TestMethod codeBase="C:/Projects/UndeadEarth/UndeadEarth.Test/bin/Debug/UndeadEarth.Test.DLL" adapterTypeName="Microsoft.VisualStudio.TestTools.TestTypes.Unit.UnitTestAdapter, Microsoft.VisualStudio.QualityTools.Tips.UnitTest.Adapter, Version=10.0.0.0, Culture=neutral, PublicKeyToken=b03f5f7f11d50a3a" className="UndeadEarth.Test.Dal.when_saving_user, UndeadEarth.Test, Version=1.0.0.0, Culture=neutral, PublicKeyToken=null" name="should_throw_exception_if_update_on_baseline_is_done_on_user_that_doest_exist" />
    </UnitTest>
    <UnitTest name="should_return_achievement_for_destroying_1_zombiePack" storage="c:\projects\undeadearth\undeadearth.test\bin\debug\undeadearth.test.dll" id="5d04ca0e-dd33-bf62-c1bb-e7d225b4949c">
      <Execution id="893867c3-30b5-4af6-86ff-dec4fad0ff66" />
      <TestMethod codeBase="C:/Projects/UndeadEarth/UndeadEarth.Test/bin/Debug/UndeadEarth.Test.DLL" adapterTypeName="Microsoft.VisualStudio.TestTools.TestTypes.Unit.UnitTestAdapter, Microsoft.VisualStudio.QualityTools.Tips.UnitTest.Adapter, Version=10.0.0.0, Culture=neutral, PublicKeyToken=b03f5f7f11d50a3a" className="UndeadEarth.Test.Model.when_retrieving_achievements, UndeadEarth.Test, Version=1.0.0.0, Culture=neutral, PublicKeyToken=null" name="should_return_achievement_for_destroying_1_zombiePack" />
    </UnitTest>
    <UnitTest name="should_record_zombies_killed_after_hunt" storage="c:\projects\undeadearth\undeadearth.test\bin\debug\undeadearth.test.dll" id="21426709-ea7c-0595-beae-1978da06ff6a">
      <Execution id="5d8b4c48-3f5d-47e3-8864-00b3ae240a7b" />
      <TestMethod codeBase="C:/Projects/UndeadEarth/UndeadEarth.Test/bin/Debug/UndeadEarth.Test.DLL" adapterTypeName="Microsoft.VisualStudio.TestTools.TestTypes.Unit.UnitTestAdapter, Microsoft.VisualStudio.QualityTools.Tips.UnitTest.Adapter, Version=10.0.0.0, Culture=neutral, PublicKeyToken=b03f5f7f11d50a3a" className="UndeadEarth.Test.Model.when_hunting_for_zombies, UndeadEarth.Test, Version=1.0.0.0, Culture=neutral, PublicKeyToken=null" name="should_record_zombies_killed_after_hunt" />
    </UnitTest>
    <UnitTest name="should_return_all_zombie_packs_in_radius" storage="c:\projects\undeadearth\undeadearth.test\bin\debug\undeadearth.test.dll" id="a95e4141-d767-b753-e492-b99e6f8ee705">
      <Execution id="fd5c1ee0-8e16-4489-9151-b60b6b56ab80" />
      <TestMethod codeBase="C:/Projects/UndeadEarth/UndeadEarth.Test/bin/Debug/UndeadEarth.Test.DLL" adapterTypeName="Microsoft.VisualStudio.TestTools.TestTypes.Unit.UnitTestAdapter, Microsoft.VisualStudio.QualityTools.Tips.UnitTest.Adapter, Version=10.0.0.0, Culture=neutral, PublicKeyToken=b03f5f7f11d50a3a" className="UndeadEarth.Test.Dal.when_retrieving_zombie_packs, UndeadEarth.Test, Version=1.0.0.0, Culture=neutral, PublicKeyToken=null" name="should_return_all_zombie_packs_in_radius" />
    </UnitTest>
    <UnitTest name="should_return_current_zombie_pack_progress_if_user_has_already_visited_zombie_pack" storage="c:\projects\undeadearth\undeadearth.test\bin\debug\undeadearth.test.dll" id="a7c3501c-4b66-95e5-cfa7-a3027a1486c4">
      <Execution id="8388d3e6-3d5d-4543-9fbb-e83365cce768" />
      <TestMethod codeBase="C:/Projects/UndeadEarth/UndeadEarth.Test/bin/Debug/UndeadEarth.Test.DLL" adapterTypeName="Microsoft.VisualStudio.TestTools.TestTypes.Unit.UnitTestAdapter, Microsoft.VisualStudio.QualityTools.Tips.UnitTest.Adapter, Version=10.0.0.0, Culture=neutral, PublicKeyToken=b03f5f7f11d50a3a" className="UndeadEarth.Test.Model.when_determining_zombie_pack_progress, UndeadEarth.Test, Version=1.0.0.0, Culture=neutral, PublicKeyToken=null" name="should_return_current_zombie_pack_progress_if_user_has_already_visited_zombie_pack" />
    </UnitTest>
    <UnitTest name="should_return_null_for_last_visited_hotzone_if_no_hotzone_has_been_set" storage="c:\projects\undeadearth\undeadearth.test\bin\debug\undeadearth.test.dll" id="606e3bbd-fbf0-39e8-d39a-d95b2f760af1">
      <Execution id="f84af94d-ed4e-42bc-8a68-1985eecd4c43" />
      <TestMethod codeBase="C:/Projects/UndeadEarth/UndeadEarth.Test/bin/Debug/UndeadEarth.Test.DLL" adapterTypeName="Microsoft.VisualStudio.TestTools.TestTypes.Unit.UnitTestAdapter, Microsoft.VisualStudio.QualityTools.Tips.UnitTest.Adapter, Version=10.0.0.0, Culture=neutral, PublicKeyToken=b03f5f7f11d50a3a" className="UndeadEarth.Test.Dal.when_retrieving_user, UndeadEarth.Test, Version=1.0.0.0, Culture=neutral, PublicKeyToken=null" name="should_return_null_for_last_visited_hotzone_if_no_hotzone_has_been_set" />
    </UnitTest>
    <UnitTest name="the_starting_attack_power_should_be_1" storage="c:\projects\undeadearth\undeadearth.test\bin\debug\undeadearth.test.dll" id="3dc86e55-9e89-b185-10f6-85c78270b263">
      <Execution id="5930e240-dfce-411b-bec9-8abc7848b0ec" />
      <TestMethod codeBase="C:/Projects/UndeadEarth/UndeadEarth.Test/bin/Debug/UndeadEarth.Test.DLL" adapterTypeName="Microsoft.VisualStudio.TestTools.TestTypes.Unit.UnitTestAdapter, Microsoft.VisualStudio.QualityTools.Tips.UnitTest.Adapter, Version=10.0.0.0, Culture=neutral, PublicKeyToken=b03f5f7f11d50a3a" className="UndeadEarth.Test.Dal.when_inserting_user, UndeadEarth.Test, Version=1.0.0.0, Culture=neutral, PublicKeyToken=null" name="the_starting_attack_power_should_be_1" />
    </UnitTest>
    <UnitTest name="should_insert_empty_record_for_user_if_non_exists" storage="c:\projects\undeadearth\undeadearth.test\bin\debug\undeadearth.test.dll" id="c4f416aa-df0e-260b-8e45-51ab2e95c489">
      <Execution id="f1527d5b-2345-41fe-84a6-947ac7d57915" />
      <TestMethod codeBase="C:/Projects/UndeadEarth/UndeadEarth.Test/bin/Debug/UndeadEarth.Test.DLL" adapterTypeName="Microsoft.VisualStudio.TestTools.TestTypes.Unit.UnitTestAdapter, Microsoft.VisualStudio.QualityTools.Tips.UnitTest.Adapter, Version=10.0.0.0, Culture=neutral, PublicKeyToken=b03f5f7f11d50a3a" className="UndeadEarth.Test.Dal.when_retrieving_user_counts, UndeadEarth.Test, Version=1.0.0.0, Culture=neutral, PublicKeyToken=null" name="should_insert_empty_record_for_user_if_non_exists" />
    </UnitTest>
    <UnitTest name="should_throw_exception_if_update_on_last_visit_hotzone_is_done_on_user_that_doest_exist" storage="c:\projects\undeadearth\undeadearth.test\bin\debug\undeadearth.test.dll" id="ec86a5c7-025b-b62c-fbf3-4b0194192c0a">
      <Execution id="f1995274-8f7b-4e16-81e9-fc4a8d75bebd" />
      <TestMethod codeBase="C:/Projects/UndeadEarth/UndeadEarth.Test/bin/Debug/UndeadEarth.Test.DLL" adapterTypeName="Microsoft.VisualStudio.TestTools.TestTypes.Unit.UnitTestAdapter, Microsoft.VisualStudio.QualityTools.Tips.UnitTest.Adapter, Version=10.0.0.0, Culture=neutral, PublicKeyToken=b03f5f7f11d50a3a" className="UndeadEarth.Test.Dal.when_saving_user, UndeadEarth.Test, Version=1.0.0.0, Culture=neutral, PublicKeyToken=null" name="should_throw_exception_if_update_on_last_visit_hotzone_is_done_on_user_that_doest_exist" />
    </UnitTest>
    <UnitTest name="should_return_all_items_in_store" storage="c:\projects\undeadearth\undeadearth.test\bin\debug\undeadearth.test.dll" id="48c2a012-1ba3-1243-1cd5-aab81b26906b">
      <Execution id="1905e509-50d4-4f4b-9d45-322634d26ef0" />
      <TestMethod codeBase="C:/Projects/UndeadEarth/UndeadEarth.Test/bin/Debug/UndeadEarth.Test.DLL" adapterTypeName="Microsoft.VisualStudio.TestTools.TestTypes.Unit.UnitTestAdapter, Microsoft.VisualStudio.QualityTools.Tips.UnitTest.Adapter, Version=10.0.0.0, Culture=neutral, PublicKeyToken=b03f5f7f11d50a3a" className="UndeadEarth.Test.Dal.when_retrieving_stores, UndeadEarth.Test, Version=1.0.0.0, Culture=neutral, PublicKeyToken=null" name="should_return_all_items_in_store" />
    </UnitTest>
    <UnitTest name="should_retrieve_all_stores" storage="c:\projects\undeadearth\undeadearth.test\bin\debug\undeadearth.test.dll" id="1cb99b44-08d0-1c2c-78e8-64869fef3154">
      <Execution id="9c507aff-dfeb-4c82-8f5a-755a34c103c4" />
      <TestMethod codeBase="C:/Projects/UndeadEarth/UndeadEarth.Test/bin/Debug/UndeadEarth.Test.DLL" adapterTypeName="Microsoft.VisualStudio.TestTools.TestTypes.Unit.UnitTestAdapter, Microsoft.VisualStudio.QualityTools.Tips.UnitTest.Adapter, Version=10.0.0.0, Culture=neutral, PublicKeyToken=b03f5f7f11d50a3a" className="UndeadEarth.Test.Dal.when_retrieving_stores, UndeadEarth.Test, Version=1.0.0.0, Culture=neutral, PublicKeyToken=null" name="should_retrieve_all_stores" />
    </UnitTest>
    <UnitTest name="should_record_hotzone_destoryed_if_hunting_cleared_hotzone" storage="c:\projects\undeadearth\undeadearth.test\bin\debug\undeadearth.test.dll" id="abb8373c-7671-9802-6d68-5c17e7124ebd">
      <Execution id="a4d0b1b4-39f8-4544-867a-de287069250f" />
      <TestMethod codeBase="C:/Projects/UndeadEarth/UndeadEarth.Test/bin/Debug/UndeadEarth.Test.DLL" adapterTypeName="Microsoft.VisualStudio.TestTools.TestTypes.Unit.UnitTestAdapter, Microsoft.VisualStudio.QualityTools.Tips.UnitTest.Adapter, Version=10.0.0.0, Culture=neutral, PublicKeyToken=b03f5f7f11d50a3a" className="UndeadEarth.Test.Model.when_hunting_for_zombies, UndeadEarth.Test, Version=1.0.0.0, Culture=neutral, PublicKeyToken=null" name="should_record_hotzone_destoryed_if_hunting_cleared_hotzone" />
    </UnitTest>
    <UnitTest name="should_return_number_of_zombie_packs_left" storage="c:\projects\undeadearth\undeadearth.test\bin\debug\undeadearth.test.dll" id="57f6bfb3-878f-ec7b-71d8-e1ae592b6823">
      <Execution id="a99e983d-36cb-408a-9bcc-0ab7085c1f31" />
      <TestMethod codeBase="C:/Projects/UndeadEarth/UndeadEarth.Test/bin/Debug/UndeadEarth.Test.DLL" adapterTypeName="Microsoft.VisualStudio.TestTools.TestTypes.Unit.UnitTestAdapter, Microsoft.VisualStudio.QualityTools.Tips.UnitTest.Adapter, Version=10.0.0.0, Culture=neutral, PublicKeyToken=b03f5f7f11d50a3a" className="UndeadEarth.Test.Dal.when_retrieving_hot_zones, UndeadEarth.Test, Version=1.0.0.0, Culture=neutral, PublicKeyToken=null" name="should_return_number_of_zombie_packs_left" />
    </UnitTest>
    <UnitTest name="should_retrieve_miles_traveled_for_user_that_exists" storage="c:\projects\undeadearth\undeadearth.test\bin\debug\undeadearth.test.dll" id="de169ee4-3985-9538-838d-f920eef5b26b">
      <Execution id="d06c321d-85c3-42b9-869a-5c0bd0d856be" />
      <TestMethod codeBase="C:/Projects/UndeadEarth/UndeadEarth.Test/bin/Debug/UndeadEarth.Test.DLL" adapterTypeName="Microsoft.VisualStudio.TestTools.TestTypes.Unit.UnitTestAdapter, Microsoft.VisualStudio.QualityTools.Tips.UnitTest.Adapter, Version=10.0.0.0, Culture=neutral, PublicKeyToken=b03f5f7f11d50a3a" className="UndeadEarth.Test.Dal.when_retrieving_user_counts, UndeadEarth.Test, Version=1.0.0.0, Culture=neutral, PublicKeyToken=null" name="should_retrieve_miles_traveled_for_user_that_exists" />
    </UnitTest>
    <UnitTest name="should_add_tent" storage="c:\projects\undeadearth\undeadearth.test\bin\debug\undeadearth.test.dll" id="4ad82b7e-b664-1e32-b013-da054510a32b">
      <Execution id="3779d6ec-096c-4062-bca5-ae53a1a28e86" />
      <TestMethod codeBase="C:/Projects/UndeadEarth/UndeadEarth.Test/bin/Debug/UndeadEarth.Test.DLL" adapterTypeName="Microsoft.VisualStudio.TestTools.TestTypes.Unit.UnitTestAdapter, Microsoft.VisualStudio.QualityTools.Tips.UnitTest.Adapter, Version=10.0.0.0, Culture=neutral, PublicKeyToken=b03f5f7f11d50a3a" className="UndeadEarth.Test.Dal.when_saving_user_items, UndeadEarth.Test, Version=1.0.0.0, Culture=neutral, PublicKeyToken=null" name="should_add_tent" />
    </UnitTest>
    <UnitTest name="should_check_users_level_after_hunt" storage="c:\projects\undeadearth\undeadearth.test\bin\debug\undeadearth.test.dll" id="01612aab-c0ea-12bb-1a12-76fce19990e3">
      <Execution id="eee95a02-ad78-4290-9f3d-a32b5d27fb2b" />
      <TestMethod codeBase="C:/Projects/UndeadEarth/UndeadEarth.Test/bin/Debug/UndeadEarth.Test.DLL" adapterTypeName="Microsoft.VisualStudio.TestTools.TestTypes.Unit.UnitTestAdapter, Microsoft.VisualStudio.QualityTools.Tips.UnitTest.Adapter, Version=10.0.0.0, Culture=neutral, PublicKeyToken=b03f5f7f11d50a3a" className="UndeadEarth.Test.Model.when_hunting_for_zombies, UndeadEarth.Test, Version=1.0.0.0, Culture=neutral, PublicKeyToken=null" name="should_check_users_level_after_hunt" />
    </UnitTest>
    <UnitTest name="should_throw_exception_when_retrieving_user_level_and_user_does_not_exist" storage="c:\projects\undeadearth\undeadearth.test\bin\debug\undeadearth.test.dll" id="e1d44afa-1394-6d68-cf3a-361e5ec94e83">
      <Execution id="5d614e8a-d4fb-438f-9cdf-ce66c395c5a9" />
      <TestMethod codeBase="C:/Projects/UndeadEarth/UndeadEarth.Test/bin/Debug/UndeadEarth.Test.DLL" adapterTypeName="Microsoft.VisualStudio.TestTools.TestTypes.Unit.UnitTestAdapter, Microsoft.VisualStudio.QualityTools.Tips.UnitTest.Adapter, Version=10.0.0.0, Culture=neutral, PublicKeyToken=b03f5f7f11d50a3a" className="UndeadEarth.Test.Dal.when_retrieving_user, UndeadEarth.Test, Version=1.0.0.0, Culture=neutral, PublicKeyToken=null" name="should_throw_exception_when_retrieving_user_level_and_user_does_not_exist" />
    </UnitTest>
    <UnitTest name="should_retriever_an_empty_list_given_invalid_hotzone_id" storage="c:\projects\undeadearth\undeadearth.test\bin\debug\undeadearth.test.dll" id="5b97deff-fa6b-c377-8ff2-c9c8d4bf8e55">
      <Execution id="35e8ec00-162d-4c8c-9ecc-3ea513a25b4a" />
      <TestMethod codeBase="C:/Projects/UndeadEarth/UndeadEarth.Test/bin/Debug/UndeadEarth.Test.DLL" adapterTypeName="Microsoft.VisualStudio.TestTools.TestTypes.Unit.UnitTestAdapter, Microsoft.VisualStudio.QualityTools.Tips.UnitTest.Adapter, Version=10.0.0.0, Culture=neutral, PublicKeyToken=b03f5f7f11d50a3a" className="UndeadEarth.Test.Dal.when_retrieving_safe_houses, UndeadEarth.Test, Version=1.0.0.0, Culture=neutral, PublicKeyToken=null" name="should_retriever_an_empty_list_given_invalid_hotzone_id" />
    </UnitTest>
    <UnitTest name="should_return_calcuated_energy_for_user_based_on_minutes_passed_since_last_saved_energy" storage="c:\projects\undeadearth\undeadearth.test\bin\debug\undeadearth.test.dll" id="f0a78964-7df7-6d28-3ebe-f82c2151fafb">
      <Execution id="efe17808-0f16-48c0-ae6d-4785ea8dba72" />
      <TestMethod codeBase="C:/Projects/UndeadEarth/UndeadEarth.Test/bin/Debug/UndeadEarth.Test.DLL" adapterTypeName="Microsoft.VisualStudio.TestTools.TestTypes.Unit.UnitTestAdapter, Microsoft.VisualStudio.QualityTools.Tips.UnitTest.Adapter, Version=10.0.0.0, Culture=neutral, PublicKeyToken=b03f5f7f11d50a3a" className="UndeadEarth.Test.Model.when_determining_users_current_energy, UndeadEarth.Test, Version=1.0.0.0, Culture=neutral, PublicKeyToken=null" name="should_return_calcuated_energy_for_user_based_on_minutes_passed_since_last_saved_energy" />
    </UnitTest>
    <UnitTest name="should_throw_exception_when_returning_baseline_energy_for_user_that_doesnt_exist" storage="c:\projects\undeadearth\undeadearth.test\bin\debug\undeadearth.test.dll" id="a4e874d3-81be-9f49-2511-92f0df88cee7">
      <Execution id="2ec62dc7-c9a6-456d-9f52-50cef2df7437" />
      <TestMethod codeBase="C:/Projects/UndeadEarth/UndeadEarth.Test/bin/Debug/UndeadEarth.Test.DLL" adapterTypeName="Microsoft.VisualStudio.TestTools.TestTypes.Unit.UnitTestAdapter, Microsoft.VisualStudio.QualityTools.Tips.UnitTest.Adapter, Version=10.0.0.0, Culture=neutral, PublicKeyToken=b03f5f7f11d50a3a" className="UndeadEarth.Test.Dal.when_retrieving_user, UndeadEarth.Test, Version=1.0.0.0, Culture=neutral, PublicKeyToken=null" name="should_throw_exception_when_returning_baseline_energy_for_user_that_doesnt_exist" />
    </UnitTest>
    <UnitTest name="should_retrieve_item_by_item_id" storage="c:\projects\undeadearth\undeadearth.test\bin\debug\undeadearth.test.dll" id="0da63870-00bb-b6e5-56ff-c32676768cb3">
      <Execution id="b1f1d5ae-7504-4033-9b79-c69f5aa1556b" />
      <TestMethod codeBase="C:/Projects/UndeadEarth/UndeadEarth.Test/bin/Debug/UndeadEarth.Test.DLL" adapterTypeName="Microsoft.VisualStudio.TestTools.TestTypes.Unit.UnitTestAdapter, Microsoft.VisualStudio.QualityTools.Tips.UnitTest.Adapter, Version=10.0.0.0, Culture=neutral, PublicKeyToken=b03f5f7f11d50a3a" className="UndeadEarth.Test.Dal.when_retrieving_items, UndeadEarth.Test, Version=1.0.0.0, Culture=neutral, PublicKeyToken=null" name="should_retrieve_item_by_item_id" />
    </UnitTest>
    <UnitTest name="should_return_lastvisite_hotzone_id_for_user_that_has_visited_a_hotzone" storage="c:\projects\undeadearth\undeadearth.test\bin\debug\undeadearth.test.dll" id="15d93832-4f17-b3dc-992d-8c3088d960e1">
      <Execution id="461f8a34-6433-4162-bb03-0bf90523feac" />
      <TestMethod codeBase="C:/Projects/UndeadEarth/UndeadEarth.Test/bin/Debug/UndeadEarth.Test.DLL" adapterTypeName="Microsoft.VisualStudio.TestTools.TestTypes.Unit.UnitTestAdapter, Microsoft.VisualStudio.QualityTools.Tips.UnitTest.Adapter, Version=10.0.0.0, Culture=neutral, PublicKeyToken=b03f5f7f11d50a3a" className="UndeadEarth.Test.Dal.when_retrieving_user, UndeadEarth.Test, Version=1.0.0.0, Culture=neutral, PublicKeyToken=null" name="should_return_lastvisite_hotzone_id_for_user_that_has_visited_a_hotzone" />
    </UnitTest>
    <UnitTest name="should_retrieve_user_current_base_attack" storage="c:\projects\undeadearth\undeadearth.test\bin\debug\undeadearth.test.dll" id="6efd94c0-48f1-f3dc-5a7c-d483288ae14d">
      <Execution id="18e47bb9-d439-441f-87fa-9e34f279bdab" />
      <TestMethod codeBase="C:/Projects/UndeadEarth/UndeadEarth.Test/bin/Debug/UndeadEarth.Test.DLL" adapterTypeName="Microsoft.VisualStudio.TestTools.TestTypes.Unit.UnitTestAdapter, Microsoft.VisualStudio.QualityTools.Tips.UnitTest.Adapter, Version=10.0.0.0, Culture=neutral, PublicKeyToken=b03f5f7f11d50a3a" className="UndeadEarth.Test.Dal.when_retrieving_user, UndeadEarth.Test, Version=1.0.0.0, Culture=neutral, PublicKeyToken=null" name="should_retrieve_user_current_base_attack" />
    </UnitTest>
    <UnitTest name="should_disregard_if_safe_house_does_not_exist" storage="c:\projects\undeadearth\undeadearth.test\bin\debug\undeadearth.test.dll" id="fda20422-40a9-5283-8a02-f548ab2ba5fd">
      <Execution id="5016a0a8-28a2-4b53-a74b-b02c9560833d" />
      <TestMethod codeBase="C:/Projects/UndeadEarth/UndeadEarth.Test/bin/Debug/UndeadEarth.Test.DLL" adapterTypeName="Microsoft.VisualStudio.TestTools.TestTypes.Unit.UnitTestAdapter, Microsoft.VisualStudio.QualityTools.Tips.UnitTest.Adapter, Version=10.0.0.0, Culture=neutral, PublicKeyToken=b03f5f7f11d50a3a" className="UndeadEarth.Test.Model.when_transferring_items_from_user_to_safe_house, UndeadEarth.Test, Version=1.0.0.0, Culture=neutral, PublicKeyToken=null" name="should_disregard_if_safe_house_does_not_exist" />
    </UnitTest>
    <UnitTest name="should_set_peak_attack_if_greater_than_whats_currently_saved" storage="c:\projects\undeadearth\undeadearth.test\bin\debug\undeadearth.test.dll" id="b3df8862-1b3b-daec-78d1-26c8d0d4c769">
      <Execution id="ea446837-c892-4f8b-8fa7-750dad442ef5" />
      <TestMethod codeBase="C:/Projects/UndeadEarth/UndeadEarth.Test/bin/Debug/UndeadEarth.Test.DLL" adapterTypeName="Microsoft.VisualStudio.TestTools.TestTypes.Unit.UnitTestAdapter, Microsoft.VisualStudio.QualityTools.Tips.UnitTest.Adapter, Version=10.0.0.0, Culture=neutral, PublicKeyToken=b03f5f7f11d50a3a" className="UndeadEarth.Test.Dal.when_saving_user_counts, UndeadEarth.Test, Version=1.0.0.0, Culture=neutral, PublicKeyToken=null" name="should_set_peak_attack_if_greater_than_whats_currently_saved" />
    </UnitTest>
    <UnitTest name="should_retrieve_zombies_detroyed" storage="c:\projects\undeadearth\undeadearth.test\bin\debug\undeadearth.test.dll" id="cb08040d-63a1-ab84-f3c4-dce8729ce3d1">
      <Execution id="14182527-0494-4ee5-b261-b83f4cfbbdc3" />
      <TestMethod codeBase="C:/Projects/UndeadEarth/UndeadEarth.Test/bin/Debug/UndeadEarth.Test.DLL" adapterTypeName="Microsoft.VisualStudio.TestTools.TestTypes.Unit.UnitTestAdapter, Microsoft.VisualStudio.QualityTools.Tips.UnitTest.Adapter, Version=10.0.0.0, Culture=neutral, PublicKeyToken=b03f5f7f11d50a3a" className="UndeadEarth.Test.Dal.when_retrieving_user_counts, UndeadEarth.Test, Version=1.0.0.0, Culture=neutral, PublicKeyToken=null" name="should_retrieve_zombies_detroyed" />
    </UnitTest>
    <UnitTest name="should_return_zero_if_attack_is_null" storage="c:\projects\undeadearth\undeadearth.test\bin\debug\undeadearth.test.dll" id="4aab1a6a-e217-fabe-67d7-73dafcd94369">
      <Execution id="4e8fe134-0b19-40cf-9b81-5866ea8a8cd4" />
      <TestMethod codeBase="C:/Projects/UndeadEarth/UndeadEarth.Test/bin/Debug/UndeadEarth.Test.DLL" adapterTypeName="Microsoft.VisualStudio.TestTools.TestTypes.Unit.UnitTestAdapter, Microsoft.VisualStudio.QualityTools.Tips.UnitTest.Adapter, Version=10.0.0.0, Culture=neutral, PublicKeyToken=b03f5f7f11d50a3a" className="UndeadEarth.Test.Dal.when_retrieving_items, UndeadEarth.Test, Version=1.0.0.0, Culture=neutral, PublicKeyToken=null" name="should_return_zero_if_attack_is_null" />
    </UnitTest>
    <UnitTest name="should_increment_accumulated_money" storage="c:\projects\undeadearth\undeadearth.test\bin\debug\undeadearth.test.dll" id="eb7106dc-eb88-ec99-7bfd-0b16f51297ea">
      <Execution id="5a741559-d49c-47c4-8e01-2952ff244862" />
      <TestMethod codeBase="C:/Projects/UndeadEarth/UndeadEarth.Test/bin/Debug/UndeadEarth.Test.DLL" adapterTypeName="Microsoft.VisualStudio.TestTools.TestTypes.Unit.UnitTestAdapter, Microsoft.VisualStudio.QualityTools.Tips.UnitTest.Adapter, Version=10.0.0.0, Culture=neutral, PublicKeyToken=b03f5f7f11d50a3a" className="UndeadEarth.Test.Dal.when_saving_user_counts, UndeadEarth.Test, Version=1.0.0.0, Culture=neutral, PublicKeyToken=null" name="should_increment_accumulated_money" />
    </UnitTest>
    <UnitTest name="should_return_attack_power_based_on_items_in_safehouse_with_user_not_having_any_money" storage="c:\projects\undeadearth\undeadearth.test\bin\debug\undeadearth.test.dll" id="bed0bac3-5433-e3b2-3646-ee5b82bf2f3c">
      <Execution id="43a42c64-232f-45d0-9037-468e8aaf8966" />
      <TestMethod codeBase="C:/Projects/UndeadEarth/UndeadEarth.Test/bin/Debug/UndeadEarth.Test.DLL" adapterTypeName="Microsoft.VisualStudio.TestTools.TestTypes.Unit.UnitTestAdapter, Microsoft.VisualStudio.QualityTools.Tips.UnitTest.Adapter, Version=10.0.0.0, Culture=neutral, PublicKeyToken=b03f5f7f11d50a3a" className="UndeadEarth.Test.Model.when_determining_users_max_potential_attack_power, UndeadEarth.Test, Version=1.0.0.0, Culture=neutral, PublicKeyToken=null" name="should_return_attack_power_based_on_items_in_safehouse_with_user_not_having_any_money" />
    </UnitTest>
    <UnitTest name="should_return_min_sight_radius_if_calculated_sight_for_time_passed_in_is_less_than_min_sight_radius_of_user" storage="c:\projects\undeadearth\undeadearth.test\bin\debug\undeadearth.test.dll" id="dfea3fa1-b295-8c05-710e-e2cb6ce3f9d6">
      <Execution id="6df2dafc-3179-4de9-9dff-ccbdfa7db507" />
      <TestMethod codeBase="C:/Projects/UndeadEarth/UndeadEarth.Test/bin/Debug/UndeadEarth.Test.DLL" adapterTypeName="Microsoft.VisualStudio.TestTools.TestTypes.Unit.UnitTestAdapter, Microsoft.VisualStudio.QualityTools.Tips.UnitTest.Adapter, Version=10.0.0.0, Culture=neutral, PublicKeyToken=b03f5f7f11d50a3a" className="UndeadEarth.Test.Model.when_determining_users_current_sight_radius, UndeadEarth.Test, Version=1.0.0.0, Culture=neutral, PublicKeyToken=null" name="should_return_min_sight_radius_if_calculated_sight_for_time_passed_in_is_less_than_min_sight_radius_of_user" />
    </UnitTest>
    <UnitTest name="should_set_last_saved_sight_radius_to_base_sight_radius_if_last_saved_radius_does_not_exist" storage="c:\projects\undeadearth\undeadearth.test\bin\debug\undeadearth.test.dll" id="a2865b2e-10f7-d550-33c8-b7ec8623e85f">
      <Execution id="21ad97d7-95e3-4ac0-85b8-b65108b2f272" />
      <TestMethod codeBase="C:/Projects/UndeadEarth/UndeadEarth.Test/bin/Debug/UndeadEarth.Test.DLL" adapterTypeName="Microsoft.VisualStudio.TestTools.TestTypes.Unit.UnitTestAdapter, Microsoft.VisualStudio.QualityTools.Tips.UnitTest.Adapter, Version=10.0.0.0, Culture=neutral, PublicKeyToken=b03f5f7f11d50a3a" className="UndeadEarth.Test.Model.when_determining_users_current_sight_radius, UndeadEarth.Test, Version=1.0.0.0, Culture=neutral, PublicKeyToken=null" name="should_set_last_saved_sight_radius_to_base_sight_radius_if_last_saved_radius_does_not_exist" />
    </UnitTest>
    <UnitTest name="should_set_energy_to_zero_if_item_energy_plus_user_energy_is_negative" storage="c:\projects\undeadearth\undeadearth.test\bin\debug\undeadearth.test.dll" id="7a4bb2ce-d62d-4561-dc89-28a6c8155af3">
      <Execution id="dbbb318a-ac53-468b-ad08-3a9430f31f18" />
      <TestMethod codeBase="C:/Projects/UndeadEarth/UndeadEarth.Test/bin/Debug/UndeadEarth.Test.DLL" adapterTypeName="Microsoft.VisualStudio.TestTools.TestTypes.Unit.UnitTestAdapter, Microsoft.VisualStudio.QualityTools.Tips.UnitTest.Adapter, Version=10.0.0.0, Culture=neutral, PublicKeyToken=b03f5f7f11d50a3a" className="UndeadEarth.Test.Model.when_using_items, UndeadEarth.Test, Version=1.0.0.0, Culture=neutral, PublicKeyToken=null" name="should_set_energy_to_zero_if_item_energy_plus_user_energy_is_negative" />
    </UnitTest>
    <UnitTest name="should_save_and_return_zombie_pack_progress_with_random_difficulty_if_its_the_first_time_user_has_visited_zombie_pack" storage="c:\projects\undeadearth\undeadearth.test\bin\debug\undeadearth.test.dll" id="2448c480-75b4-6f61-f066-698054ffd863">
      <Execution id="9b1a4dd2-6c42-4f91-8328-b76e14a8d6af" />
      <TestMethod codeBase="C:/Projects/UndeadEarth/UndeadEarth.Test/bin/Debug/UndeadEarth.Test.DLL" adapterTypeName="Microsoft.VisualStudio.TestTools.TestTypes.Unit.UnitTestAdapter, Microsoft.VisualStudio.QualityTools.Tips.UnitTest.Adapter, Version=10.0.0.0, Culture=neutral, PublicKeyToken=b03f5f7f11d50a3a" className="UndeadEarth.Test.Model.when_determining_zombie_pack_progress, UndeadEarth.Test, Version=1.0.0.0, Culture=neutral, PublicKeyToken=null" name="should_save_and_return_zombie_pack_progress_with_random_difficulty_if_its_the_first_time_user_has_visited_zombie_pack" />
    </UnitTest>
    <UnitTest name="should_calculate_western_point" storage="c:\projects\undeadearth\undeadearth.test\bin\debug\undeadearth.test.dll" id="49e3a9e9-dcf0-f3e5-85da-9f5499fab731">
      <Execution id="81695d57-e416-465d-84e5-0a063f0e79f8" />
      <TestMethod codeBase="C:/Projects/UndeadEarth/UndeadEarth.Test/bin/Debug/UndeadEarth.Test.DLL" adapterTypeName="Microsoft.VisualStudio.TestTools.TestTypes.Unit.UnitTestAdapter, Microsoft.VisualStudio.QualityTools.Tips.UnitTest.Adapter, Version=10.0.0.0, Culture=neutral, PublicKeyToken=b03f5f7f11d50a3a" className="UndeadEarth.Test.Model.when_calculating_distance, UndeadEarth.Test, Version=1.0.0.0, Culture=neutral, PublicKeyToken=null" name="should_calculate_western_point" />
    </UnitTest>
    <UnitTest name="should_return_achievement_for_destroying_100_hotzones" storage="c:\projects\undeadearth\undeadearth.test\bin\debug\undeadearth.test.dll" id="1ade4597-88a4-ccb5-c182-1ea16f848376">
      <Execution id="676354e5-c001-4b2b-abff-f368ee8fdf73" />
      <TestMethod codeBase="C:/Projects/UndeadEarth/UndeadEarth.Test/bin/Debug/UndeadEarth.Test.DLL" adapterTypeName="Microsoft.VisualStudio.TestTools.TestTypes.Unit.UnitTestAdapter, Microsoft.VisualStudio.QualityTools.Tips.UnitTest.Adapter, Version=10.0.0.0, Culture=neutral, PublicKeyToken=b03f5f7f11d50a3a" className="UndeadEarth.Test.Model.when_retrieving_achievements, UndeadEarth.Test, Version=1.0.0.0, Culture=neutral, PublicKeyToken=null" name="should_return_achievement_for_destroying_100_hotzones" />
    </UnitTest>
    <UnitTest name="should_return_true_if_hotzone_is_a_starting_hotzone" storage="c:\projects\undeadearth\undeadearth.test\bin\debug\undeadearth.test.dll" id="53d3d174-2438-d916-b931-5b84347506a5">
      <Execution id="ae2ac5a3-f83a-483d-99b3-2a2193d01552" />
      <TestMethod codeBase="C:/Projects/UndeadEarth/UndeadEarth.Test/bin/Debug/UndeadEarth.Test.DLL" adapterTypeName="Microsoft.VisualStudio.TestTools.TestTypes.Unit.UnitTestAdapter, Microsoft.VisualStudio.QualityTools.Tips.UnitTest.Adapter, Version=10.0.0.0, Culture=neutral, PublicKeyToken=b03f5f7f11d50a3a" className="UndeadEarth.Test.Dal.when_retrieving_hot_zones, UndeadEarth.Test, Version=1.0.0.0, Culture=neutral, PublicKeyToken=null" name="should_return_true_if_hotzone_is_a_starting_hotzone" />
    </UnitTest>
    <UnitTest name="should_save_user_sight_radius" storage="c:\projects\undeadearth\undeadearth.test\bin\debug\undeadearth.test.dll" id="ea325b6e-c3ab-3827-d099-c8e61f5a4b92">
      <Execution id="118f415a-c720-43af-9d47-3ddaaa1951b4" />
      <TestMethod codeBase="C:/Projects/UndeadEarth/UndeadEarth.Test/bin/Debug/UndeadEarth.Test.DLL" adapterTypeName="Microsoft.VisualStudio.TestTools.TestTypes.Unit.UnitTestAdapter, Microsoft.VisualStudio.QualityTools.Tips.UnitTest.Adapter, Version=10.0.0.0, Culture=neutral, PublicKeyToken=b03f5f7f11d50a3a" className="UndeadEarth.Test.Dal.when_saving_user_sight_radius, UndeadEarth.Test, Version=1.0.0.0, Culture=neutral, PublicKeyToken=null" name="should_save_user_sight_radius" />
    </UnitTest>
    <UnitTest name="should_return_hotzone_as_cleared" storage="c:\projects\undeadearth\undeadearth.test\bin\debug\undeadearth.test.dll" id="b16bd29a-b3d8-bf0d-809b-edcc4ff2fca0">
      <Execution id="8ccdc221-bc9b-4bee-946c-03b155ddfd44" />
      <TestMethod codeBase="C:/Projects/UndeadEarth/UndeadEarth.Test/bin/Debug/UndeadEarth.Test.DLL" adapterTypeName="Microsoft.VisualStudio.TestTools.TestTypes.Unit.UnitTestAdapter, Microsoft.VisualStudio.QualityTools.Tips.UnitTest.Adapter, Version=10.0.0.0, Culture=neutral, PublicKeyToken=b03f5f7f11d50a3a" className="UndeadEarth.Test.Dal.when_determining_if_hotzones_is_cleared, UndeadEarth.Test, Version=1.0.0.0, Culture=neutral, PublicKeyToken=null" name="should_return_hotzone_as_cleared" />
    </UnitTest>
    <UnitTest name="given_user_has_money_and_items_in_safe_house_and_can_buy_items_should_return_the_energy_that_is_greater_between_safehouse_items_and_store_items" storage="c:\projects\undeadearth\undeadearth.test\bin\debug\undeadearth.test.dll" id="a2cd0fe1-b87c-c070-6665-87346857dbcd">
      <Execution id="81e015c8-7b9e-4fc3-9ac0-9bf90c27a76a" />
      <TestMethod codeBase="C:/Projects/UndeadEarth/UndeadEarth.Test/bin/Debug/UndeadEarth.Test.DLL" adapterTypeName="Microsoft.VisualStudio.TestTools.TestTypes.Unit.UnitTestAdapter, Microsoft.VisualStudio.QualityTools.Tips.UnitTest.Adapter, Version=10.0.0.0, Culture=neutral, PublicKeyToken=b03f5f7f11d50a3a" className="UndeadEarth.Test.Model.when_determining_users_max_potential_energy, UndeadEarth.Test, Version=1.0.0.0, Culture=neutral, PublicKeyToken=null" name="given_user_has_money_and_items_in_safe_house_and_can_buy_items_should_return_the_energy_that_is_greater_between_safehouse_items_and_store_items" />
    </UnitTest>
    <UnitTest name="should_return_achievement_for_collecting_100000_dollars" storage="c:\projects\undeadearth\undeadearth.test\bin\debug\undeadearth.test.dll" id="13954612-b76a-9796-df53-2efe3530832a">
      <Execution id="fdc3a186-d2db-4d5f-a85b-a9bbcd0822ac" />
      <TestMethod codeBase="C:/Projects/UndeadEarth/UndeadEarth.Test/bin/Debug/UndeadEarth.Test.DLL" adapterTypeName="Microsoft.VisualStudio.TestTools.TestTypes.Unit.UnitTestAdapter, Microsoft.VisualStudio.QualityTools.Tips.UnitTest.Adapter, Version=10.0.0.0, Culture=neutral, PublicKeyToken=b03f5f7f11d50a3a" className="UndeadEarth.Test.Model.when_retrieving_achievements, UndeadEarth.Test, Version=1.0.0.0, Culture=neutral, PublicKeyToken=null" name="should_return_achievement_for_collecting_100000_dollars" />
    </UnitTest>
    <UnitTest name="should_throw_error_for_saving_last_energy_if_user_does_not_exist" storage="c:\projects\undeadearth\undeadearth.test\bin\debug\undeadearth.test.dll" id="61f447bc-f31d-7adc-e8ff-51ce31625b90">
      <Execution id="230bda3d-3b98-4499-87eb-51406514b0e6" />
      <TestMethod codeBase="C:/Projects/UndeadEarth/UndeadEarth.Test/bin/Debug/UndeadEarth.Test.DLL" adapterTypeName="Microsoft.VisualStudio.TestTools.TestTypes.Unit.UnitTestAdapter, Microsoft.VisualStudio.QualityTools.Tips.UnitTest.Adapter, Version=10.0.0.0, Culture=neutral, PublicKeyToken=b03f5f7f11d50a3a" className="UndeadEarth.Test.Dal.Utility.when_saving_user_energy, UndeadEarth.Test, Version=1.0.0.0, Culture=neutral, PublicKeyToken=null" name="should_throw_error_for_saving_last_energy_if_user_does_not_exist" />
    </UnitTest>
    <UnitTest name="should_return_correct_inventory_slot_number_for_given_level" storage="c:\projects\undeadearth\undeadearth.test\bin\debug\undeadearth.test.dll" id="40c4a339-897f-73e3-e8be-fed33feff0fc">
      <Execution id="48078494-71b3-418c-9856-8b5fe82b41ff" />
      <TestMethod codeBase="C:/Projects/UndeadEarth/UndeadEarth.Test/bin/Debug/UndeadEarth.Test.DLL" adapterTypeName="Microsoft.VisualStudio.TestTools.TestTypes.Unit.UnitTestAdapter, Microsoft.VisualStudio.QualityTools.Tips.UnitTest.Adapter, Version=10.0.0.0, Culture=neutral, PublicKeyToken=b03f5f7f11d50a3a" className="UndeadEarth.Test.Model.when_servicing_user_level_and_attributes, UndeadEarth.Test, Version=1.0.0.0, Culture=neutral, PublicKeyToken=null" name="should_return_correct_inventory_slot_number_for_given_level" />
    </UnitTest>
    <UnitTest name="should_return_the_number_of_zombie_kills_needed_for_next_level" storage="c:\projects\undeadearth\undeadearth.test\bin\debug\undeadearth.test.dll" id="24e2889f-3174-5207-6e2d-3941d6d3ab4a">
      <Execution id="34060621-0856-4c8e-9bff-2d3a9d45031e" />
      <TestMethod codeBase="C:/Projects/UndeadEarth/UndeadEarth.Test/bin/Debug/UndeadEarth.Test.DLL" adapterTypeName="Microsoft.VisualStudio.TestTools.TestTypes.Unit.UnitTestAdapter, Microsoft.VisualStudio.QualityTools.Tips.UnitTest.Adapter, Version=10.0.0.0, Culture=neutral, PublicKeyToken=b03f5f7f11d50a3a" className="UndeadEarth.Test.Model.when_servicing_user_level_and_attributes, UndeadEarth.Test, Version=1.0.0.0, Culture=neutral, PublicKeyToken=null" name="should_return_the_number_of_zombie_kills_needed_for_next_level" />
    </UnitTest>
    <UnitTest name="should_return_accumulated_money" storage="c:\projects\undeadearth\undeadearth.test\bin\debug\undeadearth.test.dll" id="8538b685-e301-b4f2-f6ec-7abb74e1fb4b">
      <Execution id="36450dbc-d152-4eb4-9849-63dee3f09e55" />
      <TestMethod codeBase="C:/Projects/UndeadEarth/UndeadEarth.Test/bin/Debug/UndeadEarth.Test.DLL" adapterTypeName="Microsoft.VisualStudio.TestTools.TestTypes.Unit.UnitTestAdapter, Microsoft.VisualStudio.QualityTools.Tips.UnitTest.Adapter, Version=10.0.0.0, Culture=neutral, PublicKeyToken=b03f5f7f11d50a3a" className="UndeadEarth.Test.Dal.when_retrieving_user_counts, UndeadEarth.Test, Version=1.0.0.0, Culture=neutral, PublicKeyToken=null" name="should_return_accumulated_money" />
    </UnitTest>
    <UnitTest name="should_return_if_user_has_not_killed_enough_zombies_for_next_level" storage="c:\projects\undeadearth\undeadearth.test\bin\debug\undeadearth.test.dll" id="35d7f681-d185-2e89-da65-ece3bc8e6e75">
      <Execution id="a7636f04-02f3-437b-86cc-a0a84967de28" />
      <TestMethod codeBase="C:/Projects/UndeadEarth/UndeadEarth.Test/bin/Debug/UndeadEarth.Test.DLL" adapterTypeName="Microsoft.VisualStudio.TestTools.TestTypes.Unit.UnitTestAdapter, Microsoft.VisualStudio.QualityTools.Tips.UnitTest.Adapter, Version=10.0.0.0, Culture=neutral, PublicKeyToken=b03f5f7f11d50a3a" className="UndeadEarth.Test.Model.when_servicing_user_level_and_attributes, UndeadEarth.Test, Version=1.0.0.0, Culture=neutral, PublicKeyToken=null" name="should_return_if_user_has_not_killed_enough_zombies_for_next_level" />
    </UnitTest>
    <UnitTest name="should_not_set_sight_radius_lower_than_the_minimum_sight_radius_for_user" storage="c:\projects\undeadearth\undeadearth.test\bin\debug\undeadearth.test.dll" id="00803d11-60d8-3003-79e6-d2290acd2110">
      <Execution id="4ba72b83-3e9e-41e6-8721-c74c166baf23" />
      <TestMethod codeBase="C:/Projects/UndeadEarth/UndeadEarth.Test/bin/Debug/UndeadEarth.Test.DLL" adapterTypeName="Microsoft.VisualStudio.TestTools.TestTypes.Unit.UnitTestAdapter, Microsoft.VisualStudio.QualityTools.Tips.UnitTest.Adapter, Version=10.0.0.0, Culture=neutral, PublicKeyToken=b03f5f7f11d50a3a" className="UndeadEarth.Test.Model.when_using_items, UndeadEarth.Test, Version=1.0.0.0, Culture=neutral, PublicKeyToken=null" name="should_not_set_sight_radius_lower_than_the_minimum_sight_radius_for_user" />
    </UnitTest>
    <UnitTest name="should_return_if_user_does_not_exist" storage="c:\projects\undeadearth\undeadearth.test\bin\debug\undeadearth.test.dll" id="74c211d1-a8ea-e685-b3ae-006434becd54">
      <Execution id="4354bf69-a611-48f7-9792-68f436dfa0c4" />
      <TestMethod codeBase="C:/Projects/UndeadEarth/UndeadEarth.Test/bin/Debug/UndeadEarth.Test.DLL" adapterTypeName="Microsoft.VisualStudio.TestTools.TestTypes.Unit.UnitTestAdapter, Microsoft.VisualStudio.QualityTools.Tips.UnitTest.Adapter, Version=10.0.0.0, Culture=neutral, PublicKeyToken=b03f5f7f11d50a3a" className="UndeadEarth.Test.Model.when_using_items, UndeadEarth.Test, Version=1.0.0.0, Culture=neutral, PublicKeyToken=null" name="should_return_if_user_does_not_exist" />
    </UnitTest>
    <UnitTest name="should_return_an_empty_progress_if_zombie_pack_doesnt_exist" storage="c:\projects\undeadearth\undeadearth.test\bin\debug\undeadearth.test.dll" id="ba89953e-a09d-28cf-6946-aa203e1b8fb8">
      <Execution id="b2153f83-c984-45ff-b6a2-7956453fa043" />
      <TestMethod codeBase="C:/Projects/UndeadEarth/UndeadEarth.Test/bin/Debug/UndeadEarth.Test.DLL" adapterTypeName="Microsoft.VisualStudio.TestTools.TestTypes.Unit.UnitTestAdapter, Microsoft.VisualStudio.QualityTools.Tips.UnitTest.Adapter, Version=10.0.0.0, Culture=neutral, PublicKeyToken=b03f5f7f11d50a3a" className="UndeadEarth.Test.Model.when_determining_zombie_pack_progress, UndeadEarth.Test, Version=1.0.0.0, Culture=neutral, PublicKeyToken=null" name="should_return_an_empty_progress_if_zombie_pack_doesnt_exist" />
    </UnitTest>
    <UnitTest name="should_return_achievement_for_collecting_1000000_dollars" storage="c:\projects\undeadearth\undeadearth.test\bin\debug\undeadearth.test.dll" id="456f5311-d61b-5ef4-13ac-a1ceca766e06">
      <Execution id="09a7fd67-4340-4a47-837e-394a411aa425" />
      <TestMethod codeBase="C:/Projects/UndeadEarth/UndeadEarth.Test/bin/Debug/UndeadEarth.Test.DLL" adapterTypeName="Microsoft.VisualStudio.TestTools.TestTypes.Unit.UnitTestAdapter, Microsoft.VisualStudio.QualityTools.Tips.UnitTest.Adapter, Version=10.0.0.0, Culture=neutral, PublicKeyToken=b03f5f7f11d50a3a" className="UndeadEarth.Test.Model.when_retrieving_achievements, UndeadEarth.Test, Version=1.0.0.0, Culture=neutral, PublicKeyToken=null" name="should_return_achievement_for_collecting_1000000_dollars" />
    </UnitTest>
    <UnitTest name="should_return_null_for_last_saved_sight_radius_if_user_exists_but_sight_radius_is_null" storage="c:\projects\undeadearth\undeadearth.test\bin\debug\undeadearth.test.dll" id="027692e3-3856-06fd-bce6-644a6cf7eb82">
      <Execution id="29a51ee9-8f60-42a1-91fa-c345f9405bbd" />
      <TestMethod codeBase="C:/Projects/UndeadEarth/UndeadEarth.Test/bin/Debug/UndeadEarth.Test.DLL" adapterTypeName="Microsoft.VisualStudio.TestTools.TestTypes.Unit.UnitTestAdapter, Microsoft.VisualStudio.QualityTools.Tips.UnitTest.Adapter, Version=10.0.0.0, Culture=neutral, PublicKeyToken=b03f5f7f11d50a3a" className="UndeadEarth.Test.Dal.when_retrieving_user_sight_radius, UndeadEarth.Test, Version=1.0.0.0, Culture=neutral, PublicKeyToken=null" name="should_return_null_for_last_saved_sight_radius_if_user_exists_but_sight_radius_is_null" />
    </UnitTest>
    <UnitTest name="should_update_baseline_attack_power_for_user" storage="c:\projects\undeadearth\undeadearth.test\bin\debug\undeadearth.test.dll" id="1f98f9e8-cb47-74ae-9470-dfe55c54483a">
      <Execution id="b95b0fa0-a0ef-48e4-b593-d250fccd2e68" />
      <TestMethod codeBase="C:/Projects/UndeadEarth/UndeadEarth.Test/bin/Debug/UndeadEarth.Test.DLL" adapterTypeName="Microsoft.VisualStudio.TestTools.TestTypes.Unit.UnitTestAdapter, Microsoft.VisualStudio.QualityTools.Tips.UnitTest.Adapter, Version=10.0.0.0, Culture=neutral, PublicKeyToken=b03f5f7f11d50a3a" className="UndeadEarth.Test.Dal.when_saving_user, UndeadEarth.Test, Version=1.0.0.0, Culture=neutral, PublicKeyToken=null" name="should_update_baseline_attack_power_for_user" />
    </UnitTest>
    <UnitTest name="should_record_money_earned_after_a_succesful_hunt" storage="c:\projects\undeadearth\undeadearth.test\bin\debug\undeadearth.test.dll" id="147b1cfd-fcbf-4ec1-a009-05f059879e52">
      <Execution id="c500a684-ec94-41ec-8402-c94092bca063" />
      <TestMethod codeBase="C:/Projects/UndeadEarth/UndeadEarth.Test/bin/Debug/UndeadEarth.Test.DLL" adapterTypeName="Microsoft.VisualStudio.TestTools.TestTypes.Unit.UnitTestAdapter, Microsoft.VisualStudio.QualityTools.Tips.UnitTest.Adapter, Version=10.0.0.0, Culture=neutral, PublicKeyToken=b03f5f7f11d50a3a" className="UndeadEarth.Test.Model.when_hunting_for_zombies, UndeadEarth.Test, Version=1.0.0.0, Culture=neutral, PublicKeyToken=null" name="should_record_money_earned_after_a_succesful_hunt" />
    </UnitTest>
    <UnitTest name="should_disregard_hunt_if_zombie_pack_does_not_have_any_zombies" storage="c:\projects\undeadearth\undeadearth.test\bin\debug\undeadearth.test.dll" id="6fc1d911-2aa7-09d2-3f37-8e698e0a0e1a">
      <Execution id="5c3ef732-3a9e-4596-9f51-a5d1beed49b7" />
      <TestMethod codeBase="C:/Projects/UndeadEarth/UndeadEarth.Test/bin/Debug/UndeadEarth.Test.DLL" adapterTypeName="Microsoft.VisualStudio.TestTools.TestTypes.Unit.UnitTestAdapter, Microsoft.VisualStudio.QualityTools.Tips.UnitTest.Adapter, Version=10.0.0.0, Culture=neutral, PublicKeyToken=b03f5f7f11d50a3a" className="UndeadEarth.Test.Model.when_hunting_for_zombies, UndeadEarth.Test, Version=1.0.0.0, Culture=neutral, PublicKeyToken=null" name="should_disregard_hunt_if_zombie_pack_does_not_have_any_zombies" />
    </UnitTest>
    <UnitTest name="should_set_sight_radius_to_5_for_user_who_exists_but_does_not_have_a_base_sight_radius_value" storage="c:\projects\undeadearth\undeadearth.test\bin\debug\undeadearth.test.dll" id="cf462ec4-8531-1e43-07c6-e34f96bb70c0">
      <Execution id="d961be85-e772-455d-ae59-add009cab47d" />
      <TestMethod codeBase="C:/Projects/UndeadEarth/UndeadEarth.Test/bin/Debug/UndeadEarth.Test.DLL" adapterTypeName="Microsoft.VisualStudio.TestTools.TestTypes.Unit.UnitTestAdapter, Microsoft.VisualStudio.QualityTools.Tips.UnitTest.Adapter, Version=10.0.0.0, Culture=neutral, PublicKeyToken=b03f5f7f11d50a3a" className="UndeadEarth.Test.Model.when_determining_users_current_sight_radius, UndeadEarth.Test, Version=1.0.0.0, Culture=neutral, PublicKeyToken=null" name="should_set_sight_radius_to_5_for_user_who_exists_but_does_not_have_a_base_sight_radius_value" />
    </UnitTest>
    <UnitTest name="should_change_users_sight_radius_if_item_has_a_distance_attribute_not_equal_to_zero" storage="c:\projects\undeadearth\undeadearth.test\bin\debug\undeadearth.test.dll" id="bb62f7f6-95bc-c16c-f91c-8661bb447531">
      <Execution id="794555f0-2cd7-4976-8a93-4ce7c7a4d47f" />
      <TestMethod codeBase="C:/Projects/UndeadEarth/UndeadEarth.Test/bin/Debug/UndeadEarth.Test.DLL" adapterTypeName="Microsoft.VisualStudio.TestTools.TestTypes.Unit.UnitTestAdapter, Microsoft.VisualStudio.QualityTools.Tips.UnitTest.Adapter, Version=10.0.0.0, Culture=neutral, PublicKeyToken=b03f5f7f11d50a3a" className="UndeadEarth.Test.Model.when_using_items, UndeadEarth.Test, Version=1.0.0.0, Culture=neutral, PublicKeyToken=null" name="should_change_users_sight_radius_if_item_has_a_distance_attribute_not_equal_to_zero" />
    </UnitTest>
    <UnitTest name="should_throw_error_if_facebook_user_id_is_0_user_exists_is_attempted" storage="c:\projects\undeadearth\undeadearth.test\bin\debug\undeadearth.test.dll" id="20c7eedc-a25f-bd99-048a-d0191e8444d6">
      <Execution id="3249ad5e-9204-41b4-ad5f-ad2190d566c5" />
      <TestMethod codeBase="C:/Projects/UndeadEarth/UndeadEarth.Test/bin/Debug/UndeadEarth.Test.DLL" adapterTypeName="Microsoft.VisualStudio.TestTools.TestTypes.Unit.UnitTestAdapter, Microsoft.VisualStudio.QualityTools.Tips.UnitTest.Adapter, Version=10.0.0.0, Culture=neutral, PublicKeyToken=b03f5f7f11d50a3a" className="UndeadEarth.Test.Dal.when_retrieving_user, UndeadEarth.Test, Version=1.0.0.0, Culture=neutral, PublicKeyToken=null" name="should_throw_error_if_facebook_user_id_is_0_user_exists_is_attempted" />
    </UnitTest>
    <UnitTest name="should_save_user_item_in_safe_house" storage="c:\projects\undeadearth\undeadearth.test\bin\debug\undeadearth.test.dll" id="f9c3b8d4-44eb-d441-d7b4-5980f2089bf1">
      <Execution id="3ae0bef8-f015-4f31-9ee7-aa1d63a9be71" />
      <TestMethod codeBase="C:/Projects/UndeadEarth/UndeadEarth.Test/bin/Debug/UndeadEarth.Test.DLL" adapterTypeName="Microsoft.VisualStudio.TestTools.TestTypes.Unit.UnitTestAdapter, Microsoft.VisualStudio.QualityTools.Tips.UnitTest.Adapter, Version=10.0.0.0, Culture=neutral, PublicKeyToken=b03f5f7f11d50a3a" className="UndeadEarth.Test.Dal.when_retrieving_items, UndeadEarth.Test, Version=1.0.0.0, Culture=neutral, PublicKeyToken=null" name="should_save_user_item_in_safe_house" />
    </UnitTest>
    <UnitTest name="should_disregard_if_safe_house_does_not_have_item" storage="c:\projects\undeadearth\undeadearth.test\bin\debug\undeadearth.test.dll" id="8522a95f-e160-dcf6-186a-2eac6493fad8">
      <Execution id="866ade86-6d20-429c-ad49-cd4ee2483445" />
      <TestMethod codeBase="C:/Projects/UndeadEarth/UndeadEarth.Test/bin/Debug/UndeadEarth.Test.DLL" adapterTypeName="Microsoft.VisualStudio.TestTools.TestTypes.Unit.UnitTestAdapter, Microsoft.VisualStudio.QualityTools.Tips.UnitTest.Adapter, Version=10.0.0.0, Culture=neutral, PublicKeyToken=b03f5f7f11d50a3a" className="UndeadEarth.Test.Model.when_transferring_items_from_safe_house_to_user, UndeadEarth.Test, Version=1.0.0.0, Culture=neutral, PublicKeyToken=null" name="should_disregard_if_safe_house_does_not_have_item" />
    </UnitTest>
    <UnitTest name="should_set_last_energy_date_to_datetimenow_if_its_null_but_last_energy_isnt" storage="c:\projects\undeadearth\undeadearth.test\bin\debug\undeadearth.test.dll" id="99355754-b969-f315-3b5a-88e1622f783a">
      <Execution id="ef15ef59-560b-427d-8396-7e189944e30d" />
      <TestMethod codeBase="C:/Projects/UndeadEarth/UndeadEarth.Test/bin/Debug/UndeadEarth.Test.DLL" adapterTypeName="Microsoft.VisualStudio.TestTools.TestTypes.Unit.UnitTestAdapter, Microsoft.VisualStudio.QualityTools.Tips.UnitTest.Adapter, Version=10.0.0.0, Culture=neutral, PublicKeyToken=b03f5f7f11d50a3a" className="UndeadEarth.Test.Dal.when_retrieving_user_energy, UndeadEarth.Test, Version=1.0.0.0, Culture=neutral, PublicKeyToken=null" name="should_set_last_energy_date_to_datetimenow_if_its_null_but_last_energy_isnt" />
    </UnitTest>
    <UnitTest name="should_throw_error_for_saving_mas_energy_if_user_does_not_exist" storage="c:\projects\undeadearth\undeadearth.test\bin\debug\undeadearth.test.dll" id="3e4c555c-eb52-8e6a-77bb-fba4f57ae14d">
      <Execution id="847d81b8-dfde-487e-a68e-cc61fef36292" />
      <TestMethod codeBase="C:/Projects/UndeadEarth/UndeadEarth.Test/bin/Debug/UndeadEarth.Test.DLL" adapterTypeName="Microsoft.VisualStudio.TestTools.TestTypes.Unit.UnitTestAdapter, Microsoft.VisualStudio.QualityTools.Tips.UnitTest.Adapter, Version=10.0.0.0, Culture=neutral, PublicKeyToken=b03f5f7f11d50a3a" className="UndeadEarth.Test.Dal.Utility.when_saving_user_energy, UndeadEarth.Test, Version=1.0.0.0, Culture=neutral, PublicKeyToken=null" name="should_throw_error_for_saving_mas_energy_if_user_does_not_exist" />
    </UnitTest>
    <UnitTest name="should_return_base_energy_if_user_does_not_have_any_money_and_no_items_in_safehouse" storage="c:\projects\undeadearth\undeadearth.test\bin\debug\undeadearth.test.dll" id="1176458c-eb17-c2d6-8c27-e75b41695c1a">
      <Execution id="283ac682-adca-4ae9-8126-218cca1e15eb" />
      <TestMethod codeBase="C:/Projects/UndeadEarth/UndeadEarth.Test/bin/Debug/UndeadEarth.Test.DLL" adapterTypeName="Microsoft.VisualStudio.TestTools.TestTypes.Unit.UnitTestAdapter, Microsoft.VisualStudio.QualityTools.Tips.UnitTest.Adapter, Version=10.0.0.0, Culture=neutral, PublicKeyToken=b03f5f7f11d50a3a" className="UndeadEarth.Test.Model.when_determining_users_max_potential_energy, UndeadEarth.Test, Version=1.0.0.0, Culture=neutral, PublicKeyToken=null" name="should_return_base_energy_if_user_does_not_have_any_money_and_no_items_in_safehouse" />
    </UnitTest>
    <UnitTest name="should_return_energy_along_with_any_energy_increase_from_buying_item_with_no_items_in_safehouse" storage="c:\projects\undeadearth\undeadearth.test\bin\debug\undeadearth.test.dll" id="6f612bd1-261c-e125-ca8e-f3d31afd386b">
      <Execution id="8c7f4012-89b3-4284-83c3-e55012707314" />
      <TestMethod codeBase="C:/Projects/UndeadEarth/UndeadEarth.Test/bin/Debug/UndeadEarth.Test.DLL" adapterTypeName="Microsoft.VisualStudio.TestTools.TestTypes.Unit.UnitTestAdapter, Microsoft.VisualStudio.QualityTools.Tips.UnitTest.Adapter, Version=10.0.0.0, Culture=neutral, PublicKeyToken=b03f5f7f11d50a3a" className="UndeadEarth.Test.Model.when_determining_users_max_potential_energy, UndeadEarth.Test, Version=1.0.0.0, Culture=neutral, PublicKeyToken=null" name="should_return_energy_along_with_any_energy_increase_from_buying_item_with_no_items_in_safehouse" />
    </UnitTest>
    <UnitTest name="should_retrieve_all_safe_houses_within_radius" storage="c:\projects\undeadearth\undeadearth.test\bin\debug\undeadearth.test.dll" id="948eaf49-3d62-1046-def5-d76ed8415a60">
      <Execution id="de9d31be-acfb-4f11-bce2-c47bb906ed95" />
      <TestMethod codeBase="C:/Projects/UndeadEarth/UndeadEarth.Test/bin/Debug/UndeadEarth.Test.DLL" adapterTypeName="Microsoft.VisualStudio.TestTools.TestTypes.Unit.UnitTestAdapter, Microsoft.VisualStudio.QualityTools.Tips.UnitTest.Adapter, Version=10.0.0.0, Culture=neutral, PublicKeyToken=b03f5f7f11d50a3a" className="UndeadEarth.Test.Dal.when_retrieving_safe_houses, UndeadEarth.Test, Version=1.0.0.0, Culture=neutral, PublicKeyToken=null" name="should_retrieve_all_safe_houses_within_radius" />
    </UnitTest>
    <UnitTest name="should_return_true_if_hotzone_exists" storage="c:\projects\undeadearth\undeadearth.test\bin\debug\undeadearth.test.dll" id="986c501e-f914-4dd0-53c3-b0c1bdfdf5be">
      <Execution id="4ef5c1f5-b844-4123-8e84-ab07eda9c9f0" />
      <TestMethod codeBase="C:/Projects/UndeadEarth/UndeadEarth.Test/bin/Debug/UndeadEarth.Test.DLL" adapterTypeName="Microsoft.VisualStudio.TestTools.TestTypes.Unit.UnitTestAdapter, Microsoft.VisualStudio.QualityTools.Tips.UnitTest.Adapter, Version=10.0.0.0, Culture=neutral, PublicKeyToken=b03f5f7f11d50a3a" className="UndeadEarth.Test.Dal.when_retrieving_hot_zones, UndeadEarth.Test, Version=1.0.0.0, Culture=neutral, PublicKeyToken=null" name="should_return_true_if_hotzone_exists" />
    </UnitTest>
    <UnitTest name="should_return_all_zombie_packs_assocaited_with_hotzone" storage="c:\projects\undeadearth\undeadearth.test\bin\debug\undeadearth.test.dll" id="03a8dd14-ba0a-c947-44ec-1c0c4c677ff9">
      <Execution id="eba81e3c-f478-4dc0-a1ee-907b101cdedf" />
      <TestMethod codeBase="C:/Projects/UndeadEarth/UndeadEarth.Test/bin/Debug/UndeadEarth.Test.DLL" adapterTypeName="Microsoft.VisualStudio.TestTools.TestTypes.Unit.UnitTestAdapter, Microsoft.VisualStudio.QualityTools.Tips.UnitTest.Adapter, Version=10.0.0.0, Culture=neutral, PublicKeyToken=b03f5f7f11d50a3a" className="UndeadEarth.Test.Dal.when_retrieving_zombie_packs, UndeadEarth.Test, Version=1.0.0.0, Culture=neutral, PublicKeyToken=null" name="should_return_all_zombie_packs_assocaited_with_hotzone" />
    </UnitTest>
    <UnitTest name="should_record_zombiepack_destoryed_if_zombiepack_cleared" storage="c:\projects\undeadearth\undeadearth.test\bin\debug\undeadearth.test.dll" id="e4615602-9641-d148-59c9-84c9addeee4f">
      <Execution id="ba377946-5882-4ee6-bcf6-f8f7370b91e3" />
      <TestMethod codeBase="C:/Projects/UndeadEarth/UndeadEarth.Test/bin/Debug/UndeadEarth.Test.DLL" adapterTypeName="Microsoft.VisualStudio.TestTools.TestTypes.Unit.UnitTestAdapter, Microsoft.VisualStudio.QualityTools.Tips.UnitTest.Adapter, Version=10.0.0.0, Culture=neutral, PublicKeyToken=b03f5f7f11d50a3a" className="UndeadEarth.Test.Model.when_hunting_for_zombies, UndeadEarth.Test, Version=1.0.0.0, Culture=neutral, PublicKeyToken=null" name="should_record_zombiepack_destoryed_if_zombiepack_cleared" />
    </UnitTest>
    <UnitTest name="should_update_users_energy_if_user_can_hunt" storage="c:\projects\undeadearth\undeadearth.test\bin\debug\undeadearth.test.dll" id="6d50870f-a5f5-48df-fa3a-fd929ac4d6d9">
      <Execution id="e6e486ed-bbbc-484b-8d08-7b2662e354e4" />
      <TestMethod codeBase="C:/Projects/UndeadEarth/UndeadEarth.Test/bin/Debug/UndeadEarth.Test.DLL" adapterTypeName="Microsoft.VisualStudio.TestTools.TestTypes.Unit.UnitTestAdapter, Microsoft.VisualStudio.QualityTools.Tips.UnitTest.Adapter, Version=10.0.0.0, Culture=neutral, PublicKeyToken=b03f5f7f11d50a3a" className="UndeadEarth.Test.Model.when_hunting_for_zombies, UndeadEarth.Test, Version=1.0.0.0, Culture=neutral, PublicKeyToken=null" name="should_update_users_energy_if_user_can_hunt" />
    </UnitTest>
    <UnitTest name="should_disregard_if_item_does_not_exist" storage="c:\projects\undeadearth\undeadearth.test\bin\debug\undeadearth.test.dll" id="c55622f2-a19b-2b7c-fbf0-3bcc9fa792bb">
      <Execution id="3f56dc05-86dc-4a6e-b34e-a0f24e9d56cf" />
      <TestMethod codeBase="C:/Projects/UndeadEarth/UndeadEarth.Test/bin/Debug/UndeadEarth.Test.DLL" adapterTypeName="Microsoft.VisualStudio.TestTools.TestTypes.Unit.UnitTestAdapter, Microsoft.VisualStudio.QualityTools.Tips.UnitTest.Adapter, Version=10.0.0.0, Culture=neutral, PublicKeyToken=b03f5f7f11d50a3a" className="UndeadEarth.Test.Model.when_transferring_items_from_user_to_safe_house, UndeadEarth.Test, Version=1.0.0.0, Culture=neutral, PublicKeyToken=null" name="should_disregard_if_item_does_not_exist" />
    </UnitTest>
    <UnitTest name="should_return_true_if_safe_house_exists" storage="c:\projects\undeadearth\undeadearth.test\bin\debug\undeadearth.test.dll" id="4c87210c-f927-e260-2776-9399fcbfbd1c">
      <Execution id="3f5f87ef-ef0e-4d3e-aefe-a56248369da0" />
      <TestMethod codeBase="C:/Projects/UndeadEarth/UndeadEarth.Test/bin/Debug/UndeadEarth.Test.DLL" adapterTypeName="Microsoft.VisualStudio.TestTools.TestTypes.Unit.UnitTestAdapter, Microsoft.VisualStudio.QualityTools.Tips.UnitTest.Adapter, Version=10.0.0.0, Culture=neutral, PublicKeyToken=b03f5f7f11d50a3a" className="UndeadEarth.Test.Dal.when_retrieving_safe_houses, UndeadEarth.Test, Version=1.0.0.0, Culture=neutral, PublicKeyToken=null" name="should_return_true_if_safe_house_exists" />
    </UnitTest>
    <UnitTest name="should_return_false_if_facebook_user_doesnt_exist" storage="c:\projects\undeadearth\undeadearth.test\bin\debug\undeadearth.test.dll" id="b3e73d9f-e8d5-d40e-f226-223e65b83b5c">
      <Execution id="0b451981-6335-42e8-baa5-63208a5b288f" />
      <TestMethod codeBase="C:/Projects/UndeadEarth/UndeadEarth.Test/bin/Debug/UndeadEarth.Test.DLL" adapterTypeName="Microsoft.VisualStudio.TestTools.TestTypes.Unit.UnitTestAdapter, Microsoft.VisualStudio.QualityTools.Tips.UnitTest.Adapter, Version=10.0.0.0, Culture=neutral, PublicKeyToken=b03f5f7f11d50a3a" className="UndeadEarth.Test.Dal.when_retrieving_user, UndeadEarth.Test, Version=1.0.0.0, Culture=neutral, PublicKeyToken=null" name="should_return_false_if_facebook_user_doesnt_exist" />
    </UnitTest>
    <UnitTest name="should_return_a_hunt_count_of_5_to_8_if_resolved_as_an_easy_hotzone" storage="c:\projects\undeadearth\undeadearth.test\bin\debug\undeadearth.test.dll" id="00142389-87b0-3d28-5cfb-700928afa29a">
      <Execution id="9ef4b236-0af9-4bf9-9e57-f1c270b24454" />
      <TestMethod codeBase="C:/Projects/UndeadEarth/UndeadEarth.Test/bin/Debug/UndeadEarth.Test.DLL" adapterTypeName="Microsoft.VisualStudio.TestTools.TestTypes.Unit.UnitTestAdapter, Microsoft.VisualStudio.QualityTools.Tips.UnitTest.Adapter, Version=10.0.0.0, Culture=neutral, PublicKeyToken=b03f5f7f11d50a3a" className="UndeadEarth.Test.Model.when_determining_zombie_pack_progress, UndeadEarth.Test, Version=1.0.0.0, Culture=neutral, PublicKeyToken=null" name="should_return_a_hunt_count_of_5_to_8_if_resolved_as_an_easy_hotzone" />
    </UnitTest>
    <UnitTest name="should_throw_error_if_user_does_not_exist" storage="c:\projects\undeadearth\undeadearth.test\bin\debug\undeadearth.test.dll" id="65c104b2-1ff7-266c-33d4-c2e6789ce0d4">
      <Execution id="2cd01fc8-a17d-492e-95e4-06747fa5cd2a" />
      <TestMethod codeBase="C:/Projects/UndeadEarth/UndeadEarth.Test/bin/Debug/UndeadEarth.Test.DLL" adapterTypeName="Microsoft.VisualStudio.TestTools.TestTypes.Unit.UnitTestAdapter, Microsoft.VisualStudio.QualityTools.Tips.UnitTest.Adapter, Version=10.0.0.0, Culture=neutral, PublicKeyToken=b03f5f7f11d50a3a" className="UndeadEarth.Test.Model.when_servicing_user_level_and_attributes, UndeadEarth.Test, Version=1.0.0.0, Culture=neutral, PublicKeyToken=null" name="should_throw_error_if_user_does_not_exist" />
    </UnitTest>
    <UnitTest name="should_return_base_sight_radius_plus_any_equiped_items_that_affect_sight_radius" storage="c:\projects\undeadearth\undeadearth.test\bin\debug\undeadearth.test.dll" id="9091ae17-a6a8-ad22-153b-b3d1f20f3512">
      <Execution id="80a216aa-83dc-4ba3-b819-1b2875440ace" />
      <TestMethod codeBase="C:/Projects/UndeadEarth/UndeadEarth.Test/bin/Debug/UndeadEarth.Test.DLL" adapterTypeName="Microsoft.VisualStudio.TestTools.TestTypes.Unit.UnitTestAdapter, Microsoft.VisualStudio.QualityTools.Tips.UnitTest.Adapter, Version=10.0.0.0, Culture=neutral, PublicKeyToken=b03f5f7f11d50a3a" className="UndeadEarth.Test.Model.when_determining_users_min_sight_radius, UndeadEarth.Test, Version=1.0.0.0, Culture=neutral, PublicKeyToken=null" name="should_return_base_sight_radius_plus_any_equiped_items_that_affect_sight_radius" />
    </UnitTest>
    <UnitTest name="should_calculate_eastern_point" storage="c:\projects\undeadearth\undeadearth.test\bin\debug\undeadearth.test.dll" id="e2e442ef-e02c-6299-5fbd-dd49fb1d3672">
      <Execution id="769232e0-d897-4e95-8b45-058a462e0765" />
      <TestMethod codeBase="C:/Projects/UndeadEarth/UndeadEarth.Test/bin/Debug/UndeadEarth.Test.DLL" adapterTypeName="Microsoft.VisualStudio.TestTools.TestTypes.Unit.UnitTestAdapter, Microsoft.VisualStudio.QualityTools.Tips.UnitTest.Adapter, Version=10.0.0.0, Culture=neutral, PublicKeyToken=b03f5f7f11d50a3a" className="UndeadEarth.Test.Model.when_calculating_distance, UndeadEarth.Test, Version=1.0.0.0, Culture=neutral, PublicKeyToken=null" name="should_calculate_eastern_point" />
    </UnitTest>
    <UnitTest name="should_return_min_sight_radius_for_user_if_user_exists_but_last_saved_sight_radius_does_not_exist" storage="c:\projects\undeadearth\undeadearth.test\bin\debug\undeadearth.test.dll" id="321c5a91-a83b-02fd-e40b-ce47e7f12083">
      <Execution id="0a001a6c-4ff0-4cca-8f12-dbc312629f5d" />
      <TestMethod codeBase="C:/Projects/UndeadEarth/UndeadEarth.Test/bin/Debug/UndeadEarth.Test.DLL" adapterTypeName="Microsoft.VisualStudio.TestTools.TestTypes.Unit.UnitTestAdapter, Microsoft.VisualStudio.QualityTools.Tips.UnitTest.Adapter, Version=10.0.0.0, Culture=neutral, PublicKeyToken=b03f5f7f11d50a3a" className="UndeadEarth.Test.Model.when_determining_users_current_sight_radius, UndeadEarth.Test, Version=1.0.0.0, Culture=neutral, PublicKeyToken=null" name="should_return_min_sight_radius_for_user_if_user_exists_but_last_saved_sight_radius_does_not_exist" />
    </UnitTest>
    <UnitTest name="should_return_achievement_for_collecting_1000_dollars" storage="c:\projects\undeadearth\undeadearth.test\bin\debug\undeadearth.test.dll" id="537a2b77-3b56-7fda-5cef-ce5b7fef8e47">
      <Execution id="0b335bf7-6b68-4026-ac0a-516d8e697023" />
      <TestMethod codeBase="C:/Projects/UndeadEarth/UndeadEarth.Test/bin/Debug/UndeadEarth.Test.DLL" adapterTypeName="Microsoft.VisualStudio.TestTools.TestTypes.Unit.UnitTestAdapter, Microsoft.VisualStudio.QualityTools.Tips.UnitTest.Adapter, Version=10.0.0.0, Culture=neutral, PublicKeyToken=b03f5f7f11d50a3a" className="UndeadEarth.Test.Model.when_retrieving_achievements, UndeadEarth.Test, Version=1.0.0.0, Culture=neutral, PublicKeyToken=null" name="should_return_achievement_for_collecting_1000_dollars" />
    </UnitTest>
    <UnitTest name="should_disregard_safehouse_items_that_are_one_use" storage="c:\projects\undeadearth\undeadearth.test\bin\debug\undeadearth.test.dll" id="c2fceb1f-5078-88e7-1674-00e75ecef9dd">
      <Execution id="dc813fec-8dde-4100-8565-162cbc7a0983" />
      <TestMethod codeBase="C:/Projects/UndeadEarth/UndeadEarth.Test/bin/Debug/UndeadEarth.Test.DLL" adapterTypeName="Microsoft.VisualStudio.TestTools.TestTypes.Unit.UnitTestAdapter, Microsoft.VisualStudio.QualityTools.Tips.UnitTest.Adapter, Version=10.0.0.0, Culture=neutral, PublicKeyToken=b03f5f7f11d50a3a" className="UndeadEarth.Test.Model.when_determining_users_max_potential_energy, UndeadEarth.Test, Version=1.0.0.0, Culture=neutral, PublicKeyToken=null" name="should_disregard_safehouse_items_that_are_one_use" />
    </UnitTest>
    <UnitTest name="should_return_true_if_facebook_user_exists" storage="c:\projects\undeadearth\undeadearth.test\bin\debug\undeadearth.test.dll" id="399d3773-04b9-f157-2193-2a81aa17c4e4">
      <Execution id="1bc11dd5-87ae-446d-8fcc-470826cc5d6f" />
      <TestMethod codeBase="C:/Projects/UndeadEarth/UndeadEarth.Test/bin/Debug/UndeadEarth.Test.DLL" adapterTypeName="Microsoft.VisualStudio.TestTools.TestTypes.Unit.UnitTestAdapter, Microsoft.VisualStudio.QualityTools.Tips.UnitTest.Adapter, Version=10.0.0.0, Culture=neutral, PublicKeyToken=b03f5f7f11d50a3a" className="UndeadEarth.Test.Dal.when_retrieving_user, UndeadEarth.Test, Version=1.0.0.0, Culture=neutral, PublicKeyToken=null" name="should_return_true_if_facebook_user_exists" />
    </UnitTest>
    <UnitTest name="should_return_achievement_for_killing_10000_zombies" storage="c:\projects\undeadearth\undeadearth.test\bin\debug\undeadearth.test.dll" id="95c19639-802d-b1a1-d6b5-8e055a02797d">
      <Execution id="67d5bfa0-09f5-4b5c-9aa0-c55380cb8675" />
      <TestMethod codeBase="C:/Projects/UndeadEarth/UndeadEarth.Test/bin/Debug/UndeadEarth.Test.DLL" adapterTypeName="Microsoft.VisualStudio.TestTools.TestTypes.Unit.UnitTestAdapter, Microsoft.VisualStudio.QualityTools.Tips.UnitTest.Adapter, Version=10.0.0.0, Culture=neutral, PublicKeyToken=b03f5f7f11d50a3a" className="UndeadEarth.Test.Model.when_retrieving_achievements, UndeadEarth.Test, Version=1.0.0.0, Culture=neutral, PublicKeyToken=null" name="should_return_achievement_for_killing_10000_zombies" />
    </UnitTest>
    <UnitTest name="should_return_hotzones_that_are_marked_as_starting_hotzones" storage="c:\projects\undeadearth\undeadearth.test\bin\debug\undeadearth.test.dll" id="5e0523e6-700c-d803-6a13-76f99c5ecb12">
      <Execution id="31b5b6ac-c029-4ac5-93d1-5151b30552d3" />
      <TestMethod codeBase="C:/Projects/UndeadEarth/UndeadEarth.Test/bin/Debug/UndeadEarth.Test.DLL" adapterTypeName="Microsoft.VisualStudio.TestTools.TestTypes.Unit.UnitTestAdapter, Microsoft.VisualStudio.QualityTools.Tips.UnitTest.Adapter, Version=10.0.0.0, Culture=neutral, PublicKeyToken=b03f5f7f11d50a3a" className="UndeadEarth.Test.Dal.when_retrieving_hot_zones, UndeadEarth.Test, Version=1.0.0.0, Culture=neutral, PublicKeyToken=null" name="should_return_hotzones_that_are_marked_as_starting_hotzones" />
    </UnitTest>
    <UnitTest name="should_return_max_energy_for_user_if_user_exists_but_last_saved_energy_does_not_exist" storage="c:\projects\undeadearth\undeadearth.test\bin\debug\undeadearth.test.dll" id="7b96fc08-5095-7079-15b5-f39e447dbf49">
      <Execution id="324d4c13-fe3e-4898-9f6c-992c050dad76" />
      <TestMethod codeBase="C:/Projects/UndeadEarth/UndeadEarth.Test/bin/Debug/UndeadEarth.Test.DLL" adapterTypeName="Microsoft.VisualStudio.TestTools.TestTypes.Unit.UnitTestAdapter, Microsoft.VisualStudio.QualityTools.Tips.UnitTest.Adapter, Version=10.0.0.0, Culture=neutral, PublicKeyToken=b03f5f7f11d50a3a" className="UndeadEarth.Test.Model.when_determining_users_current_energy, UndeadEarth.Test, Version=1.0.0.0, Culture=neutral, PublicKeyToken=null" name="should_return_max_energy_for_user_if_user_exists_but_last_saved_energy_does_not_exist" />
    </UnitTest>
    <UnitTest name="should_disregard_if_item_does_not_exist" storage="c:\projects\undeadearth\undeadearth.test\bin\debug\undeadearth.test.dll" id="08042b30-bcf9-bd89-006e-14ec4c40ac45">
      <Execution id="33021a0a-42db-40f2-85d3-8557892bd399" />
      <TestMethod codeBase="C:/Projects/UndeadEarth/UndeadEarth.Test/bin/Debug/UndeadEarth.Test.DLL" adapterTypeName="Microsoft.VisualStudio.TestTools.TestTypes.Unit.UnitTestAdapter, Microsoft.VisualStudio.QualityTools.Tips.UnitTest.Adapter, Version=10.0.0.0, Culture=neutral, PublicKeyToken=b03f5f7f11d50a3a" className="UndeadEarth.Test.Model.when_buying_items_from_shop, UndeadEarth.Test, Version=1.0.0.0, Culture=neutral, PublicKeyToken=null" name="should_disregard_if_item_does_not_exist" />
    </UnitTest>
    <UnitTest name="should_return_energy_based_on_items_in_safehouse_with_user_not_having_any_money" storage="c:\projects\undeadearth\undeadearth.test\bin\debug\undeadearth.test.dll" id="0c8abc46-7ae3-a530-a75d-2f31cb9a36fc">
      <Execution id="f62a56a1-b367-45b9-93f8-5a16ea711297" />
      <TestMethod codeBase="C:/Projects/UndeadEarth/UndeadEarth.Test/bin/Debug/UndeadEarth.Test.DLL" adapterTypeName="Microsoft.VisualStudio.TestTools.TestTypes.Unit.UnitTestAdapter, Microsoft.VisualStudio.QualityTools.Tips.UnitTest.Adapter, Version=10.0.0.0, Culture=neutral, PublicKeyToken=b03f5f7f11d50a3a" className="UndeadEarth.Test.Model.when_determining_users_max_potential_energy, UndeadEarth.Test, Version=1.0.0.0, Culture=neutral, PublicKeyToken=null" name="should_return_energy_based_on_items_in_safehouse_with_user_not_having_any_money" />
    </UnitTest>
    <UnitTest name="should_return_attack_power_along_with_any_attack_power_increase_from_buying_many_of_the_same_item_with_no_items_in_safehouse" storage="c:\projects\undeadearth\undeadearth.test\bin\debug\undeadearth.test.dll" id="2bb944ea-67c4-2ec5-7a6c-8e36c6922cdf">
      <Execution id="ea25ecac-8735-4784-b1ba-f9159a4040d4" />
      <TestMethod codeBase="C:/Projects/UndeadEarth/UndeadEarth.Test/bin/Debug/UndeadEarth.Test.DLL" adapterTypeName="Microsoft.VisualStudio.TestTools.TestTypes.Unit.UnitTestAdapter, Microsoft.VisualStudio.QualityTools.Tips.UnitTest.Adapter, Version=10.0.0.0, Culture=neutral, PublicKeyToken=b03f5f7f11d50a3a" className="UndeadEarth.Test.Model.when_determining_users_max_potential_attack_power, UndeadEarth.Test, Version=1.0.0.0, Culture=neutral, PublicKeyToken=null" name="should_return_attack_power_along_with_any_attack_power_increase_from_buying_many_of_the_same_item_with_no_items_in_safehouse" />
    </UnitTest>
    <UnitTest name="should_update_users_base_energy" storage="c:\projects\undeadearth\undeadearth.test\bin\debug\undeadearth.test.dll" id="ef0ae882-4dcb-0302-71db-13ab90020039">
      <Execution id="847bff21-1ead-4b86-b977-1c3d12646099" />
      <TestMethod codeBase="C:/Projects/UndeadEarth/UndeadEarth.Test/bin/Debug/UndeadEarth.Test.DLL" adapterTypeName="Microsoft.VisualStudio.TestTools.TestTypes.Unit.UnitTestAdapter, Microsoft.VisualStudio.QualityTools.Tips.UnitTest.Adapter, Version=10.0.0.0, Culture=neutral, PublicKeyToken=b03f5f7f11d50a3a" className="UndeadEarth.Test.Dal.when_saving_user, UndeadEarth.Test, Version=1.0.0.0, Culture=neutral, PublicKeyToken=null" name="should_update_users_base_energy" />
    </UnitTest>
    <UnitTest name="should_retrieve_safe_house_item_id" storage="c:\projects\undeadearth\undeadearth.test\bin\debug\undeadearth.test.dll" id="d6a3e7bf-2e31-3f07-2490-3e67884ebb4a">
      <Execution id="0f8992e0-7b96-4da2-97ef-b246102efede" />
      <TestMethod codeBase="C:/Projects/UndeadEarth/UndeadEarth.Test/bin/Debug/UndeadEarth.Test.DLL" adapterTypeName="Microsoft.VisualStudio.TestTools.TestTypes.Unit.UnitTestAdapter, Microsoft.VisualStudio.QualityTools.Tips.UnitTest.Adapter, Version=10.0.0.0, Culture=neutral, PublicKeyToken=b03f5f7f11d50a3a" className="UndeadEarth.Test.Dal.when_retrieving_safe_houses, UndeadEarth.Test, Version=1.0.0.0, Culture=neutral, PublicKeyToken=null" name="should_retrieve_safe_house_item_id" />
    </UnitTest>
    <UnitTest name="should_disregard_if_user_does_not_exist" storage="c:\projects\undeadearth\undeadearth.test\bin\debug\undeadearth.test.dll" id="7d282b5a-4c68-651b-2ed3-0d406222883a">
      <Execution id="f64198eb-8677-4562-b2f9-c4b24a077b2b" />
      <TestMethod codeBase="C:/Projects/UndeadEarth/UndeadEarth.Test/bin/Debug/UndeadEarth.Test.DLL" adapterTypeName="Microsoft.VisualStudio.TestTools.TestTypes.Unit.UnitTestAdapter, Microsoft.VisualStudio.QualityTools.Tips.UnitTest.Adapter, Version=10.0.0.0, Culture=neutral, PublicKeyToken=b03f5f7f11d50a3a" className="UndeadEarth.Test.Model.when_buying_items_from_shop, UndeadEarth.Test, Version=1.0.0.0, Culture=neutral, PublicKeyToken=null" name="should_disregard_if_user_does_not_exist" />
    </UnitTest>
    <UnitTest name="should_return_a_hunt_count_of_20_to_30_if_resolved_as_an_medium_hotzone" storage="c:\projects\undeadearth\undeadearth.test\bin\debug\undeadearth.test.dll" id="369fc750-bfe7-36a0-13ca-f53d742d9647">
      <Execution id="50e28ffb-0220-4807-9cf6-2fbca7dc5d1d" />
      <TestMethod codeBase="C:/Projects/UndeadEarth/UndeadEarth.Test/bin/Debug/UndeadEarth.Test.DLL" adapterTypeName="Microsoft.VisualStudio.TestTools.TestTypes.Unit.UnitTestAdapter, Microsoft.VisualStudio.QualityTools.Tips.UnitTest.Adapter, Version=10.0.0.0, Culture=neutral, PublicKeyToken=b03f5f7f11d50a3a" className="UndeadEarth.Test.Model.when_determining_zombie_pack_progress, UndeadEarth.Test, Version=1.0.0.0, Culture=neutral, PublicKeyToken=null" name="should_return_a_hunt_count_of_20_to_30_if_resolved_as_an_medium_hotzone" />
    </UnitTest>
    <UnitTest name="should_return_energy_along_with_any_energy_increase_from_buying_many_of_the_same_item_with_no_items_in_safehouse" storage="c:\projects\undeadearth\undeadearth.test\bin\debug\undeadearth.test.dll" id="86693507-7b03-3b4f-52d7-489bc76e87d4">
      <Execution id="d07163de-4ac1-4265-94dc-c1837df191b1" />
      <TestMethod codeBase="C:/Projects/UndeadEarth/UndeadEarth.Test/bin/Debug/UndeadEarth.Test.DLL" adapterTypeName="Microsoft.VisualStudio.TestTools.TestTypes.Unit.UnitTestAdapter, Microsoft.VisualStudio.QualityTools.Tips.UnitTest.Adapter, Version=10.0.0.0, Culture=neutral, PublicKeyToken=b03f5f7f11d50a3a" className="UndeadEarth.Test.Model.when_determining_users_max_potential_energy, UndeadEarth.Test, Version=1.0.0.0, Culture=neutral, PublicKeyToken=null" name="should_return_energy_along_with_any_energy_increase_from_buying_many_of_the_same_item_with_no_items_in_safehouse" />
    </UnitTest>
    <UnitTest name="should_return_0_for_attack_power_if_user_does_not_exist" storage="c:\projects\undeadearth\undeadearth.test\bin\debug\undeadearth.test.dll" id="5a7c17db-19ea-927d-e739-dca3cee988f6">
      <Execution id="7a1366bb-897e-4393-9ac1-96ed153485ed" />
      <TestMethod codeBase="C:/Projects/UndeadEarth/UndeadEarth.Test/bin/Debug/UndeadEarth.Test.DLL" adapterTypeName="Microsoft.VisualStudio.TestTools.TestTypes.Unit.UnitTestAdapter, Microsoft.VisualStudio.QualityTools.Tips.UnitTest.Adapter, Version=10.0.0.0, Culture=neutral, PublicKeyToken=b03f5f7f11d50a3a" className="UndeadEarth.Test.Model.when_determining_users_max_potential_attack_power, UndeadEarth.Test, Version=1.0.0.0, Culture=neutral, PublicKeyToken=null" name="should_return_0_for_attack_power_if_user_does_not_exist" />
    </UnitTest>
    <UnitTest name="should_set_latitude_longitude_position_for_hotzone" storage="c:\projects\undeadearth\undeadearth.test\bin\debug\undeadearth.test.dll" id="af74033c-8ac7-9c6c-bed1-b5a7d2c06950">
      <Execution id="5cb30c19-25ee-4a70-a903-cc44521fd063" />
      <TestMethod codeBase="C:/Projects/UndeadEarth/UndeadEarth.Test/bin/Debug/UndeadEarth.Test.DLL" adapterTypeName="Microsoft.VisualStudio.TestTools.TestTypes.Unit.UnitTestAdapter, Microsoft.VisualStudio.QualityTools.Tips.UnitTest.Adapter, Version=10.0.0.0, Culture=neutral, PublicKeyToken=b03f5f7f11d50a3a" className="UndeadEarth.Test.Model.when_creating_user, UndeadEarth.Test, Version=1.0.0.0, Culture=neutral, PublicKeyToken=null" name="should_set_latitude_longitude_position_for_hotzone" />
    </UnitTest>
    <UnitTest name="should_throw_error_if_trying_to_update_base_line_energy_and_user_does_not_exist" storage="c:\projects\undeadearth\undeadearth.test\bin\debug\undeadearth.test.dll" id="162e548e-a661-0b73-7a6e-7c4d1ab7a750">
      <Execution id="79c4ca55-dd3a-457c-85a4-e06f9f92854a" />
      <TestMethod codeBase="C:/Projects/UndeadEarth/UndeadEarth.Test/bin/Debug/UndeadEarth.Test.DLL" adapterTypeName="Microsoft.VisualStudio.TestTools.TestTypes.Unit.UnitTestAdapter, Microsoft.VisualStudio.QualityTools.Tips.UnitTest.Adapter, Version=10.0.0.0, Culture=neutral, PublicKeyToken=b03f5f7f11d50a3a" className="UndeadEarth.Test.Dal.when_saving_user, UndeadEarth.Test, Version=1.0.0.0, Culture=neutral, PublicKeyToken=null" name="should_throw_error_if_trying_to_update_base_line_energy_and_user_does_not_exist" />
    </UnitTest>
    <UnitTest name="should_return_achievement_for_traveling_10000_miles" storage="c:\projects\undeadearth\undeadearth.test\bin\debug\undeadearth.test.dll" id="3871d8b4-607c-f461-9b36-17221688eb47">
      <Execution id="f2c029b6-64ef-4aef-8cc5-d5f9d6e1ad9d" />
      <TestMethod codeBase="C:/Projects/UndeadEarth/UndeadEarth.Test/bin/Debug/UndeadEarth.Test.DLL" adapterTypeName="Microsoft.VisualStudio.TestTools.TestTypes.Unit.UnitTestAdapter, Microsoft.VisualStudio.QualityTools.Tips.UnitTest.Adapter, Version=10.0.0.0, Culture=neutral, PublicKeyToken=b03f5f7f11d50a3a" className="UndeadEarth.Test.Model.when_retrieving_achievements, UndeadEarth.Test, Version=1.0.0.0, Culture=neutral, PublicKeyToken=null" name="should_return_achievement_for_traveling_10000_miles" />
    </UnitTest>
    <UnitTest name="should_return_user_by_facebook_user_id" storage="c:\projects\undeadearth\undeadearth.test\bin\debug\undeadearth.test.dll" id="c5a39b6e-0b51-8275-3d9b-29919f35b9b0">
      <Execution id="5c651678-45a2-4f52-9040-c5b2eb153723" />
      <TestMethod codeBase="C:/Projects/UndeadEarth/UndeadEarth.Test/bin/Debug/UndeadEarth.Test.DLL" adapterTypeName="Microsoft.VisualStudio.TestTools.TestTypes.Unit.UnitTestAdapter, Microsoft.VisualStudio.QualityTools.Tips.UnitTest.Adapter, Version=10.0.0.0, Culture=neutral, PublicKeyToken=b03f5f7f11d50a3a" className="UndeadEarth.Test.Dal.when_retrieving_user, UndeadEarth.Test, Version=1.0.0.0, Culture=neutral, PublicKeyToken=null" name="should_return_user_by_facebook_user_id" />
    </UnitTest>
    <UnitTest name="should_return_true_if_safe_house_has_item" storage="c:\projects\undeadearth\undeadearth.test\bin\debug\undeadearth.test.dll" id="6d97d05d-3cb4-4245-56ca-8b9bbc35a993">
      <Execution id="0ab2bb18-6e78-4869-a5b9-6441305bac81" />
      <TestMethod codeBase="C:/Projects/UndeadEarth/UndeadEarth.Test/bin/Debug/UndeadEarth.Test.DLL" adapterTypeName="Microsoft.VisualStudio.TestTools.TestTypes.Unit.UnitTestAdapter, Microsoft.VisualStudio.QualityTools.Tips.UnitTest.Adapter, Version=10.0.0.0, Culture=neutral, PublicKeyToken=b03f5f7f11d50a3a" className="UndeadEarth.Test.Dal.when_retrieving_safe_houses, UndeadEarth.Test, Version=1.0.0.0, Culture=neutral, PublicKeyToken=null" name="should_return_true_if_safe_house_has_item" />
    </UnitTest>
    <UnitTest name="should_return_achievement_for_peak_zombies_10" storage="c:\projects\undeadearth\undeadearth.test\bin\debug\undeadearth.test.dll" id="c0f6a7ca-70c4-38dc-b622-ea187fd81d6d">
      <Execution id="0bb72d83-b8eb-43e2-916a-c9c432c6cc11" />
      <TestMethod codeBase="C:/Projects/UndeadEarth/UndeadEarth.Test/bin/Debug/UndeadEarth.Test.DLL" adapterTypeName="Microsoft.VisualStudio.TestTools.TestTypes.Unit.UnitTestAdapter, Microsoft.VisualStudio.QualityTools.Tips.UnitTest.Adapter, Version=10.0.0.0, Culture=neutral, PublicKeyToken=b03f5f7f11d50a3a" className="UndeadEarth.Test.Model.when_retrieving_achievements, UndeadEarth.Test, Version=1.0.0.0, Culture=neutral, PublicKeyToken=null" name="should_return_achievement_for_peak_zombies_10" />
    </UnitTest>
    <UnitTest name="should_increment_zombies_killed_for_user" storage="c:\projects\undeadearth\undeadearth.test\bin\debug\undeadearth.test.dll" id="f3fa3c96-f413-1277-0bee-c65969207b6c">
      <Execution id="231765bc-1df8-498d-be05-3af94598e986" />
      <TestMethod codeBase="C:/Projects/UndeadEarth/UndeadEarth.Test/bin/Debug/UndeadEarth.Test.DLL" adapterTypeName="Microsoft.VisualStudio.TestTools.TestTypes.Unit.UnitTestAdapter, Microsoft.VisualStudio.QualityTools.Tips.UnitTest.Adapter, Version=10.0.0.0, Culture=neutral, PublicKeyToken=b03f5f7f11d50a3a" className="UndeadEarth.Test.Dal.when_saving_user_counts, UndeadEarth.Test, Version=1.0.0.0, Culture=neutral, PublicKeyToken=null" name="should_increment_zombies_killed_for_user" />
    </UnitTest>
    <UnitTest name="should_return_correct_base_attack_power_for_given_level" storage="c:\projects\undeadearth\undeadearth.test\bin\debug\undeadearth.test.dll" id="f9b81dce-55e1-263a-0b23-09249cae8cd4">
      <Execution id="7fc2ecc7-f668-45cc-8669-f8ceb7044a85" />
      <TestMethod codeBase="C:/Projects/UndeadEarth/UndeadEarth.Test/bin/Debug/UndeadEarth.Test.DLL" adapterTypeName="Microsoft.VisualStudio.TestTools.TestTypes.Unit.UnitTestAdapter, Microsoft.VisualStudio.QualityTools.Tips.UnitTest.Adapter, Version=10.0.0.0, Culture=neutral, PublicKeyToken=b03f5f7f11d50a3a" className="UndeadEarth.Test.Model.when_servicing_user_level_and_attributes, UndeadEarth.Test, Version=1.0.0.0, Culture=neutral, PublicKeyToken=null" name="should_return_correct_base_attack_power_for_given_level" />
    </UnitTest>
    <UnitTest name="should_return_achievement_for_traveling_100000_miles" storage="c:\projects\undeadearth\undeadearth.test\bin\debug\undeadearth.test.dll" id="847097ef-3573-f329-f9db-f7704607c613">
      <Execution id="a0ec6171-42fe-4332-9ca0-d94d08c649d1" />
      <TestMethod codeBase="C:/Projects/UndeadEarth/UndeadEarth.Test/bin/Debug/UndeadEarth.Test.DLL" adapterTypeName="Microsoft.VisualStudio.TestTools.TestTypes.Unit.UnitTestAdapter, Microsoft.VisualStudio.QualityTools.Tips.UnitTest.Adapter, Version=10.0.0.0, Culture=neutral, PublicKeyToken=b03f5f7f11d50a3a" className="UndeadEarth.Test.Model.when_retrieving_achievements, UndeadEarth.Test, Version=1.0.0.0, Culture=neutral, PublicKeyToken=null" name="should_return_achievement_for_traveling_100000_miles" />
    </UnitTest>
    <UnitTest name="should_return_0_if_user_does_not_exist" storage="c:\projects\undeadearth\undeadearth.test\bin\debug\undeadearth.test.dll" id="65a45aea-1388-af89-1298-2c122710d67c">
      <Execution id="728b1c1d-e7d9-4f47-a200-2c7a9089f8e0" />
      <TestMethod codeBase="C:/Projects/UndeadEarth/UndeadEarth.Test/bin/Debug/UndeadEarth.Test.DLL" adapterTypeName="Microsoft.VisualStudio.TestTools.TestTypes.Unit.UnitTestAdapter, Microsoft.VisualStudio.QualityTools.Tips.UnitTest.Adapter, Version=10.0.0.0, Culture=neutral, PublicKeyToken=b03f5f7f11d50a3a" className="UndeadEarth.Test.Model.when_determining_users_max_energy, UndeadEarth.Test, Version=1.0.0.0, Culture=neutral, PublicKeyToken=null" name="should_return_0_if_user_does_not_exist" />
    </UnitTest>
    <UnitTest name="should_disregard_creation_if_location_specified_is_not_a_starting_hot_zone" storage="c:\projects\undeadearth\undeadearth.test\bin\debug\undeadearth.test.dll" id="58cdb593-e628-53cb-1ff9-a712c7cfa07d">
      <Execution id="42cb76a4-1053-436d-b330-b7f08d3b6466" />
      <TestMethod codeBase="C:/Projects/UndeadEarth/UndeadEarth.Test/bin/Debug/UndeadEarth.Test.DLL" adapterTypeName="Microsoft.VisualStudio.TestTools.TestTypes.Unit.UnitTestAdapter, Microsoft.VisualStudio.QualityTools.Tips.UnitTest.Adapter, Version=10.0.0.0, Culture=neutral, PublicKeyToken=b03f5f7f11d50a3a" className="UndeadEarth.Test.Model.when_creating_user, UndeadEarth.Test, Version=1.0.0.0, Culture=neutral, PublicKeyToken=null" name="should_disregard_creation_if_location_specified_is_not_a_starting_hot_zone" />
    </UnitTest>
    <UnitTest name="should_return_achievement_for_traveling_100_miles" storage="c:\projects\undeadearth\undeadearth.test\bin\debug\undeadearth.test.dll" id="7b6f7aba-399c-6729-f243-4ff68995d88e">
      <Execution id="cc5c8472-8cc4-404d-a77a-6586cef4c9a4" />
      <TestMethod codeBase="C:/Projects/UndeadEarth/UndeadEarth.Test/bin/Debug/UndeadEarth.Test.DLL" adapterTypeName="Microsoft.VisualStudio.TestTools.TestTypes.Unit.UnitTestAdapter, Microsoft.VisualStudio.QualityTools.Tips.UnitTest.Adapter, Version=10.0.0.0, Culture=neutral, PublicKeyToken=b03f5f7f11d50a3a" className="UndeadEarth.Test.Model.when_retrieving_achievements, UndeadEarth.Test, Version=1.0.0.0, Culture=neutral, PublicKeyToken=null" name="should_return_achievement_for_traveling_100_miles" />
    </UnitTest>
    <UnitTest name="given_user_has_money_and_items_in_safe_house_and_can_buy_items_should_return_best_combination" storage="c:\projects\undeadearth\undeadearth.test\bin\debug\undeadearth.test.dll" id="cfb75f84-eedb-9c69-8ad1-7d1a16a63ca8">
      <Execution id="5b4b3f29-d3f2-4e85-92fd-fa35c15f8baf" />
      <TestMethod codeBase="C:/Projects/UndeadEarth/UndeadEarth.Test/bin/Debug/UndeadEarth.Test.DLL" adapterTypeName="Microsoft.VisualStudio.TestTools.TestTypes.Unit.UnitTestAdapter, Microsoft.VisualStudio.QualityTools.Tips.UnitTest.Adapter, Version=10.0.0.0, Culture=neutral, PublicKeyToken=b03f5f7f11d50a3a" className="UndeadEarth.Test.Model.when_determining_users_max_potential_attack_power, UndeadEarth.Test, Version=1.0.0.0, Culture=neutral, PublicKeyToken=null" name="given_user_has_money_and_items_in_safe_house_and_can_buy_items_should_return_best_combination" />
    </UnitTest>
    <UnitTest name="should_return_hotzone_id_containing_zombie_pack" storage="c:\projects\undeadearth\undeadearth.test\bin\debug\undeadearth.test.dll" id="e26f0cbc-ec75-e273-f755-4a50e6a1f30a">
      <Execution id="ebe4985d-ad8b-4fab-a193-23245e0c4098" />
      <TestMethod codeBase="C:/Projects/UndeadEarth/UndeadEarth.Test/bin/Debug/UndeadEarth.Test.DLL" adapterTypeName="Microsoft.VisualStudio.TestTools.TestTypes.Unit.UnitTestAdapter, Microsoft.VisualStudio.QualityTools.Tips.UnitTest.Adapter, Version=10.0.0.0, Culture=neutral, PublicKeyToken=b03f5f7f11d50a3a" className="UndeadEarth.Test.Dal.when_retrieving_zombie_packs, UndeadEarth.Test, Version=1.0.0.0, Culture=neutral, PublicKeyToken=null" name="should_return_hotzone_id_containing_zombie_pack" />
    </UnitTest>
    <UnitTest name="should_return_false_if_zombie_pack_is_not_destroyed_by_user" storage="c:\projects\undeadearth\undeadearth.test\bin\debug\undeadearth.test.dll" id="27dffa83-35e8-a35a-74a3-14e94b831d3a">
      <Execution id="f5dc5a15-51cf-4122-91b1-18409dfdb769" />
      <TestMethod codeBase="C:/Projects/UndeadEarth/UndeadEarth.Test/bin/Debug/UndeadEarth.Test.DLL" adapterTypeName="Microsoft.VisualStudio.TestTools.TestTypes.Unit.UnitTestAdapter, Microsoft.VisualStudio.QualityTools.Tips.UnitTest.Adapter, Version=10.0.0.0, Culture=neutral, PublicKeyToken=b03f5f7f11d50a3a" className="UndeadEarth.Test.Dal.when_retrieving_user_zombie_pack_progress, UndeadEarth.Test, Version=1.0.0.0, Culture=neutral, PublicKeyToken=null" name="should_return_false_if_zombie_pack_is_not_destroyed_by_user" />
    </UnitTest>
    <UnitTest name="should_return_true_if_store_exists" storage="c:\projects\undeadearth\undeadearth.test\bin\debug\undeadearth.test.dll" id="31907ecc-7480-4064-cd3b-514e2ff26de7">
      <Execution id="4522a67d-ec06-48a3-acdf-9612e69797e1" />
      <TestMethod codeBase="C:/Projects/UndeadEarth/UndeadEarth.Test/bin/Debug/UndeadEarth.Test.DLL" adapterTypeName="Microsoft.VisualStudio.TestTools.TestTypes.Unit.UnitTestAdapter, Microsoft.VisualStudio.QualityTools.Tips.UnitTest.Adapter, Version=10.0.0.0, Culture=neutral, PublicKeyToken=b03f5f7f11d50a3a" className="UndeadEarth.Test.Dal.when_retrieving_stores, UndeadEarth.Test, Version=1.0.0.0, Culture=neutral, PublicKeyToken=null" name="should_return_true_if_store_exists" />
    </UnitTest>
    <UnitTest name="should_return_0_for_energy_if_user_does_not_exist" storage="c:\projects\undeadearth\undeadearth.test\bin\debug\undeadearth.test.dll" id="b32170cc-6301-2795-2015-78cba1f92dc0">
      <Execution id="c7be3be8-06d0-488e-ae53-5a2a52578a3c" />
      <TestMethod codeBase="C:/Projects/UndeadEarth/UndeadEarth.Test/bin/Debug/UndeadEarth.Test.DLL" adapterTypeName="Microsoft.VisualStudio.TestTools.TestTypes.Unit.UnitTestAdapter, Microsoft.VisualStudio.QualityTools.Tips.UnitTest.Adapter, Version=10.0.0.0, Culture=neutral, PublicKeyToken=b03f5f7f11d50a3a" className="UndeadEarth.Test.Model.when_determining_users_max_potential_energy, UndeadEarth.Test, Version=1.0.0.0, Culture=neutral, PublicKeyToken=null" name="should_return_0_for_energy_if_user_does_not_exist" />
    </UnitTest>
    <UnitTest name="should_return_zombie_packs_destroyed" storage="c:\projects\undeadearth\undeadearth.test\bin\debug\undeadearth.test.dll" id="95004e80-f255-f931-0117-595d4516dea1">
      <Execution id="07bf1d5e-e703-4071-bf17-cc252ec036a3" />
      <TestMethod codeBase="C:/Projects/UndeadEarth/UndeadEarth.Test/bin/Debug/UndeadEarth.Test.DLL" adapterTypeName="Microsoft.VisualStudio.TestTools.TestTypes.Unit.UnitTestAdapter, Microsoft.VisualStudio.QualityTools.Tips.UnitTest.Adapter, Version=10.0.0.0, Culture=neutral, PublicKeyToken=b03f5f7f11d50a3a" className="UndeadEarth.Test.Dal.when_retrieving_user_counts, UndeadEarth.Test, Version=1.0.0.0, Culture=neutral, PublicKeyToken=null" name="should_return_zombie_packs_destroyed" />
    </UnitTest>
    <UnitTest name="should_disregard_one_use_items_that_can_be_bought" storage="c:\projects\undeadearth\undeadearth.test\bin\debug\undeadearth.test.dll" id="e9706036-01bc-4fd1-60c9-f67ac8f10adb">
      <Execution id="55785d6d-9a2b-4369-a578-6ddc7422cdae" />
      <TestMethod codeBase="C:/Projects/UndeadEarth/UndeadEarth.Test/bin/Debug/UndeadEarth.Test.DLL" adapterTypeName="Microsoft.VisualStudio.TestTools.TestTypes.Unit.UnitTestAdapter, Microsoft.VisualStudio.QualityTools.Tips.UnitTest.Adapter, Version=10.0.0.0, Culture=neutral, PublicKeyToken=b03f5f7f11d50a3a" className="UndeadEarth.Test.Model.when_determining_users_max_potential_attack_power, UndeadEarth.Test, Version=1.0.0.0, Culture=neutral, PublicKeyToken=null" name="should_disregard_one_use_items_that_can_be_bought" />
    </UnitTest>
    <UnitTest name="should_throw_error_if_trying_update_user_level_and_user_does_not_exist" storage="c:\projects\undeadearth\undeadearth.test\bin\debug\undeadearth.test.dll" id="9a78eead-dd54-3b88-317e-c7ec25cf0f93">
      <Execution id="1fd59768-fd96-4292-ad72-4824c4ebdb0e" />
      <TestMethod codeBase="C:/Projects/UndeadEarth/UndeadEarth.Test/bin/Debug/UndeadEarth.Test.DLL" adapterTypeName="Microsoft.VisualStudio.TestTools.TestTypes.Unit.UnitTestAdapter, Microsoft.VisualStudio.QualityTools.Tips.UnitTest.Adapter, Version=10.0.0.0, Culture=neutral, PublicKeyToken=b03f5f7f11d50a3a" className="UndeadEarth.Test.Dal.when_saving_user, UndeadEarth.Test, Version=1.0.0.0, Culture=neutral, PublicKeyToken=null" name="should_throw_error_if_trying_update_user_level_and_user_does_not_exist" />
    </UnitTest>
    <UnitTest name="should_return_achievement_for_collecting_10_dollars" storage="c:\projects\undeadearth\undeadearth.test\bin\debug\undeadearth.test.dll" id="66169587-8c61-bb11-f455-fab6b8497218">
      <Execution id="fc77d82b-a54b-4c04-b882-4ed30126b040" />
      <TestMethod codeBase="C:/Projects/UndeadEarth/UndeadEarth.Test/bin/Debug/UndeadEarth.Test.DLL" adapterTypeName="Microsoft.VisualStudio.TestTools.TestTypes.Unit.UnitTestAdapter, Microsoft.VisualStudio.QualityTools.Tips.UnitTest.Adapter, Version=10.0.0.0, Culture=neutral, PublicKeyToken=b03f5f7f11d50a3a" className="UndeadEarth.Test.Model.when_retrieving_achievements, UndeadEarth.Test, Version=1.0.0.0, Culture=neutral, PublicKeyToken=null" name="should_return_achievement_for_collecting_10_dollars" />
    </UnitTest>
    <UnitTest name="should_save_user_max_energy" storage="c:\projects\undeadearth\undeadearth.test\bin\debug\undeadearth.test.dll" id="aaf613d0-debf-b348-f6a8-625b151b543d">
      <Execution id="ee194849-d74a-4d3e-9468-8db96e022766" />
      <TestMethod codeBase="C:/Projects/UndeadEarth/UndeadEarth.Test/bin/Debug/UndeadEarth.Test.DLL" adapterTypeName="Microsoft.VisualStudio.TestTools.TestTypes.Unit.UnitTestAdapter, Microsoft.VisualStudio.QualityTools.Tips.UnitTest.Adapter, Version=10.0.0.0, Culture=neutral, PublicKeyToken=b03f5f7f11d50a3a" className="UndeadEarth.Test.Dal.when_saving_user_sight_radius, UndeadEarth.Test, Version=1.0.0.0, Culture=neutral, PublicKeyToken=null" name="should_save_user_max_energy" />
    </UnitTest>
    <UnitTest name="should_return_false_if_store_does_not_exist" storage="c:\projects\undeadearth\undeadearth.test\bin\debug\undeadearth.test.dll" id="a5d1a057-084a-abb3-2d76-06c401ccb8d8">
      <Execution id="f11a422c-14af-46ee-8aff-6e0bd6e904da" />
      <TestMethod codeBase="C:/Projects/UndeadEarth/UndeadEarth.Test/bin/Debug/UndeadEarth.Test.DLL" adapterTypeName="Microsoft.VisualStudio.TestTools.TestTypes.Unit.UnitTestAdapter, Microsoft.VisualStudio.QualityTools.Tips.UnitTest.Adapter, Version=10.0.0.0, Culture=neutral, PublicKeyToken=b03f5f7f11d50a3a" className="UndeadEarth.Test.Dal.when_retrieving_stores, UndeadEarth.Test, Version=1.0.0.0, Culture=neutral, PublicKeyToken=null" name="should_return_false_if_store_does_not_exist" />
    </UnitTest>
    <UnitTest name="should_return_null_if_single_hotzone_doesnt_exist" storage="c:\projects\undeadearth\undeadearth.test\bin\debug\undeadearth.test.dll" id="9f145708-6c3c-b063-e40e-7d892e8c9ec8">
      <Execution id="d3054d05-86f3-4332-9f6c-2b7136204404" />
      <TestMethod codeBase="C:/Projects/UndeadEarth/UndeadEarth.Test/bin/Debug/UndeadEarth.Test.DLL" adapterTypeName="Microsoft.VisualStudio.TestTools.TestTypes.Unit.UnitTestAdapter, Microsoft.VisualStudio.QualityTools.Tips.UnitTest.Adapter, Version=10.0.0.0, Culture=neutral, PublicKeyToken=b03f5f7f11d50a3a" className="UndeadEarth.Test.Dal.when_retrieving_hot_zones, UndeadEarth.Test, Version=1.0.0.0, Culture=neutral, PublicKeyToken=null" name="should_return_null_if_single_hotzone_doesnt_exist" />
    </UnitTest>
    <UnitTest name="should_return_users_base_sight_radius_if_user_does_not_have_any_items" storage="c:\projects\undeadearth\undeadearth.test\bin\debug\undeadearth.test.dll" id="d39a97f0-a02b-13f3-00ff-3ebdf64857ec">
      <Execution id="017902e3-b824-4ce8-900c-c476cdc0f410" />
      <TestMethod codeBase="C:/Projects/UndeadEarth/UndeadEarth.Test/bin/Debug/UndeadEarth.Test.DLL" adapterTypeName="Microsoft.VisualStudio.TestTools.TestTypes.Unit.UnitTestAdapter, Microsoft.VisualStudio.QualityTools.Tips.UnitTest.Adapter, Version=10.0.0.0, Culture=neutral, PublicKeyToken=b03f5f7f11d50a3a" className="UndeadEarth.Test.Model.when_determining_users_min_sight_radius, UndeadEarth.Test, Version=1.0.0.0, Culture=neutral, PublicKeyToken=null" name="should_return_users_base_sight_radius_if_user_does_not_have_any_items" />
    </UnitTest>
    <UnitTest name="should_return_one_for_attack_power_if_user_exists_but_does_not_have_any_inventory" storage="c:\projects\undeadearth\undeadearth.test\bin\debug\undeadearth.test.dll" id="db113e6e-fe96-562f-4c9e-fac3dbaaeedc">
      <Execution id="e28b4650-47d9-42f2-afed-5563615955e0" />
      <TestMethod codeBase="C:/Projects/UndeadEarth/UndeadEarth.Test/bin/Debug/UndeadEarth.Test.DLL" adapterTypeName="Microsoft.VisualStudio.TestTools.TestTypes.Unit.UnitTestAdapter, Microsoft.VisualStudio.QualityTools.Tips.UnitTest.Adapter, Version=10.0.0.0, Culture=neutral, PublicKeyToken=b03f5f7f11d50a3a" className="UndeadEarth.Test.Model.when_retrieving_user_attack_power, UndeadEarth.Test, Version=1.0.0.0, Culture=neutral, PublicKeyToken=null" name="should_return_one_for_attack_power_if_user_exists_but_does_not_have_any_inventory" />
    </UnitTest>
    <UnitTest name="should_disregard_if_user_does_not_have_item" storage="c:\projects\undeadearth\undeadearth.test\bin\debug\undeadearth.test.dll" id="ce354fe1-08e2-7958-e209-2621b563d1da">
      <Execution id="f32b3bcd-4923-43dc-b11d-35af63f20c8e" />
      <TestMethod codeBase="C:/Projects/UndeadEarth/UndeadEarth.Test/bin/Debug/UndeadEarth.Test.DLL" adapterTypeName="Microsoft.VisualStudio.TestTools.TestTypes.Unit.UnitTestAdapter, Microsoft.VisualStudio.QualityTools.Tips.UnitTest.Adapter, Version=10.0.0.0, Culture=neutral, PublicKeyToken=b03f5f7f11d50a3a" className="UndeadEarth.Test.Model.when_transferring_items_from_user_to_safe_house, UndeadEarth.Test, Version=1.0.0.0, Culture=neutral, PublicKeyToken=null" name="should_disregard_if_user_does_not_have_item" />
    </UnitTest>
    <UnitTest name="should_return_an_empty_progress_if_user_does_not_exist" storage="c:\projects\undeadearth\undeadearth.test\bin\debug\undeadearth.test.dll" id="578c1082-4447-f4a0-bed7-4e23d16f558c">
      <Execution id="603701b3-9e7b-4883-8cbe-8de870cac8b6" />
      <TestMethod codeBase="C:/Projects/UndeadEarth/UndeadEarth.Test/bin/Debug/UndeadEarth.Test.DLL" adapterTypeName="Microsoft.VisualStudio.TestTools.TestTypes.Unit.UnitTestAdapter, Microsoft.VisualStudio.QualityTools.Tips.UnitTest.Adapter, Version=10.0.0.0, Culture=neutral, PublicKeyToken=b03f5f7f11d50a3a" className="UndeadEarth.Test.Model.when_determining_zombie_pack_progress, UndeadEarth.Test, Version=1.0.0.0, Culture=neutral, PublicKeyToken=null" name="should_return_an_empty_progress_if_user_does_not_exist" />
    </UnitTest>
    <UnitTest name="should_save_user_last_energy" storage="c:\projects\undeadearth\undeadearth.test\bin\debug\undeadearth.test.dll" id="b9daaf02-a2df-fc67-bf09-91db90f1040d">
      <Execution id="ff427eb7-19fe-4301-89c1-97313bbdb168" />
      <TestMethod codeBase="C:/Projects/UndeadEarth/UndeadEarth.Test/bin/Debug/UndeadEarth.Test.DLL" adapterTypeName="Microsoft.VisualStudio.TestTools.TestTypes.Unit.UnitTestAdapter, Microsoft.VisualStudio.QualityTools.Tips.UnitTest.Adapter, Version=10.0.0.0, Culture=neutral, PublicKeyToken=b03f5f7f11d50a3a" className="UndeadEarth.Test.Dal.Utility.when_saving_user_energy, UndeadEarth.Test, Version=1.0.0.0, Culture=neutral, PublicKeyToken=null" name="should_save_user_last_energy" />
    </UnitTest>
    <UnitTest name="should_set_user_level" storage="c:\projects\undeadearth\undeadearth.test\bin\debug\undeadearth.test.dll" id="a7658188-1d86-06a8-b6f3-6e5c757f83b4">
      <Execution id="21d47944-336c-4163-a264-3e848c0e162b" />
      <TestMethod codeBase="C:/Projects/UndeadEarth/UndeadEarth.Test/bin/Debug/UndeadEarth.Test.DLL" adapterTypeName="Microsoft.VisualStudio.TestTools.TestTypes.Unit.UnitTestAdapter, Microsoft.VisualStudio.QualityTools.Tips.UnitTest.Adapter, Version=10.0.0.0, Culture=neutral, PublicKeyToken=b03f5f7f11d50a3a" className="UndeadEarth.Test.Dal.when_saving_user, UndeadEarth.Test, Version=1.0.0.0, Culture=neutral, PublicKeyToken=null" name="should_set_user_level" />
    </UnitTest>
    <UnitTest name="should_throw_error_if_trying_to_update_user_inventory_amount_and_user_does_not_exist" storage="c:\projects\undeadearth\undeadearth.test\bin\debug\undeadearth.test.dll" id="38152b9e-3e48-dd5e-0e37-b7a27de7e225">
      <Execution id="fba9d91d-0e01-447c-bb7c-aac63c361ef1" />
      <TestMethod codeBase="C:/Projects/UndeadEarth/UndeadEarth.Test/bin/Debug/UndeadEarth.Test.DLL" adapterTypeName="Microsoft.VisualStudio.TestTools.TestTypes.Unit.UnitTestAdapter, Microsoft.VisualStudio.QualityTools.Tips.UnitTest.Adapter, Version=10.0.0.0, Culture=neutral, PublicKeyToken=b03f5f7f11d50a3a" className="UndeadEarth.Test.Dal.when_saving_user, UndeadEarth.Test, Version=1.0.0.0, Culture=neutral, PublicKeyToken=null" name="should_throw_error_if_trying_to_update_user_inventory_amount_and_user_does_not_exist" />
    </UnitTest>
    <UnitTest name="should_return_a_hunt_count_of_10_to_15_if_resolved_as_an_medium_hotzone" storage="c:\projects\undeadearth\undeadearth.test\bin\debug\undeadearth.test.dll" id="b18d1727-ecb0-0941-0114-d84e798714f5">
      <Execution id="b0ae674f-371f-4e0b-a3bc-28aa3a691d4b" />
      <TestMethod codeBase="C:/Projects/UndeadEarth/UndeadEarth.Test/bin/Debug/UndeadEarth.Test.DLL" adapterTypeName="Microsoft.VisualStudio.TestTools.TestTypes.Unit.UnitTestAdapter, Microsoft.VisualStudio.QualityTools.Tips.UnitTest.Adapter, Version=10.0.0.0, Culture=neutral, PublicKeyToken=b03f5f7f11d50a3a" className="UndeadEarth.Test.Model.when_determining_zombie_pack_progress, UndeadEarth.Test, Version=1.0.0.0, Culture=neutral, PublicKeyToken=null" name="should_return_a_hunt_count_of_10_to_15_if_resolved_as_an_medium_hotzone" />
    </UnitTest>
    <UnitTest name="should_return_0_if_time_passed_into_calculate_sight_radius_is_less_than_the_last_saved_sight_radius_record" storage="c:\projects\undeadearth\undeadearth.test\bin\debug\undeadearth.test.dll" id="1426a62d-a078-b4b5-817b-9f560bfc1dfe">
      <Execution id="96a0189d-a652-46a5-84a7-124818d3d029" />
      <TestMethod codeBase="C:/Projects/UndeadEarth/UndeadEarth.Test/bin/Debug/UndeadEarth.Test.DLL" adapterTypeName="Microsoft.VisualStudio.TestTools.TestTypes.Unit.UnitTestAdapter, Microsoft.VisualStudio.QualityTools.Tips.UnitTest.Adapter, Version=10.0.0.0, Culture=neutral, PublicKeyToken=b03f5f7f11d50a3a" className="UndeadEarth.Test.Model.when_determining_users_current_sight_radius, UndeadEarth.Test, Version=1.0.0.0, Culture=neutral, PublicKeyToken=null" name="should_return_0_if_time_passed_into_calculate_sight_radius_is_less_than_the_last_saved_sight_radius_record" />
    </UnitTest>
    <UnitTest name="should_update_users_inventory_amount" storage="c:\projects\undeadearth\undeadearth.test\bin\debug\undeadearth.test.dll" id="bdc5cf0e-b6b0-aab1-b4c9-cfdf4e4262c3">
      <Execution id="6aa79747-b386-44f8-8b96-024d5ddf83d4" />
      <TestMethod codeBase="C:/Projects/UndeadEarth/UndeadEarth.Test/bin/Debug/UndeadEarth.Test.DLL" adapterTypeName="Microsoft.VisualStudio.TestTools.TestTypes.Unit.UnitTestAdapter, Microsoft.VisualStudio.QualityTools.Tips.UnitTest.Adapter, Version=10.0.0.0, Culture=neutral, PublicKeyToken=b03f5f7f11d50a3a" className="UndeadEarth.Test.Dal.when_saving_user, UndeadEarth.Test, Version=1.0.0.0, Culture=neutral, PublicKeyToken=null" name="should_update_users_inventory_amount" />
    </UnitTest>
    <UnitTest name="should_return_base_sight_radius_for_user" storage="c:\projects\undeadearth\undeadearth.test\bin\debug\undeadearth.test.dll" id="05ef1086-81f0-526c-3f9d-15b7821d9bae">
      <Execution id="6e101378-078e-4cf0-9e4b-cd4fc7fad661" />
      <TestMethod codeBase="C:/Projects/UndeadEarth/UndeadEarth.Test/bin/Debug/UndeadEarth.Test.DLL" adapterTypeName="Microsoft.VisualStudio.TestTools.TestTypes.Unit.UnitTestAdapter, Microsoft.VisualStudio.QualityTools.Tips.UnitTest.Adapter, Version=10.0.0.0, Culture=neutral, PublicKeyToken=b03f5f7f11d50a3a" className="UndeadEarth.Test.Dal.when_retrieving_user_sight_radius, UndeadEarth.Test, Version=1.0.0.0, Culture=neutral, PublicKeyToken=null" name="should_return_base_sight_radius_for_user" />
    </UnitTest>
    <UnitTest name="should_return_false_if_hotzone_is_not_a_starting_hotzone" storage="c:\projects\undeadearth\undeadearth.test\bin\debug\undeadearth.test.dll" id="e08ed2a3-8471-3997-30af-ab81916e00cb">
      <Execution id="9f05fbf2-af0c-434b-b286-6e676227b776" />
      <TestMethod codeBase="C:/Projects/UndeadEarth/UndeadEarth.Test/bin/Debug/UndeadEarth.Test.DLL" adapterTypeName="Microsoft.VisualStudio.TestTools.TestTypes.Unit.UnitTestAdapter, Microsoft.VisualStudio.QualityTools.Tips.UnitTest.Adapter, Version=10.0.0.0, Culture=neutral, PublicKeyToken=b03f5f7f11d50a3a" className="UndeadEarth.Test.Dal.when_retrieving_hot_zones, UndeadEarth.Test, Version=1.0.0.0, Culture=neutral, PublicKeyToken=null" name="should_return_false_if_hotzone_is_not_a_starting_hotzone" />
    </UnitTest>
    <UnitTest name="should_return_achievement_for_collecting_100_dollars" storage="c:\projects\undeadearth\undeadearth.test\bin\debug\undeadearth.test.dll" id="d9d60eb2-6c40-96e0-e46e-37fba7b51acb">
      <Execution id="f76f4c48-bb3e-45ac-ad14-7f727447cbb6" />
      <TestMethod codeBase="C:/Projects/UndeadEarth/UndeadEarth.Test/bin/Debug/UndeadEarth.Test.DLL" adapterTypeName="Microsoft.VisualStudio.TestTools.TestTypes.Unit.UnitTestAdapter, Microsoft.VisualStudio.QualityTools.Tips.UnitTest.Adapter, Version=10.0.0.0, Culture=neutral, PublicKeyToken=b03f5f7f11d50a3a" className="UndeadEarth.Test.Model.when_retrieving_achievements, UndeadEarth.Test, Version=1.0.0.0, Culture=neutral, PublicKeyToken=null" name="should_return_achievement_for_collecting_100_dollars" />
    </UnitTest>
    <UnitTest name="should_return_last_sight_radius_saved_If_there_is_no_difference_between_the_current_time_passed_in_and_the_last_saved_sight_radius_from_the_repository" storage="c:\projects\undeadearth\undeadearth.test\bin\debug\undeadearth.test.dll" id="5af90bb7-e3b0-b5e7-29f7-fc8b0902be24">
      <Execution id="c090c750-108f-4561-af76-0f83b89a32a8" />
      <TestMethod codeBase="C:/Projects/UndeadEarth/UndeadEarth.Test/bin/Debug/UndeadEarth.Test.DLL" adapterTypeName="Microsoft.VisualStudio.TestTools.TestTypes.Unit.UnitTestAdapter, Microsoft.VisualStudio.QualityTools.Tips.UnitTest.Adapter, Version=10.0.0.0, Culture=neutral, PublicKeyToken=b03f5f7f11d50a3a" className="UndeadEarth.Test.Model.when_determining_users_current_sight_radius, UndeadEarth.Test, Version=1.0.0.0, Culture=neutral, PublicKeyToken=null" name="should_return_last_sight_radius_saved_If_there_is_no_difference_between_the_current_time_passed_in_and_the_last_saved_sight_radius_from_the_repository" />
    </UnitTest>
    <UnitTest name="should_return_remaining_zombie_packs_in_hot_zones" storage="c:\projects\undeadearth\undeadearth.test\bin\debug\undeadearth.test.dll" id="2528801b-adfc-fc02-0810-867a75b047c9">
      <Execution id="a4a9fbb7-4a89-4acd-8673-3eb89200fa2e" />
      <TestMethod codeBase="C:/Projects/UndeadEarth/UndeadEarth.Test/bin/Debug/UndeadEarth.Test.DLL" adapterTypeName="Microsoft.VisualStudio.TestTools.TestTypes.Unit.UnitTestAdapter, Microsoft.VisualStudio.QualityTools.Tips.UnitTest.Adapter, Version=10.0.0.0, Culture=neutral, PublicKeyToken=b03f5f7f11d50a3a" className="UndeadEarth.Test.Dal.when_retrieving_hot_zones, UndeadEarth.Test, Version=1.0.0.0, Culture=neutral, PublicKeyToken=null" name="should_return_remaining_zombie_packs_in_hot_zones" />
    </UnitTest>
    <UnitTest name="should_return_true_if_zombie_pack_is_destroyed_by_user" storage="c:\projects\undeadearth\undeadearth.test\bin\debug\undeadearth.test.dll" id="461819df-bed1-d7c5-29ce-bdee0f8eaaa2">
      <Execution id="d4642c34-4e5a-4a81-85c3-cc1d173e116d" />
      <TestMethod codeBase="C:/Projects/UndeadEarth/UndeadEarth.Test/bin/Debug/UndeadEarth.Test.DLL" adapterTypeName="Microsoft.VisualStudio.TestTools.TestTypes.Unit.UnitTestAdapter, Microsoft.VisualStudio.QualityTools.Tips.UnitTest.Adapter, Version=10.0.0.0, Culture=neutral, PublicKeyToken=b03f5f7f11d50a3a" className="UndeadEarth.Test.Dal.when_retrieving_user_zombie_pack_progress, UndeadEarth.Test, Version=1.0.0.0, Culture=neutral, PublicKeyToken=null" name="should_return_true_if_zombie_pack_is_destroyed_by_user" />
    </UnitTest>
    <UnitTest name="should_not_throw_error_if_user_does_not_exist" storage="c:\projects\undeadearth\undeadearth.test\bin\debug\undeadearth.test.dll" id="ca1b8eb5-4ad5-3e56-62f6-d3c54fe84326">
      <Execution id="8df47b9c-bf78-400d-a900-e138b2ce4510" />
      <TestMethod codeBase="C:/Projects/UndeadEarth/UndeadEarth.Test/bin/Debug/UndeadEarth.Test.DLL" adapterTypeName="Microsoft.VisualStudio.TestTools.TestTypes.Unit.UnitTestAdapter, Microsoft.VisualStudio.QualityTools.Tips.UnitTest.Adapter, Version=10.0.0.0, Culture=neutral, PublicKeyToken=b03f5f7f11d50a3a" className="UndeadEarth.Test.Dal.when_saving_user, UndeadEarth.Test, Version=1.0.0.0, Culture=neutral, PublicKeyToken=null" name="should_not_throw_error_if_user_does_not_exist" />
    </UnitTest>
    <UnitTest name="should_increment_miles_count_for_user" storage="c:\projects\undeadearth\undeadearth.test\bin\debug\undeadearth.test.dll" id="2a84edfa-8723-e5ed-8953-7dd9bec52c09">
      <Execution id="44bbd050-3798-46a7-86f2-97b674b48d66" />
      <TestMethod codeBase="C:/Projects/UndeadEarth/UndeadEarth.Test/bin/Debug/UndeadEarth.Test.DLL" adapterTypeName="Microsoft.VisualStudio.TestTools.TestTypes.Unit.UnitTestAdapter, Microsoft.VisualStudio.QualityTools.Tips.UnitTest.Adapter, Version=10.0.0.0, Culture=neutral, PublicKeyToken=b03f5f7f11d50a3a" className="UndeadEarth.Test.Dal.when_saving_user_counts, UndeadEarth.Test, Version=1.0.0.0, Culture=neutral, PublicKeyToken=null" name="should_increment_miles_count_for_user" />
    </UnitTest>
    <UnitTest name="should_return_baseline_energy_for_user_that_exists" storage="c:\projects\undeadearth\undeadearth.test\bin\debug\undeadearth.test.dll" id="7e9e7b54-d658-a1a5-ce5b-efa2cb03052c">
      <Execution id="1fcb366d-db00-4104-a1fe-c64d66fd54c8" />
      <TestMethod codeBase="C:/Projects/UndeadEarth/UndeadEarth.Test/bin/Debug/UndeadEarth.Test.DLL" adapterTypeName="Microsoft.VisualStudio.TestTools.TestTypes.Unit.UnitTestAdapter, Microsoft.VisualStudio.QualityTools.Tips.UnitTest.Adapter, Version=10.0.0.0, Culture=neutral, PublicKeyToken=b03f5f7f11d50a3a" className="UndeadEarth.Test.Dal.when_retrieving_user, UndeadEarth.Test, Version=1.0.0.0, Culture=neutral, PublicKeyToken=null" name="should_return_baseline_energy_for_user_that_exists" />
    </UnitTest>
    <UnitTest name="should_return_null_if_zombie_pack_does_not_exist" storage="c:\projects\undeadearth\undeadearth.test\bin\debug\undeadearth.test.dll" id="9d81df93-5250-1a02-c112-738e62d8d757">
      <Execution id="2fda5c7f-a624-4f06-9c47-f3d9229d1ef7" />
      <TestMethod codeBase="C:/Projects/UndeadEarth/UndeadEarth.Test/bin/Debug/UndeadEarth.Test.DLL" adapterTypeName="Microsoft.VisualStudio.TestTools.TestTypes.Unit.UnitTestAdapter, Microsoft.VisualStudio.QualityTools.Tips.UnitTest.Adapter, Version=10.0.0.0, Culture=neutral, PublicKeyToken=b03f5f7f11d50a3a" className="UndeadEarth.Test.Dal.when_retrieving_zombie_packs, UndeadEarth.Test, Version=1.0.0.0, Culture=neutral, PublicKeyToken=null" name="should_return_null_if_zombie_pack_does_not_exist" />
    </UnitTest>
    <UnitTest name="when_checking_user_level_and_zombie_kills_to_update_attributes_should_not_update_if_not_enough_zombie_kills" storage="c:\projects\undeadearth\undeadearth.test\bin\debug\undeadearth.test.dll" id="d9751d6d-b53f-ae7f-743d-a442b6a2d81c">
      <Execution id="c29efb16-907d-4869-b00f-2c83f146445c" />
      <TestMethod codeBase="C:/Projects/UndeadEarth/UndeadEarth.Test/bin/Debug/UndeadEarth.Test.DLL" adapterTypeName="Microsoft.VisualStudio.TestTools.TestTypes.Unit.UnitTestAdapter, Microsoft.VisualStudio.QualityTools.Tips.UnitTest.Adapter, Version=10.0.0.0, Culture=neutral, PublicKeyToken=b03f5f7f11d50a3a" className="UndeadEarth.Test.Model.when_servicing_user_level_and_attributes, UndeadEarth.Test, Version=1.0.0.0, Culture=neutral, PublicKeyToken=null" name="when_checking_user_level_and_zombie_kills_to_update_attributes_should_not_update_if_not_enough_zombie_kills" />
    </UnitTest>
    <UnitTest name="should_update_users_zone_id_if_user_is_at_a_zombie_pack_location" storage="c:\projects\undeadearth\undeadearth.test\bin\debug\undeadearth.test.dll" id="ac6fd380-aa69-7042-79c1-72e377d208c7">
      <Execution id="b2d08a96-a770-42a5-b5cf-ede238fae7b2" />
      <TestMethod codeBase="C:/Projects/UndeadEarth/UndeadEarth.Test/bin/Debug/UndeadEarth.Test.DLL" adapterTypeName="Microsoft.VisualStudio.TestTools.TestTypes.Unit.UnitTestAdapter, Microsoft.VisualStudio.QualityTools.Tips.UnitTest.Adapter, Version=10.0.0.0, Culture=neutral, PublicKeyToken=b03f5f7f11d50a3a" className="UndeadEarth.Test.Model.when_hunting_for_zombies, UndeadEarth.Test, Version=1.0.0.0, Culture=neutral, PublicKeyToken=null" name="should_update_users_zone_id_if_user_is_at_a_zombie_pack_location" />
    </UnitTest>
    <UnitTest name="should_retrieve_single_hotzone" storage="c:\projects\undeadearth\undeadearth.test\bin\debug\undeadearth.test.dll" id="310db446-5a38-a2ff-c0c6-33525d60392a">
      <Execution id="fa7d2e12-50c4-4243-91bd-09a46c3939e3" />
      <TestMethod codeBase="C:/Projects/UndeadEarth/UndeadEarth.Test/bin/Debug/UndeadEarth.Test.DLL" adapterTypeName="Microsoft.VisualStudio.TestTools.TestTypes.Unit.UnitTestAdapter, Microsoft.VisualStudio.QualityTools.Tips.UnitTest.Adapter, Version=10.0.0.0, Culture=neutral, PublicKeyToken=b03f5f7f11d50a3a" className="UndeadEarth.Test.Dal.when_retrieving_hot_zones, UndeadEarth.Test, Version=1.0.0.0, Culture=neutral, PublicKeyToken=null" name="should_retrieve_single_hotzone" />
    </UnitTest>
    <UnitTest name="should_return_null_for_last_saved_energy_if_user_does_not_exist" storage="c:\projects\undeadearth\undeadearth.test\bin\debug\undeadearth.test.dll" id="83224f41-33be-cb5a-8243-f1cbb7067a6d">
      <Execution id="251c05e2-7b3c-434b-8b8a-07a363914968" />
      <TestMethod codeBase="C:/Projects/UndeadEarth/UndeadEarth.Test/bin/Debug/UndeadEarth.Test.DLL" adapterTypeName="Microsoft.VisualStudio.TestTools.TestTypes.Unit.UnitTestAdapter, Microsoft.VisualStudio.QualityTools.Tips.UnitTest.Adapter, Version=10.0.0.0, Culture=neutral, PublicKeyToken=b03f5f7f11d50a3a" className="UndeadEarth.Test.Dal.when_retrieving_user_energy, UndeadEarth.Test, Version=1.0.0.0, Culture=neutral, PublicKeyToken=null" name="should_return_null_for_last_saved_energy_if_user_does_not_exist" />
    </UnitTest>
    <UnitTest name="should_return_achievement_for_killing_1000000_zombies" storage="c:\projects\undeadearth\undeadearth.test\bin\debug\undeadearth.test.dll" id="8d764dc0-19cc-25ef-1223-85c01764c701">
      <Execution id="c4b7b866-4789-4d67-9642-87051df0f570" />
      <TestMethod codeBase="C:/Projects/UndeadEarth/UndeadEarth.Test/bin/Debug/UndeadEarth.Test.DLL" adapterTypeName="Microsoft.VisualStudio.TestTools.TestTypes.Unit.UnitTestAdapter, Microsoft.VisualStudio.QualityTools.Tips.UnitTest.Adapter, Version=10.0.0.0, Culture=neutral, PublicKeyToken=b03f5f7f11d50a3a" className="UndeadEarth.Test.Model.when_retrieving_achievements, UndeadEarth.Test, Version=1.0.0.0, Culture=neutral, PublicKeyToken=null" name="should_return_achievement_for_killing_1000000_zombies" />
    </UnitTest>
    <UnitTest name="should_disregard_if_store_does_not_exist" storage="c:\projects\undeadearth\undeadearth.test\bin\debug\undeadearth.test.dll" id="eaf1ea02-9828-2113-565b-2356e5e99e6b">
      <Execution id="631d90d9-da71-485b-843e-9ea4feaf51a7" />
      <TestMethod codeBase="C:/Projects/UndeadEarth/UndeadEarth.Test/bin/Debug/UndeadEarth.Test.DLL" adapterTypeName="Microsoft.VisualStudio.TestTools.TestTypes.Unit.UnitTestAdapter, Microsoft.VisualStudio.QualityTools.Tips.UnitTest.Adapter, Version=10.0.0.0, Culture=neutral, PublicKeyToken=b03f5f7f11d50a3a" className="UndeadEarth.Test.Model.when_buying_items_from_shop, UndeadEarth.Test, Version=1.0.0.0, Culture=neutral, PublicKeyToken=null" name="should_disregard_if_store_does_not_exist" />
    </UnitTest>
    <UnitTest name="should_throw_error_when_returning_money_if_user_does_not_exist" storage="c:\projects\undeadearth\undeadearth.test\bin\debug\undeadearth.test.dll" id="aac835be-7dca-bf39-4e90-f32eb9f2669d">
      <Execution id="079a157c-81b4-4a84-a71e-a926105dd6f1" />
      <TestMethod codeBase="C:/Projects/UndeadEarth/UndeadEarth.Test/bin/Debug/UndeadEarth.Test.DLL" adapterTypeName="Microsoft.VisualStudio.TestTools.TestTypes.Unit.UnitTestAdapter, Microsoft.VisualStudio.QualityTools.Tips.UnitTest.Adapter, Version=10.0.0.0, Culture=neutral, PublicKeyToken=b03f5f7f11d50a3a" className="UndeadEarth.Test.Dal.when_retrieving_user, UndeadEarth.Test, Version=1.0.0.0, Culture=neutral, PublicKeyToken=null" name="should_throw_error_when_returning_money_if_user_does_not_exist" />
    </UnitTest>
    <UnitTest name="should_return_achievement_for_destroying_hotzone" storage="c:\projects\undeadearth\undeadearth.test\bin\debug\undeadearth.test.dll" id="f503de55-2c95-f110-a46c-919d6f50e064">
      <Execution id="b3dfb290-f91d-42ba-9007-a45069912421" />
      <TestMethod codeBase="C:/Projects/UndeadEarth/UndeadEarth.Test/bin/Debug/UndeadEarth.Test.DLL" adapterTypeName="Microsoft.VisualStudio.TestTools.TestTypes.Unit.UnitTestAdapter, Microsoft.VisualStudio.QualityTools.Tips.UnitTest.Adapter, Version=10.0.0.0, Culture=neutral, PublicKeyToken=b03f5f7f11d50a3a" className="UndeadEarth.Test.Model.when_retrieving_achievements, UndeadEarth.Test, Version=1.0.0.0, Culture=neutral, PublicKeyToken=null" name="should_return_achievement_for_destroying_hotzone" />
    </UnitTest>
    <UnitTest name="should_return_null_for_user_that_doesnt_exist" storage="c:\projects\undeadearth\undeadearth.test\bin\debug\undeadearth.test.dll" id="560e757d-7d9e-cf97-a66b-6eba9f0dbef7">
      <Execution id="7ff26fe5-4b83-4058-9074-3c390549d3a7" />
      <TestMethod codeBase="C:/Projects/UndeadEarth/UndeadEarth.Test/bin/Debug/UndeadEarth.Test.DLL" adapterTypeName="Microsoft.VisualStudio.TestTools.TestTypes.Unit.UnitTestAdapter, Microsoft.VisualStudio.QualityTools.Tips.UnitTest.Adapter, Version=10.0.0.0, Culture=neutral, PublicKeyToken=b03f5f7f11d50a3a" className="UndeadEarth.Test.Dal.when_retrieving_user, UndeadEarth.Test, Version=1.0.0.0, Culture=neutral, PublicKeyToken=null" name="should_return_null_for_user_that_doesnt_exist" />
    </UnitTest>
    <UnitTest name="should_throw_error_when_returning_last_visited_hotzone_if_user_doesnt_exist" storage="c:\projects\undeadearth\undeadearth.test\bin\debug\undeadearth.test.dll" id="a082c5ab-9e9e-f9a3-c9b1-3688e77d4b93">
      <Execution id="48fe303e-8e67-4f05-8511-1bcfa5d61c17" />
      <TestMethod codeBase="C:/Projects/UndeadEarth/UndeadEarth.Test/bin/Debug/UndeadEarth.Test.DLL" adapterTypeName="Microsoft.VisualStudio.TestTools.TestTypes.Unit.UnitTestAdapter, Microsoft.VisualStudio.QualityTools.Tips.UnitTest.Adapter, Version=10.0.0.0, Culture=neutral, PublicKeyToken=b03f5f7f11d50a3a" className="UndeadEarth.Test.Dal.when_retrieving_user, UndeadEarth.Test, Version=1.0.0.0, Culture=neutral, PublicKeyToken=null" name="should_throw_error_when_returning_last_visited_hotzone_if_user_doesnt_exist" />
    </UnitTest>
    <UnitTest name="should_update_last_visited_hotzone_for_user" storage="c:\projects\undeadearth\undeadearth.test\bin\debug\undeadearth.test.dll" id="8ca88260-b717-95ca-37eb-ce8b3138fe45">
      <Execution id="3db79b1b-a63e-458c-9376-c548b2588d12" />
      <TestMethod codeBase="C:/Projects/UndeadEarth/UndeadEarth.Test/bin/Debug/UndeadEarth.Test.DLL" adapterTypeName="Microsoft.VisualStudio.TestTools.TestTypes.Unit.UnitTestAdapter, Microsoft.VisualStudio.QualityTools.Tips.UnitTest.Adapter, Version=10.0.0.0, Culture=neutral, PublicKeyToken=b03f5f7f11d50a3a" className="UndeadEarth.Test.Dal.when_saving_user, UndeadEarth.Test, Version=1.0.0.0, Culture=neutral, PublicKeyToken=null" name="should_update_last_visited_hotzone_for_user" />
    </UnitTest>
    <UnitTest name="should_disregard_if_user_does_not_exist" storage="c:\projects\undeadearth\undeadearth.test\bin\debug\undeadearth.test.dll" id="29506837-8c96-f6c6-14e0-93c8ab580351">
      <Execution id="c8f6cd6e-58b6-4213-a310-8b5be71cf808" />
      <TestMethod codeBase="C:/Projects/UndeadEarth/UndeadEarth.Test/bin/Debug/UndeadEarth.Test.DLL" adapterTypeName="Microsoft.VisualStudio.TestTools.TestTypes.Unit.UnitTestAdapter, Microsoft.VisualStudio.QualityTools.Tips.UnitTest.Adapter, Version=10.0.0.0, Culture=neutral, PublicKeyToken=b03f5f7f11d50a3a" className="UndeadEarth.Test.Model.when_transferring_items_from_user_to_safe_house, UndeadEarth.Test, Version=1.0.0.0, Culture=neutral, PublicKeyToken=null" name="should_disregard_if_user_does_not_exist" />
    </UnitTest>
    <UnitTest name="should_return_base_energy_for_user" storage="c:\projects\undeadearth\undeadearth.test\bin\debug\undeadearth.test.dll" id="544cc1f1-3454-5e87-e24b-52c6acff6b61">
      <Execution id="3dc0be9c-f15f-4c02-bd2a-8b75ede786cc" />
      <TestMethod codeBase="C:/Projects/UndeadEarth/UndeadEarth.Test/bin/Debug/UndeadEarth.Test.DLL" adapterTypeName="Microsoft.VisualStudio.TestTools.TestTypes.Unit.UnitTestAdapter, Microsoft.VisualStudio.QualityTools.Tips.UnitTest.Adapter, Version=10.0.0.0, Culture=neutral, PublicKeyToken=b03f5f7f11d50a3a" className="UndeadEarth.Test.Dal.when_retrieving_user_energy, UndeadEarth.Test, Version=1.0.0.0, Culture=neutral, PublicKeyToken=null" name="should_return_base_energy_for_user" />
    </UnitTest>
    <UnitTest name="should_save_item" storage="c:\projects\undeadearth\undeadearth.test\bin\debug\undeadearth.test.dll" id="e9fab572-8fef-43db-2f81-87bc2fbad50f">
      <Execution id="6377079b-5a15-4de4-a5ae-2e02adfab42a" />
      <TestMethod codeBase="C:/Projects/UndeadEarth/UndeadEarth.Test/bin/Debug/UndeadEarth.Test.DLL" adapterTypeName="Microsoft.VisualStudio.TestTools.TestTypes.Unit.UnitTestAdapter, Microsoft.VisualStudio.QualityTools.Tips.UnitTest.Adapter, Version=10.0.0.0, Culture=neutral, PublicKeyToken=b03f5f7f11d50a3a" className="UndeadEarth.Test.Dal.when_saving_user_items, UndeadEarth.Test, Version=1.0.0.0, Culture=neutral, PublicKeyToken=null" name="should_save_item" />
    </UnitTest>
    <UnitTest name="should_return_attack_power_along_with_any_attack_power_increase_from_buying_different_items_and_no_items_in_safehouse" storage="c:\projects\undeadearth\undeadearth.test\bin\debug\undeadearth.test.dll" id="bc2bbda1-dfbc-fff1-89f7-377eb332a077">
      <Execution id="592db0ed-9449-4f8f-8d73-22cac9e2acb9" />
      <TestMethod codeBase="C:/Projects/UndeadEarth/UndeadEarth.Test/bin/Debug/UndeadEarth.Test.DLL" adapterTypeName="Microsoft.VisualStudio.TestTools.TestTypes.Unit.UnitTestAdapter, Microsoft.VisualStudio.QualityTools.Tips.UnitTest.Adapter, Version=10.0.0.0, Culture=neutral, PublicKeyToken=b03f5f7f11d50a3a" className="UndeadEarth.Test.Model.when_determining_users_max_potential_attack_power, UndeadEarth.Test, Version=1.0.0.0, Culture=neutral, PublicKeyToken=null" name="should_return_attack_power_along_with_any_attack_power_increase_from_buying_different_items_and_no_items_in_safehouse" />
    </UnitTest>
    <UnitTest name="should_return_true_if_item_does_exist" storage="c:\projects\undeadearth\undeadearth.test\bin\debug\undeadearth.test.dll" id="9d65c075-cd74-d595-76f3-d465e66be801">
      <Execution id="70ece60c-fdc1-4b6d-a3ef-979f888a1693" />
      <TestMethod codeBase="C:/Projects/UndeadEarth/UndeadEarth.Test/bin/Debug/UndeadEarth.Test.DLL" adapterTypeName="Microsoft.VisualStudio.TestTools.TestTypes.Unit.UnitTestAdapter, Microsoft.VisualStudio.QualityTools.Tips.UnitTest.Adapter, Version=10.0.0.0, Culture=neutral, PublicKeyToken=b03f5f7f11d50a3a" className="UndeadEarth.Test.Dal.when_retrieving_items, UndeadEarth.Test, Version=1.0.0.0, Culture=neutral, PublicKeyToken=null" name="should_return_true_if_item_does_exist" />
    </UnitTest>
    <UnitTest name="should_return_baseline_attack_power_for_user_that_exists" storage="c:\projects\undeadearth\undeadearth.test\bin\debug\undeadearth.test.dll" id="d51d0821-4280-76e7-8d6d-17b8ea1953f0">
      <Execution id="b243781b-2e02-4d2a-b9c0-bbf2d28eb6a6" />
      <TestMethod codeBase="C:/Projects/UndeadEarth/UndeadEarth.Test/bin/Debug/UndeadEarth.Test.DLL" adapterTypeName="Microsoft.VisualStudio.TestTools.TestTypes.Unit.UnitTestAdapter, Microsoft.VisualStudio.QualityTools.Tips.UnitTest.Adapter, Version=10.0.0.0, Culture=neutral, PublicKeyToken=b03f5f7f11d50a3a" className="UndeadEarth.Test.Dal.when_retrieving_user, UndeadEarth.Test, Version=1.0.0.0, Culture=neutral, PublicKeyToken=null" name="should_return_baseline_attack_power_for_user_that_exists" />
    </UnitTest>
    <UnitTest name="should_throw_error_if_facebook_user_id_is_zero" storage="c:\projects\undeadearth\undeadearth.test\bin\debug\undeadearth.test.dll" id="6ee3e612-4bf5-4b89-e2d7-9da260f06cb5">
      <Execution id="bb764af8-efe1-437b-b94f-6763f63fcdc8" />
      <TestMethod codeBase="C:/Projects/UndeadEarth/UndeadEarth.Test/bin/Debug/UndeadEarth.Test.DLL" adapterTypeName="Microsoft.VisualStudio.TestTools.TestTypes.Unit.UnitTestAdapter, Microsoft.VisualStudio.QualityTools.Tips.UnitTest.Adapter, Version=10.0.0.0, Culture=neutral, PublicKeyToken=b03f5f7f11d50a3a" className="UndeadEarth.Test.Dal.when_inserting_user, UndeadEarth.Test, Version=1.0.0.0, Culture=neutral, PublicKeyToken=null" name="should_throw_error_if_facebook_user_id_is_zero" />
    </UnitTest>
    <UnitTest name="should_return_achievement_for_killing_10_zombies" storage="c:\projects\undeadearth\undeadearth.test\bin\debug\undeadearth.test.dll" id="e731ae20-c844-7455-5d52-ca6eb82eb8c1">
      <Execution id="8089b7c7-bcdc-4246-8682-5a5d9b9bcef2" />
      <TestMethod codeBase="C:/Projects/UndeadEarth/UndeadEarth.Test/bin/Debug/UndeadEarth.Test.DLL" adapterTypeName="Microsoft.VisualStudio.TestTools.TestTypes.Unit.UnitTestAdapter, Microsoft.VisualStudio.QualityTools.Tips.UnitTest.Adapter, Version=10.0.0.0, Culture=neutral, PublicKeyToken=b03f5f7f11d50a3a" className="UndeadEarth.Test.Model.when_retrieving_achievements, UndeadEarth.Test, Version=1.0.0.0, Culture=neutral, PublicKeyToken=null" name="should_return_achievement_for_killing_10_zombies" />
    </UnitTest>
    <UnitTest name="should_return_peak_attack" storage="c:\projects\undeadearth\undeadearth.test\bin\debug\undeadearth.test.dll" id="8139f5f3-bee3-cd07-2820-fcf4f70f9ff0">
      <Execution id="9e0f521c-6513-4422-815a-b8d97672385b" />
      <TestMethod codeBase="C:/Projects/UndeadEarth/UndeadEarth.Test/bin/Debug/UndeadEarth.Test.DLL" adapterTypeName="Microsoft.VisualStudio.TestTools.TestTypes.Unit.UnitTestAdapter, Microsoft.VisualStudio.QualityTools.Tips.UnitTest.Adapter, Version=10.0.0.0, Culture=neutral, PublicKeyToken=b03f5f7f11d50a3a" className="UndeadEarth.Test.Dal.when_retrieving_user_counts, UndeadEarth.Test, Version=1.0.0.0, Culture=neutral, PublicKeyToken=null" name="should_return_peak_attack" />
    </UnitTest>
    <UnitTest name="should_throw_error_when_returning_user_current_base_attack_if_user_doesnt_exist" storage="c:\projects\undeadearth\undeadearth.test\bin\debug\undeadearth.test.dll" id="c7989c99-7490-d68e-f8ba-99491ffceea3">
      <Execution id="a842fc6d-9bfa-4eca-965d-5fe4ae157d38" />
      <TestMethod codeBase="C:/Projects/UndeadEarth/UndeadEarth.Test/bin/Debug/UndeadEarth.Test.DLL" adapterTypeName="Microsoft.VisualStudio.TestTools.TestTypes.Unit.UnitTestAdapter, Microsoft.VisualStudio.QualityTools.Tips.UnitTest.Adapter, Version=10.0.0.0, Culture=neutral, PublicKeyToken=b03f5f7f11d50a3a" className="UndeadEarth.Test.Dal.when_retrieving_user, UndeadEarth.Test, Version=1.0.0.0, Culture=neutral, PublicKeyToken=null" name="should_throw_error_when_returning_user_current_base_attack_if_user_doesnt_exist" />
    </UnitTest>
    <UnitTest name="should_update_user_level_and_user_base_attack_and_user_base_energy_and_user_inventory_when_user_kills_enough_zombies_to_pass_level" storage="c:\projects\undeadearth\undeadearth.test\bin\debug\undeadearth.test.dll" id="bc231f56-0b8a-34bb-d73a-6bc2b970aa27">
      <Execution id="d015e627-8315-49b1-ab5b-c0e0fce2819f" />
      <TestMethod codeBase="C:/Projects/UndeadEarth/UndeadEarth.Test/bin/Debug/UndeadEarth.Test.DLL" adapterTypeName="Microsoft.VisualStudio.TestTools.TestTypes.Unit.UnitTestAdapter, Microsoft.VisualStudio.QualityTools.Tips.UnitTest.Adapter, Version=10.0.0.0, Culture=neutral, PublicKeyToken=b03f5f7f11d50a3a" className="UndeadEarth.Test.Model.when_servicing_user_level_and_attributes, UndeadEarth.Test, Version=1.0.0.0, Culture=neutral, PublicKeyToken=null" name="should_update_user_level_and_user_base_attack_and_user_base_energy_and_user_inventory_when_user_kills_enough_zombies_to_pass_level" />
    </UnitTest>
    <UnitTest name="should_throw_error_if_user_does_not_exist" storage="c:\projects\undeadearth\undeadearth.test\bin\debug\undeadearth.test.dll" id="facd1619-809e-3892-1c5d-a369458909c6">
      <Execution id="4b57ff07-3fbc-48b1-b002-2272f12bcaa5" />
      <TestMethod codeBase="C:/Projects/UndeadEarth/UndeadEarth.Test/bin/Debug/UndeadEarth.Test.DLL" adapterTypeName="Microsoft.VisualStudio.TestTools.TestTypes.Unit.UnitTestAdapter, Microsoft.VisualStudio.QualityTools.Tips.UnitTest.Adapter, Version=10.0.0.0, Culture=neutral, PublicKeyToken=b03f5f7f11d50a3a" className="UndeadEarth.Test.Dal.when_retrieving_user_energy, UndeadEarth.Test, Version=1.0.0.0, Culture=neutral, PublicKeyToken=null" name="should_throw_error_if_user_does_not_exist" />
    </UnitTest>
    <UnitTest name="should_throw_error_for_saving_mas_energy_if_user_does_not_exist" storage="c:\projects\undeadearth\undeadearth.test\bin\debug\undeadearth.test.dll" id="c9e2118a-af3f-f908-ba61-20f5edd2b827">
      <Execution id="ab8e8e2f-6b29-465f-9656-4162cd053d60" />
      <TestMethod codeBase="C:/Projects/UndeadEarth/UndeadEarth.Test/bin/Debug/UndeadEarth.Test.DLL" adapterTypeName="Microsoft.VisualStudio.TestTools.TestTypes.Unit.UnitTestAdapter, Microsoft.VisualStudio.QualityTools.Tips.UnitTest.Adapter, Version=10.0.0.0, Culture=neutral, PublicKeyToken=b03f5f7f11d50a3a" className="UndeadEarth.Test.Dal.when_saving_user_sight_radius, UndeadEarth.Test, Version=1.0.0.0, Culture=neutral, PublicKeyToken=null" name="should_throw_error_for_saving_mas_energy_if_user_does_not_exist" />
    </UnitTest>
    <UnitTest name="should_not_hunt_if_user_is_not_at_zombie_pack_longitude" storage="c:\projects\undeadearth\undeadearth.test\bin\debug\undeadearth.test.dll" id="e714817d-ce86-8716-57bb-b981b1597240">
      <Execution id="51ba5b85-00fa-4b0c-ae14-669e3178344d" />
      <TestMethod codeBase="C:/Projects/UndeadEarth/UndeadEarth.Test/bin/Debug/UndeadEarth.Test.DLL" adapterTypeName="Microsoft.VisualStudio.TestTools.TestTypes.Unit.UnitTestAdapter, Microsoft.VisualStudio.QualityTools.Tips.UnitTest.Adapter, Version=10.0.0.0, Culture=neutral, PublicKeyToken=b03f5f7f11d50a3a" className="UndeadEarth.Test.Model.when_hunting_for_zombies, UndeadEarth.Test, Version=1.0.0.0, Culture=neutral, PublicKeyToken=null" name="should_not_hunt_if_user_is_not_at_zombie_pack_longitude" />
    </UnitTest>
    <UnitTest name="should_return_false_for_IsStartingHotzone_if_hotzone_doesnt_exist" storage="c:\projects\undeadearth\undeadearth.test\bin\debug\undeadearth.test.dll" id="269b2e64-447a-b926-cd3c-a38128cb3896">
      <Execution id="7e307daf-71fb-48da-b299-cdecae77214e" />
      <TestMethod codeBase="C:/Projects/UndeadEarth/UndeadEarth.Test/bin/Debug/UndeadEarth.Test.DLL" adapterTypeName="Microsoft.VisualStudio.TestTools.TestTypes.Unit.UnitTestAdapter, Microsoft.VisualStudio.QualityTools.Tips.UnitTest.Adapter, Version=10.0.0.0, Culture=neutral, PublicKeyToken=b03f5f7f11d50a3a" className="UndeadEarth.Test.Dal.when_retrieving_hot_zones, UndeadEarth.Test, Version=1.0.0.0, Culture=neutral, PublicKeyToken=null" name="should_return_false_for_IsStartingHotzone_if_hotzone_doesnt_exist" />
    </UnitTest>
    <UnitTest name="should_disregard_safehouse_items_that_are_one_use" storage="c:\projects\undeadearth\undeadearth.test\bin\debug\undeadearth.test.dll" id="b56cc93a-1a34-87ca-906c-3850d1ae7b74">
      <Execution id="3ebd702c-07f0-4e2f-a323-21235305dcd7" />
      <TestMethod codeBase="C:/Projects/UndeadEarth/UndeadEarth.Test/bin/Debug/UndeadEarth.Test.DLL" adapterTypeName="Microsoft.VisualStudio.TestTools.TestTypes.Unit.UnitTestAdapter, Microsoft.VisualStudio.QualityTools.Tips.UnitTest.Adapter, Version=10.0.0.0, Culture=neutral, PublicKeyToken=b03f5f7f11d50a3a" className="UndeadEarth.Test.Model.when_determining_users_max_potential_attack_power, UndeadEarth.Test, Version=1.0.0.0, Culture=neutral, PublicKeyToken=null" name="should_disregard_safehouse_items_that_are_one_use" />
    </UnitTest>
    <UnitTest name="should_disregard_if_user_does_not_exist" storage="c:\projects\undeadearth\undeadearth.test\bin\debug\undeadearth.test.dll" id="81cb2920-61d9-e3df-f3bf-c3ed245e0ab0">
      <Execution id="4071de2c-7284-409a-b097-8b5c5946951d" />
      <TestMethod codeBase="C:/Projects/UndeadEarth/UndeadEarth.Test/bin/Debug/UndeadEarth.Test.DLL" adapterTypeName="Microsoft.VisualStudio.TestTools.TestTypes.Unit.UnitTestAdapter, Microsoft.VisualStudio.QualityTools.Tips.UnitTest.Adapter, Version=10.0.0.0, Culture=neutral, PublicKeyToken=b03f5f7f11d50a3a" className="UndeadEarth.Test.Model.when_transferring_items_from_safe_house_to_user, UndeadEarth.Test, Version=1.0.0.0, Culture=neutral, PublicKeyToken=null" name="should_disregard_if_user_does_not_exist" />
    </UnitTest>
    <UnitTest name="should_return_achievement_for_killing_1_zombie" storage="c:\projects\undeadearth\undeadearth.test\bin\debug\undeadearth.test.dll" id="1b56219d-f99d-2b01-66f0-01c3b94f4ee2">
      <Execution id="0c78e969-7c0f-40e3-a8ae-1b30bbc8dd58" />
      <TestMethod codeBase="C:/Projects/UndeadEarth/UndeadEarth.Test/bin/Debug/UndeadEarth.Test.DLL" adapterTypeName="Microsoft.VisualStudio.TestTools.TestTypes.Unit.UnitTestAdapter, Microsoft.VisualStudio.QualityTools.Tips.UnitTest.Adapter, Version=10.0.0.0, Culture=neutral, PublicKeyToken=b03f5f7f11d50a3a" className="UndeadEarth.Test.Model.when_retrieving_achievements, UndeadEarth.Test, Version=1.0.0.0, Culture=neutral, PublicKeyToken=null" name="should_return_achievement_for_killing_1_zombie" />
    </UnitTest>
    <UnitTest name="should_return_achievement_for_killing_1000_zombies" storage="c:\projects\undeadearth\undeadearth.test\bin\debug\undeadearth.test.dll" id="809902e6-5c64-c35c-89c5-d13cd243728a">
      <Execution id="5a1d4bf1-2c51-402c-aaa1-8ed9696c03e9" />
      <TestMethod codeBase="C:/Projects/UndeadEarth/UndeadEarth.Test/bin/Debug/UndeadEarth.Test.DLL" adapterTypeName="Microsoft.VisualStudio.TestTools.TestTypes.Unit.UnitTestAdapter, Microsoft.VisualStudio.QualityTools.Tips.UnitTest.Adapter, Version=10.0.0.0, Culture=neutral, PublicKeyToken=b03f5f7f11d50a3a" className="UndeadEarth.Test.Model.when_retrieving_achievements, UndeadEarth.Test, Version=1.0.0.0, Culture=neutral, PublicKeyToken=null" name="should_return_achievement_for_killing_1000_zombies" />
    </UnitTest>
    <UnitTest name="should_return_achievement_for_peak_zombies_of_two" storage="c:\projects\undeadearth\undeadearth.test\bin\debug\undeadearth.test.dll" id="2604ff32-2b78-d0a6-0890-b8bb202063cc">
      <Execution id="9b07ff82-f8ec-4b81-aef6-fa6314e93e18" />
      <TestMethod codeBase="C:/Projects/UndeadEarth/UndeadEarth.Test/bin/Debug/UndeadEarth.Test.DLL" adapterTypeName="Microsoft.VisualStudio.TestTools.TestTypes.Unit.UnitTestAdapter, Microsoft.VisualStudio.QualityTools.Tips.UnitTest.Adapter, Version=10.0.0.0, Culture=neutral, PublicKeyToken=b03f5f7f11d50a3a" className="UndeadEarth.Test.Model.when_retrieving_achievements, UndeadEarth.Test, Version=1.0.0.0, Culture=neutral, PublicKeyToken=null" name="should_return_achievement_for_peak_zombies_of_two" />
    </UnitTest>
    <UnitTest name="should_return_0_if_user_does_not_exist" storage="c:\projects\undeadearth\undeadearth.test\bin\debug\undeadearth.test.dll" id="d8a245d8-8db6-bd87-8600-23c0fc08446c">
      <Execution id="61c230ea-e5cf-4ef9-9112-6cb5a168dba7" />
      <TestMethod codeBase="C:/Projects/UndeadEarth/UndeadEarth.Test/bin/Debug/UndeadEarth.Test.DLL" adapterTypeName="Microsoft.VisualStudio.TestTools.TestTypes.Unit.UnitTestAdapter, Microsoft.VisualStudio.QualityTools.Tips.UnitTest.Adapter, Version=10.0.0.0, Culture=neutral, PublicKeyToken=b03f5f7f11d50a3a" className="UndeadEarth.Test.Model.when_determining_users_current_sight_radius, UndeadEarth.Test, Version=1.0.0.0, Culture=neutral, PublicKeyToken=null" name="should_return_0_if_user_does_not_exist" />
    </UnitTest>
    <UnitTest name="should_retrieve_user_zombie_pack_progress_for_user" storage="c:\projects\undeadearth\undeadearth.test\bin\debug\undeadearth.test.dll" id="612613da-83db-bad4-0786-2d957381d4ad">
      <Execution id="94aa58a7-2f00-43b5-b4f1-c91fc24c2626" />
      <TestMethod codeBase="C:/Projects/UndeadEarth/UndeadEarth.Test/bin/Debug/UndeadEarth.Test.DLL" adapterTypeName="Microsoft.VisualStudio.TestTools.TestTypes.Unit.UnitTestAdapter, Microsoft.VisualStudio.QualityTools.Tips.UnitTest.Adapter, Version=10.0.0.0, Culture=neutral, PublicKeyToken=b03f5f7f11d50a3a" className="UndeadEarth.Test.Dal.when_retrieving_user_zombie_pack_progress, UndeadEarth.Test, Version=1.0.0.0, Culture=neutral, PublicKeyToken=null" name="should_retrieve_user_zombie_pack_progress_for_user" />
    </UnitTest>
    <UnitTest name="should_truncate_seconds_and_milliseconds_from_times_that_are_being_used_for_calculating_sight_radius" storage="c:\projects\undeadearth\undeadearth.test\bin\debug\undeadearth.test.dll" id="f6ef8399-e04f-58b6-2ee9-2d40209a41f1">
      <Execution id="c491f8be-676a-46b1-9bd7-dc6e9cad371b" />
      <TestMethod codeBase="C:/Projects/UndeadEarth/UndeadEarth.Test/bin/Debug/UndeadEarth.Test.DLL" adapterTypeName="Microsoft.VisualStudio.TestTools.TestTypes.Unit.UnitTestAdapter, Microsoft.VisualStudio.QualityTools.Tips.UnitTest.Adapter, Version=10.0.0.0, Culture=neutral, PublicKeyToken=b03f5f7f11d50a3a" className="UndeadEarth.Test.Model.when_determining_users_current_sight_radius, UndeadEarth.Test, Version=1.0.0.0, Culture=neutral, PublicKeyToken=null" name="should_truncate_seconds_and_milliseconds_from_times_that_are_being_used_for_calculating_sight_radius" />
    </UnitTest>
    <UnitTest name="should_save_item_in_user_inventory_and_take_out_of_safe_house_inventory" storage="c:\projects\undeadearth\undeadearth.test\bin\debug\undeadearth.test.dll" id="5f1fabc6-b3c7-d9b8-821e-098ccaf3eed1">
      <Execution id="281dcf2e-bd84-4fa4-9957-88f7d48091c9" />
      <TestMethod codeBase="C:/Projects/UndeadEarth/UndeadEarth.Test/bin/Debug/UndeadEarth.Test.DLL" adapterTypeName="Microsoft.VisualStudio.TestTools.TestTypes.Unit.UnitTestAdapter, Microsoft.VisualStudio.QualityTools.Tips.UnitTest.Adapter, Version=10.0.0.0, Culture=neutral, PublicKeyToken=b03f5f7f11d50a3a" className="UndeadEarth.Test.Model.when_transferring_items_from_safe_house_to_user, UndeadEarth.Test, Version=1.0.0.0, Culture=neutral, PublicKeyToken=null" name="should_save_item_in_user_inventory_and_take_out_of_safe_house_inventory" />
    </UnitTest>
    <UnitTest name="should_throw_error_if_facebook_user_id_is_0_and_retrieval_is_attempted" storage="c:\projects\undeadearth\undeadearth.test\bin\debug\undeadearth.test.dll" id="d10bf695-c889-b70c-ad2f-f77a6c930e0a">
      <Execution id="3e165ef2-ccff-4b54-b61b-afe33df1d513" />
      <TestMethod codeBase="C:/Projects/UndeadEarth/UndeadEarth.Test/bin/Debug/UndeadEarth.Test.DLL" adapterTypeName="Microsoft.VisualStudio.TestTools.TestTypes.Unit.UnitTestAdapter, Microsoft.VisualStudio.QualityTools.Tips.UnitTest.Adapter, Version=10.0.0.0, Culture=neutral, PublicKeyToken=b03f5f7f11d50a3a" className="UndeadEarth.Test.Dal.when_retrieving_user, UndeadEarth.Test, Version=1.0.0.0, Culture=neutral, PublicKeyToken=null" name="should_throw_error_if_facebook_user_id_is_0_and_retrieval_is_attempted" />
    </UnitTest>
    <UnitTest name="should_create_counts_record_if_none_exists_for_user" storage="c:\projects\undeadearth\undeadearth.test\bin\debug\undeadearth.test.dll" id="4013d892-4605-1c26-5721-43931adf425c">
      <Execution id="aff11655-fac3-46d6-8170-0eb9c20426a3" />
      <TestMethod codeBase="C:/Projects/UndeadEarth/UndeadEarth.Test/bin/Debug/UndeadEarth.Test.DLL" adapterTypeName="Microsoft.VisualStudio.TestTools.TestTypes.Unit.UnitTestAdapter, Microsoft.VisualStudio.QualityTools.Tips.UnitTest.Adapter, Version=10.0.0.0, Culture=neutral, PublicKeyToken=b03f5f7f11d50a3a" className="UndeadEarth.Test.Dal.when_saving_user_counts, UndeadEarth.Test, Version=1.0.0.0, Culture=neutral, PublicKeyToken=null" name="should_create_counts_record_if_none_exists_for_user" />
    </UnitTest>
    <UnitTest name="should_give_user_a_random_amount_of_money_after_hunt" storage="c:\projects\undeadearth\undeadearth.test\bin\debug\undeadearth.test.dll" id="537a0821-9a13-8b7a-298b-1a1d7b7834c1">
      <Execution id="2d19a81c-6294-4c28-9f25-3fe390d8ddde" />
      <TestMethod codeBase="C:/Projects/UndeadEarth/UndeadEarth.Test/bin/Debug/UndeadEarth.Test.DLL" adapterTypeName="Microsoft.VisualStudio.TestTools.TestTypes.Unit.UnitTestAdapter, Microsoft.VisualStudio.QualityTools.Tips.UnitTest.Adapter, Version=10.0.0.0, Culture=neutral, PublicKeyToken=b03f5f7f11d50a3a" className="UndeadEarth.Test.Model.when_hunting_for_zombies, UndeadEarth.Test, Version=1.0.0.0, Culture=neutral, PublicKeyToken=null" name="should_give_user_a_random_amount_of_money_after_hunt" />
    </UnitTest>
    <UnitTest name="should_return_calcuated_sight_radius_for_user_based_on_minutes_passed_since_last_saved_sight_radius" storage="c:\projects\undeadearth\undeadearth.test\bin\debug\undeadearth.test.dll" id="95252275-5d7e-5275-9816-a53a17373eae">
      <Execution id="d7fabefe-8281-44f5-a41e-320571a8e35c" />
      <TestMethod codeBase="C:/Projects/UndeadEarth/UndeadEarth.Test/bin/Debug/UndeadEarth.Test.DLL" adapterTypeName="Microsoft.VisualStudio.TestTools.TestTypes.Unit.UnitTestAdapter, Microsoft.VisualStudio.QualityTools.Tips.UnitTest.Adapter, Version=10.0.0.0, Culture=neutral, PublicKeyToken=b03f5f7f11d50a3a" className="UndeadEarth.Test.Model.when_determining_users_current_sight_radius, UndeadEarth.Test, Version=1.0.0.0, Culture=neutral, PublicKeyToken=null" name="should_return_calcuated_sight_radius_for_user_based_on_minutes_passed_since_last_saved_sight_radius" />
    </UnitTest>
    <UnitTest name="when_checking_user_level_and_zombie_kills_to_update_attributes_should_return_if_user_does_not_exist" storage="c:\projects\undeadearth\undeadearth.test\bin\debug\undeadearth.test.dll" id="86374614-7da2-d70a-a3e6-d86ececa0915">
      <Execution id="dd9086ff-12b3-47c4-86aa-90c5aaf1e4b8" />
      <TestMethod codeBase="C:/Projects/UndeadEarth/UndeadEarth.Test/bin/Debug/UndeadEarth.Test.DLL" adapterTypeName="Microsoft.VisualStudio.TestTools.TestTypes.Unit.UnitTestAdapter, Microsoft.VisualStudio.QualityTools.Tips.UnitTest.Adapter, Version=10.0.0.0, Culture=neutral, PublicKeyToken=b03f5f7f11d50a3a" className="UndeadEarth.Test.Model.when_servicing_user_level_and_attributes, UndeadEarth.Test, Version=1.0.0.0, Culture=neutral, PublicKeyToken=null" name="when_checking_user_level_and_zombie_kills_to_update_attributes_should_return_if_user_does_not_exist" />
    </UnitTest>
    <UnitTest name="should_return_achivement_for_destroying_10_hotzones" storage="c:\projects\undeadearth\undeadearth.test\bin\debug\undeadearth.test.dll" id="49540a47-9778-939f-7252-2442e060eeb3">
      <Execution id="30e67ea2-8ea1-495b-902a-6b14da8ccb8e" />
      <TestMethod codeBase="C:/Projects/UndeadEarth/UndeadEarth.Test/bin/Debug/UndeadEarth.Test.DLL" adapterTypeName="Microsoft.VisualStudio.TestTools.TestTypes.Unit.UnitTestAdapter, Microsoft.VisualStudio.QualityTools.Tips.UnitTest.Adapter, Version=10.0.0.0, Culture=neutral, PublicKeyToken=b03f5f7f11d50a3a" className="UndeadEarth.Test.Model.when_retrieving_achievements, UndeadEarth.Test, Version=1.0.0.0, Culture=neutral, PublicKeyToken=null" name="should_return_achivement_for_destroying_10_hotzones" />
    </UnitTest>
    <UnitTest name="should_retrieve_users_current_level" storage="c:\projects\undeadearth\undeadearth.test\bin\debug\undeadearth.test.dll" id="a6b9a5f6-83d7-1eba-5a05-ac8e16d1f134">
      <Execution id="ea012546-5159-4cac-87ea-2887aa1e4452" />
      <TestMethod codeBase="C:/Projects/UndeadEarth/UndeadEarth.Test/bin/Debug/UndeadEarth.Test.DLL" adapterTypeName="Microsoft.VisualStudio.TestTools.TestTypes.Unit.UnitTestAdapter, Microsoft.VisualStudio.QualityTools.Tips.UnitTest.Adapter, Version=10.0.0.0, Culture=neutral, PublicKeyToken=b03f5f7f11d50a3a" className="UndeadEarth.Test.Dal.when_retrieving_user, UndeadEarth.Test, Version=1.0.0.0, Culture=neutral, PublicKeyToken=null" name="should_retrieve_users_current_level" />
    </UnitTest>
    <UnitTest name="should_calculate_miles_between_two_points" storage="c:\projects\undeadearth\undeadearth.test\bin\debug\undeadearth.test.dll" id="f395261d-5bed-0fbe-8f0d-91e27b638206">
      <Execution id="51441b4d-e024-4444-9dc8-ed8e8ec51dec" />
      <TestMethod codeBase="C:/Projects/UndeadEarth/UndeadEarth.Test/bin/Debug/UndeadEarth.Test.DLL" adapterTypeName="Microsoft.VisualStudio.TestTools.TestTypes.Unit.UnitTestAdapter, Microsoft.VisualStudio.QualityTools.Tips.UnitTest.Adapter, Version=10.0.0.0, Culture=neutral, PublicKeyToken=b03f5f7f11d50a3a" className="UndeadEarth.Test.Model.when_calculating_distance, UndeadEarth.Test, Version=1.0.0.0, Culture=neutral, PublicKeyToken=null" name="should_calculate_miles_between_two_points" />
    </UnitTest>
    <UnitTest name="should_return_null_if_user_does_not_exist" storage="c:\projects\undeadearth\undeadearth.test\bin\debug\undeadearth.test.dll" id="9829ccd4-7897-563f-fa8f-058ccd4d2394">
      <Execution id="f73a0e7b-d2f8-462a-ad33-edef5dd705ba" />
      <TestMethod codeBase="C:/Projects/UndeadEarth/UndeadEarth.Test/bin/Debug/UndeadEarth.Test.DLL" adapterTypeName="Microsoft.VisualStudio.TestTools.TestTypes.Unit.UnitTestAdapter, Microsoft.VisualStudio.QualityTools.Tips.UnitTest.Adapter, Version=10.0.0.0, Culture=neutral, PublicKeyToken=b03f5f7f11d50a3a" className="UndeadEarth.Test.Dal.when_retrieving_user, UndeadEarth.Test, Version=1.0.0.0, Culture=neutral, PublicKeyToken=null" name="should_return_null_if_user_does_not_exist" />
    </UnitTest>
    <UnitTest name="should_update_hot_zone_if_user_is_on_new_hot_zone" storage="c:\projects\undeadearth\undeadearth.test\bin\debug\undeadearth.test.dll" id="5da90bcc-6e5d-3a2d-e174-d391c0422e11">
      <Execution id="f2070da1-08d2-4497-9269-fca79d9c0823" />
      <TestMethod codeBase="C:/Projects/UndeadEarth/UndeadEarth.Test/bin/Debug/UndeadEarth.Test.DLL" adapterTypeName="Microsoft.VisualStudio.TestTools.TestTypes.Unit.UnitTestAdapter, Microsoft.VisualStudio.QualityTools.Tips.UnitTest.Adapter, Version=10.0.0.0, Culture=neutral, PublicKeyToken=b03f5f7f11d50a3a" className="UndeadEarth.Test.Dal.when_saving_user, UndeadEarth.Test, Version=1.0.0.0, Culture=neutral, PublicKeyToken=null" name="should_update_hot_zone_if_user_is_on_new_hot_zone" />
    </UnitTest>
    <UnitTest name="should_update_zone_user_is_in" storage="c:\projects\undeadearth\undeadearth.test\bin\debug\undeadearth.test.dll" id="d9cc8fd3-0870-25cd-301c-1c45a9609c32">
      <Execution id="888276da-f217-4bd1-90a0-00151de439dc" />
      <TestMethod codeBase="C:/Projects/UndeadEarth/UndeadEarth.Test/bin/Debug/UndeadEarth.Test.DLL" adapterTypeName="Microsoft.VisualStudio.TestTools.TestTypes.Unit.UnitTestAdapter, Microsoft.VisualStudio.QualityTools.Tips.UnitTest.Adapter, Version=10.0.0.0, Culture=neutral, PublicKeyToken=b03f5f7f11d50a3a" className="UndeadEarth.Test.Dal.when_saving_user, UndeadEarth.Test, Version=1.0.0.0, Culture=neutral, PublicKeyToken=null" name="should_update_zone_user_is_in" />
    </UnitTest>
    <UnitTest name="should_remove_safe_house_item" storage="c:\projects\undeadearth\undeadearth.test\bin\debug\undeadearth.test.dll" id="f3417486-69dc-de2a-dd50-52fd43d006f5">
      <Execution id="5d3114a9-f59b-43a5-a86d-8dcc0137edc8" />
      <TestMethod codeBase="C:/Projects/UndeadEarth/UndeadEarth.Test/bin/Debug/UndeadEarth.Test.DLL" adapterTypeName="Microsoft.VisualStudio.TestTools.TestTypes.Unit.UnitTestAdapter, Microsoft.VisualStudio.QualityTools.Tips.UnitTest.Adapter, Version=10.0.0.0, Culture=neutral, PublicKeyToken=b03f5f7f11d50a3a" className="UndeadEarth.Test.Dal.when_retrieving_items, UndeadEarth.Test, Version=1.0.0.0, Culture=neutral, PublicKeyToken=null" name="should_remove_safe_house_item" />
    </UnitTest>
    <UnitTest name="should_take_into_consideration_equipped_items_when_determining_min_sight_radius" storage="c:\projects\undeadearth\undeadearth.test\bin\debug\undeadearth.test.dll" id="ba999509-487a-7f04-1438-f406952dc58e">
      <Execution id="ab5ad48e-1aec-4f38-af78-01b4c9f59424" />
      <TestMethod codeBase="C:/Projects/UndeadEarth/UndeadEarth.Test/bin/Debug/UndeadEarth.Test.DLL" adapterTypeName="Microsoft.VisualStudio.TestTools.TestTypes.Unit.UnitTestAdapter, Microsoft.VisualStudio.QualityTools.Tips.UnitTest.Adapter, Version=10.0.0.0, Culture=neutral, PublicKeyToken=b03f5f7f11d50a3a" className="UndeadEarth.Test.Model.when_determining_users_current_sight_radius, UndeadEarth.Test, Version=1.0.0.0, Culture=neutral, PublicKeyToken=null" name="should_take_into_consideration_equipped_items_when_determining_min_sight_radius" />
    </UnitTest>
    <UnitTest name="should_return_false_if_safe_house_does_not_exist" storage="c:\projects\undeadearth\undeadearth.test\bin\debug\undeadearth.test.dll" id="11b9b59c-993f-c435-5dd4-71b20fb4e5e5">
      <Execution id="e5d32350-0f48-493b-9cac-df1f44476bce" />
      <TestMethod codeBase="C:/Projects/UndeadEarth/UndeadEarth.Test/bin/Debug/UndeadEarth.Test.DLL" adapterTypeName="Microsoft.VisualStudio.TestTools.TestTypes.Unit.UnitTestAdapter, Microsoft.VisualStudio.QualityTools.Tips.UnitTest.Adapter, Version=10.0.0.0, Culture=neutral, PublicKeyToken=b03f5f7f11d50a3a" className="UndeadEarth.Test.Dal.when_retrieving_safe_houses, UndeadEarth.Test, Version=1.0.0.0, Culture=neutral, PublicKeyToken=null" name="should_return_false_if_safe_house_does_not_exist" />
    </UnitTest>
    <UnitTest name="should_increment_hotzones_destroyed" storage="c:\projects\undeadearth\undeadearth.test\bin\debug\undeadearth.test.dll" id="50a0e180-73b1-f3e2-9755-9dfe75491e60">
      <Execution id="913c12a9-d733-4503-a1d5-1a2a22ecefba" />
      <TestMethod codeBase="C:/Projects/UndeadEarth/UndeadEarth.Test/bin/Debug/UndeadEarth.Test.DLL" adapterTypeName="Microsoft.VisualStudio.TestTools.TestTypes.Unit.UnitTestAdapter, Microsoft.VisualStudio.QualityTools.Tips.UnitTest.Adapter, Version=10.0.0.0, Culture=neutral, PublicKeyToken=b03f5f7f11d50a3a" className="UndeadEarth.Test.Dal.when_saving_user_counts, UndeadEarth.Test, Version=1.0.0.0, Culture=neutral, PublicKeyToken=null" name="should_increment_hotzones_destroyed" />
    </UnitTest>
    <UnitTest name="should_retrieve_stores_associated_with_hotzone" storage="c:\projects\undeadearth\undeadearth.test\bin\debug\undeadearth.test.dll" id="a882d58c-8888-fab1-21e4-618bb71ae1ce">
      <Execution id="bb537af1-6b46-4e59-a644-c963a2d093b6" />
      <TestMethod codeBase="C:/Projects/UndeadEarth/UndeadEarth.Test/bin/Debug/UndeadEarth.Test.DLL" adapterTypeName="Microsoft.VisualStudio.TestTools.TestTypes.Unit.UnitTestAdapter, Microsoft.VisualStudio.QualityTools.Tips.UnitTest.Adapter, Version=10.0.0.0, Culture=neutral, PublicKeyToken=b03f5f7f11d50a3a" className="UndeadEarth.Test.Dal.when_retrieving_stores, UndeadEarth.Test, Version=1.0.0.0, Culture=neutral, PublicKeyToken=null" name="should_retrieve_stores_associated_with_hotzone" />
    </UnitTest>
    <UnitTest name="should_set_base_line_for_users_max_potential_if_last_hotzone_visited_is_null" storage="c:\projects\undeadearth\undeadearth.test\bin\debug\undeadearth.test.dll" id="95fac6cd-cd0a-1020-088f-f907c1eb2032">
      <Execution id="f772ddc1-e46e-4bed-ac7e-56bf23601f84" />
      <TestMethod codeBase="C:/Projects/UndeadEarth/UndeadEarth.Test/bin/Debug/UndeadEarth.Test.DLL" adapterTypeName="Microsoft.VisualStudio.TestTools.TestTypes.Unit.UnitTestAdapter, Microsoft.VisualStudio.QualityTools.Tips.UnitTest.Adapter, Version=10.0.0.0, Culture=neutral, PublicKeyToken=b03f5f7f11d50a3a" className="UndeadEarth.Test.Model.when_determining_zombie_pack_progress, UndeadEarth.Test, Version=1.0.0.0, Culture=neutral, PublicKeyToken=null" name="should_set_base_line_for_users_max_potential_if_last_hotzone_visited_is_null" />
    </UnitTest>
    <UnitTest name="should_return_null_for_base_sight_radius_if_user_exists_but_max_sight_radius_is_null" storage="c:\projects\undeadearth\undeadearth.test\bin\debug\undeadearth.test.dll" id="55ffc7bf-3f9e-b38d-348c-5fc84dd1b9ed">
      <Execution id="419f571e-c270-4d1b-a2dd-16b7d42530bb" />
      <TestMethod codeBase="C:/Projects/UndeadEarth/UndeadEarth.Test/bin/Debug/UndeadEarth.Test.DLL" adapterTypeName="Microsoft.VisualStudio.TestTools.TestTypes.Unit.UnitTestAdapter, Microsoft.VisualStudio.QualityTools.Tips.UnitTest.Adapter, Version=10.0.0.0, Culture=neutral, PublicKeyToken=b03f5f7f11d50a3a" className="UndeadEarth.Test.Dal.when_retrieving_user_sight_radius, UndeadEarth.Test, Version=1.0.0.0, Culture=neutral, PublicKeyToken=null" name="should_return_null_for_base_sight_radius_if_user_exists_but_max_sight_radius_is_null" />
    </UnitTest>
    <UnitTest name="should_return_the_summation_of_the_attack_powers_of_items_on_person" storage="c:\projects\undeadearth\undeadearth.test\bin\debug\undeadearth.test.dll" id="19198647-e17a-fca8-64d0-a720ab9e3894">
      <Execution id="4cabd3a2-d74d-4bff-8339-d1e5d1465cc2" />
      <TestMethod codeBase="C:/Projects/UndeadEarth/UndeadEarth.Test/bin/Debug/UndeadEarth.Test.DLL" adapterTypeName="Microsoft.VisualStudio.TestTools.TestTypes.Unit.UnitTestAdapter, Microsoft.VisualStudio.QualityTools.Tips.UnitTest.Adapter, Version=10.0.0.0, Culture=neutral, PublicKeyToken=b03f5f7f11d50a3a" className="UndeadEarth.Test.Model.when_retrieving_user_attack_power, UndeadEarth.Test, Version=1.0.0.0, Culture=neutral, PublicKeyToken=null" name="should_return_the_summation_of_the_attack_powers_of_items_on_person" />
    </UnitTest>
    <UnitTest name="should_return_the_amount_of_money_the_user_currently_has" storage="c:\projects\undeadearth\undeadearth.test\bin\debug\undeadearth.test.dll" id="6beb3a34-356e-6f1e-6b50-8d176c416598">
      <Execution id="6e59c99b-6b04-44f7-ae4b-a3ab02ec0a3a" />
      <TestMethod codeBase="C:/Projects/UndeadEarth/UndeadEarth.Test/bin/Debug/UndeadEarth.Test.DLL" adapterTypeName="Microsoft.VisualStudio.TestTools.TestTypes.Unit.UnitTestAdapter, Microsoft.VisualStudio.QualityTools.Tips.UnitTest.Adapter, Version=10.0.0.0, Culture=neutral, PublicKeyToken=b03f5f7f11d50a3a" className="UndeadEarth.Test.Dal.when_retrieving_user, UndeadEarth.Test, Version=1.0.0.0, Culture=neutral, PublicKeyToken=null" name="should_return_the_amount_of_money_the_user_currently_has" />
    </UnitTest>
    <UnitTest name="should_return_base_eneryg_plus_any_equiped_items_that_affect_energy" storage="c:\projects\undeadearth\undeadearth.test\bin\debug\undeadearth.test.dll" id="17d3f4ec-e921-82a2-da9d-9f4177b91ac9">
      <Execution id="9f933961-9f6d-47ee-83b4-a91d0d44d62c" />
      <TestMethod codeBase="C:/Projects/UndeadEarth/UndeadEarth.Test/bin/Debug/UndeadEarth.Test.DLL" adapterTypeName="Microsoft.VisualStudio.TestTools.TestTypes.Unit.UnitTestAdapter, Microsoft.VisualStudio.QualityTools.Tips.UnitTest.Adapter, Version=10.0.0.0, Culture=neutral, PublicKeyToken=b03f5f7f11d50a3a" className="UndeadEarth.Test.Model.when_determining_users_max_energy, UndeadEarth.Test, Version=1.0.0.0, Culture=neutral, PublicKeyToken=null" name="should_return_base_eneryg_plus_any_equiped_items_that_affect_energy" />
    </UnitTest>
    <UnitTest name="should_return_achievement_for_peak_zombies_1000" storage="c:\projects\undeadearth\undeadearth.test\bin\debug\undeadearth.test.dll" id="d531988b-f1bb-cf47-5dc0-2ed134630321">
      <Execution id="ea6972c8-6959-483f-bbb5-c16fd496cfff" />
      <TestMethod codeBase="C:/Projects/UndeadEarth/UndeadEarth.Test/bin/Debug/UndeadEarth.Test.DLL" adapterTypeName="Microsoft.VisualStudio.TestTools.TestTypes.Unit.UnitTestAdapter, Microsoft.VisualStudio.QualityTools.Tips.UnitTest.Adapter, Version=10.0.0.0, Culture=neutral, PublicKeyToken=b03f5f7f11d50a3a" className="UndeadEarth.Test.Model.when_retrieving_achievements, UndeadEarth.Test, Version=1.0.0.0, Culture=neutral, PublicKeyToken=null" name="should_return_achievement_for_peak_zombies_1000" />
    </UnitTest>
    <UnitTest name="should_return_achievement_for_destroying_100_zombie_packs" storage="c:\projects\undeadearth\undeadearth.test\bin\debug\undeadearth.test.dll" id="8cca1161-4d2c-f0a6-91e9-079cbe2f9201">
      <Execution id="dccec12d-14c1-4006-9c85-9dd152f39cca" />
      <TestMethod codeBase="C:/Projects/UndeadEarth/UndeadEarth.Test/bin/Debug/UndeadEarth.Test.DLL" adapterTypeName="Microsoft.VisualStudio.TestTools.TestTypes.Unit.UnitTestAdapter, Microsoft.VisualStudio.QualityTools.Tips.UnitTest.Adapter, Version=10.0.0.0, Culture=neutral, PublicKeyToken=b03f5f7f11d50a3a" className="UndeadEarth.Test.Model.when_retrieving_achievements, UndeadEarth.Test, Version=1.0.0.0, Culture=neutral, PublicKeyToken=null" name="should_return_achievement_for_destroying_100_zombie_packs" />
    </UnitTest>
    <UnitTest name="should_return_true_if_zombiepack_exists" storage="c:\projects\undeadearth\undeadearth.test\bin\debug\undeadearth.test.dll" id="21e42ea8-d73d-440e-e599-8f8f475201e3">
      <Execution id="7f012ec7-7577-42ab-8a89-510716d323ff" />
      <TestMethod codeBase="C:/Projects/UndeadEarth/UndeadEarth.Test/bin/Debug/UndeadEarth.Test.DLL" adapterTypeName="Microsoft.VisualStudio.TestTools.TestTypes.Unit.UnitTestAdapter, Microsoft.VisualStudio.QualityTools.Tips.UnitTest.Adapter, Version=10.0.0.0, Culture=neutral, PublicKeyToken=b03f5f7f11d50a3a" className="UndeadEarth.Test.Dal.when_checking_if_zombie_pack_exists, UndeadEarth.Test, Version=1.0.0.0, Culture=neutral, PublicKeyToken=null" name="should_return_true_if_zombiepack_exists" />
    </UnitTest>
    <UnitTest name="should_set_energy_to_100_for_user_who_exists_but_does_not_have_a_max_energy_value" storage="c:\projects\undeadearth\undeadearth.test\bin\debug\undeadearth.test.dll" id="9e0a45ef-94e7-5d2e-296e-d43084cdb72d">
      <Execution id="2a88ba93-8c1f-4768-95dc-08c606f277b5" />
      <TestMethod codeBase="C:/Projects/UndeadEarth/UndeadEarth.Test/bin/Debug/UndeadEarth.Test.DLL" adapterTypeName="Microsoft.VisualStudio.TestTools.TestTypes.Unit.UnitTestAdapter, Microsoft.VisualStudio.QualityTools.Tips.UnitTest.Adapter, Version=10.0.0.0, Culture=neutral, PublicKeyToken=b03f5f7f11d50a3a" className="UndeadEarth.Test.Model.when_determining_users_current_energy, UndeadEarth.Test, Version=1.0.0.0, Culture=neutral, PublicKeyToken=null" name="should_set_energy_to_100_for_user_who_exists_but_does_not_have_a_max_energy_value" />
    </UnitTest>
    <UnitTest name="should_return_user_if_user_exists" storage="c:\projects\undeadearth\undeadearth.test\bin\debug\undeadearth.test.dll" id="03d17922-b162-d76b-31f6-f34eb647e676">
      <Execution id="ced556ca-82e4-4f4e-999b-2815b43e5c69" />
      <TestMethod codeBase="C:/Projects/UndeadEarth/UndeadEarth.Test/bin/Debug/UndeadEarth.Test.DLL" adapterTypeName="Microsoft.VisualStudio.TestTools.TestTypes.Unit.UnitTestAdapter, Microsoft.VisualStudio.QualityTools.Tips.UnitTest.Adapter, Version=10.0.0.0, Culture=neutral, PublicKeyToken=b03f5f7f11d50a3a" className="UndeadEarth.Test.Dal.when_retrieving_user, UndeadEarth.Test, Version=1.0.0.0, Culture=neutral, PublicKeyToken=null" name="should_return_user_if_user_exists" />
    </UnitTest>
    <UnitTest name="should_return_false_if_user_does_not_have_item" storage="c:\projects\undeadearth\undeadearth.test\bin\debug\undeadearth.test.dll" id="ef68a9ee-23ea-2d7b-e344-622c97db6fd2">
      <Execution id="5c5fd413-d8b0-416d-949b-b900199e097f" />
      <TestMethod codeBase="C:/Projects/UndeadEarth/UndeadEarth.Test/bin/Debug/UndeadEarth.Test.DLL" adapterTypeName="Microsoft.VisualStudio.TestTools.TestTypes.Unit.UnitTestAdapter, Microsoft.VisualStudio.QualityTools.Tips.UnitTest.Adapter, Version=10.0.0.0, Culture=neutral, PublicKeyToken=b03f5f7f11d50a3a" className="UndeadEarth.Test.Dal.when_retrieving_items, UndeadEarth.Test, Version=1.0.0.0, Culture=neutral, PublicKeyToken=null" name="should_return_false_if_user_does_not_have_item" />
    </UnitTest>
    <UnitTest name="should_get_user_item_id" storage="c:\projects\undeadearth\undeadearth.test\bin\debug\undeadearth.test.dll" id="540edc62-4548-f51c-ae34-777932919c2f">
      <Execution id="4a7f2f14-4a70-465f-9f2b-efb127fbb1f3" />
      <TestMethod codeBase="C:/Projects/UndeadEarth/UndeadEarth.Test/bin/Debug/UndeadEarth.Test.DLL" adapterTypeName="Microsoft.VisualStudio.TestTools.TestTypes.Unit.UnitTestAdapter, Microsoft.VisualStudio.QualityTools.Tips.UnitTest.Adapter, Version=10.0.0.0, Culture=neutral, PublicKeyToken=b03f5f7f11d50a3a" className="UndeadEarth.Test.Dal.when_retrieving_items, UndeadEarth.Test, Version=1.0.0.0, Culture=neutral, PublicKeyToken=null" name="should_get_user_item_id" />
    </UnitTest>
    <UnitTest name="should_disregard_move_if_user_does_not_have_enough_energy" storage="c:\projects\undeadearth\undeadearth.test\bin\debug\undeadearth.test.dll" id="4345b271-5a8d-5b15-7852-83ed69b14179">
      <Execution id="27ae84fc-6059-48b0-8837-4fe8d20c90a4" />
      <TestMethod codeBase="C:/Projects/UndeadEarth/UndeadEarth.Test/bin/Debug/UndeadEarth.Test.DLL" adapterTypeName="Microsoft.VisualStudio.TestTools.TestTypes.Unit.UnitTestAdapter, Microsoft.VisualStudio.QualityTools.Tips.UnitTest.Adapter, Version=10.0.0.0, Culture=neutral, PublicKeyToken=b03f5f7f11d50a3a" className="UndeadEarth.Test.Model.when_moving_user, UndeadEarth.Test, Version=1.0.0.0, Culture=neutral, PublicKeyToken=null" name="should_disregard_move_if_user_does_not_have_enough_energy" />
    </UnitTest>
    <UnitTest name="the_starting_location_should_be_saved" storage="c:\projects\undeadearth\undeadearth.test\bin\debug\undeadearth.test.dll" id="f5ca8613-0214-ec34-e723-d1095b6a17b4">
      <Execution id="3cbf3a7a-091c-4a6e-a742-c48c6f426349" />
      <TestMethod codeBase="C:/Projects/UndeadEarth/UndeadEarth.Test/bin/Debug/UndeadEarth.Test.DLL" adapterTypeName="Microsoft.VisualStudio.TestTools.TestTypes.Unit.UnitTestAdapter, Microsoft.VisualStudio.QualityTools.Tips.UnitTest.Adapter, Version=10.0.0.0, Culture=neutral, PublicKeyToken=b03f5f7f11d50a3a" className="UndeadEarth.Test.Dal.when_inserting_user, UndeadEarth.Test, Version=1.0.0.0, Culture=neutral, PublicKeyToken=null" name="the_starting_location_should_be_saved" />
    </UnitTest>
    <UnitTest name="should_update_users_base_attack" storage="c:\projects\undeadearth\undeadearth.test\bin\debug\undeadearth.test.dll" id="c154fab6-7379-ae56-989a-e56b1649db90">
      <Execution id="239f2267-64d6-425a-bbb3-570448abbcec" />
      <TestMethod codeBase="C:/Projects/UndeadEarth/UndeadEarth.Test/bin/Debug/UndeadEarth.Test.DLL" adapterTypeName="Microsoft.VisualStudio.TestTools.TestTypes.Unit.UnitTestAdapter, Microsoft.VisualStudio.QualityTools.Tips.UnitTest.Adapter, Version=10.0.0.0, Culture=neutral, PublicKeyToken=b03f5f7f11d50a3a" className="UndeadEarth.Test.Dal.when_saving_user, UndeadEarth.Test, Version=1.0.0.0, Culture=neutral, PublicKeyToken=null" name="should_update_users_base_attack" />
    </UnitTest>
    <UnitTest name="should_return_achievement_for_killing_100000_zombies" storage="c:\projects\undeadearth\undeadearth.test\bin\debug\undeadearth.test.dll" id="0e9255e8-5116-355b-a604-cafe47e04c3c">
      <Execution id="25dfb332-62e5-44cd-b1b1-3a2ef50f2580" />
      <TestMethod codeBase="C:/Projects/UndeadEarth/UndeadEarth.Test/bin/Debug/UndeadEarth.Test.DLL" adapterTypeName="Microsoft.VisualStudio.TestTools.TestTypes.Unit.UnitTestAdapter, Microsoft.VisualStudio.QualityTools.Tips.UnitTest.Adapter, Version=10.0.0.0, Culture=neutral, PublicKeyToken=b03f5f7f11d50a3a" className="UndeadEarth.Test.Model.when_retrieving_achievements, UndeadEarth.Test, Version=1.0.0.0, Culture=neutral, PublicKeyToken=null" name="should_return_achievement_for_killing_100000_zombies" />
    </UnitTest>
    <UnitTest name="should_return_true_if_user_exists" storage="c:\projects\undeadearth\undeadearth.test\bin\debug\undeadearth.test.dll" id="7e4ecb77-6a2d-3a8f-0c42-71f8df3a6f64">
      <Execution id="e146ae70-d094-4ce7-8d81-d8f4594830bb" />
      <TestMethod codeBase="C:/Projects/UndeadEarth/UndeadEarth.Test/bin/Debug/UndeadEarth.Test.DLL" adapterTypeName="Microsoft.VisualStudio.TestTools.TestTypes.Unit.UnitTestAdapter, Microsoft.VisualStudio.QualityTools.Tips.UnitTest.Adapter, Version=10.0.0.0, Culture=neutral, PublicKeyToken=b03f5f7f11d50a3a" className="UndeadEarth.Test.Dal.when_retrieving_user, UndeadEarth.Test, Version=1.0.0.0, Culture=neutral, PublicKeyToken=null" name="should_return_true_if_user_exists" />
    </UnitTest>
    <UnitTest name="should_return_list_of_user_items_from_user_id" storage="c:\projects\undeadearth\undeadearth.test\bin\debug\undeadearth.test.dll" id="d1295b3d-b18a-9feb-b9f7-b8d24a1390b4">
      <Execution id="b5577190-c5df-4f99-a999-a2a65a830a12" />
      <TestMethod codeBase="C:/Projects/UndeadEarth/UndeadEarth.Test/bin/Debug/UndeadEarth.Test.DLL" adapterTypeName="Microsoft.VisualStudio.TestTools.TestTypes.Unit.UnitTestAdapter, Microsoft.VisualStudio.QualityTools.Tips.UnitTest.Adapter, Version=10.0.0.0, Culture=neutral, PublicKeyToken=b03f5f7f11d50a3a" className="UndeadEarth.Test.Dal.when_retrieving_items, UndeadEarth.Test, Version=1.0.0.0, Culture=neutral, PublicKeyToken=null" name="should_return_list_of_user_items_from_user_id" />
    </UnitTest>
    <UnitTest name="should_return_energy_along_with_any_energy_increase_from_buying_different_items_and_no_items_in_safehouse" storage="c:\projects\undeadearth\undeadearth.test\bin\debug\undeadearth.test.dll" id="b0037f39-501d-0ae0-4207-fd773fffa4a6">
      <Execution id="c9be4528-ab49-481c-93d2-5784d6fafde4" />
      <TestMethod codeBase="C:/Projects/UndeadEarth/UndeadEarth.Test/bin/Debug/UndeadEarth.Test.DLL" adapterTypeName="Microsoft.VisualStudio.TestTools.TestTypes.Unit.UnitTestAdapter, Microsoft.VisualStudio.QualityTools.Tips.UnitTest.Adapter, Version=10.0.0.0, Culture=neutral, PublicKeyToken=b03f5f7f11d50a3a" className="UndeadEarth.Test.Model.when_determining_users_max_potential_energy, UndeadEarth.Test, Version=1.0.0.0, Culture=neutral, PublicKeyToken=null" name="should_return_energy_along_with_any_energy_increase_from_buying_different_items_and_no_items_in_safehouse" />
    </UnitTest>
    <UnitTest name="should_not_hunt_if_zombie_pack_doesnt_exist" storage="c:\projects\undeadearth\undeadearth.test\bin\debug\undeadearth.test.dll" id="9e682854-c61c-e4ee-d65c-e57b13656d39">
      <Execution id="d82c67e0-c12a-44e6-b947-664a291995e6" />
      <TestMethod codeBase="C:/Projects/UndeadEarth/UndeadEarth.Test/bin/Debug/UndeadEarth.Test.DLL" adapterTypeName="Microsoft.VisualStudio.TestTools.TestTypes.Unit.UnitTestAdapter, Microsoft.VisualStudio.QualityTools.Tips.UnitTest.Adapter, Version=10.0.0.0, Culture=neutral, PublicKeyToken=b03f5f7f11d50a3a" className="UndeadEarth.Test.Model.when_hunting_for_zombies, UndeadEarth.Test, Version=1.0.0.0, Culture=neutral, PublicKeyToken=null" name="should_not_hunt_if_zombie_pack_doesnt_exist" />
    </UnitTest>
    <UnitTest name="should_disregard_if_user_does_not_have_enough_money" storage="c:\projects\undeadearth\undeadearth.test\bin\debug\undeadearth.test.dll" id="27a4ff3c-3eae-1669-f1bc-bcc06d02612f">
      <Execution id="c0b48f0f-1847-4035-8bf1-a7a5467e0da7" />
      <TestMethod codeBase="C:/Projects/UndeadEarth/UndeadEarth.Test/bin/Debug/UndeadEarth.Test.DLL" adapterTypeName="Microsoft.VisualStudio.TestTools.TestTypes.Unit.UnitTestAdapter, Microsoft.VisualStudio.QualityTools.Tips.UnitTest.Adapter, Version=10.0.0.0, Culture=neutral, PublicKeyToken=b03f5f7f11d50a3a" className="UndeadEarth.Test.Model.when_buying_items_from_shop, UndeadEarth.Test, Version=1.0.0.0, Culture=neutral, PublicKeyToken=null" name="should_disregard_if_user_does_not_have_enough_money" />
    </UnitTest>
    <UnitTest name="should_return_energy_cost_at_5_percent_of_maximum_potential" storage="c:\projects\undeadearth\undeadearth.test\bin\debug\undeadearth.test.dll" id="66e87870-2f0c-1802-4a46-f39d5c5c0c20">
      <Execution id="aae77016-55b9-4e17-80f1-026407e974e7" />
      <TestMethod codeBase="C:/Projects/UndeadEarth/UndeadEarth.Test/bin/Debug/UndeadEarth.Test.DLL" adapterTypeName="Microsoft.VisualStudio.TestTools.TestTypes.Unit.UnitTestAdapter, Microsoft.VisualStudio.QualityTools.Tips.UnitTest.Adapter, Version=10.0.0.0, Culture=neutral, PublicKeyToken=b03f5f7f11d50a3a" className="UndeadEarth.Test.Model.when_determining_energy_cost_for_hunting_at_zombie_pack, UndeadEarth.Test, Version=1.0.0.0, Culture=neutral, PublicKeyToken=null" name="should_return_energy_cost_at_5_percent_of_maximum_potential" />
    </UnitTest>
    <UnitTest name="should_change_users_energy_if_item_has_energy_attribute_not_equal_to_zero" storage="c:\projects\undeadearth\undeadearth.test\bin\debug\undeadearth.test.dll" id="b25aa57b-bb9a-f05f-4179-18f54e514dcd">
      <Execution id="65b06c56-b7f0-4958-be36-67b2a173a2f9" />
      <TestMethod codeBase="C:/Projects/UndeadEarth/UndeadEarth.Test/bin/Debug/UndeadEarth.Test.DLL" adapterTypeName="Microsoft.VisualStudio.TestTools.TestTypes.Unit.UnitTestAdapter, Microsoft.VisualStudio.QualityTools.Tips.UnitTest.Adapter, Version=10.0.0.0, Culture=neutral, PublicKeyToken=b03f5f7f11d50a3a" className="UndeadEarth.Test.Model.when_using_items, UndeadEarth.Test, Version=1.0.0.0, Culture=neutral, PublicKeyToken=null" name="should_change_users_energy_if_item_has_energy_attribute_not_equal_to_zero" />
    </UnitTest>
  </TestDefinitions>
  <TestLists>
    <TestList name="Results Not in a List" id="8c84fa94-04c1-424b-9868-57a2d4851a1d" />
    <TestList name="All Loaded Results" id="19431567-8539-422a-85d7-44ee4e166bda" />
  </TestLists>
  <TestEntries>
    <TestEntry testId="00142389-87b0-3d28-5cfb-700928afa29a" executionId="9ef4b236-0af9-4bf9-9e57-f1c270b24454" testListId="8c84fa94-04c1-424b-9868-57a2d4851a1d" />
    <TestEntry testId="00803d11-60d8-3003-79e6-d2290acd2110" executionId="4ba72b83-3e9e-41e6-8721-c74c166baf23" testListId="8c84fa94-04c1-424b-9868-57a2d4851a1d" />
    <TestEntry testId="00f036f8-7ea4-f115-2065-21a527c875c4" executionId="90c1fffb-4eff-4e91-84be-50ae5fdcf4a6" testListId="8c84fa94-04c1-424b-9868-57a2d4851a1d" />
    <TestEntry testId="01475b3a-fc7d-1f41-65ba-f4ddf4a86946" executionId="c4b7322e-d242-4e1b-b90d-4e1bc93c122d" testListId="8c84fa94-04c1-424b-9868-57a2d4851a1d" />
    <TestEntry testId="01612aab-c0ea-12bb-1a12-76fce19990e3" executionId="eee95a02-ad78-4290-9f3d-a32b5d27fb2b" testListId="8c84fa94-04c1-424b-9868-57a2d4851a1d" />
    <TestEntry testId="027692e3-3856-06fd-bce6-644a6cf7eb82" executionId="29a51ee9-8f60-42a1-91fa-c345f9405bbd" testListId="8c84fa94-04c1-424b-9868-57a2d4851a1d" />
    <TestEntry testId="03a8dd14-ba0a-c947-44ec-1c0c4c677ff9" executionId="eba81e3c-f478-4dc0-a1ee-907b101cdedf" testListId="8c84fa94-04c1-424b-9868-57a2d4851a1d" />
    <TestEntry testId="03d17922-b162-d76b-31f6-f34eb647e676" executionId="ced556ca-82e4-4f4e-999b-2815b43e5c69" testListId="8c84fa94-04c1-424b-9868-57a2d4851a1d" />
    <TestEntry testId="05ef1086-81f0-526c-3f9d-15b7821d9bae" executionId="6e101378-078e-4cf0-9e4b-cd4fc7fad661" testListId="8c84fa94-04c1-424b-9868-57a2d4851a1d" />
    <TestEntry testId="08042b30-bcf9-bd89-006e-14ec4c40ac45" executionId="33021a0a-42db-40f2-85d3-8557892bd399" testListId="8c84fa94-04c1-424b-9868-57a2d4851a1d" />
    <TestEntry testId="0c8abc46-7ae3-a530-a75d-2f31cb9a36fc" executionId="f62a56a1-b367-45b9-93f8-5a16ea711297" testListId="8c84fa94-04c1-424b-9868-57a2d4851a1d" />
    <TestEntry testId="0da63870-00bb-b6e5-56ff-c32676768cb3" executionId="b1f1d5ae-7504-4033-9b79-c69f5aa1556b" testListId="8c84fa94-04c1-424b-9868-57a2d4851a1d" />
    <TestEntry testId="0e9255e8-5116-355b-a604-cafe47e04c3c" executionId="25dfb332-62e5-44cd-b1b1-3a2ef50f2580" testListId="8c84fa94-04c1-424b-9868-57a2d4851a1d" />
    <TestEntry testId="0ee84f2b-31e9-0047-e6f0-0ec71b544574" executionId="0e5073b4-5f15-47f1-a246-5f362a33b506" testListId="8c84fa94-04c1-424b-9868-57a2d4851a1d" />
    <TestEntry testId="10dff579-2252-675a-f00d-0bb39990c8c6" executionId="6c9aa967-be6f-4b73-aa62-a8d8ab00f272" testListId="8c84fa94-04c1-424b-9868-57a2d4851a1d" />
    <TestEntry testId="1176458c-eb17-c2d6-8c27-e75b41695c1a" executionId="283ac682-adca-4ae9-8126-218cca1e15eb" testListId="8c84fa94-04c1-424b-9868-57a2d4851a1d" />
    <TestEntry testId="11b9b59c-993f-c435-5dd4-71b20fb4e5e5" executionId="e5d32350-0f48-493b-9cac-df1f44476bce" testListId="8c84fa94-04c1-424b-9868-57a2d4851a1d" />
    <TestEntry testId="11ca7b9d-e2f9-e5ce-6eed-7e1247933dec" executionId="6e856187-1133-4541-aa50-ca5e64369592" testListId="8c84fa94-04c1-424b-9868-57a2d4851a1d" />
    <TestEntry testId="1339f28e-8dc2-ea63-491b-e46002a2f545" executionId="7e2db4e0-aab0-433d-a1db-2e31cb9cdf33" testListId="8c84fa94-04c1-424b-9868-57a2d4851a1d" />
    <TestEntry testId="13954612-b76a-9796-df53-2efe3530832a" executionId="fdc3a186-d2db-4d5f-a85b-a9bbcd0822ac" testListId="8c84fa94-04c1-424b-9868-57a2d4851a1d" />
    <TestEntry testId="1426a62d-a078-b4b5-817b-9f560bfc1dfe" executionId="96a0189d-a652-46a5-84a7-124818d3d029" testListId="8c84fa94-04c1-424b-9868-57a2d4851a1d" />
    <TestEntry testId="147b1cfd-fcbf-4ec1-a009-05f059879e52" executionId="c500a684-ec94-41ec-8402-c94092bca063" testListId="8c84fa94-04c1-424b-9868-57a2d4851a1d" />
    <TestEntry testId="15d93832-4f17-b3dc-992d-8c3088d960e1" executionId="461f8a34-6433-4162-bb03-0bf90523feac" testListId="8c84fa94-04c1-424b-9868-57a2d4851a1d" />
    <TestEntry testId="162e548e-a661-0b73-7a6e-7c4d1ab7a750" executionId="79c4ca55-dd3a-457c-85a4-e06f9f92854a" testListId="8c84fa94-04c1-424b-9868-57a2d4851a1d" />
    <TestEntry testId="166bc0da-4e9a-a151-a5ee-18d3adcd0291" executionId="d602d36c-2d1a-47db-9510-3d7b93e8bd5a" testListId="8c84fa94-04c1-424b-9868-57a2d4851a1d" />
    <TestEntry testId="17c9071b-a2b6-56fe-9dc6-b3135a8d71e5" executionId="037fc32f-f8a2-4aa8-85ae-cc76c7c705be" testListId="8c84fa94-04c1-424b-9868-57a2d4851a1d" />
    <TestEntry testId="17d3f4ec-e921-82a2-da9d-9f4177b91ac9" executionId="9f933961-9f6d-47ee-83b4-a91d0d44d62c" testListId="8c84fa94-04c1-424b-9868-57a2d4851a1d" />
    <TestEntry testId="19198647-e17a-fca8-64d0-a720ab9e3894" executionId="4cabd3a2-d74d-4bff-8339-d1e5d1465cc2" testListId="8c84fa94-04c1-424b-9868-57a2d4851a1d" />
    <TestEntry testId="1ade4597-88a4-ccb5-c182-1ea16f848376" executionId="676354e5-c001-4b2b-abff-f368ee8fdf73" testListId="8c84fa94-04c1-424b-9868-57a2d4851a1d" />
    <TestEntry testId="1b56219d-f99d-2b01-66f0-01c3b94f4ee2" executionId="0c78e969-7c0f-40e3-a8ae-1b30bbc8dd58" testListId="8c84fa94-04c1-424b-9868-57a2d4851a1d" />
    <TestEntry testId="1cb99b44-08d0-1c2c-78e8-64869fef3154" executionId="9c507aff-dfeb-4c82-8f5a-755a34c103c4" testListId="8c84fa94-04c1-424b-9868-57a2d4851a1d" />
    <TestEntry testId="1f98f9e8-cb47-74ae-9470-dfe55c54483a" executionId="b95b0fa0-a0ef-48e4-b593-d250fccd2e68" testListId="8c84fa94-04c1-424b-9868-57a2d4851a1d" />
    <TestEntry testId="20c7eedc-a25f-bd99-048a-d0191e8444d6" executionId="3249ad5e-9204-41b4-ad5f-ad2190d566c5" testListId="8c84fa94-04c1-424b-9868-57a2d4851a1d" />
    <TestEntry testId="21426709-ea7c-0595-beae-1978da06ff6a" executionId="5d8b4c48-3f5d-47e3-8864-00b3ae240a7b" testListId="8c84fa94-04c1-424b-9868-57a2d4851a1d" />
    <TestEntry testId="214d4e68-bd5b-8ca7-2eae-cad7ae4b5618" executionId="b96b3f61-1dd2-4019-92f4-f51cc38fda3f" testListId="8c84fa94-04c1-424b-9868-57a2d4851a1d" />
    <TestEntry testId="21e42ea8-d73d-440e-e599-8f8f475201e3" executionId="7f012ec7-7577-42ab-8a89-510716d323ff" testListId="8c84fa94-04c1-424b-9868-57a2d4851a1d" />
    <TestEntry testId="241aa01b-d31a-aa87-10ed-03e9fc36dd2d" executionId="df72b015-faa8-459c-b09b-de6f241c8e34" testListId="8c84fa94-04c1-424b-9868-57a2d4851a1d" />
    <TestEntry testId="2448c480-75b4-6f61-f066-698054ffd863" executionId="9b1a4dd2-6c42-4f91-8328-b76e14a8d6af" testListId="8c84fa94-04c1-424b-9868-57a2d4851a1d" />
    <TestEntry testId="24bc110f-ba75-2876-7218-d24fbd5282b6" executionId="fe9fa666-2a66-454c-b460-5e5354b75db3" testListId="8c84fa94-04c1-424b-9868-57a2d4851a1d" />
    <TestEntry testId="24c64596-5cab-4a6f-68a2-2b1dbc11b2be" executionId="80b65c98-a533-400f-a7f7-97981f6abfc7" testListId="8c84fa94-04c1-424b-9868-57a2d4851a1d" />
    <TestEntry testId="24e2889f-3174-5207-6e2d-3941d6d3ab4a" executionId="34060621-0856-4c8e-9bff-2d3a9d45031e" testListId="8c84fa94-04c1-424b-9868-57a2d4851a1d" />
    <TestEntry testId="2528801b-adfc-fc02-0810-867a75b047c9" executionId="a4a9fbb7-4a89-4acd-8673-3eb89200fa2e" testListId="8c84fa94-04c1-424b-9868-57a2d4851a1d" />
    <TestEntry testId="25699796-3f06-4f57-c2f3-62593d0f8db7" executionId="2dda0b36-6fdb-4ef1-9504-bfc9725d36a7" testListId="8c84fa94-04c1-424b-9868-57a2d4851a1d" />
    <TestEntry testId="2604ff32-2b78-d0a6-0890-b8bb202063cc" executionId="9b07ff82-f8ec-4b81-aef6-fa6314e93e18" testListId="8c84fa94-04c1-424b-9868-57a2d4851a1d" />
    <TestEntry testId="269b2e64-447a-b926-cd3c-a38128cb3896" executionId="7e307daf-71fb-48da-b299-cdecae77214e" testListId="8c84fa94-04c1-424b-9868-57a2d4851a1d" />
    <TestEntry testId="27a4ff3c-3eae-1669-f1bc-bcc06d02612f" executionId="c0b48f0f-1847-4035-8bf1-a7a5467e0da7" testListId="8c84fa94-04c1-424b-9868-57a2d4851a1d" />
    <TestEntry testId="27dffa83-35e8-a35a-74a3-14e94b831d3a" executionId="f5dc5a15-51cf-4122-91b1-18409dfdb769" testListId="8c84fa94-04c1-424b-9868-57a2d4851a1d" />
    <TestEntry testId="27e73228-a40a-9260-7cd7-3a5d45c78078" executionId="99295495-084a-4138-b384-4126bdbe0389" testListId="8c84fa94-04c1-424b-9868-57a2d4851a1d" />
    <TestEntry testId="29506837-8c96-f6c6-14e0-93c8ab580351" executionId="c8f6cd6e-58b6-4213-a310-8b5be71cf808" testListId="8c84fa94-04c1-424b-9868-57a2d4851a1d" />
    <TestEntry testId="2a84edfa-8723-e5ed-8953-7dd9bec52c09" executionId="44bbd050-3798-46a7-86f2-97b674b48d66" testListId="8c84fa94-04c1-424b-9868-57a2d4851a1d" />
    <TestEntry testId="2bb944ea-67c4-2ec5-7a6c-8e36c6922cdf" executionId="ea25ecac-8735-4784-b1ba-f9159a4040d4" testListId="8c84fa94-04c1-424b-9868-57a2d4851a1d" />
    <TestEntry testId="2d393202-3b6b-ea77-5db0-849ebdcd5101" executionId="05cc130a-6302-4689-8c07-a2732d1eb9d0" testListId="8c84fa94-04c1-424b-9868-57a2d4851a1d" />
    <TestEntry testId="2db0a3b3-aad5-d46f-7403-c997f42720f5" executionId="ab257d0c-5920-40a9-9536-bcead42d7de8" testListId="8c84fa94-04c1-424b-9868-57a2d4851a1d" />
    <TestEntry testId="310db446-5a38-a2ff-c0c6-33525d60392a" executionId="fa7d2e12-50c4-4243-91bd-09a46c3939e3" testListId="8c84fa94-04c1-424b-9868-57a2d4851a1d" />
    <TestEntry testId="31907ecc-7480-4064-cd3b-514e2ff26de7" executionId="4522a67d-ec06-48a3-acdf-9612e69797e1" testListId="8c84fa94-04c1-424b-9868-57a2d4851a1d" />
    <TestEntry testId="321c5a91-a83b-02fd-e40b-ce47e7f12083" executionId="0a001a6c-4ff0-4cca-8f12-dbc312629f5d" testListId="8c84fa94-04c1-424b-9868-57a2d4851a1d" />
    <TestEntry testId="33a5dc0c-cb8c-881e-3374-24e7b48bd3e1" executionId="284cb4ed-5e4d-4d15-a225-97f420aa61d6" testListId="8c84fa94-04c1-424b-9868-57a2d4851a1d" />
    <TestEntry testId="353e37f8-b3ee-d1bc-48f1-1354650acd50" executionId="746a19e0-0fbc-4bc4-b45d-67d020754626" testListId="8c84fa94-04c1-424b-9868-57a2d4851a1d" />
    <TestEntry testId="35d7f681-d185-2e89-da65-ece3bc8e6e75" executionId="a7636f04-02f3-437b-86cc-a0a84967de28" testListId="8c84fa94-04c1-424b-9868-57a2d4851a1d" />
    <TestEntry testId="3693aeb9-70b2-f86c-f600-b99b067f3b4e" executionId="a1f40688-b635-490e-9302-8edd336af834" testListId="8c84fa94-04c1-424b-9868-57a2d4851a1d" />
    <TestEntry testId="369b7a6d-08d3-f340-d283-f5ee6842f08e" executionId="dc259f85-eaa5-4037-8b7e-987b97a84262" testListId="8c84fa94-04c1-424b-9868-57a2d4851a1d" />
    <TestEntry testId="369fc750-bfe7-36a0-13ca-f53d742d9647" executionId="50e28ffb-0220-4807-9cf6-2fbca7dc5d1d" testListId="8c84fa94-04c1-424b-9868-57a2d4851a1d" />
    <TestEntry testId="38152b9e-3e48-dd5e-0e37-b7a27de7e225" executionId="fba9d91d-0e01-447c-bb7c-aac63c361ef1" testListId="8c84fa94-04c1-424b-9868-57a2d4851a1d" />
    <TestEntry testId="3871d8b4-607c-f461-9b36-17221688eb47" executionId="f2c029b6-64ef-4aef-8cc5-d5f9d6e1ad9d" testListId="8c84fa94-04c1-424b-9868-57a2d4851a1d" />
    <TestEntry testId="399d3773-04b9-f157-2193-2a81aa17c4e4" executionId="1bc11dd5-87ae-446d-8fcc-470826cc5d6f" testListId="8c84fa94-04c1-424b-9868-57a2d4851a1d" />
    <TestEntry testId="3a65c876-9662-16ec-4c81-7bea778d6951" executionId="395a84e0-568b-44c4-9c21-dc61f6f206fb" testListId="8c84fa94-04c1-424b-9868-57a2d4851a1d" />
    <TestEntry testId="3b3489bf-140a-7d3d-ca59-73f946c71ab3" executionId="f9ab7666-7dae-418f-9b8c-3f5d4bc7548a" testListId="8c84fa94-04c1-424b-9868-57a2d4851a1d" />
    <TestEntry testId="3bf90928-3e3e-817d-0c2a-b114432020ae" executionId="c396e0b2-d840-4948-af02-2fd4cba76c59" testListId="8c84fa94-04c1-424b-9868-57a2d4851a1d" />
    <TestEntry testId="3d1741aa-9576-2eb5-470e-7f713a2bc4d7" executionId="e2c8509e-59dd-4219-a46d-402395023518" testListId="8c84fa94-04c1-424b-9868-57a2d4851a1d" />
    <TestEntry testId="3d4be643-5d31-3e26-f950-26a5f925e40b" executionId="65db1993-a43c-4120-8c85-34c5ecd79c5e" testListId="8c84fa94-04c1-424b-9868-57a2d4851a1d" />
    <TestEntry testId="3dc86e55-9e89-b185-10f6-85c78270b263" executionId="5930e240-dfce-411b-bec9-8abc7848b0ec" testListId="8c84fa94-04c1-424b-9868-57a2d4851a1d" />
    <TestEntry testId="3e4c555c-eb52-8e6a-77bb-fba4f57ae14d" executionId="847d81b8-dfde-487e-a68e-cc61fef36292" testListId="8c84fa94-04c1-424b-9868-57a2d4851a1d" />
    <TestEntry testId="4013d892-4605-1c26-5721-43931adf425c" executionId="aff11655-fac3-46d6-8170-0eb9c20426a3" testListId="8c84fa94-04c1-424b-9868-57a2d4851a1d" />
    <TestEntry testId="40ac08e5-9855-8df2-ac1a-e320ada85f67" executionId="84dd7aa7-11b5-454e-874a-761e485a29ca" testListId="8c84fa94-04c1-424b-9868-57a2d4851a1d" />
    <TestEntry testId="40c4a339-897f-73e3-e8be-fed33feff0fc" executionId="48078494-71b3-418c-9856-8b5fe82b41ff" testListId="8c84fa94-04c1-424b-9868-57a2d4851a1d" />
    <TestEntry testId="4345b271-5a8d-5b15-7852-83ed69b14179" executionId="27ae84fc-6059-48b0-8837-4fe8d20c90a4" testListId="8c84fa94-04c1-424b-9868-57a2d4851a1d" />
    <TestEntry testId="43a1b4c2-5164-126a-d787-254e51bf5cb0" executionId="79028215-1882-4e90-a8a4-63f49beb104d" testListId="8c84fa94-04c1-424b-9868-57a2d4851a1d" />
    <TestEntry testId="43ea7dc5-29f2-fc24-7626-37c50ab77488" executionId="83dc10de-72aa-4b6a-80ca-492ba20f7234" testListId="8c84fa94-04c1-424b-9868-57a2d4851a1d" />
    <TestEntry testId="441c5aa1-1be2-b7ff-84a3-c2712387e211" executionId="728b7a43-8d17-4cd9-ac09-702a5bbed0c3" testListId="8c84fa94-04c1-424b-9868-57a2d4851a1d" />
    <TestEntry testId="456f5311-d61b-5ef4-13ac-a1ceca766e06" executionId="09a7fd67-4340-4a47-837e-394a411aa425" testListId="8c84fa94-04c1-424b-9868-57a2d4851a1d" />
    <TestEntry testId="461819df-bed1-d7c5-29ce-bdee0f8eaaa2" executionId="d4642c34-4e5a-4a81-85c3-cc1d173e116d" testListId="8c84fa94-04c1-424b-9868-57a2d4851a1d" />
    <TestEntry testId="48c2a012-1ba3-1243-1cd5-aab81b26906b" executionId="1905e509-50d4-4f4b-9d45-322634d26ef0" testListId="8c84fa94-04c1-424b-9868-57a2d4851a1d" />
    <TestEntry testId="49540a47-9778-939f-7252-2442e060eeb3" executionId="30e67ea2-8ea1-495b-902a-6b14da8ccb8e" testListId="8c84fa94-04c1-424b-9868-57a2d4851a1d" />
    <TestEntry testId="49e3a9e9-dcf0-f3e5-85da-9f5499fab731" executionId="81695d57-e416-465d-84e5-0a063f0e79f8" testListId="8c84fa94-04c1-424b-9868-57a2d4851a1d" />
    <TestEntry testId="4aab1a6a-e217-fabe-67d7-73dafcd94369" executionId="4e8fe134-0b19-40cf-9b81-5866ea8a8cd4" testListId="8c84fa94-04c1-424b-9868-57a2d4851a1d" />
    <TestEntry testId="4ad82b7e-b664-1e32-b013-da054510a32b" executionId="3779d6ec-096c-4062-bca5-ae53a1a28e86" testListId="8c84fa94-04c1-424b-9868-57a2d4851a1d" />
    <TestEntry testId="4c87210c-f927-e260-2776-9399fcbfbd1c" executionId="3f5f87ef-ef0e-4d3e-aefe-a56248369da0" testListId="8c84fa94-04c1-424b-9868-57a2d4851a1d" />
    <TestEntry testId="4d9cdfe2-8eee-3937-2a7d-b414e3b51b00" executionId="396c15a2-a867-472b-8962-3796187489cd" testListId="8c84fa94-04c1-424b-9868-57a2d4851a1d" />
    <TestEntry testId="50a0e180-73b1-f3e2-9755-9dfe75491e60" executionId="913c12a9-d733-4503-a1d5-1a2a22ecefba" testListId="8c84fa94-04c1-424b-9868-57a2d4851a1d" />
    <TestEntry testId="52c534e6-f8bb-1f9f-939a-d5c5c52fa419" executionId="f1a29e3f-2fb6-42d5-9bfc-f5d56f9ffed2" testListId="8c84fa94-04c1-424b-9868-57a2d4851a1d" />
    <TestEntry testId="537a0821-9a13-8b7a-298b-1a1d7b7834c1" executionId="2d19a81c-6294-4c28-9f25-3fe390d8ddde" testListId="8c84fa94-04c1-424b-9868-57a2d4851a1d" />
    <TestEntry testId="537a2b77-3b56-7fda-5cef-ce5b7fef8e47" executionId="0b335bf7-6b68-4026-ac0a-516d8e697023" testListId="8c84fa94-04c1-424b-9868-57a2d4851a1d" />
    <TestEntry testId="53d3d174-2438-d916-b931-5b84347506a5" executionId="ae2ac5a3-f83a-483d-99b3-2a2193d01552" testListId="8c84fa94-04c1-424b-9868-57a2d4851a1d" />
    <TestEntry testId="540edc62-4548-f51c-ae34-777932919c2f" executionId="4a7f2f14-4a70-465f-9f2b-efb127fbb1f3" testListId="8c84fa94-04c1-424b-9868-57a2d4851a1d" />
    <TestEntry testId="544cc1f1-3454-5e87-e24b-52c6acff6b61" executionId="3dc0be9c-f15f-4c02-bd2a-8b75ede786cc" testListId="8c84fa94-04c1-424b-9868-57a2d4851a1d" />
    <TestEntry testId="556fe5d0-aedd-a933-babc-4606a23e064e" executionId="8fafbec9-bfde-4330-83b3-31bedb66f4b0" testListId="8c84fa94-04c1-424b-9868-57a2d4851a1d" />
    <TestEntry testId="55ffc7bf-3f9e-b38d-348c-5fc84dd1b9ed" executionId="419f571e-c270-4d1b-a2dd-16b7d42530bb" testListId="8c84fa94-04c1-424b-9868-57a2d4851a1d" />
    <TestEntry testId="560e757d-7d9e-cf97-a66b-6eba9f0dbef7" executionId="7ff26fe5-4b83-4058-9074-3c390549d3a7" testListId="8c84fa94-04c1-424b-9868-57a2d4851a1d" />
    <TestEntry testId="578c1082-4447-f4a0-bed7-4e23d16f558c" executionId="603701b3-9e7b-4883-8cbe-8de870cac8b6" testListId="8c84fa94-04c1-424b-9868-57a2d4851a1d" />
    <TestEntry testId="57effb65-6bba-b10e-d004-938020663a0f" executionId="f7a50b06-e613-468e-8b78-48d726d8c46a" testListId="8c84fa94-04c1-424b-9868-57a2d4851a1d" />
    <TestEntry testId="57f6bfb3-878f-ec7b-71d8-e1ae592b6823" executionId="a99e983d-36cb-408a-9bcc-0ab7085c1f31" testListId="8c84fa94-04c1-424b-9868-57a2d4851a1d" />
    <TestEntry testId="583a3b80-1851-93ab-c2ab-87d678e4ad81" executionId="c5ae6263-2acb-4f65-9a9e-1533531d1062" testListId="8c84fa94-04c1-424b-9868-57a2d4851a1d" />
    <TestEntry testId="58cdb593-e628-53cb-1ff9-a712c7cfa07d" executionId="42cb76a4-1053-436d-b330-b7f08d3b6466" testListId="8c84fa94-04c1-424b-9868-57a2d4851a1d" />
    <TestEntry testId="592a8210-389c-d154-bfaf-1570717dbd73" executionId="a4c4ed4a-7fef-4997-beb8-51a9c0181051" testListId="8c84fa94-04c1-424b-9868-57a2d4851a1d" />
    <TestEntry testId="5a128d3b-35ba-f233-4f32-be0f8dfb906e" executionId="5ad2db09-59ee-4570-9e4e-2828012160fb" testListId="8c84fa94-04c1-424b-9868-57a2d4851a1d" />
    <TestEntry testId="5a7c17db-19ea-927d-e739-dca3cee988f6" executionId="7a1366bb-897e-4393-9ac1-96ed153485ed" testListId="8c84fa94-04c1-424b-9868-57a2d4851a1d" />
    <TestEntry testId="5af90bb7-e3b0-b5e7-29f7-fc8b0902be24" executionId="c090c750-108f-4561-af76-0f83b89a32a8" testListId="8c84fa94-04c1-424b-9868-57a2d4851a1d" />
    <TestEntry testId="5afe1781-3ccb-0558-a937-e74f932ccd49" executionId="2dbaf5d4-3bb9-4626-85bf-143206103515" testListId="8c84fa94-04c1-424b-9868-57a2d4851a1d" />
    <TestEntry testId="5b2a5f35-2435-a2ba-eaf1-4c274bced244" executionId="0fe03bff-5829-4ff1-90de-aa5b82a88cf9" testListId="8c84fa94-04c1-424b-9868-57a2d4851a1d" />
    <TestEntry testId="5b97deff-fa6b-c377-8ff2-c9c8d4bf8e55" executionId="35e8ec00-162d-4c8c-9ecc-3ea513a25b4a" testListId="8c84fa94-04c1-424b-9868-57a2d4851a1d" />
    <TestEntry testId="5d04ca0e-dd33-bf62-c1bb-e7d225b4949c" executionId="893867c3-30b5-4af6-86ff-dec4fad0ff66" testListId="8c84fa94-04c1-424b-9868-57a2d4851a1d" />
    <TestEntry testId="5da90bcc-6e5d-3a2d-e174-d391c0422e11" executionId="f2070da1-08d2-4497-9269-fca79d9c0823" testListId="8c84fa94-04c1-424b-9868-57a2d4851a1d" />
    <TestEntry testId="5e0523e6-700c-d803-6a13-76f99c5ecb12" executionId="31b5b6ac-c029-4ac5-93d1-5151b30552d3" testListId="8c84fa94-04c1-424b-9868-57a2d4851a1d" />
    <TestEntry testId="5edbb1cd-bd31-7ac9-084c-f6f749883ff2" executionId="10aca853-bd64-4b79-bd00-137a8172a695" testListId="8c84fa94-04c1-424b-9868-57a2d4851a1d" />
    <TestEntry testId="5f1fabc6-b3c7-d9b8-821e-098ccaf3eed1" executionId="281dcf2e-bd84-4fa4-9957-88f7d48091c9" testListId="8c84fa94-04c1-424b-9868-57a2d4851a1d" />
    <TestEntry testId="5f382a5a-614c-c9d5-67f1-1ceadc4420b1" executionId="9bd59e93-3b3a-4324-9114-a14fca87b449" testListId="8c84fa94-04c1-424b-9868-57a2d4851a1d" />
    <TestEntry testId="5fa17309-6178-e440-0cb3-9987b0eaea65" executionId="7f38283c-63b1-400d-9097-96340a514f8a" testListId="8c84fa94-04c1-424b-9868-57a2d4851a1d" />
    <TestEntry testId="606e3bbd-fbf0-39e8-d39a-d95b2f760af1" executionId="f84af94d-ed4e-42bc-8a68-1985eecd4c43" testListId="8c84fa94-04c1-424b-9868-57a2d4851a1d" />
    <TestEntry testId="60b889f5-aa93-4766-ebaf-876bc425b3c4" executionId="cb6329af-5f7d-44b9-b2a4-515bb1b111e2" testListId="8c84fa94-04c1-424b-9868-57a2d4851a1d" />
    <TestEntry testId="612613da-83db-bad4-0786-2d957381d4ad" executionId="94aa58a7-2f00-43b5-b4f1-c91fc24c2626" testListId="8c84fa94-04c1-424b-9868-57a2d4851a1d" />
    <TestEntry testId="61f1fbc3-1b38-ec7e-962e-44e1959bccb8" executionId="0fca9bd1-8386-4142-a241-39a68c550acf" testListId="8c84fa94-04c1-424b-9868-57a2d4851a1d" />
    <TestEntry testId="61f447bc-f31d-7adc-e8ff-51ce31625b90" executionId="230bda3d-3b98-4499-87eb-51406514b0e6" testListId="8c84fa94-04c1-424b-9868-57a2d4851a1d" />
    <TestEntry testId="65a45aea-1388-af89-1298-2c122710d67c" executionId="728b1c1d-e7d9-4f47-a200-2c7a9089f8e0" testListId="8c84fa94-04c1-424b-9868-57a2d4851a1d" />
    <TestEntry testId="65c104b2-1ff7-266c-33d4-c2e6789ce0d4" executionId="2cd01fc8-a17d-492e-95e4-06747fa5cd2a" testListId="8c84fa94-04c1-424b-9868-57a2d4851a1d" />
    <TestEntry testId="66169587-8c61-bb11-f455-fab6b8497218" executionId="fc77d82b-a54b-4c04-b882-4ed30126b040" testListId="8c84fa94-04c1-424b-9868-57a2d4851a1d" />
    <TestEntry testId="66236707-8e98-8099-42db-7e8aeb3fbf02" executionId="9fb4c97b-76ca-4c11-88bb-3a4d0bc95859" testListId="8c84fa94-04c1-424b-9868-57a2d4851a1d" />
    <TestEntry testId="66e87870-2f0c-1802-4a46-f39d5c5c0c20" executionId="aae77016-55b9-4e17-80f1-026407e974e7" testListId="8c84fa94-04c1-424b-9868-57a2d4851a1d" />
    <TestEntry testId="685ba115-26b4-cfb7-772c-f8e84fc12c79" executionId="0429fc2f-23e5-4da0-983c-b23d6ed31183" testListId="8c84fa94-04c1-424b-9868-57a2d4851a1d" />
    <TestEntry testId="68ea6353-2c49-a913-f384-cf2dc40e93c0" executionId="2cb5a0e5-6e27-4388-b4a7-7fe789de5da2" testListId="8c84fa94-04c1-424b-9868-57a2d4851a1d" />
    <TestEntry testId="69653733-6f17-afcb-14dc-a6126a62b1ee" executionId="60960fb2-3ae5-49f9-98a6-196256494e3c" testListId="8c84fa94-04c1-424b-9868-57a2d4851a1d" />
    <TestEntry testId="6b30f78c-5c97-e5aa-0928-de7f5ee83660" executionId="11ab7842-b778-4c79-a1bc-daf2ced9bbd1" testListId="8c84fa94-04c1-424b-9868-57a2d4851a1d" />
    <TestEntry testId="6beb3a34-356e-6f1e-6b50-8d176c416598" executionId="6e59c99b-6b04-44f7-ae4b-a3ab02ec0a3a" testListId="8c84fa94-04c1-424b-9868-57a2d4851a1d" />
    <TestEntry testId="6c066a85-168d-65f4-cc37-317318414373" executionId="411e4ef3-50c3-4f2e-aba1-80bb6c0479d8" testListId="8c84fa94-04c1-424b-9868-57a2d4851a1d" />
    <TestEntry testId="6d259f14-cf5c-860f-f3bc-07fb6a901208" executionId="48a82e9a-ab71-4553-a53b-05a980276c18" testListId="8c84fa94-04c1-424b-9868-57a2d4851a1d" />
    <TestEntry testId="6d50870f-a5f5-48df-fa3a-fd929ac4d6d9" executionId="e6e486ed-bbbc-484b-8d08-7b2662e354e4" testListId="8c84fa94-04c1-424b-9868-57a2d4851a1d" />
    <TestEntry testId="6d677716-f4a3-32e4-d489-2827222e4b43" executionId="3008a5ef-2ac2-49a5-acd0-a46223d9b3ca" testListId="8c84fa94-04c1-424b-9868-57a2d4851a1d" />
    <TestEntry testId="6d97d05d-3cb4-4245-56ca-8b9bbc35a993" executionId="0ab2bb18-6e78-4869-a5b9-6441305bac81" testListId="8c84fa94-04c1-424b-9868-57a2d4851a1d" />
    <TestEntry testId="6e5c9897-01e5-0ddc-270e-62065e9e22f7" executionId="392c27f0-980d-49ab-b17e-d0b02b17a7e8" testListId="8c84fa94-04c1-424b-9868-57a2d4851a1d" />
    <TestEntry testId="6ee3e612-4bf5-4b89-e2d7-9da260f06cb5" executionId="bb764af8-efe1-437b-b94f-6763f63fcdc8" testListId="8c84fa94-04c1-424b-9868-57a2d4851a1d" />
    <TestEntry testId="6efd94c0-48f1-f3dc-5a7c-d483288ae14d" executionId="18e47bb9-d439-441f-87fa-9e34f279bdab" testListId="8c84fa94-04c1-424b-9868-57a2d4851a1d" />
    <TestEntry testId="6f4679a3-c135-f19d-6bfb-2e441fc3cb12" executionId="ea45239c-9bbc-43cc-888d-8eeb0b23d1e3" testListId="8c84fa94-04c1-424b-9868-57a2d4851a1d" />
    <TestEntry testId="6f5b8bdf-f4f3-b0ac-2d17-1c769ba70ec7" executionId="0403d0d8-ccca-4433-82c5-34a3580807ec" testListId="8c84fa94-04c1-424b-9868-57a2d4851a1d" />
    <TestEntry testId="6f612bd1-261c-e125-ca8e-f3d31afd386b" executionId="8c7f4012-89b3-4284-83c3-e55012707314" testListId="8c84fa94-04c1-424b-9868-57a2d4851a1d" />
    <TestEntry testId="6fb9a1f1-9260-fa0f-3246-029c6bade6db" executionId="4b05fd45-46b8-457c-921e-bc7dd922b240" testListId="8c84fa94-04c1-424b-9868-57a2d4851a1d" />
    <TestEntry testId="6fc1d911-2aa7-09d2-3f37-8e698e0a0e1a" executionId="5c3ef732-3a9e-4596-9f51-a5d1beed49b7" testListId="8c84fa94-04c1-424b-9868-57a2d4851a1d" />
    <TestEntry testId="70a48ca4-778f-c05e-3b5d-4d1dd614ffe7" executionId="f93626be-db88-4f99-8970-6f7052ab5d5d" testListId="8c84fa94-04c1-424b-9868-57a2d4851a1d" />
    <TestEntry testId="7153296b-7930-7df3-3632-012c2eca18ad" executionId="3eee4b24-03d2-4fe7-8fe7-42bf64ff2636" testListId="8c84fa94-04c1-424b-9868-57a2d4851a1d" />
    <TestEntry testId="7209dcdb-bb1a-d89a-c5cb-4180ad1a5427" executionId="1a5420fb-c8e9-44c9-8530-5421c01f3711" testListId="8c84fa94-04c1-424b-9868-57a2d4851a1d" />
    <TestEntry testId="74c211d1-a8ea-e685-b3ae-006434becd54" executionId="4354bf69-a611-48f7-9792-68f436dfa0c4" testListId="8c84fa94-04c1-424b-9868-57a2d4851a1d" />
    <TestEntry testId="75a342b2-ef01-e34d-c6b4-7a9dc15f6b1e" executionId="c60028dd-a88b-46d5-985c-cad09a07b098" testListId="8c84fa94-04c1-424b-9868-57a2d4851a1d" />
    <TestEntry testId="7685b20a-de0b-8bc0-6c22-3a9d32aab4bd" executionId="a1a526f5-4fce-426b-9c6e-850db535f3fa" testListId="8c84fa94-04c1-424b-9868-57a2d4851a1d" />
    <TestEntry testId="783f6a3b-54fe-a923-8c75-e72b281f150f" executionId="dde290fe-cb07-4d53-8917-86f365518867" testListId="8c84fa94-04c1-424b-9868-57a2d4851a1d" />
    <TestEntry testId="799c0d6a-4d65-290e-a185-a723c64e9bd5" executionId="43e236bb-8c30-4a66-b228-43a35be1b62b" testListId="8c84fa94-04c1-424b-9868-57a2d4851a1d" />
    <TestEntry testId="79f08418-c51b-ec01-a3f0-aeabf52599fa" executionId="692ee72e-a696-401c-955b-3d497663ce49" testListId="8c84fa94-04c1-424b-9868-57a2d4851a1d" />
    <TestEntry testId="7a4bb2ce-d62d-4561-dc89-28a6c8155af3" executionId="dbbb318a-ac53-468b-ad08-3a9430f31f18" testListId="8c84fa94-04c1-424b-9868-57a2d4851a1d" />
    <TestEntry testId="7acb1219-a69e-e102-dd8e-4060793e7b6e" executionId="77c8921a-ebd7-430c-999e-21d8c15a5bab" testListId="8c84fa94-04c1-424b-9868-57a2d4851a1d" />
    <TestEntry testId="7b6f7aba-399c-6729-f243-4ff68995d88e" executionId="cc5c8472-8cc4-404d-a77a-6586cef4c9a4" testListId="8c84fa94-04c1-424b-9868-57a2d4851a1d" />
    <TestEntry testId="7b96fc08-5095-7079-15b5-f39e447dbf49" executionId="324d4c13-fe3e-4898-9f6c-992c050dad76" testListId="8c84fa94-04c1-424b-9868-57a2d4851a1d" />
    <TestEntry testId="7bf1b32b-b544-1d63-7f85-8cb3721cb13c" executionId="d0436969-1672-423d-9152-8872d20af47a" testListId="8c84fa94-04c1-424b-9868-57a2d4851a1d" />
    <TestEntry testId="7c057236-5b5f-451c-5800-6e05c196b383" executionId="a85397be-2644-4ba0-8304-75e5ab73470f" testListId="8c84fa94-04c1-424b-9868-57a2d4851a1d" />
    <TestEntry testId="7c9fa0fb-7cf0-12c6-f8da-d4fb82dffc47" executionId="91f724c4-c6de-4edf-999d-1bf9a96f7721" testListId="8c84fa94-04c1-424b-9868-57a2d4851a1d" />
    <TestEntry testId="7d2305d4-075e-49ce-735b-3ccd549f53b8" executionId="dcc0d8e3-09ff-4e1c-ab22-86b7ce018959" testListId="8c84fa94-04c1-424b-9868-57a2d4851a1d" />
    <TestEntry testId="7d282b5a-4c68-651b-2ed3-0d406222883a" executionId="f64198eb-8677-4562-b2f9-c4b24a077b2b" testListId="8c84fa94-04c1-424b-9868-57a2d4851a1d" />
    <TestEntry testId="7d9357cd-185a-7a7d-46d5-6e0825f094b5" executionId="27b756fc-3b87-4fd2-b9de-0b6fa3e57e98" testListId="8c84fa94-04c1-424b-9868-57a2d4851a1d" />
    <TestEntry testId="7e4ecb77-6a2d-3a8f-0c42-71f8df3a6f64" executionId="e146ae70-d094-4ce7-8d81-d8f4594830bb" testListId="8c84fa94-04c1-424b-9868-57a2d4851a1d" />
    <TestEntry testId="7e9e7b54-d658-a1a5-ce5b-efa2cb03052c" executionId="1fcb366d-db00-4104-a1fe-c64d66fd54c8" testListId="8c84fa94-04c1-424b-9868-57a2d4851a1d" />
    <TestEntry testId="809902e6-5c64-c35c-89c5-d13cd243728a" executionId="5a1d4bf1-2c51-402c-aaa1-8ed9696c03e9" testListId="8c84fa94-04c1-424b-9868-57a2d4851a1d" />
    <TestEntry testId="8139f5f3-bee3-cd07-2820-fcf4f70f9ff0" executionId="9e0f521c-6513-4422-815a-b8d97672385b" testListId="8c84fa94-04c1-424b-9868-57a2d4851a1d" />
    <TestEntry testId="81cb2920-61d9-e3df-f3bf-c3ed245e0ab0" executionId="4071de2c-7284-409a-b097-8b5c5946951d" testListId="8c84fa94-04c1-424b-9868-57a2d4851a1d" />
    <TestEntry testId="83224f41-33be-cb5a-8243-f1cbb7067a6d" executionId="251c05e2-7b3c-434b-8b8a-07a363914968" testListId="8c84fa94-04c1-424b-9868-57a2d4851a1d" />
    <TestEntry testId="847097ef-3573-f329-f9db-f7704607c613" executionId="a0ec6171-42fe-4332-9ca0-d94d08c649d1" testListId="8c84fa94-04c1-424b-9868-57a2d4851a1d" />
    <TestEntry testId="8522a95f-e160-dcf6-186a-2eac6493fad8" executionId="866ade86-6d20-429c-ad49-cd4ee2483445" testListId="8c84fa94-04c1-424b-9868-57a2d4851a1d" />
    <TestEntry testId="8538b685-e301-b4f2-f6ec-7abb74e1fb4b" executionId="36450dbc-d152-4eb4-9849-63dee3f09e55" testListId="8c84fa94-04c1-424b-9868-57a2d4851a1d" />
    <TestEntry testId="86374614-7da2-d70a-a3e6-d86ececa0915" executionId="dd9086ff-12b3-47c4-86aa-90c5aaf1e4b8" testListId="8c84fa94-04c1-424b-9868-57a2d4851a1d" />
    <TestEntry testId="86693507-7b03-3b4f-52d7-489bc76e87d4" executionId="d07163de-4ac1-4265-94dc-c1837df191b1" testListId="8c84fa94-04c1-424b-9868-57a2d4851a1d" />
    <TestEntry testId="890ef093-5e72-8ed9-1c1c-1c73a74ec8fc" executionId="131b366c-1581-4544-bb94-283238b48cd1" testListId="8c84fa94-04c1-424b-9868-57a2d4851a1d" />
    <TestEntry testId="8ca88260-b717-95ca-37eb-ce8b3138fe45" executionId="3db79b1b-a63e-458c-9376-c548b2588d12" testListId="8c84fa94-04c1-424b-9868-57a2d4851a1d" />
    <TestEntry testId="8cca1161-4d2c-f0a6-91e9-079cbe2f9201" executionId="dccec12d-14c1-4006-9c85-9dd152f39cca" testListId="8c84fa94-04c1-424b-9868-57a2d4851a1d" />
    <TestEntry testId="8d764dc0-19cc-25ef-1223-85c01764c701" executionId="c4b7b866-4789-4d67-9642-87051df0f570" testListId="8c84fa94-04c1-424b-9868-57a2d4851a1d" />
    <TestEntry testId="8f46b492-6eff-ef62-7327-4eb38c11c2ef" executionId="7e1a353a-5c49-4eab-95f7-21ca380036eb" testListId="8c84fa94-04c1-424b-9868-57a2d4851a1d" />
    <TestEntry testId="9091ae17-a6a8-ad22-153b-b3d1f20f3512" executionId="80a216aa-83dc-4ba3-b819-1b2875440ace" testListId="8c84fa94-04c1-424b-9868-57a2d4851a1d" />
    <TestEntry testId="948eaf49-3d62-1046-def5-d76ed8415a60" executionId="de9d31be-acfb-4f11-bce2-c47bb906ed95" testListId="8c84fa94-04c1-424b-9868-57a2d4851a1d" />
    <TestEntry testId="95004e80-f255-f931-0117-595d4516dea1" executionId="07bf1d5e-e703-4071-bf17-cc252ec036a3" testListId="8c84fa94-04c1-424b-9868-57a2d4851a1d" />
    <TestEntry testId="95252275-5d7e-5275-9816-a53a17373eae" executionId="d7fabefe-8281-44f5-a41e-320571a8e35c" testListId="8c84fa94-04c1-424b-9868-57a2d4851a1d" />
    <TestEntry testId="95c19639-802d-b1a1-d6b5-8e055a02797d" executionId="67d5bfa0-09f5-4b5c-9aa0-c55380cb8675" testListId="8c84fa94-04c1-424b-9868-57a2d4851a1d" />
    <TestEntry testId="95fac6cd-cd0a-1020-088f-f907c1eb2032" executionId="f772ddc1-e46e-4bed-ac7e-56bf23601f84" testListId="8c84fa94-04c1-424b-9868-57a2d4851a1d" />
    <TestEntry testId="9654d44e-cffe-084f-c793-37a48f54fd16" executionId="32f99461-a4c5-4480-ada5-fe625149ccab" testListId="8c84fa94-04c1-424b-9868-57a2d4851a1d" />
    <TestEntry testId="9829ccd4-7897-563f-fa8f-058ccd4d2394" executionId="f73a0e7b-d2f8-462a-ad33-edef5dd705ba" testListId="8c84fa94-04c1-424b-9868-57a2d4851a1d" />
    <TestEntry testId="986c501e-f914-4dd0-53c3-b0c1bdfdf5be" executionId="4ef5c1f5-b844-4123-8e84-ab07eda9c9f0" testListId="8c84fa94-04c1-424b-9868-57a2d4851a1d" />
    <TestEntry testId="99355754-b969-f315-3b5a-88e1622f783a" executionId="ef15ef59-560b-427d-8396-7e189944e30d" testListId="8c84fa94-04c1-424b-9868-57a2d4851a1d" />
    <TestEntry testId="99d5bdbd-2ac1-c2dd-bd8e-ff998f163943" executionId="b8cfa996-a033-48b3-b47e-0224dc82a842" testListId="8c84fa94-04c1-424b-9868-57a2d4851a1d" />
    <TestEntry testId="9a78eead-dd54-3b88-317e-c7ec25cf0f93" executionId="1fd59768-fd96-4292-ad72-4824c4ebdb0e" testListId="8c84fa94-04c1-424b-9868-57a2d4851a1d" />
    <TestEntry testId="9a7f21c9-61b5-30cc-38aa-34a79b6a0201" executionId="60f9b49f-f3ec-42e1-8d62-4703d365f244" testListId="8c84fa94-04c1-424b-9868-57a2d4851a1d" />
    <TestEntry testId="9c6c437e-182b-5735-6616-67dd466d97ca" executionId="2c1b09ab-20f9-4f29-af3f-18cc82531499" testListId="8c84fa94-04c1-424b-9868-57a2d4851a1d" />
    <TestEntry testId="9d65c075-cd74-d595-76f3-d465e66be801" executionId="70ece60c-fdc1-4b6d-a3ef-979f888a1693" testListId="8c84fa94-04c1-424b-9868-57a2d4851a1d" />
    <TestEntry testId="9d81df93-5250-1a02-c112-738e62d8d757" executionId="2fda5c7f-a624-4f06-9c47-f3d9229d1ef7" testListId="8c84fa94-04c1-424b-9868-57a2d4851a1d" />
    <TestEntry testId="9dde4be1-7360-a906-9538-025b609b4796" executionId="f7fa0b5e-f2f1-466a-8cf8-4c989aa5abff" testListId="8c84fa94-04c1-424b-9868-57a2d4851a1d" />
    <TestEntry testId="9e0a45ef-94e7-5d2e-296e-d43084cdb72d" executionId="2a88ba93-8c1f-4768-95dc-08c606f277b5" testListId="8c84fa94-04c1-424b-9868-57a2d4851a1d" />
    <TestEntry testId="9e682854-c61c-e4ee-d65c-e57b13656d39" executionId="d82c67e0-c12a-44e6-b947-664a291995e6" testListId="8c84fa94-04c1-424b-9868-57a2d4851a1d" />
    <TestEntry testId="9f145708-6c3c-b063-e40e-7d892e8c9ec8" executionId="d3054d05-86f3-4332-9f6c-2b7136204404" testListId="8c84fa94-04c1-424b-9868-57a2d4851a1d" />
    <TestEntry testId="9f650caf-3801-3ddc-df66-451ef0461b2d" executionId="6e2ff5b2-6186-440d-89dd-789335d979c8" testListId="8c84fa94-04c1-424b-9868-57a2d4851a1d" />
    <TestEntry testId="a082c5ab-9e9e-f9a3-c9b1-3688e77d4b93" executionId="48fe303e-8e67-4f05-8511-1bcfa5d61c17" testListId="8c84fa94-04c1-424b-9868-57a2d4851a1d" />
    <TestEntry testId="a2865b2e-10f7-d550-33c8-b7ec8623e85f" executionId="21ad97d7-95e3-4ac0-85b8-b65108b2f272" testListId="8c84fa94-04c1-424b-9868-57a2d4851a1d" />
    <TestEntry testId="a2cd0fe1-b87c-c070-6665-87346857dbcd" executionId="81e015c8-7b9e-4fc3-9ac0-9bf90c27a76a" testListId="8c84fa94-04c1-424b-9868-57a2d4851a1d" />
    <TestEntry testId="a4df90b5-6a65-c11c-9306-ae984a6862f3" executionId="79b76cd0-2d5b-499b-bcd3-5dbfeb39034c" testListId="8c84fa94-04c1-424b-9868-57a2d4851a1d" />
    <TestEntry testId="a4e874d3-81be-9f49-2511-92f0df88cee7" executionId="2ec62dc7-c9a6-456d-9f52-50cef2df7437" testListId="8c84fa94-04c1-424b-9868-57a2d4851a1d" />
    <TestEntry testId="a5d1a057-084a-abb3-2d76-06c401ccb8d8" executionId="f11a422c-14af-46ee-8aff-6e0bd6e904da" testListId="8c84fa94-04c1-424b-9868-57a2d4851a1d" />
    <TestEntry testId="a6b9a5f6-83d7-1eba-5a05-ac8e16d1f134" executionId="ea012546-5159-4cac-87ea-2887aa1e4452" testListId="8c84fa94-04c1-424b-9868-57a2d4851a1d" />
    <TestEntry testId="a7658188-1d86-06a8-b6f3-6e5c757f83b4" executionId="21d47944-336c-4163-a264-3e848c0e162b" testListId="8c84fa94-04c1-424b-9868-57a2d4851a1d" />
    <TestEntry testId="a7c3501c-4b66-95e5-cfa7-a3027a1486c4" executionId="8388d3e6-3d5d-4543-9fbb-e83365cce768" testListId="8c84fa94-04c1-424b-9868-57a2d4851a1d" />
    <TestEntry testId="a882d58c-8888-fab1-21e4-618bb71ae1ce" executionId="bb537af1-6b46-4e59-a644-c963a2d093b6" testListId="8c84fa94-04c1-424b-9868-57a2d4851a1d" />
    <TestEntry testId="a92236ed-a367-c7c7-0a25-b11ae709bcb3" executionId="74840945-1d51-43b1-afd3-4c87ccff412d" testListId="8c84fa94-04c1-424b-9868-57a2d4851a1d" />
    <TestEntry testId="a95e4141-d767-b753-e492-b99e6f8ee705" executionId="fd5c1ee0-8e16-4489-9151-b60b6b56ab80" testListId="8c84fa94-04c1-424b-9868-57a2d4851a1d" />
    <TestEntry testId="aac835be-7dca-bf39-4e90-f32eb9f2669d" executionId="079a157c-81b4-4a84-a71e-a926105dd6f1" testListId="8c84fa94-04c1-424b-9868-57a2d4851a1d" />
    <TestEntry testId="aaf613d0-debf-b348-f6a8-625b151b543d" executionId="ee194849-d74a-4d3e-9468-8db96e022766" testListId="8c84fa94-04c1-424b-9868-57a2d4851a1d" />
    <TestEntry testId="abb8373c-7671-9802-6d68-5c17e7124ebd" executionId="a4d0b1b4-39f8-4544-867a-de287069250f" testListId="8c84fa94-04c1-424b-9868-57a2d4851a1d" />
    <TestEntry testId="ac6fd380-aa69-7042-79c1-72e377d208c7" executionId="b2d08a96-a770-42a5-b5cf-ede238fae7b2" testListId="8c84fa94-04c1-424b-9868-57a2d4851a1d" />
    <TestEntry testId="af74033c-8ac7-9c6c-bed1-b5a7d2c06950" executionId="5cb30c19-25ee-4a70-a903-cc44521fd063" testListId="8c84fa94-04c1-424b-9868-57a2d4851a1d" />
    <TestEntry testId="b0037f39-501d-0ae0-4207-fd773fffa4a6" executionId="c9be4528-ab49-481c-93d2-5784d6fafde4" testListId="8c84fa94-04c1-424b-9868-57a2d4851a1d" />
    <TestEntry testId="b16bd29a-b3d8-bf0d-809b-edcc4ff2fca0" executionId="8ccdc221-bc9b-4bee-946c-03b155ddfd44" testListId="8c84fa94-04c1-424b-9868-57a2d4851a1d" />
    <TestEntry testId="b18d1727-ecb0-0941-0114-d84e798714f5" executionId="b0ae674f-371f-4e0b-a3bc-28aa3a691d4b" testListId="8c84fa94-04c1-424b-9868-57a2d4851a1d" />
    <TestEntry testId="b25aa57b-bb9a-f05f-4179-18f54e514dcd" executionId="65b06c56-b7f0-4958-be36-67b2a173a2f9" testListId="8c84fa94-04c1-424b-9868-57a2d4851a1d" />
    <TestEntry testId="b28183ac-a700-53c3-0c4c-4c663c3d39eb" executionId="fcd96b54-13ca-4eae-97dd-a4034c8b45a2" testListId="8c84fa94-04c1-424b-9868-57a2d4851a1d" />
    <TestEntry testId="b32170cc-6301-2795-2015-78cba1f92dc0" executionId="c7be3be8-06d0-488e-ae53-5a2a52578a3c" testListId="8c84fa94-04c1-424b-9868-57a2d4851a1d" />
    <TestEntry testId="b3df8862-1b3b-daec-78d1-26c8d0d4c769" executionId="ea446837-c892-4f8b-8fa7-750dad442ef5" testListId="8c84fa94-04c1-424b-9868-57a2d4851a1d" />
    <TestEntry testId="b3e73d9f-e8d5-d40e-f226-223e65b83b5c" executionId="0b451981-6335-42e8-baa5-63208a5b288f" testListId="8c84fa94-04c1-424b-9868-57a2d4851a1d" />
    <TestEntry testId="b56cc93a-1a34-87ca-906c-3850d1ae7b74" executionId="3ebd702c-07f0-4e2f-a323-21235305dcd7" testListId="8c84fa94-04c1-424b-9868-57a2d4851a1d" />
    <TestEntry testId="b5bf2f35-dde6-66e3-7545-0164ceb4c3bb" executionId="a7d173d3-ab7c-49ec-8de0-42cb38b510ad" testListId="8c84fa94-04c1-424b-9868-57a2d4851a1d" />
    <TestEntry testId="b60197de-ab24-075d-fbab-bf70fa600887" executionId="c4c9df3c-5c50-4e88-bb03-0595164de06a" testListId="8c84fa94-04c1-424b-9868-57a2d4851a1d" />
    <TestEntry testId="b9bdcc23-3882-fdc6-ae71-589fdcc2d732" executionId="3600c96b-da23-4c39-ad9d-740127beeaf4" testListId="8c84fa94-04c1-424b-9868-57a2d4851a1d" />
    <TestEntry testId="b9daaf02-a2df-fc67-bf09-91db90f1040d" executionId="ff427eb7-19fe-4301-89c1-97313bbdb168" testListId="8c84fa94-04c1-424b-9868-57a2d4851a1d" />
    <TestEntry testId="ba822c9a-2244-54af-db34-ae1b0ff7f2ea" executionId="b6eeb26b-2ee7-42ef-9501-998ece640df8" testListId="8c84fa94-04c1-424b-9868-57a2d4851a1d" />
    <TestEntry testId="ba89953e-a09d-28cf-6946-aa203e1b8fb8" executionId="b2153f83-c984-45ff-b6a2-7956453fa043" testListId="8c84fa94-04c1-424b-9868-57a2d4851a1d" />
    <TestEntry testId="ba999509-487a-7f04-1438-f406952dc58e" executionId="ab5ad48e-1aec-4f38-af78-01b4c9f59424" testListId="8c84fa94-04c1-424b-9868-57a2d4851a1d" />
    <TestEntry testId="bb35c303-68f9-bb58-ec6c-79aa0b063947" executionId="6b721d4c-5fbd-4014-8593-843caf745bb8" testListId="8c84fa94-04c1-424b-9868-57a2d4851a1d" />
    <TestEntry testId="bb62f7f6-95bc-c16c-f91c-8661bb447531" executionId="794555f0-2cd7-4976-8a93-4ce7c7a4d47f" testListId="8c84fa94-04c1-424b-9868-57a2d4851a1d" />
    <TestEntry testId="bc231f56-0b8a-34bb-d73a-6bc2b970aa27" executionId="d015e627-8315-49b1-ab5b-c0e0fce2819f" testListId="8c84fa94-04c1-424b-9868-57a2d4851a1d" />
    <TestEntry testId="bc2bbda1-dfbc-fff1-89f7-377eb332a077" executionId="592db0ed-9449-4f8f-8d73-22cac9e2acb9" testListId="8c84fa94-04c1-424b-9868-57a2d4851a1d" />
    <TestEntry testId="bdc5cf0e-b6b0-aab1-b4c9-cfdf4e4262c3" executionId="6aa79747-b386-44f8-8b96-024d5ddf83d4" testListId="8c84fa94-04c1-424b-9868-57a2d4851a1d" />
    <TestEntry testId="bed0bac3-5433-e3b2-3646-ee5b82bf2f3c" executionId="43a42c64-232f-45d0-9037-468e8aaf8966" testListId="8c84fa94-04c1-424b-9868-57a2d4851a1d" />
    <TestEntry testId="c0f6a7ca-70c4-38dc-b622-ea187fd81d6d" executionId="0bb72d83-b8eb-43e2-916a-c9c432c6cc11" testListId="8c84fa94-04c1-424b-9868-57a2d4851a1d" />
    <TestEntry testId="c154fab6-7379-ae56-989a-e56b1649db90" executionId="239f2267-64d6-425a-bbb3-570448abbcec" testListId="8c84fa94-04c1-424b-9868-57a2d4851a1d" />
    <TestEntry testId="c19d7fe3-d556-ad76-9806-5e328516f06f" executionId="ab9c683a-62ab-4244-a9f1-94bfdaa25a1c" testListId="8c84fa94-04c1-424b-9868-57a2d4851a1d" />
    <TestEntry testId="c2fceb1f-5078-88e7-1674-00e75ecef9dd" executionId="dc813fec-8dde-4100-8565-162cbc7a0983" testListId="8c84fa94-04c1-424b-9868-57a2d4851a1d" />
    <TestEntry testId="c3a4535b-76d1-c39a-2397-114110fb9661" executionId="57a42ba0-79f1-4c07-bf8a-2308658df698" testListId="8c84fa94-04c1-424b-9868-57a2d4851a1d" />
    <TestEntry testId="c4f416aa-df0e-260b-8e45-51ab2e95c489" executionId="f1527d5b-2345-41fe-84a6-947ac7d57915" testListId="8c84fa94-04c1-424b-9868-57a2d4851a1d" />
    <TestEntry testId="c55622f2-a19b-2b7c-fbf0-3bcc9fa792bb" executionId="3f56dc05-86dc-4a6e-b34e-a0f24e9d56cf" testListId="8c84fa94-04c1-424b-9868-57a2d4851a1d" />
    <TestEntry testId="c59ebd84-a390-b0a9-9601-b22bb9ff7f1d" executionId="20ffd4fc-107d-4931-bcd8-a98d38767389" testListId="8c84fa94-04c1-424b-9868-57a2d4851a1d" />
    <TestEntry testId="c5a39b6e-0b51-8275-3d9b-29919f35b9b0" executionId="5c651678-45a2-4f52-9040-c5b2eb153723" testListId="8c84fa94-04c1-424b-9868-57a2d4851a1d" />
    <TestEntry testId="c7989c99-7490-d68e-f8ba-99491ffceea3" executionId="a842fc6d-9bfa-4eca-965d-5fe4ae157d38" testListId="8c84fa94-04c1-424b-9868-57a2d4851a1d" />
    <TestEntry testId="c85e6447-a3ca-1d12-8c38-f937a72eca57" executionId="d0c0dded-18cb-41d1-8327-2b8a4fb697cc" testListId="8c84fa94-04c1-424b-9868-57a2d4851a1d" />
    <TestEntry testId="c9a124e9-2f09-63d2-22cf-ad1bad23f16c" executionId="89ab5a89-a6ea-4df4-883c-da399619042f" testListId="8c84fa94-04c1-424b-9868-57a2d4851a1d" />
    <TestEntry testId="c9e2118a-af3f-f908-ba61-20f5edd2b827" executionId="ab8e8e2f-6b29-465f-9656-4162cd053d60" testListId="8c84fa94-04c1-424b-9868-57a2d4851a1d" />
    <TestEntry testId="ca1b8eb5-4ad5-3e56-62f6-d3c54fe84326" executionId="8df47b9c-bf78-400d-a900-e138b2ce4510" testListId="8c84fa94-04c1-424b-9868-57a2d4851a1d" />
    <TestEntry testId="cb08040d-63a1-ab84-f3c4-dce8729ce3d1" executionId="14182527-0494-4ee5-b261-b83f4cfbbdc3" testListId="8c84fa94-04c1-424b-9868-57a2d4851a1d" />
    <TestEntry testId="cb80e7a8-021c-5d6c-c831-c1f7e461a27c" executionId="16ae4e65-60a0-4963-8040-06c32f2361fc" testListId="8c84fa94-04c1-424b-9868-57a2d4851a1d" />
    <TestEntry testId="ce354fe1-08e2-7958-e209-2621b563d1da" executionId="f32b3bcd-4923-43dc-b11d-35af63f20c8e" testListId="8c84fa94-04c1-424b-9868-57a2d4851a1d" />
    <TestEntry testId="cf462ec4-8531-1e43-07c6-e34f96bb70c0" executionId="d961be85-e772-455d-ae59-add009cab47d" testListId="8c84fa94-04c1-424b-9868-57a2d4851a1d" />
    <TestEntry testId="cfacc8e4-11ef-5e59-c2dc-f7d2d86d5a2e" executionId="5d002413-2233-4a47-8f70-3fddab5b678b" testListId="8c84fa94-04c1-424b-9868-57a2d4851a1d" />
    <TestEntry testId="cfb75f84-eedb-9c69-8ad1-7d1a16a63ca8" executionId="5b4b3f29-d3f2-4e85-92fd-fa35c15f8baf" testListId="8c84fa94-04c1-424b-9868-57a2d4851a1d" />
    <TestEntry testId="d079bc7a-5632-90a3-fd08-a3194bc2d4b6" executionId="5331e4a5-9e8b-4c0d-83d5-85aeb2621531" testListId="8c84fa94-04c1-424b-9868-57a2d4851a1d" />
    <TestEntry testId="d10bf695-c889-b70c-ad2f-f77a6c930e0a" executionId="3e165ef2-ccff-4b54-b61b-afe33df1d513" testListId="8c84fa94-04c1-424b-9868-57a2d4851a1d" />
    <TestEntry testId="d1295b3d-b18a-9feb-b9f7-b8d24a1390b4" executionId="b5577190-c5df-4f99-a999-a2a65a830a12" testListId="8c84fa94-04c1-424b-9868-57a2d4851a1d" />
    <TestEntry testId="d39a97f0-a02b-13f3-00ff-3ebdf64857ec" executionId="017902e3-b824-4ce8-900c-c476cdc0f410" testListId="8c84fa94-04c1-424b-9868-57a2d4851a1d" />
    <TestEntry testId="d51d0821-4280-76e7-8d6d-17b8ea1953f0" executionId="b243781b-2e02-4d2a-b9c0-bbf2d28eb6a6" testListId="8c84fa94-04c1-424b-9868-57a2d4851a1d" />
    <TestEntry testId="d531988b-f1bb-cf47-5dc0-2ed134630321" executionId="ea6972c8-6959-483f-bbb5-c16fd496cfff" testListId="8c84fa94-04c1-424b-9868-57a2d4851a1d" />
    <TestEntry testId="d646a28e-30d8-4c55-0af1-38d31ab16a6a" executionId="f77c2077-2681-434f-830c-0f994a94d8c5" testListId="8c84fa94-04c1-424b-9868-57a2d4851a1d" />
    <TestEntry testId="d688d02d-3269-304b-a6e8-10e959d858db" executionId="2c94cf6f-57af-4bfa-9f73-085d238e364d" testListId="8c84fa94-04c1-424b-9868-57a2d4851a1d" />
    <TestEntry testId="d6a3e7bf-2e31-3f07-2490-3e67884ebb4a" executionId="0f8992e0-7b96-4da2-97ef-b246102efede" testListId="8c84fa94-04c1-424b-9868-57a2d4851a1d" />
    <TestEntry testId="d8a245d8-8db6-bd87-8600-23c0fc08446c" executionId="61c230ea-e5cf-4ef9-9112-6cb5a168dba7" testListId="8c84fa94-04c1-424b-9868-57a2d4851a1d" />
    <TestEntry testId="d8cfd2cc-f7c2-fb7c-2948-c14069a906b1" executionId="887a815d-baea-4fa7-8d98-081554a7a77a" testListId="8c84fa94-04c1-424b-9868-57a2d4851a1d" />
    <TestEntry testId="d9751d6d-b53f-ae7f-743d-a442b6a2d81c" executionId="c29efb16-907d-4869-b00f-2c83f146445c" testListId="8c84fa94-04c1-424b-9868-57a2d4851a1d" />
    <TestEntry testId="d9cc8fd3-0870-25cd-301c-1c45a9609c32" executionId="888276da-f217-4bd1-90a0-00151de439dc" testListId="8c84fa94-04c1-424b-9868-57a2d4851a1d" />
    <TestEntry testId="d9d60eb2-6c40-96e0-e46e-37fba7b51acb" executionId="f76f4c48-bb3e-45ac-ad14-7f727447cbb6" testListId="8c84fa94-04c1-424b-9868-57a2d4851a1d" />
    <TestEntry testId="da679302-1a0c-b7f2-1c7e-e59bb2763f0f" executionId="7ae296a5-cc6e-410b-be7b-ad100ca6a90f" testListId="8c84fa94-04c1-424b-9868-57a2d4851a1d" />
    <TestEntry testId="db113e6e-fe96-562f-4c9e-fac3dbaaeedc" executionId="e28b4650-47d9-42f2-afed-5563615955e0" testListId="8c84fa94-04c1-424b-9868-57a2d4851a1d" />
    <TestEntry testId="db2cbd38-a14d-b06e-fd2b-542b84645680" executionId="d9699a17-6751-4cc9-a6b6-4551a0798465" testListId="8c84fa94-04c1-424b-9868-57a2d4851a1d" />
    <TestEntry testId="dcd64675-21d8-0b9a-9cf5-ac50822ee771" executionId="e6b0b86b-34fe-4447-84a3-fcbe3ea1a88f" testListId="8c84fa94-04c1-424b-9868-57a2d4851a1d" />
    <TestEntry testId="dcf1db6a-6e15-f745-8c61-5c0cbc68681f" executionId="cf7ab21f-5a70-4ee1-9ae9-bfac9bb4c39e" testListId="8c84fa94-04c1-424b-9868-57a2d4851a1d" />
    <TestEntry testId="de169ee4-3985-9538-838d-f920eef5b26b" executionId="d06c321d-85c3-42b9-869a-5c0bd0d856be" testListId="8c84fa94-04c1-424b-9868-57a2d4851a1d" />
    <TestEntry testId="dfea3fa1-b295-8c05-710e-e2cb6ce3f9d6" executionId="6df2dafc-3179-4de9-9dff-ccbdfa7db507" testListId="8c84fa94-04c1-424b-9868-57a2d4851a1d" />
    <TestEntry testId="e08ed2a3-8471-3997-30af-ab81916e00cb" executionId="9f05fbf2-af0c-434b-b286-6e676227b776" testListId="8c84fa94-04c1-424b-9868-57a2d4851a1d" />
    <TestEntry testId="e1d44afa-1394-6d68-cf3a-361e5ec94e83" executionId="5d614e8a-d4fb-438f-9cdf-ce66c395c5a9" testListId="8c84fa94-04c1-424b-9868-57a2d4851a1d" />
    <TestEntry testId="e26f0cbc-ec75-e273-f755-4a50e6a1f30a" executionId="ebe4985d-ad8b-4fab-a193-23245e0c4098" testListId="8c84fa94-04c1-424b-9868-57a2d4851a1d" />
    <TestEntry testId="e2e442ef-e02c-6299-5fbd-dd49fb1d3672" executionId="769232e0-d897-4e95-8b45-058a462e0765" testListId="8c84fa94-04c1-424b-9868-57a2d4851a1d" />
    <TestEntry testId="e4615602-9641-d148-59c9-84c9addeee4f" executionId="ba377946-5882-4ee6-bcf6-f8f7370b91e3" testListId="8c84fa94-04c1-424b-9868-57a2d4851a1d" />
    <TestEntry testId="e47b507d-8276-c45e-8213-bc71e7175571" executionId="197009cf-6d3c-48ea-a148-2131aa2c3f09" testListId="8c84fa94-04c1-424b-9868-57a2d4851a1d" />
    <TestEntry testId="e6a8c00a-faa8-0745-e831-40d2f4668ade" executionId="461c3d4c-1614-49f8-82dc-2cac8150f403" testListId="8c84fa94-04c1-424b-9868-57a2d4851a1d" />
    <TestEntry testId="e714817d-ce86-8716-57bb-b981b1597240" executionId="51ba5b85-00fa-4b0c-ae14-669e3178344d" testListId="8c84fa94-04c1-424b-9868-57a2d4851a1d" />
    <TestEntry testId="e731ae20-c844-7455-5d52-ca6eb82eb8c1" executionId="8089b7c7-bcdc-4246-8682-5a5d9b9bcef2" testListId="8c84fa94-04c1-424b-9868-57a2d4851a1d" />
    <TestEntry testId="e9706036-01bc-4fd1-60c9-f67ac8f10adb" executionId="55785d6d-9a2b-4369-a578-6ddc7422cdae" testListId="8c84fa94-04c1-424b-9868-57a2d4851a1d" />
    <TestEntry testId="e9fab572-8fef-43db-2f81-87bc2fbad50f" executionId="6377079b-5a15-4de4-a5ae-2e02adfab42a" testListId="8c84fa94-04c1-424b-9868-57a2d4851a1d" />
    <TestEntry testId="ea325b6e-c3ab-3827-d099-c8e61f5a4b92" executionId="118f415a-c720-43af-9d47-3ddaaa1951b4" testListId="8c84fa94-04c1-424b-9868-57a2d4851a1d" />
    <TestEntry testId="eaf1ea02-9828-2113-565b-2356e5e99e6b" executionId="631d90d9-da71-485b-843e-9ea4feaf51a7" testListId="8c84fa94-04c1-424b-9868-57a2d4851a1d" />
    <TestEntry testId="eb7106dc-eb88-ec99-7bfd-0b16f51297ea" executionId="5a741559-d49c-47c4-8e01-2952ff244862" testListId="8c84fa94-04c1-424b-9868-57a2d4851a1d" />
    <TestEntry testId="ec86a5c7-025b-b62c-fbf3-4b0194192c0a" executionId="f1995274-8f7b-4e16-81e9-fc4a8d75bebd" testListId="8c84fa94-04c1-424b-9868-57a2d4851a1d" />
    <TestEntry testId="ed27cc8b-f076-d5ca-e1a7-e11e80ed7216" executionId="27cd4bb6-cfc1-49c3-b1ad-da308237a3ba" testListId="8c84fa94-04c1-424b-9868-57a2d4851a1d" />
    <TestEntry testId="ef0ae882-4dcb-0302-71db-13ab90020039" executionId="847bff21-1ead-4b86-b977-1c3d12646099" testListId="8c84fa94-04c1-424b-9868-57a2d4851a1d" />
    <TestEntry testId="ef68a9ee-23ea-2d7b-e344-622c97db6fd2" executionId="5c5fd413-d8b0-416d-949b-b900199e097f" testListId="8c84fa94-04c1-424b-9868-57a2d4851a1d" />
    <TestEntry testId="efd3fdf9-6214-c49f-4a2b-bfb2fe87d588" executionId="bb1b42a6-c552-4ad3-b717-b1d88d60c508" testListId="8c84fa94-04c1-424b-9868-57a2d4851a1d" />
    <TestEntry testId="f0a78964-7df7-6d28-3ebe-f82c2151fafb" executionId="efe17808-0f16-48c0-ae6d-4785ea8dba72" testListId="8c84fa94-04c1-424b-9868-57a2d4851a1d" />
    <TestEntry testId="f171bbe9-81e2-ed24-643d-8a7305f52326" executionId="d9711680-4165-48d1-a744-e3117ff419ea" testListId="8c84fa94-04c1-424b-9868-57a2d4851a1d" />
    <TestEntry testId="f3417486-69dc-de2a-dd50-52fd43d006f5" executionId="5d3114a9-f59b-43a5-a86d-8dcc0137edc8" testListId="8c84fa94-04c1-424b-9868-57a2d4851a1d" />
    <TestEntry testId="f395261d-5bed-0fbe-8f0d-91e27b638206" executionId="51441b4d-e024-4444-9dc8-ed8e8ec51dec" testListId="8c84fa94-04c1-424b-9868-57a2d4851a1d" />
    <TestEntry testId="f3fa3c96-f413-1277-0bee-c65969207b6c" executionId="231765bc-1df8-498d-be05-3af94598e986" testListId="8c84fa94-04c1-424b-9868-57a2d4851a1d" />
    <TestEntry testId="f503de55-2c95-f110-a46c-919d6f50e064" executionId="b3dfb290-f91d-42ba-9007-a45069912421" testListId="8c84fa94-04c1-424b-9868-57a2d4851a1d" />
    <TestEntry testId="f5ca8613-0214-ec34-e723-d1095b6a17b4" executionId="3cbf3a7a-091c-4a6e-a742-c48c6f426349" testListId="8c84fa94-04c1-424b-9868-57a2d4851a1d" />
    <TestEntry testId="f6ae9d1e-5852-50cb-8378-e1ac4634a91b" executionId="2065ea70-2877-4dd6-9312-ab2dc0767f6f" testListId="8c84fa94-04c1-424b-9868-57a2d4851a1d" />
    <TestEntry testId="f6ef8399-e04f-58b6-2ee9-2d40209a41f1" executionId="c491f8be-676a-46b1-9bd7-dc6e9cad371b" testListId="8c84fa94-04c1-424b-9868-57a2d4851a1d" />
    <TestEntry testId="f9b81dce-55e1-263a-0b23-09249cae8cd4" executionId="7fc2ecc7-f668-45cc-8669-f8ceb7044a85" testListId="8c84fa94-04c1-424b-9868-57a2d4851a1d" />
    <TestEntry testId="f9c3b8d4-44eb-d441-d7b4-5980f2089bf1" executionId="3ae0bef8-f015-4f31-9ee7-aa1d63a9be71" testListId="8c84fa94-04c1-424b-9868-57a2d4851a1d" />
    <TestEntry testId="facd1619-809e-3892-1c5d-a369458909c6" executionId="4b57ff07-3fbc-48b1-b002-2272f12bcaa5" testListId="8c84fa94-04c1-424b-9868-57a2d4851a1d" />
    <TestEntry testId="fb8ca09b-7f12-89fe-19bf-bcebd7198872" executionId="d2ded153-2e09-43bf-833a-349beb2d8f88" testListId="8c84fa94-04c1-424b-9868-57a2d4851a1d" />
    <TestEntry testId="fda20422-40a9-5283-8a02-f548ab2ba5fd" executionId="5016a0a8-28a2-4b53-a74b-b02c9560833d" testListId="8c84fa94-04c1-424b-9868-57a2d4851a1d" />
  </TestEntries>
  <Results>
    <UnitTestResult executionId="9ef4b236-0af9-4bf9-9e57-f1c270b24454" testId="00142389-87b0-3d28-5cfb-700928afa29a" testName="should_return_a_hunt_count_of_5_to_8_if_resolved_as_an_easy_hotzone" computerName="JUSTIN-LAPTOP" duration="00:00:00.2435943" startTime="2010-10-17T14:29:30.9961094-05:00" endTime="2010-10-17T14:29:31.4711366-05:00" testType="13cdc9d9-ddb5-4fa4-a97d-d965ccfc6d4b" outcome="Passed" testListId="8c84fa94-04c1-424b-9868-57a2d4851a1d" relativeResultsDirectory="9ef4b236-0af9-4bf9-9e57-f1c270b24454">
    </UnitTestResult>
    <UnitTestResult executionId="4ba72b83-3e9e-41e6-8721-c74c166baf23" testId="00803d11-60d8-3003-79e6-d2290acd2110" testName="should_not_set_sight_radius_lower_than_the_minimum_sight_radius_for_user" computerName="JUSTIN-LAPTOP" duration="00:00:00.0676951" startTime="2010-10-17T14:29:31.4721366-05:00" endTime="2010-10-17T14:29:31.5471409-05:00" testType="13cdc9d9-ddb5-4fa4-a97d-d965ccfc6d4b" outcome="Passed" testListId="8c84fa94-04c1-424b-9868-57a2d4851a1d" relativeResultsDirectory="4ba72b83-3e9e-41e6-8721-c74c166baf23">
    </UnitTestResult>
    <UnitTestResult executionId="90c1fffb-4eff-4e91-84be-50ae5fdcf4a6" testId="00f036f8-7ea4-f115-2065-21a527c875c4" testName="should_update_user_location_if_user_exists" computerName="JUSTIN-LAPTOP" duration="00:00:00.2626784" startTime="2010-10-17T14:29:31.5491410-05:00" endTime="2010-10-17T14:29:31.8211566-05:00" testType="13cdc9d9-ddb5-4fa4-a97d-d965ccfc6d4b" outcome="Passed" testListId="8c84fa94-04c1-424b-9868-57a2d4851a1d" relativeResultsDirectory="90c1fffb-4eff-4e91-84be-50ae5fdcf4a6">
    </UnitTestResult>
    <UnitTestResult executionId="c4b7322e-d242-4e1b-b90d-4e1bc93c122d" testId="01475b3a-fc7d-1f41-65ba-f4ddf4a86946" testName="should_return_hotzones_destroyed" computerName="JUSTIN-LAPTOP" duration="00:00:00.0464204" startTime="2010-10-17T14:29:31.8231567-05:00" endTime="2010-10-17T14:29:31.8751597-05:00" testType="13cdc9d9-ddb5-4fa4-a97d-d965ccfc6d4b" outcome="Passed" testListId="8c84fa94-04c1-424b-9868-57a2d4851a1d" relativeResultsDirectory="c4b7322e-d242-4e1b-b90d-4e1bc93c122d">
    </UnitTestResult>
    <UnitTestResult executionId="eee95a02-ad78-4290-9f3d-a32b5d27fb2b" testId="01612aab-c0ea-12bb-1a12-76fce19990e3" testName="should_check_users_level_after_hunt" computerName="JUSTIN-LAPTOP" duration="00:00:00.0928676" startTime="2010-10-17T14:29:31.8771598-05:00" endTime="2010-10-17T14:29:31.9741653-05:00" testType="13cdc9d9-ddb5-4fa4-a97d-d965ccfc6d4b" outcome="Passed" testListId="8c84fa94-04c1-424b-9868-57a2d4851a1d" relativeResultsDirectory="eee95a02-ad78-4290-9f3d-a32b5d27fb2b">
    </UnitTestResult>
    <UnitTestResult executionId="29a51ee9-8f60-42a1-91fa-c345f9405bbd" testId="027692e3-3856-06fd-bce6-644a6cf7eb82" testName="should_return_null_for_last_saved_sight_radius_if_user_exists_but_sight_radius_is_null" computerName="JUSTIN-LAPTOP" duration="00:00:00.0346922" startTime="2010-10-17T14:29:31.9761655-05:00" endTime="2010-10-17T14:29:32.0151677-05:00" testType="13cdc9d9-ddb5-4fa4-a97d-d965ccfc6d4b" outcome="Passed" testListId="8c84fa94-04c1-424b-9868-57a2d4851a1d" relativeResultsDirectory="29a51ee9-8f60-42a1-91fa-c345f9405bbd">
    </UnitTestResult>
    <UnitTestResult executionId="eba81e3c-f478-4dc0-a1ee-907b101cdedf" testId="03a8dd14-ba0a-c947-44ec-1c0c4c677ff9" testName="should_return_all_zombie_packs_assocaited_with_hotzone" computerName="JUSTIN-LAPTOP" duration="00:00:00.0460387" startTime="2010-10-17T14:29:32.0171678-05:00" endTime="2010-10-17T14:29:32.0681707-05:00" testType="13cdc9d9-ddb5-4fa4-a97d-d965ccfc6d4b" outcome="Passed" testListId="8c84fa94-04c1-424b-9868-57a2d4851a1d" relativeResultsDirectory="eba81e3c-f478-4dc0-a1ee-907b101cdedf">
    </UnitTestResult>
    <UnitTestResult executionId="ced556ca-82e4-4f4e-999b-2815b43e5c69" testId="03d17922-b162-d76b-31f6-f34eb647e676" testName="should_return_user_if_user_exists" computerName="JUSTIN-LAPTOP" duration="00:00:00.0257491" startTime="2010-10-17T14:29:32.0691708-05:00" endTime="2010-10-17T14:29:32.0991725-05:00" testType="13cdc9d9-ddb5-4fa4-a97d-d965ccfc6d4b" outcome="Passed" testListId="8c84fa94-04c1-424b-9868-57a2d4851a1d" relativeResultsDirectory="ced556ca-82e4-4f4e-999b-2815b43e5c69">
    </UnitTestResult>
    <UnitTestResult executionId="6e101378-078e-4cf0-9e4b-cd4fc7fad661" testId="05ef1086-81f0-526c-3f9d-15b7821d9bae" testName="should_return_base_sight_radius_for_user" computerName="JUSTIN-LAPTOP" duration="00:00:00.0284089" startTime="2010-10-17T14:29:32.1011726-05:00" endTime="2010-10-17T14:29:32.1361746-05:00" testType="13cdc9d9-ddb5-4fa4-a97d-d965ccfc6d4b" outcome="Passed" testListId="8c84fa94-04c1-424b-9868-57a2d4851a1d" relativeResultsDirectory="6e101378-078e-4cf0-9e4b-cd4fc7fad661">
    </UnitTestResult>
    <UnitTestResult executionId="33021a0a-42db-40f2-85d3-8557892bd399" testId="08042b30-bcf9-bd89-006e-14ec4c40ac45" testName="should_disregard_if_item_does_not_exist" computerName="JUSTIN-LAPTOP" duration="00:00:00.0179794" startTime="2010-10-17T14:29:32.1371747-05:00" endTime="2010-10-17T14:29:32.1601760-05:00" testType="13cdc9d9-ddb5-4fa4-a97d-d965ccfc6d4b" outcome="Passed" testListId="8c84fa94-04c1-424b-9868-57a2d4851a1d" relativeResultsDirectory="33021a0a-42db-40f2-85d3-8557892bd399">
    </UnitTestResult>
    <UnitTestResult executionId="f62a56a1-b367-45b9-93f8-5a16ea711297" testId="0c8abc46-7ae3-a530-a75d-2f31cb9a36fc" testName="should_return_energy_based_on_items_in_safehouse_with_user_not_having_any_money" computerName="JUSTIN-LAPTOP" duration="00:00:00.0294163" startTime="2010-10-17T14:29:32.1641762-05:00" endTime="2010-10-17T14:29:32.1991782-05:00" testType="13cdc9d9-ddb5-4fa4-a97d-d965ccfc6d4b" outcome="Passed" testListId="8c84fa94-04c1-424b-9868-57a2d4851a1d" relativeResultsDirectory="f62a56a1-b367-45b9-93f8-5a16ea711297">
    </UnitTestResult>
    <UnitTestResult executionId="b1f1d5ae-7504-4033-9b79-c69f5aa1556b" testId="0da63870-00bb-b6e5-56ff-c32676768cb3" testName="should_retrieve_item_by_item_id" computerName="JUSTIN-LAPTOP" duration="00:00:00.0674743" startTime="2010-10-17T14:29:32.2021784-05:00" endTime="2010-10-17T14:29:32.2731824-05:00" testType="13cdc9d9-ddb5-4fa4-a97d-d965ccfc6d4b" outcome="Passed" testListId="8c84fa94-04c1-424b-9868-57a2d4851a1d" relativeResultsDirectory="b1f1d5ae-7504-4033-9b79-c69f5aa1556b">
    </UnitTestResult>
    <UnitTestResult executionId="25dfb332-62e5-44cd-b1b1-3a2ef50f2580" testId="0e9255e8-5116-355b-a604-cafe47e04c3c" testName="should_return_achievement_for_killing_100000_zombies" computerName="JUSTIN-LAPTOP" duration="00:00:00.0212410" startTime="2010-10-17T14:29:32.2741825-05:00" endTime="2010-10-17T14:29:32.3021841-05:00" testType="13cdc9d9-ddb5-4fa4-a97d-d965ccfc6d4b" outcome="Passed" testListId="8c84fa94-04c1-424b-9868-57a2d4851a1d" relativeResultsDirectory="25dfb332-62e5-44cd-b1b1-3a2ef50f2580">
    </UnitTestResult>
    <UnitTestResult executionId="0e5073b4-5f15-47f1-a246-5f362a33b506" testId="0ee84f2b-31e9-0047-e6f0-0ec71b544574" testName="should_return_current_level_for_user" computerName="JUSTIN-LAPTOP" duration="00:00:00.0048208" startTime="2010-10-17T14:29:32.3041842-05:00" endTime="2010-10-17T14:29:32.3141848-05:00" testType="13cdc9d9-ddb5-4fa4-a97d-d965ccfc6d4b" outcome="Passed" testListId="8c84fa94-04c1-424b-9868-57a2d4851a1d" relativeResultsDirectory="0e5073b4-5f15-47f1-a246-5f362a33b506">
    </UnitTestResult>
    <UnitTestResult executionId="6c9aa967-be6f-4b73-aa62-a8d8ab00f272" testId="10dff579-2252-675a-f00d-0bb39990c8c6" testName="should_hunt_if_users_has_enough_energy" computerName="JUSTIN-LAPTOP" duration="00:00:00.0146826" startTime="2010-10-17T14:29:32.3171850-05:00" endTime="2010-10-17T14:29:32.3371861-05:00" testType="13cdc9d9-ddb5-4fa4-a97d-d965ccfc6d4b" outcome="Passed" testListId="8c84fa94-04c1-424b-9868-57a2d4851a1d" relativeResultsDirectory="6c9aa967-be6f-4b73-aa62-a8d8ab00f272">
    </UnitTestResult>
    <UnitTestResult executionId="283ac682-adca-4ae9-8126-218cca1e15eb" testId="1176458c-eb17-c2d6-8c27-e75b41695c1a" testName="should_return_base_energy_if_user_does_not_have_any_money_and_no_items_in_safehouse" computerName="JUSTIN-LAPTOP" duration="00:00:00.0049699" startTime="2010-10-17T14:29:32.3411863-05:00" endTime="2010-10-17T14:29:32.3511869-05:00" testType="13cdc9d9-ddb5-4fa4-a97d-d965ccfc6d4b" outcome="Passed" testListId="8c84fa94-04c1-424b-9868-57a2d4851a1d" relativeResultsDirectory="283ac682-adca-4ae9-8126-218cca1e15eb">
    </UnitTestResult>
    <UnitTestResult executionId="e5d32350-0f48-493b-9cac-df1f44476bce" testId="11b9b59c-993f-c435-5dd4-71b20fb4e5e5" testName="should_return_false_if_safe_house_does_not_exist" computerName="JUSTIN-LAPTOP" duration="00:00:00.0399989" startTime="2010-10-17T14:29:32.3531870-05:00" endTime="2010-10-17T14:29:32.3971895-05:00" testType="13cdc9d9-ddb5-4fa4-a97d-d965ccfc6d4b" outcome="Passed" testListId="8c84fa94-04c1-424b-9868-57a2d4851a1d" relativeResultsDirectory="e5d32350-0f48-493b-9cac-df1f44476bce">
    </UnitTestResult>
    <UnitTestResult executionId="6e856187-1133-4541-aa50-ca5e64369592" testId="11ca7b9d-e2f9-e5ce-6eed-7e1247933dec" testName="should_return_achievement_for_traveling_10_miles" computerName="JUSTIN-LAPTOP" duration="00:00:00.0019101" startTime="2010-10-17T14:29:32.3991897-05:00" endTime="2010-10-17T14:29:32.4051900-05:00" testType="13cdc9d9-ddb5-4fa4-a97d-d965ccfc6d4b" outcome="Passed" testListId="8c84fa94-04c1-424b-9868-57a2d4851a1d" relativeResultsDirectory="6e856187-1133-4541-aa50-ca5e64369592">
    </UnitTestResult>
    <UnitTestResult executionId="7e2db4e0-aab0-433d-a1db-2e31cb9cdf33" testId="1339f28e-8dc2-ea63-491b-e46002a2f545" testName="should_move_user_and_update_users_location_if_user_has_enough_energy_to_move_to_location" computerName="JUSTIN-LAPTOP" duration="00:00:00.0129017" startTime="2010-10-17T14:29:32.4061901-05:00" endTime="2010-10-17T14:29:32.4241911-05:00" testType="13cdc9d9-ddb5-4fa4-a97d-d965ccfc6d4b" outcome="Passed" testListId="8c84fa94-04c1-424b-9868-57a2d4851a1d" relativeResultsDirectory="7e2db4e0-aab0-433d-a1db-2e31cb9cdf33">
    </UnitTestResult>
    <UnitTestResult executionId="fdc3a186-d2db-4d5f-a85b-a9bbcd0822ac" testId="13954612-b76a-9796-df53-2efe3530832a" testName="should_return_achievement_for_collecting_100000_dollars" computerName="JUSTIN-LAPTOP" duration="00:00:00.0023231" startTime="2010-10-17T14:29:32.4251911-05:00" endTime="2010-10-17T14:29:32.4321915-05:00" testType="13cdc9d9-ddb5-4fa4-a97d-d965ccfc6d4b" outcome="Passed" testListId="8c84fa94-04c1-424b-9868-57a2d4851a1d" relativeResultsDirectory="fdc3a186-d2db-4d5f-a85b-a9bbcd0822ac">
    </UnitTestResult>
    <UnitTestResult executionId="96a0189d-a652-46a5-84a7-124818d3d029" testId="1426a62d-a078-b4b5-817b-9f560bfc1dfe" testName="should_return_0_if_time_passed_into_calculate_sight_radius_is_less_than_the_last_saved_sight_radius_record" computerName="JUSTIN-LAPTOP" duration="00:00:00.0117087" startTime="2010-10-17T14:29:32.4331916-05:00" endTime="2010-10-17T14:29:32.4501926-05:00" testType="13cdc9d9-ddb5-4fa4-a97d-d965ccfc6d4b" outcome="Passed" testListId="8c84fa94-04c1-424b-9868-57a2d4851a1d" relativeResultsDirectory="96a0189d-a652-46a5-84a7-124818d3d029">
    </UnitTestResult>
    <UnitTestResult executionId="c500a684-ec94-41ec-8402-c94092bca063" testId="147b1cfd-fcbf-4ec1-a009-05f059879e52" testName="should_record_money_earned_after_a_succesful_hunt" computerName="JUSTIN-LAPTOP" duration="00:00:00.0152386" startTime="2010-10-17T14:29:32.4511926-05:00" endTime="2010-10-17T14:29:32.4721938-05:00" testType="13cdc9d9-ddb5-4fa4-a97d-d965ccfc6d4b" outcome="Passed" testListId="8c84fa94-04c1-424b-9868-57a2d4851a1d" relativeResultsDirectory="c500a684-ec94-41ec-8402-c94092bca063">
    </UnitTestResult>
    <UnitTestResult executionId="461f8a34-6433-4162-bb03-0bf90523feac" testId="15d93832-4f17-b3dc-992d-8c3088d960e1" testName="should_return_lastvisite_hotzone_id_for_user_that_has_visited_a_hotzone" computerName="JUSTIN-LAPTOP" duration="00:00:00.0196064" startTime="2010-10-17T14:29:32.4731939-05:00" endTime="2010-10-17T14:29:32.4971953-05:00" testType="13cdc9d9-ddb5-4fa4-a97d-d965ccfc6d4b" outcome="Passed" testListId="8c84fa94-04c1-424b-9868-57a2d4851a1d" relativeResultsDirectory="461f8a34-6433-4162-bb03-0bf90523feac">
    </UnitTestResult>
    <UnitTestResult executionId="79c4ca55-dd3a-457c-85a4-e06f9f92854a" testId="162e548e-a661-0b73-7a6e-7c4d1ab7a750" testName="should_throw_error_if_trying_to_update_base_line_energy_and_user_does_not_exist" computerName="JUSTIN-LAPTOP" duration="00:00:00.0229628" startTime="2010-10-17T14:29:32.4981953-05:00" endTime="2010-10-17T14:29:32.5251969-05:00" testType="13cdc9d9-ddb5-4fa4-a97d-d965ccfc6d4b" outcome="Passed" testListId="8c84fa94-04c1-424b-9868-57a2d4851a1d" relativeResultsDirectory="79c4ca55-dd3a-457c-85a4-e06f9f92854a">
    </UnitTestResult>
    <UnitTestResult executionId="d602d36c-2d1a-47db-9510-3d7b93e8bd5a" testId="166bc0da-4e9a-a151-a5ee-18d3adcd0291" testName="should_return_achievement_for_collecting_10000_dollars" computerName="JUSTIN-LAPTOP" duration="00:00:00.0014194" startTime="2010-10-17T14:29:32.5271970-05:00" endTime="2010-10-17T14:29:32.5331973-05:00" testType="13cdc9d9-ddb5-4fa4-a97d-d965ccfc6d4b" outcome="Passed" testListId="8c84fa94-04c1-424b-9868-57a2d4851a1d" relativeResultsDirectory="d602d36c-2d1a-47db-9510-3d7b93e8bd5a">
    </UnitTestResult>
    <UnitTestResult executionId="037fc32f-f8a2-4aa8-85ae-cc76c7c705be" testId="17c9071b-a2b6-56fe-9dc6-b3135a8d71e5" testName="should_insert_zombie_pack_progress_that_does_exist" computerName="JUSTIN-LAPTOP" duration="00:00:00.0459937" startTime="2010-10-17T14:29:32.5351974-05:00" endTime="2010-10-17T14:29:32.5852003-05:00" testType="13cdc9d9-ddb5-4fa4-a97d-d965ccfc6d4b" outcome="Passed" testListId="8c84fa94-04c1-424b-9868-57a2d4851a1d" relativeResultsDirectory="037fc32f-f8a2-4aa8-85ae-cc76c7c705be">
    </UnitTestResult>
    <UnitTestResult executionId="9f933961-9f6d-47ee-83b4-a91d0d44d62c" testId="17d3f4ec-e921-82a2-da9d-9f4177b91ac9" testName="should_return_base_eneryg_plus_any_equiped_items_that_affect_energy" computerName="JUSTIN-LAPTOP" duration="00:00:00.0093317" startTime="2010-10-17T14:29:32.5862003-05:00" endTime="2010-10-17T14:29:32.6002011-05:00" testType="13cdc9d9-ddb5-4fa4-a97d-d965ccfc6d4b" outcome="Passed" testListId="8c84fa94-04c1-424b-9868-57a2d4851a1d" relativeResultsDirectory="9f933961-9f6d-47ee-83b4-a91d0d44d62c">
    </UnitTestResult>
    <UnitTestResult executionId="4cabd3a2-d74d-4bff-8339-d1e5d1465cc2" testId="19198647-e17a-fca8-64d0-a720ab9e3894" testName="should_return_the_summation_of_the_attack_powers_of_items_on_person" computerName="JUSTIN-LAPTOP" duration="00:00:00.0079418" startTime="2010-10-17T14:29:32.6022013-05:00" endTime="2010-10-17T14:29:32.6152020-05:00" testType="13cdc9d9-ddb5-4fa4-a97d-d965ccfc6d4b" outcome="Passed" testListId="8c84fa94-04c1-424b-9868-57a2d4851a1d" relativeResultsDirectory="4cabd3a2-d74d-4bff-8339-d1e5d1465cc2">
    </UnitTestResult>
    <UnitTestResult executionId="676354e5-c001-4b2b-abff-f368ee8fdf73" testId="1ade4597-88a4-ccb5-c182-1ea16f848376" testName="should_return_achievement_for_destroying_100_hotzones" computerName="JUSTIN-LAPTOP" duration="00:00:00.0022623" startTime="2010-10-17T14:29:32.6162021-05:00" endTime="2010-10-17T14:29:32.6242025-05:00" testType="13cdc9d9-ddb5-4fa4-a97d-d965ccfc6d4b" outcome="Passed" testListId="8c84fa94-04c1-424b-9868-57a2d4851a1d" relativeResultsDirectory="676354e5-c001-4b2b-abff-f368ee8fdf73">
    </UnitTestResult>
    <UnitTestResult executionId="0c78e969-7c0f-40e3-a8ae-1b30bbc8dd58" testId="1b56219d-f99d-2b01-66f0-01c3b94f4ee2" testName="should_return_achievement_for_killing_1_zombie" computerName="JUSTIN-LAPTOP" duration="00:00:00.0014267" startTime="2010-10-17T14:29:32.6252026-05:00" endTime="2010-10-17T14:29:32.6322030-05:00" testType="13cdc9d9-ddb5-4fa4-a97d-d965ccfc6d4b" outcome="Passed" testListId="8c84fa94-04c1-424b-9868-57a2d4851a1d" relativeResultsDirectory="0c78e969-7c0f-40e3-a8ae-1b30bbc8dd58">
    </UnitTestResult>
    <UnitTestResult executionId="9c507aff-dfeb-4c82-8f5a-755a34c103c4" testId="1cb99b44-08d0-1c2c-78e8-64869fef3154" testName="should_retrieve_all_stores" computerName="JUSTIN-LAPTOP" duration="00:00:00.0455695" startTime="2010-10-17T14:29:32.6332030-05:00" endTime="2010-10-17T14:29:32.6832059-05:00" testType="13cdc9d9-ddb5-4fa4-a97d-d965ccfc6d4b" outcome="Passed" testListId="8c84fa94-04c1-424b-9868-57a2d4851a1d" relativeResultsDirectory="9c507aff-dfeb-4c82-8f5a-755a34c103c4">
    </UnitTestResult>
    <UnitTestResult executionId="b95b0fa0-a0ef-48e4-b593-d250fccd2e68" testId="1f98f9e8-cb47-74ae-9470-dfe55c54483a" testName="should_update_baseline_attack_power_for_user" computerName="JUSTIN-LAPTOP" duration="00:00:00.0245983" startTime="2010-10-17T14:29:32.6912064-05:00" endTime="2010-10-17T14:29:32.7222081-05:00" testType="13cdc9d9-ddb5-4fa4-a97d-d965ccfc6d4b" outcome="Passed" testListId="8c84fa94-04c1-424b-9868-57a2d4851a1d" relativeResultsDirectory="b95b0fa0-a0ef-48e4-b593-d250fccd2e68">
    </UnitTestResult>
    <UnitTestResult executionId="3249ad5e-9204-41b4-ad5f-ad2190d566c5" testId="20c7eedc-a25f-bd99-048a-d0191e8444d6" testName="should_throw_error_if_facebook_user_id_is_0_user_exists_is_attempted" computerName="JUSTIN-LAPTOP" duration="00:00:00.0193823" startTime="2010-10-17T14:29:32.7242082-05:00" endTime="2010-10-17T14:29:32.7482096-05:00" testType="13cdc9d9-ddb5-4fa4-a97d-d965ccfc6d4b" outcome="Passed" testListId="8c84fa94-04c1-424b-9868-57a2d4851a1d" relativeResultsDirectory="3249ad5e-9204-41b4-ad5f-ad2190d566c5">
    </UnitTestResult>
    <UnitTestResult executionId="5d8b4c48-3f5d-47e3-8864-00b3ae240a7b" testId="21426709-ea7c-0595-beae-1978da06ff6a" testName="should_record_zombies_killed_after_hunt" computerName="JUSTIN-LAPTOP" duration="00:00:00.0135836" startTime="2010-10-17T14:29:32.7512098-05:00" endTime="2010-10-17T14:29:32.7702109-05:00" testType="13cdc9d9-ddb5-4fa4-a97d-d965ccfc6d4b" outcome="Passed" testListId="8c84fa94-04c1-424b-9868-57a2d4851a1d" relativeResultsDirectory="5d8b4c48-3f5d-47e3-8864-00b3ae240a7b">
    </UnitTestResult>
    <UnitTestResult executionId="b96b3f61-1dd2-4019-92f4-f51cc38fda3f" testId="214d4e68-bd5b-8ca7-2eae-cad7ae4b5618" testName="should_return_energy_along_with_any_energy_increase_from_many_items_in_safehouse" computerName="JUSTIN-LAPTOP" duration="00:00:00.0063400" startTime="2010-10-17T14:29:32.7732110-05:00" endTime="2010-10-17T14:29:32.7842117-05:00" testType="13cdc9d9-ddb5-4fa4-a97d-d965ccfc6d4b" outcome="Passed" testListId="8c84fa94-04c1-424b-9868-57a2d4851a1d" relativeResultsDirectory="b96b3f61-1dd2-4019-92f4-f51cc38fda3f">
    </UnitTestResult>
    <UnitTestResult executionId="7f012ec7-7577-42ab-8a89-510716d323ff" testId="21e42ea8-d73d-440e-e599-8f8f475201e3" testName="should_return_true_if_zombiepack_exists" computerName="JUSTIN-LAPTOP" duration="00:00:00.0114931" startTime="2010-10-17T14:29:32.7862118-05:00" endTime="2010-10-17T14:29:32.8042128-05:00" testType="13cdc9d9-ddb5-4fa4-a97d-d965ccfc6d4b" outcome="Passed" testListId="8c84fa94-04c1-424b-9868-57a2d4851a1d" relativeResultsDirectory="7f012ec7-7577-42ab-8a89-510716d323ff">
    </UnitTestResult>
    <UnitTestResult executionId="df72b015-faa8-459c-b09b-de6f241c8e34" testId="241aa01b-d31a-aa87-10ed-03e9fc36dd2d" testName="should_throw_error_for_saving_last_energy_if_user_does_not_exist" computerName="JUSTIN-LAPTOP" duration="00:00:00.0180439" startTime="2010-10-17T14:29:32.8062129-05:00" endTime="2010-10-17T14:29:32.8292142-05:00" testType="13cdc9d9-ddb5-4fa4-a97d-d965ccfc6d4b" outcome="Passed" testListId="8c84fa94-04c1-424b-9868-57a2d4851a1d" relativeResultsDirectory="df72b015-faa8-459c-b09b-de6f241c8e34">
    </UnitTestResult>
    <UnitTestResult executionId="9b1a4dd2-6c42-4f91-8328-b76e14a8d6af" testId="2448c480-75b4-6f61-f066-698054ffd863" testName="should_save_and_return_zombie_pack_progress_with_random_difficulty_if_its_the_first_time_user_has_visited_zombie_pack" computerName="JUSTIN-LAPTOP" duration="00:00:00.0138997" startTime="2010-10-17T14:29:32.8332145-05:00" endTime="2010-10-17T14:29:32.8522156-05:00" testType="13cdc9d9-ddb5-4fa4-a97d-d965ccfc6d4b" outcome="Passed" testListId="8c84fa94-04c1-424b-9868-57a2d4851a1d" relativeResultsDirectory="9b1a4dd2-6c42-4f91-8328-b76e14a8d6af">
    </UnitTestResult>
    <UnitTestResult executionId="fe9fa666-2a66-454c-b460-5e5354b75db3" testId="24bc110f-ba75-2876-7218-d24fbd5282b6" testName="should_return_0_if_user_does_not_exist" computerName="JUSTIN-LAPTOP" duration="00:00:00.0034581" startTime="2010-10-17T14:29:32.8552157-05:00" endTime="2010-10-17T14:29:32.8642162-05:00" testType="13cdc9d9-ddb5-4fa4-a97d-d965ccfc6d4b" outcome="Passed" testListId="8c84fa94-04c1-424b-9868-57a2d4851a1d" relativeResultsDirectory="fe9fa666-2a66-454c-b460-5e5354b75db3">
    </UnitTestResult>
    <UnitTestResult executionId="80b65c98-a533-400f-a7f7-97981f6abfc7" testId="24c64596-5cab-4a6f-68a2-2b1dbc11b2be" testName="should_remove_user_item" computerName="JUSTIN-LAPTOP" duration="00:00:00.0374590" startTime="2010-10-17T14:29:32.8682165-05:00" endTime="2010-10-17T14:29:32.9112189-05:00" testType="13cdc9d9-ddb5-4fa4-a97d-d965ccfc6d4b" outcome="Passed" testListId="8c84fa94-04c1-424b-9868-57a2d4851a1d" relativeResultsDirectory="80b65c98-a533-400f-a7f7-97981f6abfc7">
    </UnitTestResult>
    <UnitTestResult executionId="34060621-0856-4c8e-9bff-2d3a9d45031e" testId="24e2889f-3174-5207-6e2d-3941d6d3ab4a" testName="should_return_the_number_of_zombie_kills_needed_for_next_level" computerName="JUSTIN-LAPTOP" duration="00:00:00.0010110" startTime="2010-10-17T14:29:32.9122190-05:00" endTime="2010-10-17T14:29:32.9172193-05:00" testType="13cdc9d9-ddb5-4fa4-a97d-d965ccfc6d4b" outcome="Passed" testListId="8c84fa94-04c1-424b-9868-57a2d4851a1d" relativeResultsDirectory="34060621-0856-4c8e-9bff-2d3a9d45031e">
    </UnitTestResult>
    <UnitTestResult executionId="a4a9fbb7-4a89-4acd-8673-3eb89200fa2e" testId="2528801b-adfc-fc02-0810-867a75b047c9" testName="should_return_remaining_zombie_packs_in_hot_zones" computerName="JUSTIN-LAPTOP" duration="00:00:00.0811046" startTime="2010-10-17T14:29:32.9192194-05:00" endTime="2010-10-17T14:29:33.0052243-05:00" testType="13cdc9d9-ddb5-4fa4-a97d-d965ccfc6d4b" outcome="Passed" testListId="8c84fa94-04c1-424b-9868-57a2d4851a1d" relativeResultsDirectory="a4a9fbb7-4a89-4acd-8673-3eb89200fa2e">
    </UnitTestResult>
    <UnitTestResult executionId="2dda0b36-6fdb-4ef1-9504-bfc9725d36a7" testId="25699796-3f06-4f57-c2f3-62593d0f8db7" testName="should_retrieve_zombie_pack_by_id" computerName="JUSTIN-LAPTOP" duration="00:00:00.0203840" startTime="2010-10-17T14:29:33.0072244-05:00" endTime="2010-10-17T14:29:33.0322259-05:00" testType="13cdc9d9-ddb5-4fa4-a97d-d965ccfc6d4b" outcome="Passed" testListId="8c84fa94-04c1-424b-9868-57a2d4851a1d" relativeResultsDirectory="2dda0b36-6fdb-4ef1-9504-bfc9725d36a7">
    </UnitTestResult>
    <UnitTestResult executionId="9b07ff82-f8ec-4b81-aef6-fa6314e93e18" testId="2604ff32-2b78-d0a6-0890-b8bb202063cc" testName="should_return_achievement_for_peak_zombies_of_two" computerName="JUSTIN-LAPTOP" duration="00:00:00.0025937" startTime="2010-10-17T14:29:33.0332259-05:00" endTime="2010-10-17T14:29:33.0422264-05:00" testType="13cdc9d9-ddb5-4fa4-a97d-d965ccfc6d4b" outcome="Passed" testListId="8c84fa94-04c1-424b-9868-57a2d4851a1d" relativeResultsDirectory="9b07ff82-f8ec-4b81-aef6-fa6314e93e18">
    </UnitTestResult>
    <UnitTestResult executionId="7e307daf-71fb-48da-b299-cdecae77214e" testId="269b2e64-447a-b926-cd3c-a38128cb3896" testName="should_return_false_for_IsStartingHotzone_if_hotzone_doesnt_exist" computerName="JUSTIN-LAPTOP" duration="00:00:00.0330904" startTime="2010-10-17T14:29:33.0432265-05:00" endTime="2010-10-17T14:29:33.0812287-05:00" testType="13cdc9d9-ddb5-4fa4-a97d-d965ccfc6d4b" outcome="Passed" testListId="8c84fa94-04c1-424b-9868-57a2d4851a1d" relativeResultsDirectory="7e307daf-71fb-48da-b299-cdecae77214e">
    </UnitTestResult>
    <UnitTestResult executionId="c0b48f0f-1847-4035-8bf1-a7a5467e0da7" testId="27a4ff3c-3eae-1669-f1bc-bcc06d02612f" testName="should_disregard_if_user_does_not_have_enough_money" computerName="JUSTIN-LAPTOP" duration="00:00:00.0120232" startTime="2010-10-17T14:29:33.0822287-05:00" endTime="2010-10-17T14:29:33.1012298-05:00" testType="13cdc9d9-ddb5-4fa4-a97d-d965ccfc6d4b" outcome="Passed" testListId="8c84fa94-04c1-424b-9868-57a2d4851a1d" relativeResultsDirectory="c0b48f0f-1847-4035-8bf1-a7a5467e0da7">
    </UnitTestResult>
    <UnitTestResult executionId="f5dc5a15-51cf-4122-91b1-18409dfdb769" testId="27dffa83-35e8-a35a-74a3-14e94b831d3a" testName="should_return_false_if_zombie_pack_is_not_destroyed_by_user" computerName="JUSTIN-LAPTOP" duration="00:00:00.0467369" startTime="2010-10-17T14:29:33.1022299-05:00" endTime="2010-10-17T14:29:33.1532328-05:00" testType="13cdc9d9-ddb5-4fa4-a97d-d965ccfc6d4b" outcome="Passed" testListId="8c84fa94-04c1-424b-9868-57a2d4851a1d" relativeResultsDirectory="f5dc5a15-51cf-4122-91b1-18409dfdb769">
    </UnitTestResult>
    <UnitTestResult executionId="99295495-084a-4138-b384-4126bdbe0389" testId="27e73228-a40a-9260-7cd7-3a5d45c78078" testName="should_return_max_energy_if_calculated_energy_for_time_passed_in_is_greater_than_max_energy_of_user" computerName="JUSTIN-LAPTOP" duration="00:00:00.0094079" startTime="2010-10-17T14:29:33.1552329-05:00" endTime="2010-10-17T14:29:33.1702338-05:00" testType="13cdc9d9-ddb5-4fa4-a97d-d965ccfc6d4b" outcome="Passed" testListId="8c84fa94-04c1-424b-9868-57a2d4851a1d" relativeResultsDirectory="99295495-084a-4138-b384-4126bdbe0389">
    </UnitTestResult>
    <UnitTestResult executionId="c8f6cd6e-58b6-4213-a310-8b5be71cf808" testId="29506837-8c96-f6c6-14e0-93c8ab580351" testName="should_disregard_if_user_does_not_exist" computerName="JUSTIN-LAPTOP" duration="00:00:00.0133219" startTime="2010-10-17T14:29:33.1712338-05:00" endTime="2010-10-17T14:29:33.1922350-05:00" testType="13cdc9d9-ddb5-4fa4-a97d-d965ccfc6d4b" outcome="Passed" testListId="8c84fa94-04c1-424b-9868-57a2d4851a1d" relativeResultsDirectory="c8f6cd6e-58b6-4213-a310-8b5be71cf808">
    </UnitTestResult>
    <UnitTestResult executionId="44bbd050-3798-46a7-86f2-97b674b48d66" testId="2a84edfa-8723-e5ed-8953-7dd9bec52c09" testName="should_increment_miles_count_for_user" computerName="JUSTIN-LAPTOP" duration="00:00:00.0233538" startTime="2010-10-17T14:29:33.1932351-05:00" endTime="2010-10-17T14:29:33.2212367-05:00" testType="13cdc9d9-ddb5-4fa4-a97d-d965ccfc6d4b" outcome="Passed" testListId="8c84fa94-04c1-424b-9868-57a2d4851a1d" relativeResultsDirectory="44bbd050-3798-46a7-86f2-97b674b48d66">
    </UnitTestResult>
    <UnitTestResult executionId="ea25ecac-8735-4784-b1ba-f9159a4040d4" testId="2bb944ea-67c4-2ec5-7a6c-8e36c6922cdf" testName="should_return_attack_power_along_with_any_attack_power_increase_from_buying_many_of_the_same_item_with_no_items_in_safehouse" computerName="JUSTIN-LAPTOP" duration="00:00:00.0099444" startTime="2010-10-17T14:29:33.2232368-05:00" endTime="2010-10-17T14:29:33.2382376-05:00" testType="13cdc9d9-ddb5-4fa4-a97d-d965ccfc6d4b" outcome="Passed" testListId="8c84fa94-04c1-424b-9868-57a2d4851a1d" relativeResultsDirectory="ea25ecac-8735-4784-b1ba-f9159a4040d4">
    </UnitTestResult>
    <UnitTestResult executionId="05cc130a-6302-4689-8c07-a2732d1eb9d0" testId="2d393202-3b6b-ea77-5db0-849ebdcd5101" testName="should_return_items_below_a_given_prices" computerName="JUSTIN-LAPTOP" duration="00:00:00.0458219" startTime="2010-10-17T14:29:33.2422379-05:00" endTime="2010-10-17T14:29:33.2922407-05:00" testType="13cdc9d9-ddb5-4fa4-a97d-d965ccfc6d4b" outcome="Passed" testListId="8c84fa94-04c1-424b-9868-57a2d4851a1d" relativeResultsDirectory="05cc130a-6302-4689-8c07-a2732d1eb9d0">
    </UnitTestResult>
    <UnitTestResult executionId="ab257d0c-5920-40a9-9536-bcead42d7de8" testId="2db0a3b3-aad5-d46f-7403-c997f42720f5" testName="should_return_achievement_for_destroying_1000_zombie_packs" computerName="JUSTIN-LAPTOP" duration="00:00:00.0020062" startTime="2010-10-17T14:29:33.2942408-05:00" endTime="2010-10-17T14:29:33.3012412-05:00" testType="13cdc9d9-ddb5-4fa4-a97d-d965ccfc6d4b" outcome="Passed" testListId="8c84fa94-04c1-424b-9868-57a2d4851a1d" relativeResultsDirectory="ab257d0c-5920-40a9-9536-bcead42d7de8">
    </UnitTestResult>
    <UnitTestResult executionId="fa7d2e12-50c4-4243-91bd-09a46c3939e3" testId="310db446-5a38-a2ff-c0c6-33525d60392a" testName="should_retrieve_single_hotzone" computerName="JUSTIN-LAPTOP" duration="00:00:00.0434295" startTime="2010-10-17T14:29:33.3032414-05:00" endTime="2010-10-17T14:29:33.3512441-05:00" testType="13cdc9d9-ddb5-4fa4-a97d-d965ccfc6d4b" outcome="Passed" testListId="8c84fa94-04c1-424b-9868-57a2d4851a1d" relativeResultsDirectory="fa7d2e12-50c4-4243-91bd-09a46c3939e3">
    </UnitTestResult>
    <UnitTestResult executionId="4522a67d-ec06-48a3-acdf-9612e69797e1" testId="31907ecc-7480-4064-cd3b-514e2ff26de7" testName="should_return_true_if_store_exists" computerName="JUSTIN-LAPTOP" duration="00:00:00.0255250" startTime="2010-10-17T14:29:33.3522442-05:00" endTime="2010-10-17T14:29:33.3822459-05:00" testType="13cdc9d9-ddb5-4fa4-a97d-d965ccfc6d4b" outcome="Passed" testListId="8c84fa94-04c1-424b-9868-57a2d4851a1d" relativeResultsDirectory="4522a67d-ec06-48a3-acdf-9612e69797e1">
    </UnitTestResult>
    <UnitTestResult executionId="0a001a6c-4ff0-4cca-8f12-dbc312629f5d" testId="321c5a91-a83b-02fd-e40b-ce47e7f12083" testName="should_return_min_sight_radius_for_user_if_user_exists_but_last_saved_sight_radius_does_not_exist" computerName="JUSTIN-LAPTOP" duration="00:00:00.0098933" startTime="2010-10-17T14:29:33.3842460-05:00" endTime="2010-10-17T14:29:33.4022470-05:00" testType="13cdc9d9-ddb5-4fa4-a97d-d965ccfc6d4b" outcome="Passed" testListId="8c84fa94-04c1-424b-9868-57a2d4851a1d" relativeResultsDirectory="0a001a6c-4ff0-4cca-8f12-dbc312629f5d">
    </UnitTestResult>
    <UnitTestResult executionId="284cb4ed-5e4d-4d15-a225-97f420aa61d6" testId="33a5dc0c-cb8c-881e-3374-24e7b48bd3e1" testName="should_return_last_saved_energy_for_user" computerName="JUSTIN-LAPTOP" duration="00:00:00.0364290" startTime="2010-10-17T14:29:33.4052472-05:00" endTime="2010-10-17T14:29:33.4472496-05:00" testType="13cdc9d9-ddb5-4fa4-a97d-d965ccfc6d4b" outcome="Passed" testListId="8c84fa94-04c1-424b-9868-57a2d4851a1d" relativeResultsDirectory="284cb4ed-5e4d-4d15-a225-97f420aa61d6">
    </UnitTestResult>
    <UnitTestResult executionId="746a19e0-0fbc-4bc4-b45d-67d020754626" testId="353e37f8-b3ee-d1bc-48f1-1354650acd50" testName="should_mark_zombie_pack_as_destroyed_if_the_hunt_destroyed_the_last_zombie" computerName="JUSTIN-LAPTOP" duration="00:00:00.0252308" startTime="2010-10-17T14:29:33.4482497-05:00" endTime="2010-10-17T14:29:33.4792514-05:00" testType="13cdc9d9-ddb5-4fa4-a97d-d965ccfc6d4b" outcome="Passed" testListId="8c84fa94-04c1-424b-9868-57a2d4851a1d" relativeResultsDirectory="746a19e0-0fbc-4bc4-b45d-67d020754626">
    </UnitTestResult>
    <UnitTestResult executionId="a7636f04-02f3-437b-86cc-a0a84967de28" testId="35d7f681-d185-2e89-da65-ece3bc8e6e75" testName="should_return_if_user_has_not_killed_enough_zombies_for_next_level" computerName="JUSTIN-LAPTOP" duration="00:00:00.0077246" startTime="2010-10-17T14:29:33.4822516-05:00" endTime="2010-10-17T14:29:33.4952523-05:00" testType="13cdc9d9-ddb5-4fa4-a97d-d965ccfc6d4b" outcome="Passed" testListId="8c84fa94-04c1-424b-9868-57a2d4851a1d" relativeResultsDirectory="a7636f04-02f3-437b-86cc-a0a84967de28">
    </UnitTestResult>
    <UnitTestResult executionId="a1f40688-b635-490e-9302-8edd336af834" testId="3693aeb9-70b2-f86c-f600-b99b067f3b4e" testName="should_return_a_hunt_count_of_50_to_60_if_resolved_as_an_medium_hotzone" computerName="JUSTIN-LAPTOP" duration="00:00:00.0116994" startTime="2010-10-17T14:29:33.4972525-05:00" endTime="2010-10-17T14:29:33.5152535-05:00" testType="13cdc9d9-ddb5-4fa4-a97d-d965ccfc6d4b" outcome="Passed" testListId="8c84fa94-04c1-424b-9868-57a2d4851a1d" relativeResultsDirectory="a1f40688-b635-490e-9302-8edd336af834">
    </UnitTestResult>
    <UnitTestResult executionId="dc259f85-eaa5-4037-8b7e-987b97a84262" testId="369b7a6d-08d3-f340-d283-f5ee6842f08e" testName="should_return_false_if_hotzone_doesnt_exists" computerName="JUSTIN-LAPTOP" duration="00:00:00.0325255" startTime="2010-10-17T14:29:33.5182537-05:00" endTime="2010-10-17T14:29:33.5552558-05:00" testType="13cdc9d9-ddb5-4fa4-a97d-d965ccfc6d4b" outcome="Passed" testListId="8c84fa94-04c1-424b-9868-57a2d4851a1d" relativeResultsDirectory="dc259f85-eaa5-4037-8b7e-987b97a84262">
    </UnitTestResult>
    <UnitTestResult executionId="50e28ffb-0220-4807-9cf6-2fbca7dc5d1d" testId="369fc750-bfe7-36a0-13ca-f53d742d9647" testName="should_return_a_hunt_count_of_20_to_30_if_resolved_as_an_medium_hotzone" computerName="JUSTIN-LAPTOP" duration="00:00:00.0112131" startTime="2010-10-17T14:29:33.5582559-05:00" endTime="2010-10-17T14:29:33.5752569-05:00" testType="13cdc9d9-ddb5-4fa4-a97d-d965ccfc6d4b" outcome="Passed" testListId="8c84fa94-04c1-424b-9868-57a2d4851a1d" relativeResultsDirectory="50e28ffb-0220-4807-9cf6-2fbca7dc5d1d">
    </UnitTestResult>
    <UnitTestResult executionId="fba9d91d-0e01-447c-bb7c-aac63c361ef1" testId="38152b9e-3e48-dd5e-0e37-b7a27de7e225" testName="should_throw_error_if_trying_to_update_user_inventory_amount_and_user_does_not_exist" computerName="JUSTIN-LAPTOP" duration="00:00:00.0208885" startTime="2010-10-17T14:29:33.5782571-05:00" endTime="2010-10-17T14:29:33.6042586-05:00" testType="13cdc9d9-ddb5-4fa4-a97d-d965ccfc6d4b" outcome="Passed" testListId="8c84fa94-04c1-424b-9868-57a2d4851a1d" relativeResultsDirectory="fba9d91d-0e01-447c-bb7c-aac63c361ef1">
    </UnitTestResult>
    <UnitTestResult executionId="f2c029b6-64ef-4aef-8cc5-d5f9d6e1ad9d" testId="3871d8b4-607c-f461-9b36-17221688eb47" testName="should_return_achievement_for_traveling_10000_miles" computerName="JUSTIN-LAPTOP" duration="00:00:00.0013724" startTime="2010-10-17T14:29:33.6072587-05:00" endTime="2010-10-17T14:29:33.6152592-05:00" testType="13cdc9d9-ddb5-4fa4-a97d-d965ccfc6d4b" outcome="Passed" testListId="8c84fa94-04c1-424b-9868-57a2d4851a1d" relativeResultsDirectory="f2c029b6-64ef-4aef-8cc5-d5f9d6e1ad9d">
    </UnitTestResult>
    <UnitTestResult executionId="1bc11dd5-87ae-446d-8fcc-470826cc5d6f" testId="399d3773-04b9-f157-2193-2a81aa17c4e4" testName="should_return_true_if_facebook_user_exists" computerName="JUSTIN-LAPTOP" duration="00:00:00.0297028" startTime="2010-10-17T14:29:33.6172593-05:00" endTime="2010-10-17T14:29:33.6512613-05:00" testType="13cdc9d9-ddb5-4fa4-a97d-d965ccfc6d4b" outcome="Passed" testListId="8c84fa94-04c1-424b-9868-57a2d4851a1d" relativeResultsDirectory="1bc11dd5-87ae-446d-8fcc-470826cc5d6f">
    </UnitTestResult>
    <UnitTestResult executionId="395a84e0-568b-44c4-9c21-dc61f6f206fb" testId="3a65c876-9662-16ec-4c81-7bea778d6951" testName="should_return_attack_power_along_with_any_attack_power_increase_from_buying_item_with_no_items_in_safehouse" computerName="JUSTIN-LAPTOP" duration="00:00:00.0066694" startTime="2010-10-17T14:29:33.6542614-05:00" endTime="2010-10-17T14:29:33.6682622-05:00" testType="13cdc9d9-ddb5-4fa4-a97d-d965ccfc6d4b" outcome="Passed" testListId="8c84fa94-04c1-424b-9868-57a2d4851a1d" relativeResultsDirectory="395a84e0-568b-44c4-9c21-dc61f6f206fb">
    </UnitTestResult>
    <UnitTestResult executionId="f9ab7666-7dae-418f-9b8c-3f5d4bc7548a" testId="3b3489bf-140a-7d3d-ca59-73f946c71ab3" testName="should_start_with_energy_of_100" computerName="JUSTIN-LAPTOP" duration="00:00:00.0141035" startTime="2010-10-17T14:29:33.6712624-05:00" endTime="2010-10-17T14:29:33.6902635-05:00" testType="13cdc9d9-ddb5-4fa4-a97d-d965ccfc6d4b" outcome="Passed" testListId="8c84fa94-04c1-424b-9868-57a2d4851a1d" relativeResultsDirectory="f9ab7666-7dae-418f-9b8c-3f5d4bc7548a">
    </UnitTestResult>
    <UnitTestResult executionId="c396e0b2-d840-4948-af02-2fd4cba76c59" testId="3bf90928-3e3e-817d-0c2a-b114432020ae" testName="should_set_last_saved_energy_to_max_energy_if_last_saved_energy_does_not_exist" computerName="JUSTIN-LAPTOP" duration="00:00:00.0070297" startTime="2010-10-17T14:29:33.6952638-05:00" endTime="2010-10-17T14:29:33.7062644-05:00" testType="13cdc9d9-ddb5-4fa4-a97d-d965ccfc6d4b" outcome="Passed" testListId="8c84fa94-04c1-424b-9868-57a2d4851a1d" relativeResultsDirectory="c396e0b2-d840-4948-af02-2fd4cba76c59">
    </UnitTestResult>
    <UnitTestResult executionId="e2c8509e-59dd-4219-a46d-402395023518" testId="3d1741aa-9576-2eb5-470e-7f713a2bc4d7" testName="should_return_false_if_safe_house_does_not_have_item" computerName="JUSTIN-LAPTOP" duration="00:00:00.0293077" startTime="2010-10-17T14:29:33.7092646-05:00" endTime="2010-10-17T14:29:33.7432665-05:00" testType="13cdc9d9-ddb5-4fa4-a97d-d965ccfc6d4b" outcome="Passed" testListId="8c84fa94-04c1-424b-9868-57a2d4851a1d" relativeResultsDirectory="e2c8509e-59dd-4219-a46d-402395023518">
    </UnitTestResult>
    <UnitTestResult executionId="65db1993-a43c-4120-8c85-34c5ecd79c5e" testId="3d4be643-5d31-3e26-f950-26a5f925e40b" testName="should_return_all_stores_in_radius" computerName="JUSTIN-LAPTOP" duration="00:00:00.0577872" startTime="2010-10-17T14:29:33.7442666-05:00" endTime="2010-10-17T14:29:33.8062701-05:00" testType="13cdc9d9-ddb5-4fa4-a97d-d965ccfc6d4b" outcome="Passed" testListId="8c84fa94-04c1-424b-9868-57a2d4851a1d" relativeResultsDirectory="65db1993-a43c-4120-8c85-34c5ecd79c5e">
    </UnitTestResult>
    <UnitTestResult executionId="5930e240-dfce-411b-bec9-8abc7848b0ec" testId="3dc86e55-9e89-b185-10f6-85c78270b263" testName="the_starting_attack_power_should_be_1" computerName="JUSTIN-LAPTOP" duration="00:00:00.0758882" startTime="2010-10-17T14:29:33.8072702-05:00" endTime="2010-10-17T14:29:33.8892749-05:00" testType="13cdc9d9-ddb5-4fa4-a97d-d965ccfc6d4b" outcome="Passed" testListId="8c84fa94-04c1-424b-9868-57a2d4851a1d" relativeResultsDirectory="5930e240-dfce-411b-bec9-8abc7848b0ec">
    </UnitTestResult>
    <UnitTestResult executionId="847d81b8-dfde-487e-a68e-cc61fef36292" testId="3e4c555c-eb52-8e6a-77bb-fba4f57ae14d" testName="should_throw_error_for_saving_mas_energy_if_user_does_not_exist" computerName="JUSTIN-LAPTOP" duration="00:00:00.1472758" startTime="2010-10-17T14:29:33.8912750-05:00" endTime="2010-10-17T14:29:34.0462839-05:00" testType="13cdc9d9-ddb5-4fa4-a97d-d965ccfc6d4b" outcome="Passed" testListId="8c84fa94-04c1-424b-9868-57a2d4851a1d" relativeResultsDirectory="847d81b8-dfde-487e-a68e-cc61fef36292">
    </UnitTestResult>
    <UnitTestResult executionId="aff11655-fac3-46d6-8170-0eb9c20426a3" testId="4013d892-4605-1c26-5721-43931adf425c" testName="should_create_counts_record_if_none_exists_for_user" computerName="JUSTIN-LAPTOP" duration="00:00:00.0878778" startTime="2010-10-17T14:29:34.0482840-05:00" endTime="2010-10-17T14:29:34.1452895-05:00" testType="13cdc9d9-ddb5-4fa4-a97d-d965ccfc6d4b" outcome="Passed" testListId="8c84fa94-04c1-424b-9868-57a2d4851a1d" relativeResultsDirectory="aff11655-fac3-46d6-8170-0eb9c20426a3">
    </UnitTestResult>
    <UnitTestResult executionId="84dd7aa7-11b5-454e-874a-761e485a29ca" testId="40ac08e5-9855-8df2-ac1a-e320ada85f67" testName="should_create_user_with_starting_location" computerName="JUSTIN-LAPTOP" duration="00:00:00.0119607" startTime="2010-10-17T14:29:34.1502898-05:00" endTime="2010-10-17T14:29:34.1722911-05:00" testType="13cdc9d9-ddb5-4fa4-a97d-d965ccfc6d4b" outcome="Passed" testListId="8c84fa94-04c1-424b-9868-57a2d4851a1d" relativeResultsDirectory="84dd7aa7-11b5-454e-874a-761e485a29ca">
    </UnitTestResult>
    <UnitTestResult executionId="48078494-71b3-418c-9856-8b5fe82b41ff" testId="40c4a339-897f-73e3-e8be-fed33feff0fc" testName="should_return_correct_inventory_slot_number_for_given_level" computerName="JUSTIN-LAPTOP" duration="00:00:00.0006710" startTime="2010-10-17T14:29:34.1732911-05:00" endTime="2010-10-17T14:29:34.1812916-05:00" testType="13cdc9d9-ddb5-4fa4-a97d-d965ccfc6d4b" outcome="Passed" testListId="8c84fa94-04c1-424b-9868-57a2d4851a1d" relativeResultsDirectory="48078494-71b3-418c-9856-8b5fe82b41ff">
    </UnitTestResult>
    <UnitTestResult executionId="27ae84fc-6059-48b0-8837-4fe8d20c90a4" testId="4345b271-5a8d-5b15-7852-83ed69b14179" testName="should_disregard_move_if_user_does_not_have_enough_energy" computerName="JUSTIN-LAPTOP" duration="00:00:00.0085480" startTime="2010-10-17T14:29:34.1822916-05:00" endTime="2010-10-17T14:29:34.1952924-05:00" testType="13cdc9d9-ddb5-4fa4-a97d-d965ccfc6d4b" outcome="Passed" testListId="8c84fa94-04c1-424b-9868-57a2d4851a1d" relativeResultsDirectory="27ae84fc-6059-48b0-8837-4fe8d20c90a4">
    </UnitTestResult>
    <UnitTestResult executionId="79028215-1882-4e90-a8a4-63f49beb104d" testId="43a1b4c2-5164-126a-d787-254e51bf5cb0" testName="should_return_base_attack_power_if_user_does_not_have_any_money_and_no_items_in_safehouse" computerName="JUSTIN-LAPTOP" duration="00:00:00.0046417" startTime="2010-10-17T14:29:34.1962924-05:00" endTime="2010-10-17T14:29:34.2052930-05:00" testType="13cdc9d9-ddb5-4fa4-a97d-d965ccfc6d4b" outcome="Passed" testListId="8c84fa94-04c1-424b-9868-57a2d4851a1d" relativeResultsDirectory="79028215-1882-4e90-a8a4-63f49beb104d">
    </UnitTestResult>
    <UnitTestResult executionId="83dc10de-72aa-4b6a-80ca-492ba20f7234" testId="43ea7dc5-29f2-fc24-7626-37c50ab77488" testName="should_return_false_if_item_does_not_exist" computerName="JUSTIN-LAPTOP" duration="00:00:00.1053139" startTime="2010-10-17T14:29:34.2072931-05:00" endTime="2010-10-17T14:29:34.3172994-05:00" testType="13cdc9d9-ddb5-4fa4-a97d-d965ccfc6d4b" outcome="Passed" testListId="8c84fa94-04c1-424b-9868-57a2d4851a1d" relativeResultsDirectory="83dc10de-72aa-4b6a-80ca-492ba20f7234">
    </UnitTestResult>
    <UnitTestResult executionId="728b7a43-8d17-4cd9-ac09-702a5bbed0c3" testId="441c5aa1-1be2-b7ff-84a3-c2712387e211" testName="should_return_false_if_user_does_not_exist" computerName="JUSTIN-LAPTOP" duration="00:00:00.0220584" startTime="2010-10-17T14:29:34.3182994-05:00" endTime="2010-10-17T14:29:34.3463010-05:00" testType="13cdc9d9-ddb5-4fa4-a97d-d965ccfc6d4b" outcome="Passed" testListId="8c84fa94-04c1-424b-9868-57a2d4851a1d" relativeResultsDirectory="728b7a43-8d17-4cd9-ac09-702a5bbed0c3">
    </UnitTestResult>
    <UnitTestResult executionId="09a7fd67-4340-4a47-837e-394a411aa425" testId="456f5311-d61b-5ef4-13ac-a1ceca766e06" testName="should_return_achievement_for_collecting_1000000_dollars" computerName="JUSTIN-LAPTOP" duration="00:00:00.0014454" startTime="2010-10-17T14:29:34.3473011-05:00" endTime="2010-10-17T14:29:34.3543015-05:00" testType="13cdc9d9-ddb5-4fa4-a97d-d965ccfc6d4b" outcome="Passed" testListId="8c84fa94-04c1-424b-9868-57a2d4851a1d" relativeResultsDirectory="09a7fd67-4340-4a47-837e-394a411aa425">
    </UnitTestResult>
    <UnitTestResult executionId="d4642c34-4e5a-4a81-85c3-cc1d173e116d" testId="461819df-bed1-d7c5-29ce-bdee0f8eaaa2" testName="should_return_true_if_zombie_pack_is_destroyed_by_user" computerName="JUSTIN-LAPTOP" duration="00:00:00.0418573" startTime="2010-10-17T14:29:34.3553015-05:00" endTime="2010-10-17T14:29:34.4023042-05:00" testType="13cdc9d9-ddb5-4fa4-a97d-d965ccfc6d4b" outcome="Passed" testListId="8c84fa94-04c1-424b-9868-57a2d4851a1d" relativeResultsDirectory="d4642c34-4e5a-4a81-85c3-cc1d173e116d">
    </UnitTestResult>
    <UnitTestResult executionId="1905e509-50d4-4f4b-9d45-322634d26ef0" testId="48c2a012-1ba3-1243-1cd5-aab81b26906b" testName="should_return_all_items_in_store" computerName="JUSTIN-LAPTOP" duration="00:00:00.0240812" startTime="2010-10-17T14:29:34.4033043-05:00" endTime="2010-10-17T14:29:34.4323059-05:00" testType="13cdc9d9-ddb5-4fa4-a97d-d965ccfc6d4b" outcome="Passed" testListId="8c84fa94-04c1-424b-9868-57a2d4851a1d" relativeResultsDirectory="1905e509-50d4-4f4b-9d45-322634d26ef0">
    </UnitTestResult>
    <UnitTestResult executionId="30e67ea2-8ea1-495b-902a-6b14da8ccb8e" testId="49540a47-9778-939f-7252-2442e060eeb3" testName="should_return_achivement_for_destroying_10_hotzones" computerName="JUSTIN-LAPTOP" duration="00:00:00.0015244" startTime="2010-10-17T14:29:34.4333060-05:00" endTime="2010-10-17T14:29:34.4393063-05:00" testType="13cdc9d9-ddb5-4fa4-a97d-d965ccfc6d4b" outcome="Passed" testListId="8c84fa94-04c1-424b-9868-57a2d4851a1d" relativeResultsDirectory="30e67ea2-8ea1-495b-902a-6b14da8ccb8e">
    </UnitTestResult>
    <UnitTestResult executionId="81695d57-e416-465d-84e5-0a063f0e79f8" testId="49e3a9e9-dcf0-f3e5-85da-9f5499fab731" testName="should_calculate_western_point" computerName="JUSTIN-LAPTOP" duration="00:00:00.0012456" startTime="2010-10-17T14:29:34.4413065-05:00" endTime="2010-10-17T14:29:34.4483069-05:00" testType="13cdc9d9-ddb5-4fa4-a97d-d965ccfc6d4b" outcome="Passed" testListId="8c84fa94-04c1-424b-9868-57a2d4851a1d" relativeResultsDirectory="81695d57-e416-465d-84e5-0a063f0e79f8">
    </UnitTestResult>
    <UnitTestResult executionId="4e8fe134-0b19-40cf-9b81-5866ea8a8cd4" testId="4aab1a6a-e217-fabe-67d7-73dafcd94369" testName="should_return_zero_if_attack_is_null" computerName="JUSTIN-LAPTOP" duration="00:00:00.0288530" startTime="2010-10-17T14:29:34.4493069-05:00" endTime="2010-10-17T14:29:34.4823088-05:00" testType="13cdc9d9-ddb5-4fa4-a97d-d965ccfc6d4b" outcome="Passed" testListId="8c84fa94-04c1-424b-9868-57a2d4851a1d" relativeResultsDirectory="4e8fe134-0b19-40cf-9b81-5866ea8a8cd4">
    </UnitTestResult>
    <UnitTestResult executionId="3779d6ec-096c-4062-bca5-ae53a1a28e86" testId="4ad82b7e-b664-1e32-b013-da054510a32b" testName="should_add_tent" computerName="JUSTIN-LAPTOP" duration="00:00:00.0155457" startTime="2010-10-17T14:29:34.4833089-05:00" endTime="2010-10-17T14:29:34.5033100-05:00" testType="13cdc9d9-ddb5-4fa4-a97d-d965ccfc6d4b" outcome="Passed" testListId="8c84fa94-04c1-424b-9868-57a2d4851a1d" relativeResultsDirectory="3779d6ec-096c-4062-bca5-ae53a1a28e86">
    </UnitTestResult>
    <UnitTestResult executionId="3f5f87ef-ef0e-4d3e-aefe-a56248369da0" testId="4c87210c-f927-e260-2776-9399fcbfbd1c" testName="should_return_true_if_safe_house_exists" computerName="JUSTIN-LAPTOP" duration="00:00:00.0267625" startTime="2010-10-17T14:29:34.5053101-05:00" endTime="2010-10-17T14:29:34.5353118-05:00" testType="13cdc9d9-ddb5-4fa4-a97d-d965ccfc6d4b" outcome="Passed" testListId="8c84fa94-04c1-424b-9868-57a2d4851a1d" relativeResultsDirectory="3f5f87ef-ef0e-4d3e-aefe-a56248369da0">
    </UnitTestResult>
    <UnitTestResult executionId="396c15a2-a867-472b-8962-3796187489cd" testId="4d9cdfe2-8eee-3937-2a7d-b414e3b51b00" testName="should_disregard_move_if_user_does_not_exist" computerName="JUSTIN-LAPTOP" duration="00:00:00.0028640" startTime="2010-10-17T14:29:34.5403121-05:00" endTime="2010-10-17T14:29:34.5483126-05:00" testType="13cdc9d9-ddb5-4fa4-a97d-d965ccfc6d4b" outcome="Passed" testListId="8c84fa94-04c1-424b-9868-57a2d4851a1d" relativeResultsDirectory="396c15a2-a867-472b-8962-3796187489cd">
    </UnitTestResult>
    <UnitTestResult executionId="913c12a9-d733-4503-a1d5-1a2a22ecefba" testId="50a0e180-73b1-f3e2-9755-9dfe75491e60" testName="should_increment_hotzones_destroyed" computerName="JUSTIN-LAPTOP" duration="00:00:00.0186979" startTime="2010-10-17T14:29:34.5493126-05:00" endTime="2010-10-17T14:29:34.5723139-05:00" testType="13cdc9d9-ddb5-4fa4-a97d-d965ccfc6d4b" outcome="Passed" testListId="8c84fa94-04c1-424b-9868-57a2d4851a1d" relativeResultsDirectory="913c12a9-d733-4503-a1d5-1a2a22ecefba">
    </UnitTestResult>
    <UnitTestResult executionId="f1a29e3f-2fb6-42d5-9bfc-f5d56f9ffed2" testId="52c534e6-f8bb-1f9f-939a-d5c5c52fa419" testName="should_record_how_many_miles_have_been_moved_for_achievements" computerName="JUSTIN-LAPTOP" duration="00:00:00.0186752" startTime="2010-10-17T14:29:34.5793143-05:00" endTime="2010-10-17T14:29:34.6053158-05:00" testType="13cdc9d9-ddb5-4fa4-a97d-d965ccfc6d4b" outcome="Passed" testListId="8c84fa94-04c1-424b-9868-57a2d4851a1d" relativeResultsDirectory="f1a29e3f-2fb6-42d5-9bfc-f5d56f9ffed2">
    </UnitTestResult>
    <UnitTestResult executionId="2d19a81c-6294-4c28-9f25-3fe390d8ddde" testId="537a0821-9a13-8b7a-298b-1a1d7b7834c1" testName="should_give_user_a_random_amount_of_money_after_hunt" computerName="JUSTIN-LAPTOP" duration="00:00:00.0152548" startTime="2010-10-17T14:29:34.6073159-05:00" endTime="2010-10-17T14:29:34.6273171-05:00" testType="13cdc9d9-ddb5-4fa4-a97d-d965ccfc6d4b" outcome="Passed" testListId="8c84fa94-04c1-424b-9868-57a2d4851a1d" relativeResultsDirectory="2d19a81c-6294-4c28-9f25-3fe390d8ddde">
    </UnitTestResult>
    <UnitTestResult executionId="0b335bf7-6b68-4026-ac0a-516d8e697023" testId="537a2b77-3b56-7fda-5cef-ce5b7fef8e47" testName="should_return_achievement_for_collecting_1000_dollars" computerName="JUSTIN-LAPTOP" duration="00:00:00.0013882" startTime="2010-10-17T14:29:34.6313173-05:00" endTime="2010-10-17T14:29:34.6373177-05:00" testType="13cdc9d9-ddb5-4fa4-a97d-d965ccfc6d4b" outcome="Passed" testListId="8c84fa94-04c1-424b-9868-57a2d4851a1d" relativeResultsDirectory="0b335bf7-6b68-4026-ac0a-516d8e697023">
    </UnitTestResult>
    <UnitTestResult executionId="ae2ac5a3-f83a-483d-99b3-2a2193d01552" testId="53d3d174-2438-d916-b931-5b84347506a5" testName="should_return_true_if_hotzone_is_a_starting_hotzone" computerName="JUSTIN-LAPTOP" duration="00:00:00.0316584" startTime="2010-10-17T14:29:34.6383177-05:00" endTime="2010-10-17T14:29:34.6753198-05:00" testType="13cdc9d9-ddb5-4fa4-a97d-d965ccfc6d4b" outcome="Passed" testListId="8c84fa94-04c1-424b-9868-57a2d4851a1d" relativeResultsDirectory="ae2ac5a3-f83a-483d-99b3-2a2193d01552">
    </UnitTestResult>
    <UnitTestResult executionId="4a7f2f14-4a70-465f-9f2b-efb127fbb1f3" testId="540edc62-4548-f51c-ae34-777932919c2f" testName="should_get_user_item_id" computerName="JUSTIN-LAPTOP" duration="00:00:00.0309658" startTime="2010-10-17T14:29:34.6783200-05:00" endTime="2010-10-17T14:29:34.7143221-05:00" testType="13cdc9d9-ddb5-4fa4-a97d-d965ccfc6d4b" outcome="Passed" testListId="8c84fa94-04c1-424b-9868-57a2d4851a1d" relativeResultsDirectory="4a7f2f14-4a70-465f-9f2b-efb127fbb1f3">
    </UnitTestResult>
    <UnitTestResult executionId="3dc0be9c-f15f-4c02-bd2a-8b75ede786cc" testId="544cc1f1-3454-5e87-e24b-52c6acff6b61" testName="should_return_base_energy_for_user" computerName="JUSTIN-LAPTOP" duration="00:00:00.0207758" startTime="2010-10-17T14:29:34.7153221-05:00" endTime="2010-10-17T14:29:34.7403236-05:00" testType="13cdc9d9-ddb5-4fa4-a97d-d965ccfc6d4b" outcome="Passed" testListId="8c84fa94-04c1-424b-9868-57a2d4851a1d" relativeResultsDirectory="3dc0be9c-f15f-4c02-bd2a-8b75ede786cc">
    </UnitTestResult>
    <UnitTestResult executionId="8fafbec9-bfde-4330-83b3-31bedb66f4b0" testId="556fe5d0-aedd-a933-babc-4606a23e064e" testName="should_increment_zombie_pack_destroyed_count" computerName="JUSTIN-LAPTOP" duration="00:00:00.0195189" startTime="2010-10-17T14:29:34.7443238-05:00" endTime="2010-10-17T14:29:34.7683252-05:00" testType="13cdc9d9-ddb5-4fa4-a97d-d965ccfc6d4b" outcome="Passed" testListId="8c84fa94-04c1-424b-9868-57a2d4851a1d" relativeResultsDirectory="8fafbec9-bfde-4330-83b3-31bedb66f4b0">
    </UnitTestResult>
    <UnitTestResult executionId="419f571e-c270-4d1b-a2dd-16b7d42530bb" testId="55ffc7bf-3f9e-b38d-348c-5fc84dd1b9ed" testName="should_return_null_for_base_sight_radius_if_user_exists_but_max_sight_radius_is_null" computerName="JUSTIN-LAPTOP" duration="00:00:00.0207102" startTime="2010-10-17T14:29:34.7693252-05:00" endTime="2010-10-17T14:29:34.7933266-05:00" testType="13cdc9d9-ddb5-4fa4-a97d-d965ccfc6d4b" outcome="Passed" testListId="8c84fa94-04c1-424b-9868-57a2d4851a1d" relativeResultsDirectory="419f571e-c270-4d1b-a2dd-16b7d42530bb">
    </UnitTestResult>
    <UnitTestResult executionId="7ff26fe5-4b83-4058-9074-3c390549d3a7" testId="560e757d-7d9e-cf97-a66b-6eba9f0dbef7" testName="should_return_null_for_user_that_doesnt_exist" computerName="JUSTIN-LAPTOP" duration="00:00:00.0189102" startTime="2010-10-17T14:29:34.7963268-05:00" endTime="2010-10-17T14:29:34.8223282-05:00" testType="13cdc9d9-ddb5-4fa4-a97d-d965ccfc6d4b" outcome="Passed" testListId="8c84fa94-04c1-424b-9868-57a2d4851a1d" relativeResultsDirectory="7ff26fe5-4b83-4058-9074-3c390549d3a7">
    </UnitTestResult>
    <UnitTestResult executionId="603701b3-9e7b-4883-8cbe-8de870cac8b6" testId="578c1082-4447-f4a0-bed7-4e23d16f558c" testName="should_return_an_empty_progress_if_user_does_not_exist" computerName="JUSTIN-LAPTOP" duration="00:00:00.0028616" startTime="2010-10-17T14:29:34.8233283-05:00" endTime="2010-10-17T14:29:34.8303287-05:00" testType="13cdc9d9-ddb5-4fa4-a97d-d965ccfc6d4b" outcome="Passed" testListId="8c84fa94-04c1-424b-9868-57a2d4851a1d" relativeResultsDirectory="603701b3-9e7b-4883-8cbe-8de870cac8b6">
    </UnitTestResult>
    <UnitTestResult executionId="f7a50b06-e613-468e-8b78-48d726d8c46a" testId="57effb65-6bba-b10e-d004-938020663a0f" testName="should_return_0_if_time_passed_into_calculate_energy_is_less_than_the_last_saved_energy_record" computerName="JUSTIN-LAPTOP" duration="00:00:00.0080070" startTime="2010-10-17T14:29:34.8343289-05:00" endTime="2010-10-17T14:29:34.8463296-05:00" testType="13cdc9d9-ddb5-4fa4-a97d-d965ccfc6d4b" outcome="Passed" testListId="8c84fa94-04c1-424b-9868-57a2d4851a1d" relativeResultsDirectory="f7a50b06-e613-468e-8b78-48d726d8c46a">
    </UnitTestResult>
    <UnitTestResult executionId="a99e983d-36cb-408a-9bcc-0ab7085c1f31" testId="57f6bfb3-878f-ec7b-71d8-e1ae592b6823" testName="should_return_number_of_zombie_packs_left" computerName="JUSTIN-LAPTOP" duration="00:00:00.0424161" startTime="2010-10-17T14:29:34.8483297-05:00" endTime="2010-10-17T14:29:34.8943324-05:00" testType="13cdc9d9-ddb5-4fa4-a97d-d965ccfc6d4b" outcome="Passed" testListId="8c84fa94-04c1-424b-9868-57a2d4851a1d" relativeResultsDirectory="a99e983d-36cb-408a-9bcc-0ab7085c1f31">
    </UnitTestResult>
    <UnitTestResult executionId="c5ae6263-2acb-4f65-9a9e-1533531d1062" testId="583a3b80-1851-93ab-c2ab-87d678e4ad81" testName="should_return_true_if_user_has_item" computerName="JUSTIN-LAPTOP" duration="00:00:00.0273874" startTime="2010-10-17T14:29:34.8953324-05:00" endTime="2010-10-17T14:29:34.9283343-05:00" testType="13cdc9d9-ddb5-4fa4-a97d-d965ccfc6d4b" outcome="Passed" testListId="8c84fa94-04c1-424b-9868-57a2d4851a1d" relativeResultsDirectory="c5ae6263-2acb-4f65-9a9e-1533531d1062">
    </UnitTestResult>
    <UnitTestResult executionId="42cb76a4-1053-436d-b330-b7f08d3b6466" testId="58cdb593-e628-53cb-1ff9-a712c7cfa07d" testName="should_disregard_creation_if_location_specified_is_not_a_starting_hot_zone" computerName="JUSTIN-LAPTOP" duration="00:00:00.0071196" startTime="2010-10-17T14:29:34.9293344-05:00" endTime="2010-10-17T14:29:34.9413351-05:00" testType="13cdc9d9-ddb5-4fa4-a97d-d965ccfc6d4b" outcome="Passed" testListId="8c84fa94-04c1-424b-9868-57a2d4851a1d" relativeResultsDirectory="42cb76a4-1053-436d-b330-b7f08d3b6466">
    </UnitTestResult>
    <UnitTestResult executionId="a4c4ed4a-7fef-4997-beb8-51a9c0181051" testId="592a8210-389c-d154-bfaf-1570717dbd73" testName="should_return_if_item_does_not_exist" computerName="JUSTIN-LAPTOP" duration="00:00:00.0047426" startTime="2010-10-17T14:29:34.9433352-05:00" endTime="2010-10-17T14:29:34.9523357-05:00" testType="13cdc9d9-ddb5-4fa4-a97d-d965ccfc6d4b" outcome="Passed" testListId="8c84fa94-04c1-424b-9868-57a2d4851a1d" relativeResultsDirectory="a4c4ed4a-7fef-4997-beb8-51a9c0181051">
    </UnitTestResult>
    <UnitTestResult executionId="5ad2db09-59ee-4570-9e4e-2828012160fb" testId="5a128d3b-35ba-f233-4f32-be0f8dfb906e" testName="should_not_hunt_if_user_doesnt_exist" computerName="JUSTIN-LAPTOP" duration="00:00:00.0031886" startTime="2010-10-17T14:29:34.9533357-05:00" endTime="2010-10-17T14:29:34.9613362-05:00" testType="13cdc9d9-ddb5-4fa4-a97d-d965ccfc6d4b" outcome="Passed" testListId="8c84fa94-04c1-424b-9868-57a2d4851a1d" relativeResultsDirectory="5ad2db09-59ee-4570-9e4e-2828012160fb">
    </UnitTestResult>
    <UnitTestResult executionId="7a1366bb-897e-4393-9ac1-96ed153485ed" testId="5a7c17db-19ea-927d-e739-dca3cee988f6" testName="should_return_0_for_attack_power_if_user_does_not_exist" computerName="JUSTIN-LAPTOP" duration="00:00:00.0046494" startTime="2010-10-17T14:29:34.9613362-05:00" endTime="2010-10-17T14:29:34.9713368-05:00" testType="13cdc9d9-ddb5-4fa4-a97d-d965ccfc6d4b" outcome="Passed" testListId="8c84fa94-04c1-424b-9868-57a2d4851a1d" relativeResultsDirectory="7a1366bb-897e-4393-9ac1-96ed153485ed">
    </UnitTestResult>
    <UnitTestResult executionId="c090c750-108f-4561-af76-0f83b89a32a8" testId="5af90bb7-e3b0-b5e7-29f7-fc8b0902be24" testName="should_return_last_sight_radius_saved_If_there_is_no_difference_between_the_current_time_passed_in_and_the_last_saved_sight_radius_from_the_repository" computerName="JUSTIN-LAPTOP" duration="00:00:00.0069490" startTime="2010-10-17T14:29:34.9723368-05:00" endTime="2010-10-17T14:29:34.9843375-05:00" testType="13cdc9d9-ddb5-4fa4-a97d-d965ccfc6d4b" outcome="Passed" testListId="8c84fa94-04c1-424b-9868-57a2d4851a1d" relativeResultsDirectory="c090c750-108f-4561-af76-0f83b89a32a8">
    </UnitTestResult>
    <UnitTestResult executionId="2dbaf5d4-3bb9-4626-85bf-143206103515" testId="5afe1781-3ccb-0558-a937-e74f932ccd49" testName="should_retriever_an_empty_list_given_invalid_hotzone_id" computerName="JUSTIN-LAPTOP" duration="00:00:00.0243154" startTime="2010-10-17T14:29:34.9853376-05:00" endTime="2010-10-17T14:29:35.0143392-05:00" testType="13cdc9d9-ddb5-4fa4-a97d-d965ccfc6d4b" outcome="Passed" testListId="8c84fa94-04c1-424b-9868-57a2d4851a1d" relativeResultsDirectory="2dbaf5d4-3bb9-4626-85bf-143206103515">
    </UnitTestResult>
    <UnitTestResult executionId="0fe03bff-5829-4ff1-90de-aa5b82a88cf9" testId="5b2a5f35-2435-a2ba-eaf1-4c274bced244" testName="should_calculate_northern_point" computerName="JUSTIN-LAPTOP" duration="00:00:00.0004696" startTime="2010-10-17T14:29:35.0153393-05:00" endTime="2010-10-17T14:29:35.0203396-05:00" testType="13cdc9d9-ddb5-4fa4-a97d-d965ccfc6d4b" outcome="Passed" testListId="8c84fa94-04c1-424b-9868-57a2d4851a1d" relativeResultsDirectory="0fe03bff-5829-4ff1-90de-aa5b82a88cf9">
    </UnitTestResult>
    <UnitTestResult executionId="35e8ec00-162d-4c8c-9ecc-3ea513a25b4a" testId="5b97deff-fa6b-c377-8ff2-c9c8d4bf8e55" testName="should_retriever_an_empty_list_given_invalid_hotzone_id" computerName="JUSTIN-LAPTOP" duration="00:00:00.0292769" startTime="2010-10-17T14:29:35.0223397-05:00" endTime="2010-10-17T14:29:35.0573417-05:00" testType="13cdc9d9-ddb5-4fa4-a97d-d965ccfc6d4b" outcome="Passed" testListId="8c84fa94-04c1-424b-9868-57a2d4851a1d" relativeResultsDirectory="35e8ec00-162d-4c8c-9ecc-3ea513a25b4a">
    </UnitTestResult>
    <UnitTestResult executionId="893867c3-30b5-4af6-86ff-dec4fad0ff66" testId="5d04ca0e-dd33-bf62-c1bb-e7d225b4949c" testName="should_return_achievement_for_destroying_1_zombiePack" computerName="JUSTIN-LAPTOP" duration="00:00:00.0014336" startTime="2010-10-17T14:29:35.0583417-05:00" endTime="2010-10-17T14:29:35.0653421-05:00" testType="13cdc9d9-ddb5-4fa4-a97d-d965ccfc6d4b" outcome="Passed" testListId="8c84fa94-04c1-424b-9868-57a2d4851a1d" relativeResultsDirectory="893867c3-30b5-4af6-86ff-dec4fad0ff66">
    </UnitTestResult>
    <UnitTestResult executionId="f2070da1-08d2-4497-9269-fca79d9c0823" testId="5da90bcc-6e5d-3a2d-e174-d391c0422e11" testName="should_update_hot_zone_if_user_is_on_new_hot_zone" computerName="JUSTIN-LAPTOP" duration="00:00:00.0292311" startTime="2010-10-17T14:29:35.0703424-05:00" endTime="2010-10-17T14:29:35.1043444-05:00" testType="13cdc9d9-ddb5-4fa4-a97d-d965ccfc6d4b" outcome="Passed" testListId="8c84fa94-04c1-424b-9868-57a2d4851a1d" relativeResultsDirectory="f2070da1-08d2-4497-9269-fca79d9c0823">
    </UnitTestResult>
    <UnitTestResult executionId="31b5b6ac-c029-4ac5-93d1-5151b30552d3" testId="5e0523e6-700c-d803-6a13-76f99c5ecb12" testName="should_return_hotzones_that_are_marked_as_starting_hotzones" computerName="JUSTIN-LAPTOP" duration="00:00:00.0439048" startTime="2010-10-17T14:29:35.1063445-05:00" endTime="2010-10-17T14:29:35.1753484-05:00" testType="13cdc9d9-ddb5-4fa4-a97d-d965ccfc6d4b" outcome="Passed" testListId="8c84fa94-04c1-424b-9868-57a2d4851a1d" relativeResultsDirectory="31b5b6ac-c029-4ac5-93d1-5151b30552d3">
    </UnitTestResult>
    <UnitTestResult executionId="10aca853-bd64-4b79-bd00-137a8172a695" testId="5edbb1cd-bd31-7ac9-084c-f6f749883ff2" testName="the_last_visited_hotzone_should_be_starting_location" computerName="JUSTIN-LAPTOP" duration="00:00:00.0190922" startTime="2010-10-17T14:29:35.1783486-05:00" endTime="2010-10-17T14:29:35.2023500-05:00" testType="13cdc9d9-ddb5-4fa4-a97d-d965ccfc6d4b" outcome="Passed" testListId="8c84fa94-04c1-424b-9868-57a2d4851a1d" relativeResultsDirectory="10aca853-bd64-4b79-bd00-137a8172a695">
    </UnitTestResult>
    <UnitTestResult executionId="281dcf2e-bd84-4fa4-9957-88f7d48091c9" testId="5f1fabc6-b3c7-d9b8-821e-098ccaf3eed1" testName="should_save_item_in_user_inventory_and_take_out_of_safe_house_inventory" computerName="JUSTIN-LAPTOP" duration="00:00:00.0198779" startTime="2010-10-17T14:29:35.2043501-05:00" endTime="2010-10-17T14:29:35.2293515-05:00" testType="13cdc9d9-ddb5-4fa4-a97d-d965ccfc6d4b" outcome="Passed" testListId="8c84fa94-04c1-424b-9868-57a2d4851a1d" relativeResultsDirectory="281dcf2e-bd84-4fa4-9957-88f7d48091c9">
    </UnitTestResult>
    <UnitTestResult executionId="9bd59e93-3b3a-4324-9114-a14fca87b449" testId="5f382a5a-614c-c9d5-67f1-1ceadc4420b1" testName="should_set_user_current_base_energy" computerName="JUSTIN-LAPTOP" duration="00:00:00.0245695" startTime="2010-10-17T14:29:35.2323517-05:00" endTime="2010-10-17T14:29:35.2623534-05:00" testType="13cdc9d9-ddb5-4fa4-a97d-d965ccfc6d4b" outcome="Passed" testListId="8c84fa94-04c1-424b-9868-57a2d4851a1d" relativeResultsDirectory="9bd59e93-3b3a-4324-9114-a14fca87b449">
    </UnitTestResult>
    <UnitTestResult executionId="7f38283c-63b1-400d-9097-96340a514f8a" testId="5fa17309-6178-e440-0cb3-9987b0eaea65" testName="should_get_user_item_count" computerName="JUSTIN-LAPTOP" duration="00:00:00.0334701" startTime="2010-10-17T14:29:35.2633535-05:00" endTime="2010-10-17T14:29:35.3003556-05:00" testType="13cdc9d9-ddb5-4fa4-a97d-d965ccfc6d4b" outcome="Passed" testListId="8c84fa94-04c1-424b-9868-57a2d4851a1d" relativeResultsDirectory="7f38283c-63b1-400d-9097-96340a514f8a">
    </UnitTestResult>
    <UnitTestResult executionId="f84af94d-ed4e-42bc-8a68-1985eecd4c43" testId="606e3bbd-fbf0-39e8-d39a-d95b2f760af1" testName="should_return_null_for_last_visited_hotzone_if_no_hotzone_has_been_set" computerName="JUSTIN-LAPTOP" duration="00:00:00.0197669" startTime="2010-10-17T14:29:35.3063559-05:00" endTime="2010-10-17T14:29:35.3323574-05:00" testType="13cdc9d9-ddb5-4fa4-a97d-d965ccfc6d4b" outcome="Passed" testListId="8c84fa94-04c1-424b-9868-57a2d4851a1d" relativeResultsDirectory="f84af94d-ed4e-42bc-8a68-1985eecd4c43">
    </UnitTestResult>
    <UnitTestResult executionId="cb6329af-5f7d-44b9-b2a4-515bb1b111e2" testId="60b889f5-aa93-4766-ebaf-876bc425b3c4" testName="should_save_user_max_energy" computerName="JUSTIN-LAPTOP" duration="00:00:00.0203034" startTime="2010-10-17T14:29:35.3353576-05:00" endTime="2010-10-17T14:29:35.3593590-05:00" testType="13cdc9d9-ddb5-4fa4-a97d-d965ccfc6d4b" outcome="Passed" testListId="8c84fa94-04c1-424b-9868-57a2d4851a1d" relativeResultsDirectory="cb6329af-5f7d-44b9-b2a4-515bb1b111e2">
    </UnitTestResult>
    <UnitTestResult executionId="94aa58a7-2f00-43b5-b4f1-c91fc24c2626" testId="612613da-83db-bad4-0786-2d957381d4ad" testName="should_retrieve_user_zombie_pack_progress_for_user" computerName="JUSTIN-LAPTOP" duration="00:00:00.0422357" startTime="2010-10-17T14:29:35.3653593-05:00" endTime="2010-10-17T14:29:35.4143621-05:00" testType="13cdc9d9-ddb5-4fa4-a97d-d965ccfc6d4b" outcome="Passed" testListId="8c84fa94-04c1-424b-9868-57a2d4851a1d" relativeResultsDirectory="94aa58a7-2f00-43b5-b4f1-c91fc24c2626">
    </UnitTestResult>
    <UnitTestResult executionId="0fca9bd1-8386-4142-a241-39a68c550acf" testId="61f1fbc3-1b38-ec7e-962e-44e1959bccb8" testName="should_return_hotzone_is_not_cleared_for_other_user" computerName="JUSTIN-LAPTOP" duration="00:00:00.1002892" startTime="2010-10-17T14:29:35.4173623-05:00" endTime="2010-10-17T14:29:35.5223683-05:00" testType="13cdc9d9-ddb5-4fa4-a97d-d965ccfc6d4b" outcome="Passed" testListId="8c84fa94-04c1-424b-9868-57a2d4851a1d" relativeResultsDirectory="0fca9bd1-8386-4142-a241-39a68c550acf">
    </UnitTestResult>
    <UnitTestResult executionId="230bda3d-3b98-4499-87eb-51406514b0e6" testId="61f447bc-f31d-7adc-e8ff-51ce31625b90" testName="should_throw_error_for_saving_last_energy_if_user_does_not_exist" computerName="JUSTIN-LAPTOP" duration="00:00:00.0164303" startTime="2010-10-17T14:29:35.5243684-05:00" endTime="2010-10-17T14:29:35.5483698-05:00" testType="13cdc9d9-ddb5-4fa4-a97d-d965ccfc6d4b" outcome="Passed" testListId="8c84fa94-04c1-424b-9868-57a2d4851a1d" relativeResultsDirectory="230bda3d-3b98-4499-87eb-51406514b0e6">
    </UnitTestResult>
    <UnitTestResult executionId="728b1c1d-e7d9-4f47-a200-2c7a9089f8e0" testId="65a45aea-1388-af89-1298-2c122710d67c" testName="should_return_0_if_user_does_not_exist" computerName="JUSTIN-LAPTOP" duration="00:00:00.0027113" startTime="2010-10-17T14:29:35.5523700-05:00" endTime="2010-10-17T14:29:35.5593704-05:00" testType="13cdc9d9-ddb5-4fa4-a97d-d965ccfc6d4b" outcome="Passed" testListId="8c84fa94-04c1-424b-9868-57a2d4851a1d" relativeResultsDirectory="728b1c1d-e7d9-4f47-a200-2c7a9089f8e0">
    </UnitTestResult>
    <UnitTestResult executionId="2cd01fc8-a17d-492e-95e4-06747fa5cd2a" testId="65c104b2-1ff7-266c-33d4-c2e6789ce0d4" testName="should_throw_error_if_user_does_not_exist" computerName="JUSTIN-LAPTOP" duration="00:00:00.0023709" startTime="2010-10-17T14:29:35.5643707-05:00" endTime="2010-10-17T14:29:35.5723711-05:00" testType="13cdc9d9-ddb5-4fa4-a97d-d965ccfc6d4b" outcome="Passed" testListId="8c84fa94-04c1-424b-9868-57a2d4851a1d" relativeResultsDirectory="2cd01fc8-a17d-492e-95e4-06747fa5cd2a">
    </UnitTestResult>
    <UnitTestResult executionId="fc77d82b-a54b-4c04-b882-4ed30126b040" testId="66169587-8c61-bb11-f455-fab6b8497218" testName="should_return_achievement_for_collecting_10_dollars" computerName="JUSTIN-LAPTOP" duration="00:00:00.0021630" startTime="2010-10-17T14:29:35.5743713-05:00" endTime="2010-10-17T14:29:35.5803716-05:00" testType="13cdc9d9-ddb5-4fa4-a97d-d965ccfc6d4b" outcome="Passed" testListId="8c84fa94-04c1-424b-9868-57a2d4851a1d" relativeResultsDirectory="fc77d82b-a54b-4c04-b882-4ed30126b040">
    </UnitTestResult>
    <UnitTestResult executionId="9fb4c97b-76ca-4c11-88bb-3a4d0bc95859" testId="66236707-8e98-8099-42db-7e8aeb3fbf02" testName="should_retrieve_list_of_items_in_safe_house_that_belong_to_user" computerName="JUSTIN-LAPTOP" duration="00:00:00.0334912" startTime="2010-10-17T14:29:35.5813717-05:00" endTime="2010-10-17T14:29:35.6203739-05:00" testType="13cdc9d9-ddb5-4fa4-a97d-d965ccfc6d4b" outcome="Passed" testListId="8c84fa94-04c1-424b-9868-57a2d4851a1d" relativeResultsDirectory="9fb4c97b-76ca-4c11-88bb-3a4d0bc95859">
    </UnitTestResult>
    <UnitTestResult executionId="aae77016-55b9-4e17-80f1-026407e974e7" testId="66e87870-2f0c-1802-4a46-f39d5c5c0c20" testName="should_return_energy_cost_at_5_percent_of_maximum_potential" computerName="JUSTIN-LAPTOP" duration="00:00:00.0105161" startTime="2010-10-17T14:29:35.6233741-05:00" endTime="2010-10-17T14:29:35.6393750-05:00" testType="13cdc9d9-ddb5-4fa4-a97d-d965ccfc6d4b" outcome="Passed" testListId="8c84fa94-04c1-424b-9868-57a2d4851a1d" relativeResultsDirectory="aae77016-55b9-4e17-80f1-026407e974e7">
    </UnitTestResult>
    <UnitTestResult executionId="0429fc2f-23e5-4da0-983c-b23d6ed31183" testId="685ba115-26b4-cfb7-772c-f8e84fc12c79" testName="should_take_money_from_user_and_add_item_to_user_inventory" computerName="JUSTIN-LAPTOP" duration="00:00:00.0184325" startTime="2010-10-17T14:29:35.6413751-05:00" endTime="2010-10-17T14:29:35.6653765-05:00" testType="13cdc9d9-ddb5-4fa4-a97d-d965ccfc6d4b" outcome="Passed" testListId="8c84fa94-04c1-424b-9868-57a2d4851a1d" relativeResultsDirectory="0429fc2f-23e5-4da0-983c-b23d6ed31183">
    </UnitTestResult>
    <UnitTestResult executionId="2cb5a0e5-6e27-4388-b4a7-7fe789de5da2" testId="68ea6353-2c49-a913-f384-cf2dc40e93c0" testName="should_not_hunt_if_user_doesnt_have_enough_energy" computerName="JUSTIN-LAPTOP" duration="00:00:00.0106653" startTime="2010-10-17T14:29:35.6663765-05:00" endTime="2010-10-17T14:29:35.6823774-05:00" testType="13cdc9d9-ddb5-4fa4-a97d-d965ccfc6d4b" outcome="Passed" testListId="8c84fa94-04c1-424b-9868-57a2d4851a1d" relativeResultsDirectory="2cb5a0e5-6e27-4388-b4a7-7fe789de5da2">
    </UnitTestResult>
    <UnitTestResult executionId="60960fb2-3ae5-49f9-98a6-196256494e3c" testId="69653733-6f17-afcb-14dc-a6126a62b1ee" testName="should_retrieve_user_current_base_energy" computerName="JUSTIN-LAPTOP" duration="00:00:00.0199334" startTime="2010-10-17T14:29:35.6833775-05:00" endTime="2010-10-17T14:29:35.7073789-05:00" testType="13cdc9d9-ddb5-4fa4-a97d-d965ccfc6d4b" outcome="Passed" testListId="8c84fa94-04c1-424b-9868-57a2d4851a1d" relativeResultsDirectory="60960fb2-3ae5-49f9-98a6-196256494e3c">
    </UnitTestResult>
    <UnitTestResult executionId="11ab7842-b778-4c79-a1bc-daf2ced9bbd1" testId="6b30f78c-5c97-e5aa-0928-de7f5ee83660" testName="should_give_energy_based_on_best_items_from_user_usersafehouse_and_items_that_can_be_bought" computerName="JUSTIN-LAPTOP" duration="00:00:00.0072311" startTime="2010-10-17T14:29:35.7093790-05:00" endTime="2010-10-17T14:29:35.7213797-05:00" testType="13cdc9d9-ddb5-4fa4-a97d-d965ccfc6d4b" outcome="Passed" testListId="8c84fa94-04c1-424b-9868-57a2d4851a1d" relativeResultsDirectory="11ab7842-b778-4c79-a1bc-daf2ced9bbd1">
    </UnitTestResult>
    <UnitTestResult executionId="6e59c99b-6b04-44f7-ae4b-a3ab02ec0a3a" testId="6beb3a34-356e-6f1e-6b50-8d176c416598" testName="should_return_the_amount_of_money_the_user_currently_has" computerName="JUSTIN-LAPTOP" duration="00:00:00.0207750" startTime="2010-10-17T14:29:35.7233798-05:00" endTime="2010-10-17T14:29:35.7473812-05:00" testType="13cdc9d9-ddb5-4fa4-a97d-d965ccfc6d4b" outcome="Passed" testListId="8c84fa94-04c1-424b-9868-57a2d4851a1d" relativeResultsDirectory="6e59c99b-6b04-44f7-ae4b-a3ab02ec0a3a">
    </UnitTestResult>
    <UnitTestResult executionId="411e4ef3-50c3-4f2e-aba1-80bb6c0479d8" testId="6c066a85-168d-65f4-cc37-317318414373" testName="should_return_achievement_for_destroying_10000_zombie_packs" computerName="JUSTIN-LAPTOP" duration="00:00:00.0013955" startTime="2010-10-17T14:29:35.7493813-05:00" endTime="2010-10-17T14:29:35.7553816-05:00" testType="13cdc9d9-ddb5-4fa4-a97d-d965ccfc6d4b" outcome="Passed" testListId="8c84fa94-04c1-424b-9868-57a2d4851a1d" relativeResultsDirectory="411e4ef3-50c3-4f2e-aba1-80bb6c0479d8">
    </UnitTestResult>
    <UnitTestResult executionId="48a82e9a-ab71-4553-a53b-05a980276c18" testId="6d259f14-cf5c-860f-f3bc-07fb6a901208" testName="should_throw_error_if_user_already_exists" computerName="JUSTIN-LAPTOP" duration="00:00:00.0182039" startTime="2010-10-17T14:29:35.7563817-05:00" endTime="2010-10-17T14:29:35.7803830-05:00" testType="13cdc9d9-ddb5-4fa4-a97d-d965ccfc6d4b" outcome="Passed" testListId="8c84fa94-04c1-424b-9868-57a2d4851a1d" relativeResultsDirectory="48a82e9a-ab71-4553-a53b-05a980276c18">
    </UnitTestResult>
    <UnitTestResult executionId="e6e486ed-bbbc-484b-8d08-7b2662e354e4" testId="6d50870f-a5f5-48df-fa3a-fd929ac4d6d9" testName="should_update_users_energy_if_user_can_hunt" computerName="JUSTIN-LAPTOP" duration="00:00:00.0134584" startTime="2010-10-17T14:29:35.7813831-05:00" endTime="2010-10-17T14:29:35.7983841-05:00" testType="13cdc9d9-ddb5-4fa4-a97d-d965ccfc6d4b" outcome="Passed" testListId="8c84fa94-04c1-424b-9868-57a2d4851a1d" relativeResultsDirectory="e6e486ed-bbbc-484b-8d08-7b2662e354e4">
    </UnitTestResult>
    <UnitTestResult executionId="3008a5ef-2ac2-49a5-acd0-a46223d9b3ca" testId="6d677716-f4a3-32e4-d489-2827222e4b43" testName="should_return_achievement_for_killing_100_zombies" computerName="JUSTIN-LAPTOP" duration="00:00:00.0013898" startTime="2010-10-17T14:29:35.8003842-05:00" endTime="2010-10-17T14:29:35.8053845-05:00" testType="13cdc9d9-ddb5-4fa4-a97d-d965ccfc6d4b" outcome="Passed" testListId="8c84fa94-04c1-424b-9868-57a2d4851a1d" relativeResultsDirectory="3008a5ef-2ac2-49a5-acd0-a46223d9b3ca">
    </UnitTestResult>
    <UnitTestResult executionId="0ab2bb18-6e78-4869-a5b9-6441305bac81" testId="6d97d05d-3cb4-4245-56ca-8b9bbc35a993" testName="should_return_true_if_safe_house_has_item" computerName="JUSTIN-LAPTOP" duration="00:00:00.0272480" startTime="2010-10-17T14:29:35.8083846-05:00" endTime="2010-10-17T14:29:35.8403865-05:00" testType="13cdc9d9-ddb5-4fa4-a97d-d965ccfc6d4b" outcome="Passed" testListId="8c84fa94-04c1-424b-9868-57a2d4851a1d" relativeResultsDirectory="0ab2bb18-6e78-4869-a5b9-6441305bac81">
    </UnitTestResult>
    <UnitTestResult executionId="392c27f0-980d-49ab-b17e-d0b02b17a7e8" testId="6e5c9897-01e5-0ddc-270e-62065e9e22f7" testName="should_update_user_last_hotzone_location_after_successful_hunt" computerName="JUSTIN-LAPTOP" duration="00:00:00.0151247" startTime="2010-10-17T14:29:35.8413865-05:00" endTime="2010-10-17T14:29:35.8623877-05:00" testType="13cdc9d9-ddb5-4fa4-a97d-d965ccfc6d4b" outcome="Passed" testListId="8c84fa94-04c1-424b-9868-57a2d4851a1d" relativeResultsDirectory="392c27f0-980d-49ab-b17e-d0b02b17a7e8">
    </UnitTestResult>
    <UnitTestResult executionId="bb764af8-efe1-437b-b94f-6763f63fcdc8" testId="6ee3e612-4bf5-4b89-e2d7-9da260f06cb5" testName="should_throw_error_if_facebook_user_id_is_zero" computerName="JUSTIN-LAPTOP" duration="00:00:00.0035488" startTime="2010-10-17T14:29:35.8633878-05:00" endTime="2010-10-17T14:29:35.8713882-05:00" testType="13cdc9d9-ddb5-4fa4-a97d-d965ccfc6d4b" outcome="Passed" testListId="8c84fa94-04c1-424b-9868-57a2d4851a1d" relativeResultsDirectory="bb764af8-efe1-437b-b94f-6763f63fcdc8">
    </UnitTestResult>
    <UnitTestResult executionId="18e47bb9-d439-441f-87fa-9e34f279bdab" testId="6efd94c0-48f1-f3dc-5a7c-d483288ae14d" testName="should_retrieve_user_current_base_attack" computerName="JUSTIN-LAPTOP" duration="00:00:00.0223724" startTime="2010-10-17T14:29:35.8723883-05:00" endTime="2010-10-17T14:29:35.8993899-05:00" testType="13cdc9d9-ddb5-4fa4-a97d-d965ccfc6d4b" outcome="Passed" testListId="8c84fa94-04c1-424b-9868-57a2d4851a1d" relativeResultsDirectory="18e47bb9-d439-441f-87fa-9e34f279bdab">
    </UnitTestResult>
    <UnitTestResult executionId="ea45239c-9bbc-43cc-888d-8eeb0b23d1e3" testId="6f4679a3-c135-f19d-6bfb-2e441fc3cb12" testName="should_return_achievement_for_destroying_10_zombie_packs" computerName="JUSTIN-LAPTOP" duration="00:00:00.0015515" startTime="2010-10-17T14:29:35.9003899-05:00" endTime="2010-10-17T14:29:35.9073903-05:00" testType="13cdc9d9-ddb5-4fa4-a97d-d965ccfc6d4b" outcome="Passed" testListId="8c84fa94-04c1-424b-9868-57a2d4851a1d" relativeResultsDirectory="ea45239c-9bbc-43cc-888d-8eeb0b23d1e3">
    </UnitTestResult>
    <UnitTestResult executionId="0403d0d8-ccca-4433-82c5-34a3580807ec" testId="6f5b8bdf-f4f3-b0ac-2d17-1c769ba70ec7" testName="should_start_with_attack_power_of_1" computerName="JUSTIN-LAPTOP" duration="00:00:00.0042580" startTime="2010-10-17T14:29:35.9083904-05:00" endTime="2010-10-17T14:29:35.9173909-05:00" testType="13cdc9d9-ddb5-4fa4-a97d-d965ccfc6d4b" outcome="Passed" testListId="8c84fa94-04c1-424b-9868-57a2d4851a1d" relativeResultsDirectory="0403d0d8-ccca-4433-82c5-34a3580807ec">
    </UnitTestResult>
    <UnitTestResult executionId="8c7f4012-89b3-4284-83c3-e55012707314" testId="6f612bd1-261c-e125-ca8e-f3d31afd386b" testName="should_return_energy_along_with_any_energy_increase_from_buying_item_with_no_items_in_safehouse" computerName="JUSTIN-LAPTOP" duration="00:00:00.0062099" startTime="2010-10-17T14:29:35.9183909-05:00" endTime="2010-10-17T14:29:35.9293916-05:00" testType="13cdc9d9-ddb5-4fa4-a97d-d965ccfc6d4b" outcome="Passed" testListId="8c84fa94-04c1-424b-9868-57a2d4851a1d" relativeResultsDirectory="8c7f4012-89b3-4284-83c3-e55012707314">
    </UnitTestResult>
    <UnitTestResult executionId="4b05fd45-46b8-457c-921e-bc7dd922b240" testId="6fb9a1f1-9260-fa0f-3246-029c6bade6db" testName="should_return_zero_if_energy_is_null" computerName="JUSTIN-LAPTOP" duration="00:00:00.0267362" startTime="2010-10-17T14:29:35.9303916-05:00" endTime="2010-10-17T14:29:35.9613934-05:00" testType="13cdc9d9-ddb5-4fa4-a97d-d965ccfc6d4b" outcome="Passed" testListId="8c84fa94-04c1-424b-9868-57a2d4851a1d" relativeResultsDirectory="4b05fd45-46b8-457c-921e-bc7dd922b240">
    </UnitTestResult>
    <UnitTestResult executionId="5c3ef732-3a9e-4596-9f51-a5d1beed49b7" testId="6fc1d911-2aa7-09d2-3f37-8e698e0a0e1a" testName="should_disregard_hunt_if_zombie_pack_does_not_have_any_zombies" computerName="JUSTIN-LAPTOP" duration="00:00:00.0123117" startTime="2010-10-17T14:29:35.9633935-05:00" endTime="2010-10-17T14:29:35.9813945-05:00" testType="13cdc9d9-ddb5-4fa4-a97d-d965ccfc6d4b" outcome="Passed" testListId="8c84fa94-04c1-424b-9868-57a2d4851a1d" relativeResultsDirectory="5c3ef732-3a9e-4596-9f51-a5d1beed49b7">
    </UnitTestResult>
    <UnitTestResult executionId="f93626be-db88-4f99-8970-6f7052ab5d5d" testId="70a48ca4-778f-c05e-3b5d-4d1dd614ffe7" testName="should_truncate_seconds_and_milliseconds_from_times_that_are_being_used_for_calculating_energy" computerName="JUSTIN-LAPTOP" duration="00:00:00.0064389" startTime="2010-10-17T14:29:35.9853948-05:00" endTime="2010-10-17T14:29:35.9973955-05:00" testType="13cdc9d9-ddb5-4fa4-a97d-d965ccfc6d4b" outcome="Passed" testListId="8c84fa94-04c1-424b-9868-57a2d4851a1d" relativeResultsDirectory="f93626be-db88-4f99-8970-6f7052ab5d5d">
    </UnitTestResult>
    <UnitTestResult executionId="3eee4b24-03d2-4fe7-8fe7-42bf64ff2636" testId="7153296b-7930-7df3-3632-012c2eca18ad" testName="should_update_users_energy_based_on_distance_moved" computerName="JUSTIN-LAPTOP" duration="00:00:00.0090594" startTime="2010-10-17T14:29:35.9993956-05:00" endTime="2010-10-17T14:29:36.0133964-05:00" testType="13cdc9d9-ddb5-4fa4-a97d-d965ccfc6d4b" outcome="Passed" testListId="8c84fa94-04c1-424b-9868-57a2d4851a1d" relativeResultsDirectory="3eee4b24-03d2-4fe7-8fe7-42bf64ff2636">
    </UnitTestResult>
    <UnitTestResult executionId="1a5420fb-c8e9-44c9-8530-5421c01f3711" testId="7209dcdb-bb1a-d89a-c5cb-4180ad1a5427" testName="should_return_all_hot_zones" computerName="JUSTIN-LAPTOP" duration="00:00:00.0382144" startTime="2010-10-17T14:29:36.0153965-05:00" endTime="2010-10-17T14:29:36.0603991-05:00" testType="13cdc9d9-ddb5-4fa4-a97d-d965ccfc6d4b" outcome="Passed" testListId="8c84fa94-04c1-424b-9868-57a2d4851a1d" relativeResultsDirectory="1a5420fb-c8e9-44c9-8530-5421c01f3711">
    </UnitTestResult>
    <UnitTestResult executionId="4354bf69-a611-48f7-9792-68f436dfa0c4" testId="74c211d1-a8ea-e685-b3ae-006434becd54" testName="should_return_if_user_does_not_exist" computerName="JUSTIN-LAPTOP" duration="00:00:00.0034885" startTime="2010-10-17T14:29:36.0623992-05:00" endTime="2010-10-17T14:29:36.0703996-05:00" testType="13cdc9d9-ddb5-4fa4-a97d-d965ccfc6d4b" outcome="Passed" testListId="8c84fa94-04c1-424b-9868-57a2d4851a1d" relativeResultsDirectory="4354bf69-a611-48f7-9792-68f436dfa0c4">
    </UnitTestResult>
    <UnitTestResult executionId="c60028dd-a88b-46d5-985c-cad09a07b098" testId="75a342b2-ef01-e34d-c6b4-7a9dc15f6b1e" testName="should_not_hunt_if_user_is_not_at_zombie_pack_latitude" computerName="JUSTIN-LAPTOP" duration="00:00:00.0070767" startTime="2010-10-17T14:29:36.0743999-05:00" endTime="2010-10-17T14:29:36.0864005-05:00" testType="13cdc9d9-ddb5-4fa4-a97d-d965ccfc6d4b" outcome="Passed" testListId="8c84fa94-04c1-424b-9868-57a2d4851a1d" relativeResultsDirectory="c60028dd-a88b-46d5-985c-cad09a07b098">
    </UnitTestResult>
    <UnitTestResult executionId="a1a526f5-4fce-426b-9c6e-850db535f3fa" testId="7685b20a-de0b-8bc0-6c22-3a9d32aab4bd" testName="should_disregard_if_safe_house_does_not_exist" computerName="JUSTIN-LAPTOP" duration="00:00:00.0065353" startTime="2010-10-17T14:29:36.0884007-05:00" endTime="2010-10-17T14:29:36.0994013-05:00" testType="13cdc9d9-ddb5-4fa4-a97d-d965ccfc6d4b" outcome="Passed" testListId="8c84fa94-04c1-424b-9868-57a2d4851a1d" relativeResultsDirectory="a1a526f5-4fce-426b-9c6e-850db535f3fa">
    </UnitTestResult>
    <UnitTestResult executionId="dde290fe-cb07-4d53-8917-86f365518867" testId="783f6a3b-54fe-a923-8c75-e72b281f150f" testName="should_set_base_line_for_users_max_potential_if_last_hotzone_visited_does_not_equal_the_hotzone_for_the_current_zombie_pack" computerName="JUSTIN-LAPTOP" duration="00:00:00.0150424" startTime="2010-10-17T14:29:36.1004013-05:00" endTime="2010-10-17T14:29:36.1194024-05:00" testType="13cdc9d9-ddb5-4fa4-a97d-d965ccfc6d4b" outcome="Passed" testListId="8c84fa94-04c1-424b-9868-57a2d4851a1d" relativeResultsDirectory="dde290fe-cb07-4d53-8917-86f365518867">
    </UnitTestResult>
    <UnitTestResult executionId="43e236bb-8c30-4a66-b228-43a35be1b62b" testId="799c0d6a-4d65-290e-a185-a723c64e9bd5" testName="should_decrement_the_zombies_left_in_a_zombie_pack_after_a_hunt" computerName="JUSTIN-LAPTOP" duration="00:00:00.0130856" startTime="2010-10-17T14:29:36.1204025-05:00" endTime="2010-10-17T14:29:36.1384035-05:00" testType="13cdc9d9-ddb5-4fa4-a97d-d965ccfc6d4b" outcome="Passed" testListId="8c84fa94-04c1-424b-9868-57a2d4851a1d" relativeResultsDirectory="43e236bb-8c30-4a66-b228-43a35be1b62b">
    </UnitTestResult>
    <UnitTestResult executionId="692ee72e-a696-401c-955b-3d497663ce49" testId="79f08418-c51b-ec01-a3f0-aeabf52599fa" testName="should_destroy_zombie_pack_if_users_attack_power_exceeds_the_number_of_zombies" computerName="JUSTIN-LAPTOP" duration="00:00:00.0128887" startTime="2010-10-17T14:29:36.1394036-05:00" endTime="2010-10-17T14:29:36.1574046-05:00" testType="13cdc9d9-ddb5-4fa4-a97d-d965ccfc6d4b" outcome="Passed" testListId="8c84fa94-04c1-424b-9868-57a2d4851a1d" relativeResultsDirectory="692ee72e-a696-401c-955b-3d497663ce49">
    </UnitTestResult>
    <UnitTestResult executionId="dbbb318a-ac53-468b-ad08-3a9430f31f18" testId="7a4bb2ce-d62d-4561-dc89-28a6c8155af3" testName="should_set_energy_to_zero_if_item_energy_plus_user_energy_is_negative" computerName="JUSTIN-LAPTOP" duration="00:00:00.0100279" startTime="2010-10-17T14:29:36.1584047-05:00" endTime="2010-10-17T14:29:36.1734055-05:00" testType="13cdc9d9-ddb5-4fa4-a97d-d965ccfc6d4b" outcome="Passed" testListId="8c84fa94-04c1-424b-9868-57a2d4851a1d" relativeResultsDirectory="dbbb318a-ac53-468b-ad08-3a9430f31f18">
    </UnitTestResult>
    <UnitTestResult executionId="77c8921a-ebd7-430c-999e-21d8c15a5bab" testId="7acb1219-a69e-e102-dd8e-4060793e7b6e" testName="should_throw_exception_when_returning_baseline_attack_power_for_user_that_doesnt_exist" computerName="JUSTIN-LAPTOP" duration="00:00:00.0210935" startTime="2010-10-17T14:29:36.1754056-05:00" endTime="2010-10-17T14:29:36.2014071-05:00" testType="13cdc9d9-ddb5-4fa4-a97d-d965ccfc6d4b" outcome="Passed" testListId="8c84fa94-04c1-424b-9868-57a2d4851a1d" relativeResultsDirectory="77c8921a-ebd7-430c-999e-21d8c15a5bab">
    </UnitTestResult>
    <UnitTestResult executionId="cc5c8472-8cc4-404d-a77a-6586cef4c9a4" testId="7b6f7aba-399c-6729-f243-4ff68995d88e" testName="should_return_achievement_for_traveling_100_miles" computerName="JUSTIN-LAPTOP" duration="00:00:00.0018234" startTime="2010-10-17T14:29:36.2014071-05:00" endTime="2010-10-17T14:29:36.2084075-05:00" testType="13cdc9d9-ddb5-4fa4-a97d-d965ccfc6d4b" outcome="Passed" testListId="8c84fa94-04c1-424b-9868-57a2d4851a1d" relativeResultsDirectory="cc5c8472-8cc4-404d-a77a-6586cef4c9a4">
    </UnitTestResult>
    <UnitTestResult executionId="324d4c13-fe3e-4898-9f6c-992c050dad76" testId="7b96fc08-5095-7079-15b5-f39e447dbf49" testName="should_return_max_energy_for_user_if_user_exists_but_last_saved_energy_does_not_exist" computerName="JUSTIN-LAPTOP" duration="00:00:00.0049963" startTime="2010-10-17T14:29:36.2104076-05:00" endTime="2010-10-17T14:29:36.2194082-05:00" testType="13cdc9d9-ddb5-4fa4-a97d-d965ccfc6d4b" outcome="Passed" testListId="8c84fa94-04c1-424b-9868-57a2d4851a1d" relativeResultsDirectory="324d4c13-fe3e-4898-9f6c-992c050dad76">
    </UnitTestResult>
    <UnitTestResult executionId="d0436969-1672-423d-9152-8872d20af47a" testId="7bf1b32b-b544-1d63-7f85-8cb3721cb13c" testName="should_disregard_if_user_has_more_than_the_allowed_amount_of_items" computerName="JUSTIN-LAPTOP" duration="00:00:00.0084649" startTime="2010-10-17T14:29:36.2214083-05:00" endTime="2010-10-17T14:29:36.2344090-05:00" testType="13cdc9d9-ddb5-4fa4-a97d-d965ccfc6d4b" outcome="Passed" testListId="8c84fa94-04c1-424b-9868-57a2d4851a1d" relativeResultsDirectory="d0436969-1672-423d-9152-8872d20af47a">
    </UnitTestResult>
    <UnitTestResult executionId="a85397be-2644-4ba0-8304-75e5ab73470f" testId="7c057236-5b5f-451c-5800-6e05c196b383" testName="should_disregard_if_item_does_not_exist" computerName="JUSTIN-LAPTOP" duration="00:00:00.0073871" startTime="2010-10-17T14:29:36.2354091-05:00" endTime="2010-10-17T14:29:36.2474098-05:00" testType="13cdc9d9-ddb5-4fa4-a97d-d965ccfc6d4b" outcome="Passed" testListId="8c84fa94-04c1-424b-9868-57a2d4851a1d" relativeResultsDirectory="a85397be-2644-4ba0-8304-75e5ab73470f">
    </UnitTestResult>
    <UnitTestResult executionId="91f724c4-c6de-4edf-999d-1bf9a96f7721" testId="7c9fa0fb-7cf0-12c6-f8da-d4fb82dffc47" testName="should_throw_error_if_trying_to_update_user_attack_power_and_user_does_not_exist" computerName="JUSTIN-LAPTOP" duration="00:00:00.0213590" startTime="2010-10-17T14:29:36.2484098-05:00" endTime="2010-10-17T14:29:36.2744113-05:00" testType="13cdc9d9-ddb5-4fa4-a97d-d965ccfc6d4b" outcome="Passed" testListId="8c84fa94-04c1-424b-9868-57a2d4851a1d" relativeResultsDirectory="91f724c4-c6de-4edf-999d-1bf9a96f7721">
    </UnitTestResult>
    <UnitTestResult executionId="dcc0d8e3-09ff-4e1c-ab22-86b7ce018959" testId="7d2305d4-075e-49ce-735b-3ccd549f53b8" testName="should_update_existing_zombie_pack_progress" computerName="JUSTIN-LAPTOP" duration="00:00:00.0161928" startTime="2010-10-17T14:29:36.2754114-05:00" endTime="2010-10-17T14:29:36.2964126-05:00" testType="13cdc9d9-ddb5-4fa4-a97d-d965ccfc6d4b" outcome="Passed" testListId="8c84fa94-04c1-424b-9868-57a2d4851a1d" relativeResultsDirectory="dcc0d8e3-09ff-4e1c-ab22-86b7ce018959">
    </UnitTestResult>
    <UnitTestResult executionId="f64198eb-8677-4562-b2f9-c4b24a077b2b" testId="7d282b5a-4c68-651b-2ed3-0d406222883a" testName="should_disregard_if_user_does_not_exist" computerName="JUSTIN-LAPTOP" duration="00:00:00.0036153" startTime="2010-10-17T14:29:36.2974126-05:00" endTime="2010-10-17T14:29:36.3044130-05:00" testType="13cdc9d9-ddb5-4fa4-a97d-d965ccfc6d4b" outcome="Passed" testListId="8c84fa94-04c1-424b-9868-57a2d4851a1d" relativeResultsDirectory="f64198eb-8677-4562-b2f9-c4b24a077b2b">
    </UnitTestResult>
    <UnitTestResult executionId="27b756fc-3b87-4fd2-b9de-0b6fa3e57e98" testId="7d9357cd-185a-7a7d-46d5-6e0825f094b5" testName="should_save_item_in_safe_house_inventory_and_remove_from_user_inventory" computerName="JUSTIN-LAPTOP" duration="00:00:00.0147819" startTime="2010-10-17T14:29:36.3064131-05:00" endTime="2010-10-17T14:29:36.3264143-05:00" testType="13cdc9d9-ddb5-4fa4-a97d-d965ccfc6d4b" outcome="Passed" testListId="8c84fa94-04c1-424b-9868-57a2d4851a1d" relativeResultsDirectory="27b756fc-3b87-4fd2-b9de-0b6fa3e57e98">
    </UnitTestResult>
    <UnitTestResult executionId="e146ae70-d094-4ce7-8d81-d8f4594830bb" testId="7e4ecb77-6a2d-3a8f-0c42-71f8df3a6f64" testName="should_return_true_if_user_exists" computerName="JUSTIN-LAPTOP" duration="00:00:00.0288077" startTime="2010-10-17T14:29:36.3274143-05:00" endTime="2010-10-17T14:29:36.3614163-05:00" testType="13cdc9d9-ddb5-4fa4-a97d-d965ccfc6d4b" outcome="Passed" testListId="8c84fa94-04c1-424b-9868-57a2d4851a1d" relativeResultsDirectory="e146ae70-d094-4ce7-8d81-d8f4594830bb">
    </UnitTestResult>
    <UnitTestResult executionId="1fcb366d-db00-4104-a1fe-c64d66fd54c8" testId="7e9e7b54-d658-a1a5-ce5b-efa2cb03052c" testName="should_return_baseline_energy_for_user_that_exists" computerName="JUSTIN-LAPTOP" duration="00:00:00.0197324" startTime="2010-10-17T14:29:36.3624163-05:00" endTime="2010-10-17T14:29:36.3874178-05:00" testType="13cdc9d9-ddb5-4fa4-a97d-d965ccfc6d4b" outcome="Passed" testListId="8c84fa94-04c1-424b-9868-57a2d4851a1d" relativeResultsDirectory="1fcb366d-db00-4104-a1fe-c64d66fd54c8">
    </UnitTestResult>
    <UnitTestResult executionId="5a1d4bf1-2c51-402c-aaa1-8ed9696c03e9" testId="809902e6-5c64-c35c-89c5-d13cd243728a" testName="should_return_achievement_for_killing_1000_zombies" computerName="JUSTIN-LAPTOP" duration="00:00:00.0020252" startTime="2010-10-17T14:29:36.3894179-05:00" endTime="2010-10-17T14:29:36.3964183-05:00" testType="13cdc9d9-ddb5-4fa4-a97d-d965ccfc6d4b" outcome="Passed" testListId="8c84fa94-04c1-424b-9868-57a2d4851a1d" relativeResultsDirectory="5a1d4bf1-2c51-402c-aaa1-8ed9696c03e9">
    </UnitTestResult>
    <UnitTestResult executionId="9e0f521c-6513-4422-815a-b8d97672385b" testId="8139f5f3-bee3-cd07-2820-fcf4f70f9ff0" testName="should_return_peak_attack" computerName="JUSTIN-LAPTOP" duration="00:00:00.0144476" startTime="2010-10-17T14:29:36.3984184-05:00" endTime="2010-10-17T14:29:36.4184195-05:00" testType="13cdc9d9-ddb5-4fa4-a97d-d965ccfc6d4b" outcome="Passed" testListId="8c84fa94-04c1-424b-9868-57a2d4851a1d" relativeResultsDirectory="9e0f521c-6513-4422-815a-b8d97672385b">
    </UnitTestResult>
    <UnitTestResult executionId="4071de2c-7284-409a-b097-8b5c5946951d" testId="81cb2920-61d9-e3df-f3bf-c3ed245e0ab0" testName="should_disregard_if_user_does_not_exist" computerName="JUSTIN-LAPTOP" duration="00:00:00.0069243" startTime="2010-10-17T14:29:36.4204197-05:00" endTime="2010-10-17T14:29:36.4344205-05:00" testType="13cdc9d9-ddb5-4fa4-a97d-d965ccfc6d4b" outcome="Passed" testListId="8c84fa94-04c1-424b-9868-57a2d4851a1d" relativeResultsDirectory="4071de2c-7284-409a-b097-8b5c5946951d">
    </UnitTestResult>
    <UnitTestResult executionId="251c05e2-7b3c-434b-8b8a-07a363914968" testId="83224f41-33be-cb5a-8243-f1cbb7067a6d" testName="should_return_null_for_last_saved_energy_if_user_does_not_exist" computerName="JUSTIN-LAPTOP" duration="00:00:00.0298422" startTime="2010-10-17T14:29:36.4354205-05:00" endTime="2010-10-17T14:29:36.4704225-05:00" testType="13cdc9d9-ddb5-4fa4-a97d-d965ccfc6d4b" outcome="Passed" testListId="8c84fa94-04c1-424b-9868-57a2d4851a1d" relativeResultsDirectory="251c05e2-7b3c-434b-8b8a-07a363914968">
    </UnitTestResult>
    <UnitTestResult executionId="a0ec6171-42fe-4332-9ca0-d94d08c649d1" testId="847097ef-3573-f329-f9db-f7704607c613" testName="should_return_achievement_for_traveling_100000_miles" computerName="JUSTIN-LAPTOP" duration="00:00:00.0013218" startTime="2010-10-17T14:29:36.4714226-05:00" endTime="2010-10-17T14:29:36.4784230-05:00" testType="13cdc9d9-ddb5-4fa4-a97d-d965ccfc6d4b" outcome="Passed" testListId="8c84fa94-04c1-424b-9868-57a2d4851a1d" relativeResultsDirectory="a0ec6171-42fe-4332-9ca0-d94d08c649d1">
    </UnitTestResult>
    <UnitTestResult executionId="866ade86-6d20-429c-ad49-cd4ee2483445" testId="8522a95f-e160-dcf6-186a-2eac6493fad8" testName="should_disregard_if_safe_house_does_not_have_item" computerName="JUSTIN-LAPTOP" duration="00:00:00.0121261" startTime="2010-10-17T14:29:36.4804231-05:00" endTime="2010-10-17T14:29:36.4974241-05:00" testType="13cdc9d9-ddb5-4fa4-a97d-d965ccfc6d4b" outcome="Passed" testListId="8c84fa94-04c1-424b-9868-57a2d4851a1d" relativeResultsDirectory="866ade86-6d20-429c-ad49-cd4ee2483445">
    </UnitTestResult>
    <UnitTestResult executionId="36450dbc-d152-4eb4-9849-63dee3f09e55" testId="8538b685-e301-b4f2-f6ec-7abb74e1fb4b" testName="should_return_accumulated_money" computerName="JUSTIN-LAPTOP" duration="00:00:00.0118517" startTime="2010-10-17T14:29:36.4984241-05:00" endTime="2010-10-17T14:29:36.5144250-05:00" testType="13cdc9d9-ddb5-4fa4-a97d-d965ccfc6d4b" outcome="Passed" testListId="8c84fa94-04c1-424b-9868-57a2d4851a1d" relativeResultsDirectory="36450dbc-d152-4eb4-9849-63dee3f09e55">
    </UnitTestResult>
    <UnitTestResult executionId="dd9086ff-12b3-47c4-86aa-90c5aaf1e4b8" testId="86374614-7da2-d70a-a3e6-d86ececa0915" testName="when_checking_user_level_and_zombie_kills_to_update_attributes_should_return_if_user_does_not_exist" computerName="JUSTIN-LAPTOP" duration="00:00:00.0069531" startTime="2010-10-17T14:29:36.5164251-05:00" endTime="2010-10-17T14:29:36.5294259-05:00" testType="13cdc9d9-ddb5-4fa4-a97d-d965ccfc6d4b" outcome="Passed" testListId="8c84fa94-04c1-424b-9868-57a2d4851a1d" relativeResultsDirectory="dd9086ff-12b3-47c4-86aa-90c5aaf1e4b8">
    </UnitTestResult>
    <UnitTestResult executionId="d07163de-4ac1-4265-94dc-c1837df191b1" testId="86693507-7b03-3b4f-52d7-489bc76e87d4" testName="should_return_energy_along_with_any_energy_increase_from_buying_many_of_the_same_item_with_no_items_in_safehouse" computerName="JUSTIN-LAPTOP" duration="00:00:00.0065138" startTime="2010-10-17T14:29:36.5304259-05:00" endTime="2010-10-17T14:29:36.5414266-05:00" testType="13cdc9d9-ddb5-4fa4-a97d-d965ccfc6d4b" outcome="Passed" testListId="8c84fa94-04c1-424b-9868-57a2d4851a1d" relativeResultsDirectory="d07163de-4ac1-4265-94dc-c1837df191b1">
    </UnitTestResult>
    <UnitTestResult executionId="131b366c-1581-4544-bb94-283238b48cd1" testId="890ef093-5e72-8ed9-1c1c-1c73a74ec8fc" testName="should_set_user_current_base_attack" computerName="JUSTIN-LAPTOP" duration="00:00:00.0247924" startTime="2010-10-17T14:29:36.5434267-05:00" endTime="2010-10-17T14:29:36.5734284-05:00" testType="13cdc9d9-ddb5-4fa4-a97d-d965ccfc6d4b" outcome="Passed" testListId="8c84fa94-04c1-424b-9868-57a2d4851a1d" relativeResultsDirectory="131b366c-1581-4544-bb94-283238b48cd1">
    </UnitTestResult>
    <UnitTestResult executionId="3db79b1b-a63e-458c-9376-c548b2588d12" testId="8ca88260-b717-95ca-37eb-ce8b3138fe45" testName="should_update_last_visited_hotzone_for_user" computerName="JUSTIN-LAPTOP" duration="00:00:00.0268894" startTime="2010-10-17T14:29:36.5764286-05:00" endTime="2010-10-17T14:29:36.6074303-05:00" testType="13cdc9d9-ddb5-4fa4-a97d-d965ccfc6d4b" outcome="Passed" testListId="8c84fa94-04c1-424b-9868-57a2d4851a1d" relativeResultsDirectory="3db79b1b-a63e-458c-9376-c548b2588d12">
    </UnitTestResult>
    <UnitTestResult executionId="dccec12d-14c1-4006-9c85-9dd152f39cca" testId="8cca1161-4d2c-f0a6-91e9-079cbe2f9201" testName="should_return_achievement_for_destroying_100_zombie_packs" computerName="JUSTIN-LAPTOP" duration="00:00:00.0013343" startTime="2010-10-17T14:29:36.6114306-05:00" endTime="2010-10-17T14:29:36.6174309-05:00" testType="13cdc9d9-ddb5-4fa4-a97d-d965ccfc6d4b" outcome="Passed" testListId="8c84fa94-04c1-424b-9868-57a2d4851a1d" relativeResultsDirectory="dccec12d-14c1-4006-9c85-9dd152f39cca">
    </UnitTestResult>
    <UnitTestResult executionId="c4b7b866-4789-4d67-9642-87051df0f570" testId="8d764dc0-19cc-25ef-1223-85c01764c701" testName="should_return_achievement_for_killing_1000000_zombies" computerName="JUSTIN-LAPTOP" duration="00:00:00.0019547" startTime="2010-10-17T14:29:36.6204311-05:00" endTime="2010-10-17T14:29:36.6264314-05:00" testType="13cdc9d9-ddb5-4fa4-a97d-d965ccfc6d4b" outcome="Passed" testListId="8c84fa94-04c1-424b-9868-57a2d4851a1d" relativeResultsDirectory="c4b7b866-4789-4d67-9642-87051df0f570">
    </UnitTestResult>
    <UnitTestResult executionId="7e1a353a-5c49-4eab-95f7-21ca380036eb" testId="8f46b492-6eff-ef62-7327-4eb38c11c2ef" testName="should_calculate_southern_point" computerName="JUSTIN-LAPTOP" duration="00:00:00.0004566" startTime="2010-10-17T14:29:36.6274315-05:00" endTime="2010-10-17T14:29:36.6364320-05:00" testType="13cdc9d9-ddb5-4fa4-a97d-d965ccfc6d4b" outcome="Passed" testListId="8c84fa94-04c1-424b-9868-57a2d4851a1d" relativeResultsDirectory="7e1a353a-5c49-4eab-95f7-21ca380036eb">
    </UnitTestResult>
    <UnitTestResult executionId="80a216aa-83dc-4ba3-b819-1b2875440ace" testId="9091ae17-a6a8-ad22-153b-b3d1f20f3512" testName="should_return_base_sight_radius_plus_any_equiped_items_that_affect_sight_radius" computerName="JUSTIN-LAPTOP" duration="00:00:00.0066783" startTime="2010-10-17T14:29:36.6374321-05:00" endTime="2010-10-17T14:29:36.6494328-05:00" testType="13cdc9d9-ddb5-4fa4-a97d-d965ccfc6d4b" outcome="Passed" testListId="8c84fa94-04c1-424b-9868-57a2d4851a1d" relativeResultsDirectory="80a216aa-83dc-4ba3-b819-1b2875440ace">
    </UnitTestResult>
    <UnitTestResult executionId="de9d31be-acfb-4f11-bce2-c47bb906ed95" testId="948eaf49-3d62-1046-def5-d76ed8415a60" testName="should_retrieve_all_safe_houses_within_radius" computerName="JUSTIN-LAPTOP" duration="00:00:00.0535733" startTime="2010-10-17T14:29:36.6544330-05:00" endTime="2010-10-17T14:29:36.7124364-05:00" testType="13cdc9d9-ddb5-4fa4-a97d-d965ccfc6d4b" outcome="Passed" testListId="8c84fa94-04c1-424b-9868-57a2d4851a1d" relativeResultsDirectory="de9d31be-acfb-4f11-bce2-c47bb906ed95">
    </UnitTestResult>
    <UnitTestResult executionId="07bf1d5e-e703-4071-bf17-cc252ec036a3" testId="95004e80-f255-f931-0117-595d4516dea1" testName="should_return_zombie_packs_destroyed" computerName="JUSTIN-LAPTOP" duration="00:00:00.0154728" startTime="2010-10-17T14:29:36.7134364-05:00" endTime="2010-10-17T14:29:36.7334376-05:00" testType="13cdc9d9-ddb5-4fa4-a97d-d965ccfc6d4b" outcome="Passed" testListId="8c84fa94-04c1-424b-9868-57a2d4851a1d" relativeResultsDirectory="07bf1d5e-e703-4071-bf17-cc252ec036a3">
    </UnitTestResult>
    <UnitTestResult executionId="d7fabefe-8281-44f5-a41e-320571a8e35c" testId="95252275-5d7e-5275-9816-a53a17373eae" testName="should_return_calcuated_sight_radius_for_user_based_on_minutes_passed_since_last_saved_sight_radius" computerName="JUSTIN-LAPTOP" duration="00:00:00.0063311" startTime="2010-10-17T14:29:36.7344376-05:00" endTime="2010-10-17T14:29:36.7454382-05:00" testType="13cdc9d9-ddb5-4fa4-a97d-d965ccfc6d4b" outcome="Passed" testListId="8c84fa94-04c1-424b-9868-57a2d4851a1d" relativeResultsDirectory="d7fabefe-8281-44f5-a41e-320571a8e35c">
    </UnitTestResult>
    <UnitTestResult executionId="67d5bfa0-09f5-4b5c-9aa0-c55380cb8675" testId="95c19639-802d-b1a1-d6b5-8e055a02797d" testName="should_return_achievement_for_killing_10000_zombies" computerName="JUSTIN-LAPTOP" duration="00:00:00.0013935" startTime="2010-10-17T14:29:36.7464383-05:00" endTime="2010-10-17T14:29:36.7534387-05:00" testType="13cdc9d9-ddb5-4fa4-a97d-d965ccfc6d4b" outcome="Passed" testListId="8c84fa94-04c1-424b-9868-57a2d4851a1d" relativeResultsDirectory="67d5bfa0-09f5-4b5c-9aa0-c55380cb8675">
    </UnitTestResult>
    <UnitTestResult executionId="f772ddc1-e46e-4bed-ac7e-56bf23601f84" testId="95fac6cd-cd0a-1020-088f-f907c1eb2032" testName="should_set_base_line_for_users_max_potential_if_last_hotzone_visited_is_null" computerName="JUSTIN-LAPTOP" duration="00:00:00.0126857" startTime="2010-10-17T14:29:36.7544388-05:00" endTime="2010-10-17T14:29:36.7734398-05:00" testType="13cdc9d9-ddb5-4fa4-a97d-d965ccfc6d4b" outcome="Passed" testListId="8c84fa94-04c1-424b-9868-57a2d4851a1d" relativeResultsDirectory="f772ddc1-e46e-4bed-ac7e-56bf23601f84">
    </UnitTestResult>
    <UnitTestResult executionId="32f99461-a4c5-4480-ada5-fe625149ccab" testId="9654d44e-cffe-084f-c793-37a48f54fd16" testName="should_retrieve_safe_houses_associated_with_hotzone" computerName="JUSTIN-LAPTOP" duration="00:00:00.0270024" startTime="2010-10-17T14:29:36.7744399-05:00" endTime="2010-10-17T14:29:36.8064417-05:00" testType="13cdc9d9-ddb5-4fa4-a97d-d965ccfc6d4b" outcome="Passed" testListId="8c84fa94-04c1-424b-9868-57a2d4851a1d" relativeResultsDirectory="32f99461-a4c5-4480-ada5-fe625149ccab">
    </UnitTestResult>
    <UnitTestResult executionId="f73a0e7b-d2f8-462a-ad33-edef5dd705ba" testId="9829ccd4-7897-563f-fa8f-058ccd4d2394" testName="should_return_null_if_user_does_not_exist" computerName="JUSTIN-LAPTOP" duration="00:00:00.0191452" startTime="2010-10-17T14:29:36.8084418-05:00" endTime="2010-10-17T14:29:36.8314432-05:00" testType="13cdc9d9-ddb5-4fa4-a97d-d965ccfc6d4b" outcome="Passed" testListId="8c84fa94-04c1-424b-9868-57a2d4851a1d" relativeResultsDirectory="f73a0e7b-d2f8-462a-ad33-edef5dd705ba">
    </UnitTestResult>
    <UnitTestResult executionId="4ef5c1f5-b844-4123-8e84-ab07eda9c9f0" testId="986c501e-f914-4dd0-53c3-b0c1bdfdf5be" testName="should_return_true_if_hotzone_exists" computerName="JUSTIN-LAPTOP" duration="00:00:00.0334563" startTime="2010-10-17T14:29:36.8334433-05:00" endTime="2010-10-17T14:29:36.8714454-05:00" testType="13cdc9d9-ddb5-4fa4-a97d-d965ccfc6d4b" outcome="Passed" testListId="8c84fa94-04c1-424b-9868-57a2d4851a1d" relativeResultsDirectory="4ef5c1f5-b844-4123-8e84-ab07eda9c9f0">
    </UnitTestResult>
    <UnitTestResult executionId="ef15ef59-560b-427d-8396-7e189944e30d" testId="99355754-b969-f315-3b5a-88e1622f783a" testName="should_set_last_energy_date_to_datetimenow_if_its_null_but_last_energy_isnt" computerName="JUSTIN-LAPTOP" duration="00:00:00.0339373" startTime="2010-10-17T14:29:36.8734456-05:00" endTime="2010-10-17T14:29:36.9114477-05:00" testType="13cdc9d9-ddb5-4fa4-a97d-d965ccfc6d4b" outcome="Passed" testListId="8c84fa94-04c1-424b-9868-57a2d4851a1d" relativeResultsDirectory="ef15ef59-560b-427d-8396-7e189944e30d">
    </UnitTestResult>
    <UnitTestResult executionId="b8cfa996-a033-48b3-b47e-0224dc82a842" testId="99d5bdbd-2ac1-c2dd-bd8e-ff998f163943" testName="should_disregard_creation_if_user_already_exists_for_facebookId" computerName="JUSTIN-LAPTOP" duration="00:00:00.0057232" startTime="2010-10-17T14:29:36.9124478-05:00" endTime="2010-10-17T14:29:36.9234484-05:00" testType="13cdc9d9-ddb5-4fa4-a97d-d965ccfc6d4b" outcome="Passed" testListId="8c84fa94-04c1-424b-9868-57a2d4851a1d" relativeResultsDirectory="b8cfa996-a033-48b3-b47e-0224dc82a842">
    </UnitTestResult>
    <UnitTestResult executionId="1fd59768-fd96-4292-ad72-4824c4ebdb0e" testId="9a78eead-dd54-3b88-317e-c7ec25cf0f93" testName="should_throw_error_if_trying_update_user_level_and_user_does_not_exist" computerName="JUSTIN-LAPTOP" duration="00:00:00.0209282" startTime="2010-10-17T14:29:36.9244485-05:00" endTime="2010-10-17T14:29:36.9504500-05:00" testType="13cdc9d9-ddb5-4fa4-a97d-d965ccfc6d4b" outcome="Passed" testListId="8c84fa94-04c1-424b-9868-57a2d4851a1d" relativeResultsDirectory="1fd59768-fd96-4292-ad72-4824c4ebdb0e">
    </UnitTestResult>
    <UnitTestResult executionId="60f9b49f-f3ec-42e1-8d62-4703d365f244" testId="9a7f21c9-61b5-30cc-38aa-34a79b6a0201" testName="should_take_into_consideration_equipped_items_when_determining_max_energy" computerName="JUSTIN-LAPTOP" duration="00:00:00.0092656" startTime="2010-10-17T14:29:36.9514500-05:00" endTime="2010-10-17T14:29:36.9654508-05:00" testType="13cdc9d9-ddb5-4fa4-a97d-d965ccfc6d4b" outcome="Passed" testListId="8c84fa94-04c1-424b-9868-57a2d4851a1d" relativeResultsDirectory="60f9b49f-f3ec-42e1-8d62-4703d365f244">
    </UnitTestResult>
    <UnitTestResult executionId="2c1b09ab-20f9-4f29-af3f-18cc82531499" testId="9c6c437e-182b-5735-6616-67dd466d97ca" testName="should_return_if_item_is_not_one_time_use_item" computerName="JUSTIN-LAPTOP" duration="00:00:00.0071524" startTime="2010-10-17T14:29:36.9684510-05:00" endTime="2010-10-17T14:29:36.9814517-05:00" testType="13cdc9d9-ddb5-4fa4-a97d-d965ccfc6d4b" outcome="Passed" testListId="8c84fa94-04c1-424b-9868-57a2d4851a1d" relativeResultsDirectory="2c1b09ab-20f9-4f29-af3f-18cc82531499">
    </UnitTestResult>
    <UnitTestResult executionId="70ece60c-fdc1-4b6d-a3ef-979f888a1693" testId="9d65c075-cd74-d595-76f3-d465e66be801" testName="should_return_true_if_item_does_exist" computerName="JUSTIN-LAPTOP" duration="00:00:00.0309148" startTime="2010-10-17T14:29:36.9834519-05:00" endTime="2010-10-17T14:29:37.0194539-05:00" testType="13cdc9d9-ddb5-4fa4-a97d-d965ccfc6d4b" outcome="Passed" testListId="8c84fa94-04c1-424b-9868-57a2d4851a1d" relativeResultsDirectory="70ece60c-fdc1-4b6d-a3ef-979f888a1693">
    </UnitTestResult>
    <UnitTestResult executionId="2fda5c7f-a624-4f06-9c47-f3d9229d1ef7" testId="9d81df93-5250-1a02-c112-738e62d8d757" testName="should_return_null_if_zombie_pack_does_not_exist" computerName="JUSTIN-LAPTOP" duration="00:00:00.0226775" startTime="2010-10-17T14:29:37.0244542-05:00" endTime="2010-10-17T14:29:37.0514557-05:00" testType="13cdc9d9-ddb5-4fa4-a97d-d965ccfc6d4b" outcome="Passed" testListId="8c84fa94-04c1-424b-9868-57a2d4851a1d" relativeResultsDirectory="2fda5c7f-a624-4f06-9c47-f3d9229d1ef7">
    </UnitTestResult>
    <UnitTestResult executionId="f7fa0b5e-f2f1-466a-8cf8-4c989aa5abff" testId="9dde4be1-7360-a906-9538-025b609b4796" testName="should_set_last_sight_radius_date_to_datetimenow_if_its_null_but_last_sight_radius_isnt" computerName="JUSTIN-LAPTOP" duration="00:00:00.0277958" startTime="2010-10-17T14:29:37.0554560-05:00" endTime="2010-10-17T14:29:37.0934581-05:00" testType="13cdc9d9-ddb5-4fa4-a97d-d965ccfc6d4b" outcome="Passed" testListId="8c84fa94-04c1-424b-9868-57a2d4851a1d" relativeResultsDirectory="f7fa0b5e-f2f1-466a-8cf8-4c989aa5abff">
    </UnitTestResult>
    <UnitTestResult executionId="2a88ba93-8c1f-4768-95dc-08c606f277b5" testId="9e0a45ef-94e7-5d2e-296e-d43084cdb72d" testName="should_set_energy_to_100_for_user_who_exists_but_does_not_have_a_max_energy_value" computerName="JUSTIN-LAPTOP" duration="00:00:00.0102791" startTime="2010-10-17T14:29:37.1014586-05:00" endTime="2010-10-17T14:29:37.1164595-05:00" testType="13cdc9d9-ddb5-4fa4-a97d-d965ccfc6d4b" outcome="Passed" testListId="8c84fa94-04c1-424b-9868-57a2d4851a1d" relativeResultsDirectory="2a88ba93-8c1f-4768-95dc-08c606f277b5">
    </UnitTestResult>
    <UnitTestResult executionId="d82c67e0-c12a-44e6-b947-664a291995e6" testId="9e682854-c61c-e4ee-d65c-e57b13656d39" testName="should_not_hunt_if_zombie_pack_doesnt_exist" computerName="JUSTIN-LAPTOP" duration="00:00:00.0043714" startTime="2010-10-17T14:29:37.1194596-05:00" endTime="2010-10-17T14:29:37.1344605-05:00" testType="13cdc9d9-ddb5-4fa4-a97d-d965ccfc6d4b" outcome="Passed" testListId="8c84fa94-04c1-424b-9868-57a2d4851a1d" relativeResultsDirectory="d82c67e0-c12a-44e6-b947-664a291995e6">
    </UnitTestResult>
    <UnitTestResult executionId="d3054d05-86f3-4332-9f6c-2b7136204404" testId="9f145708-6c3c-b063-e40e-7d892e8c9ec8" testName="should_return_null_if_single_hotzone_doesnt_exist" computerName="JUSTIN-LAPTOP" duration="00:00:00.0343632" startTime="2010-10-17T14:29:37.1404608-05:00" endTime="2010-10-17T14:29:37.1794631-05:00" testType="13cdc9d9-ddb5-4fa4-a97d-d965ccfc6d4b" outcome="Passed" testListId="8c84fa94-04c1-424b-9868-57a2d4851a1d" relativeResultsDirectory="d3054d05-86f3-4332-9f6c-2b7136204404">
    </UnitTestResult>
    <UnitTestResult executionId="6e2ff5b2-6186-440d-89dd-789335d979c8" testId="9f650caf-3801-3ddc-df66-451ef0461b2d" testName="should_return_0_if_user_does_not_exist" computerName="JUSTIN-LAPTOP" duration="00:00:00.0023437" startTime="2010-10-17T14:29:37.1804631-05:00" endTime="2010-10-17T14:29:37.1884636-05:00" testType="13cdc9d9-ddb5-4fa4-a97d-d965ccfc6d4b" outcome="Passed" testListId="8c84fa94-04c1-424b-9868-57a2d4851a1d" relativeResultsDirectory="6e2ff5b2-6186-440d-89dd-789335d979c8">
    </UnitTestResult>
    <UnitTestResult executionId="48fe303e-8e67-4f05-8511-1bcfa5d61c17" testId="a082c5ab-9e9e-f9a3-c9b1-3688e77d4b93" testName="should_throw_error_when_returning_last_visited_hotzone_if_user_doesnt_exist" computerName="JUSTIN-LAPTOP" duration="00:00:00.0198771" startTime="2010-10-17T14:29:37.1894636-05:00" endTime="2010-10-17T14:29:37.2134650-05:00" testType="13cdc9d9-ddb5-4fa4-a97d-d965ccfc6d4b" outcome="Passed" testListId="8c84fa94-04c1-424b-9868-57a2d4851a1d" relativeResultsDirectory="48fe303e-8e67-4f05-8511-1bcfa5d61c17">
    </UnitTestResult>
    <UnitTestResult executionId="21ad97d7-95e3-4ac0-85b8-b65108b2f272" testId="a2865b2e-10f7-d550-33c8-b7ec8623e85f" testName="should_set_last_saved_sight_radius_to_base_sight_radius_if_last_saved_radius_does_not_exist" computerName="JUSTIN-LAPTOP" duration="00:00:00.0067525" startTime="2010-10-17T14:29:37.2144651-05:00" endTime="2010-10-17T14:29:37.2264658-05:00" testType="13cdc9d9-ddb5-4fa4-a97d-d965ccfc6d4b" outcome="Passed" testListId="8c84fa94-04c1-424b-9868-57a2d4851a1d" relativeResultsDirectory="21ad97d7-95e3-4ac0-85b8-b65108b2f272">
    </UnitTestResult>
    <UnitTestResult executionId="81e015c8-7b9e-4fc3-9ac0-9bf90c27a76a" testId="a2cd0fe1-b87c-c070-6665-87346857dbcd" testName="given_user_has_money_and_items_in_safe_house_and_can_buy_items_should_return_the_energy_that_is_greater_between_safehouse_items_and_store_items" computerName="JUSTIN-LAPTOP" duration="00:00:00.0068161" startTime="2010-10-17T14:29:37.2274658-05:00" endTime="2010-10-17T14:29:37.2394665-05:00" testType="13cdc9d9-ddb5-4fa4-a97d-d965ccfc6d4b" outcome="Passed" testListId="8c84fa94-04c1-424b-9868-57a2d4851a1d" relativeResultsDirectory="81e015c8-7b9e-4fc3-9ac0-9bf90c27a76a">
    </UnitTestResult>
    <UnitTestResult executionId="79b76cd0-2d5b-499b-bcd3-5dbfeb39034c" testId="a4df90b5-6a65-c11c-9306-ae984a6862f3" testName="should_return_achievement_for_peak_zombies_100" computerName="JUSTIN-LAPTOP" duration="00:00:00.0016601" startTime="2010-10-17T14:29:37.2404666-05:00" endTime="2010-10-17T14:29:37.2474670-05:00" testType="13cdc9d9-ddb5-4fa4-a97d-d965ccfc6d4b" outcome="Passed" testListId="8c84fa94-04c1-424b-9868-57a2d4851a1d" relativeResultsDirectory="79b76cd0-2d5b-499b-bcd3-5dbfeb39034c">
    </UnitTestResult>
    <UnitTestResult executionId="2ec62dc7-c9a6-456d-9f52-50cef2df7437" testId="a4e874d3-81be-9f49-2511-92f0df88cee7" testName="should_throw_exception_when_returning_baseline_energy_for_user_that_doesnt_exist" computerName="JUSTIN-LAPTOP" duration="00:00:00.0265178" startTime="2010-10-17T14:29:37.2484670-05:00" endTime="2010-10-17T14:29:37.2804688-05:00" testType="13cdc9d9-ddb5-4fa4-a97d-d965ccfc6d4b" outcome="Passed" testListId="8c84fa94-04c1-424b-9868-57a2d4851a1d" relativeResultsDirectory="2ec62dc7-c9a6-456d-9f52-50cef2df7437">
    </UnitTestResult>
    <UnitTestResult executionId="f11a422c-14af-46ee-8aff-6e0bd6e904da" testId="a5d1a057-084a-abb3-2d76-06c401ccb8d8" testName="should_return_false_if_store_does_not_exist" computerName="JUSTIN-LAPTOP" duration="00:00:00.0274741" startTime="2010-10-17T14:29:37.2824690-05:00" endTime="2010-10-17T14:29:37.3154708-05:00" testType="13cdc9d9-ddb5-4fa4-a97d-d965ccfc6d4b" outcome="Passed" testListId="8c84fa94-04c1-424b-9868-57a2d4851a1d" relativeResultsDirectory="f11a422c-14af-46ee-8aff-6e0bd6e904da">
    </UnitTestResult>
    <UnitTestResult executionId="ea012546-5159-4cac-87ea-2887aa1e4452" testId="a6b9a5f6-83d7-1eba-5a05-ac8e16d1f134" testName="should_retrieve_users_current_level" computerName="JUSTIN-LAPTOP" duration="00:00:00.0274186" startTime="2010-10-17T14:29:37.3164709-05:00" endTime="2010-10-17T14:29:37.3514729-05:00" testType="13cdc9d9-ddb5-4fa4-a97d-d965ccfc6d4b" outcome="Passed" testListId="8c84fa94-04c1-424b-9868-57a2d4851a1d" relativeResultsDirectory="ea012546-5159-4cac-87ea-2887aa1e4452">
    </UnitTestResult>
    <UnitTestResult executionId="21d47944-336c-4163-a264-3e848c0e162b" testId="a7658188-1d86-06a8-b6f3-6e5c757f83b4" testName="should_set_user_level" computerName="JUSTIN-LAPTOP" duration="00:00:00.0290232" startTime="2010-10-17T14:29:37.3534730-05:00" endTime="2010-10-17T14:29:37.3864749-05:00" testType="13cdc9d9-ddb5-4fa4-a97d-d965ccfc6d4b" outcome="Passed" testListId="8c84fa94-04c1-424b-9868-57a2d4851a1d" relativeResultsDirectory="21d47944-336c-4163-a264-3e848c0e162b">
    </UnitTestResult>
    <UnitTestResult executionId="8388d3e6-3d5d-4543-9fbb-e83365cce768" testId="a7c3501c-4b66-95e5-cfa7-a3027a1486c4" testName="should_return_current_zombie_pack_progress_if_user_has_already_visited_zombie_pack" computerName="JUSTIN-LAPTOP" duration="00:00:00.0079783" startTime="2010-10-17T14:29:37.3884750-05:00" endTime="2010-10-17T14:29:37.4014758-05:00" testType="13cdc9d9-ddb5-4fa4-a97d-d965ccfc6d4b" outcome="Passed" testListId="8c84fa94-04c1-424b-9868-57a2d4851a1d" relativeResultsDirectory="8388d3e6-3d5d-4543-9fbb-e83365cce768">
    </UnitTestResult>
    <UnitTestResult executionId="bb537af1-6b46-4e59-a644-c963a2d093b6" testId="a882d58c-8888-fab1-21e4-618bb71ae1ce" testName="should_retrieve_stores_associated_with_hotzone" computerName="JUSTIN-LAPTOP" duration="00:00:00.0230576" startTime="2010-10-17T14:29:37.4034759-05:00" endTime="2010-10-17T14:29:37.4364778-05:00" testType="13cdc9d9-ddb5-4fa4-a97d-d965ccfc6d4b" outcome="Passed" testListId="8c84fa94-04c1-424b-9868-57a2d4851a1d" relativeResultsDirectory="bb537af1-6b46-4e59-a644-c963a2d093b6">
    </UnitTestResult>
    <UnitTestResult executionId="74840945-1d51-43b1-afd3-4c87ccff412d" testId="a92236ed-a367-c7c7-0a25-b11ae709bcb3" testName="should_throw_error_when_returning_user_energy_and_user_doesnt_exist" computerName="JUSTIN-LAPTOP" duration="00:00:00.0187704" startTime="2010-10-17T14:29:37.4374778-05:00" endTime="2010-10-17T14:29:37.4614792-05:00" testType="13cdc9d9-ddb5-4fa4-a97d-d965ccfc6d4b" outcome="Passed" testListId="8c84fa94-04c1-424b-9868-57a2d4851a1d" relativeResultsDirectory="74840945-1d51-43b1-afd3-4c87ccff412d">
    </UnitTestResult>
    <UnitTestResult executionId="fd5c1ee0-8e16-4489-9151-b60b6b56ab80" testId="a95e4141-d767-b753-e492-b99e6f8ee705" testName="should_return_all_zombie_packs_in_radius" computerName="JUSTIN-LAPTOP" duration="00:00:00.0439004" startTime="2010-10-17T14:29:37.4624793-05:00" endTime="2010-10-17T14:29:37.5114821-05:00" testType="13cdc9d9-ddb5-4fa4-a97d-d965ccfc6d4b" outcome="Passed" testListId="8c84fa94-04c1-424b-9868-57a2d4851a1d" relativeResultsDirectory="fd5c1ee0-8e16-4489-9151-b60b6b56ab80">
    </UnitTestResult>
    <UnitTestResult executionId="079a157c-81b4-4a84-a71e-a926105dd6f1" testId="aac835be-7dca-bf39-4e90-f32eb9f2669d" testName="should_throw_error_when_returning_money_if_user_does_not_exist" computerName="JUSTIN-LAPTOP" duration="00:00:00.0280284" startTime="2010-10-17T14:29:37.5124821-05:00" endTime="2010-10-17T14:29:37.5464841-05:00" testType="13cdc9d9-ddb5-4fa4-a97d-d965ccfc6d4b" outcome="Passed" testListId="8c84fa94-04c1-424b-9868-57a2d4851a1d" relativeResultsDirectory="079a157c-81b4-4a84-a71e-a926105dd6f1">
    </UnitTestResult>
    <UnitTestResult executionId="ee194849-d74a-4d3e-9468-8db96e022766" testId="aaf613d0-debf-b348-f6a8-625b151b543d" testName="should_save_user_max_energy" computerName="JUSTIN-LAPTOP" duration="00:00:00.0275754" startTime="2010-10-17T14:29:37.5484842-05:00" endTime="2010-10-17T14:29:37.5804860-05:00" testType="13cdc9d9-ddb5-4fa4-a97d-d965ccfc6d4b" outcome="Passed" testListId="8c84fa94-04c1-424b-9868-57a2d4851a1d" relativeResultsDirectory="ee194849-d74a-4d3e-9468-8db96e022766">
    </UnitTestResult>
    <UnitTestResult executionId="a4d0b1b4-39f8-4544-867a-de287069250f" testId="abb8373c-7671-9802-6d68-5c17e7124ebd" testName="should_record_hotzone_destoryed_if_hunting_cleared_hotzone" computerName="JUSTIN-LAPTOP" duration="00:00:00.0241914" startTime="2010-10-17T14:29:37.5824861-05:00" endTime="2010-10-17T14:29:37.6114878-05:00" testType="13cdc9d9-ddb5-4fa4-a97d-d965ccfc6d4b" outcome="Passed" testListId="8c84fa94-04c1-424b-9868-57a2d4851a1d" relativeResultsDirectory="a4d0b1b4-39f8-4544-867a-de287069250f">
    </UnitTestResult>
    <UnitTestResult executionId="b2d08a96-a770-42a5-b5cf-ede238fae7b2" testId="ac6fd380-aa69-7042-79c1-72e377d208c7" testName="should_update_users_zone_id_if_user_is_at_a_zombie_pack_location" computerName="JUSTIN-LAPTOP" duration="00:00:00.0168849" startTime="2010-10-17T14:29:37.6134879-05:00" endTime="2010-10-17T14:29:37.6354891-05:00" testType="13cdc9d9-ddb5-4fa4-a97d-d965ccfc6d4b" outcome="Passed" testListId="8c84fa94-04c1-424b-9868-57a2d4851a1d" relativeResultsDirectory="b2d08a96-a770-42a5-b5cf-ede238fae7b2">
    </UnitTestResult>
    <UnitTestResult executionId="5cb30c19-25ee-4a70-a903-cc44521fd063" testId="af74033c-8ac7-9c6c-bed1-b5a7d2c06950" testName="should_set_latitude_longitude_position_for_hotzone" computerName="JUSTIN-LAPTOP" duration="00:00:00.0065791" startTime="2010-10-17T14:29:37.6364892-05:00" endTime="2010-10-17T14:29:37.6494900-05:00" testType="13cdc9d9-ddb5-4fa4-a97d-d965ccfc6d4b" outcome="Passed" testListId="8c84fa94-04c1-424b-9868-57a2d4851a1d" relativeResultsDirectory="5cb30c19-25ee-4a70-a903-cc44521fd063">
    </UnitTestResult>
    <UnitTestResult executionId="c9be4528-ab49-481c-93d2-5784d6fafde4" testId="b0037f39-501d-0ae0-4207-fd773fffa4a6" testName="should_return_energy_along_with_any_energy_increase_from_buying_different_items_and_no_items_in_safehouse" computerName="JUSTIN-LAPTOP" duration="00:00:00.0088519" startTime="2010-10-17T14:29:37.6504900-05:00" endTime="2010-10-17T14:29:37.6644908-05:00" testType="13cdc9d9-ddb5-4fa4-a97d-d965ccfc6d4b" outcome="Passed" testListId="8c84fa94-04c1-424b-9868-57a2d4851a1d" relativeResultsDirectory="c9be4528-ab49-481c-93d2-5784d6fafde4">
    </UnitTestResult>
    <UnitTestResult executionId="8ccdc221-bc9b-4bee-946c-03b155ddfd44" testId="b16bd29a-b3d8-bf0d-809b-edcc4ff2fca0" testName="should_return_hotzone_as_cleared" computerName="JUSTIN-LAPTOP" duration="00:00:00.0618827" startTime="2010-10-17T14:29:37.6654909-05:00" endTime="2010-10-17T14:29:37.7304946-05:00" testType="13cdc9d9-ddb5-4fa4-a97d-d965ccfc6d4b" outcome="Passed" testListId="8c84fa94-04c1-424b-9868-57a2d4851a1d" relativeResultsDirectory="8ccdc221-bc9b-4bee-946c-03b155ddfd44">
    </UnitTestResult>
    <UnitTestResult executionId="b0ae674f-371f-4e0b-a3bc-28aa3a691d4b" testId="b18d1727-ecb0-0941-0114-d84e798714f5" testName="should_return_a_hunt_count_of_10_to_15_if_resolved_as_an_medium_hotzone" computerName="JUSTIN-LAPTOP" duration="00:00:00.0111070" startTime="2010-10-17T14:29:37.7314946-05:00" endTime="2010-10-17T14:29:37.7474956-05:00" testType="13cdc9d9-ddb5-4fa4-a97d-d965ccfc6d4b" outcome="Passed" testListId="8c84fa94-04c1-424b-9868-57a2d4851a1d" relativeResultsDirectory="b0ae674f-371f-4e0b-a3bc-28aa3a691d4b">
    </UnitTestResult>
    <UnitTestResult executionId="65b06c56-b7f0-4958-be36-67b2a173a2f9" testId="b25aa57b-bb9a-f05f-4179-18f54e514dcd" testName="should_change_users_energy_if_item_has_energy_attribute_not_equal_to_zero" computerName="JUSTIN-LAPTOP" duration="00:00:00.0097102" startTime="2010-10-17T14:29:37.7484956-05:00" endTime="2010-10-17T14:29:37.7624964-05:00" testType="13cdc9d9-ddb5-4fa4-a97d-d965ccfc6d4b" outcome="Passed" testListId="8c84fa94-04c1-424b-9868-57a2d4851a1d" relativeResultsDirectory="65b06c56-b7f0-4958-be36-67b2a173a2f9">
    </UnitTestResult>
    <UnitTestResult executionId="fcd96b54-13ca-4eae-97dd-a4034c8b45a2" testId="b28183ac-a700-53c3-0c4c-4c663c3d39eb" testName="should_set_to_max_energy_if_item_energy_is_greater_than_max" computerName="JUSTIN-LAPTOP" duration="00:00:00.0091899" startTime="2010-10-17T14:29:37.7634965-05:00" endTime="2010-10-17T14:29:37.7774973-05:00" testType="13cdc9d9-ddb5-4fa4-a97d-d965ccfc6d4b" outcome="Passed" testListId="8c84fa94-04c1-424b-9868-57a2d4851a1d" relativeResultsDirectory="fcd96b54-13ca-4eae-97dd-a4034c8b45a2">
    </UnitTestResult>
    <UnitTestResult executionId="c7be3be8-06d0-488e-ae53-5a2a52578a3c" testId="b32170cc-6301-2795-2015-78cba1f92dc0" testName="should_return_0_for_energy_if_user_does_not_exist" computerName="JUSTIN-LAPTOP" duration="00:00:00.0039917" startTime="2010-10-17T14:29:37.7784973-05:00" endTime="2010-10-17T14:29:37.7874978-05:00" testType="13cdc9d9-ddb5-4fa4-a97d-d965ccfc6d4b" outcome="Passed" testListId="8c84fa94-04c1-424b-9868-57a2d4851a1d" relativeResultsDirectory="c7be3be8-06d0-488e-ae53-5a2a52578a3c">
    </UnitTestResult>
    <UnitTestResult executionId="ea446837-c892-4f8b-8fa7-750dad442ef5" testId="b3df8862-1b3b-daec-78d1-26c8d0d4c769" testName="should_set_peak_attack_if_greater_than_whats_currently_saved" computerName="JUSTIN-LAPTOP" duration="00:00:00.0178773" startTime="2010-10-17T14:29:37.7884979-05:00" endTime="2010-10-17T14:29:37.8114992-05:00" testType="13cdc9d9-ddb5-4fa4-a97d-d965ccfc6d4b" outcome="Passed" testListId="8c84fa94-04c1-424b-9868-57a2d4851a1d" relativeResultsDirectory="ea446837-c892-4f8b-8fa7-750dad442ef5">
    </UnitTestResult>
    <UnitTestResult executionId="0b451981-6335-42e8-baa5-63208a5b288f" testId="b3e73d9f-e8d5-d40e-f226-223e65b83b5c" testName="should_return_false_if_facebook_user_doesnt_exist" computerName="JUSTIN-LAPTOP" duration="00:00:00.0216519" startTime="2010-10-17T14:29:37.8124993-05:00" endTime="2010-10-17T14:29:37.8395008-05:00" testType="13cdc9d9-ddb5-4fa4-a97d-d965ccfc6d4b" outcome="Passed" testListId="8c84fa94-04c1-424b-9868-57a2d4851a1d" relativeResultsDirectory="0b451981-6335-42e8-baa5-63208a5b288f">
    </UnitTestResult>
    <UnitTestResult executionId="3ebd702c-07f0-4e2f-a323-21235305dcd7" testId="b56cc93a-1a34-87ca-906c-3850d1ae7b74" testName="should_disregard_safehouse_items_that_are_one_use" computerName="JUSTIN-LAPTOP" duration="00:00:00.0066901" startTime="2010-10-17T14:29:37.8415009-05:00" endTime="2010-10-17T14:29:37.8585019-05:00" testType="13cdc9d9-ddb5-4fa4-a97d-d965ccfc6d4b" outcome="Passed" testListId="8c84fa94-04c1-424b-9868-57a2d4851a1d" relativeResultsDirectory="3ebd702c-07f0-4e2f-a323-21235305dcd7">
    </UnitTestResult>
    <UnitTestResult executionId="a7d173d3-ab7c-49ec-8de0-42cb38b510ad" testId="b5bf2f35-dde6-66e3-7545-0164ceb4c3bb" testName="should_disregard_one_use_items_that_can_be_bought" computerName="JUSTIN-LAPTOP" duration="00:00:00.0100676" startTime="2010-10-17T14:29:37.8595020-05:00" endTime="2010-10-17T14:29:37.8785030-05:00" testType="13cdc9d9-ddb5-4fa4-a97d-d965ccfc6d4b" outcome="Passed" testListId="8c84fa94-04c1-424b-9868-57a2d4851a1d" relativeResultsDirectory="a7d173d3-ab7c-49ec-8de0-42cb38b510ad">
    </UnitTestResult>
    <UnitTestResult executionId="c4c9df3c-5c50-4e88-bb03-0595164de06a" testId="b60197de-ab24-075d-fbab-bf70fa600887" testName="should_return_falise_if_user_zombie_pack_progress_does_not_exist" computerName="JUSTIN-LAPTOP" duration="00:00:00.0554369" startTime="2010-10-17T14:29:37.8795031-05:00" endTime="2010-10-17T14:29:37.9455069-05:00" testType="13cdc9d9-ddb5-4fa4-a97d-d965ccfc6d4b" outcome="Passed" testListId="8c84fa94-04c1-424b-9868-57a2d4851a1d" relativeResultsDirectory="c4c9df3c-5c50-4e88-bb03-0595164de06a">
    </UnitTestResult>
    <UnitTestResult executionId="3600c96b-da23-4c39-ad9d-740127beeaf4" testId="b9bdcc23-3882-fdc6-ae71-589fdcc2d732" testName="should_return_users_base_energy_if_user_does_not_have_any_items" computerName="JUSTIN-LAPTOP" duration="00:00:00.0056357" startTime="2010-10-17T14:29:37.9465069-05:00" endTime="2010-10-17T14:29:37.9575076-05:00" testType="13cdc9d9-ddb5-4fa4-a97d-d965ccfc6d4b" outcome="Passed" testListId="8c84fa94-04c1-424b-9868-57a2d4851a1d" relativeResultsDirectory="3600c96b-da23-4c39-ad9d-740127beeaf4">
    </UnitTestResult>
    <UnitTestResult executionId="ff427eb7-19fe-4301-89c1-97313bbdb168" testId="b9daaf02-a2df-fc67-bf09-91db90f1040d" testName="should_save_user_last_energy" computerName="JUSTIN-LAPTOP" duration="00:00:00.0298961" startTime="2010-10-17T14:29:37.9595077-05:00" endTime="2010-10-17T14:29:37.9935096-05:00" testType="13cdc9d9-ddb5-4fa4-a97d-d965ccfc6d4b" outcome="Passed" testListId="8c84fa94-04c1-424b-9868-57a2d4851a1d" relativeResultsDirectory="ff427eb7-19fe-4301-89c1-97313bbdb168">
    </UnitTestResult>
    <UnitTestResult executionId="b6eeb26b-2ee7-42ef-9501-998ece640df8" testId="ba822c9a-2244-54af-db34-ae1b0ff7f2ea" testName="the_starting_energy_should_be_100" computerName="JUSTIN-LAPTOP" duration="00:00:00.0305092" startTime="2010-10-17T14:29:37.9945097-05:00" endTime="2010-10-17T14:29:38.0295117-05:00" testType="13cdc9d9-ddb5-4fa4-a97d-d965ccfc6d4b" outcome="Passed" testListId="8c84fa94-04c1-424b-9868-57a2d4851a1d" relativeResultsDirectory="b6eeb26b-2ee7-42ef-9501-998ece640df8">
    </UnitTestResult>
    <UnitTestResult executionId="b2153f83-c984-45ff-b6a2-7956453fa043" testId="ba89953e-a09d-28cf-6946-aa203e1b8fb8" testName="should_return_an_empty_progress_if_zombie_pack_doesnt_exist" computerName="JUSTIN-LAPTOP" duration="00:00:00.0044975" startTime="2010-10-17T14:29:38.0305117-05:00" endTime="2010-10-17T14:29:38.0405123-05:00" testType="13cdc9d9-ddb5-4fa4-a97d-d965ccfc6d4b" outcome="Passed" testListId="8c84fa94-04c1-424b-9868-57a2d4851a1d" relativeResultsDirectory="b2153f83-c984-45ff-b6a2-7956453fa043">
    </UnitTestResult>
    <UnitTestResult executionId="ab5ad48e-1aec-4f38-af78-01b4c9f59424" testId="ba999509-487a-7f04-1438-f406952dc58e" testName="should_take_into_consideration_equipped_items_when_determining_min_sight_radius" computerName="JUSTIN-LAPTOP" duration="00:00:00.0106487" startTime="2010-10-17T14:29:38.0415124-05:00" endTime="2010-10-17T14:29:38.0565132-05:00" testType="13cdc9d9-ddb5-4fa4-a97d-d965ccfc6d4b" outcome="Passed" testListId="8c84fa94-04c1-424b-9868-57a2d4851a1d" relativeResultsDirectory="ab5ad48e-1aec-4f38-af78-01b4c9f59424">
    </UnitTestResult>
    <UnitTestResult executionId="6b721d4c-5fbd-4014-8593-843caf745bb8" testId="bb35c303-68f9-bb58-ec6c-79aa0b063947" testName="should_return_zero_for_attack_power_if_user_does_not_exist" computerName="JUSTIN-LAPTOP" duration="00:00:00.0021756" startTime="2010-10-17T14:29:38.0575133-05:00" endTime="2010-10-17T14:29:38.0635136-05:00" testType="13cdc9d9-ddb5-4fa4-a97d-d965ccfc6d4b" outcome="Passed" testListId="8c84fa94-04c1-424b-9868-57a2d4851a1d" relativeResultsDirectory="6b721d4c-5fbd-4014-8593-843caf745bb8">
    </UnitTestResult>
    <UnitTestResult executionId="794555f0-2cd7-4976-8a93-4ce7c7a4d47f" testId="bb62f7f6-95bc-c16c-f91c-8661bb447531" testName="should_change_users_sight_radius_if_item_has_a_distance_attribute_not_equal_to_zero" computerName="JUSTIN-LAPTOP" duration="00:00:00.0116512" startTime="2010-10-17T14:29:38.0645137-05:00" endTime="2010-10-17T14:29:38.0815147-05:00" testType="13cdc9d9-ddb5-4fa4-a97d-d965ccfc6d4b" outcome="Passed" testListId="8c84fa94-04c1-424b-9868-57a2d4851a1d" relativeResultsDirectory="794555f0-2cd7-4976-8a93-4ce7c7a4d47f">
    </UnitTestResult>
    <UnitTestResult executionId="d015e627-8315-49b1-ab5b-c0e0fce2819f" testId="bc231f56-0b8a-34bb-d73a-6bc2b970aa27" testName="should_update_user_level_and_user_base_attack_and_user_base_energy_and_user_inventory_when_user_kills_enough_zombies_to_pass_level" computerName="JUSTIN-LAPTOP" duration="00:00:00.0269915" startTime="2010-10-17T14:29:38.0835148-05:00" endTime="2010-10-17T14:29:38.1165167-05:00" testType="13cdc9d9-ddb5-4fa4-a97d-d965ccfc6d4b" outcome="Failed" testListId="8c84fa94-04c1-424b-9868-57a2d4851a1d" relativeResultsDirectory="d015e627-8315-49b1-ab5b-c0e0fce2819f">
      <Output>
        <ErrorInfo>
          <Message>Test method UndeadEarth.Test.Model.when_servicing_user_level_and_attributes.should_update_user_level_and_user_base_attack_and_user_base_energy_and_user_inventory_when_user_kills_enough_zombies_to_pass_level threw exception: 
Moq.MockException: 
Invocation was performed more than once on the mock: c =&gt; c.UpdateCurrentBaseEnergy(value(UndeadEarth.Test.Model.when_servicing_user_level_and_attributes+&lt;&gt;c__DisplayClassa).userId, 132)</Message>
          <StackTrace>    at Moq.Mock.ThrowVerifyException(IProxyCall expected, Expression expression, Times times)
   at Moq.Mock.VerifyCalls(Interceptor targetInterceptor, MethodCall expected, Expression expression, Times times)
   at Moq.Mock.Verify[T](Mock mock, Expression`1 expression, Times times, String failMessage)
   at Moq.Mock`1.Verify(Expression`1 expression, Times times)
   at UndeadEarth.Test.Model.when_servicing_user_level_and_attributes.should_update_user_level_and_user_base_attack_and_user_base_energy_and_user_inventory_when_user_kills_enough_zombies_to_pass_level() in C:\Projects\UndeadEarth\UndeadEarth.Test\Model\when_servicing_user_level_and_attributes.cs:line 184
</StackTrace>
        </ErrorInfo>
      </Output>
    </UnitTestResult>
    <UnitTestResult executionId="592db0ed-9449-4f8f-8d73-22cac9e2acb9" testId="bc2bbda1-dfbc-fff1-89f7-377eb332a077" testName="should_return_attack_power_along_with_any_attack_power_increase_from_buying_different_items_and_no_items_in_safehouse" computerName="JUSTIN-LAPTOP" duration="00:00:00.0100972" startTime="2010-10-17T14:29:38.1175167-05:00" endTime="2010-10-17T14:29:38.1335176-05:00" testType="13cdc9d9-ddb5-4fa4-a97d-d965ccfc6d4b" outcome="Passed" testListId="8c84fa94-04c1-424b-9868-57a2d4851a1d" relativeResultsDirectory="592db0ed-9449-4f8f-8d73-22cac9e2acb9">
    </UnitTestResult>
    <UnitTestResult executionId="6aa79747-b386-44f8-8b96-024d5ddf83d4" testId="bdc5cf0e-b6b0-aab1-b4c9-cfdf4e4262c3" testName="should_update_users_inventory_amount" computerName="JUSTIN-LAPTOP" duration="00:00:00.0312544" startTime="2010-10-17T14:29:38.1345177-05:00" endTime="2010-10-17T14:29:38.1715198-05:00" testType="13cdc9d9-ddb5-4fa4-a97d-d965ccfc6d4b" outcome="Passed" testListId="8c84fa94-04c1-424b-9868-57a2d4851a1d" relativeResultsDirectory="6aa79747-b386-44f8-8b96-024d5ddf83d4">
    </UnitTestResult>
    <UnitTestResult executionId="43a42c64-232f-45d0-9037-468e8aaf8966" testId="bed0bac3-5433-e3b2-3646-ee5b82bf2f3c" testName="should_return_attack_power_based_on_items_in_safehouse_with_user_not_having_any_money" computerName="JUSTIN-LAPTOP" duration="00:00:00.0085427" startTime="2010-10-17T14:29:38.1735199-05:00" endTime="2010-10-17T14:29:38.1895208-05:00" testType="13cdc9d9-ddb5-4fa4-a97d-d965ccfc6d4b" outcome="Passed" testListId="8c84fa94-04c1-424b-9868-57a2d4851a1d" relativeResultsDirectory="43a42c64-232f-45d0-9037-468e8aaf8966">
    </UnitTestResult>
    <UnitTestResult executionId="0bb72d83-b8eb-43e2-916a-c9c432c6cc11" testId="c0f6a7ca-70c4-38dc-b622-ea187fd81d6d" testName="should_return_achievement_for_peak_zombies_10" computerName="JUSTIN-LAPTOP" duration="00:00:00.0017193" startTime="2010-10-17T14:29:38.1905209-05:00" endTime="2010-10-17T14:29:38.1975213-05:00" testType="13cdc9d9-ddb5-4fa4-a97d-d965ccfc6d4b" outcome="Passed" testListId="8c84fa94-04c1-424b-9868-57a2d4851a1d" relativeResultsDirectory="0bb72d83-b8eb-43e2-916a-c9c432c6cc11">
    </UnitTestResult>
    <UnitTestResult executionId="239f2267-64d6-425a-bbb3-570448abbcec" testId="c154fab6-7379-ae56-989a-e56b1649db90" testName="should_update_users_base_attack" computerName="JUSTIN-LAPTOP" duration="00:00:00.0329307" startTime="2010-10-17T14:29:38.1985214-05:00" endTime="2010-10-17T14:29:38.2375236-05:00" testType="13cdc9d9-ddb5-4fa4-a97d-d965ccfc6d4b" outcome="Passed" testListId="8c84fa94-04c1-424b-9868-57a2d4851a1d" relativeResultsDirectory="239f2267-64d6-425a-bbb3-570448abbcec">
    </UnitTestResult>
    <UnitTestResult executionId="ab9c683a-62ab-4244-a9f1-94bfdaa25a1c" testId="c19d7fe3-d556-ad76-9806-5e328516f06f" testName="should_return_correct_energy_for_given_level" computerName="JUSTIN-LAPTOP" duration="00:00:00.0050445" startTime="2010-10-17T14:29:38.2385236-05:00" endTime="2010-10-17T14:29:38.2475242-05:00" testType="13cdc9d9-ddb5-4fa4-a97d-d965ccfc6d4b" outcome="Failed" testListId="8c84fa94-04c1-424b-9868-57a2d4851a1d" relativeResultsDirectory="ab9c683a-62ab-4244-a9f1-94bfdaa25a1c">
      <Output>
        <ErrorInfo>
          <Message>Assert.AreEqual failed. Expected:&lt;144&gt;. Actual:&lt;143&gt;. </Message>
          <StackTrace>   at UndeadEarth.Test.Model.TestExtensions.ShouldBe(Object actual, Object expected) in C:\Projects\UndeadEarth\UndeadEarth.Test\Model\when_servicing_user_level_and_attributes.cs:line 193
   at UndeadEarth.Test.Model.when_servicing_user_level_and_attributes.should_return_correct_energy_for_given_level() in C:\Projects\UndeadEarth\UndeadEarth.Test\Model\when_servicing_user_level_and_attributes.cs:line 96
</StackTrace>
        </ErrorInfo>
      </Output>
    </UnitTestResult>
    <UnitTestResult executionId="dc813fec-8dde-4100-8565-162cbc7a0983" testId="c2fceb1f-5078-88e7-1674-00e75ecef9dd" testName="should_disregard_safehouse_items_that_are_one_use" computerName="JUSTIN-LAPTOP" duration="00:00:00.0070430" startTime="2010-10-17T14:29:38.2485242-05:00" endTime="2010-10-17T14:29:38.2605249-05:00" testType="13cdc9d9-ddb5-4fa4-a97d-d965ccfc6d4b" outcome="Passed" testListId="8c84fa94-04c1-424b-9868-57a2d4851a1d" relativeResultsDirectory="dc813fec-8dde-4100-8565-162cbc7a0983">
    </UnitTestResult>
    <UnitTestResult executionId="57a42ba0-79f1-4c07-bf8a-2308658df698" testId="c3a4535b-76d1-c39a-2397-114110fb9661" testName="should_disregard_if_user_has_max_items_already" computerName="JUSTIN-LAPTOP" duration="00:00:00.0128717" startTime="2010-10-17T14:29:38.2615250-05:00" endTime="2010-10-17T14:29:38.2785259-05:00" testType="13cdc9d9-ddb5-4fa4-a97d-d965ccfc6d4b" outcome="Passed" testListId="8c84fa94-04c1-424b-9868-57a2d4851a1d" relativeResultsDirectory="57a42ba0-79f1-4c07-bf8a-2308658df698">
    </UnitTestResult>
    <UnitTestResult executionId="f1527d5b-2345-41fe-84a6-947ac7d57915" testId="c4f416aa-df0e-260b-8e45-51ab2e95c489" testName="should_insert_empty_record_for_user_if_non_exists" computerName="JUSTIN-LAPTOP" duration="00:00:00.0186878" startTime="2010-10-17T14:29:38.2795260-05:00" endTime="2010-10-17T14:29:38.3025273-05:00" testType="13cdc9d9-ddb5-4fa4-a97d-d965ccfc6d4b" outcome="Passed" testListId="8c84fa94-04c1-424b-9868-57a2d4851a1d" relativeResultsDirectory="f1527d5b-2345-41fe-84a6-947ac7d57915">
    </UnitTestResult>
    <UnitTestResult executionId="3f56dc05-86dc-4a6e-b34e-a0f24e9d56cf" testId="c55622f2-a19b-2b7c-fbf0-3bcc9fa792bb" testName="should_disregard_if_item_does_not_exist" computerName="JUSTIN-LAPTOP" duration="00:00:00.0079122" startTime="2010-10-17T14:29:38.3035274-05:00" endTime="2010-10-17T14:29:38.3185282-05:00" testType="13cdc9d9-ddb5-4fa4-a97d-d965ccfc6d4b" outcome="Passed" testListId="8c84fa94-04c1-424b-9868-57a2d4851a1d" relativeResultsDirectory="3f56dc05-86dc-4a6e-b34e-a0f24e9d56cf">
    </UnitTestResult>
    <UnitTestResult executionId="20ffd4fc-107d-4931-bcd8-a98d38767389" testId="c59ebd84-a390-b0a9-9601-b22bb9ff7f1d" testName="should_start_with_5_tents_on_person" computerName="JUSTIN-LAPTOP" duration="00:00:00.0029167" startTime="2010-10-17T14:29:38.3215284-05:00" endTime="2010-10-17T14:29:38.3325290-05:00" testType="13cdc9d9-ddb5-4fa4-a97d-d965ccfc6d4b" outcome="Passed" testListId="8c84fa94-04c1-424b-9868-57a2d4851a1d" relativeResultsDirectory="20ffd4fc-107d-4931-bcd8-a98d38767389">
    </UnitTestResult>
    <UnitTestResult executionId="5c651678-45a2-4f52-9040-c5b2eb153723" testId="c5a39b6e-0b51-8275-3d9b-29919f35b9b0" testName="should_return_user_by_facebook_user_id" computerName="JUSTIN-LAPTOP" duration="00:00:00.0242660" startTime="2010-10-17T14:29:38.3375293-05:00" endTime="2010-10-17T14:29:38.3675310-05:00" testType="13cdc9d9-ddb5-4fa4-a97d-d965ccfc6d4b" outcome="Passed" testListId="8c84fa94-04c1-424b-9868-57a2d4851a1d" relativeResultsDirectory="5c651678-45a2-4f52-9040-c5b2eb153723">
    </UnitTestResult>
    <UnitTestResult executionId="a842fc6d-9bfa-4eca-965d-5fe4ae157d38" testId="c7989c99-7490-d68e-f8ba-99491ffceea3" testName="should_throw_error_when_returning_user_current_base_attack_if_user_doesnt_exist" computerName="JUSTIN-LAPTOP" duration="00:00:00.0233972" startTime="2010-10-17T14:29:38.3715312-05:00" endTime="2010-10-17T14:29:38.4055332-05:00" testType="13cdc9d9-ddb5-4fa4-a97d-d965ccfc6d4b" outcome="Passed" testListId="8c84fa94-04c1-424b-9868-57a2d4851a1d" relativeResultsDirectory="a842fc6d-9bfa-4eca-965d-5fe4ae157d38">
    </UnitTestResult>
    <UnitTestResult executionId="d0c0dded-18cb-41d1-8327-2b8a4fb697cc" testId="c85e6447-a3ca-1d12-8c38-f937a72eca57" testName="should_return_attack_power_along_with_any_attack_power_increase_from_multiple_safehouse_items_and_user_has_no_money" computerName="JUSTIN-LAPTOP" duration="00:00:00.0101648" startTime="2010-10-17T14:29:38.4075333-05:00" endTime="2010-10-17T14:29:38.4235342-05:00" testType="13cdc9d9-ddb5-4fa4-a97d-d965ccfc6d4b" outcome="Passed" testListId="8c84fa94-04c1-424b-9868-57a2d4851a1d" relativeResultsDirectory="d0c0dded-18cb-41d1-8327-2b8a4fb697cc">
    </UnitTestResult>
    <UnitTestResult executionId="89ab5a89-a6ea-4df4-883c-da399619042f" testId="c9a124e9-2f09-63d2-22cf-ad1bad23f16c" testName="the_energy_for_determining_zombie_pack_difficulty_should_be_100" computerName="JUSTIN-LAPTOP" duration="00:00:00.0237809" startTime="2010-10-17T14:29:38.4245343-05:00" endTime="2010-10-17T14:29:38.4525359-05:00" testType="13cdc9d9-ddb5-4fa4-a97d-d965ccfc6d4b" outcome="Passed" testListId="8c84fa94-04c1-424b-9868-57a2d4851a1d" relativeResultsDirectory="89ab5a89-a6ea-4df4-883c-da399619042f">
    </UnitTestResult>
    <UnitTestResult executionId="ab8e8e2f-6b29-465f-9656-4162cd053d60" testId="c9e2118a-af3f-f908-ba61-20f5edd2b827" testName="should_throw_error_for_saving_mas_energy_if_user_does_not_exist" computerName="JUSTIN-LAPTOP" duration="00:00:00.0200031" startTime="2010-10-17T14:29:38.4545360-05:00" endTime="2010-10-17T14:29:38.4795374-05:00" testType="13cdc9d9-ddb5-4fa4-a97d-d965ccfc6d4b" outcome="Passed" testListId="8c84fa94-04c1-424b-9868-57a2d4851a1d" relativeResultsDirectory="ab8e8e2f-6b29-465f-9656-4162cd053d60">
    </UnitTestResult>
    <UnitTestResult executionId="8df47b9c-bf78-400d-a900-e138b2ce4510" testId="ca1b8eb5-4ad5-3e56-62f6-d3c54fe84326" testName="should_not_throw_error_if_user_does_not_exist" computerName="JUSTIN-LAPTOP" duration="00:00:00.0275251" startTime="2010-10-17T14:29:38.4805375-05:00" endTime="2010-10-17T14:29:38.5125393-05:00" testType="13cdc9d9-ddb5-4fa4-a97d-d965ccfc6d4b" outcome="Passed" testListId="8c84fa94-04c1-424b-9868-57a2d4851a1d" relativeResultsDirectory="8df47b9c-bf78-400d-a900-e138b2ce4510">
    </UnitTestResult>
    <UnitTestResult executionId="14182527-0494-4ee5-b261-b83f4cfbbdc3" testId="cb08040d-63a1-ab84-f3c4-dce8729ce3d1" testName="should_retrieve_zombies_detroyed" computerName="JUSTIN-LAPTOP" duration="00:00:00.0143373" startTime="2010-10-17T14:29:38.5135394-05:00" endTime="2010-10-17T14:29:38.5325405-05:00" testType="13cdc9d9-ddb5-4fa4-a97d-d965ccfc6d4b" outcome="Passed" testListId="8c84fa94-04c1-424b-9868-57a2d4851a1d" relativeResultsDirectory="14182527-0494-4ee5-b261-b83f4cfbbdc3">
    </UnitTestResult>
    <UnitTestResult executionId="16ae4e65-60a0-4963-8040-06c32f2361fc" testId="cb80e7a8-021c-5d6c-c831-c1f7e461a27c" testName="should_return_zero_if_distance_is_null" computerName="JUSTIN-LAPTOP" duration="00:00:00.0293478" startTime="2010-10-17T14:29:38.5335405-05:00" endTime="2010-10-17T14:29:38.5675425-05:00" testType="13cdc9d9-ddb5-4fa4-a97d-d965ccfc6d4b" outcome="Passed" testListId="8c84fa94-04c1-424b-9868-57a2d4851a1d" relativeResultsDirectory="16ae4e65-60a0-4963-8040-06c32f2361fc">
    </UnitTestResult>
    <UnitTestResult executionId="f32b3bcd-4923-43dc-b11d-35af63f20c8e" testId="ce354fe1-08e2-7958-e209-2621b563d1da" testName="should_disregard_if_user_does_not_have_item" computerName="JUSTIN-LAPTOP" duration="00:00:00.0136023" startTime="2010-10-17T14:29:38.5685425-05:00" endTime="2010-10-17T14:29:38.5895437-05:00" testType="13cdc9d9-ddb5-4fa4-a97d-d965ccfc6d4b" outcome="Passed" testListId="8c84fa94-04c1-424b-9868-57a2d4851a1d" relativeResultsDirectory="f32b3bcd-4923-43dc-b11d-35af63f20c8e">
    </UnitTestResult>
    <UnitTestResult executionId="d961be85-e772-455d-ae59-add009cab47d" testId="cf462ec4-8531-1e43-07c6-e34f96bb70c0" testName="should_set_sight_radius_to_5_for_user_who_exists_but_does_not_have_a_base_sight_radius_value" computerName="JUSTIN-LAPTOP" duration="00:00:00.0098277" startTime="2010-10-17T14:29:38.5905438-05:00" endTime="2010-10-17T14:29:38.6055446-05:00" testType="13cdc9d9-ddb5-4fa4-a97d-d965ccfc6d4b" outcome="Passed" testListId="8c84fa94-04c1-424b-9868-57a2d4851a1d" relativeResultsDirectory="d961be85-e772-455d-ae59-add009cab47d">
    </UnitTestResult>
    <UnitTestResult executionId="5d002413-2233-4a47-8f70-3fddab5b678b" testId="cfacc8e4-11ef-5e59-c2dc-f7d2d86d5a2e" testName="should_return_false_if_zombiepack_does_not_exist" computerName="JUSTIN-LAPTOP" duration="00:00:00.0129223" startTime="2010-10-17T14:29:38.6075447-05:00" endTime="2010-10-17T14:29:38.6265458-05:00" testType="13cdc9d9-ddb5-4fa4-a97d-d965ccfc6d4b" outcome="Passed" testListId="8c84fa94-04c1-424b-9868-57a2d4851a1d" relativeResultsDirectory="5d002413-2233-4a47-8f70-3fddab5b678b">
    </UnitTestResult>
    <UnitTestResult executionId="5b4b3f29-d3f2-4e85-92fd-fa35c15f8baf" testId="cfb75f84-eedb-9c69-8ad1-7d1a16a63ca8" testName="given_user_has_money_and_items_in_safe_house_and_can_buy_items_should_return_best_combination" computerName="JUSTIN-LAPTOP" duration="00:00:00.0080143" startTime="2010-10-17T14:29:38.6275459-05:00" endTime="2010-10-17T14:29:38.6415467-05:00" testType="13cdc9d9-ddb5-4fa4-a97d-d965ccfc6d4b" outcome="Passed" testListId="8c84fa94-04c1-424b-9868-57a2d4851a1d" relativeResultsDirectory="5b4b3f29-d3f2-4e85-92fd-fa35c15f8baf">
    </UnitTestResult>
    <UnitTestResult executionId="5331e4a5-9e8b-4c0d-83d5-85aeb2621531" testId="d079bc7a-5632-90a3-fd08-a3194bc2d4b6" testName="should_return_null_if_no_item_found" computerName="JUSTIN-LAPTOP" duration="00:00:00.0329384" startTime="2010-10-17T14:29:38.6425468-05:00" endTime="2010-10-17T14:29:38.6805489-05:00" testType="13cdc9d9-ddb5-4fa4-a97d-d965ccfc6d4b" outcome="Passed" testListId="8c84fa94-04c1-424b-9868-57a2d4851a1d" relativeResultsDirectory="5331e4a5-9e8b-4c0d-83d5-85aeb2621531">
    </UnitTestResult>
    <UnitTestResult executionId="3e165ef2-ccff-4b54-b61b-afe33df1d513" testId="d10bf695-c889-b70c-ad2f-f77a6c930e0a" testName="should_throw_error_if_facebook_user_id_is_0_and_retrieval_is_attempted" computerName="JUSTIN-LAPTOP" duration="00:00:00.0234458" startTime="2010-10-17T14:29:38.6825490-05:00" endTime="2010-10-17T14:29:38.7125508-05:00" testType="13cdc9d9-ddb5-4fa4-a97d-d965ccfc6d4b" outcome="Passed" testListId="8c84fa94-04c1-424b-9868-57a2d4851a1d" relativeResultsDirectory="3e165ef2-ccff-4b54-b61b-afe33df1d513">
    </UnitTestResult>
    <UnitTestResult executionId="b5577190-c5df-4f99-a999-a2a65a830a12" testId="d1295b3d-b18a-9feb-b9f7-b8d24a1390b4" testName="should_return_list_of_user_items_from_user_id" computerName="JUSTIN-LAPTOP" duration="00:00:00.0408945" startTime="2010-10-17T14:29:38.7135508-05:00" endTime="2010-10-17T14:29:38.7595534-05:00" testType="13cdc9d9-ddb5-4fa4-a97d-d965ccfc6d4b" outcome="Passed" testListId="8c84fa94-04c1-424b-9868-57a2d4851a1d" relativeResultsDirectory="b5577190-c5df-4f99-a999-a2a65a830a12">
    </UnitTestResult>
    <UnitTestResult executionId="017902e3-b824-4ce8-900c-c476cdc0f410" testId="d39a97f0-a02b-13f3-00ff-3ebdf64857ec" testName="should_return_users_base_sight_radius_if_user_does_not_have_any_items" computerName="JUSTIN-LAPTOP" duration="00:00:00.0050368" startTime="2010-10-17T14:29:38.7625536-05:00" endTime="2010-10-17T14:29:38.7735542-05:00" testType="13cdc9d9-ddb5-4fa4-a97d-d965ccfc6d4b" outcome="Passed" testListId="8c84fa94-04c1-424b-9868-57a2d4851a1d" relativeResultsDirectory="017902e3-b824-4ce8-900c-c476cdc0f410">
    </UnitTestResult>
    <UnitTestResult executionId="b243781b-2e02-4d2a-b9c0-bbf2d28eb6a6" testId="d51d0821-4280-76e7-8d6d-17b8ea1953f0" testName="should_return_baseline_attack_power_for_user_that_exists" computerName="JUSTIN-LAPTOP" duration="00:00:00.0215048" startTime="2010-10-17T14:29:38.7745543-05:00" endTime="2010-10-17T14:29:38.8005558-05:00" testType="13cdc9d9-ddb5-4fa4-a97d-d965ccfc6d4b" outcome="Passed" testListId="8c84fa94-04c1-424b-9868-57a2d4851a1d" relativeResultsDirectory="b243781b-2e02-4d2a-b9c0-bbf2d28eb6a6">
    </UnitTestResult>
    <UnitTestResult executionId="ea6972c8-6959-483f-bbb5-c16fd496cfff" testId="d531988b-f1bb-cf47-5dc0-2ed134630321" testName="should_return_achievement_for_peak_zombies_1000" computerName="JUSTIN-LAPTOP" duration="00:00:00.0015199" startTime="2010-10-17T14:29:38.8035560-05:00" endTime="2010-10-17T14:29:38.8125565-05:00" testType="13cdc9d9-ddb5-4fa4-a97d-d965ccfc6d4b" outcome="Passed" testListId="8c84fa94-04c1-424b-9868-57a2d4851a1d" relativeResultsDirectory="ea6972c8-6959-483f-bbb5-c16fd496cfff">
    </UnitTestResult>
    <UnitTestResult executionId="f77c2077-2681-434f-830c-0f994a94d8c5" testId="d646a28e-30d8-4c55-0af1-38d31ab16a6a" testName="should_decrement_number_of_zombies_by_users_attack_power_on_successful_hunt" computerName="JUSTIN-LAPTOP" duration="00:00:00.0161365" startTime="2010-10-17T14:29:38.8135565-05:00" endTime="2010-10-17T14:29:38.8345577-05:00" testType="13cdc9d9-ddb5-4fa4-a97d-d965ccfc6d4b" outcome="Passed" testListId="8c84fa94-04c1-424b-9868-57a2d4851a1d" relativeResultsDirectory="f77c2077-2681-434f-830c-0f994a94d8c5">
    </UnitTestResult>
    <UnitTestResult executionId="2c94cf6f-57af-4bfa-9f73-085d238e364d" testId="d688d02d-3269-304b-a6e8-10e959d858db" testName="should_return_last_energy_saved_If_there_is_no_difference_between_the_current_time_passed_in_and_the_last_saved_energy_from_the_repository" computerName="JUSTIN-LAPTOP" duration="00:00:00.0062747" startTime="2010-10-17T14:29:38.8375579-05:00" endTime="2010-10-17T14:29:38.8505586-05:00" testType="13cdc9d9-ddb5-4fa4-a97d-d965ccfc6d4b" outcome="Passed" testListId="8c84fa94-04c1-424b-9868-57a2d4851a1d" relativeResultsDirectory="2c94cf6f-57af-4bfa-9f73-085d238e364d">
    </UnitTestResult>
    <UnitTestResult executionId="0f8992e0-7b96-4da2-97ef-b246102efede" testId="d6a3e7bf-2e31-3f07-2490-3e67884ebb4a" testName="should_retrieve_safe_house_item_id" computerName="JUSTIN-LAPTOP" duration="00:00:00.0323095" startTime="2010-10-17T14:29:38.8525588-05:00" endTime="2010-10-17T14:29:38.8895609-05:00" testType="13cdc9d9-ddb5-4fa4-a97d-d965ccfc6d4b" outcome="Passed" testListId="8c84fa94-04c1-424b-9868-57a2d4851a1d" relativeResultsDirectory="0f8992e0-7b96-4da2-97ef-b246102efede">
    </UnitTestResult>
    <UnitTestResult executionId="61c230ea-e5cf-4ef9-9112-6cb5a168dba7" testId="d8a245d8-8db6-bd87-8600-23c0fc08446c" testName="should_return_0_if_user_does_not_exist" computerName="JUSTIN-LAPTOP" duration="00:00:00.0020868" startTime="2010-10-17T14:29:38.8945612-05:00" endTime="2010-10-17T14:29:38.9025616-05:00" testType="13cdc9d9-ddb5-4fa4-a97d-d965ccfc6d4b" outcome="Passed" testListId="8c84fa94-04c1-424b-9868-57a2d4851a1d" relativeResultsDirectory="61c230ea-e5cf-4ef9-9112-6cb5a168dba7">
    </UnitTestResult>
    <UnitTestResult executionId="887a815d-baea-4fa7-8d98-081554a7a77a" testId="d8cfd2cc-f7c2-fb7c-2948-c14069a906b1" testName="should_determine_base_line_for_user_that_changes_hotzones" computerName="JUSTIN-LAPTOP" duration="00:00:00.0163776" startTime="2010-10-17T14:29:38.9045617-05:00" endTime="2010-10-17T14:29:38.9265630-05:00" testType="13cdc9d9-ddb5-4fa4-a97d-d965ccfc6d4b" outcome="Passed" testListId="8c84fa94-04c1-424b-9868-57a2d4851a1d" relativeResultsDirectory="887a815d-baea-4fa7-8d98-081554a7a77a">
    </UnitTestResult>
    <UnitTestResult executionId="c29efb16-907d-4869-b00f-2c83f146445c" testId="d9751d6d-b53f-ae7f-743d-a442b6a2d81c" testName="when_checking_user_level_and_zombie_kills_to_update_attributes_should_not_update_if_not_enough_zombie_kills" computerName="JUSTIN-LAPTOP" duration="00:00:00.0023988" startTime="2010-10-17T14:29:38.9315633-05:00" endTime="2010-10-17T14:29:38.9395637-05:00" testType="13cdc9d9-ddb5-4fa4-a97d-d965ccfc6d4b" outcome="Passed" testListId="8c84fa94-04c1-424b-9868-57a2d4851a1d" relativeResultsDirectory="c29efb16-907d-4869-b00f-2c83f146445c">
    </UnitTestResult>
    <UnitTestResult executionId="888276da-f217-4bd1-90a0-00151de439dc" testId="d9cc8fd3-0870-25cd-301c-1c45a9609c32" testName="should_update_zone_user_is_in" computerName="JUSTIN-LAPTOP" duration="00:00:00.0310084" startTime="2010-10-17T14:29:38.9455641-05:00" endTime="2010-10-17T14:29:38.9825662-05:00" testType="13cdc9d9-ddb5-4fa4-a97d-d965ccfc6d4b" outcome="Passed" testListId="8c84fa94-04c1-424b-9868-57a2d4851a1d" relativeResultsDirectory="888276da-f217-4bd1-90a0-00151de439dc">
    </UnitTestResult>
    <UnitTestResult executionId="f76f4c48-bb3e-45ac-ad14-7f727447cbb6" testId="d9d60eb2-6c40-96e0-e46e-37fba7b51acb" testName="should_return_achievement_for_collecting_100_dollars" computerName="JUSTIN-LAPTOP" duration="00:00:00.0015021" startTime="2010-10-17T14:29:38.9865664-05:00" endTime="2010-10-17T14:29:38.9955669-05:00" testType="13cdc9d9-ddb5-4fa4-a97d-d965ccfc6d4b" outcome="Passed" testListId="8c84fa94-04c1-424b-9868-57a2d4851a1d" relativeResultsDirectory="f76f4c48-bb3e-45ac-ad14-7f727447cbb6">
    </UnitTestResult>
    <UnitTestResult executionId="7ae296a5-cc6e-410b-be7b-ad100ca6a90f" testId="da679302-1a0c-b7f2-1c7e-e59bb2763f0f" testName="should_return_null_for_last_saved_energy_if_user_exists_but_energy_is_null" computerName="JUSTIN-LAPTOP" duration="00:00:00.0392513" startTime="2010-10-17T14:29:38.9975671-05:00" endTime="2010-10-17T14:29:39.0435697-05:00" testType="13cdc9d9-ddb5-4fa4-a97d-d965ccfc6d4b" outcome="Passed" testListId="8c84fa94-04c1-424b-9868-57a2d4851a1d" relativeResultsDirectory="7ae296a5-cc6e-410b-be7b-ad100ca6a90f">
    </UnitTestResult>
    <UnitTestResult executionId="e28b4650-47d9-42f2-afed-5563615955e0" testId="db113e6e-fe96-562f-4c9e-fac3dbaaeedc" testName="should_return_one_for_attack_power_if_user_exists_but_does_not_have_any_inventory" computerName="JUSTIN-LAPTOP" duration="00:00:00.0067087" startTime="2010-10-17T14:29:39.0455698-05:00" endTime="2010-10-17T14:29:39.0575705-05:00" testType="13cdc9d9-ddb5-4fa4-a97d-d965ccfc6d4b" outcome="Passed" testListId="8c84fa94-04c1-424b-9868-57a2d4851a1d" relativeResultsDirectory="e28b4650-47d9-42f2-afed-5563615955e0">
    </UnitTestResult>
    <UnitTestResult executionId="d9699a17-6751-4cc9-a6b6-4551a0798465" testId="db2cbd38-a14d-b06e-fd2b-542b84645680" testName="should_add_money_passed_in_to_money_of_the_current_user" computerName="JUSTIN-LAPTOP" duration="00:00:00.0252798" startTime="2010-10-17T14:29:39.0585705-05:00" endTime="2010-10-17T14:29:39.0895723-05:00" testType="13cdc9d9-ddb5-4fa4-a97d-d965ccfc6d4b" outcome="Passed" testListId="8c84fa94-04c1-424b-9868-57a2d4851a1d" relativeResultsDirectory="d9699a17-6751-4cc9-a6b6-4551a0798465">
    </UnitTestResult>
    <UnitTestResult executionId="e6b0b86b-34fe-4447-84a3-fcbe3ea1a88f" testId="dcd64675-21d8-0b9a-9cf5-ac50822ee771" testName="should_return_null_for_base_sight_radius_if_user_does_not_exist" computerName="JUSTIN-LAPTOP" duration="00:00:00.0204128" startTime="2010-10-17T14:29:39.0905724-05:00" endTime="2010-10-17T14:29:39.1155738-05:00" testType="13cdc9d9-ddb5-4fa4-a97d-d965ccfc6d4b" outcome="Passed" testListId="8c84fa94-04c1-424b-9868-57a2d4851a1d" relativeResultsDirectory="e6b0b86b-34fe-4447-84a3-fcbe3ea1a88f">
    </UnitTestResult>
    <UnitTestResult executionId="cf7ab21f-5a70-4ee1-9ae9-bfac9bb4c39e" testId="dcf1db6a-6e15-f745-8c61-5c0cbc68681f" testName="should_throw_exception_if_update_on_baseline_is_done_on_user_that_doest_exist" computerName="JUSTIN-LAPTOP" duration="00:00:00.0211908" startTime="2010-10-17T14:29:39.1165739-05:00" endTime="2010-10-17T14:29:39.1425754-05:00" testType="13cdc9d9-ddb5-4fa4-a97d-d965ccfc6d4b" outcome="Passed" testListId="8c84fa94-04c1-424b-9868-57a2d4851a1d" relativeResultsDirectory="cf7ab21f-5a70-4ee1-9ae9-bfac9bb4c39e">
    </UnitTestResult>
    <UnitTestResult executionId="d06c321d-85c3-42b9-869a-5c0bd0d856be" testId="de169ee4-3985-9538-838d-f920eef5b26b" testName="should_retrieve_miles_traveled_for_user_that_exists" computerName="JUSTIN-LAPTOP" duration="00:00:00.0156681" startTime="2010-10-17T14:29:39.1435754-05:00" endTime="2010-10-17T14:29:39.1635766-05:00" testType="13cdc9d9-ddb5-4fa4-a97d-d965ccfc6d4b" outcome="Passed" testListId="8c84fa94-04c1-424b-9868-57a2d4851a1d" relativeResultsDirectory="d06c321d-85c3-42b9-869a-5c0bd0d856be">
    </UnitTestResult>
    <UnitTestResult executionId="6df2dafc-3179-4de9-9dff-ccbdfa7db507" testId="dfea3fa1-b295-8c05-710e-e2cb6ce3f9d6" testName="should_return_min_sight_radius_if_calculated_sight_for_time_passed_in_is_less_than_min_sight_radius_of_user" computerName="JUSTIN-LAPTOP" duration="00:00:00.0077963" startTime="2010-10-17T14:29:39.1655767-05:00" endTime="2010-10-17T14:29:39.1805775-05:00" testType="13cdc9d9-ddb5-4fa4-a97d-d965ccfc6d4b" outcome="Passed" testListId="8c84fa94-04c1-424b-9868-57a2d4851a1d" relativeResultsDirectory="6df2dafc-3179-4de9-9dff-ccbdfa7db507">
    </UnitTestResult>
    <UnitTestResult executionId="9f05fbf2-af0c-434b-b286-6e676227b776" testId="e08ed2a3-8471-3997-30af-ab81916e00cb" testName="should_return_false_if_hotzone_is_not_a_starting_hotzone" computerName="JUSTIN-LAPTOP" duration="00:00:00.0420291" startTime="2010-10-17T14:29:39.1825776-05:00" endTime="2010-10-17T14:29:39.2295803-05:00" testType="13cdc9d9-ddb5-4fa4-a97d-d965ccfc6d4b" outcome="Passed" testListId="8c84fa94-04c1-424b-9868-57a2d4851a1d" relativeResultsDirectory="9f05fbf2-af0c-434b-b286-6e676227b776">
    </UnitTestResult>
    <UnitTestResult executionId="5d614e8a-d4fb-438f-9cdf-ce66c395c5a9" testId="e1d44afa-1394-6d68-cf3a-361e5ec94e83" testName="should_throw_exception_when_retrieving_user_level_and_user_does_not_exist" computerName="JUSTIN-LAPTOP" duration="00:00:00.0378845" startTime="2010-10-17T14:29:39.2305804-05:00" endTime="2010-10-17T14:29:39.2765830-05:00" testType="13cdc9d9-ddb5-4fa4-a97d-d965ccfc6d4b" outcome="Passed" testListId="8c84fa94-04c1-424b-9868-57a2d4851a1d" relativeResultsDirectory="5d614e8a-d4fb-438f-9cdf-ce66c395c5a9">
    </UnitTestResult>
    <UnitTestResult executionId="ebe4985d-ad8b-4fab-a193-23245e0c4098" testId="e26f0cbc-ec75-e273-f755-4a50e6a1f30a" testName="should_return_hotzone_id_containing_zombie_pack" computerName="JUSTIN-LAPTOP" duration="00:00:00.0909660" startTime="2010-10-17T14:29:39.2785831-05:00" endTime="2010-10-17T14:29:39.3745886-05:00" testType="13cdc9d9-ddb5-4fa4-a97d-d965ccfc6d4b" outcome="Passed" testListId="8c84fa94-04c1-424b-9868-57a2d4851a1d" relativeResultsDirectory="ebe4985d-ad8b-4fab-a193-23245e0c4098">
    </UnitTestResult>
    <UnitTestResult executionId="769232e0-d897-4e95-8b45-058a462e0765" testId="e2e442ef-e02c-6299-5fbd-dd49fb1d3672" testName="should_calculate_eastern_point" computerName="JUSTIN-LAPTOP" duration="00:00:00.0006479" startTime="2010-10-17T14:29:39.3755887-05:00" endTime="2010-10-17T14:29:39.3815890-05:00" testType="13cdc9d9-ddb5-4fa4-a97d-d965ccfc6d4b" outcome="Passed" testListId="8c84fa94-04c1-424b-9868-57a2d4851a1d" relativeResultsDirectory="769232e0-d897-4e95-8b45-058a462e0765">
    </UnitTestResult>
    <UnitTestResult executionId="ba377946-5882-4ee6-bcf6-f8f7370b91e3" testId="e4615602-9641-d148-59c9-84c9addeee4f" testName="should_record_zombiepack_destoryed_if_zombiepack_cleared" computerName="JUSTIN-LAPTOP" duration="00:00:00.0184073" startTime="2010-10-17T14:29:39.3835891-05:00" endTime="2010-10-17T14:29:39.4085906-05:00" testType="13cdc9d9-ddb5-4fa4-a97d-d965ccfc6d4b" outcome="Passed" testListId="8c84fa94-04c1-424b-9868-57a2d4851a1d" relativeResultsDirectory="ba377946-5882-4ee6-bcf6-f8f7370b91e3">
    </UnitTestResult>
    <UnitTestResult executionId="197009cf-6d3c-48ea-a148-2131aa2c3f09" testId="e47b507d-8276-c45e-8213-bc71e7175571" testName="should_return_achievement_for_traveling_1000_miles" computerName="JUSTIN-LAPTOP" duration="00:00:00.0020868" startTime="2010-10-17T14:29:39.4105907-05:00" endTime="2010-10-17T14:29:39.4185911-05:00" testType="13cdc9d9-ddb5-4fa4-a97d-d965ccfc6d4b" outcome="Passed" testListId="8c84fa94-04c1-424b-9868-57a2d4851a1d" relativeResultsDirectory="197009cf-6d3c-48ea-a148-2131aa2c3f09">
    </UnitTestResult>
    <UnitTestResult executionId="461c3d4c-1614-49f8-82dc-2cac8150f403" testId="e6a8c00a-faa8-0745-e831-40d2f4668ade" testName="should_record_peak_zombies_destroyed" computerName="JUSTIN-LAPTOP" duration="00:00:00.0187348" startTime="2010-10-17T14:29:39.4205913-05:00" endTime="2010-10-17T14:29:39.4445926-05:00" testType="13cdc9d9-ddb5-4fa4-a97d-d965ccfc6d4b" outcome="Passed" testListId="8c84fa94-04c1-424b-9868-57a2d4851a1d" relativeResultsDirectory="461c3d4c-1614-49f8-82dc-2cac8150f403">
    </UnitTestResult>
    <UnitTestResult executionId="51ba5b85-00fa-4b0c-ae14-669e3178344d" testId="e714817d-ce86-8716-57bb-b981b1597240" testName="should_not_hunt_if_user_is_not_at_zombie_pack_longitude" computerName="JUSTIN-LAPTOP" duration="00:00:00.0120799" startTime="2010-10-17T14:29:39.4465927-05:00" endTime="2010-10-17T14:29:39.4655938-05:00" testType="13cdc9d9-ddb5-4fa4-a97d-d965ccfc6d4b" outcome="Passed" testListId="8c84fa94-04c1-424b-9868-57a2d4851a1d" relativeResultsDirectory="51ba5b85-00fa-4b0c-ae14-669e3178344d">
    </UnitTestResult>
    <UnitTestResult executionId="8089b7c7-bcdc-4246-8682-5a5d9b9bcef2" testId="e731ae20-c844-7455-5d52-ca6eb82eb8c1" testName="should_return_achievement_for_killing_10_zombies" computerName="JUSTIN-LAPTOP" duration="00:00:00.0020678" startTime="2010-10-17T14:29:39.4675939-05:00" endTime="2010-10-17T14:29:39.4755944-05:00" testType="13cdc9d9-ddb5-4fa4-a97d-d965ccfc6d4b" outcome="Passed" testListId="8c84fa94-04c1-424b-9868-57a2d4851a1d" relativeResultsDirectory="8089b7c7-bcdc-4246-8682-5a5d9b9bcef2">
    </UnitTestResult>
    <UnitTestResult executionId="55785d6d-9a2b-4369-a578-6ddc7422cdae" testId="e9706036-01bc-4fd1-60c9-f67ac8f10adb" testName="should_disregard_one_use_items_that_can_be_bought" computerName="JUSTIN-LAPTOP" duration="00:00:00.0085160" startTime="2010-10-17T14:29:39.4775945-05:00" endTime="2010-10-17T14:29:39.4945955-05:00" testType="13cdc9d9-ddb5-4fa4-a97d-d965ccfc6d4b" outcome="Passed" testListId="8c84fa94-04c1-424b-9868-57a2d4851a1d" relativeResultsDirectory="55785d6d-9a2b-4369-a578-6ddc7422cdae">
    </UnitTestResult>
    <UnitTestResult executionId="6377079b-5a15-4de4-a5ae-2e02adfab42a" testId="e9fab572-8fef-43db-2f81-87bc2fbad50f" testName="should_save_item" computerName="JUSTIN-LAPTOP" duration="00:00:00.0441374" startTime="2010-10-17T14:29:39.4965956-05:00" endTime="2010-10-17T14:29:39.5465985-05:00" testType="13cdc9d9-ddb5-4fa4-a97d-d965ccfc6d4b" outcome="Passed" testListId="8c84fa94-04c1-424b-9868-57a2d4851a1d" relativeResultsDirectory="6377079b-5a15-4de4-a5ae-2e02adfab42a">
    </UnitTestResult>
    <UnitTestResult executionId="118f415a-c720-43af-9d47-3ddaaa1951b4" testId="ea325b6e-c3ab-3827-d099-c8e61f5a4b92" testName="should_save_user_sight_radius" computerName="JUSTIN-LAPTOP" duration="00:00:00.0222942" startTime="2010-10-17T14:29:39.5485986-05:00" endTime="2010-10-17T14:29:39.5756001-05:00" testType="13cdc9d9-ddb5-4fa4-a97d-d965ccfc6d4b" outcome="Passed" testListId="8c84fa94-04c1-424b-9868-57a2d4851a1d" relativeResultsDirectory="118f415a-c720-43af-9d47-3ddaaa1951b4">
    </UnitTestResult>
    <UnitTestResult executionId="631d90d9-da71-485b-843e-9ea4feaf51a7" testId="eaf1ea02-9828-2113-565b-2356e5e99e6b" testName="should_disregard_if_store_does_not_exist" computerName="JUSTIN-LAPTOP" duration="00:00:00.0116196" startTime="2010-10-17T14:29:39.5766002-05:00" endTime="2010-10-17T14:29:39.5936011-05:00" testType="13cdc9d9-ddb5-4fa4-a97d-d965ccfc6d4b" outcome="Passed" testListId="8c84fa94-04c1-424b-9868-57a2d4851a1d" relativeResultsDirectory="631d90d9-da71-485b-843e-9ea4feaf51a7">
    </UnitTestResult>
    <UnitTestResult executionId="5a741559-d49c-47c4-8e01-2952ff244862" testId="eb7106dc-eb88-ec99-7bfd-0b16f51297ea" testName="should_increment_accumulated_money" computerName="JUSTIN-LAPTOP" duration="00:00:00.0238097" startTime="2010-10-17T14:29:39.5936011-05:00" endTime="2010-10-17T14:29:39.6226028-05:00" testType="13cdc9d9-ddb5-4fa4-a97d-d965ccfc6d4b" outcome="Passed" testListId="8c84fa94-04c1-424b-9868-57a2d4851a1d" relativeResultsDirectory="5a741559-d49c-47c4-8e01-2952ff244862">
    </UnitTestResult>
    <UnitTestResult executionId="f1995274-8f7b-4e16-81e9-fc4a8d75bebd" testId="ec86a5c7-025b-b62c-fbf3-4b0194192c0a" testName="should_throw_exception_if_update_on_last_visit_hotzone_is_done_on_user_that_doest_exist" computerName="JUSTIN-LAPTOP" duration="00:00:00.0228522" startTime="2010-10-17T14:29:39.6236029-05:00" endTime="2010-10-17T14:29:39.6516045-05:00" testType="13cdc9d9-ddb5-4fa4-a97d-d965ccfc6d4b" outcome="Passed" testListId="8c84fa94-04c1-424b-9868-57a2d4851a1d" relativeResultsDirectory="f1995274-8f7b-4e16-81e9-fc4a8d75bebd">
    </UnitTestResult>
    <UnitTestResult executionId="27cd4bb6-cfc1-49c3-b1ad-da308237a3ba" testId="ed27cc8b-f076-d5ca-e1a7-e11e80ed7216" testName="the_attack_for_determinging_zombie_pack_difficulty_should_be_1" computerName="JUSTIN-LAPTOP" duration="00:00:00.0264813" startTime="2010-10-17T14:29:39.6526045-05:00" endTime="2010-10-17T14:29:39.6906067-05:00" testType="13cdc9d9-ddb5-4fa4-a97d-d965ccfc6d4b" outcome="Passed" testListId="8c84fa94-04c1-424b-9868-57a2d4851a1d" relativeResultsDirectory="27cd4bb6-cfc1-49c3-b1ad-da308237a3ba">
    </UnitTestResult>
    <UnitTestResult executionId="847bff21-1ead-4b86-b977-1c3d12646099" testId="ef0ae882-4dcb-0302-71db-13ab90020039" testName="should_update_users_base_energy" computerName="JUSTIN-LAPTOP" duration="00:00:00.0272002" startTime="2010-10-17T14:29:39.6966070-05:00" endTime="2010-10-17T14:29:39.7276088-05:00" testType="13cdc9d9-ddb5-4fa4-a97d-d965ccfc6d4b" outcome="Passed" testListId="8c84fa94-04c1-424b-9868-57a2d4851a1d" relativeResultsDirectory="847bff21-1ead-4b86-b977-1c3d12646099">
    </UnitTestResult>
    <UnitTestResult executionId="5c5fd413-d8b0-416d-949b-b900199e097f" testId="ef68a9ee-23ea-2d7b-e344-622c97db6fd2" testName="should_return_false_if_user_does_not_have_item" computerName="JUSTIN-LAPTOP" duration="00:00:00.0302146" startTime="2010-10-17T14:29:39.7296089-05:00" endTime="2010-10-17T14:29:39.7646109-05:00" testType="13cdc9d9-ddb5-4fa4-a97d-d965ccfc6d4b" outcome="Passed" testListId="8c84fa94-04c1-424b-9868-57a2d4851a1d" relativeResultsDirectory="5c5fd413-d8b0-416d-949b-b900199e097f">
    </UnitTestResult>
    <UnitTestResult executionId="bb1b42a6-c552-4ad3-b717-b1d88d60c508" testId="efd3fdf9-6214-c49f-4a2b-bfb2fe87d588" testName="should_return_last_saved_sight_radius_for_user" computerName="JUSTIN-LAPTOP" duration="00:00:00.0244658" startTime="2010-10-17T14:29:39.7656110-05:00" endTime="2010-10-17T14:29:39.7956127-05:00" testType="13cdc9d9-ddb5-4fa4-a97d-d965ccfc6d4b" outcome="Passed" testListId="8c84fa94-04c1-424b-9868-57a2d4851a1d" relativeResultsDirectory="bb1b42a6-c552-4ad3-b717-b1d88d60c508">
    </UnitTestResult>
    <UnitTestResult executionId="efe17808-0f16-48c0-ae6d-4785ea8dba72" testId="f0a78964-7df7-6d28-3ebe-f82c2151fafb" testName="should_return_calcuated_energy_for_user_based_on_minutes_passed_since_last_saved_energy" computerName="JUSTIN-LAPTOP" duration="00:00:00.0080561" startTime="2010-10-17T14:29:39.7966128-05:00" endTime="2010-10-17T14:29:39.8096135-05:00" testType="13cdc9d9-ddb5-4fa4-a97d-d965ccfc6d4b" outcome="Passed" testListId="8c84fa94-04c1-424b-9868-57a2d4851a1d" relativeResultsDirectory="efe17808-0f16-48c0-ae6d-4785ea8dba72">
    </UnitTestResult>
    <UnitTestResult executionId="d9711680-4165-48d1-a744-e3117ff419ea" testId="f171bbe9-81e2-ed24-643d-8a7305f52326" testName="should_return_null_for_last_saved_sight_radius_if_user_does_not_exist" computerName="JUSTIN-LAPTOP" duration="00:00:00.0192344" startTime="2010-10-17T14:29:39.8106136-05:00" endTime="2010-10-17T14:29:39.8336149-05:00" testType="13cdc9d9-ddb5-4fa4-a97d-d965ccfc6d4b" outcome="Passed" testListId="8c84fa94-04c1-424b-9868-57a2d4851a1d" relativeResultsDirectory="d9711680-4165-48d1-a744-e3117ff419ea">
    </UnitTestResult>
    <UnitTestResult executionId="5d3114a9-f59b-43a5-a86d-8dcc0137edc8" testId="f3417486-69dc-de2a-dd50-52fd43d006f5" testName="should_remove_safe_house_item" computerName="JUSTIN-LAPTOP" duration="00:00:00.0362823" startTime="2010-10-17T14:29:39.8346149-05:00" endTime="2010-10-17T14:29:39.8746172-05:00" testType="13cdc9d9-ddb5-4fa4-a97d-d965ccfc6d4b" outcome="Passed" testListId="8c84fa94-04c1-424b-9868-57a2d4851a1d" relativeResultsDirectory="5d3114a9-f59b-43a5-a86d-8dcc0137edc8">
    </UnitTestResult>
    <UnitTestResult executionId="51441b4d-e024-4444-9dc8-ed8e8ec51dec" testId="f395261d-5bed-0fbe-8f0d-91e27b638206" testName="should_calculate_miles_between_two_points" computerName="JUSTIN-LAPTOP" duration="00:00:00.0009259" startTime="2010-10-17T14:29:39.8756173-05:00" endTime="2010-10-17T14:29:39.8816176-05:00" testType="13cdc9d9-ddb5-4fa4-a97d-d965ccfc6d4b" outcome="Passed" testListId="8c84fa94-04c1-424b-9868-57a2d4851a1d" relativeResultsDirectory="51441b4d-e024-4444-9dc8-ed8e8ec51dec">
    </UnitTestResult>
    <UnitTestResult executionId="231765bc-1df8-498d-be05-3af94598e986" testId="f3fa3c96-f413-1277-0bee-c65969207b6c" testName="should_increment_zombies_killed_for_user" computerName="JUSTIN-LAPTOP" duration="00:00:00.0211024" startTime="2010-10-17T14:29:39.8826177-05:00" endTime="2010-10-17T14:29:39.9086192-05:00" testType="13cdc9d9-ddb5-4fa4-a97d-d965ccfc6d4b" outcome="Passed" testListId="8c84fa94-04c1-424b-9868-57a2d4851a1d" relativeResultsDirectory="231765bc-1df8-498d-be05-3af94598e986">
    </UnitTestResult>
    <UnitTestResult executionId="b3dfb290-f91d-42ba-9007-a45069912421" testId="f503de55-2c95-f110-a46c-919d6f50e064" testName="should_return_achievement_for_destroying_hotzone" computerName="JUSTIN-LAPTOP" duration="00:00:00.0019912" startTime="2010-10-17T14:29:39.9116193-05:00" endTime="2010-10-17T14:29:39.9206199-05:00" testType="13cdc9d9-ddb5-4fa4-a97d-d965ccfc6d4b" outcome="Passed" testListId="8c84fa94-04c1-424b-9868-57a2d4851a1d" relativeResultsDirectory="b3dfb290-f91d-42ba-9007-a45069912421">
    </UnitTestResult>
    <UnitTestResult executionId="3cbf3a7a-091c-4a6e-a742-c48c6f426349" testId="f5ca8613-0214-ec34-e723-d1095b6a17b4" testName="the_starting_location_should_be_saved" computerName="JUSTIN-LAPTOP" duration="00:00:00.0257094" startTime="2010-10-17T14:29:39.9246201-05:00" endTime="2010-10-17T14:29:39.9556219-05:00" testType="13cdc9d9-ddb5-4fa4-a97d-d965ccfc6d4b" outcome="Passed" testListId="8c84fa94-04c1-424b-9868-57a2d4851a1d" relativeResultsDirectory="3cbf3a7a-091c-4a6e-a742-c48c6f426349">
    </UnitTestResult>
    <UnitTestResult executionId="2065ea70-2877-4dd6-9312-ab2dc0767f6f" testId="f6ae9d1e-5852-50cb-8378-e1ac4634a91b" testName="should_return_0_for_base_energy" computerName="JUSTIN-LAPTOP" duration="00:00:00.0259343" startTime="2010-10-17T14:29:39.9576220-05:00" endTime="2010-10-17T14:29:39.9886237-05:00" testType="13cdc9d9-ddb5-4fa4-a97d-d965ccfc6d4b" outcome="Passed" testListId="8c84fa94-04c1-424b-9868-57a2d4851a1d" relativeResultsDirectory="2065ea70-2877-4dd6-9312-ab2dc0767f6f">
    </UnitTestResult>
    <UnitTestResult executionId="c491f8be-676a-46b1-9bd7-dc6e9cad371b" testId="f6ef8399-e04f-58b6-2ee9-2d40209a41f1" testName="should_truncate_seconds_and_milliseconds_from_times_that_are_being_used_for_calculating_sight_radius" computerName="JUSTIN-LAPTOP" duration="00:00:00.0078316" startTime="2010-10-17T14:29:39.9896238-05:00" endTime="2010-10-17T14:29:40.0036246-05:00" testType="13cdc9d9-ddb5-4fa4-a97d-d965ccfc6d4b" outcome="Passed" testListId="8c84fa94-04c1-424b-9868-57a2d4851a1d" relativeResultsDirectory="c491f8be-676a-46b1-9bd7-dc6e9cad371b">
    </UnitTestResult>
    <UnitTestResult executionId="7fc2ecc7-f668-45cc-8669-f8ceb7044a85" testId="f9b81dce-55e1-263a-0b23-09249cae8cd4" testName="should_return_correct_base_attack_power_for_given_level" computerName="JUSTIN-LAPTOP" duration="00:00:00.0005883" startTime="2010-10-17T14:29:40.0046247-05:00" endTime="2010-10-17T14:29:40.0106250-05:00" testType="13cdc9d9-ddb5-4fa4-a97d-d965ccfc6d4b" outcome="Passed" testListId="8c84fa94-04c1-424b-9868-57a2d4851a1d" relativeResultsDirectory="7fc2ecc7-f668-45cc-8669-f8ceb7044a85">
    </UnitTestResult>
    <UnitTestResult executionId="3ae0bef8-f015-4f31-9ee7-aa1d63a9be71" testId="f9c3b8d4-44eb-d441-d7b4-5980f2089bf1" testName="should_save_user_item_in_safe_house" computerName="JUSTIN-LAPTOP" duration="00:00:00.0436840" startTime="2010-10-17T14:29:40.0126251-05:00" endTime="2010-10-17T14:29:40.0626280-05:00" testType="13cdc9d9-ddb5-4fa4-a97d-d965ccfc6d4b" outcome="Passed" testListId="8c84fa94-04c1-424b-9868-57a2d4851a1d" relativeResultsDirectory="3ae0bef8-f015-4f31-9ee7-aa1d63a9be71">
    </UnitTestResult>
    <UnitTestResult executionId="4b57ff07-3fbc-48b1-b002-2272f12bcaa5" testId="facd1619-809e-3892-1c5d-a369458909c6" testName="should_throw_error_if_user_does_not_exist" computerName="JUSTIN-LAPTOP" duration="00:00:00.0191987" startTime="2010-10-17T14:29:40.0636280-05:00" endTime="2010-10-17T14:29:40.0866293-05:00" testType="13cdc9d9-ddb5-4fa4-a97d-d965ccfc6d4b" outcome="Passed" testListId="8c84fa94-04c1-424b-9868-57a2d4851a1d" relativeResultsDirectory="4b57ff07-3fbc-48b1-b002-2272f12bcaa5">
    </UnitTestResult>
    <UnitTestResult executionId="d2ded153-2e09-43bf-833a-349beb2d8f88" testId="fb8ca09b-7f12-89fe-19bf-bcebd7198872" testName="should_retrieve_user_current_item_slot_capacity" computerName="JUSTIN-LAPTOP" duration="00:00:00.0195525" startTime="2010-10-17T14:29:40.0876294-05:00" endTime="2010-10-17T14:29:40.1116308-05:00" testType="13cdc9d9-ddb5-4fa4-a97d-d965ccfc6d4b" outcome="Passed" testListId="8c84fa94-04c1-424b-9868-57a2d4851a1d" relativeResultsDirectory="d2ded153-2e09-43bf-833a-349beb2d8f88">
    </UnitTestResult>
    <UnitTestResult executionId="5016a0a8-28a2-4b53-a74b-b02c9560833d" testId="fda20422-40a9-5283-8a02-f548ab2ba5fd" testName="should_disregard_if_safe_house_does_not_exist" computerName="JUSTIN-LAPTOP" duration="00:00:00.0067026" startTime="2010-10-17T14:29:40.1146309-05:00" endTime="2010-10-17T14:29:40.1266316-05:00" testType="13cdc9d9-ddb5-4fa4-a97d-d965ccfc6d4b" outcome="Passed" testListId="8c84fa94-04c1-424b-9868-57a2d4851a1d" relativeResultsDirectory="5016a0a8-28a2-4b53-a74b-b02c9560833d">
    </UnitTestResult>
  </Results>
</TestRun>