<?xml version="1.0" encoding="UTF-8"?>
<TestRun id="4d3d991e-5724-4740-88c7-203aa9d1f533" name="juwilliams@1WJ93R1-JWILLIA 2012-08-20 13:35:46" runUser="MEDASSETS\juwilliams" xmlns="http://microsoft.com/schemas/VisualStudio/TeamTest/2010">
  <TestSettings name="Local" id="ea36617e-255b-41c6-a9d8-bdc56b785769">
    <Description>These are default test settings for a local test run.</Description>
    <Deployment runDeploymentRoot="juwilliams_1WJ93R1-JWILLIA 2012-08-20 13_35_46">
      <DeploymentItem filename="c:\Users\juwilliams\Desktop\Personal\Undead-Planet\UndeadEarth.Model\bin\Debug\UndeadEarth.Model.dll" />
      <DeploymentItem filename="c:\Users\juwilliams\Desktop\Personal\Undead-Planet\External Assemblies\Microsoft.Practices.Unity.Configuration.dll" />
      <DeploymentItem filename="c:\Users\juwilliams\Desktop\Personal\Undead-Planet\External Assemblies\Moq.dll" />
      <DeploymentItem filename="c:\Users\juwilliams\Desktop\Personal\Undead-Planet\UndeadEarth.Contract\bin\Debug\UndeadEarth.Contract.dll" />
      <DeploymentItem filename="c:\Users\juwilliams\Desktop\Personal\Undead-Planet\External Assemblies\Microsoft.Practices.Unity.dll" />
      <DeploymentItem filename="c:\Users\juwilliams\Desktop\Personal\Undead-Planet\UndeadEarth.Dal\bin\Debug\UndeadEarth.Dal.dll" />
      <DeploymentItem filename="c:\Users\juwilliams\Desktop\Personal\Undead-Planet\External Assemblies\Microsoft.Practices.ObjectBuilder2.dll" />
    </Deployment>
    <Execution>
      <TestTypeSpecific>
        <UnitTestRunConfig testTypeId="13cdc9d9-ddb5-4fa4-a97d-d965ccfc6d4b">
          <AssemblyResolution>
            <TestDirectory useLoadContext="true" />
          </AssemblyResolution>
        </UnitTestRunConfig>
        <WebTestRunConfiguration testTypeId="4e7599fa-5ecb-43e9-a887-cd63cf72d207">
          <Browser name="Internet Explorer 7.0">
            <Headers>
              <Header name="User-Agent" value="Mozilla/4.0 (compatible; MSIE 7.0; Windows NT 5.1)" />
              <Header name="Accept" value="*/*" />
              <Header name="Accept-Language" value="{{$IEAcceptLanguage}}" />
              <Header name="Accept-Encoding" value="GZIP" />
            </Headers>
          </Browser>
        </WebTestRunConfiguration>
      </TestTypeSpecific>
      <AgentRule name="LocalMachineDefaultRole">
        <DataCollectors>
          <DataCollector uri="datacollector://microsoft/CodeCoverage/1.0" assemblyQualifiedName="Microsoft.VisualStudio.TestTools.CodeCoverage.CoveragePlugIn, Microsoft.VisualStudio.QualityTools.Plugins.CodeCoverage, Version=10.0.0.0, Culture=neutral, PublicKeyToken=b03f5f7f11d50a3a" friendlyName="Code Coverage" enabled="false">
            <Configuration>
              <CodeCoverage xmlns="">
                <Regular>
                  <CodeCoverageItem binaryFile="UndeadEarth.Dal\bin\Debug\UndeadEarth.Dal.dll" pdbFile="UndeadEarth.Dal\bin\Debug\UndeadEarth.Dal.pdb" instrumentInPlace="true" />
                  <CodeCoverageItem binaryFile="UndeadEarth.Model\bin\Debug\UndeadEarth.Model.dll" pdbFile="UndeadEarth.Model\bin\Debug\UndeadEarth.Model.pdb" instrumentInPlace="true" />
                  <CodeCoverageItem binaryFile="UndeadEarth.Contract\bin\Debug\UndeadEarth.Contract.dll" pdbFile="UndeadEarth.Contract\bin\Debug\UndeadEarth.Contract.pdb" instrumentInPlace="true" />
                </Regular>
              </CodeCoverage>
            </Configuration>
          </DataCollector>
        </DataCollectors>
      </AgentRule>
    </Execution>
  </TestSettings>
  <Times creation="2012-08-20T13:35:46.2814819-05:00" queuing="2012-08-20T13:35:46.9715509-05:00" start="2012-08-20T13:35:47.4495987-05:00" finish="2012-08-20T13:35:56.9215458-05:00" />
  <ResultSummary outcome="Completed">
    <Counters total="321" executed="321" passed="321" error="0" failed="0" timeout="0" aborted="0" inconclusive="0" passedButRunAborted="0" notRunnable="0" notExecuted="0" disconnected="0" warning="0" completed="0" inProgress="0" pending="0" />
  </ResultSummary>
  <TestDefinitions>
    <UnitTest name="should_return_hotzone_is_not_cleared_for_other_user" storage="c:\users\juwilliams\desktop\personal\undead-planet\undeadearth.test\bin\debug\undeadearth.test.dll" id="61f1fbc3-1b38-ec7e-962e-44e1959bccb8">
      <Execution id="bce41551-ff39-4d39-aafe-3e1421f73d49" />
      <TestMethod codeBase="c:/Users/juwilliams/Desktop/Personal/Undead-Planet/UndeadEarth.Test/bin/Debug/UndeadEarth.Test.DLL" adapterTypeName="Microsoft.VisualStudio.TestTools.TestTypes.Unit.UnitTestAdapter, Microsoft.VisualStudio.QualityTools.Tips.UnitTest.Adapter, Version=10.0.0.0, Culture=neutral, PublicKeyToken=b03f5f7f11d50a3a" className="UndeadEarth.Test.Dal.when_determining_if_hotzones_is_cleared, UndeadEarth.Test, Version=1.0.0.0, Culture=neutral, PublicKeyToken=null" name="should_return_hotzone_is_not_cleared_for_other_user" />
    </UnitTest>
    <UnitTest name="should_throw_error_if_trying_to_update_user_attack_power_and_user_does_not_exist" storage="c:\users\juwilliams\desktop\personal\undead-planet\undeadearth.test\bin\debug\undeadearth.test.dll" id="7c9fa0fb-7cf0-12c6-f8da-d4fb82dffc47">
      <Execution id="61e3bc58-2197-4860-a890-dda762f1ea6d" />
      <TestMethod codeBase="c:/Users/juwilliams/Desktop/Personal/Undead-Planet/UndeadEarth.Test/bin/Debug/UndeadEarth.Test.DLL" adapterTypeName="Microsoft.VisualStudio.TestTools.TestTypes.Unit.UnitTestAdapter, Microsoft.VisualStudio.QualityTools.Tips.UnitTest.Adapter, Version=10.0.0.0, Culture=neutral, PublicKeyToken=b03f5f7f11d50a3a" className="UndeadEarth.Test.Dal.when_saving_user, UndeadEarth.Test, Version=1.0.0.0, Culture=neutral, PublicKeyToken=null" name="should_throw_error_if_trying_to_update_user_attack_power_and_user_does_not_exist" />
    </UnitTest>
    <UnitTest name="should_start_with_energy_of_100" storage="c:\users\juwilliams\desktop\personal\undead-planet\undeadearth.test\bin\debug\undeadearth.test.dll" id="3b3489bf-140a-7d3d-ca59-73f946c71ab3">
      <Execution id="6d2b6902-1ad7-48a6-87de-dc551037d0df" />
      <TestMethod codeBase="c:/Users/juwilliams/Desktop/Personal/Undead-Planet/UndeadEarth.Test/bin/Debug/UndeadEarth.Test.DLL" adapterTypeName="Microsoft.VisualStudio.TestTools.TestTypes.Unit.UnitTestAdapter, Microsoft.VisualStudio.QualityTools.Tips.UnitTest.Adapter, Version=10.0.0.0, Culture=neutral, PublicKeyToken=b03f5f7f11d50a3a" className="UndeadEarth.Test.Model.when_creating_user, UndeadEarth.Test, Version=1.0.0.0, Culture=neutral, PublicKeyToken=null" name="should_start_with_energy_of_100" />
    </UnitTest>
    <UnitTest name="should_decrement_the_zombies_left_in_a_zombie_pack_after_a_hunt" storage="c:\users\juwilliams\desktop\personal\undead-planet\undeadearth.test\bin\debug\undeadearth.test.dll" id="799c0d6a-4d65-290e-a185-a723c64e9bd5">
      <Execution id="d80faa4c-39d2-4bbe-b210-3c3385e16052" />
      <TestMethod codeBase="c:/Users/juwilliams/Desktop/Personal/Undead-Planet/UndeadEarth.Test/bin/Debug/UndeadEarth.Test.DLL" adapterTypeName="Microsoft.VisualStudio.TestTools.TestTypes.Unit.UnitTestAdapter, Microsoft.VisualStudio.QualityTools.Tips.UnitTest.Adapter, Version=10.0.0.0, Culture=neutral, PublicKeyToken=b03f5f7f11d50a3a" className="UndeadEarth.Test.Model.when_hunting_for_zombies, UndeadEarth.Test, Version=1.0.0.0, Culture=neutral, PublicKeyToken=null" name="should_decrement_the_zombies_left_in_a_zombie_pack_after_a_hunt" />
    </UnitTest>
    <UnitTest name="should_return_attack_power_along_with_any_attack_power_increase_from_multiple_safehouse_items_and_user_has_no_money" storage="c:\users\juwilliams\desktop\personal\undead-planet\undeadearth.test\bin\debug\undeadearth.test.dll" id="c85e6447-a3ca-1d12-8c38-f937a72eca57">
      <Execution id="b3707c90-ec42-4e7c-8d4a-2dce2cb97783" />
      <TestMethod codeBase="c:/Users/juwilliams/Desktop/Personal/Undead-Planet/UndeadEarth.Test/bin/Debug/UndeadEarth.Test.DLL" adapterTypeName="Microsoft.VisualStudio.TestTools.TestTypes.Unit.UnitTestAdapter, Microsoft.VisualStudio.QualityTools.Tips.UnitTest.Adapter, Version=10.0.0.0, Culture=neutral, PublicKeyToken=b03f5f7f11d50a3a" className="UndeadEarth.Test.Model.when_determining_users_max_potential_attack_power, UndeadEarth.Test, Version=1.0.0.0, Culture=neutral, PublicKeyToken=null" name="should_return_attack_power_along_with_any_attack_power_increase_from_multiple_safehouse_items_and_user_has_no_money" />
    </UnitTest>
    <UnitTest name="should_hunt_if_users_has_enough_energy" storage="c:\users\juwilliams\desktop\personal\undead-planet\undeadearth.test\bin\debug\undeadearth.test.dll" id="10dff579-2252-675a-f00d-0bb39990c8c6">
      <Execution id="7f86f3cf-90bc-449c-9c2a-05d5a8a8951e" />
      <TestMethod codeBase="c:/Users/juwilliams/Desktop/Personal/Undead-Planet/UndeadEarth.Test/bin/Debug/UndeadEarth.Test.DLL" adapterTypeName="Microsoft.VisualStudio.TestTools.TestTypes.Unit.UnitTestAdapter, Microsoft.VisualStudio.QualityTools.Tips.UnitTest.Adapter, Version=10.0.0.0, Culture=neutral, PublicKeyToken=b03f5f7f11d50a3a" className="UndeadEarth.Test.Model.when_hunting_for_zombies, UndeadEarth.Test, Version=1.0.0.0, Culture=neutral, PublicKeyToken=null" name="should_hunt_if_users_has_enough_energy" />
    </UnitTest>
    <UnitTest name="should_return_zero_for_attack_power_if_user_does_not_exist" storage="c:\users\juwilliams\desktop\personal\undead-planet\undeadearth.test\bin\debug\undeadearth.test.dll" id="bb35c303-68f9-bb58-ec6c-79aa0b063947">
      <Execution id="ccbe5b3b-c477-4957-b5a9-0d26d222a678" />
      <TestMethod codeBase="c:/Users/juwilliams/Desktop/Personal/Undead-Planet/UndeadEarth.Test/bin/Debug/UndeadEarth.Test.DLL" adapterTypeName="Microsoft.VisualStudio.TestTools.TestTypes.Unit.UnitTestAdapter, Microsoft.VisualStudio.QualityTools.Tips.UnitTest.Adapter, Version=10.0.0.0, Culture=neutral, PublicKeyToken=b03f5f7f11d50a3a" className="UndeadEarth.Test.Model.when_retrieving_user_attack_power, UndeadEarth.Test, Version=1.0.0.0, Culture=neutral, PublicKeyToken=null" name="should_return_zero_for_attack_power_if_user_does_not_exist" />
    </UnitTest>
    <UnitTest name="should_set_last_saved_energy_to_max_energy_if_last_saved_energy_does_not_exist" storage="c:\users\juwilliams\desktop\personal\undead-planet\undeadearth.test\bin\debug\undeadearth.test.dll" id="3bf90928-3e3e-817d-0c2a-b114432020ae">
      <Execution id="31112fa0-22d0-413d-89bc-5e799d4990cb" />
      <TestMethod codeBase="c:/Users/juwilliams/Desktop/Personal/Undead-Planet/UndeadEarth.Test/bin/Debug/UndeadEarth.Test.DLL" adapterTypeName="Microsoft.VisualStudio.TestTools.TestTypes.Unit.UnitTestAdapter, Microsoft.VisualStudio.QualityTools.Tips.UnitTest.Adapter, Version=10.0.0.0, Culture=neutral, PublicKeyToken=b03f5f7f11d50a3a" className="UndeadEarth.Test.Model.when_determining_users_current_energy, UndeadEarth.Test, Version=1.0.0.0, Culture=neutral, PublicKeyToken=null" name="should_set_last_saved_energy_to_max_energy_if_last_saved_energy_does_not_exist" />
    </UnitTest>
    <UnitTest name="should_return_achievement_for_collecting_10000_dollars" storage="c:\users\juwilliams\desktop\personal\undead-planet\undeadearth.test\bin\debug\undeadearth.test.dll" id="166bc0da-4e9a-a151-a5ee-18d3adcd0291">
      <Execution id="6c9f3cf0-a881-42b3-8792-67eeaccf8706" />
      <TestMethod codeBase="c:/Users/juwilliams/Desktop/Personal/Undead-Planet/UndeadEarth.Test/bin/Debug/UndeadEarth.Test.DLL" adapterTypeName="Microsoft.VisualStudio.TestTools.TestTypes.Unit.UnitTestAdapter, Microsoft.VisualStudio.QualityTools.Tips.UnitTest.Adapter, Version=10.0.0.0, Culture=neutral, PublicKeyToken=b03f5f7f11d50a3a" className="UndeadEarth.Test.Model.when_retrieving_achievements, UndeadEarth.Test, Version=1.0.0.0, Culture=neutral, PublicKeyToken=null" name="should_return_achievement_for_collecting_10000_dollars" />
    </UnitTest>
    <UnitTest name="should_return_items_below_a_given_prices" storage="c:\users\juwilliams\desktop\personal\undead-planet\undeadearth.test\bin\debug\undeadearth.test.dll" id="2d393202-3b6b-ea77-5db0-849ebdcd5101">
      <Execution id="87d8eb86-bae1-4b29-824e-8aa3d432e1ca" />
      <TestMethod codeBase="c:/Users/juwilliams/Desktop/Personal/Undead-Planet/UndeadEarth.Test/bin/Debug/UndeadEarth.Test.DLL" adapterTypeName="Microsoft.VisualStudio.TestTools.TestTypes.Unit.UnitTestAdapter, Microsoft.VisualStudio.QualityTools.Tips.UnitTest.Adapter, Version=10.0.0.0, Culture=neutral, PublicKeyToken=b03f5f7f11d50a3a" className="UndeadEarth.Test.Dal.when_retrieving_items, UndeadEarth.Test, Version=1.0.0.0, Culture=neutral, PublicKeyToken=null" name="should_return_items_below_a_given_prices" />
    </UnitTest>
    <UnitTest name="should_remove_user_item" storage="c:\users\juwilliams\desktop\personal\undead-planet\undeadearth.test\bin\debug\undeadearth.test.dll" id="24c64596-5cab-4a6f-68a2-2b1dbc11b2be">
      <Execution id="7a11e2ef-aa00-48fb-90e4-b1a14bdc8dde" />
      <TestMethod codeBase="c:/Users/juwilliams/Desktop/Personal/Undead-Planet/UndeadEarth.Test/bin/Debug/UndeadEarth.Test.DLL" adapterTypeName="Microsoft.VisualStudio.TestTools.TestTypes.Unit.UnitTestAdapter, Microsoft.VisualStudio.QualityTools.Tips.UnitTest.Adapter, Version=10.0.0.0, Culture=neutral, PublicKeyToken=b03f5f7f11d50a3a" className="UndeadEarth.Test.Dal.when_retrieving_items, UndeadEarth.Test, Version=1.0.0.0, Culture=neutral, PublicKeyToken=null" name="should_remove_user_item" />
    </UnitTest>
    <UnitTest name="should_return_if_item_does_not_exist" storage="c:\users\juwilliams\desktop\personal\undead-planet\undeadearth.test\bin\debug\undeadearth.test.dll" id="592a8210-389c-d154-bfaf-1570717dbd73">
      <Execution id="ab60cbfc-a06d-47a4-8e5a-d2bbaa76f25d" />
      <TestMethod codeBase="c:/Users/juwilliams/Desktop/Personal/Undead-Planet/UndeadEarth.Test/bin/Debug/UndeadEarth.Test.DLL" adapterTypeName="Microsoft.VisualStudio.TestTools.TestTypes.Unit.UnitTestAdapter, Microsoft.VisualStudio.QualityTools.Tips.UnitTest.Adapter, Version=10.0.0.0, Culture=neutral, PublicKeyToken=b03f5f7f11d50a3a" className="UndeadEarth.Test.Model.when_using_items, UndeadEarth.Test, Version=1.0.0.0, Culture=neutral, PublicKeyToken=null" name="should_return_if_item_does_not_exist" />
    </UnitTest>
    <UnitTest name="should_set_base_line_for_users_max_potential_if_last_hotzone_visited_does_not_equal_the_hotzone_for_the_current_zombie_pack_for_every_third_hotzone" storage="c:\users\juwilliams\desktop\personal\undead-planet\undeadearth.test\bin\debug\undeadearth.test.dll" id="d38373b0-d937-624e-5767-19dca8e2a1ff">
      <Execution id="d901435f-8d51-42b2-964a-55d65213c6f7" />
      <TestMethod codeBase="c:/Users/juwilliams/Desktop/Personal/Undead-Planet/UndeadEarth.Test/bin/Debug/UndeadEarth.Test.DLL" adapterTypeName="Microsoft.VisualStudio.TestTools.TestTypes.Unit.UnitTestAdapter, Microsoft.VisualStudio.QualityTools.Tips.UnitTest.Adapter, Version=10.0.0.0, Culture=neutral, PublicKeyToken=b03f5f7f11d50a3a" className="UndeadEarth.Test.Model.when_determining_zombie_pack_progress, UndeadEarth.Test, Version=1.0.0.0, Culture=neutral, PublicKeyToken=null" name="should_set_base_line_for_users_max_potential_if_last_hotzone_visited_does_not_equal_the_hotzone_for_the_current_zombie_pack_for_every_third_hotzone" />
    </UnitTest>
    <UnitTest name="should_mark_zombie_pack_as_destroyed_if_the_hunt_destroyed_the_last_zombie" storage="c:\users\juwilliams\desktop\personal\undead-planet\undeadearth.test\bin\debug\undeadearth.test.dll" id="353e37f8-b3ee-d1bc-48f1-1354650acd50">
      <Execution id="9bd8b9f3-0d53-4303-bcf1-d112afbf2176" />
      <TestMethod codeBase="c:/Users/juwilliams/Desktop/Personal/Undead-Planet/UndeadEarth.Test/bin/Debug/UndeadEarth.Test.DLL" adapterTypeName="Microsoft.VisualStudio.TestTools.TestTypes.Unit.UnitTestAdapter, Microsoft.VisualStudio.QualityTools.Tips.UnitTest.Adapter, Version=10.0.0.0, Culture=neutral, PublicKeyToken=b03f5f7f11d50a3a" className="UndeadEarth.Test.Model.when_hunting_for_zombies, UndeadEarth.Test, Version=1.0.0.0, Culture=neutral, PublicKeyToken=null" name="should_mark_zombie_pack_as_destroyed_if_the_hunt_destroyed_the_last_zombie" />
    </UnitTest>
    <UnitTest name="should_return_true_if_user_exists" storage="c:\users\juwilliams\desktop\personal\undead-planet\undeadearth.test\bin\debug\undeadearth.test.dll" id="7e4ecb77-6a2d-3a8f-0c42-71f8df3a6f64">
      <Execution id="70a5eebc-f556-442b-b87d-68bf9a804f4e" />
      <TestMethod codeBase="c:/Users/juwilliams/Desktop/Personal/Undead-Planet/UndeadEarth.Test/bin/Debug/UndeadEarth.Test.DLL" adapterTypeName="Microsoft.VisualStudio.TestTools.TestTypes.Unit.UnitTestAdapter, Microsoft.VisualStudio.QualityTools.Tips.UnitTest.Adapter, Version=10.0.0.0, Culture=neutral, PublicKeyToken=b03f5f7f11d50a3a" className="UndeadEarth.Test.Dal.when_retrieving_user, UndeadEarth.Test, Version=1.0.0.0, Culture=neutral, PublicKeyToken=null" name="should_return_true_if_user_exists" />
    </UnitTest>
    <UnitTest name="should_set_user_level" storage="c:\users\juwilliams\desktop\personal\undead-planet\undeadearth.test\bin\debug\undeadearth.test.dll" id="a7658188-1d86-06a8-b6f3-6e5c757f83b4">
      <Execution id="f03018d2-662c-4cfe-a85a-ecdaca95f003" />
      <TestMethod codeBase="c:/Users/juwilliams/Desktop/Personal/Undead-Planet/UndeadEarth.Test/bin/Debug/UndeadEarth.Test.DLL" adapterTypeName="Microsoft.VisualStudio.TestTools.TestTypes.Unit.UnitTestAdapter, Microsoft.VisualStudio.QualityTools.Tips.UnitTest.Adapter, Version=10.0.0.0, Culture=neutral, PublicKeyToken=b03f5f7f11d50a3a" className="UndeadEarth.Test.Dal.when_saving_user, UndeadEarth.Test, Version=1.0.0.0, Culture=neutral, PublicKeyToken=null" name="should_set_user_level" />
    </UnitTest>
    <UnitTest name="should_decrement_number_of_zombies_by_users_attack_power_on_successful_hunt" storage="c:\users\juwilliams\desktop\personal\undead-planet\undeadearth.test\bin\debug\undeadearth.test.dll" id="d646a28e-30d8-4c55-0af1-38d31ab16a6a">
      <Execution id="a753ceea-7b17-4cda-9c65-a747f25ef7b1" />
      <TestMethod codeBase="c:/Users/juwilliams/Desktop/Personal/Undead-Planet/UndeadEarth.Test/bin/Debug/UndeadEarth.Test.DLL" adapterTypeName="Microsoft.VisualStudio.TestTools.TestTypes.Unit.UnitTestAdapter, Microsoft.VisualStudio.QualityTools.Tips.UnitTest.Adapter, Version=10.0.0.0, Culture=neutral, PublicKeyToken=b03f5f7f11d50a3a" className="UndeadEarth.Test.Model.when_hunting_for_zombies, UndeadEarth.Test, Version=1.0.0.0, Culture=neutral, PublicKeyToken=null" name="should_decrement_number_of_zombies_by_users_attack_power_on_successful_hunt" />
    </UnitTest>
    <UnitTest name="should_insert_user_counts" storage="c:\users\juwilliams\desktop\personal\undead-planet\undeadearth.test\bin\debug\undeadearth.test.dll" id="826e8ace-63e9-1203-1d2b-d3cb1c0565d3">
      <Execution id="7a282236-d89d-47b3-9ecc-6127ba1ab094" />
      <TestMethod codeBase="c:/Users/juwilliams/Desktop/Personal/Undead-Planet/UndeadEarth.Test/bin/Debug/UndeadEarth.Test.DLL" adapterTypeName="Microsoft.VisualStudio.TestTools.TestTypes.Unit.UnitTestAdapter, Microsoft.VisualStudio.QualityTools.Tips.UnitTest.Adapter, Version=10.0.0.0, Culture=neutral, PublicKeyToken=b03f5f7f11d50a3a" className="UndeadEarth.Test.Model.when_creating_user, UndeadEarth.Test, Version=1.0.0.0, Culture=neutral, PublicKeyToken=null" name="should_insert_user_counts" />
    </UnitTest>
    <UnitTest name="should_throw_error_for_saving_last_energy_if_user_does_not_exist" storage="c:\users\juwilliams\desktop\personal\undead-planet\undeadearth.test\bin\debug\undeadearth.test.dll" id="241aa01b-d31a-aa87-10ed-03e9fc36dd2d">
      <Execution id="cc306e9c-860e-4216-b2c5-4cece0cc95b8" />
      <TestMethod codeBase="c:/Users/juwilliams/Desktop/Personal/Undead-Planet/UndeadEarth.Test/bin/Debug/UndeadEarth.Test.DLL" adapterTypeName="Microsoft.VisualStudio.TestTools.TestTypes.Unit.UnitTestAdapter, Microsoft.VisualStudio.QualityTools.Tips.UnitTest.Adapter, Version=10.0.0.0, Culture=neutral, PublicKeyToken=b03f5f7f11d50a3a" className="UndeadEarth.Test.Dal.when_saving_user_sight_radius, UndeadEarth.Test, Version=1.0.0.0, Culture=neutral, PublicKeyToken=null" name="should_throw_error_for_saving_last_energy_if_user_does_not_exist" />
    </UnitTest>
    <UnitTest name="should_return_base_attack_power_if_user_does_not_have_any_money_and_no_items_in_safehouse" storage="c:\users\juwilliams\desktop\personal\undead-planet\undeadearth.test\bin\debug\undeadearth.test.dll" id="43a1b4c2-5164-126a-d787-254e51bf5cb0">
      <Execution id="b9766642-723c-494b-bd99-5298305bee19" />
      <TestMethod codeBase="c:/Users/juwilliams/Desktop/Personal/Undead-Planet/UndeadEarth.Test/bin/Debug/UndeadEarth.Test.DLL" adapterTypeName="Microsoft.VisualStudio.TestTools.TestTypes.Unit.UnitTestAdapter, Microsoft.VisualStudio.QualityTools.Tips.UnitTest.Adapter, Version=10.0.0.0, Culture=neutral, PublicKeyToken=b03f5f7f11d50a3a" className="UndeadEarth.Test.Model.when_determining_users_max_potential_attack_power, UndeadEarth.Test, Version=1.0.0.0, Culture=neutral, PublicKeyToken=null" name="should_return_base_attack_power_if_user_does_not_have_any_money_and_no_items_in_safehouse" />
    </UnitTest>
    <UnitTest name="should_return_false_if_user_does_not_exist" storage="c:\users\juwilliams\desktop\personal\undead-planet\undeadearth.test\bin\debug\undeadearth.test.dll" id="441c5aa1-1be2-b7ff-84a3-c2712387e211">
      <Execution id="298a4b4f-1dd0-4647-b4d3-cc3e96292b5d" />
      <TestMethod codeBase="c:/Users/juwilliams/Desktop/Personal/Undead-Planet/UndeadEarth.Test/bin/Debug/UndeadEarth.Test.DLL" adapterTypeName="Microsoft.VisualStudio.TestTools.TestTypes.Unit.UnitTestAdapter, Microsoft.VisualStudio.QualityTools.Tips.UnitTest.Adapter, Version=10.0.0.0, Culture=neutral, PublicKeyToken=b03f5f7f11d50a3a" className="UndeadEarth.Test.Dal.when_retrieving_user, UndeadEarth.Test, Version=1.0.0.0, Culture=neutral, PublicKeyToken=null" name="should_return_false_if_user_does_not_exist" />
    </UnitTest>
    <UnitTest name="should_insert_zombie_pack_progress_that_does_exist" storage="c:\users\juwilliams\desktop\personal\undead-planet\undeadearth.test\bin\debug\undeadearth.test.dll" id="17c9071b-a2b6-56fe-9dc6-b3135a8d71e5">
      <Execution id="be754c80-34d1-46a1-9c10-b3c62254c1ac" />
      <TestMethod codeBase="c:/Users/juwilliams/Desktop/Personal/Undead-Planet/UndeadEarth.Test/bin/Debug/UndeadEarth.Test.DLL" adapterTypeName="Microsoft.VisualStudio.TestTools.TestTypes.Unit.UnitTestAdapter, Microsoft.VisualStudio.QualityTools.Tips.UnitTest.Adapter, Version=10.0.0.0, Culture=neutral, PublicKeyToken=b03f5f7f11d50a3a" className="UndeadEarth.Test.Dal.when_saving_user_zombie_pack_progress, UndeadEarth.Test, Version=1.0.0.0, Culture=neutral, PublicKeyToken=null" name="should_insert_zombie_pack_progress_that_does_exist" />
    </UnitTest>
    <UnitTest name="should_return_users_base_energy_if_user_does_not_have_any_items" storage="c:\users\juwilliams\desktop\personal\undead-planet\undeadearth.test\bin\debug\undeadearth.test.dll" id="b9bdcc23-3882-fdc6-ae71-589fdcc2d732">
      <Execution id="4ea4f31a-22f3-465d-8a8d-fcaaa77673a2" />
      <TestMethod codeBase="c:/Users/juwilliams/Desktop/Personal/Undead-Planet/UndeadEarth.Test/bin/Debug/UndeadEarth.Test.DLL" adapterTypeName="Microsoft.VisualStudio.TestTools.TestTypes.Unit.UnitTestAdapter, Microsoft.VisualStudio.QualityTools.Tips.UnitTest.Adapter, Version=10.0.0.0, Culture=neutral, PublicKeyToken=b03f5f7f11d50a3a" className="UndeadEarth.Test.Model.when_determining_users_max_energy, UndeadEarth.Test, Version=1.0.0.0, Culture=neutral, PublicKeyToken=null" name="should_return_users_base_energy_if_user_does_not_have_any_items" />
    </UnitTest>
    <UnitTest name="should_return_false_if_hotzone_doesnt_exists" storage="c:\users\juwilliams\desktop\personal\undead-planet\undeadearth.test\bin\debug\undeadearth.test.dll" id="369b7a6d-08d3-f340-d283-f5ee6842f08e">
      <Execution id="5228b1f7-07cd-4c4c-ba33-b801fd7b7843" />
      <TestMethod codeBase="c:/Users/juwilliams/Desktop/Personal/Undead-Planet/UndeadEarth.Test/bin/Debug/UndeadEarth.Test.DLL" adapterTypeName="Microsoft.VisualStudio.TestTools.TestTypes.Unit.UnitTestAdapter, Microsoft.VisualStudio.QualityTools.Tips.UnitTest.Adapter, Version=10.0.0.0, Culture=neutral, PublicKeyToken=b03f5f7f11d50a3a" className="UndeadEarth.Test.Dal.when_retrieving_hot_zones, UndeadEarth.Test, Version=1.0.0.0, Culture=neutral, PublicKeyToken=null" name="should_return_false_if_hotzone_doesnt_exists" />
    </UnitTest>
    <UnitTest name="should_return_achievement_for_traveling_10_miles" storage="c:\users\juwilliams\desktop\personal\undead-planet\undeadearth.test\bin\debug\undeadearth.test.dll" id="11ca7b9d-e2f9-e5ce-6eed-7e1247933dec">
      <Execution id="996eb9de-4a8f-4837-8144-865bc15b1ca5" />
      <TestMethod codeBase="c:/Users/juwilliams/Desktop/Personal/Undead-Planet/UndeadEarth.Test/bin/Debug/UndeadEarth.Test.DLL" adapterTypeName="Microsoft.VisualStudio.TestTools.TestTypes.Unit.UnitTestAdapter, Microsoft.VisualStudio.QualityTools.Tips.UnitTest.Adapter, Version=10.0.0.0, Culture=neutral, PublicKeyToken=b03f5f7f11d50a3a" className="UndeadEarth.Test.Model.when_retrieving_achievements, UndeadEarth.Test, Version=1.0.0.0, Culture=neutral, PublicKeyToken=null" name="should_return_achievement_for_traveling_10_miles" />
    </UnitTest>
    <UnitTest name="should_return_0_if_user_does_not_exist" storage="c:\users\juwilliams\desktop\personal\undead-planet\undeadearth.test\bin\debug\undeadearth.test.dll" id="24bc110f-ba75-2876-7218-d24fbd5282b6">
      <Execution id="a6e49bb1-d8b4-4f58-8c52-5807b1dca590" />
      <TestMethod codeBase="c:/Users/juwilliams/Desktop/Personal/Undead-Planet/UndeadEarth.Test/bin/Debug/UndeadEarth.Test.DLL" adapterTypeName="Microsoft.VisualStudio.TestTools.TestTypes.Unit.UnitTestAdapter, Microsoft.VisualStudio.QualityTools.Tips.UnitTest.Adapter, Version=10.0.0.0, Culture=neutral, PublicKeyToken=b03f5f7f11d50a3a" className="UndeadEarth.Test.Model.when_determining_users_min_sight_radius, UndeadEarth.Test, Version=1.0.0.0, Culture=neutral, PublicKeyToken=null" name="should_return_0_if_user_does_not_exist" />
    </UnitTest>
    <UnitTest name="should_update_users_energy_based_on_distance_moved" storage="c:\users\juwilliams\desktop\personal\undead-planet\undeadearth.test\bin\debug\undeadearth.test.dll" id="7153296b-7930-7df3-3632-012c2eca18ad">
      <Execution id="cd49ce65-3261-4aba-a90c-d7219cb599ab" />
      <TestMethod codeBase="c:/Users/juwilliams/Desktop/Personal/Undead-Planet/UndeadEarth.Test/bin/Debug/UndeadEarth.Test.DLL" adapterTypeName="Microsoft.VisualStudio.TestTools.TestTypes.Unit.UnitTestAdapter, Microsoft.VisualStudio.QualityTools.Tips.UnitTest.Adapter, Version=10.0.0.0, Culture=neutral, PublicKeyToken=b03f5f7f11d50a3a" className="UndeadEarth.Test.Model.when_moving_user, UndeadEarth.Test, Version=1.0.0.0, Culture=neutral, PublicKeyToken=null" name="should_update_users_energy_based_on_distance_moved" />
    </UnitTest>
    <UnitTest name="should_determine_base_line_for_user_that_changes_hotzones_after_each_third_hotzone" storage="c:\users\juwilliams\desktop\personal\undead-planet\undeadearth.test\bin\debug\undeadearth.test.dll" id="1f745c7b-d05c-6f7b-abbb-12ef8bc4e839">
      <Execution id="2a0eb33f-2ac0-4ded-8515-0eebfd0e68ec" />
      <TestMethod codeBase="c:/Users/juwilliams/Desktop/Personal/Undead-Planet/UndeadEarth.Test/bin/Debug/UndeadEarth.Test.DLL" adapterTypeName="Microsoft.VisualStudio.TestTools.TestTypes.Unit.UnitTestAdapter, Microsoft.VisualStudio.QualityTools.Tips.UnitTest.Adapter, Version=10.0.0.0, Culture=neutral, PublicKeyToken=b03f5f7f11d50a3a" className="UndeadEarth.Test.Model.when_determining_energy_cost_for_hunting_at_zombie_pack, UndeadEarth.Test, Version=1.0.0.0, Culture=neutral, PublicKeyToken=null" name="should_determine_base_line_for_user_that_changes_hotzones_after_each_third_hotzone" />
    </UnitTest>
    <UnitTest name="should_return_false_if_zombie_pack_is_not_destroyed_by_user" storage="c:\users\juwilliams\desktop\personal\undead-planet\undeadearth.test\bin\debug\undeadearth.test.dll" id="27dffa83-35e8-a35a-74a3-14e94b831d3a">
      <Execution id="e25f2b4b-19b6-4794-9f2e-49e3793084db" />
      <TestMethod codeBase="c:/Users/juwilliams/Desktop/Personal/Undead-Planet/UndeadEarth.Test/bin/Debug/UndeadEarth.Test.DLL" adapterTypeName="Microsoft.VisualStudio.TestTools.TestTypes.Unit.UnitTestAdapter, Microsoft.VisualStudio.QualityTools.Tips.UnitTest.Adapter, Version=10.0.0.0, Culture=neutral, PublicKeyToken=b03f5f7f11d50a3a" className="UndeadEarth.Test.Dal.when_retrieving_user_zombie_pack_progress, UndeadEarth.Test, Version=1.0.0.0, Culture=neutral, PublicKeyToken=null" name="should_return_false_if_zombie_pack_is_not_destroyed_by_user" />
    </UnitTest>
    <UnitTest name="should_throw_exception_when_returning_baseline_attack_power_for_user_that_doesnt_exist" storage="c:\users\juwilliams\desktop\personal\undead-planet\undeadearth.test\bin\debug\undeadearth.test.dll" id="7acb1219-a69e-e102-dd8e-4060793e7b6e">
      <Execution id="573b7d09-20c0-4b1f-b95e-9a8db0ecfafb" />
      <TestMethod codeBase="c:/Users/juwilliams/Desktop/Personal/Undead-Planet/UndeadEarth.Test/bin/Debug/UndeadEarth.Test.DLL" adapterTypeName="Microsoft.VisualStudio.TestTools.TestTypes.Unit.UnitTestAdapter, Microsoft.VisualStudio.QualityTools.Tips.UnitTest.Adapter, Version=10.0.0.0, Culture=neutral, PublicKeyToken=b03f5f7f11d50a3a" className="UndeadEarth.Test.Dal.when_retrieving_user, UndeadEarth.Test, Version=1.0.0.0, Culture=neutral, PublicKeyToken=null" name="should_throw_exception_when_returning_baseline_attack_power_for_user_that_doesnt_exist" />
    </UnitTest>
    <UnitTest name="should_return_falise_if_user_zombie_pack_progress_does_not_exist" storage="c:\users\juwilliams\desktop\personal\undead-planet\undeadearth.test\bin\debug\undeadearth.test.dll" id="b60197de-ab24-075d-fbab-bf70fa600887">
      <Execution id="c56d8144-2567-49f4-b109-5d4d479b8626" />
      <TestMethod codeBase="c:/Users/juwilliams/Desktop/Personal/Undead-Planet/UndeadEarth.Test/bin/Debug/UndeadEarth.Test.DLL" adapterTypeName="Microsoft.VisualStudio.TestTools.TestTypes.Unit.UnitTestAdapter, Microsoft.VisualStudio.QualityTools.Tips.UnitTest.Adapter, Version=10.0.0.0, Culture=neutral, PublicKeyToken=b03f5f7f11d50a3a" className="UndeadEarth.Test.Dal.when_retrieving_user_zombie_pack_progress, UndeadEarth.Test, Version=1.0.0.0, Culture=neutral, PublicKeyToken=null" name="should_return_falise_if_user_zombie_pack_progress_does_not_exist" />
    </UnitTest>
    <UnitTest name="should_return_achievement_for_destroying_10000_zombie_packs" storage="c:\users\juwilliams\desktop\personal\undead-planet\undeadearth.test\bin\debug\undeadearth.test.dll" id="6c066a85-168d-65f4-cc37-317318414373">
      <Execution id="93e57cc0-c725-4e10-a23c-0646329a654e" />
      <TestMethod codeBase="c:/Users/juwilliams/Desktop/Personal/Undead-Planet/UndeadEarth.Test/bin/Debug/UndeadEarth.Test.DLL" adapterTypeName="Microsoft.VisualStudio.TestTools.TestTypes.Unit.UnitTestAdapter, Microsoft.VisualStudio.QualityTools.Tips.UnitTest.Adapter, Version=10.0.0.0, Culture=neutral, PublicKeyToken=b03f5f7f11d50a3a" className="UndeadEarth.Test.Model.when_retrieving_achievements, UndeadEarth.Test, Version=1.0.0.0, Culture=neutral, PublicKeyToken=null" name="should_return_achievement_for_destroying_10000_zombie_packs" />
    </UnitTest>
    <UnitTest name="should_return_correct_energy_for_given_level" storage="c:\users\juwilliams\desktop\personal\undead-planet\undeadearth.test\bin\debug\undeadearth.test.dll" id="c19d7fe3-d556-ad76-9806-5e328516f06f">
      <Execution id="b5a6dd81-6aba-4537-b09d-5adfb8144deb" />
      <TestMethod codeBase="c:/Users/juwilliams/Desktop/Personal/Undead-Planet/UndeadEarth.Test/bin/Debug/UndeadEarth.Test.DLL" adapterTypeName="Microsoft.VisualStudio.TestTools.TestTypes.Unit.UnitTestAdapter, Microsoft.VisualStudio.QualityTools.Tips.UnitTest.Adapter, Version=10.0.0.0, Culture=neutral, PublicKeyToken=b03f5f7f11d50a3a" className="UndeadEarth.Test.Model.when_servicing_user_level_and_attributes, UndeadEarth.Test, Version=1.0.0.0, Culture=neutral, PublicKeyToken=null" name="should_return_correct_energy_for_given_level" />
    </UnitTest>
    <UnitTest name="should_return_false_if_safe_house_does_not_have_item" storage="c:\users\juwilliams\desktop\personal\undead-planet\undeadearth.test\bin\debug\undeadearth.test.dll" id="3d1741aa-9576-2eb5-470e-7f713a2bc4d7">
      <Execution id="4e17ddab-289a-40a2-b846-7e41fbd72bdc" />
      <TestMethod codeBase="c:/Users/juwilliams/Desktop/Personal/Undead-Planet/UndeadEarth.Test/bin/Debug/UndeadEarth.Test.DLL" adapterTypeName="Microsoft.VisualStudio.TestTools.TestTypes.Unit.UnitTestAdapter, Microsoft.VisualStudio.QualityTools.Tips.UnitTest.Adapter, Version=10.0.0.0, Culture=neutral, PublicKeyToken=b03f5f7f11d50a3a" className="UndeadEarth.Test.Dal.when_retrieving_safe_houses, UndeadEarth.Test, Version=1.0.0.0, Culture=neutral, PublicKeyToken=null" name="should_return_false_if_safe_house_does_not_have_item" />
    </UnitTest>
    <UnitTest name="should_save_user_max_energy" storage="c:\users\juwilliams\desktop\personal\undead-planet\undeadearth.test\bin\debug\undeadearth.test.dll" id="60b889f5-aa93-4766-ebaf-876bc425b3c4">
      <Execution id="1a372402-d4ad-4f68-bc60-1477798d9914" />
      <TestMethod codeBase="c:/Users/juwilliams/Desktop/Personal/Undead-Planet/UndeadEarth.Test/bin/Debug/UndeadEarth.Test.DLL" adapterTypeName="Microsoft.VisualStudio.TestTools.TestTypes.Unit.UnitTestAdapter, Microsoft.VisualStudio.QualityTools.Tips.UnitTest.Adapter, Version=10.0.0.0, Culture=neutral, PublicKeyToken=b03f5f7f11d50a3a" className="UndeadEarth.Test.Dal.Utility.when_saving_user_energy, UndeadEarth.Test, Version=1.0.0.0, Culture=neutral, PublicKeyToken=null" name="should_save_user_max_energy" />
    </UnitTest>
    <UnitTest name="should_move_user_and_update_users_location_if_user_has_enough_energy_to_move_to_location" storage="c:\users\juwilliams\desktop\personal\undead-planet\undeadearth.test\bin\debug\undeadearth.test.dll" id="1339f28e-8dc2-ea63-491b-e46002a2f545">
      <Execution id="cb94f7f7-6b51-469f-b84f-625554dec070" />
      <TestMethod codeBase="c:/Users/juwilliams/Desktop/Personal/Undead-Planet/UndeadEarth.Test/bin/Debug/UndeadEarth.Test.DLL" adapterTypeName="Microsoft.VisualStudio.TestTools.TestTypes.Unit.UnitTestAdapter, Microsoft.VisualStudio.QualityTools.Tips.UnitTest.Adapter, Version=10.0.0.0, Culture=neutral, PublicKeyToken=b03f5f7f11d50a3a" className="UndeadEarth.Test.Model.when_moving_user, UndeadEarth.Test, Version=1.0.0.0, Culture=neutral, PublicKeyToken=null" name="should_move_user_and_update_users_location_if_user_has_enough_energy_to_move_to_location" />
    </UnitTest>
    <UnitTest name="the_attack_for_determinging_zombie_pack_difficulty_should_be_1" storage="c:\users\juwilliams\desktop\personal\undead-planet\undeadearth.test\bin\debug\undeadearth.test.dll" id="ed27cc8b-f076-d5ca-e1a7-e11e80ed7216">
      <Execution id="fd2eaa43-d6f1-42d1-aa8d-c33d0ef6b5cf" />
      <TestMethod codeBase="c:/Users/juwilliams/Desktop/Personal/Undead-Planet/UndeadEarth.Test/bin/Debug/UndeadEarth.Test.DLL" adapterTypeName="Microsoft.VisualStudio.TestTools.TestTypes.Unit.UnitTestAdapter, Microsoft.VisualStudio.QualityTools.Tips.UnitTest.Adapter, Version=10.0.0.0, Culture=neutral, PublicKeyToken=b03f5f7f11d50a3a" className="UndeadEarth.Test.Dal.when_inserting_user, UndeadEarth.Test, Version=1.0.0.0, Culture=neutral, PublicKeyToken=null" name="the_attack_for_determinging_zombie_pack_difficulty_should_be_1" />
    </UnitTest>
    <UnitTest name="should_return_null_if_no_item_found" storage="c:\users\juwilliams\desktop\personal\undead-planet\undeadearth.test\bin\debug\undeadearth.test.dll" id="d079bc7a-5632-90a3-fd08-a3194bc2d4b6">
      <Execution id="5a5dfe51-20c0-4569-be0b-8d85a79d310a" />
      <TestMethod codeBase="c:/Users/juwilliams/Desktop/Personal/Undead-Planet/UndeadEarth.Test/bin/Debug/UndeadEarth.Test.DLL" adapterTypeName="Microsoft.VisualStudio.TestTools.TestTypes.Unit.UnitTestAdapter, Microsoft.VisualStudio.QualityTools.Tips.UnitTest.Adapter, Version=10.0.0.0, Culture=neutral, PublicKeyToken=b03f5f7f11d50a3a" className="UndeadEarth.Test.Dal.when_retrieving_items, UndeadEarth.Test, Version=1.0.0.0, Culture=neutral, PublicKeyToken=null" name="should_return_null_if_no_item_found" />
    </UnitTest>
    <UnitTest name="should_disregard_if_safe_house_does_not_exist" storage="c:\users\juwilliams\desktop\personal\undead-planet\undeadearth.test\bin\debug\undeadearth.test.dll" id="7685b20a-de0b-8bc0-6c22-3a9d32aab4bd">
      <Execution id="522f81eb-1734-426d-9aa4-cc009660b5a4" />
      <TestMethod codeBase="c:/Users/juwilliams/Desktop/Personal/Undead-Planet/UndeadEarth.Test/bin/Debug/UndeadEarth.Test.DLL" adapterTypeName="Microsoft.VisualStudio.TestTools.TestTypes.Unit.UnitTestAdapter, Microsoft.VisualStudio.QualityTools.Tips.UnitTest.Adapter, Version=10.0.0.0, Culture=neutral, PublicKeyToken=b03f5f7f11d50a3a" className="UndeadEarth.Test.Model.when_transferring_items_from_safe_house_to_user, UndeadEarth.Test, Version=1.0.0.0, Culture=neutral, PublicKeyToken=null" name="should_disregard_if_safe_house_does_not_exist" />
    </UnitTest>
    <UnitTest name="should_retrieve_user_current_item_slot_capacity" storage="c:\users\juwilliams\desktop\personal\undead-planet\undeadearth.test\bin\debug\undeadearth.test.dll" id="fb8ca09b-7f12-89fe-19bf-bcebd7198872">
      <Execution id="2624214c-716b-45f7-a539-0e8c08b2f90b" />
      <TestMethod codeBase="c:/Users/juwilliams/Desktop/Personal/Undead-Planet/UndeadEarth.Test/bin/Debug/UndeadEarth.Test.DLL" adapterTypeName="Microsoft.VisualStudio.TestTools.TestTypes.Unit.UnitTestAdapter, Microsoft.VisualStudio.QualityTools.Tips.UnitTest.Adapter, Version=10.0.0.0, Culture=neutral, PublicKeyToken=b03f5f7f11d50a3a" className="UndeadEarth.Test.Dal.when_retrieving_user, UndeadEarth.Test, Version=1.0.0.0, Culture=neutral, PublicKeyToken=null" name="should_retrieve_user_current_item_slot_capacity" />
    </UnitTest>
    <UnitTest name="should_return_0_if_user_does_not_exist" storage="c:\users\juwilliams\desktop\personal\undead-planet\undeadearth.test\bin\debug\undeadearth.test.dll" id="9f650caf-3801-3ddc-df66-451ef0461b2d">
      <Execution id="f8b60f12-a5cc-4e9f-aa6d-328decbdc5ef" />
      <TestMethod codeBase="c:/Users/juwilliams/Desktop/Personal/Undead-Planet/UndeadEarth.Test/bin/Debug/UndeadEarth.Test.DLL" adapterTypeName="Microsoft.VisualStudio.TestTools.TestTypes.Unit.UnitTestAdapter, Microsoft.VisualStudio.QualityTools.Tips.UnitTest.Adapter, Version=10.0.0.0, Culture=neutral, PublicKeyToken=b03f5f7f11d50a3a" className="UndeadEarth.Test.Model.when_determining_users_current_energy, UndeadEarth.Test, Version=1.0.0.0, Culture=neutral, PublicKeyToken=null" name="should_return_0_if_user_does_not_exist" />
    </UnitTest>
    <UnitTest name="should_create_user_with_starting_location" storage="c:\users\juwilliams\desktop\personal\undead-planet\undeadearth.test\bin\debug\undeadearth.test.dll" id="40ac08e5-9855-8df2-ac1a-e320ada85f67">
      <Execution id="f6646444-b4ae-4b58-b163-2f161e94ff0c" />
      <TestMethod codeBase="c:/Users/juwilliams/Desktop/Personal/Undead-Planet/UndeadEarth.Test/bin/Debug/UndeadEarth.Test.DLL" adapterTypeName="Microsoft.VisualStudio.TestTools.TestTypes.Unit.UnitTestAdapter, Microsoft.VisualStudio.QualityTools.Tips.UnitTest.Adapter, Version=10.0.0.0, Culture=neutral, PublicKeyToken=b03f5f7f11d50a3a" className="UndeadEarth.Test.Model.when_creating_user, UndeadEarth.Test, Version=1.0.0.0, Culture=neutral, PublicKeyToken=null" name="should_create_user_with_starting_location" />
    </UnitTest>
    <UnitTest name="should_replenish_energy_after_level_up" storage="c:\users\juwilliams\desktop\personal\undead-planet\undeadearth.test\bin\debug\undeadearth.test.dll" id="26db6a1b-fb8c-0332-7a76-ee9c69851e7c">
      <Execution id="f3e01674-91a1-41d1-b7bc-24db3215ee5e" />
      <TestMethod codeBase="c:/Users/juwilliams/Desktop/Personal/Undead-Planet/UndeadEarth.Test/bin/Debug/UndeadEarth.Test.DLL" adapterTypeName="Microsoft.VisualStudio.TestTools.TestTypes.Unit.UnitTestAdapter, Microsoft.VisualStudio.QualityTools.Tips.UnitTest.Adapter, Version=10.0.0.0, Culture=neutral, PublicKeyToken=b03f5f7f11d50a3a" className="UndeadEarth.Test.Model.when_servicing_user_level_and_attributes, UndeadEarth.Test, Version=1.0.0.0, Culture=neutral, PublicKeyToken=null" name="should_replenish_energy_after_level_up" />
    </UnitTest>
    <UnitTest name="should_return_achievement_for_destroying_10_zombie_packs" storage="c:\users\juwilliams\desktop\personal\undead-planet\undeadearth.test\bin\debug\undeadearth.test.dll" id="6f4679a3-c135-f19d-6bfb-2e441fc3cb12">
      <Execution id="2d47c3d8-a865-4475-9591-ef8589e587bb" />
      <TestMethod codeBase="c:/Users/juwilliams/Desktop/Personal/Undead-Planet/UndeadEarth.Test/bin/Debug/UndeadEarth.Test.DLL" adapterTypeName="Microsoft.VisualStudio.TestTools.TestTypes.Unit.UnitTestAdapter, Microsoft.VisualStudio.QualityTools.Tips.UnitTest.Adapter, Version=10.0.0.0, Culture=neutral, PublicKeyToken=b03f5f7f11d50a3a" className="UndeadEarth.Test.Model.when_retrieving_achievements, UndeadEarth.Test, Version=1.0.0.0, Culture=neutral, PublicKeyToken=null" name="should_return_achievement_for_destroying_10_zombie_packs" />
    </UnitTest>
    <UnitTest name="should_get_user_item_count" storage="c:\users\juwilliams\desktop\personal\undead-planet\undeadearth.test\bin\debug\undeadearth.test.dll" id="5fa17309-6178-e440-0cb3-9987b0eaea65">
      <Execution id="f6149cf5-ef9a-4852-b923-9859c3b33892" />
      <TestMethod codeBase="c:/Users/juwilliams/Desktop/Personal/Undead-Planet/UndeadEarth.Test/bin/Debug/UndeadEarth.Test.DLL" adapterTypeName="Microsoft.VisualStudio.TestTools.TestTypes.Unit.UnitTestAdapter, Microsoft.VisualStudio.QualityTools.Tips.UnitTest.Adapter, Version=10.0.0.0, Culture=neutral, PublicKeyToken=b03f5f7f11d50a3a" className="UndeadEarth.Test.Dal.when_retrieving_items, UndeadEarth.Test, Version=1.0.0.0, Culture=neutral, PublicKeyToken=null" name="should_get_user_item_count" />
    </UnitTest>
    <UnitTest name="should_throw_error_if_user_already_exists" storage="c:\users\juwilliams\desktop\personal\undead-planet\undeadearth.test\bin\debug\undeadearth.test.dll" id="6d259f14-cf5c-860f-f3bc-07fb6a901208">
      <Execution id="6d965072-4938-421f-bfe2-98a70260d79d" />
      <TestMethod codeBase="c:/Users/juwilliams/Desktop/Personal/Undead-Planet/UndeadEarth.Test/bin/Debug/UndeadEarth.Test.DLL" adapterTypeName="Microsoft.VisualStudio.TestTools.TestTypes.Unit.UnitTestAdapter, Microsoft.VisualStudio.QualityTools.Tips.UnitTest.Adapter, Version=10.0.0.0, Culture=neutral, PublicKeyToken=b03f5f7f11d50a3a" className="UndeadEarth.Test.Dal.when_inserting_user, UndeadEarth.Test, Version=1.0.0.0, Culture=neutral, PublicKeyToken=null" name="should_throw_error_if_user_already_exists" />
    </UnitTest>
    <UnitTest name="should_set_user_current_base_attack" storage="c:\users\juwilliams\desktop\personal\undead-planet\undeadearth.test\bin\debug\undeadearth.test.dll" id="890ef093-5e72-8ed9-1c1c-1c73a74ec8fc">
      <Execution id="8d3823f5-61e9-4ae5-81c3-4f363b26105d" />
      <TestMethod codeBase="c:/Users/juwilliams/Desktop/Personal/Undead-Planet/UndeadEarth.Test/bin/Debug/UndeadEarth.Test.DLL" adapterTypeName="Microsoft.VisualStudio.TestTools.TestTypes.Unit.UnitTestAdapter, Microsoft.VisualStudio.QualityTools.Tips.UnitTest.Adapter, Version=10.0.0.0, Culture=neutral, PublicKeyToken=b03f5f7f11d50a3a" className="UndeadEarth.Test.Dal.when_saving_user, UndeadEarth.Test, Version=1.0.0.0, Culture=neutral, PublicKeyToken=null" name="should_set_user_current_base_attack" />
    </UnitTest>
    <UnitTest name="the_energy_for_determining_zombie_pack_difficulty_should_be_100" storage="c:\users\juwilliams\desktop\personal\undead-planet\undeadearth.test\bin\debug\undeadearth.test.dll" id="c9a124e9-2f09-63d2-22cf-ad1bad23f16c">
      <Execution id="7c9aec02-e86a-4261-a046-624a30551b4a" />
      <TestMethod codeBase="c:/Users/juwilliams/Desktop/Personal/Undead-Planet/UndeadEarth.Test/bin/Debug/UndeadEarth.Test.DLL" adapterTypeName="Microsoft.VisualStudio.TestTools.TestTypes.Unit.UnitTestAdapter, Microsoft.VisualStudio.QualityTools.Tips.UnitTest.Adapter, Version=10.0.0.0, Culture=neutral, PublicKeyToken=b03f5f7f11d50a3a" className="UndeadEarth.Test.Dal.when_inserting_user, UndeadEarth.Test, Version=1.0.0.0, Culture=neutral, PublicKeyToken=null" name="the_energy_for_determining_zombie_pack_difficulty_should_be_100" />
    </UnitTest>
    <UnitTest name="should_return_energy_along_with_any_energy_increase_from_many_items_in_safehouse" storage="c:\users\juwilliams\desktop\personal\undead-planet\undeadearth.test\bin\debug\undeadearth.test.dll" id="214d4e68-bd5b-8ca7-2eae-cad7ae4b5618">
      <Execution id="3b3dcd5f-3784-4027-9cbc-e0c789bbd716" />
      <TestMethod codeBase="c:/Users/juwilliams/Desktop/Personal/Undead-Planet/UndeadEarth.Test/bin/Debug/UndeadEarth.Test.DLL" adapterTypeName="Microsoft.VisualStudio.TestTools.TestTypes.Unit.UnitTestAdapter, Microsoft.VisualStudio.QualityTools.Tips.UnitTest.Adapter, Version=10.0.0.0, Culture=neutral, PublicKeyToken=b03f5f7f11d50a3a" className="UndeadEarth.Test.Model.when_determining_users_max_potential_energy, UndeadEarth.Test, Version=1.0.0.0, Culture=neutral, PublicKeyToken=null" name="should_return_energy_along_with_any_energy_increase_from_many_items_in_safehouse" />
    </UnitTest>
    <UnitTest name="should_disregard_if_item_does_not_exist" storage="c:\users\juwilliams\desktop\personal\undead-planet\undeadearth.test\bin\debug\undeadearth.test.dll" id="7c057236-5b5f-451c-5800-6e05c196b383">
      <Execution id="a877895b-8411-4065-b3b3-1683a9bff1b3" />
      <TestMethod codeBase="c:/Users/juwilliams/Desktop/Personal/Undead-Planet/UndeadEarth.Test/bin/Debug/UndeadEarth.Test.DLL" adapterTypeName="Microsoft.VisualStudio.TestTools.TestTypes.Unit.UnitTestAdapter, Microsoft.VisualStudio.QualityTools.Tips.UnitTest.Adapter, Version=10.0.0.0, Culture=neutral, PublicKeyToken=b03f5f7f11d50a3a" className="UndeadEarth.Test.Model.when_transferring_items_from_safe_house_to_user, UndeadEarth.Test, Version=1.0.0.0, Culture=neutral, PublicKeyToken=null" name="should_disregard_if_item_does_not_exist" />
    </UnitTest>
    <UnitTest name="should_return_0_if_time_passed_into_calculate_energy_is_less_than_the_last_saved_energy_record" storage="c:\users\juwilliams\desktop\personal\undead-planet\undeadearth.test\bin\debug\undeadearth.test.dll" id="57effb65-6bba-b10e-d004-938020663a0f">
      <Execution id="e9f54667-3bfe-4cee-9052-320cc734b403" />
      <TestMethod codeBase="c:/Users/juwilliams/Desktop/Personal/Undead-Planet/UndeadEarth.Test/bin/Debug/UndeadEarth.Test.DLL" adapterTypeName="Microsoft.VisualStudio.TestTools.TestTypes.Unit.UnitTestAdapter, Microsoft.VisualStudio.QualityTools.Tips.UnitTest.Adapter, Version=10.0.0.0, Culture=neutral, PublicKeyToken=b03f5f7f11d50a3a" className="UndeadEarth.Test.Model.when_determining_users_current_energy, UndeadEarth.Test, Version=1.0.0.0, Culture=neutral, PublicKeyToken=null" name="should_return_0_if_time_passed_into_calculate_energy_is_less_than_the_last_saved_energy_record" />
    </UnitTest>
    <UnitTest name="should_return_last_energy_saved_If_there_is_no_difference_between_the_current_time_passed_in_and_the_last_saved_energy_from_the_repository" storage="c:\users\juwilliams\desktop\personal\undead-planet\undeadearth.test\bin\debug\undeadearth.test.dll" id="d688d02d-3269-304b-a6e8-10e959d858db">
      <Execution id="d732b9ae-3ec1-4281-89bc-a49bad52fc57" />
      <TestMethod codeBase="c:/Users/juwilliams/Desktop/Personal/Undead-Planet/UndeadEarth.Test/bin/Debug/UndeadEarth.Test.DLL" adapterTypeName="Microsoft.VisualStudio.TestTools.TestTypes.Unit.UnitTestAdapter, Microsoft.VisualStudio.QualityTools.Tips.UnitTest.Adapter, Version=10.0.0.0, Culture=neutral, PublicKeyToken=b03f5f7f11d50a3a" className="UndeadEarth.Test.Model.when_determining_users_current_energy, UndeadEarth.Test, Version=1.0.0.0, Culture=neutral, PublicKeyToken=null" name="should_return_last_energy_saved_If_there_is_no_difference_between_the_current_time_passed_in_and_the_last_saved_energy_from_the_repository" />
    </UnitTest>
    <UnitTest name="should_return_achievement_for_killing_100_zombies" storage="c:\users\juwilliams\desktop\personal\undead-planet\undeadearth.test\bin\debug\undeadearth.test.dll" id="6d677716-f4a3-32e4-d489-2827222e4b43">
      <Execution id="3843aae2-08f0-45d5-9677-db0adb10e9aa" />
      <TestMethod codeBase="c:/Users/juwilliams/Desktop/Personal/Undead-Planet/UndeadEarth.Test/bin/Debug/UndeadEarth.Test.DLL" adapterTypeName="Microsoft.VisualStudio.TestTools.TestTypes.Unit.UnitTestAdapter, Microsoft.VisualStudio.QualityTools.Tips.UnitTest.Adapter, Version=10.0.0.0, Culture=neutral, PublicKeyToken=b03f5f7f11d50a3a" className="UndeadEarth.Test.Model.when_retrieving_achievements, UndeadEarth.Test, Version=1.0.0.0, Culture=neutral, PublicKeyToken=null" name="should_return_achievement_for_killing_100_zombies" />
    </UnitTest>
    <UnitTest name="should_update_user_last_hotzone_location_after_successful_hunt" storage="c:\users\juwilliams\desktop\personal\undead-planet\undeadearth.test\bin\debug\undeadearth.test.dll" id="6e5c9897-01e5-0ddc-270e-62065e9e22f7">
      <Execution id="4a73a12b-3d6a-4487-aaa7-394c012d8e5e" />
      <TestMethod codeBase="c:/Users/juwilliams/Desktop/Personal/Undead-Planet/UndeadEarth.Test/bin/Debug/UndeadEarth.Test.DLL" adapterTypeName="Microsoft.VisualStudio.TestTools.TestTypes.Unit.UnitTestAdapter, Microsoft.VisualStudio.QualityTools.Tips.UnitTest.Adapter, Version=10.0.0.0, Culture=neutral, PublicKeyToken=b03f5f7f11d50a3a" className="UndeadEarth.Test.Model.when_hunting_for_zombies, UndeadEarth.Test, Version=1.0.0.0, Culture=neutral, PublicKeyToken=null" name="should_update_user_last_hotzone_location_after_successful_hunt" />
    </UnitTest>
    <UnitTest name="should_record_how_many_miles_have_been_moved_for_achievements" storage="c:\users\juwilliams\desktop\personal\undead-planet\undeadearth.test\bin\debug\undeadearth.test.dll" id="52c534e6-f8bb-1f9f-939a-d5c5c52fa419">
      <Execution id="b7dab392-6f86-4a4e-9025-21e2c66578eb" />
      <TestMethod codeBase="c:/Users/juwilliams/Desktop/Personal/Undead-Planet/UndeadEarth.Test/bin/Debug/UndeadEarth.Test.DLL" adapterTypeName="Microsoft.VisualStudio.TestTools.TestTypes.Unit.UnitTestAdapter, Microsoft.VisualStudio.QualityTools.Tips.UnitTest.Adapter, Version=10.0.0.0, Culture=neutral, PublicKeyToken=b03f5f7f11d50a3a" className="UndeadEarth.Test.Model.when_moving_user, UndeadEarth.Test, Version=1.0.0.0, Culture=neutral, PublicKeyToken=null" name="should_record_how_many_miles_have_been_moved_for_achievements" />
    </UnitTest>
    <UnitTest name="the_last_visited_hotzone_should_be_starting_location" storage="c:\users\juwilliams\desktop\personal\undead-planet\undeadearth.test\bin\debug\undeadearth.test.dll" id="5edbb1cd-bd31-7ac9-084c-f6f749883ff2">
      <Execution id="7376c4fc-ea64-4c20-a43a-54c51a098528" />
      <TestMethod codeBase="c:/Users/juwilliams/Desktop/Personal/Undead-Planet/UndeadEarth.Test/bin/Debug/UndeadEarth.Test.DLL" adapterTypeName="Microsoft.VisualStudio.TestTools.TestTypes.Unit.UnitTestAdapter, Microsoft.VisualStudio.QualityTools.Tips.UnitTest.Adapter, Version=10.0.0.0, Culture=neutral, PublicKeyToken=b03f5f7f11d50a3a" className="UndeadEarth.Test.Dal.when_inserting_user, UndeadEarth.Test, Version=1.0.0.0, Culture=neutral, PublicKeyToken=null" name="the_last_visited_hotzone_should_be_starting_location" />
    </UnitTest>
    <UnitTest name="should_return_null_for_last_saved_energy_if_user_exists_but_energy_is_null" storage="c:\users\juwilliams\desktop\personal\undead-planet\undeadearth.test\bin\debug\undeadearth.test.dll" id="da679302-1a0c-b7f2-1c7e-e59bb2763f0f">
      <Execution id="2851d459-c6a4-449c-8299-8bc4ef6dc524" />
      <TestMethod codeBase="c:/Users/juwilliams/Desktop/Personal/Undead-Planet/UndeadEarth.Test/bin/Debug/UndeadEarth.Test.DLL" adapterTypeName="Microsoft.VisualStudio.TestTools.TestTypes.Unit.UnitTestAdapter, Microsoft.VisualStudio.QualityTools.Tips.UnitTest.Adapter, Version=10.0.0.0, Culture=neutral, PublicKeyToken=b03f5f7f11d50a3a" className="UndeadEarth.Test.Dal.when_retrieving_user_energy, UndeadEarth.Test, Version=1.0.0.0, Culture=neutral, PublicKeyToken=null" name="should_return_null_for_last_saved_energy_if_user_exists_but_energy_is_null" />
    </UnitTest>
    <UnitTest name="should_record_peak_zombies_destroyed" storage="c:\users\juwilliams\desktop\personal\undead-planet\undeadearth.test\bin\debug\undeadearth.test.dll" id="e6a8c00a-faa8-0745-e831-40d2f4668ade">
      <Execution id="12b49366-484d-43d2-9824-d38cddb39fb4" />
      <TestMethod codeBase="c:/Users/juwilliams/Desktop/Personal/Undead-Planet/UndeadEarth.Test/bin/Debug/UndeadEarth.Test.DLL" adapterTypeName="Microsoft.VisualStudio.TestTools.TestTypes.Unit.UnitTestAdapter, Microsoft.VisualStudio.QualityTools.Tips.UnitTest.Adapter, Version=10.0.0.0, Culture=neutral, PublicKeyToken=b03f5f7f11d50a3a" className="UndeadEarth.Test.Model.when_hunting_for_zombies, UndeadEarth.Test, Version=1.0.0.0, Culture=neutral, PublicKeyToken=null" name="should_record_peak_zombies_destroyed" />
    </UnitTest>
    <UnitTest name="should_return_current_level_for_user" storage="c:\users\juwilliams\desktop\personal\undead-planet\undeadearth.test\bin\debug\undeadearth.test.dll" id="0ee84f2b-31e9-0047-e6f0-0ec71b544574">
      <Execution id="5517dce2-bd91-4f5f-b358-4a7cc3df0832" />
      <TestMethod codeBase="c:/Users/juwilliams/Desktop/Personal/Undead-Planet/UndeadEarth.Test/bin/Debug/UndeadEarth.Test.DLL" adapterTypeName="Microsoft.VisualStudio.TestTools.TestTypes.Unit.UnitTestAdapter, Microsoft.VisualStudio.QualityTools.Tips.UnitTest.Adapter, Version=10.0.0.0, Culture=neutral, PublicKeyToken=b03f5f7f11d50a3a" className="UndeadEarth.Test.Model.when_servicing_user_level_and_attributes, UndeadEarth.Test, Version=1.0.0.0, Culture=neutral, PublicKeyToken=null" name="should_return_current_level_for_user" />
    </UnitTest>
    <UnitTest name="should_retrieve_user_current_base_energy" storage="c:\users\juwilliams\desktop\personal\undead-planet\undeadearth.test\bin\debug\undeadearth.test.dll" id="69653733-6f17-afcb-14dc-a6126a62b1ee">
      <Execution id="73be31a2-391c-4f21-b8db-4ee702e4c367" />
      <TestMethod codeBase="c:/Users/juwilliams/Desktop/Personal/Undead-Planet/UndeadEarth.Test/bin/Debug/UndeadEarth.Test.DLL" adapterTypeName="Microsoft.VisualStudio.TestTools.TestTypes.Unit.UnitTestAdapter, Microsoft.VisualStudio.QualityTools.Tips.UnitTest.Adapter, Version=10.0.0.0, Culture=neutral, PublicKeyToken=b03f5f7f11d50a3a" className="UndeadEarth.Test.Dal.when_retrieving_user, UndeadEarth.Test, Version=1.0.0.0, Culture=neutral, PublicKeyToken=null" name="should_retrieve_user_current_base_energy" />
    </UnitTest>
    <UnitTest name="should_return_zero_if_energy_is_null" storage="c:\users\juwilliams\desktop\personal\undead-planet\undeadearth.test\bin\debug\undeadearth.test.dll" id="6fb9a1f1-9260-fa0f-3246-029c6bade6db">
      <Execution id="7739148a-7854-41c4-82e9-e62caffcf2e8" />
      <TestMethod codeBase="c:/Users/juwilliams/Desktop/Personal/Undead-Planet/UndeadEarth.Test/bin/Debug/UndeadEarth.Test.DLL" adapterTypeName="Microsoft.VisualStudio.TestTools.TestTypes.Unit.UnitTestAdapter, Microsoft.VisualStudio.QualityTools.Tips.UnitTest.Adapter, Version=10.0.0.0, Culture=neutral, PublicKeyToken=b03f5f7f11d50a3a" className="UndeadEarth.Test.Dal.when_retrieving_items, UndeadEarth.Test, Version=1.0.0.0, Culture=neutral, PublicKeyToken=null" name="should_return_zero_if_energy_is_null" />
    </UnitTest>
    <UnitTest name="should_set_last_sight_radius_date_to_datetimenow_if_its_null_but_last_sight_radius_isnt" storage="c:\users\juwilliams\desktop\personal\undead-planet\undeadearth.test\bin\debug\undeadearth.test.dll" id="9dde4be1-7360-a906-9538-025b609b4796">
      <Execution id="73d16533-4661-4d75-95ac-f78541623926" />
      <TestMethod codeBase="c:/Users/juwilliams/Desktop/Personal/Undead-Planet/UndeadEarth.Test/bin/Debug/UndeadEarth.Test.DLL" adapterTypeName="Microsoft.VisualStudio.TestTools.TestTypes.Unit.UnitTestAdapter, Microsoft.VisualStudio.QualityTools.Tips.UnitTest.Adapter, Version=10.0.0.0, Culture=neutral, PublicKeyToken=b03f5f7f11d50a3a" className="UndeadEarth.Test.Dal.when_retrieving_user_sight_radius, UndeadEarth.Test, Version=1.0.0.0, Culture=neutral, PublicKeyToken=null" name="should_set_last_sight_radius_date_to_datetimenow_if_its_null_but_last_sight_radius_isnt" />
    </UnitTest>
    <UnitTest name="should_retrieve_list_of_items_in_safe_house_that_belong_to_user" storage="c:\users\juwilliams\desktop\personal\undead-planet\undeadearth.test\bin\debug\undeadearth.test.dll" id="66236707-8e98-8099-42db-7e8aeb3fbf02">
      <Execution id="ba78ad83-8f67-4a03-8d7b-ebac2dbe7d11" />
      <TestMethod codeBase="c:/Users/juwilliams/Desktop/Personal/Undead-Planet/UndeadEarth.Test/bin/Debug/UndeadEarth.Test.DLL" adapterTypeName="Microsoft.VisualStudio.TestTools.TestTypes.Unit.UnitTestAdapter, Microsoft.VisualStudio.QualityTools.Tips.UnitTest.Adapter, Version=10.0.0.0, Culture=neutral, PublicKeyToken=b03f5f7f11d50a3a" className="UndeadEarth.Test.Dal.when_retrieving_safe_houses, UndeadEarth.Test, Version=1.0.0.0, Culture=neutral, PublicKeyToken=null" name="should_retrieve_list_of_items_in_safe_house_that_belong_to_user" />
    </UnitTest>
    <UnitTest name="should_throw_error_when_returning_user_energy_and_user_doesnt_exist" storage="c:\users\juwilliams\desktop\personal\undead-planet\undeadearth.test\bin\debug\undeadearth.test.dll" id="a92236ed-a367-c7c7-0a25-b11ae709bcb3">
      <Execution id="21af27a2-2ace-462c-a76b-be1e4eeda059" />
      <TestMethod codeBase="c:/Users/juwilliams/Desktop/Personal/Undead-Planet/UndeadEarth.Test/bin/Debug/UndeadEarth.Test.DLL" adapterTypeName="Microsoft.VisualStudio.TestTools.TestTypes.Unit.UnitTestAdapter, Microsoft.VisualStudio.QualityTools.Tips.UnitTest.Adapter, Version=10.0.0.0, Culture=neutral, PublicKeyToken=b03f5f7f11d50a3a" className="UndeadEarth.Test.Dal.when_retrieving_user, UndeadEarth.Test, Version=1.0.0.0, Culture=neutral, PublicKeyToken=null" name="should_throw_error_when_returning_user_energy_and_user_doesnt_exist" />
    </UnitTest>
    <UnitTest name="should_truncate_seconds_and_milliseconds_from_times_that_are_being_used_for_calculating_energy" storage="c:\users\juwilliams\desktop\personal\undead-planet\undeadearth.test\bin\debug\undeadearth.test.dll" id="70a48ca4-778f-c05e-3b5d-4d1dd614ffe7">
      <Execution id="eb483069-c514-4603-9d54-bec436d7d034" />
      <TestMethod codeBase="c:/Users/juwilliams/Desktop/Personal/Undead-Planet/UndeadEarth.Test/bin/Debug/UndeadEarth.Test.DLL" adapterTypeName="Microsoft.VisualStudio.TestTools.TestTypes.Unit.UnitTestAdapter, Microsoft.VisualStudio.QualityTools.Tips.UnitTest.Adapter, Version=10.0.0.0, Culture=neutral, PublicKeyToken=b03f5f7f11d50a3a" className="UndeadEarth.Test.Model.when_determining_users_current_energy, UndeadEarth.Test, Version=1.0.0.0, Culture=neutral, PublicKeyToken=null" name="should_truncate_seconds_and_milliseconds_from_times_that_are_being_used_for_calculating_energy" />
    </UnitTest>
    <UnitTest name="should_disregard_one_use_items_that_can_be_bought" storage="c:\users\juwilliams\desktop\personal\undead-planet\undeadearth.test\bin\debug\undeadearth.test.dll" id="b5bf2f35-dde6-66e3-7545-0164ceb4c3bb">
      <Execution id="10b92b9f-3b6e-48e4-8e78-2e076929116b" />
      <TestMethod codeBase="c:/Users/juwilliams/Desktop/Personal/Undead-Planet/UndeadEarth.Test/bin/Debug/UndeadEarth.Test.DLL" adapterTypeName="Microsoft.VisualStudio.TestTools.TestTypes.Unit.UnitTestAdapter, Microsoft.VisualStudio.QualityTools.Tips.UnitTest.Adapter, Version=10.0.0.0, Culture=neutral, PublicKeyToken=b03f5f7f11d50a3a" className="UndeadEarth.Test.Model.when_determining_users_max_potential_energy, UndeadEarth.Test, Version=1.0.0.0, Culture=neutral, PublicKeyToken=null" name="should_disregard_one_use_items_that_can_be_bought" />
    </UnitTest>
    <UnitTest name="should_return_null_for_base_sight_radius_if_user_does_not_exist" storage="c:\users\juwilliams\desktop\personal\undead-planet\undeadearth.test\bin\debug\undeadearth.test.dll" id="dcd64675-21d8-0b9a-9cf5-ac50822ee771">
      <Execution id="90ed2a4c-5d82-45b1-add6-8122561a2def" />
      <TestMethod codeBase="c:/Users/juwilliams/Desktop/Personal/Undead-Planet/UndeadEarth.Test/bin/Debug/UndeadEarth.Test.DLL" adapterTypeName="Microsoft.VisualStudio.TestTools.TestTypes.Unit.UnitTestAdapter, Microsoft.VisualStudio.QualityTools.Tips.UnitTest.Adapter, Version=10.0.0.0, Culture=neutral, PublicKeyToken=b03f5f7f11d50a3a" className="UndeadEarth.Test.Dal.when_retrieving_user_sight_radius, UndeadEarth.Test, Version=1.0.0.0, Culture=neutral, PublicKeyToken=null" name="should_return_null_for_base_sight_radius_if_user_does_not_exist" />
    </UnitTest>
    <UnitTest name="should_increment_zombie_pack_destroyed_count" storage="c:\users\juwilliams\desktop\personal\undead-planet\undeadearth.test\bin\debug\undeadearth.test.dll" id="556fe5d0-aedd-a933-babc-4606a23e064e">
      <Execution id="b5fb8732-9a50-4588-808f-4d8ea2e70871" />
      <TestMethod codeBase="c:/Users/juwilliams/Desktop/Personal/Undead-Planet/UndeadEarth.Test/bin/Debug/UndeadEarth.Test.DLL" adapterTypeName="Microsoft.VisualStudio.TestTools.TestTypes.Unit.UnitTestAdapter, Microsoft.VisualStudio.QualityTools.Tips.UnitTest.Adapter, Version=10.0.0.0, Culture=neutral, PublicKeyToken=b03f5f7f11d50a3a" className="UndeadEarth.Test.Dal.when_saving_user_counts, UndeadEarth.Test, Version=1.0.0.0, Culture=neutral, PublicKeyToken=null" name="should_increment_zombie_pack_destroyed_count" />
    </UnitTest>
    <UnitTest name="should_give_energy_based_on_best_items_from_user_usersafehouse_and_items_that_can_be_bought" storage="c:\users\juwilliams\desktop\personal\undead-planet\undeadearth.test\bin\debug\undeadearth.test.dll" id="6b30f78c-5c97-e5aa-0928-de7f5ee83660">
      <Execution id="d65d75a3-04a3-4b0f-a21a-d53e13231554" />
      <TestMethod codeBase="c:/Users/juwilliams/Desktop/Personal/Undead-Planet/UndeadEarth.Test/bin/Debug/UndeadEarth.Test.DLL" adapterTypeName="Microsoft.VisualStudio.TestTools.TestTypes.Unit.UnitTestAdapter, Microsoft.VisualStudio.QualityTools.Tips.UnitTest.Adapter, Version=10.0.0.0, Culture=neutral, PublicKeyToken=b03f5f7f11d50a3a" className="UndeadEarth.Test.Model.when_determining_users_max_potential_energy, UndeadEarth.Test, Version=1.0.0.0, Culture=neutral, PublicKeyToken=null" name="should_give_energy_based_on_best_items_from_user_usersafehouse_and_items_that_can_be_bought" />
    </UnitTest>
    <UnitTest name="should_set_user_current_base_energy" storage="c:\users\juwilliams\desktop\personal\undead-planet\undeadearth.test\bin\debug\undeadearth.test.dll" id="5f382a5a-614c-c9d5-67f1-1ceadc4420b1">
      <Execution id="250c50c0-8554-49ed-a2e8-f1202f0cc8a1" />
      <TestMethod codeBase="c:/Users/juwilliams/Desktop/Personal/Undead-Planet/UndeadEarth.Test/bin/Debug/UndeadEarth.Test.DLL" adapterTypeName="Microsoft.VisualStudio.TestTools.TestTypes.Unit.UnitTestAdapter, Microsoft.VisualStudio.QualityTools.Tips.UnitTest.Adapter, Version=10.0.0.0, Culture=neutral, PublicKeyToken=b03f5f7f11d50a3a" className="UndeadEarth.Test.Dal.when_saving_user, UndeadEarth.Test, Version=1.0.0.0, Culture=neutral, PublicKeyToken=null" name="should_set_user_current_base_energy" />
    </UnitTest>
    <UnitTest name="should_update_user_location_if_user_exists" storage="c:\users\juwilliams\desktop\personal\undead-planet\undeadearth.test\bin\debug\undeadearth.test.dll" id="00f036f8-7ea4-f115-2065-21a527c875c4">
      <Execution id="be4fbaed-22d1-4008-a138-feb0b8190665" />
      <TestMethod codeBase="c:/Users/juwilliams/Desktop/Personal/Undead-Planet/UndeadEarth.Test/bin/Debug/UndeadEarth.Test.DLL" adapterTypeName="Microsoft.VisualStudio.TestTools.TestTypes.Unit.UnitTestAdapter, Microsoft.VisualStudio.QualityTools.Tips.UnitTest.Adapter, Version=10.0.0.0, Culture=neutral, PublicKeyToken=b03f5f7f11d50a3a" className="UndeadEarth.Test.Dal.when_saving_user, UndeadEarth.Test, Version=1.0.0.0, Culture=neutral, PublicKeyToken=null" name="should_update_user_location_if_user_exists" />
    </UnitTest>
    <UnitTest name="should_return_null_for_last_saved_sight_radius_if_user_does_not_exist" storage="c:\users\juwilliams\desktop\personal\undead-planet\undeadearth.test\bin\debug\undeadearth.test.dll" id="f171bbe9-81e2-ed24-643d-8a7305f52326">
      <Execution id="d4c98cc1-f555-4f3e-8113-3e4b22bbc5a4" />
      <TestMethod codeBase="c:/Users/juwilliams/Desktop/Personal/Undead-Planet/UndeadEarth.Test/bin/Debug/UndeadEarth.Test.DLL" adapterTypeName="Microsoft.VisualStudio.TestTools.TestTypes.Unit.UnitTestAdapter, Microsoft.VisualStudio.QualityTools.Tips.UnitTest.Adapter, Version=10.0.0.0, Culture=neutral, PublicKeyToken=b03f5f7f11d50a3a" className="UndeadEarth.Test.Dal.when_retrieving_user_sight_radius, UndeadEarth.Test, Version=1.0.0.0, Culture=neutral, PublicKeyToken=null" name="should_return_null_for_last_saved_sight_radius_if_user_does_not_exist" />
    </UnitTest>
    <UnitTest name="should_add_money_passed_in_to_money_of_the_current_user" storage="c:\users\juwilliams\desktop\personal\undead-planet\undeadearth.test\bin\debug\undeadearth.test.dll" id="db2cbd38-a14d-b06e-fd2b-542b84645680">
      <Execution id="86a83375-29ed-4845-99e9-945e52d4a4ef" />
      <TestMethod codeBase="c:/Users/juwilliams/Desktop/Personal/Undead-Planet/UndeadEarth.Test/bin/Debug/UndeadEarth.Test.DLL" adapterTypeName="Microsoft.VisualStudio.TestTools.TestTypes.Unit.UnitTestAdapter, Microsoft.VisualStudio.QualityTools.Tips.UnitTest.Adapter, Version=10.0.0.0, Culture=neutral, PublicKeyToken=b03f5f7f11d50a3a" className="UndeadEarth.Test.Dal.when_saving_user, UndeadEarth.Test, Version=1.0.0.0, Culture=neutral, PublicKeyToken=null" name="should_add_money_passed_in_to_money_of_the_current_user" />
    </UnitTest>
    <UnitTest name="should_return_all_hot_zones" storage="c:\users\juwilliams\desktop\personal\undead-planet\undeadearth.test\bin\debug\undeadearth.test.dll" id="7209dcdb-bb1a-d89a-c5cb-4180ad1a5427">
      <Execution id="28d0ca4f-8d83-4295-8c63-5d919a1eb30f" />
      <TestMethod codeBase="c:/Users/juwilliams/Desktop/Personal/Undead-Planet/UndeadEarth.Test/bin/Debug/UndeadEarth.Test.DLL" adapterTypeName="Microsoft.VisualStudio.TestTools.TestTypes.Unit.UnitTestAdapter, Microsoft.VisualStudio.QualityTools.Tips.UnitTest.Adapter, Version=10.0.0.0, Culture=neutral, PublicKeyToken=b03f5f7f11d50a3a" className="UndeadEarth.Test.Dal.when_retrieving_hot_zones, UndeadEarth.Test, Version=1.0.0.0, Culture=neutral, PublicKeyToken=null" name="should_return_all_hot_zones" />
    </UnitTest>
    <UnitTest name="should_not_hunt_if_user_doesnt_have_enough_energy" storage="c:\users\juwilliams\desktop\personal\undead-planet\undeadearth.test\bin\debug\undeadearth.test.dll" id="68ea6353-2c49-a913-f384-cf2dc40e93c0">
      <Execution id="8832c521-9034-4511-8941-40b9fca62319" />
      <TestMethod codeBase="c:/Users/juwilliams/Desktop/Personal/Undead-Planet/UndeadEarth.Test/bin/Debug/UndeadEarth.Test.DLL" adapterTypeName="Microsoft.VisualStudio.TestTools.TestTypes.Unit.UnitTestAdapter, Microsoft.VisualStudio.QualityTools.Tips.UnitTest.Adapter, Version=10.0.0.0, Culture=neutral, PublicKeyToken=b03f5f7f11d50a3a" className="UndeadEarth.Test.Model.when_hunting_for_zombies, UndeadEarth.Test, Version=1.0.0.0, Culture=neutral, PublicKeyToken=null" name="should_not_hunt_if_user_doesnt_have_enough_energy" />
    </UnitTest>
    <UnitTest name="should_save_item_in_safe_house_inventory_and_remove_from_user_inventory" storage="c:\users\juwilliams\desktop\personal\undead-planet\undeadearth.test\bin\debug\undeadearth.test.dll" id="7d9357cd-185a-7a7d-46d5-6e0825f094b5">
      <Execution id="1f48cf9c-cf05-484d-9612-66b0eef344f1" />
      <TestMethod codeBase="c:/Users/juwilliams/Desktop/Personal/Undead-Planet/UndeadEarth.Test/bin/Debug/UndeadEarth.Test.DLL" adapterTypeName="Microsoft.VisualStudio.TestTools.TestTypes.Unit.UnitTestAdapter, Microsoft.VisualStudio.QualityTools.Tips.UnitTest.Adapter, Version=10.0.0.0, Culture=neutral, PublicKeyToken=b03f5f7f11d50a3a" className="UndeadEarth.Test.Model.when_transferring_items_from_user_to_safe_house, UndeadEarth.Test, Version=1.0.0.0, Culture=neutral, PublicKeyToken=null" name="should_save_item_in_safe_house_inventory_and_remove_from_user_inventory" />
    </UnitTest>
    <UnitTest name="should_return_achievement_for_peak_zombies_100" storage="c:\users\juwilliams\desktop\personal\undead-planet\undeadearth.test\bin\debug\undeadearth.test.dll" id="a4df90b5-6a65-c11c-9306-ae984a6862f3">
      <Execution id="62eae492-fac5-4f40-87c4-f5b8b0b258a2" />
      <TestMethod codeBase="c:/Users/juwilliams/Desktop/Personal/Undead-Planet/UndeadEarth.Test/bin/Debug/UndeadEarth.Test.DLL" adapterTypeName="Microsoft.VisualStudio.TestTools.TestTypes.Unit.UnitTestAdapter, Microsoft.VisualStudio.QualityTools.Tips.UnitTest.Adapter, Version=10.0.0.0, Culture=neutral, PublicKeyToken=b03f5f7f11d50a3a" className="UndeadEarth.Test.Model.when_retrieving_achievements, UndeadEarth.Test, Version=1.0.0.0, Culture=neutral, PublicKeyToken=null" name="should_return_achievement_for_peak_zombies_100" />
    </UnitTest>
    <UnitTest name="should_return_all_stores_in_radius" storage="c:\users\juwilliams\desktop\personal\undead-planet\undeadearth.test\bin\debug\undeadearth.test.dll" id="3d4be643-5d31-3e26-f950-26a5f925e40b">
      <Execution id="950f81c2-df2c-4e45-a02d-07ffc2645246" />
      <TestMethod codeBase="c:/Users/juwilliams/Desktop/Personal/Undead-Planet/UndeadEarth.Test/bin/Debug/UndeadEarth.Test.DLL" adapterTypeName="Microsoft.VisualStudio.TestTools.TestTypes.Unit.UnitTestAdapter, Microsoft.VisualStudio.QualityTools.Tips.UnitTest.Adapter, Version=10.0.0.0, Culture=neutral, PublicKeyToken=b03f5f7f11d50a3a" className="UndeadEarth.Test.Dal.when_retrieving_stores, UndeadEarth.Test, Version=1.0.0.0, Culture=neutral, PublicKeyToken=null" name="should_return_all_stores_in_radius" />
    </UnitTest>
    <UnitTest name="should_start_with_attack_power_of_1" storage="c:\users\juwilliams\desktop\personal\undead-planet\undeadearth.test\bin\debug\undeadearth.test.dll" id="6f5b8bdf-f4f3-b0ac-2d17-1c769ba70ec7">
      <Execution id="3f373a8e-b35f-4d72-affc-5d50a86a135d" />
      <TestMethod codeBase="c:/Users/juwilliams/Desktop/Personal/Undead-Planet/UndeadEarth.Test/bin/Debug/UndeadEarth.Test.DLL" adapterTypeName="Microsoft.VisualStudio.TestTools.TestTypes.Unit.UnitTestAdapter, Microsoft.VisualStudio.QualityTools.Tips.UnitTest.Adapter, Version=10.0.0.0, Culture=neutral, PublicKeyToken=b03f5f7f11d50a3a" className="UndeadEarth.Test.Model.when_creating_user, UndeadEarth.Test, Version=1.0.0.0, Culture=neutral, PublicKeyToken=null" name="should_start_with_attack_power_of_1" />
    </UnitTest>
    <UnitTest name="should_return_achievement_for_destroying_100_hotzones" storage="c:\users\juwilliams\desktop\personal\undead-planet\undeadearth.test\bin\debug\undeadearth.test.dll" id="1ade4597-88a4-ccb5-c182-1ea16f848376">
      <Execution id="c592efbb-b13e-4c77-9589-324e247ff460" />
      <TestMethod codeBase="c:/Users/juwilliams/Desktop/Personal/Undead-Planet/UndeadEarth.Test/bin/Debug/UndeadEarth.Test.DLL" adapterTypeName="Microsoft.VisualStudio.TestTools.TestTypes.Unit.UnitTestAdapter, Microsoft.VisualStudio.QualityTools.Tips.UnitTest.Adapter, Version=10.0.0.0, Culture=neutral, PublicKeyToken=b03f5f7f11d50a3a" className="UndeadEarth.Test.Model.when_retrieving_achievements, UndeadEarth.Test, Version=1.0.0.0, Culture=neutral, PublicKeyToken=null" name="should_return_achievement_for_destroying_100_hotzones" />
    </UnitTest>
    <UnitTest name="should_return_false_if_zombiepack_does_not_exist" storage="c:\users\juwilliams\desktop\personal\undead-planet\undeadearth.test\bin\debug\undeadearth.test.dll" id="cfacc8e4-11ef-5e59-c2dc-f7d2d86d5a2e">
      <Execution id="648dee72-84cf-4758-8156-543133957f7a" />
      <TestMethod codeBase="c:/Users/juwilliams/Desktop/Personal/Undead-Planet/UndeadEarth.Test/bin/Debug/UndeadEarth.Test.DLL" adapterTypeName="Microsoft.VisualStudio.TestTools.TestTypes.Unit.UnitTestAdapter, Microsoft.VisualStudio.QualityTools.Tips.UnitTest.Adapter, Version=10.0.0.0, Culture=neutral, PublicKeyToken=b03f5f7f11d50a3a" className="UndeadEarth.Test.Dal.when_checking_if_zombie_pack_exists, UndeadEarth.Test, Version=1.0.0.0, Culture=neutral, PublicKeyToken=null" name="should_return_false_if_zombiepack_does_not_exist" />
    </UnitTest>
    <UnitTest name="should_perform_partial_move_if_user_doesnt_have_enough_energy_to_go_the_entire_length" storage="c:\users\juwilliams\desktop\personal\undead-planet\undeadearth.test\bin\debug\undeadearth.test.dll" id="9a36c4f0-6e47-6967-5e76-948bbb7a2e79">
      <Execution id="3a6e9d99-aeb6-4217-b2e1-467d3db18084" />
      <TestMethod codeBase="c:/Users/juwilliams/Desktop/Personal/Undead-Planet/UndeadEarth.Test/bin/Debug/UndeadEarth.Test.DLL" adapterTypeName="Microsoft.VisualStudio.TestTools.TestTypes.Unit.UnitTestAdapter, Microsoft.VisualStudio.QualityTools.Tips.UnitTest.Adapter, Version=10.0.0.0, Culture=neutral, PublicKeyToken=b03f5f7f11d50a3a" className="UndeadEarth.Test.Model.when_moving_user, UndeadEarth.Test, Version=1.0.0.0, Culture=neutral, PublicKeyToken=null" name="should_perform_partial_move_if_user_doesnt_have_enough_energy_to_go_the_entire_length" />
    </UnitTest>
    <UnitTest name="should_not_hunt_if_user_doesnt_exist" storage="c:\users\juwilliams\desktop\personal\undead-planet\undeadearth.test\bin\debug\undeadearth.test.dll" id="5a128d3b-35ba-f233-4f32-be0f8dfb906e">
      <Execution id="84d3232d-fed0-4851-8952-8a2be75b3922" />
      <TestMethod codeBase="c:/Users/juwilliams/Desktop/Personal/Undead-Planet/UndeadEarth.Test/bin/Debug/UndeadEarth.Test.DLL" adapterTypeName="Microsoft.VisualStudio.TestTools.TestTypes.Unit.UnitTestAdapter, Microsoft.VisualStudio.QualityTools.Tips.UnitTest.Adapter, Version=10.0.0.0, Culture=neutral, PublicKeyToken=b03f5f7f11d50a3a" className="UndeadEarth.Test.Model.when_hunting_for_zombies, UndeadEarth.Test, Version=1.0.0.0, Culture=neutral, PublicKeyToken=null" name="should_not_hunt_if_user_doesnt_exist" />
    </UnitTest>
    <UnitTest name="should_set_to_max_energy_if_item_energy_is_greater_than_max" storage="c:\users\juwilliams\desktop\personal\undead-planet\undeadearth.test\bin\debug\undeadearth.test.dll" id="b28183ac-a700-53c3-0c4c-4c663c3d39eb">
      <Execution id="5b5b93ff-5ed8-4fed-a69f-dff124733af1" />
      <TestMethod codeBase="c:/Users/juwilliams/Desktop/Personal/Undead-Planet/UndeadEarth.Test/bin/Debug/UndeadEarth.Test.DLL" adapterTypeName="Microsoft.VisualStudio.TestTools.TestTypes.Unit.UnitTestAdapter, Microsoft.VisualStudio.QualityTools.Tips.UnitTest.Adapter, Version=10.0.0.0, Culture=neutral, PublicKeyToken=b03f5f7f11d50a3a" className="UndeadEarth.Test.Model.when_using_items, UndeadEarth.Test, Version=1.0.0.0, Culture=neutral, PublicKeyToken=null" name="should_set_to_max_energy_if_item_energy_is_greater_than_max" />
    </UnitTest>
    <UnitTest name="should_calculate_northern_point" storage="c:\users\juwilliams\desktop\personal\undead-planet\undeadearth.test\bin\debug\undeadearth.test.dll" id="5b2a5f35-2435-a2ba-eaf1-4c274bced244">
      <Execution id="26937831-65c4-4114-ac39-b1e7b3a71905" />
      <TestMethod codeBase="c:/Users/juwilliams/Desktop/Personal/Undead-Planet/UndeadEarth.Test/bin/Debug/UndeadEarth.Test.DLL" adapterTypeName="Microsoft.VisualStudio.TestTools.TestTypes.Unit.UnitTestAdapter, Microsoft.VisualStudio.QualityTools.Tips.UnitTest.Adapter, Version=10.0.0.0, Culture=neutral, PublicKeyToken=b03f5f7f11d50a3a" className="UndeadEarth.Test.Model.when_calculating_distance, UndeadEarth.Test, Version=1.0.0.0, Culture=neutral, PublicKeyToken=null" name="should_calculate_northern_point" />
    </UnitTest>
    <UnitTest name="should_return_if_item_is_not_one_time_use_item" storage="c:\users\juwilliams\desktop\personal\undead-planet\undeadearth.test\bin\debug\undeadearth.test.dll" id="9c6c437e-182b-5735-6616-67dd466d97ca">
      <Execution id="2bf14ca4-e864-450a-a34c-05b983ca46e7" />
      <TestMethod codeBase="c:/Users/juwilliams/Desktop/Personal/Undead-Planet/UndeadEarth.Test/bin/Debug/UndeadEarth.Test.DLL" adapterTypeName="Microsoft.VisualStudio.TestTools.TestTypes.Unit.UnitTestAdapter, Microsoft.VisualStudio.QualityTools.Tips.UnitTest.Adapter, Version=10.0.0.0, Culture=neutral, PublicKeyToken=b03f5f7f11d50a3a" className="UndeadEarth.Test.Model.when_using_items, UndeadEarth.Test, Version=1.0.0.0, Culture=neutral, PublicKeyToken=null" name="should_return_if_item_is_not_one_time_use_item" />
    </UnitTest>
    <UnitTest name="should_return_attack_power_along_with_any_attack_power_increase_from_buying_item_with_no_items_in_safehouse" storage="c:\users\juwilliams\desktop\personal\undead-planet\undeadearth.test\bin\debug\undeadearth.test.dll" id="3a65c876-9662-16ec-4c81-7bea778d6951">
      <Execution id="cca4502f-554c-4202-a40d-e22a4bed0266" />
      <TestMethod codeBase="c:/Users/juwilliams/Desktop/Personal/Undead-Planet/UndeadEarth.Test/bin/Debug/UndeadEarth.Test.DLL" adapterTypeName="Microsoft.VisualStudio.TestTools.TestTypes.Unit.UnitTestAdapter, Microsoft.VisualStudio.QualityTools.Tips.UnitTest.Adapter, Version=10.0.0.0, Culture=neutral, PublicKeyToken=b03f5f7f11d50a3a" className="UndeadEarth.Test.Model.when_determining_users_max_potential_attack_power, UndeadEarth.Test, Version=1.0.0.0, Culture=neutral, PublicKeyToken=null" name="should_return_attack_power_along_with_any_attack_power_increase_from_buying_item_with_no_items_in_safehouse" />
    </UnitTest>
    <UnitTest name="should_calculate_southern_point" storage="c:\users\juwilliams\desktop\personal\undead-planet\undeadearth.test\bin\debug\undeadearth.test.dll" id="8f46b492-6eff-ef62-7327-4eb38c11c2ef">
      <Execution id="1c79d16a-0350-4351-9278-ff7702e0744e" />
      <TestMethod codeBase="c:/Users/juwilliams/Desktop/Personal/Undead-Planet/UndeadEarth.Test/bin/Debug/UndeadEarth.Test.DLL" adapterTypeName="Microsoft.VisualStudio.TestTools.TestTypes.Unit.UnitTestAdapter, Microsoft.VisualStudio.QualityTools.Tips.UnitTest.Adapter, Version=10.0.0.0, Culture=neutral, PublicKeyToken=b03f5f7f11d50a3a" className="UndeadEarth.Test.Model.when_calculating_distance, UndeadEarth.Test, Version=1.0.0.0, Culture=neutral, PublicKeyToken=null" name="should_calculate_southern_point" />
    </UnitTest>
    <UnitTest name="should_take_money_from_user_and_add_item_to_user_inventory" storage="c:\users\juwilliams\desktop\personal\undead-planet\undeadearth.test\bin\debug\undeadearth.test.dll" id="685ba115-26b4-cfb7-772c-f8e84fc12c79">
      <Execution id="1cdc63e0-492f-4e3d-b878-a6080f4abf45" />
      <TestMethod codeBase="c:/Users/juwilliams/Desktop/Personal/Undead-Planet/UndeadEarth.Test/bin/Debug/UndeadEarth.Test.DLL" adapterTypeName="Microsoft.VisualStudio.TestTools.TestTypes.Unit.UnitTestAdapter, Microsoft.VisualStudio.QualityTools.Tips.UnitTest.Adapter, Version=10.0.0.0, Culture=neutral, PublicKeyToken=b03f5f7f11d50a3a" className="UndeadEarth.Test.Model.when_buying_items_from_shop, UndeadEarth.Test, Version=1.0.0.0, Culture=neutral, PublicKeyToken=null" name="should_take_money_from_user_and_add_item_to_user_inventory" />
    </UnitTest>
    <UnitTest name="should_take_into_consideration_equipped_items_when_determining_max_energy" storage="c:\users\juwilliams\desktop\personal\undead-planet\undeadearth.test\bin\debug\undeadearth.test.dll" id="9a7f21c9-61b5-30cc-38aa-34a79b6a0201">
      <Execution id="07136ffe-b23d-4c63-8c67-79dd26afbbec" />
      <TestMethod codeBase="c:/Users/juwilliams/Desktop/Personal/Undead-Planet/UndeadEarth.Test/bin/Debug/UndeadEarth.Test.DLL" adapterTypeName="Microsoft.VisualStudio.TestTools.TestTypes.Unit.UnitTestAdapter, Microsoft.VisualStudio.QualityTools.Tips.UnitTest.Adapter, Version=10.0.0.0, Culture=neutral, PublicKeyToken=b03f5f7f11d50a3a" className="UndeadEarth.Test.Model.when_determining_users_current_energy, UndeadEarth.Test, Version=1.0.0.0, Culture=neutral, PublicKeyToken=null" name="should_take_into_consideration_equipped_items_when_determining_max_energy" />
    </UnitTest>
    <UnitTest name="should_retrieve_zombie_pack_by_id" storage="c:\users\juwilliams\desktop\personal\undead-planet\undeadearth.test\bin\debug\undeadearth.test.dll" id="25699796-3f06-4f57-c2f3-62593d0f8db7">
      <Execution id="c6e2ed5d-c396-42d0-8887-359635e34d83" />
      <TestMethod codeBase="c:/Users/juwilliams/Desktop/Personal/Undead-Planet/UndeadEarth.Test/bin/Debug/UndeadEarth.Test.DLL" adapterTypeName="Microsoft.VisualStudio.TestTools.TestTypes.Unit.UnitTestAdapter, Microsoft.VisualStudio.QualityTools.Tips.UnitTest.Adapter, Version=10.0.0.0, Culture=neutral, PublicKeyToken=b03f5f7f11d50a3a" className="UndeadEarth.Test.Dal.when_retrieving_zombie_packs, UndeadEarth.Test, Version=1.0.0.0, Culture=neutral, PublicKeyToken=null" name="should_retrieve_zombie_pack_by_id" />
    </UnitTest>
    <UnitTest name="should_disregard_creation_if_user_already_exists_for_facebookId" storage="c:\users\juwilliams\desktop\personal\undead-planet\undeadearth.test\bin\debug\undeadearth.test.dll" id="99d5bdbd-2ac1-c2dd-bd8e-ff998f163943">
      <Execution id="54e0a003-7635-4e2c-a88b-ed788f85e349" />
      <TestMethod codeBase="c:/Users/juwilliams/Desktop/Personal/Undead-Planet/UndeadEarth.Test/bin/Debug/UndeadEarth.Test.DLL" adapterTypeName="Microsoft.VisualStudio.TestTools.TestTypes.Unit.UnitTestAdapter, Microsoft.VisualStudio.QualityTools.Tips.UnitTest.Adapter, Version=10.0.0.0, Culture=neutral, PublicKeyToken=b03f5f7f11d50a3a" className="UndeadEarth.Test.Model.when_creating_user, UndeadEarth.Test, Version=1.0.0.0, Culture=neutral, PublicKeyToken=null" name="should_disregard_creation_if_user_already_exists_for_facebookId" />
    </UnitTest>
    <UnitTest name="should_return_true_if_user_has_item" storage="c:\users\juwilliams\desktop\personal\undead-planet\undeadearth.test\bin\debug\undeadearth.test.dll" id="583a3b80-1851-93ab-c2ab-87d678e4ad81">
      <Execution id="93b04365-faba-4ede-bdee-e2a09a3e775c" />
      <TestMethod codeBase="c:/Users/juwilliams/Desktop/Personal/Undead-Planet/UndeadEarth.Test/bin/Debug/UndeadEarth.Test.DLL" adapterTypeName="Microsoft.VisualStudio.TestTools.TestTypes.Unit.UnitTestAdapter, Microsoft.VisualStudio.QualityTools.Tips.UnitTest.Adapter, Version=10.0.0.0, Culture=neutral, PublicKeyToken=b03f5f7f11d50a3a" className="UndeadEarth.Test.Dal.when_retrieving_items, UndeadEarth.Test, Version=1.0.0.0, Culture=neutral, PublicKeyToken=null" name="should_return_true_if_user_has_item" />
    </UnitTest>
    <UnitTest name="should_disregard_move_if_user_does_not_exist" storage="c:\users\juwilliams\desktop\personal\undead-planet\undeadearth.test\bin\debug\undeadearth.test.dll" id="4d9cdfe2-8eee-3937-2a7d-b414e3b51b00">
      <Execution id="e8d4b67b-18fa-4e14-b1b9-f31fa24eae24" />
      <TestMethod codeBase="c:/Users/juwilliams/Desktop/Personal/Undead-Planet/UndeadEarth.Test/bin/Debug/UndeadEarth.Test.DLL" adapterTypeName="Microsoft.VisualStudio.TestTools.TestTypes.Unit.UnitTestAdapter, Microsoft.VisualStudio.QualityTools.Tips.UnitTest.Adapter, Version=10.0.0.0, Culture=neutral, PublicKeyToken=b03f5f7f11d50a3a" className="UndeadEarth.Test.Model.when_moving_user, UndeadEarth.Test, Version=1.0.0.0, Culture=neutral, PublicKeyToken=null" name="should_disregard_move_if_user_does_not_exist" />
    </UnitTest>
    <UnitTest name="should_return_false_if_item_does_not_exist" storage="c:\users\juwilliams\desktop\personal\undead-planet\undeadearth.test\bin\debug\undeadearth.test.dll" id="43ea7dc5-29f2-fc24-7626-37c50ab77488">
      <Execution id="4588afed-5b6e-4a39-8ef9-476ea8d833dd" />
      <TestMethod codeBase="c:/Users/juwilliams/Desktop/Personal/Undead-Planet/UndeadEarth.Test/bin/Debug/UndeadEarth.Test.DLL" adapterTypeName="Microsoft.VisualStudio.TestTools.TestTypes.Unit.UnitTestAdapter, Microsoft.VisualStudio.QualityTools.Tips.UnitTest.Adapter, Version=10.0.0.0, Culture=neutral, PublicKeyToken=b03f5f7f11d50a3a" className="UndeadEarth.Test.Dal.when_retrieving_items, UndeadEarth.Test, Version=1.0.0.0, Culture=neutral, PublicKeyToken=null" name="should_return_false_if_item_does_not_exist" />
    </UnitTest>
    <UnitTest name="the_starting_energy_should_be_100" storage="c:\users\juwilliams\desktop\personal\undead-planet\undeadearth.test\bin\debug\undeadearth.test.dll" id="ba822c9a-2244-54af-db34-ae1b0ff7f2ea">
      <Execution id="2880f9d1-5fed-4795-89e5-83097a15ec0b" />
      <TestMethod codeBase="c:/Users/juwilliams/Desktop/Personal/Undead-Planet/UndeadEarth.Test/bin/Debug/UndeadEarth.Test.DLL" adapterTypeName="Microsoft.VisualStudio.TestTools.TestTypes.Unit.UnitTestAdapter, Microsoft.VisualStudio.QualityTools.Tips.UnitTest.Adapter, Version=10.0.0.0, Culture=neutral, PublicKeyToken=b03f5f7f11d50a3a" className="UndeadEarth.Test.Dal.when_inserting_user, UndeadEarth.Test, Version=1.0.0.0, Culture=neutral, PublicKeyToken=null" name="the_starting_energy_should_be_100" />
    </UnitTest>
    <UnitTest name="should_return_achievement_for_traveling_1000_miles" storage="c:\users\juwilliams\desktop\personal\undead-planet\undeadearth.test\bin\debug\undeadearth.test.dll" id="e47b507d-8276-c45e-8213-bc71e7175571">
      <Execution id="6cf720e6-cda0-4a30-af7b-84cac6bdfb66" />
      <TestMethod codeBase="c:/Users/juwilliams/Desktop/Personal/Undead-Planet/UndeadEarth.Test/bin/Debug/UndeadEarth.Test.DLL" adapterTypeName="Microsoft.VisualStudio.TestTools.TestTypes.Unit.UnitTestAdapter, Microsoft.VisualStudio.QualityTools.Tips.UnitTest.Adapter, Version=10.0.0.0, Culture=neutral, PublicKeyToken=b03f5f7f11d50a3a" className="UndeadEarth.Test.Model.when_retrieving_achievements, UndeadEarth.Test, Version=1.0.0.0, Culture=neutral, PublicKeyToken=null" name="should_return_achievement_for_traveling_1000_miles" />
    </UnitTest>
    <UnitTest name="should_disregard_if_user_has_more_than_the_allowed_amount_of_items" storage="c:\users\juwilliams\desktop\personal\undead-planet\undeadearth.test\bin\debug\undeadearth.test.dll" id="7bf1b32b-b544-1d63-7f85-8cb3721cb13c">
      <Execution id="62180576-e45c-41c9-b648-2fd279e21709" />
      <TestMethod codeBase="c:/Users/juwilliams/Desktop/Personal/Undead-Planet/UndeadEarth.Test/bin/Debug/UndeadEarth.Test.DLL" adapterTypeName="Microsoft.VisualStudio.TestTools.TestTypes.Unit.UnitTestAdapter, Microsoft.VisualStudio.QualityTools.Tips.UnitTest.Adapter, Version=10.0.0.0, Culture=neutral, PublicKeyToken=b03f5f7f11d50a3a" className="UndeadEarth.Test.Model.when_transferring_items_from_safe_house_to_user, UndeadEarth.Test, Version=1.0.0.0, Culture=neutral, PublicKeyToken=null" name="should_disregard_if_user_has_more_than_the_allowed_amount_of_items" />
    </UnitTest>
    <UnitTest name="should_return_last_saved_sight_radius_for_user" storage="c:\users\juwilliams\desktop\personal\undead-planet\undeadearth.test\bin\debug\undeadearth.test.dll" id="efd3fdf9-6214-c49f-4a2b-bfb2fe87d588">
      <Execution id="57e52cf4-11b6-4e65-a917-8e2b65bf6032" />
      <TestMethod codeBase="c:/Users/juwilliams/Desktop/Personal/Undead-Planet/UndeadEarth.Test/bin/Debug/UndeadEarth.Test.DLL" adapterTypeName="Microsoft.VisualStudio.TestTools.TestTypes.Unit.UnitTestAdapter, Microsoft.VisualStudio.QualityTools.Tips.UnitTest.Adapter, Version=10.0.0.0, Culture=neutral, PublicKeyToken=b03f5f7f11d50a3a" className="UndeadEarth.Test.Dal.when_retrieving_user_sight_radius, UndeadEarth.Test, Version=1.0.0.0, Culture=neutral, PublicKeyToken=null" name="should_return_last_saved_sight_radius_for_user" />
    </UnitTest>
    <UnitTest name="should_not_hunt_if_user_is_not_at_zombie_pack_latitude" storage="c:\users\juwilliams\desktop\personal\undead-planet\undeadearth.test\bin\debug\undeadearth.test.dll" id="75a342b2-ef01-e34d-c6b4-7a9dc15f6b1e">
      <Execution id="23d4cf26-49b9-4362-abe0-0bced3d73cc5" />
      <TestMethod codeBase="c:/Users/juwilliams/Desktop/Personal/Undead-Planet/UndeadEarth.Test/bin/Debug/UndeadEarth.Test.DLL" adapterTypeName="Microsoft.VisualStudio.TestTools.TestTypes.Unit.UnitTestAdapter, Microsoft.VisualStudio.QualityTools.Tips.UnitTest.Adapter, Version=10.0.0.0, Culture=neutral, PublicKeyToken=b03f5f7f11d50a3a" className="UndeadEarth.Test.Model.when_hunting_for_zombies, UndeadEarth.Test, Version=1.0.0.0, Culture=neutral, PublicKeyToken=null" name="should_not_hunt_if_user_is_not_at_zombie_pack_latitude" />
    </UnitTest>
    <UnitTest name="should_retriever_an_empty_list_given_invalid_hotzone_id" storage="c:\users\juwilliams\desktop\personal\undead-planet\undeadearth.test\bin\debug\undeadearth.test.dll" id="5afe1781-3ccb-0558-a937-e74f932ccd49">
      <Execution id="dff56678-7ad8-40f7-a360-108bc14bff01" />
      <TestMethod codeBase="c:/Users/juwilliams/Desktop/Personal/Undead-Planet/UndeadEarth.Test/bin/Debug/UndeadEarth.Test.DLL" adapterTypeName="Microsoft.VisualStudio.TestTools.TestTypes.Unit.UnitTestAdapter, Microsoft.VisualStudio.QualityTools.Tips.UnitTest.Adapter, Version=10.0.0.0, Culture=neutral, PublicKeyToken=b03f5f7f11d50a3a" className="UndeadEarth.Test.Dal.when_retrieving_stores, UndeadEarth.Test, Version=1.0.0.0, Culture=neutral, PublicKeyToken=null" name="should_retriever_an_empty_list_given_invalid_hotzone_id" />
    </UnitTest>
    <UnitTest name="should_destroy_zombie_pack_if_users_attack_power_exceeds_the_number_of_zombies" storage="c:\users\juwilliams\desktop\personal\undead-planet\undeadearth.test\bin\debug\undeadearth.test.dll" id="79f08418-c51b-ec01-a3f0-aeabf52599fa">
      <Execution id="75f846f0-feb5-40cb-a205-c4651772ee05" />
      <TestMethod codeBase="c:/Users/juwilliams/Desktop/Personal/Undead-Planet/UndeadEarth.Test/bin/Debug/UndeadEarth.Test.DLL" adapterTypeName="Microsoft.VisualStudio.TestTools.TestTypes.Unit.UnitTestAdapter, Microsoft.VisualStudio.QualityTools.Tips.UnitTest.Adapter, Version=10.0.0.0, Culture=neutral, PublicKeyToken=b03f5f7f11d50a3a" className="UndeadEarth.Test.Model.when_hunting_for_zombies, UndeadEarth.Test, Version=1.0.0.0, Culture=neutral, PublicKeyToken=null" name="should_destroy_zombie_pack_if_users_attack_power_exceeds_the_number_of_zombies" />
    </UnitTest>
    <UnitTest name="should_return_last_saved_energy_for_user" storage="c:\users\juwilliams\desktop\personal\undead-planet\undeadearth.test\bin\debug\undeadearth.test.dll" id="33a5dc0c-cb8c-881e-3374-24e7b48bd3e1">
      <Execution id="34052552-1517-4879-969b-c6b78850eaa0" />
      <TestMethod codeBase="c:/Users/juwilliams/Desktop/Personal/Undead-Planet/UndeadEarth.Test/bin/Debug/UndeadEarth.Test.DLL" adapterTypeName="Microsoft.VisualStudio.TestTools.TestTypes.Unit.UnitTestAdapter, Microsoft.VisualStudio.QualityTools.Tips.UnitTest.Adapter, Version=10.0.0.0, Culture=neutral, PublicKeyToken=b03f5f7f11d50a3a" className="UndeadEarth.Test.Dal.when_retrieving_user_energy, UndeadEarth.Test, Version=1.0.0.0, Culture=neutral, PublicKeyToken=null" name="should_return_last_saved_energy_for_user" />
    </UnitTest>
    <UnitTest name="should_return_achievement_for_destroying_1000_zombie_packs" storage="c:\users\juwilliams\desktop\personal\undead-planet\undeadearth.test\bin\debug\undeadearth.test.dll" id="2db0a3b3-aad5-d46f-7403-c997f42720f5">
      <Execution id="c915962e-7f54-405e-9841-a8f046096814" />
      <TestMethod codeBase="c:/Users/juwilliams/Desktop/Personal/Undead-Planet/UndeadEarth.Test/bin/Debug/UndeadEarth.Test.DLL" adapterTypeName="Microsoft.VisualStudio.TestTools.TestTypes.Unit.UnitTestAdapter, Microsoft.VisualStudio.QualityTools.Tips.UnitTest.Adapter, Version=10.0.0.0, Culture=neutral, PublicKeyToken=b03f5f7f11d50a3a" className="UndeadEarth.Test.Model.when_retrieving_achievements, UndeadEarth.Test, Version=1.0.0.0, Culture=neutral, PublicKeyToken=null" name="should_return_achievement_for_destroying_1000_zombie_packs" />
    </UnitTest>
    <UnitTest name="should_return_max_energy_if_calculated_energy_for_time_passed_in_is_greater_than_max_energy_of_user" storage="c:\users\juwilliams\desktop\personal\undead-planet\undeadearth.test\bin\debug\undeadearth.test.dll" id="27e73228-a40a-9260-7cd7-3a5d45c78078">
      <Execution id="f56c44e9-587f-413a-b9c3-a1ee7f6017a6" />
      <TestMethod codeBase="c:/Users/juwilliams/Desktop/Personal/Undead-Planet/UndeadEarth.Test/bin/Debug/UndeadEarth.Test.DLL" adapterTypeName="Microsoft.VisualStudio.TestTools.TestTypes.Unit.UnitTestAdapter, Microsoft.VisualStudio.QualityTools.Tips.UnitTest.Adapter, Version=10.0.0.0, Culture=neutral, PublicKeyToken=b03f5f7f11d50a3a" className="UndeadEarth.Test.Model.when_determining_users_current_energy, UndeadEarth.Test, Version=1.0.0.0, Culture=neutral, PublicKeyToken=null" name="should_return_max_energy_if_calculated_energy_for_time_passed_in_is_greater_than_max_energy_of_user" />
    </UnitTest>
    <UnitTest name="should_start_with_5_tents_on_person" storage="c:\users\juwilliams\desktop\personal\undead-planet\undeadearth.test\bin\debug\undeadearth.test.dll" id="c59ebd84-a390-b0a9-9601-b22bb9ff7f1d">
      <Execution id="234d0f77-8299-40c4-b0cf-1e8c7b3fa05b" />
      <TestMethod codeBase="c:/Users/juwilliams/Desktop/Personal/Undead-Planet/UndeadEarth.Test/bin/Debug/UndeadEarth.Test.DLL" adapterTypeName="Microsoft.VisualStudio.TestTools.TestTypes.Unit.UnitTestAdapter, Microsoft.VisualStudio.QualityTools.Tips.UnitTest.Adapter, Version=10.0.0.0, Culture=neutral, PublicKeyToken=b03f5f7f11d50a3a" className="UndeadEarth.Test.Model.when_creating_user, UndeadEarth.Test, Version=1.0.0.0, Culture=neutral, PublicKeyToken=null" name="should_start_with_5_tents_on_person" />
    </UnitTest>
    <UnitTest name="should_return_just_1_userrank" storage="c:\users\juwilliams\desktop\personal\undead-planet\undeadearth.test\bin\debug\undeadearth.test.dll" id="936691d3-5e64-b7c4-4f5c-b1989c2cb7e6">
      <Execution id="e7369915-cdec-488d-9eb8-98e0b3f12229" />
      <TestMethod codeBase="c:/Users/juwilliams/Desktop/Personal/Undead-Planet/UndeadEarth.Test/bin/Debug/UndeadEarth.Test.DLL" adapterTypeName="Microsoft.VisualStudio.TestTools.TestTypes.Unit.UnitTestAdapter, Microsoft.VisualStudio.QualityTools.Tips.UnitTest.Adapter, Version=10.0.0.0, Culture=neutral, PublicKeyToken=b03f5f7f11d50a3a" className="UndeadEarth.Test.Dal.when_retrieving_user_rank, UndeadEarth.Test, Version=1.0.0.0, Culture=neutral, PublicKeyToken=null" name="should_return_just_1_userrank" />
    </UnitTest>
    <UnitTest name="should_retrieve_safe_houses_associated_with_hotzone" storage="c:\users\juwilliams\desktop\personal\undead-planet\undeadearth.test\bin\debug\undeadearth.test.dll" id="9654d44e-cffe-084f-c793-37a48f54fd16">
      <Execution id="6f21a5a0-2512-4f5e-a204-0e4e159e7186" />
      <TestMethod codeBase="c:/Users/juwilliams/Desktop/Personal/Undead-Planet/UndeadEarth.Test/bin/Debug/UndeadEarth.Test.DLL" adapterTypeName="Microsoft.VisualStudio.TestTools.TestTypes.Unit.UnitTestAdapter, Microsoft.VisualStudio.QualityTools.Tips.UnitTest.Adapter, Version=10.0.0.0, Culture=neutral, PublicKeyToken=b03f5f7f11d50a3a" className="UndeadEarth.Test.Dal.when_retrieving_safe_houses, UndeadEarth.Test, Version=1.0.0.0, Culture=neutral, PublicKeyToken=null" name="should_retrieve_safe_houses_associated_with_hotzone" />
    </UnitTest>
    <UnitTest name="should_return_hotzones_destroyed" storage="c:\users\juwilliams\desktop\personal\undead-planet\undeadearth.test\bin\debug\undeadearth.test.dll" id="01475b3a-fc7d-1f41-65ba-f4ddf4a86946">
      <Execution id="ed3a0b20-748f-4b55-af09-b55922edf785" />
      <TestMethod codeBase="c:/Users/juwilliams/Desktop/Personal/Undead-Planet/UndeadEarth.Test/bin/Debug/UndeadEarth.Test.DLL" adapterTypeName="Microsoft.VisualStudio.TestTools.TestTypes.Unit.UnitTestAdapter, Microsoft.VisualStudio.QualityTools.Tips.UnitTest.Adapter, Version=10.0.0.0, Culture=neutral, PublicKeyToken=b03f5f7f11d50a3a" className="UndeadEarth.Test.Dal.when_retrieving_user_counts, UndeadEarth.Test, Version=1.0.0.0, Culture=neutral, PublicKeyToken=null" name="should_return_hotzones_destroyed" />
    </UnitTest>
    <UnitTest name="should_return_achievement_for_destroying_1_zombiePack" storage="c:\users\juwilliams\desktop\personal\undead-planet\undeadearth.test\bin\debug\undeadearth.test.dll" id="5d04ca0e-dd33-bf62-c1bb-e7d225b4949c">
      <Execution id="a65bd135-4374-44d2-9b02-e0e3718e1ded" />
      <TestMethod codeBase="c:/Users/juwilliams/Desktop/Personal/Undead-Planet/UndeadEarth.Test/bin/Debug/UndeadEarth.Test.DLL" adapterTypeName="Microsoft.VisualStudio.TestTools.TestTypes.Unit.UnitTestAdapter, Microsoft.VisualStudio.QualityTools.Tips.UnitTest.Adapter, Version=10.0.0.0, Culture=neutral, PublicKeyToken=b03f5f7f11d50a3a" className="UndeadEarth.Test.Model.when_retrieving_achievements, UndeadEarth.Test, Version=1.0.0.0, Culture=neutral, PublicKeyToken=null" name="should_return_achievement_for_destroying_1_zombiePack" />
    </UnitTest>
    <UnitTest name="should_record_zombies_killed_after_hunt" storage="c:\users\juwilliams\desktop\personal\undead-planet\undeadearth.test\bin\debug\undeadearth.test.dll" id="21426709-ea7c-0595-beae-1978da06ff6a">
      <Execution id="6f85fac9-6d2c-44fb-a64a-f5b744f50715" />
      <TestMethod codeBase="c:/Users/juwilliams/Desktop/Personal/Undead-Planet/UndeadEarth.Test/bin/Debug/UndeadEarth.Test.DLL" adapterTypeName="Microsoft.VisualStudio.TestTools.TestTypes.Unit.UnitTestAdapter, Microsoft.VisualStudio.QualityTools.Tips.UnitTest.Adapter, Version=10.0.0.0, Culture=neutral, PublicKeyToken=b03f5f7f11d50a3a" className="UndeadEarth.Test.Model.when_hunting_for_zombies, UndeadEarth.Test, Version=1.0.0.0, Culture=neutral, PublicKeyToken=null" name="should_record_zombies_killed_after_hunt" />
    </UnitTest>
    <UnitTest name="should_return_all_zombie_packs_in_radius" storage="c:\users\juwilliams\desktop\personal\undead-planet\undeadearth.test\bin\debug\undeadearth.test.dll" id="a95e4141-d767-b753-e492-b99e6f8ee705">
      <Execution id="a7913b3a-c00c-43f5-a358-29416d074538" />
      <TestMethod codeBase="c:/Users/juwilliams/Desktop/Personal/Undead-Planet/UndeadEarth.Test/bin/Debug/UndeadEarth.Test.DLL" adapterTypeName="Microsoft.VisualStudio.TestTools.TestTypes.Unit.UnitTestAdapter, Microsoft.VisualStudio.QualityTools.Tips.UnitTest.Adapter, Version=10.0.0.0, Culture=neutral, PublicKeyToken=b03f5f7f11d50a3a" className="UndeadEarth.Test.Dal.when_retrieving_zombie_packs, UndeadEarth.Test, Version=1.0.0.0, Culture=neutral, PublicKeyToken=null" name="should_return_all_zombie_packs_in_radius" />
    </UnitTest>
    <UnitTest name="should_return_current_zombie_pack_progress_if_user_has_already_visited_zombie_pack" storage="c:\users\juwilliams\desktop\personal\undead-planet\undeadearth.test\bin\debug\undeadearth.test.dll" id="a7c3501c-4b66-95e5-cfa7-a3027a1486c4">
      <Execution id="51b851de-63bc-4494-8540-d29809649558" />
      <TestMethod codeBase="c:/Users/juwilliams/Desktop/Personal/Undead-Planet/UndeadEarth.Test/bin/Debug/UndeadEarth.Test.DLL" adapterTypeName="Microsoft.VisualStudio.TestTools.TestTypes.Unit.UnitTestAdapter, Microsoft.VisualStudio.QualityTools.Tips.UnitTest.Adapter, Version=10.0.0.0, Culture=neutral, PublicKeyToken=b03f5f7f11d50a3a" className="UndeadEarth.Test.Model.when_determining_zombie_pack_progress, UndeadEarth.Test, Version=1.0.0.0, Culture=neutral, PublicKeyToken=null" name="should_return_current_zombie_pack_progress_if_user_has_already_visited_zombie_pack" />
    </UnitTest>
    <UnitTest name="should_return_null_for_last_visited_hotzone_if_no_hotzone_has_been_set" storage="c:\users\juwilliams\desktop\personal\undead-planet\undeadearth.test\bin\debug\undeadearth.test.dll" id="606e3bbd-fbf0-39e8-d39a-d95b2f760af1">
      <Execution id="16e19d31-829a-4c30-9faa-8ad2ffa01d26" />
      <TestMethod codeBase="c:/Users/juwilliams/Desktop/Personal/Undead-Planet/UndeadEarth.Test/bin/Debug/UndeadEarth.Test.DLL" adapterTypeName="Microsoft.VisualStudio.TestTools.TestTypes.Unit.UnitTestAdapter, Microsoft.VisualStudio.QualityTools.Tips.UnitTest.Adapter, Version=10.0.0.0, Culture=neutral, PublicKeyToken=b03f5f7f11d50a3a" className="UndeadEarth.Test.Dal.when_retrieving_user, UndeadEarth.Test, Version=1.0.0.0, Culture=neutral, PublicKeyToken=null" name="should_return_null_for_last_visited_hotzone_if_no_hotzone_has_been_set" />
    </UnitTest>
    <UnitTest name="the_starting_attack_power_should_be_1" storage="c:\users\juwilliams\desktop\personal\undead-planet\undeadearth.test\bin\debug\undeadearth.test.dll" id="3dc86e55-9e89-b185-10f6-85c78270b263">
      <Execution id="dfb19bb5-2e4b-4174-9149-d9db9e95c7ca" />
      <TestMethod codeBase="c:/Users/juwilliams/Desktop/Personal/Undead-Planet/UndeadEarth.Test/bin/Debug/UndeadEarth.Test.DLL" adapterTypeName="Microsoft.VisualStudio.TestTools.TestTypes.Unit.UnitTestAdapter, Microsoft.VisualStudio.QualityTools.Tips.UnitTest.Adapter, Version=10.0.0.0, Culture=neutral, PublicKeyToken=b03f5f7f11d50a3a" className="UndeadEarth.Test.Dal.when_inserting_user, UndeadEarth.Test, Version=1.0.0.0, Culture=neutral, PublicKeyToken=null" name="the_starting_attack_power_should_be_1" />
    </UnitTest>
    <UnitTest name="should_disregard_if_item_does_not_exist" storage="c:\users\juwilliams\desktop\personal\undead-planet\undeadearth.test\bin\debug\undeadearth.test.dll" id="c55622f2-a19b-2b7c-fbf0-3bcc9fa792bb">
      <Execution id="6a49cc76-62d6-4851-8c77-7842bcb07ba2" />
      <TestMethod codeBase="c:/Users/juwilliams/Desktop/Personal/Undead-Planet/UndeadEarth.Test/bin/Debug/UndeadEarth.Test.DLL" adapterTypeName="Microsoft.VisualStudio.TestTools.TestTypes.Unit.UnitTestAdapter, Microsoft.VisualStudio.QualityTools.Tips.UnitTest.Adapter, Version=10.0.0.0, Culture=neutral, PublicKeyToken=b03f5f7f11d50a3a" className="UndeadEarth.Test.Model.when_transferring_items_from_user_to_safe_house, UndeadEarth.Test, Version=1.0.0.0, Culture=neutral, PublicKeyToken=null" name="should_disregard_if_item_does_not_exist" />
    </UnitTest>
    <UnitTest name="should_throw_exception_if_update_on_last_visit_hotzone_is_done_on_user_that_doest_exist" storage="c:\users\juwilliams\desktop\personal\undead-planet\undeadearth.test\bin\debug\undeadearth.test.dll" id="ec86a5c7-025b-b62c-fbf3-4b0194192c0a">
      <Execution id="6128f7ef-6bb9-407a-a02e-9a27946414b9" />
      <TestMethod codeBase="c:/Users/juwilliams/Desktop/Personal/Undead-Planet/UndeadEarth.Test/bin/Debug/UndeadEarth.Test.DLL" adapterTypeName="Microsoft.VisualStudio.TestTools.TestTypes.Unit.UnitTestAdapter, Microsoft.VisualStudio.QualityTools.Tips.UnitTest.Adapter, Version=10.0.0.0, Culture=neutral, PublicKeyToken=b03f5f7f11d50a3a" className="UndeadEarth.Test.Dal.when_saving_user, UndeadEarth.Test, Version=1.0.0.0, Culture=neutral, PublicKeyToken=null" name="should_throw_exception_if_update_on_last_visit_hotzone_is_done_on_user_that_doest_exist" />
    </UnitTest>
    <UnitTest name="should_return_all_items_in_store" storage="c:\users\juwilliams\desktop\personal\undead-planet\undeadearth.test\bin\debug\undeadearth.test.dll" id="48c2a012-1ba3-1243-1cd5-aab81b26906b">
      <Execution id="72cc3755-42c3-408a-8570-f637e242ed36" />
      <TestMethod codeBase="c:/Users/juwilliams/Desktop/Personal/Undead-Planet/UndeadEarth.Test/bin/Debug/UndeadEarth.Test.DLL" adapterTypeName="Microsoft.VisualStudio.TestTools.TestTypes.Unit.UnitTestAdapter, Microsoft.VisualStudio.QualityTools.Tips.UnitTest.Adapter, Version=10.0.0.0, Culture=neutral, PublicKeyToken=b03f5f7f11d50a3a" className="UndeadEarth.Test.Dal.when_retrieving_stores, UndeadEarth.Test, Version=1.0.0.0, Culture=neutral, PublicKeyToken=null" name="should_return_all_items_in_store" />
    </UnitTest>
    <UnitTest name="should_retrieve_all_stores" storage="c:\users\juwilliams\desktop\personal\undead-planet\undeadearth.test\bin\debug\undeadearth.test.dll" id="1cb99b44-08d0-1c2c-78e8-64869fef3154">
      <Execution id="5fa110f4-20b3-4738-a4fe-d67f810ac030" />
      <TestMethod codeBase="c:/Users/juwilliams/Desktop/Personal/Undead-Planet/UndeadEarth.Test/bin/Debug/UndeadEarth.Test.DLL" adapterTypeName="Microsoft.VisualStudio.TestTools.TestTypes.Unit.UnitTestAdapter, Microsoft.VisualStudio.QualityTools.Tips.UnitTest.Adapter, Version=10.0.0.0, Culture=neutral, PublicKeyToken=b03f5f7f11d50a3a" className="UndeadEarth.Test.Dal.when_retrieving_stores, UndeadEarth.Test, Version=1.0.0.0, Culture=neutral, PublicKeyToken=null" name="should_retrieve_all_stores" />
    </UnitTest>
    <UnitTest name="should_record_hotzone_destoryed_if_hunting_cleared_hotzone" storage="c:\users\juwilliams\desktop\personal\undead-planet\undeadearth.test\bin\debug\undeadearth.test.dll" id="abb8373c-7671-9802-6d68-5c17e7124ebd">
      <Execution id="9ee0d22f-5869-45e2-b45d-251f48483c20" />
      <TestMethod codeBase="c:/Users/juwilliams/Desktop/Personal/Undead-Planet/UndeadEarth.Test/bin/Debug/UndeadEarth.Test.DLL" adapterTypeName="Microsoft.VisualStudio.TestTools.TestTypes.Unit.UnitTestAdapter, Microsoft.VisualStudio.QualityTools.Tips.UnitTest.Adapter, Version=10.0.0.0, Culture=neutral, PublicKeyToken=b03f5f7f11d50a3a" className="UndeadEarth.Test.Model.when_hunting_for_zombies, UndeadEarth.Test, Version=1.0.0.0, Culture=neutral, PublicKeyToken=null" name="should_record_hotzone_destoryed_if_hunting_cleared_hotzone" />
    </UnitTest>
    <UnitTest name="should_return_number_of_zombie_packs_left" storage="c:\users\juwilliams\desktop\personal\undead-planet\undeadearth.test\bin\debug\undeadearth.test.dll" id="57f6bfb3-878f-ec7b-71d8-e1ae592b6823">
      <Execution id="cc99693d-5526-44f9-bf84-9a64e208fbc3" />
      <TestMethod codeBase="c:/Users/juwilliams/Desktop/Personal/Undead-Planet/UndeadEarth.Test/bin/Debug/UndeadEarth.Test.DLL" adapterTypeName="Microsoft.VisualStudio.TestTools.TestTypes.Unit.UnitTestAdapter, Microsoft.VisualStudio.QualityTools.Tips.UnitTest.Adapter, Version=10.0.0.0, Culture=neutral, PublicKeyToken=b03f5f7f11d50a3a" className="UndeadEarth.Test.Dal.when_retrieving_hot_zones, UndeadEarth.Test, Version=1.0.0.0, Culture=neutral, PublicKeyToken=null" name="should_return_number_of_zombie_packs_left" />
    </UnitTest>
    <UnitTest name="should_retrieve_miles_traveled_for_user_that_exists" storage="c:\users\juwilliams\desktop\personal\undead-planet\undeadearth.test\bin\debug\undeadearth.test.dll" id="de169ee4-3985-9538-838d-f920eef5b26b">
      <Execution id="41f7a4e0-0eaa-41b9-b338-ff3eebd5c31a" />
      <TestMethod codeBase="c:/Users/juwilliams/Desktop/Personal/Undead-Planet/UndeadEarth.Test/bin/Debug/UndeadEarth.Test.DLL" adapterTypeName="Microsoft.VisualStudio.TestTools.TestTypes.Unit.UnitTestAdapter, Microsoft.VisualStudio.QualityTools.Tips.UnitTest.Adapter, Version=10.0.0.0, Culture=neutral, PublicKeyToken=b03f5f7f11d50a3a" className="UndeadEarth.Test.Dal.when_retrieving_user_counts, UndeadEarth.Test, Version=1.0.0.0, Culture=neutral, PublicKeyToken=null" name="should_retrieve_miles_traveled_for_user_that_exists" />
    </UnitTest>
    <UnitTest name="should_add_tent" storage="c:\users\juwilliams\desktop\personal\undead-planet\undeadearth.test\bin\debug\undeadearth.test.dll" id="4ad82b7e-b664-1e32-b013-da054510a32b">
      <Execution id="75ba6b1e-6a4f-40fa-a995-e83a9e74e3ad" />
      <TestMethod codeBase="c:/Users/juwilliams/Desktop/Personal/Undead-Planet/UndeadEarth.Test/bin/Debug/UndeadEarth.Test.DLL" adapterTypeName="Microsoft.VisualStudio.TestTools.TestTypes.Unit.UnitTestAdapter, Microsoft.VisualStudio.QualityTools.Tips.UnitTest.Adapter, Version=10.0.0.0, Culture=neutral, PublicKeyToken=b03f5f7f11d50a3a" className="UndeadEarth.Test.Dal.when_saving_user_items, UndeadEarth.Test, Version=1.0.0.0, Culture=neutral, PublicKeyToken=null" name="should_add_tent" />
    </UnitTest>
    <UnitTest name="should_check_users_level_after_hunt" storage="c:\users\juwilliams\desktop\personal\undead-planet\undeadearth.test\bin\debug\undeadearth.test.dll" id="01612aab-c0ea-12bb-1a12-76fce19990e3">
      <Execution id="f29581e7-692d-44e1-9741-8cd2f5322236" />
      <TestMethod codeBase="c:/Users/juwilliams/Desktop/Personal/Undead-Planet/UndeadEarth.Test/bin/Debug/UndeadEarth.Test.DLL" adapterTypeName="Microsoft.VisualStudio.TestTools.TestTypes.Unit.UnitTestAdapter, Microsoft.VisualStudio.QualityTools.Tips.UnitTest.Adapter, Version=10.0.0.0, Culture=neutral, PublicKeyToken=b03f5f7f11d50a3a" className="UndeadEarth.Test.Model.when_hunting_for_zombies, UndeadEarth.Test, Version=1.0.0.0, Culture=neutral, PublicKeyToken=null" name="should_check_users_level_after_hunt" />
    </UnitTest>
    <UnitTest name="should_throw_exception_when_retrieving_user_level_and_user_does_not_exist" storage="c:\users\juwilliams\desktop\personal\undead-planet\undeadearth.test\bin\debug\undeadearth.test.dll" id="e1d44afa-1394-6d68-cf3a-361e5ec94e83">
      <Execution id="4e796165-f7ff-48f6-bc83-77a6ebb8af68" />
      <TestMethod codeBase="c:/Users/juwilliams/Desktop/Personal/Undead-Planet/UndeadEarth.Test/bin/Debug/UndeadEarth.Test.DLL" adapterTypeName="Microsoft.VisualStudio.TestTools.TestTypes.Unit.UnitTestAdapter, Microsoft.VisualStudio.QualityTools.Tips.UnitTest.Adapter, Version=10.0.0.0, Culture=neutral, PublicKeyToken=b03f5f7f11d50a3a" className="UndeadEarth.Test.Dal.when_retrieving_user, UndeadEarth.Test, Version=1.0.0.0, Culture=neutral, PublicKeyToken=null" name="should_throw_exception_when_retrieving_user_level_and_user_does_not_exist" />
    </UnitTest>
    <UnitTest name="should_retriever_an_empty_list_given_invalid_hotzone_id" storage="c:\users\juwilliams\desktop\personal\undead-planet\undeadearth.test\bin\debug\undeadearth.test.dll" id="5b97deff-fa6b-c377-8ff2-c9c8d4bf8e55">
      <Execution id="1139bea4-57c8-4952-a37b-b802493145df" />
      <TestMethod codeBase="c:/Users/juwilliams/Desktop/Personal/Undead-Planet/UndeadEarth.Test/bin/Debug/UndeadEarth.Test.DLL" adapterTypeName="Microsoft.VisualStudio.TestTools.TestTypes.Unit.UnitTestAdapter, Microsoft.VisualStudio.QualityTools.Tips.UnitTest.Adapter, Version=10.0.0.0, Culture=neutral, PublicKeyToken=b03f5f7f11d50a3a" className="UndeadEarth.Test.Dal.when_retrieving_safe_houses, UndeadEarth.Test, Version=1.0.0.0, Culture=neutral, PublicKeyToken=null" name="should_retriever_an_empty_list_given_invalid_hotzone_id" />
    </UnitTest>
    <UnitTest name="should_return_calcuated_energy_for_user_based_on_minutes_passed_since_last_saved_energy" storage="c:\users\juwilliams\desktop\personal\undead-planet\undeadearth.test\bin\debug\undeadearth.test.dll" id="f0a78964-7df7-6d28-3ebe-f82c2151fafb">
      <Execution id="06e1e450-32e1-46f0-985d-320be8836de9" />
      <TestMethod codeBase="c:/Users/juwilliams/Desktop/Personal/Undead-Planet/UndeadEarth.Test/bin/Debug/UndeadEarth.Test.DLL" adapterTypeName="Microsoft.VisualStudio.TestTools.TestTypes.Unit.UnitTestAdapter, Microsoft.VisualStudio.QualityTools.Tips.UnitTest.Adapter, Version=10.0.0.0, Culture=neutral, PublicKeyToken=b03f5f7f11d50a3a" className="UndeadEarth.Test.Model.when_determining_users_current_energy, UndeadEarth.Test, Version=1.0.0.0, Culture=neutral, PublicKeyToken=null" name="should_return_calcuated_energy_for_user_based_on_minutes_passed_since_last_saved_energy" />
    </UnitTest>
    <UnitTest name="should_throw_exception_when_returning_baseline_energy_for_user_that_doesnt_exist" storage="c:\users\juwilliams\desktop\personal\undead-planet\undeadearth.test\bin\debug\undeadearth.test.dll" id="a4e874d3-81be-9f49-2511-92f0df88cee7">
      <Execution id="bc879fa7-fee8-48b4-a640-1fe4438d8ae5" />
      <TestMethod codeBase="c:/Users/juwilliams/Desktop/Personal/Undead-Planet/UndeadEarth.Test/bin/Debug/UndeadEarth.Test.DLL" adapterTypeName="Microsoft.VisualStudio.TestTools.TestTypes.Unit.UnitTestAdapter, Microsoft.VisualStudio.QualityTools.Tips.UnitTest.Adapter, Version=10.0.0.0, Culture=neutral, PublicKeyToken=b03f5f7f11d50a3a" className="UndeadEarth.Test.Dal.when_retrieving_user, UndeadEarth.Test, Version=1.0.0.0, Culture=neutral, PublicKeyToken=null" name="should_throw_exception_when_returning_baseline_energy_for_user_that_doesnt_exist" />
    </UnitTest>
    <UnitTest name="should_retrieve_item_by_item_id" storage="c:\users\juwilliams\desktop\personal\undead-planet\undeadearth.test\bin\debug\undeadearth.test.dll" id="0da63870-00bb-b6e5-56ff-c32676768cb3">
      <Execution id="081b97ed-2837-4ca3-9e1b-c2dec1a1f2ab" />
      <TestMethod codeBase="c:/Users/juwilliams/Desktop/Personal/Undead-Planet/UndeadEarth.Test/bin/Debug/UndeadEarth.Test.DLL" adapterTypeName="Microsoft.VisualStudio.TestTools.TestTypes.Unit.UnitTestAdapter, Microsoft.VisualStudio.QualityTools.Tips.UnitTest.Adapter, Version=10.0.0.0, Culture=neutral, PublicKeyToken=b03f5f7f11d50a3a" className="UndeadEarth.Test.Dal.when_retrieving_items, UndeadEarth.Test, Version=1.0.0.0, Culture=neutral, PublicKeyToken=null" name="should_retrieve_item_by_item_id" />
    </UnitTest>
    <UnitTest name="should_return_lastvisite_hotzone_id_for_user_that_has_visited_a_hotzone" storage="c:\users\juwilliams\desktop\personal\undead-planet\undeadearth.test\bin\debug\undeadearth.test.dll" id="15d93832-4f17-b3dc-992d-8c3088d960e1">
      <Execution id="3bff1de4-f4b8-4d5e-ae20-4cc3fb291600" />
      <TestMethod codeBase="c:/Users/juwilliams/Desktop/Personal/Undead-Planet/UndeadEarth.Test/bin/Debug/UndeadEarth.Test.DLL" adapterTypeName="Microsoft.VisualStudio.TestTools.TestTypes.Unit.UnitTestAdapter, Microsoft.VisualStudio.QualityTools.Tips.UnitTest.Adapter, Version=10.0.0.0, Culture=neutral, PublicKeyToken=b03f5f7f11d50a3a" className="UndeadEarth.Test.Dal.when_retrieving_user, UndeadEarth.Test, Version=1.0.0.0, Culture=neutral, PublicKeyToken=null" name="should_return_lastvisite_hotzone_id_for_user_that_has_visited_a_hotzone" />
    </UnitTest>
    <UnitTest name="should_update_existing_zombie_pack_progress" storage="c:\users\juwilliams\desktop\personal\undead-planet\undeadearth.test\bin\debug\undeadearth.test.dll" id="7d2305d4-075e-49ce-735b-3ccd549f53b8">
      <Execution id="566a7e96-ce75-4066-bed2-3fd73f35218d" />
      <TestMethod codeBase="c:/Users/juwilliams/Desktop/Personal/Undead-Planet/UndeadEarth.Test/bin/Debug/UndeadEarth.Test.DLL" adapterTypeName="Microsoft.VisualStudio.TestTools.TestTypes.Unit.UnitTestAdapter, Microsoft.VisualStudio.QualityTools.Tips.UnitTest.Adapter, Version=10.0.0.0, Culture=neutral, PublicKeyToken=b03f5f7f11d50a3a" className="UndeadEarth.Test.Dal.when_saving_user_zombie_pack_progress, UndeadEarth.Test, Version=1.0.0.0, Culture=neutral, PublicKeyToken=null" name="should_update_existing_zombie_pack_progress" />
    </UnitTest>
    <UnitTest name="should_retrieve_user_current_base_attack" storage="c:\users\juwilliams\desktop\personal\undead-planet\undeadearth.test\bin\debug\undeadearth.test.dll" id="6efd94c0-48f1-f3dc-5a7c-d483288ae14d">
      <Execution id="31c80d9f-1ae2-4920-aa1e-12fb86a77dc6" />
      <TestMethod codeBase="c:/Users/juwilliams/Desktop/Personal/Undead-Planet/UndeadEarth.Test/bin/Debug/UndeadEarth.Test.DLL" adapterTypeName="Microsoft.VisualStudio.TestTools.TestTypes.Unit.UnitTestAdapter, Microsoft.VisualStudio.QualityTools.Tips.UnitTest.Adapter, Version=10.0.0.0, Culture=neutral, PublicKeyToken=b03f5f7f11d50a3a" className="UndeadEarth.Test.Dal.when_retrieving_user, UndeadEarth.Test, Version=1.0.0.0, Culture=neutral, PublicKeyToken=null" name="should_retrieve_user_current_base_attack" />
    </UnitTest>
    <UnitTest name="should_disregard_if_safe_house_does_not_exist" storage="c:\users\juwilliams\desktop\personal\undead-planet\undeadearth.test\bin\debug\undeadearth.test.dll" id="fda20422-40a9-5283-8a02-f548ab2ba5fd">
      <Execution id="cc91f1ed-d149-46d3-96dd-c441e8b14de7" />
      <TestMethod codeBase="c:/Users/juwilliams/Desktop/Personal/Undead-Planet/UndeadEarth.Test/bin/Debug/UndeadEarth.Test.DLL" adapterTypeName="Microsoft.VisualStudio.TestTools.TestTypes.Unit.UnitTestAdapter, Microsoft.VisualStudio.QualityTools.Tips.UnitTest.Adapter, Version=10.0.0.0, Culture=neutral, PublicKeyToken=b03f5f7f11d50a3a" className="UndeadEarth.Test.Model.when_transferring_items_from_user_to_safe_house, UndeadEarth.Test, Version=1.0.0.0, Culture=neutral, PublicKeyToken=null" name="should_disregard_if_safe_house_does_not_exist" />
    </UnitTest>
    <UnitTest name="should_set_peak_attack_if_greater_than_whats_currently_saved" storage="c:\users\juwilliams\desktop\personal\undead-planet\undeadearth.test\bin\debug\undeadearth.test.dll" id="b3df8862-1b3b-daec-78d1-26c8d0d4c769">
      <Execution id="70b9732a-89d5-45e2-81a3-beaf3992477c" />
      <TestMethod codeBase="c:/Users/juwilliams/Desktop/Personal/Undead-Planet/UndeadEarth.Test/bin/Debug/UndeadEarth.Test.DLL" adapterTypeName="Microsoft.VisualStudio.TestTools.TestTypes.Unit.UnitTestAdapter, Microsoft.VisualStudio.QualityTools.Tips.UnitTest.Adapter, Version=10.0.0.0, Culture=neutral, PublicKeyToken=b03f5f7f11d50a3a" className="UndeadEarth.Test.Dal.when_saving_user_counts, UndeadEarth.Test, Version=1.0.0.0, Culture=neutral, PublicKeyToken=null" name="should_set_peak_attack_if_greater_than_whats_currently_saved" />
    </UnitTest>
    <UnitTest name="should_retrieve_zombies_detroyed" storage="c:\users\juwilliams\desktop\personal\undead-planet\undeadearth.test\bin\debug\undeadearth.test.dll" id="cb08040d-63a1-ab84-f3c4-dce8729ce3d1">
      <Execution id="c28bdb44-05ba-428c-8bcf-4b8ab9356aba" />
      <TestMethod codeBase="c:/Users/juwilliams/Desktop/Personal/Undead-Planet/UndeadEarth.Test/bin/Debug/UndeadEarth.Test.DLL" adapterTypeName="Microsoft.VisualStudio.TestTools.TestTypes.Unit.UnitTestAdapter, Microsoft.VisualStudio.QualityTools.Tips.UnitTest.Adapter, Version=10.0.0.0, Culture=neutral, PublicKeyToken=b03f5f7f11d50a3a" className="UndeadEarth.Test.Dal.when_retrieving_user_counts, UndeadEarth.Test, Version=1.0.0.0, Culture=neutral, PublicKeyToken=null" name="should_retrieve_zombies_detroyed" />
    </UnitTest>
    <UnitTest name="should_return_zero_if_attack_is_null" storage="c:\users\juwilliams\desktop\personal\undead-planet\undeadearth.test\bin\debug\undeadearth.test.dll" id="4aab1a6a-e217-fabe-67d7-73dafcd94369">
      <Execution id="4a1a4d02-49af-4d68-b023-c0e88f516a71" />
      <TestMethod codeBase="c:/Users/juwilliams/Desktop/Personal/Undead-Planet/UndeadEarth.Test/bin/Debug/UndeadEarth.Test.DLL" adapterTypeName="Microsoft.VisualStudio.TestTools.TestTypes.Unit.UnitTestAdapter, Microsoft.VisualStudio.QualityTools.Tips.UnitTest.Adapter, Version=10.0.0.0, Culture=neutral, PublicKeyToken=b03f5f7f11d50a3a" className="UndeadEarth.Test.Dal.when_retrieving_items, UndeadEarth.Test, Version=1.0.0.0, Culture=neutral, PublicKeyToken=null" name="should_return_zero_if_attack_is_null" />
    </UnitTest>
    <UnitTest name="should_increment_accumulated_money" storage="c:\users\juwilliams\desktop\personal\undead-planet\undeadearth.test\bin\debug\undeadearth.test.dll" id="eb7106dc-eb88-ec99-7bfd-0b16f51297ea">
      <Execution id="b2107bf5-c861-4939-890e-e16548f3b1eb" />
      <TestMethod codeBase="c:/Users/juwilliams/Desktop/Personal/Undead-Planet/UndeadEarth.Test/bin/Debug/UndeadEarth.Test.DLL" adapterTypeName="Microsoft.VisualStudio.TestTools.TestTypes.Unit.UnitTestAdapter, Microsoft.VisualStudio.QualityTools.Tips.UnitTest.Adapter, Version=10.0.0.0, Culture=neutral, PublicKeyToken=b03f5f7f11d50a3a" className="UndeadEarth.Test.Dal.when_saving_user_counts, UndeadEarth.Test, Version=1.0.0.0, Culture=neutral, PublicKeyToken=null" name="should_increment_accumulated_money" />
    </UnitTest>
    <UnitTest name="should_return_attack_power_based_on_items_in_safehouse_with_user_not_having_any_money" storage="c:\users\juwilliams\desktop\personal\undead-planet\undeadearth.test\bin\debug\undeadearth.test.dll" id="bed0bac3-5433-e3b2-3646-ee5b82bf2f3c">
      <Execution id="50fd0861-ca77-477f-b92a-07f5f48bbc00" />
      <TestMethod codeBase="c:/Users/juwilliams/Desktop/Personal/Undead-Planet/UndeadEarth.Test/bin/Debug/UndeadEarth.Test.DLL" adapterTypeName="Microsoft.VisualStudio.TestTools.TestTypes.Unit.UnitTestAdapter, Microsoft.VisualStudio.QualityTools.Tips.UnitTest.Adapter, Version=10.0.0.0, Culture=neutral, PublicKeyToken=b03f5f7f11d50a3a" className="UndeadEarth.Test.Model.when_determining_users_max_potential_attack_power, UndeadEarth.Test, Version=1.0.0.0, Culture=neutral, PublicKeyToken=null" name="should_return_attack_power_based_on_items_in_safehouse_with_user_not_having_any_money" />
    </UnitTest>
    <UnitTest name="should_return_min_sight_radius_if_calculated_sight_for_time_passed_in_is_less_than_min_sight_radius_of_user" storage="c:\users\juwilliams\desktop\personal\undead-planet\undeadearth.test\bin\debug\undeadearth.test.dll" id="dfea3fa1-b295-8c05-710e-e2cb6ce3f9d6">
      <Execution id="d751876e-990a-413c-8b8f-a528d9a793e7" />
      <TestMethod codeBase="c:/Users/juwilliams/Desktop/Personal/Undead-Planet/UndeadEarth.Test/bin/Debug/UndeadEarth.Test.DLL" adapterTypeName="Microsoft.VisualStudio.TestTools.TestTypes.Unit.UnitTestAdapter, Microsoft.VisualStudio.QualityTools.Tips.UnitTest.Adapter, Version=10.0.0.0, Culture=neutral, PublicKeyToken=b03f5f7f11d50a3a" className="UndeadEarth.Test.Model.when_determining_users_current_sight_radius, UndeadEarth.Test, Version=1.0.0.0, Culture=neutral, PublicKeyToken=null" name="should_return_min_sight_radius_if_calculated_sight_for_time_passed_in_is_less_than_min_sight_radius_of_user" />
    </UnitTest>
    <UnitTest name="should_set_last_saved_sight_radius_to_base_sight_radius_if_last_saved_radius_does_not_exist" storage="c:\users\juwilliams\desktop\personal\undead-planet\undeadearth.test\bin\debug\undeadearth.test.dll" id="a2865b2e-10f7-d550-33c8-b7ec8623e85f">
      <Execution id="8e0764de-e18d-4428-b053-3032d7ef4e94" />
      <TestMethod codeBase="c:/Users/juwilliams/Desktop/Personal/Undead-Planet/UndeadEarth.Test/bin/Debug/UndeadEarth.Test.DLL" adapterTypeName="Microsoft.VisualStudio.TestTools.TestTypes.Unit.UnitTestAdapter, Microsoft.VisualStudio.QualityTools.Tips.UnitTest.Adapter, Version=10.0.0.0, Culture=neutral, PublicKeyToken=b03f5f7f11d50a3a" className="UndeadEarth.Test.Model.when_determining_users_current_sight_radius, UndeadEarth.Test, Version=1.0.0.0, Culture=neutral, PublicKeyToken=null" name="should_set_last_saved_sight_radius_to_base_sight_radius_if_last_saved_radius_does_not_exist" />
    </UnitTest>
    <UnitTest name="should_set_energy_to_zero_if_item_energy_plus_user_energy_is_negative" storage="c:\users\juwilliams\desktop\personal\undead-planet\undeadearth.test\bin\debug\undeadearth.test.dll" id="7a4bb2ce-d62d-4561-dc89-28a6c8155af3">
      <Execution id="125a02fa-7de8-4c59-b016-4434c697c35d" />
      <TestMethod codeBase="c:/Users/juwilliams/Desktop/Personal/Undead-Planet/UndeadEarth.Test/bin/Debug/UndeadEarth.Test.DLL" adapterTypeName="Microsoft.VisualStudio.TestTools.TestTypes.Unit.UnitTestAdapter, Microsoft.VisualStudio.QualityTools.Tips.UnitTest.Adapter, Version=10.0.0.0, Culture=neutral, PublicKeyToken=b03f5f7f11d50a3a" className="UndeadEarth.Test.Model.when_using_items, UndeadEarth.Test, Version=1.0.0.0, Culture=neutral, PublicKeyToken=null" name="should_set_energy_to_zero_if_item_energy_plus_user_energy_is_negative" />
    </UnitTest>
    <UnitTest name="should_save_and_return_zombie_pack_progress_with_random_difficulty_if_its_the_first_time_user_has_visited_zombie_pack" storage="c:\users\juwilliams\desktop\personal\undead-planet\undeadearth.test\bin\debug\undeadearth.test.dll" id="2448c480-75b4-6f61-f066-698054ffd863">
      <Execution id="03b90023-84ab-410b-9ae1-be51bc5dd26c" />
      <TestMethod codeBase="c:/Users/juwilliams/Desktop/Personal/Undead-Planet/UndeadEarth.Test/bin/Debug/UndeadEarth.Test.DLL" adapterTypeName="Microsoft.VisualStudio.TestTools.TestTypes.Unit.UnitTestAdapter, Microsoft.VisualStudio.QualityTools.Tips.UnitTest.Adapter, Version=10.0.0.0, Culture=neutral, PublicKeyToken=b03f5f7f11d50a3a" className="UndeadEarth.Test.Model.when_determining_zombie_pack_progress, UndeadEarth.Test, Version=1.0.0.0, Culture=neutral, PublicKeyToken=null" name="should_save_and_return_zombie_pack_progress_with_random_difficulty_if_its_the_first_time_user_has_visited_zombie_pack" />
    </UnitTest>
    <UnitTest name="should_calculate_western_point" storage="c:\users\juwilliams\desktop\personal\undead-planet\undeadearth.test\bin\debug\undeadearth.test.dll" id="49e3a9e9-dcf0-f3e5-85da-9f5499fab731">
      <Execution id="9c26c299-b4b5-47a7-bc29-f07bf42ff171" />
      <TestMethod codeBase="c:/Users/juwilliams/Desktop/Personal/Undead-Planet/UndeadEarth.Test/bin/Debug/UndeadEarth.Test.DLL" adapterTypeName="Microsoft.VisualStudio.TestTools.TestTypes.Unit.UnitTestAdapter, Microsoft.VisualStudio.QualityTools.Tips.UnitTest.Adapter, Version=10.0.0.0, Culture=neutral, PublicKeyToken=b03f5f7f11d50a3a" className="UndeadEarth.Test.Model.when_calculating_distance, UndeadEarth.Test, Version=1.0.0.0, Culture=neutral, PublicKeyToken=null" name="should_calculate_western_point" />
    </UnitTest>
    <UnitTest name="should_disregard_if_user_has_max_items_already" storage="c:\users\juwilliams\desktop\personal\undead-planet\undeadearth.test\bin\debug\undeadearth.test.dll" id="c3a4535b-76d1-c39a-2397-114110fb9661">
      <Execution id="4c0c1801-b26e-4f7e-8301-ff6296dadf72" />
      <TestMethod codeBase="c:/Users/juwilliams/Desktop/Personal/Undead-Planet/UndeadEarth.Test/bin/Debug/UndeadEarth.Test.DLL" adapterTypeName="Microsoft.VisualStudio.TestTools.TestTypes.Unit.UnitTestAdapter, Microsoft.VisualStudio.QualityTools.Tips.UnitTest.Adapter, Version=10.0.0.0, Culture=neutral, PublicKeyToken=b03f5f7f11d50a3a" className="UndeadEarth.Test.Model.when_buying_items_from_shop, UndeadEarth.Test, Version=1.0.0.0, Culture=neutral, PublicKeyToken=null" name="should_disregard_if_user_has_max_items_already" />
    </UnitTest>
    <UnitTest name="should_return_true_if_hotzone_is_a_starting_hotzone" storage="c:\users\juwilliams\desktop\personal\undead-planet\undeadearth.test\bin\debug\undeadearth.test.dll" id="53d3d174-2438-d916-b931-5b84347506a5">
      <Execution id="1d7f0656-a217-4d5b-990b-99151a0a886a" />
      <TestMethod codeBase="c:/Users/juwilliams/Desktop/Personal/Undead-Planet/UndeadEarth.Test/bin/Debug/UndeadEarth.Test.DLL" adapterTypeName="Microsoft.VisualStudio.TestTools.TestTypes.Unit.UnitTestAdapter, Microsoft.VisualStudio.QualityTools.Tips.UnitTest.Adapter, Version=10.0.0.0, Culture=neutral, PublicKeyToken=b03f5f7f11d50a3a" className="UndeadEarth.Test.Dal.when_retrieving_hot_zones, UndeadEarth.Test, Version=1.0.0.0, Culture=neutral, PublicKeyToken=null" name="should_return_true_if_hotzone_is_a_starting_hotzone" />
    </UnitTest>
    <UnitTest name="should_save_user_sight_radius" storage="c:\users\juwilliams\desktop\personal\undead-planet\undeadearth.test\bin\debug\undeadearth.test.dll" id="ea325b6e-c3ab-3827-d099-c8e61f5a4b92">
      <Execution id="1974b514-3089-4396-a00b-41bae3f3088e" />
      <TestMethod codeBase="c:/Users/juwilliams/Desktop/Personal/Undead-Planet/UndeadEarth.Test/bin/Debug/UndeadEarth.Test.DLL" adapterTypeName="Microsoft.VisualStudio.TestTools.TestTypes.Unit.UnitTestAdapter, Microsoft.VisualStudio.QualityTools.Tips.UnitTest.Adapter, Version=10.0.0.0, Culture=neutral, PublicKeyToken=b03f5f7f11d50a3a" className="UndeadEarth.Test.Dal.when_saving_user_sight_radius, UndeadEarth.Test, Version=1.0.0.0, Culture=neutral, PublicKeyToken=null" name="should_save_user_sight_radius" />
    </UnitTest>
    <UnitTest name="should_return_hotzone_as_cleared" storage="c:\users\juwilliams\desktop\personal\undead-planet\undeadearth.test\bin\debug\undeadearth.test.dll" id="b16bd29a-b3d8-bf0d-809b-edcc4ff2fca0">
      <Execution id="947f172b-880f-4e6c-a06f-387e4607217f" />
      <TestMethod codeBase="c:/Users/juwilliams/Desktop/Personal/Undead-Planet/UndeadEarth.Test/bin/Debug/UndeadEarth.Test.DLL" adapterTypeName="Microsoft.VisualStudio.TestTools.TestTypes.Unit.UnitTestAdapter, Microsoft.VisualStudio.QualityTools.Tips.UnitTest.Adapter, Version=10.0.0.0, Culture=neutral, PublicKeyToken=b03f5f7f11d50a3a" className="UndeadEarth.Test.Dal.when_determining_if_hotzones_is_cleared, UndeadEarth.Test, Version=1.0.0.0, Culture=neutral, PublicKeyToken=null" name="should_return_hotzone_as_cleared" />
    </UnitTest>
    <UnitTest name="given_user_has_money_and_items_in_safe_house_and_can_buy_items_should_return_the_energy_that_is_greater_between_safehouse_items_and_store_items" storage="c:\users\juwilliams\desktop\personal\undead-planet\undeadearth.test\bin\debug\undeadearth.test.dll" id="a2cd0fe1-b87c-c070-6665-87346857dbcd">
      <Execution id="a512ab01-281e-4cdf-aab0-0c2e6d6f7f38" />
      <TestMethod codeBase="c:/Users/juwilliams/Desktop/Personal/Undead-Planet/UndeadEarth.Test/bin/Debug/UndeadEarth.Test.DLL" adapterTypeName="Microsoft.VisualStudio.TestTools.TestTypes.Unit.UnitTestAdapter, Microsoft.VisualStudio.QualityTools.Tips.UnitTest.Adapter, Version=10.0.0.0, Culture=neutral, PublicKeyToken=b03f5f7f11d50a3a" className="UndeadEarth.Test.Model.when_determining_users_max_potential_energy, UndeadEarth.Test, Version=1.0.0.0, Culture=neutral, PublicKeyToken=null" name="given_user_has_money_and_items_in_safe_house_and_can_buy_items_should_return_the_energy_that_is_greater_between_safehouse_items_and_store_items" />
    </UnitTest>
    <UnitTest name="should_return_achievement_for_collecting_100000_dollars" storage="c:\users\juwilliams\desktop\personal\undead-planet\undeadearth.test\bin\debug\undeadearth.test.dll" id="13954612-b76a-9796-df53-2efe3530832a">
      <Execution id="bd0b6ef2-3b13-4f37-9402-f6223e45c11f" />
      <TestMethod codeBase="c:/Users/juwilliams/Desktop/Personal/Undead-Planet/UndeadEarth.Test/bin/Debug/UndeadEarth.Test.DLL" adapterTypeName="Microsoft.VisualStudio.TestTools.TestTypes.Unit.UnitTestAdapter, Microsoft.VisualStudio.QualityTools.Tips.UnitTest.Adapter, Version=10.0.0.0, Culture=neutral, PublicKeyToken=b03f5f7f11d50a3a" className="UndeadEarth.Test.Model.when_retrieving_achievements, UndeadEarth.Test, Version=1.0.0.0, Culture=neutral, PublicKeyToken=null" name="should_return_achievement_for_collecting_100000_dollars" />
    </UnitTest>
    <UnitTest name="should_throw_error_for_saving_last_energy_if_user_does_not_exist" storage="c:\users\juwilliams\desktop\personal\undead-planet\undeadearth.test\bin\debug\undeadearth.test.dll" id="61f447bc-f31d-7adc-e8ff-51ce31625b90">
      <Execution id="cd61cd12-ea56-44ca-bdff-7557f36fcf05" />
      <TestMethod codeBase="c:/Users/juwilliams/Desktop/Personal/Undead-Planet/UndeadEarth.Test/bin/Debug/UndeadEarth.Test.DLL" adapterTypeName="Microsoft.VisualStudio.TestTools.TestTypes.Unit.UnitTestAdapter, Microsoft.VisualStudio.QualityTools.Tips.UnitTest.Adapter, Version=10.0.0.0, Culture=neutral, PublicKeyToken=b03f5f7f11d50a3a" className="UndeadEarth.Test.Dal.Utility.when_saving_user_energy, UndeadEarth.Test, Version=1.0.0.0, Culture=neutral, PublicKeyToken=null" name="should_throw_error_for_saving_last_energy_if_user_does_not_exist" />
    </UnitTest>
    <UnitTest name="should_return_correct_inventory_slot_number_for_given_level" storage="c:\users\juwilliams\desktop\personal\undead-planet\undeadearth.test\bin\debug\undeadearth.test.dll" id="40c4a339-897f-73e3-e8be-fed33feff0fc">
      <Execution id="c5edb80b-4bc9-43ae-a005-d4984b3b7493" />
      <TestMethod codeBase="c:/Users/juwilliams/Desktop/Personal/Undead-Planet/UndeadEarth.Test/bin/Debug/UndeadEarth.Test.DLL" adapterTypeName="Microsoft.VisualStudio.TestTools.TestTypes.Unit.UnitTestAdapter, Microsoft.VisualStudio.QualityTools.Tips.UnitTest.Adapter, Version=10.0.0.0, Culture=neutral, PublicKeyToken=b03f5f7f11d50a3a" className="UndeadEarth.Test.Model.when_servicing_user_level_and_attributes, UndeadEarth.Test, Version=1.0.0.0, Culture=neutral, PublicKeyToken=null" name="should_return_correct_inventory_slot_number_for_given_level" />
    </UnitTest>
    <UnitTest name="should_return_the_number_of_zombie_kills_needed_for_next_level" storage="c:\users\juwilliams\desktop\personal\undead-planet\undeadearth.test\bin\debug\undeadearth.test.dll" id="24e2889f-3174-5207-6e2d-3941d6d3ab4a">
      <Execution id="3bbf3dcb-99bd-44ea-9e41-725d2dbabac0" />
      <TestMethod codeBase="c:/Users/juwilliams/Desktop/Personal/Undead-Planet/UndeadEarth.Test/bin/Debug/UndeadEarth.Test.DLL" adapterTypeName="Microsoft.VisualStudio.TestTools.TestTypes.Unit.UnitTestAdapter, Microsoft.VisualStudio.QualityTools.Tips.UnitTest.Adapter, Version=10.0.0.0, Culture=neutral, PublicKeyToken=b03f5f7f11d50a3a" className="UndeadEarth.Test.Model.when_servicing_user_level_and_attributes, UndeadEarth.Test, Version=1.0.0.0, Culture=neutral, PublicKeyToken=null" name="should_return_the_number_of_zombie_kills_needed_for_next_level" />
    </UnitTest>
    <UnitTest name="should_return_accumulated_money" storage="c:\users\juwilliams\desktop\personal\undead-planet\undeadearth.test\bin\debug\undeadearth.test.dll" id="8538b685-e301-b4f2-f6ec-7abb74e1fb4b">
      <Execution id="eedd66ff-a610-4ff6-88b9-270c0d5f0707" />
      <TestMethod codeBase="c:/Users/juwilliams/Desktop/Personal/Undead-Planet/UndeadEarth.Test/bin/Debug/UndeadEarth.Test.DLL" adapterTypeName="Microsoft.VisualStudio.TestTools.TestTypes.Unit.UnitTestAdapter, Microsoft.VisualStudio.QualityTools.Tips.UnitTest.Adapter, Version=10.0.0.0, Culture=neutral, PublicKeyToken=b03f5f7f11d50a3a" className="UndeadEarth.Test.Dal.when_retrieving_user_counts, UndeadEarth.Test, Version=1.0.0.0, Culture=neutral, PublicKeyToken=null" name="should_return_accumulated_money" />
    </UnitTest>
    <UnitTest name="should_return_if_user_has_not_killed_enough_zombies_for_next_level" storage="c:\users\juwilliams\desktop\personal\undead-planet\undeadearth.test\bin\debug\undeadearth.test.dll" id="35d7f681-d185-2e89-da65-ece3bc8e6e75">
      <Execution id="d9a89029-bbdf-4513-9905-954b12b63f37" />
      <TestMethod codeBase="c:/Users/juwilliams/Desktop/Personal/Undead-Planet/UndeadEarth.Test/bin/Debug/UndeadEarth.Test.DLL" adapterTypeName="Microsoft.VisualStudio.TestTools.TestTypes.Unit.UnitTestAdapter, Microsoft.VisualStudio.QualityTools.Tips.UnitTest.Adapter, Version=10.0.0.0, Culture=neutral, PublicKeyToken=b03f5f7f11d50a3a" className="UndeadEarth.Test.Model.when_servicing_user_level_and_attributes, UndeadEarth.Test, Version=1.0.0.0, Culture=neutral, PublicKeyToken=null" name="should_return_if_user_has_not_killed_enough_zombies_for_next_level" />
    </UnitTest>
    <UnitTest name="should_not_set_sight_radius_lower_than_the_minimum_sight_radius_for_user" storage="c:\users\juwilliams\desktop\personal\undead-planet\undeadearth.test\bin\debug\undeadearth.test.dll" id="00803d11-60d8-3003-79e6-d2290acd2110">
      <Execution id="42242b35-6bff-4890-8aa8-83290813ee7b" />
      <TestMethod codeBase="c:/Users/juwilliams/Desktop/Personal/Undead-Planet/UndeadEarth.Test/bin/Debug/UndeadEarth.Test.DLL" adapterTypeName="Microsoft.VisualStudio.TestTools.TestTypes.Unit.UnitTestAdapter, Microsoft.VisualStudio.QualityTools.Tips.UnitTest.Adapter, Version=10.0.0.0, Culture=neutral, PublicKeyToken=b03f5f7f11d50a3a" className="UndeadEarth.Test.Model.when_using_items, UndeadEarth.Test, Version=1.0.0.0, Culture=neutral, PublicKeyToken=null" name="should_not_set_sight_radius_lower_than_the_minimum_sight_radius_for_user" />
    </UnitTest>
    <UnitTest name="should_return_if_user_does_not_exist" storage="c:\users\juwilliams\desktop\personal\undead-planet\undeadearth.test\bin\debug\undeadearth.test.dll" id="74c211d1-a8ea-e685-b3ae-006434becd54">
      <Execution id="d3be297f-0680-42d0-b268-c4aa80360ec3" />
      <TestMethod codeBase="c:/Users/juwilliams/Desktop/Personal/Undead-Planet/UndeadEarth.Test/bin/Debug/UndeadEarth.Test.DLL" adapterTypeName="Microsoft.VisualStudio.TestTools.TestTypes.Unit.UnitTestAdapter, Microsoft.VisualStudio.QualityTools.Tips.UnitTest.Adapter, Version=10.0.0.0, Culture=neutral, PublicKeyToken=b03f5f7f11d50a3a" className="UndeadEarth.Test.Model.when_using_items, UndeadEarth.Test, Version=1.0.0.0, Culture=neutral, PublicKeyToken=null" name="should_return_if_user_does_not_exist" />
    </UnitTest>
    <UnitTest name="should_return_an_empty_progress_if_zombie_pack_doesnt_exist" storage="c:\users\juwilliams\desktop\personal\undead-planet\undeadearth.test\bin\debug\undeadearth.test.dll" id="ba89953e-a09d-28cf-6946-aa203e1b8fb8">
      <Execution id="c1d33d16-e798-4311-ad9b-93de21edca9a" />
      <TestMethod codeBase="c:/Users/juwilliams/Desktop/Personal/Undead-Planet/UndeadEarth.Test/bin/Debug/UndeadEarth.Test.DLL" adapterTypeName="Microsoft.VisualStudio.TestTools.TestTypes.Unit.UnitTestAdapter, Microsoft.VisualStudio.QualityTools.Tips.UnitTest.Adapter, Version=10.0.0.0, Culture=neutral, PublicKeyToken=b03f5f7f11d50a3a" className="UndeadEarth.Test.Model.when_determining_zombie_pack_progress, UndeadEarth.Test, Version=1.0.0.0, Culture=neutral, PublicKeyToken=null" name="should_return_an_empty_progress_if_zombie_pack_doesnt_exist" />
    </UnitTest>
    <UnitTest name="should_return_achievement_for_collecting_1000000_dollars" storage="c:\users\juwilliams\desktop\personal\undead-planet\undeadearth.test\bin\debug\undeadearth.test.dll" id="456f5311-d61b-5ef4-13ac-a1ceca766e06">
      <Execution id="feb62e95-a5bf-43ff-9992-68ff9e4ad02e" />
      <TestMethod codeBase="c:/Users/juwilliams/Desktop/Personal/Undead-Planet/UndeadEarth.Test/bin/Debug/UndeadEarth.Test.DLL" adapterTypeName="Microsoft.VisualStudio.TestTools.TestTypes.Unit.UnitTestAdapter, Microsoft.VisualStudio.QualityTools.Tips.UnitTest.Adapter, Version=10.0.0.0, Culture=neutral, PublicKeyToken=b03f5f7f11d50a3a" className="UndeadEarth.Test.Model.when_retrieving_achievements, UndeadEarth.Test, Version=1.0.0.0, Culture=neutral, PublicKeyToken=null" name="should_return_achievement_for_collecting_1000000_dollars" />
    </UnitTest>
    <UnitTest name="should_return_null_for_last_saved_sight_radius_if_user_exists_but_sight_radius_is_null" storage="c:\users\juwilliams\desktop\personal\undead-planet\undeadearth.test\bin\debug\undeadearth.test.dll" id="027692e3-3856-06fd-bce6-644a6cf7eb82">
      <Execution id="1907b52c-2fb6-40eb-b873-a7758d83e7b8" />
      <TestMethod codeBase="c:/Users/juwilliams/Desktop/Personal/Undead-Planet/UndeadEarth.Test/bin/Debug/UndeadEarth.Test.DLL" adapterTypeName="Microsoft.VisualStudio.TestTools.TestTypes.Unit.UnitTestAdapter, Microsoft.VisualStudio.QualityTools.Tips.UnitTest.Adapter, Version=10.0.0.0, Culture=neutral, PublicKeyToken=b03f5f7f11d50a3a" className="UndeadEarth.Test.Dal.when_retrieving_user_sight_radius, UndeadEarth.Test, Version=1.0.0.0, Culture=neutral, PublicKeyToken=null" name="should_return_null_for_last_saved_sight_radius_if_user_exists_but_sight_radius_is_null" />
    </UnitTest>
    <UnitTest name="should_update_baseline_attack_power_for_user" storage="c:\users\juwilliams\desktop\personal\undead-planet\undeadearth.test\bin\debug\undeadearth.test.dll" id="1f98f9e8-cb47-74ae-9470-dfe55c54483a">
      <Execution id="b3c5a9a1-0a48-4703-bf15-f6444dec58e6" />
      <TestMethod codeBase="c:/Users/juwilliams/Desktop/Personal/Undead-Planet/UndeadEarth.Test/bin/Debug/UndeadEarth.Test.DLL" adapterTypeName="Microsoft.VisualStudio.TestTools.TestTypes.Unit.UnitTestAdapter, Microsoft.VisualStudio.QualityTools.Tips.UnitTest.Adapter, Version=10.0.0.0, Culture=neutral, PublicKeyToken=b03f5f7f11d50a3a" className="UndeadEarth.Test.Dal.when_saving_user, UndeadEarth.Test, Version=1.0.0.0, Culture=neutral, PublicKeyToken=null" name="should_update_baseline_attack_power_for_user" />
    </UnitTest>
    <UnitTest name="should_record_money_earned_after_a_succesful_hunt" storage="c:\users\juwilliams\desktop\personal\undead-planet\undeadearth.test\bin\debug\undeadearth.test.dll" id="147b1cfd-fcbf-4ec1-a009-05f059879e52">
      <Execution id="9815654a-d8c7-4ee2-9b55-28a54f708d02" />
      <TestMethod codeBase="c:/Users/juwilliams/Desktop/Personal/Undead-Planet/UndeadEarth.Test/bin/Debug/UndeadEarth.Test.DLL" adapterTypeName="Microsoft.VisualStudio.TestTools.TestTypes.Unit.UnitTestAdapter, Microsoft.VisualStudio.QualityTools.Tips.UnitTest.Adapter, Version=10.0.0.0, Culture=neutral, PublicKeyToken=b03f5f7f11d50a3a" className="UndeadEarth.Test.Model.when_hunting_for_zombies, UndeadEarth.Test, Version=1.0.0.0, Culture=neutral, PublicKeyToken=null" name="should_record_money_earned_after_a_succesful_hunt" />
    </UnitTest>
    <UnitTest name="should_disregard_hunt_if_zombie_pack_does_not_have_any_zombies" storage="c:\users\juwilliams\desktop\personal\undead-planet\undeadearth.test\bin\debug\undeadearth.test.dll" id="6fc1d911-2aa7-09d2-3f37-8e698e0a0e1a">
      <Execution id="b26fe754-5d95-4178-8cc3-1a70745fbe9f" />
      <TestMethod codeBase="c:/Users/juwilliams/Desktop/Personal/Undead-Planet/UndeadEarth.Test/bin/Debug/UndeadEarth.Test.DLL" adapterTypeName="Microsoft.VisualStudio.TestTools.TestTypes.Unit.UnitTestAdapter, Microsoft.VisualStudio.QualityTools.Tips.UnitTest.Adapter, Version=10.0.0.0, Culture=neutral, PublicKeyToken=b03f5f7f11d50a3a" className="UndeadEarth.Test.Model.when_hunting_for_zombies, UndeadEarth.Test, Version=1.0.0.0, Culture=neutral, PublicKeyToken=null" name="should_disregard_hunt_if_zombie_pack_does_not_have_any_zombies" />
    </UnitTest>
    <UnitTest name="should_set_sight_radius_to_5_for_user_who_exists_but_does_not_have_a_base_sight_radius_value" storage="c:\users\juwilliams\desktop\personal\undead-planet\undeadearth.test\bin\debug\undeadearth.test.dll" id="cf462ec4-8531-1e43-07c6-e34f96bb70c0">
      <Execution id="7d82801f-3dbe-4c02-ac6b-3ccdbed6949c" />
      <TestMethod codeBase="c:/Users/juwilliams/Desktop/Personal/Undead-Planet/UndeadEarth.Test/bin/Debug/UndeadEarth.Test.DLL" adapterTypeName="Microsoft.VisualStudio.TestTools.TestTypes.Unit.UnitTestAdapter, Microsoft.VisualStudio.QualityTools.Tips.UnitTest.Adapter, Version=10.0.0.0, Culture=neutral, PublicKeyToken=b03f5f7f11d50a3a" className="UndeadEarth.Test.Model.when_determining_users_current_sight_radius, UndeadEarth.Test, Version=1.0.0.0, Culture=neutral, PublicKeyToken=null" name="should_set_sight_radius_to_5_for_user_who_exists_but_does_not_have_a_base_sight_radius_value" />
    </UnitTest>
    <UnitTest name="should_change_users_sight_radius_if_item_has_a_distance_attribute_not_equal_to_zero" storage="c:\users\juwilliams\desktop\personal\undead-planet\undeadearth.test\bin\debug\undeadearth.test.dll" id="bb62f7f6-95bc-c16c-f91c-8661bb447531">
      <Execution id="bab5cc87-34b4-43a6-8d39-a4ea48c0e0a8" />
      <TestMethod codeBase="c:/Users/juwilliams/Desktop/Personal/Undead-Planet/UndeadEarth.Test/bin/Debug/UndeadEarth.Test.DLL" adapterTypeName="Microsoft.VisualStudio.TestTools.TestTypes.Unit.UnitTestAdapter, Microsoft.VisualStudio.QualityTools.Tips.UnitTest.Adapter, Version=10.0.0.0, Culture=neutral, PublicKeyToken=b03f5f7f11d50a3a" className="UndeadEarth.Test.Model.when_using_items, UndeadEarth.Test, Version=1.0.0.0, Culture=neutral, PublicKeyToken=null" name="should_change_users_sight_radius_if_item_has_a_distance_attribute_not_equal_to_zero" />
    </UnitTest>
    <UnitTest name="should_throw_error_if_facebook_user_id_is_0_user_exists_is_attempted" storage="c:\users\juwilliams\desktop\personal\undead-planet\undeadearth.test\bin\debug\undeadearth.test.dll" id="20c7eedc-a25f-bd99-048a-d0191e8444d6">
      <Execution id="7779cfc7-1bc5-4bdc-83df-81e6ab1bb45f" />
      <TestMethod codeBase="c:/Users/juwilliams/Desktop/Personal/Undead-Planet/UndeadEarth.Test/bin/Debug/UndeadEarth.Test.DLL" adapterTypeName="Microsoft.VisualStudio.TestTools.TestTypes.Unit.UnitTestAdapter, Microsoft.VisualStudio.QualityTools.Tips.UnitTest.Adapter, Version=10.0.0.0, Culture=neutral, PublicKeyToken=b03f5f7f11d50a3a" className="UndeadEarth.Test.Dal.when_retrieving_user, UndeadEarth.Test, Version=1.0.0.0, Culture=neutral, PublicKeyToken=null" name="should_throw_error_if_facebook_user_id_is_0_user_exists_is_attempted" />
    </UnitTest>
    <UnitTest name="should_save_user_item_in_safe_house" storage="c:\users\juwilliams\desktop\personal\undead-planet\undeadearth.test\bin\debug\undeadearth.test.dll" id="f9c3b8d4-44eb-d441-d7b4-5980f2089bf1">
      <Execution id="32de4e1e-245c-4073-a266-ecef996d4fa3" />
      <TestMethod codeBase="c:/Users/juwilliams/Desktop/Personal/Undead-Planet/UndeadEarth.Test/bin/Debug/UndeadEarth.Test.DLL" adapterTypeName="Microsoft.VisualStudio.TestTools.TestTypes.Unit.UnitTestAdapter, Microsoft.VisualStudio.QualityTools.Tips.UnitTest.Adapter, Version=10.0.0.0, Culture=neutral, PublicKeyToken=b03f5f7f11d50a3a" className="UndeadEarth.Test.Dal.when_retrieving_items, UndeadEarth.Test, Version=1.0.0.0, Culture=neutral, PublicKeyToken=null" name="should_save_user_item_in_safe_house" />
    </UnitTest>
    <UnitTest name="should_disregard_if_safe_house_does_not_have_item" storage="c:\users\juwilliams\desktop\personal\undead-planet\undeadearth.test\bin\debug\undeadearth.test.dll" id="8522a95f-e160-dcf6-186a-2eac6493fad8">
      <Execution id="04280240-ac28-454d-bd66-3fb1e5e745b6" />
      <TestMethod codeBase="c:/Users/juwilliams/Desktop/Personal/Undead-Planet/UndeadEarth.Test/bin/Debug/UndeadEarth.Test.DLL" adapterTypeName="Microsoft.VisualStudio.TestTools.TestTypes.Unit.UnitTestAdapter, Microsoft.VisualStudio.QualityTools.Tips.UnitTest.Adapter, Version=10.0.0.0, Culture=neutral, PublicKeyToken=b03f5f7f11d50a3a" className="UndeadEarth.Test.Model.when_transferring_items_from_safe_house_to_user, UndeadEarth.Test, Version=1.0.0.0, Culture=neutral, PublicKeyToken=null" name="should_disregard_if_safe_house_does_not_have_item" />
    </UnitTest>
    <UnitTest name="should_set_last_energy_date_to_datetimenow_if_its_null_but_last_energy_isnt" storage="c:\users\juwilliams\desktop\personal\undead-planet\undeadearth.test\bin\debug\undeadearth.test.dll" id="99355754-b969-f315-3b5a-88e1622f783a">
      <Execution id="6675bf4d-c400-4ba8-b57c-394352a96ce1" />
      <TestMethod codeBase="c:/Users/juwilliams/Desktop/Personal/Undead-Planet/UndeadEarth.Test/bin/Debug/UndeadEarth.Test.DLL" adapterTypeName="Microsoft.VisualStudio.TestTools.TestTypes.Unit.UnitTestAdapter, Microsoft.VisualStudio.QualityTools.Tips.UnitTest.Adapter, Version=10.0.0.0, Culture=neutral, PublicKeyToken=b03f5f7f11d50a3a" className="UndeadEarth.Test.Dal.when_retrieving_user_energy, UndeadEarth.Test, Version=1.0.0.0, Culture=neutral, PublicKeyToken=null" name="should_set_last_energy_date_to_datetimenow_if_its_null_but_last_energy_isnt" />
    </UnitTest>
    <UnitTest name="should_throw_error_for_saving_mas_energy_if_user_does_not_exist" storage="c:\users\juwilliams\desktop\personal\undead-planet\undeadearth.test\bin\debug\undeadearth.test.dll" id="3e4c555c-eb52-8e6a-77bb-fba4f57ae14d">
      <Execution id="89b724c2-7312-4969-8cf5-cf1edc293f52" />
      <TestMethod codeBase="c:/Users/juwilliams/Desktop/Personal/Undead-Planet/UndeadEarth.Test/bin/Debug/UndeadEarth.Test.DLL" adapterTypeName="Microsoft.VisualStudio.TestTools.TestTypes.Unit.UnitTestAdapter, Microsoft.VisualStudio.QualityTools.Tips.UnitTest.Adapter, Version=10.0.0.0, Culture=neutral, PublicKeyToken=b03f5f7f11d50a3a" className="UndeadEarth.Test.Dal.Utility.when_saving_user_energy, UndeadEarth.Test, Version=1.0.0.0, Culture=neutral, PublicKeyToken=null" name="should_throw_error_for_saving_mas_energy_if_user_does_not_exist" />
    </UnitTest>
    <UnitTest name="should_return_base_energy_if_user_does_not_have_any_money_and_no_items_in_safehouse" storage="c:\users\juwilliams\desktop\personal\undead-planet\undeadearth.test\bin\debug\undeadearth.test.dll" id="1176458c-eb17-c2d6-8c27-e75b41695c1a">
      <Execution id="9ccbcd47-f79d-4da6-8c7f-dc78f4289061" />
      <TestMethod codeBase="c:/Users/juwilliams/Desktop/Personal/Undead-Planet/UndeadEarth.Test/bin/Debug/UndeadEarth.Test.DLL" adapterTypeName="Microsoft.VisualStudio.TestTools.TestTypes.Unit.UnitTestAdapter, Microsoft.VisualStudio.QualityTools.Tips.UnitTest.Adapter, Version=10.0.0.0, Culture=neutral, PublicKeyToken=b03f5f7f11d50a3a" className="UndeadEarth.Test.Model.when_determining_users_max_potential_energy, UndeadEarth.Test, Version=1.0.0.0, Culture=neutral, PublicKeyToken=null" name="should_return_base_energy_if_user_does_not_have_any_money_and_no_items_in_safehouse" />
    </UnitTest>
    <UnitTest name="should_return_energy_along_with_any_energy_increase_from_buying_item_with_no_items_in_safehouse" storage="c:\users\juwilliams\desktop\personal\undead-planet\undeadearth.test\bin\debug\undeadearth.test.dll" id="6f612bd1-261c-e125-ca8e-f3d31afd386b">
      <Execution id="2c3948d2-d4aa-4ea3-9a0e-02cbb506b1ee" />
      <TestMethod codeBase="c:/Users/juwilliams/Desktop/Personal/Undead-Planet/UndeadEarth.Test/bin/Debug/UndeadEarth.Test.DLL" adapterTypeName="Microsoft.VisualStudio.TestTools.TestTypes.Unit.UnitTestAdapter, Microsoft.VisualStudio.QualityTools.Tips.UnitTest.Adapter, Version=10.0.0.0, Culture=neutral, PublicKeyToken=b03f5f7f11d50a3a" className="UndeadEarth.Test.Model.when_determining_users_max_potential_energy, UndeadEarth.Test, Version=1.0.0.0, Culture=neutral, PublicKeyToken=null" name="should_return_energy_along_with_any_energy_increase_from_buying_item_with_no_items_in_safehouse" />
    </UnitTest>
    <UnitTest name="should_retrieve_all_safe_houses_within_radius" storage="c:\users\juwilliams\desktop\personal\undead-planet\undeadearth.test\bin\debug\undeadearth.test.dll" id="948eaf49-3d62-1046-def5-d76ed8415a60">
      <Execution id="e17db96f-b4fc-4d26-a18b-810bf95327bb" />
      <TestMethod codeBase="c:/Users/juwilliams/Desktop/Personal/Undead-Planet/UndeadEarth.Test/bin/Debug/UndeadEarth.Test.DLL" adapterTypeName="Microsoft.VisualStudio.TestTools.TestTypes.Unit.UnitTestAdapter, Microsoft.VisualStudio.QualityTools.Tips.UnitTest.Adapter, Version=10.0.0.0, Culture=neutral, PublicKeyToken=b03f5f7f11d50a3a" className="UndeadEarth.Test.Dal.when_retrieving_safe_houses, UndeadEarth.Test, Version=1.0.0.0, Culture=neutral, PublicKeyToken=null" name="should_retrieve_all_safe_houses_within_radius" />
    </UnitTest>
    <UnitTest name="should_return_true_if_hotzone_exists" storage="c:\users\juwilliams\desktop\personal\undead-planet\undeadearth.test\bin\debug\undeadearth.test.dll" id="986c501e-f914-4dd0-53c3-b0c1bdfdf5be">
      <Execution id="1bdc32c7-c32e-4dea-9b15-f19948905c27" />
      <TestMethod codeBase="c:/Users/juwilliams/Desktop/Personal/Undead-Planet/UndeadEarth.Test/bin/Debug/UndeadEarth.Test.DLL" adapterTypeName="Microsoft.VisualStudio.TestTools.TestTypes.Unit.UnitTestAdapter, Microsoft.VisualStudio.QualityTools.Tips.UnitTest.Adapter, Version=10.0.0.0, Culture=neutral, PublicKeyToken=b03f5f7f11d50a3a" className="UndeadEarth.Test.Dal.when_retrieving_hot_zones, UndeadEarth.Test, Version=1.0.0.0, Culture=neutral, PublicKeyToken=null" name="should_return_true_if_hotzone_exists" />
    </UnitTest>
    <UnitTest name="should_record_zombiepack_destoryed_if_zombiepack_cleared" storage="c:\users\juwilliams\desktop\personal\undead-planet\undeadearth.test\bin\debug\undeadearth.test.dll" id="e4615602-9641-d148-59c9-84c9addeee4f">
      <Execution id="c07d3280-d2c3-4cf4-a82d-77ff1d952aff" />
      <TestMethod codeBase="c:/Users/juwilliams/Desktop/Personal/Undead-Planet/UndeadEarth.Test/bin/Debug/UndeadEarth.Test.DLL" adapterTypeName="Microsoft.VisualStudio.TestTools.TestTypes.Unit.UnitTestAdapter, Microsoft.VisualStudio.QualityTools.Tips.UnitTest.Adapter, Version=10.0.0.0, Culture=neutral, PublicKeyToken=b03f5f7f11d50a3a" className="UndeadEarth.Test.Model.when_hunting_for_zombies, UndeadEarth.Test, Version=1.0.0.0, Culture=neutral, PublicKeyToken=null" name="should_record_zombiepack_destoryed_if_zombiepack_cleared" />
    </UnitTest>
    <UnitTest name="should_update_users_energy_if_user_can_hunt" storage="c:\users\juwilliams\desktop\personal\undead-planet\undeadearth.test\bin\debug\undeadearth.test.dll" id="6d50870f-a5f5-48df-fa3a-fd929ac4d6d9">
      <Execution id="3884b7cc-7714-44a3-b9ac-dcdbab9dd09e" />
      <TestMethod codeBase="c:/Users/juwilliams/Desktop/Personal/Undead-Planet/UndeadEarth.Test/bin/Debug/UndeadEarth.Test.DLL" adapterTypeName="Microsoft.VisualStudio.TestTools.TestTypes.Unit.UnitTestAdapter, Microsoft.VisualStudio.QualityTools.Tips.UnitTest.Adapter, Version=10.0.0.0, Culture=neutral, PublicKeyToken=b03f5f7f11d50a3a" className="UndeadEarth.Test.Model.when_hunting_for_zombies, UndeadEarth.Test, Version=1.0.0.0, Culture=neutral, PublicKeyToken=null" name="should_update_users_energy_if_user_can_hunt" />
    </UnitTest>
    <UnitTest name="should_throw_exception_if_update_on_baseline_is_done_on_user_that_doest_exist" storage="c:\users\juwilliams\desktop\personal\undead-planet\undeadearth.test\bin\debug\undeadearth.test.dll" id="dcf1db6a-6e15-f745-8c61-5c0cbc68681f">
      <Execution id="c4e83e05-764f-49bd-a627-e7ddcf7a3fa5" />
      <TestMethod codeBase="c:/Users/juwilliams/Desktop/Personal/Undead-Planet/UndeadEarth.Test/bin/Debug/UndeadEarth.Test.DLL" adapterTypeName="Microsoft.VisualStudio.TestTools.TestTypes.Unit.UnitTestAdapter, Microsoft.VisualStudio.QualityTools.Tips.UnitTest.Adapter, Version=10.0.0.0, Culture=neutral, PublicKeyToken=b03f5f7f11d50a3a" className="UndeadEarth.Test.Dal.when_saving_user, UndeadEarth.Test, Version=1.0.0.0, Culture=neutral, PublicKeyToken=null" name="should_throw_exception_if_update_on_baseline_is_done_on_user_that_doest_exist" />
    </UnitTest>
    <UnitTest name="should_return_true_if_safe_house_exists" storage="c:\users\juwilliams\desktop\personal\undead-planet\undeadearth.test\bin\debug\undeadearth.test.dll" id="4c87210c-f927-e260-2776-9399fcbfbd1c">
      <Execution id="c0666056-3d8d-4368-8b65-c88ab9d364e1" />
      <TestMethod codeBase="c:/Users/juwilliams/Desktop/Personal/Undead-Planet/UndeadEarth.Test/bin/Debug/UndeadEarth.Test.DLL" adapterTypeName="Microsoft.VisualStudio.TestTools.TestTypes.Unit.UnitTestAdapter, Microsoft.VisualStudio.QualityTools.Tips.UnitTest.Adapter, Version=10.0.0.0, Culture=neutral, PublicKeyToken=b03f5f7f11d50a3a" className="UndeadEarth.Test.Dal.when_retrieving_safe_houses, UndeadEarth.Test, Version=1.0.0.0, Culture=neutral, PublicKeyToken=null" name="should_return_true_if_safe_house_exists" />
    </UnitTest>
    <UnitTest name="should_return_false_if_facebook_user_doesnt_exist" storage="c:\users\juwilliams\desktop\personal\undead-planet\undeadearth.test\bin\debug\undeadearth.test.dll" id="b3e73d9f-e8d5-d40e-f226-223e65b83b5c">
      <Execution id="28991c37-7d74-4708-bf15-9fb28635b84d" />
      <TestMethod codeBase="c:/Users/juwilliams/Desktop/Personal/Undead-Planet/UndeadEarth.Test/bin/Debug/UndeadEarth.Test.DLL" adapterTypeName="Microsoft.VisualStudio.TestTools.TestTypes.Unit.UnitTestAdapter, Microsoft.VisualStudio.QualityTools.Tips.UnitTest.Adapter, Version=10.0.0.0, Culture=neutral, PublicKeyToken=b03f5f7f11d50a3a" className="UndeadEarth.Test.Dal.when_retrieving_user, UndeadEarth.Test, Version=1.0.0.0, Culture=neutral, PublicKeyToken=null" name="should_return_false_if_facebook_user_doesnt_exist" />
    </UnitTest>
    <UnitTest name="should_throw_error_if_user_does_not_exist" storage="c:\users\juwilliams\desktop\personal\undead-planet\undeadearth.test\bin\debug\undeadearth.test.dll" id="65c104b2-1ff7-266c-33d4-c2e6789ce0d4">
      <Execution id="06554a25-e9d5-4591-bce1-239cd7567cd5" />
      <TestMethod codeBase="c:/Users/juwilliams/Desktop/Personal/Undead-Planet/UndeadEarth.Test/bin/Debug/UndeadEarth.Test.DLL" adapterTypeName="Microsoft.VisualStudio.TestTools.TestTypes.Unit.UnitTestAdapter, Microsoft.VisualStudio.QualityTools.Tips.UnitTest.Adapter, Version=10.0.0.0, Culture=neutral, PublicKeyToken=b03f5f7f11d50a3a" className="UndeadEarth.Test.Model.when_servicing_user_level_and_attributes, UndeadEarth.Test, Version=1.0.0.0, Culture=neutral, PublicKeyToken=null" name="should_throw_error_if_user_does_not_exist" />
    </UnitTest>
    <UnitTest name="should_return_base_sight_radius_plus_any_equiped_items_that_affect_sight_radius" storage="c:\users\juwilliams\desktop\personal\undead-planet\undeadearth.test\bin\debug\undeadearth.test.dll" id="9091ae17-a6a8-ad22-153b-b3d1f20f3512">
      <Execution id="fe824dd1-7872-41d2-8dce-9ec7aae9bde1" />
      <TestMethod codeBase="c:/Users/juwilliams/Desktop/Personal/Undead-Planet/UndeadEarth.Test/bin/Debug/UndeadEarth.Test.DLL" adapterTypeName="Microsoft.VisualStudio.TestTools.TestTypes.Unit.UnitTestAdapter, Microsoft.VisualStudio.QualityTools.Tips.UnitTest.Adapter, Version=10.0.0.0, Culture=neutral, PublicKeyToken=b03f5f7f11d50a3a" className="UndeadEarth.Test.Model.when_determining_users_min_sight_radius, UndeadEarth.Test, Version=1.0.0.0, Culture=neutral, PublicKeyToken=null" name="should_return_base_sight_radius_plus_any_equiped_items_that_affect_sight_radius" />
    </UnitTest>
    <UnitTest name="should_return_all_zombie_packs_assocaited_with_hotzone" storage="c:\users\juwilliams\desktop\personal\undead-planet\undeadearth.test\bin\debug\undeadearth.test.dll" id="03a8dd14-ba0a-c947-44ec-1c0c4c677ff9">
      <Execution id="f62c27b7-a550-4119-ae79-640d7608e1fa" />
      <TestMethod codeBase="c:/Users/juwilliams/Desktop/Personal/Undead-Planet/UndeadEarth.Test/bin/Debug/UndeadEarth.Test.DLL" adapterTypeName="Microsoft.VisualStudio.TestTools.TestTypes.Unit.UnitTestAdapter, Microsoft.VisualStudio.QualityTools.Tips.UnitTest.Adapter, Version=10.0.0.0, Culture=neutral, PublicKeyToken=b03f5f7f11d50a3a" className="UndeadEarth.Test.Dal.when_retrieving_zombie_packs, UndeadEarth.Test, Version=1.0.0.0, Culture=neutral, PublicKeyToken=null" name="should_return_all_zombie_packs_assocaited_with_hotzone" />
    </UnitTest>
    <UnitTest name="should_return_min_sight_radius_for_user_if_user_exists_but_last_saved_sight_radius_does_not_exist" storage="c:\users\juwilliams\desktop\personal\undead-planet\undeadearth.test\bin\debug\undeadearth.test.dll" id="321c5a91-a83b-02fd-e40b-ce47e7f12083">
      <Execution id="2532aa9c-b937-4078-97a9-34131354eef0" />
      <TestMethod codeBase="c:/Users/juwilliams/Desktop/Personal/Undead-Planet/UndeadEarth.Test/bin/Debug/UndeadEarth.Test.DLL" adapterTypeName="Microsoft.VisualStudio.TestTools.TestTypes.Unit.UnitTestAdapter, Microsoft.VisualStudio.QualityTools.Tips.UnitTest.Adapter, Version=10.0.0.0, Culture=neutral, PublicKeyToken=b03f5f7f11d50a3a" className="UndeadEarth.Test.Model.when_determining_users_current_sight_radius, UndeadEarth.Test, Version=1.0.0.0, Culture=neutral, PublicKeyToken=null" name="should_return_min_sight_radius_for_user_if_user_exists_but_last_saved_sight_radius_does_not_exist" />
    </UnitTest>
    <UnitTest name="should_return_achievement_for_collecting_1000_dollars" storage="c:\users\juwilliams\desktop\personal\undead-planet\undeadearth.test\bin\debug\undeadearth.test.dll" id="537a2b77-3b56-7fda-5cef-ce5b7fef8e47">
      <Execution id="7dd58fd4-85b5-4dc3-83df-c426286b764e" />
      <TestMethod codeBase="c:/Users/juwilliams/Desktop/Personal/Undead-Planet/UndeadEarth.Test/bin/Debug/UndeadEarth.Test.DLL" adapterTypeName="Microsoft.VisualStudio.TestTools.TestTypes.Unit.UnitTestAdapter, Microsoft.VisualStudio.QualityTools.Tips.UnitTest.Adapter, Version=10.0.0.0, Culture=neutral, PublicKeyToken=b03f5f7f11d50a3a" className="UndeadEarth.Test.Model.when_retrieving_achievements, UndeadEarth.Test, Version=1.0.0.0, Culture=neutral, PublicKeyToken=null" name="should_return_achievement_for_collecting_1000_dollars" />
    </UnitTest>
    <UnitTest name="should_disregard_safehouse_items_that_are_one_use" storage="c:\users\juwilliams\desktop\personal\undead-planet\undeadearth.test\bin\debug\undeadearth.test.dll" id="c2fceb1f-5078-88e7-1674-00e75ecef9dd">
      <Execution id="9f74876e-4956-435f-8bf5-7bcc85324d7b" />
      <TestMethod codeBase="c:/Users/juwilliams/Desktop/Personal/Undead-Planet/UndeadEarth.Test/bin/Debug/UndeadEarth.Test.DLL" adapterTypeName="Microsoft.VisualStudio.TestTools.TestTypes.Unit.UnitTestAdapter, Microsoft.VisualStudio.QualityTools.Tips.UnitTest.Adapter, Version=10.0.0.0, Culture=neutral, PublicKeyToken=b03f5f7f11d50a3a" className="UndeadEarth.Test.Model.when_determining_users_max_potential_energy, UndeadEarth.Test, Version=1.0.0.0, Culture=neutral, PublicKeyToken=null" name="should_disregard_safehouse_items_that_are_one_use" />
    </UnitTest>
    <UnitTest name="should_return_true_if_facebook_user_exists" storage="c:\users\juwilliams\desktop\personal\undead-planet\undeadearth.test\bin\debug\undeadearth.test.dll" id="399d3773-04b9-f157-2193-2a81aa17c4e4">
      <Execution id="a62c09bb-5e94-489e-b489-4967eb9edf86" />
      <TestMethod codeBase="c:/Users/juwilliams/Desktop/Personal/Undead-Planet/UndeadEarth.Test/bin/Debug/UndeadEarth.Test.DLL" adapterTypeName="Microsoft.VisualStudio.TestTools.TestTypes.Unit.UnitTestAdapter, Microsoft.VisualStudio.QualityTools.Tips.UnitTest.Adapter, Version=10.0.0.0, Culture=neutral, PublicKeyToken=b03f5f7f11d50a3a" className="UndeadEarth.Test.Dal.when_retrieving_user, UndeadEarth.Test, Version=1.0.0.0, Culture=neutral, PublicKeyToken=null" name="should_return_true_if_facebook_user_exists" />
    </UnitTest>
    <UnitTest name="should_return_achievement_for_killing_10000_zombies" storage="c:\users\juwilliams\desktop\personal\undead-planet\undeadearth.test\bin\debug\undeadearth.test.dll" id="95c19639-802d-b1a1-d6b5-8e055a02797d">
      <Execution id="d92c4e43-1497-49d8-bab6-13faa531f688" />
      <TestMethod codeBase="c:/Users/juwilliams/Desktop/Personal/Undead-Planet/UndeadEarth.Test/bin/Debug/UndeadEarth.Test.DLL" adapterTypeName="Microsoft.VisualStudio.TestTools.TestTypes.Unit.UnitTestAdapter, Microsoft.VisualStudio.QualityTools.Tips.UnitTest.Adapter, Version=10.0.0.0, Culture=neutral, PublicKeyToken=b03f5f7f11d50a3a" className="UndeadEarth.Test.Model.when_retrieving_achievements, UndeadEarth.Test, Version=1.0.0.0, Culture=neutral, PublicKeyToken=null" name="should_return_achievement_for_killing_10000_zombies" />
    </UnitTest>
    <UnitTest name="should_return_hotzones_that_are_marked_as_starting_hotzones" storage="c:\users\juwilliams\desktop\personal\undead-planet\undeadearth.test\bin\debug\undeadearth.test.dll" id="5e0523e6-700c-d803-6a13-76f99c5ecb12">
      <Execution id="35ba496a-5f96-4e1c-8ded-85b3f99986f1" />
      <TestMethod codeBase="c:/Users/juwilliams/Desktop/Personal/Undead-Planet/UndeadEarth.Test/bin/Debug/UndeadEarth.Test.DLL" adapterTypeName="Microsoft.VisualStudio.TestTools.TestTypes.Unit.UnitTestAdapter, Microsoft.VisualStudio.QualityTools.Tips.UnitTest.Adapter, Version=10.0.0.0, Culture=neutral, PublicKeyToken=b03f5f7f11d50a3a" className="UndeadEarth.Test.Dal.when_retrieving_hot_zones, UndeadEarth.Test, Version=1.0.0.0, Culture=neutral, PublicKeyToken=null" name="should_return_hotzones_that_are_marked_as_starting_hotzones" />
    </UnitTest>
    <UnitTest name="should_return_max_energy_for_user_if_user_exists_but_last_saved_energy_does_not_exist" storage="c:\users\juwilliams\desktop\personal\undead-planet\undeadearth.test\bin\debug\undeadearth.test.dll" id="7b96fc08-5095-7079-15b5-f39e447dbf49">
      <Execution id="55f1dbe3-b2b3-4cf5-a428-0f8d5166022c" />
      <TestMethod codeBase="c:/Users/juwilliams/Desktop/Personal/Undead-Planet/UndeadEarth.Test/bin/Debug/UndeadEarth.Test.DLL" adapterTypeName="Microsoft.VisualStudio.TestTools.TestTypes.Unit.UnitTestAdapter, Microsoft.VisualStudio.QualityTools.Tips.UnitTest.Adapter, Version=10.0.0.0, Culture=neutral, PublicKeyToken=b03f5f7f11d50a3a" className="UndeadEarth.Test.Model.when_determining_users_current_energy, UndeadEarth.Test, Version=1.0.0.0, Culture=neutral, PublicKeyToken=null" name="should_return_max_energy_for_user_if_user_exists_but_last_saved_energy_does_not_exist" />
    </UnitTest>
    <UnitTest name="should_disregard_if_item_does_not_exist" storage="c:\users\juwilliams\desktop\personal\undead-planet\undeadearth.test\bin\debug\undeadearth.test.dll" id="08042b30-bcf9-bd89-006e-14ec4c40ac45">
      <Execution id="52e31386-ccaf-4a19-baa2-3399aefefc4e" />
      <TestMethod codeBase="c:/Users/juwilliams/Desktop/Personal/Undead-Planet/UndeadEarth.Test/bin/Debug/UndeadEarth.Test.DLL" adapterTypeName="Microsoft.VisualStudio.TestTools.TestTypes.Unit.UnitTestAdapter, Microsoft.VisualStudio.QualityTools.Tips.UnitTest.Adapter, Version=10.0.0.0, Culture=neutral, PublicKeyToken=b03f5f7f11d50a3a" className="UndeadEarth.Test.Model.when_buying_items_from_shop, UndeadEarth.Test, Version=1.0.0.0, Culture=neutral, PublicKeyToken=null" name="should_disregard_if_item_does_not_exist" />
    </UnitTest>
    <UnitTest name="should_return_energy_based_on_items_in_safehouse_with_user_not_having_any_money" storage="c:\users\juwilliams\desktop\personal\undead-planet\undeadearth.test\bin\debug\undeadearth.test.dll" id="0c8abc46-7ae3-a530-a75d-2f31cb9a36fc">
      <Execution id="a57ae28a-a305-4386-acbe-9188cd30fde8" />
      <TestMethod codeBase="c:/Users/juwilliams/Desktop/Personal/Undead-Planet/UndeadEarth.Test/bin/Debug/UndeadEarth.Test.DLL" adapterTypeName="Microsoft.VisualStudio.TestTools.TestTypes.Unit.UnitTestAdapter, Microsoft.VisualStudio.QualityTools.Tips.UnitTest.Adapter, Version=10.0.0.0, Culture=neutral, PublicKeyToken=b03f5f7f11d50a3a" className="UndeadEarth.Test.Model.when_determining_users_max_potential_energy, UndeadEarth.Test, Version=1.0.0.0, Culture=neutral, PublicKeyToken=null" name="should_return_energy_based_on_items_in_safehouse_with_user_not_having_any_money" />
    </UnitTest>
    <UnitTest name="should_return_attack_power_along_with_any_attack_power_increase_from_buying_many_of_the_same_item_with_no_items_in_safehouse" storage="c:\users\juwilliams\desktop\personal\undead-planet\undeadearth.test\bin\debug\undeadearth.test.dll" id="2bb944ea-67c4-2ec5-7a6c-8e36c6922cdf">
      <Execution id="88b4cc0a-ece6-48b5-b5c9-c951644c9447" />
      <TestMethod codeBase="c:/Users/juwilliams/Desktop/Personal/Undead-Planet/UndeadEarth.Test/bin/Debug/UndeadEarth.Test.DLL" adapterTypeName="Microsoft.VisualStudio.TestTools.TestTypes.Unit.UnitTestAdapter, Microsoft.VisualStudio.QualityTools.Tips.UnitTest.Adapter, Version=10.0.0.0, Culture=neutral, PublicKeyToken=b03f5f7f11d50a3a" className="UndeadEarth.Test.Model.when_determining_users_max_potential_attack_power, UndeadEarth.Test, Version=1.0.0.0, Culture=neutral, PublicKeyToken=null" name="should_return_attack_power_along_with_any_attack_power_increase_from_buying_many_of_the_same_item_with_no_items_in_safehouse" />
    </UnitTest>
    <UnitTest name="should_update_users_base_energy" storage="c:\users\juwilliams\desktop\personal\undead-planet\undeadearth.test\bin\debug\undeadearth.test.dll" id="ef0ae882-4dcb-0302-71db-13ab90020039">
      <Execution id="4798eaaa-ea95-420c-9050-21c57c6102ce" />
      <TestMethod codeBase="c:/Users/juwilliams/Desktop/Personal/Undead-Planet/UndeadEarth.Test/bin/Debug/UndeadEarth.Test.DLL" adapterTypeName="Microsoft.VisualStudio.TestTools.TestTypes.Unit.UnitTestAdapter, Microsoft.VisualStudio.QualityTools.Tips.UnitTest.Adapter, Version=10.0.0.0, Culture=neutral, PublicKeyToken=b03f5f7f11d50a3a" className="UndeadEarth.Test.Dal.when_saving_user, UndeadEarth.Test, Version=1.0.0.0, Culture=neutral, PublicKeyToken=null" name="should_update_users_base_energy" />
    </UnitTest>
    <UnitTest name="should_retrieve_safe_house_item_id" storage="c:\users\juwilliams\desktop\personal\undead-planet\undeadearth.test\bin\debug\undeadearth.test.dll" id="d6a3e7bf-2e31-3f07-2490-3e67884ebb4a">
      <Execution id="08d91135-5a93-4125-8edb-854697168e46" />
      <TestMethod codeBase="c:/Users/juwilliams/Desktop/Personal/Undead-Planet/UndeadEarth.Test/bin/Debug/UndeadEarth.Test.DLL" adapterTypeName="Microsoft.VisualStudio.TestTools.TestTypes.Unit.UnitTestAdapter, Microsoft.VisualStudio.QualityTools.Tips.UnitTest.Adapter, Version=10.0.0.0, Culture=neutral, PublicKeyToken=b03f5f7f11d50a3a" className="UndeadEarth.Test.Dal.when_retrieving_safe_houses, UndeadEarth.Test, Version=1.0.0.0, Culture=neutral, PublicKeyToken=null" name="should_retrieve_safe_house_item_id" />
    </UnitTest>
    <UnitTest name="should_disregard_if_user_does_not_exist" storage="c:\users\juwilliams\desktop\personal\undead-planet\undeadearth.test\bin\debug\undeadearth.test.dll" id="7d282b5a-4c68-651b-2ed3-0d406222883a">
      <Execution id="4f5f6f8b-e834-4d49-95cd-5a0c48c4bcbb" />
      <TestMethod codeBase="c:/Users/juwilliams/Desktop/Personal/Undead-Planet/UndeadEarth.Test/bin/Debug/UndeadEarth.Test.DLL" adapterTypeName="Microsoft.VisualStudio.TestTools.TestTypes.Unit.UnitTestAdapter, Microsoft.VisualStudio.QualityTools.Tips.UnitTest.Adapter, Version=10.0.0.0, Culture=neutral, PublicKeyToken=b03f5f7f11d50a3a" className="UndeadEarth.Test.Model.when_buying_items_from_shop, UndeadEarth.Test, Version=1.0.0.0, Culture=neutral, PublicKeyToken=null" name="should_disregard_if_user_does_not_exist" />
    </UnitTest>
    <UnitTest name="should_return_a_hunt_count_of_5_to_10_if_resolved_as_an_medium_hotzone" storage="c:\users\juwilliams\desktop\personal\undead-planet\undeadearth.test\bin\debug\undeadearth.test.dll" id="b8158573-3e0f-248e-b423-b1311e92e807">
      <Execution id="1f7eeadb-f899-49de-b74a-f3a5ceeb1abe" />
      <TestMethod codeBase="c:/Users/juwilliams/Desktop/Personal/Undead-Planet/UndeadEarth.Test/bin/Debug/UndeadEarth.Test.DLL" adapterTypeName="Microsoft.VisualStudio.TestTools.TestTypes.Unit.UnitTestAdapter, Microsoft.VisualStudio.QualityTools.Tips.UnitTest.Adapter, Version=10.0.0.0, Culture=neutral, PublicKeyToken=b03f5f7f11d50a3a" className="UndeadEarth.Test.Model.when_determining_zombie_pack_progress, UndeadEarth.Test, Version=1.0.0.0, Culture=neutral, PublicKeyToken=null" name="should_return_a_hunt_count_of_5_to_10_if_resolved_as_an_medium_hotzone" />
    </UnitTest>
    <UnitTest name="should_return_energy_along_with_any_energy_increase_from_buying_many_of_the_same_item_with_no_items_in_safehouse" storage="c:\users\juwilliams\desktop\personal\undead-planet\undeadearth.test\bin\debug\undeadearth.test.dll" id="86693507-7b03-3b4f-52d7-489bc76e87d4">
      <Execution id="7a96c6b6-680c-4b90-9cff-fd87f9298810" />
      <TestMethod codeBase="c:/Users/juwilliams/Desktop/Personal/Undead-Planet/UndeadEarth.Test/bin/Debug/UndeadEarth.Test.DLL" adapterTypeName="Microsoft.VisualStudio.TestTools.TestTypes.Unit.UnitTestAdapter, Microsoft.VisualStudio.QualityTools.Tips.UnitTest.Adapter, Version=10.0.0.0, Culture=neutral, PublicKeyToken=b03f5f7f11d50a3a" className="UndeadEarth.Test.Model.when_determining_users_max_potential_energy, UndeadEarth.Test, Version=1.0.0.0, Culture=neutral, PublicKeyToken=null" name="should_return_energy_along_with_any_energy_increase_from_buying_many_of_the_same_item_with_no_items_in_safehouse" />
    </UnitTest>
    <UnitTest name="should_return_0_for_attack_power_if_user_does_not_exist" storage="c:\users\juwilliams\desktop\personal\undead-planet\undeadearth.test\bin\debug\undeadearth.test.dll" id="5a7c17db-19ea-927d-e739-dca3cee988f6">
      <Execution id="aac97c1b-8ae9-4b0c-b4d1-0985eeac9f07" />
      <TestMethod codeBase="c:/Users/juwilliams/Desktop/Personal/Undead-Planet/UndeadEarth.Test/bin/Debug/UndeadEarth.Test.DLL" adapterTypeName="Microsoft.VisualStudio.TestTools.TestTypes.Unit.UnitTestAdapter, Microsoft.VisualStudio.QualityTools.Tips.UnitTest.Adapter, Version=10.0.0.0, Culture=neutral, PublicKeyToken=b03f5f7f11d50a3a" className="UndeadEarth.Test.Model.when_determining_users_max_potential_attack_power, UndeadEarth.Test, Version=1.0.0.0, Culture=neutral, PublicKeyToken=null" name="should_return_0_for_attack_power_if_user_does_not_exist" />
    </UnitTest>
    <UnitTest name="should_return_0_for_base_energy" storage="c:\users\juwilliams\desktop\personal\undead-planet\undeadearth.test\bin\debug\undeadearth.test.dll" id="f6ae9d1e-5852-50cb-8378-e1ac4634a91b">
      <Execution id="85273679-0a61-4262-9183-6b0224148b36" />
      <TestMethod codeBase="c:/Users/juwilliams/Desktop/Personal/Undead-Planet/UndeadEarth.Test/bin/Debug/UndeadEarth.Test.DLL" adapterTypeName="Microsoft.VisualStudio.TestTools.TestTypes.Unit.UnitTestAdapter, Microsoft.VisualStudio.QualityTools.Tips.UnitTest.Adapter, Version=10.0.0.0, Culture=neutral, PublicKeyToken=b03f5f7f11d50a3a" className="UndeadEarth.Test.Dal.when_retrieving_user_energy, UndeadEarth.Test, Version=1.0.0.0, Culture=neutral, PublicKeyToken=null" name="should_return_0_for_base_energy" />
    </UnitTest>
    <UnitTest name="should_set_latitude_longitude_position_for_hotzone" storage="c:\users\juwilliams\desktop\personal\undead-planet\undeadearth.test\bin\debug\undeadearth.test.dll" id="af74033c-8ac7-9c6c-bed1-b5a7d2c06950">
      <Execution id="dcae33de-43ed-4ed9-8bcc-804f81a07ebe" />
      <TestMethod codeBase="c:/Users/juwilliams/Desktop/Personal/Undead-Planet/UndeadEarth.Test/bin/Debug/UndeadEarth.Test.DLL" adapterTypeName="Microsoft.VisualStudio.TestTools.TestTypes.Unit.UnitTestAdapter, Microsoft.VisualStudio.QualityTools.Tips.UnitTest.Adapter, Version=10.0.0.0, Culture=neutral, PublicKeyToken=b03f5f7f11d50a3a" className="UndeadEarth.Test.Model.when_creating_user, UndeadEarth.Test, Version=1.0.0.0, Culture=neutral, PublicKeyToken=null" name="should_set_latitude_longitude_position_for_hotzone" />
    </UnitTest>
    <UnitTest name="should_insert_counts" storage="c:\users\juwilliams\desktop\personal\undead-planet\undeadearth.test\bin\debug\undeadearth.test.dll" id="7ad2e801-5f6e-048b-7bcf-d285bb6f6be7">
      <Execution id="db02b08b-df1c-4d7d-b27c-1e35efdae8d8" />
      <TestMethod codeBase="c:/Users/juwilliams/Desktop/Personal/Undead-Planet/UndeadEarth.Test/bin/Debug/UndeadEarth.Test.DLL" adapterTypeName="Microsoft.VisualStudio.TestTools.TestTypes.Unit.UnitTestAdapter, Microsoft.VisualStudio.QualityTools.Tips.UnitTest.Adapter, Version=10.0.0.0, Culture=neutral, PublicKeyToken=b03f5f7f11d50a3a" className="UndeadEarth.Test.Dal.when_saving_user_counts, UndeadEarth.Test, Version=1.0.0.0, Culture=neutral, PublicKeyToken=null" name="should_insert_counts" />
    </UnitTest>
    <UnitTest name="should_throw_error_if_trying_to_update_base_line_energy_and_user_does_not_exist" storage="c:\users\juwilliams\desktop\personal\undead-planet\undeadearth.test\bin\debug\undeadearth.test.dll" id="162e548e-a661-0b73-7a6e-7c4d1ab7a750">
      <Execution id="d610d149-4803-4bf6-b377-b46d9734530d" />
      <TestMethod codeBase="c:/Users/juwilliams/Desktop/Personal/Undead-Planet/UndeadEarth.Test/bin/Debug/UndeadEarth.Test.DLL" adapterTypeName="Microsoft.VisualStudio.TestTools.TestTypes.Unit.UnitTestAdapter, Microsoft.VisualStudio.QualityTools.Tips.UnitTest.Adapter, Version=10.0.0.0, Culture=neutral, PublicKeyToken=b03f5f7f11d50a3a" className="UndeadEarth.Test.Dal.when_saving_user, UndeadEarth.Test, Version=1.0.0.0, Culture=neutral, PublicKeyToken=null" name="should_throw_error_if_trying_to_update_base_line_energy_and_user_does_not_exist" />
    </UnitTest>
    <UnitTest name="should_return_achievement_for_traveling_10000_miles" storage="c:\users\juwilliams\desktop\personal\undead-planet\undeadearth.test\bin\debug\undeadearth.test.dll" id="3871d8b4-607c-f461-9b36-17221688eb47">
      <Execution id="e9b7f838-437e-4d07-b126-e6ba16ee2d26" />
      <TestMethod codeBase="c:/Users/juwilliams/Desktop/Personal/Undead-Planet/UndeadEarth.Test/bin/Debug/UndeadEarth.Test.DLL" adapterTypeName="Microsoft.VisualStudio.TestTools.TestTypes.Unit.UnitTestAdapter, Microsoft.VisualStudio.QualityTools.Tips.UnitTest.Adapter, Version=10.0.0.0, Culture=neutral, PublicKeyToken=b03f5f7f11d50a3a" className="UndeadEarth.Test.Model.when_retrieving_achievements, UndeadEarth.Test, Version=1.0.0.0, Culture=neutral, PublicKeyToken=null" name="should_return_achievement_for_traveling_10000_miles" />
    </UnitTest>
    <UnitTest name="should_return_user_by_facebook_user_id" storage="c:\users\juwilliams\desktop\personal\undead-planet\undeadearth.test\bin\debug\undeadearth.test.dll" id="c5a39b6e-0b51-8275-3d9b-29919f35b9b0">
      <Execution id="bf2a98a1-e5fc-4e99-836e-dea11306d03d" />
      <TestMethod codeBase="c:/Users/juwilliams/Desktop/Personal/Undead-Planet/UndeadEarth.Test/bin/Debug/UndeadEarth.Test.DLL" adapterTypeName="Microsoft.VisualStudio.TestTools.TestTypes.Unit.UnitTestAdapter, Microsoft.VisualStudio.QualityTools.Tips.UnitTest.Adapter, Version=10.0.0.0, Culture=neutral, PublicKeyToken=b03f5f7f11d50a3a" className="UndeadEarth.Test.Dal.when_retrieving_user, UndeadEarth.Test, Version=1.0.0.0, Culture=neutral, PublicKeyToken=null" name="should_return_user_by_facebook_user_id" />
    </UnitTest>
    <UnitTest name="should_return_true_if_safe_house_has_item" storage="c:\users\juwilliams\desktop\personal\undead-planet\undeadearth.test\bin\debug\undeadearth.test.dll" id="6d97d05d-3cb4-4245-56ca-8b9bbc35a993">
      <Execution id="e9ec461b-c854-47f2-ac4a-617ad8dd239f" />
      <TestMethod codeBase="c:/Users/juwilliams/Desktop/Personal/Undead-Planet/UndeadEarth.Test/bin/Debug/UndeadEarth.Test.DLL" adapterTypeName="Microsoft.VisualStudio.TestTools.TestTypes.Unit.UnitTestAdapter, Microsoft.VisualStudio.QualityTools.Tips.UnitTest.Adapter, Version=10.0.0.0, Culture=neutral, PublicKeyToken=b03f5f7f11d50a3a" className="UndeadEarth.Test.Dal.when_retrieving_safe_houses, UndeadEarth.Test, Version=1.0.0.0, Culture=neutral, PublicKeyToken=null" name="should_return_true_if_safe_house_has_item" />
    </UnitTest>
    <UnitTest name="should_return_achievement_for_peak_zombies_10" storage="c:\users\juwilliams\desktop\personal\undead-planet\undeadearth.test\bin\debug\undeadearth.test.dll" id="c0f6a7ca-70c4-38dc-b622-ea187fd81d6d">
      <Execution id="5454cffe-eb01-459d-8458-5277ae83935c" />
      <TestMethod codeBase="c:/Users/juwilliams/Desktop/Personal/Undead-Planet/UndeadEarth.Test/bin/Debug/UndeadEarth.Test.DLL" adapterTypeName="Microsoft.VisualStudio.TestTools.TestTypes.Unit.UnitTestAdapter, Microsoft.VisualStudio.QualityTools.Tips.UnitTest.Adapter, Version=10.0.0.0, Culture=neutral, PublicKeyToken=b03f5f7f11d50a3a" className="UndeadEarth.Test.Model.when_retrieving_achievements, UndeadEarth.Test, Version=1.0.0.0, Culture=neutral, PublicKeyToken=null" name="should_return_achievement_for_peak_zombies_10" />
    </UnitTest>
    <UnitTest name="should_increment_zombies_killed_for_user" storage="c:\users\juwilliams\desktop\personal\undead-planet\undeadearth.test\bin\debug\undeadearth.test.dll" id="f3fa3c96-f413-1277-0bee-c65969207b6c">
      <Execution id="561a48af-71fe-47a5-b07f-3a3dd36e6315" />
      <TestMethod codeBase="c:/Users/juwilliams/Desktop/Personal/Undead-Planet/UndeadEarth.Test/bin/Debug/UndeadEarth.Test.DLL" adapterTypeName="Microsoft.VisualStudio.TestTools.TestTypes.Unit.UnitTestAdapter, Microsoft.VisualStudio.QualityTools.Tips.UnitTest.Adapter, Version=10.0.0.0, Culture=neutral, PublicKeyToken=b03f5f7f11d50a3a" className="UndeadEarth.Test.Dal.when_saving_user_counts, UndeadEarth.Test, Version=1.0.0.0, Culture=neutral, PublicKeyToken=null" name="should_increment_zombies_killed_for_user" />
    </UnitTest>
    <UnitTest name="should_return_a_hunt_count_of_16_to_20_if_resolved_as_an_medium_hotzone" storage="c:\users\juwilliams\desktop\personal\undead-planet\undeadearth.test\bin\debug\undeadearth.test.dll" id="08b982f7-3805-00b2-b01e-402a8abcd2ab">
      <Execution id="bd90f1c8-ec9c-4f6a-af9f-c631f29f49ac" />
      <TestMethod codeBase="c:/Users/juwilliams/Desktop/Personal/Undead-Planet/UndeadEarth.Test/bin/Debug/UndeadEarth.Test.DLL" adapterTypeName="Microsoft.VisualStudio.TestTools.TestTypes.Unit.UnitTestAdapter, Microsoft.VisualStudio.QualityTools.Tips.UnitTest.Adapter, Version=10.0.0.0, Culture=neutral, PublicKeyToken=b03f5f7f11d50a3a" className="UndeadEarth.Test.Model.when_determining_zombie_pack_progress, UndeadEarth.Test, Version=1.0.0.0, Culture=neutral, PublicKeyToken=null" name="should_return_a_hunt_count_of_16_to_20_if_resolved_as_an_medium_hotzone" />
    </UnitTest>
    <UnitTest name="should_return_correct_base_attack_power_for_given_level" storage="c:\users\juwilliams\desktop\personal\undead-planet\undeadearth.test\bin\debug\undeadearth.test.dll" id="f9b81dce-55e1-263a-0b23-09249cae8cd4">
      <Execution id="0ad7ba79-32d3-4b1f-a560-38be29bb708e" />
      <TestMethod codeBase="c:/Users/juwilliams/Desktop/Personal/Undead-Planet/UndeadEarth.Test/bin/Debug/UndeadEarth.Test.DLL" adapterTypeName="Microsoft.VisualStudio.TestTools.TestTypes.Unit.UnitTestAdapter, Microsoft.VisualStudio.QualityTools.Tips.UnitTest.Adapter, Version=10.0.0.0, Culture=neutral, PublicKeyToken=b03f5f7f11d50a3a" className="UndeadEarth.Test.Model.when_servicing_user_level_and_attributes, UndeadEarth.Test, Version=1.0.0.0, Culture=neutral, PublicKeyToken=null" name="should_return_correct_base_attack_power_for_given_level" />
    </UnitTest>
    <UnitTest name="should_return_achievement_for_traveling_100000_miles" storage="c:\users\juwilliams\desktop\personal\undead-planet\undeadearth.test\bin\debug\undeadearth.test.dll" id="847097ef-3573-f329-f9db-f7704607c613">
      <Execution id="475d8a9b-810a-40c9-84d7-0fdc83b9406b" />
      <TestMethod codeBase="c:/Users/juwilliams/Desktop/Personal/Undead-Planet/UndeadEarth.Test/bin/Debug/UndeadEarth.Test.DLL" adapterTypeName="Microsoft.VisualStudio.TestTools.TestTypes.Unit.UnitTestAdapter, Microsoft.VisualStudio.QualityTools.Tips.UnitTest.Adapter, Version=10.0.0.0, Culture=neutral, PublicKeyToken=b03f5f7f11d50a3a" className="UndeadEarth.Test.Model.when_retrieving_achievements, UndeadEarth.Test, Version=1.0.0.0, Culture=neutral, PublicKeyToken=null" name="should_return_achievement_for_traveling_100000_miles" />
    </UnitTest>
    <UnitTest name="should_return_0_if_user_does_not_exist" storage="c:\users\juwilliams\desktop\personal\undead-planet\undeadearth.test\bin\debug\undeadearth.test.dll" id="65a45aea-1388-af89-1298-2c122710d67c">
      <Execution id="ca612ac5-0bb4-4fb6-86fb-e2add77aec3c" />
      <TestMethod codeBase="c:/Users/juwilliams/Desktop/Personal/Undead-Planet/UndeadEarth.Test/bin/Debug/UndeadEarth.Test.DLL" adapterTypeName="Microsoft.VisualStudio.TestTools.TestTypes.Unit.UnitTestAdapter, Microsoft.VisualStudio.QualityTools.Tips.UnitTest.Adapter, Version=10.0.0.0, Culture=neutral, PublicKeyToken=b03f5f7f11d50a3a" className="UndeadEarth.Test.Model.when_determining_users_max_energy, UndeadEarth.Test, Version=1.0.0.0, Culture=neutral, PublicKeyToken=null" name="should_return_0_if_user_does_not_exist" />
    </UnitTest>
    <UnitTest name="should_disregard_creation_if_location_specified_is_not_a_starting_hot_zone" storage="c:\users\juwilliams\desktop\personal\undead-planet\undeadearth.test\bin\debug\undeadearth.test.dll" id="58cdb593-e628-53cb-1ff9-a712c7cfa07d">
      <Execution id="da14b010-e79f-499f-a35c-694f1917cf1a" />
      <TestMethod codeBase="c:/Users/juwilliams/Desktop/Personal/Undead-Planet/UndeadEarth.Test/bin/Debug/UndeadEarth.Test.DLL" adapterTypeName="Microsoft.VisualStudio.TestTools.TestTypes.Unit.UnitTestAdapter, Microsoft.VisualStudio.QualityTools.Tips.UnitTest.Adapter, Version=10.0.0.0, Culture=neutral, PublicKeyToken=b03f5f7f11d50a3a" className="UndeadEarth.Test.Model.when_creating_user, UndeadEarth.Test, Version=1.0.0.0, Culture=neutral, PublicKeyToken=null" name="should_disregard_creation_if_location_specified_is_not_a_starting_hot_zone" />
    </UnitTest>
    <UnitTest name="should_return_achievement_for_traveling_100_miles" storage="c:\users\juwilliams\desktop\personal\undead-planet\undeadearth.test\bin\debug\undeadearth.test.dll" id="7b6f7aba-399c-6729-f243-4ff68995d88e">
      <Execution id="8096ba49-5c54-48c7-ba12-fc7365bbb7a1" />
      <TestMethod codeBase="c:/Users/juwilliams/Desktop/Personal/Undead-Planet/UndeadEarth.Test/bin/Debug/UndeadEarth.Test.DLL" adapterTypeName="Microsoft.VisualStudio.TestTools.TestTypes.Unit.UnitTestAdapter, Microsoft.VisualStudio.QualityTools.Tips.UnitTest.Adapter, Version=10.0.0.0, Culture=neutral, PublicKeyToken=b03f5f7f11d50a3a" className="UndeadEarth.Test.Model.when_retrieving_achievements, UndeadEarth.Test, Version=1.0.0.0, Culture=neutral, PublicKeyToken=null" name="should_return_achievement_for_traveling_100_miles" />
    </UnitTest>
    <UnitTest name="given_user_has_money_and_items_in_safe_house_and_can_buy_items_should_return_best_combination" storage="c:\users\juwilliams\desktop\personal\undead-planet\undeadearth.test\bin\debug\undeadearth.test.dll" id="cfb75f84-eedb-9c69-8ad1-7d1a16a63ca8">
      <Execution id="eaa91569-6a9f-455a-8da4-ddc4c0e6fb76" />
      <TestMethod codeBase="c:/Users/juwilliams/Desktop/Personal/Undead-Planet/UndeadEarth.Test/bin/Debug/UndeadEarth.Test.DLL" adapterTypeName="Microsoft.VisualStudio.TestTools.TestTypes.Unit.UnitTestAdapter, Microsoft.VisualStudio.QualityTools.Tips.UnitTest.Adapter, Version=10.0.0.0, Culture=neutral, PublicKeyToken=b03f5f7f11d50a3a" className="UndeadEarth.Test.Model.when_determining_users_max_potential_attack_power, UndeadEarth.Test, Version=1.0.0.0, Culture=neutral, PublicKeyToken=null" name="given_user_has_money_and_items_in_safe_house_and_can_buy_items_should_return_best_combination" />
    </UnitTest>
    <UnitTest name="should_return_hotzone_id_containing_zombie_pack" storage="c:\users\juwilliams\desktop\personal\undead-planet\undeadearth.test\bin\debug\undeadearth.test.dll" id="e26f0cbc-ec75-e273-f755-4a50e6a1f30a">
      <Execution id="51513589-f4b7-4a36-b12d-099c2dc878d7" />
      <TestMethod codeBase="c:/Users/juwilliams/Desktop/Personal/Undead-Planet/UndeadEarth.Test/bin/Debug/UndeadEarth.Test.DLL" adapterTypeName="Microsoft.VisualStudio.TestTools.TestTypes.Unit.UnitTestAdapter, Microsoft.VisualStudio.QualityTools.Tips.UnitTest.Adapter, Version=10.0.0.0, Culture=neutral, PublicKeyToken=b03f5f7f11d50a3a" className="UndeadEarth.Test.Dal.when_retrieving_zombie_packs, UndeadEarth.Test, Version=1.0.0.0, Culture=neutral, PublicKeyToken=null" name="should_return_hotzone_id_containing_zombie_pack" />
    </UnitTest>
    <UnitTest name="should_return_zero_if_distance_is_null" storage="c:\users\juwilliams\desktop\personal\undead-planet\undeadearth.test\bin\debug\undeadearth.test.dll" id="cb80e7a8-021c-5d6c-c831-c1f7e461a27c">
      <Execution id="901c2475-9243-4667-aa33-ae316378ed14" />
      <TestMethod codeBase="c:/Users/juwilliams/Desktop/Personal/Undead-Planet/UndeadEarth.Test/bin/Debug/UndeadEarth.Test.DLL" adapterTypeName="Microsoft.VisualStudio.TestTools.TestTypes.Unit.UnitTestAdapter, Microsoft.VisualStudio.QualityTools.Tips.UnitTest.Adapter, Version=10.0.0.0, Culture=neutral, PublicKeyToken=b03f5f7f11d50a3a" className="UndeadEarth.Test.Dal.when_retrieving_items, UndeadEarth.Test, Version=1.0.0.0, Culture=neutral, PublicKeyToken=null" name="should_return_zero_if_distance_is_null" />
    </UnitTest>
    <UnitTest name="should_return_true_if_store_exists" storage="c:\users\juwilliams\desktop\personal\undead-planet\undeadearth.test\bin\debug\undeadearth.test.dll" id="31907ecc-7480-4064-cd3b-514e2ff26de7">
      <Execution id="79991f9e-7b38-44e7-a30f-41f6c52189dd" />
      <TestMethod codeBase="c:/Users/juwilliams/Desktop/Personal/Undead-Planet/UndeadEarth.Test/bin/Debug/UndeadEarth.Test.DLL" adapterTypeName="Microsoft.VisualStudio.TestTools.TestTypes.Unit.UnitTestAdapter, Microsoft.VisualStudio.QualityTools.Tips.UnitTest.Adapter, Version=10.0.0.0, Culture=neutral, PublicKeyToken=b03f5f7f11d50a3a" className="UndeadEarth.Test.Dal.when_retrieving_stores, UndeadEarth.Test, Version=1.0.0.0, Culture=neutral, PublicKeyToken=null" name="should_return_true_if_store_exists" />
    </UnitTest>
    <UnitTest name="should_return_0_for_energy_if_user_does_not_exist" storage="c:\users\juwilliams\desktop\personal\undead-planet\undeadearth.test\bin\debug\undeadearth.test.dll" id="b32170cc-6301-2795-2015-78cba1f92dc0">
      <Execution id="ef23bc70-7074-44c8-831c-0aa9f2af1b73" />
      <TestMethod codeBase="c:/Users/juwilliams/Desktop/Personal/Undead-Planet/UndeadEarth.Test/bin/Debug/UndeadEarth.Test.DLL" adapterTypeName="Microsoft.VisualStudio.TestTools.TestTypes.Unit.UnitTestAdapter, Microsoft.VisualStudio.QualityTools.Tips.UnitTest.Adapter, Version=10.0.0.0, Culture=neutral, PublicKeyToken=b03f5f7f11d50a3a" className="UndeadEarth.Test.Model.when_determining_users_max_potential_energy, UndeadEarth.Test, Version=1.0.0.0, Culture=neutral, PublicKeyToken=null" name="should_return_0_for_energy_if_user_does_not_exist" />
    </UnitTest>
    <UnitTest name="should_return_zombie_packs_destroyed" storage="c:\users\juwilliams\desktop\personal\undead-planet\undeadearth.test\bin\debug\undeadearth.test.dll" id="95004e80-f255-f931-0117-595d4516dea1">
      <Execution id="a29bf3b7-d09e-40a1-b352-748742c6dcf6" />
      <TestMethod codeBase="c:/Users/juwilliams/Desktop/Personal/Undead-Planet/UndeadEarth.Test/bin/Debug/UndeadEarth.Test.DLL" adapterTypeName="Microsoft.VisualStudio.TestTools.TestTypes.Unit.UnitTestAdapter, Microsoft.VisualStudio.QualityTools.Tips.UnitTest.Adapter, Version=10.0.0.0, Culture=neutral, PublicKeyToken=b03f5f7f11d50a3a" className="UndeadEarth.Test.Dal.when_retrieving_user_counts, UndeadEarth.Test, Version=1.0.0.0, Culture=neutral, PublicKeyToken=null" name="should_return_zombie_packs_destroyed" />
    </UnitTest>
    <UnitTest name="should_disregard_one_use_items_that_can_be_bought" storage="c:\users\juwilliams\desktop\personal\undead-planet\undeadearth.test\bin\debug\undeadearth.test.dll" id="e9706036-01bc-4fd1-60c9-f67ac8f10adb">
      <Execution id="78de4912-ff01-439b-93f4-6e0b441e65bb" />
      <TestMethod codeBase="c:/Users/juwilliams/Desktop/Personal/Undead-Planet/UndeadEarth.Test/bin/Debug/UndeadEarth.Test.DLL" adapterTypeName="Microsoft.VisualStudio.TestTools.TestTypes.Unit.UnitTestAdapter, Microsoft.VisualStudio.QualityTools.Tips.UnitTest.Adapter, Version=10.0.0.0, Culture=neutral, PublicKeyToken=b03f5f7f11d50a3a" className="UndeadEarth.Test.Model.when_determining_users_max_potential_attack_power, UndeadEarth.Test, Version=1.0.0.0, Culture=neutral, PublicKeyToken=null" name="should_disregard_one_use_items_that_can_be_bought" />
    </UnitTest>
    <UnitTest name="should_throw_error_if_trying_update_user_level_and_user_does_not_exist" storage="c:\users\juwilliams\desktop\personal\undead-planet\undeadearth.test\bin\debug\undeadearth.test.dll" id="9a78eead-dd54-3b88-317e-c7ec25cf0f93">
      <Execution id="30e37eae-a171-4ad9-98af-049f44eb70ec" />
      <TestMethod codeBase="c:/Users/juwilliams/Desktop/Personal/Undead-Planet/UndeadEarth.Test/bin/Debug/UndeadEarth.Test.DLL" adapterTypeName="Microsoft.VisualStudio.TestTools.TestTypes.Unit.UnitTestAdapter, Microsoft.VisualStudio.QualityTools.Tips.UnitTest.Adapter, Version=10.0.0.0, Culture=neutral, PublicKeyToken=b03f5f7f11d50a3a" className="UndeadEarth.Test.Dal.when_saving_user, UndeadEarth.Test, Version=1.0.0.0, Culture=neutral, PublicKeyToken=null" name="should_throw_error_if_trying_update_user_level_and_user_does_not_exist" />
    </UnitTest>
    <UnitTest name="should_return_achievement_for_collecting_10_dollars" storage="c:\users\juwilliams\desktop\personal\undead-planet\undeadearth.test\bin\debug\undeadearth.test.dll" id="66169587-8c61-bb11-f455-fab6b8497218">
      <Execution id="17f33ea3-1cb6-4e44-b5e3-9ed304c03d66" />
      <TestMethod codeBase="c:/Users/juwilliams/Desktop/Personal/Undead-Planet/UndeadEarth.Test/bin/Debug/UndeadEarth.Test.DLL" adapterTypeName="Microsoft.VisualStudio.TestTools.TestTypes.Unit.UnitTestAdapter, Microsoft.VisualStudio.QualityTools.Tips.UnitTest.Adapter, Version=10.0.0.0, Culture=neutral, PublicKeyToken=b03f5f7f11d50a3a" className="UndeadEarth.Test.Model.when_retrieving_achievements, UndeadEarth.Test, Version=1.0.0.0, Culture=neutral, PublicKeyToken=null" name="should_return_achievement_for_collecting_10_dollars" />
    </UnitTest>
    <UnitTest name="should_save_user_max_energy" storage="c:\users\juwilliams\desktop\personal\undead-planet\undeadearth.test\bin\debug\undeadearth.test.dll" id="aaf613d0-debf-b348-f6a8-625b151b543d">
      <Execution id="c2049397-398b-4b28-b90d-794c687efb31" />
      <TestMethod codeBase="c:/Users/juwilliams/Desktop/Personal/Undead-Planet/UndeadEarth.Test/bin/Debug/UndeadEarth.Test.DLL" adapterTypeName="Microsoft.VisualStudio.TestTools.TestTypes.Unit.UnitTestAdapter, Microsoft.VisualStudio.QualityTools.Tips.UnitTest.Adapter, Version=10.0.0.0, Culture=neutral, PublicKeyToken=b03f5f7f11d50a3a" className="UndeadEarth.Test.Dal.when_saving_user_sight_radius, UndeadEarth.Test, Version=1.0.0.0, Culture=neutral, PublicKeyToken=null" name="should_save_user_max_energy" />
    </UnitTest>
    <UnitTest name="should_return_false_if_store_does_not_exist" storage="c:\users\juwilliams\desktop\personal\undead-planet\undeadearth.test\bin\debug\undeadearth.test.dll" id="a5d1a057-084a-abb3-2d76-06c401ccb8d8">
      <Execution id="881adeb9-5bb3-4ca2-9b2c-9c3028de9cc6" />
      <TestMethod codeBase="c:/Users/juwilliams/Desktop/Personal/Undead-Planet/UndeadEarth.Test/bin/Debug/UndeadEarth.Test.DLL" adapterTypeName="Microsoft.VisualStudio.TestTools.TestTypes.Unit.UnitTestAdapter, Microsoft.VisualStudio.QualityTools.Tips.UnitTest.Adapter, Version=10.0.0.0, Culture=neutral, PublicKeyToken=b03f5f7f11d50a3a" className="UndeadEarth.Test.Dal.when_retrieving_stores, UndeadEarth.Test, Version=1.0.0.0, Culture=neutral, PublicKeyToken=null" name="should_return_false_if_store_does_not_exist" />
    </UnitTest>
    <UnitTest name="should_return_null_if_single_hotzone_doesnt_exist" storage="c:\users\juwilliams\desktop\personal\undead-planet\undeadearth.test\bin\debug\undeadearth.test.dll" id="9f145708-6c3c-b063-e40e-7d892e8c9ec8">
      <Execution id="e9a6571c-928b-4d68-a297-d994d4ade7bc" />
      <TestMethod codeBase="c:/Users/juwilliams/Desktop/Personal/Undead-Planet/UndeadEarth.Test/bin/Debug/UndeadEarth.Test.DLL" adapterTypeName="Microsoft.VisualStudio.TestTools.TestTypes.Unit.UnitTestAdapter, Microsoft.VisualStudio.QualityTools.Tips.UnitTest.Adapter, Version=10.0.0.0, Culture=neutral, PublicKeyToken=b03f5f7f11d50a3a" className="UndeadEarth.Test.Dal.when_retrieving_hot_zones, UndeadEarth.Test, Version=1.0.0.0, Culture=neutral, PublicKeyToken=null" name="should_return_null_if_single_hotzone_doesnt_exist" />
    </UnitTest>
    <UnitTest name="should_return_users_base_sight_radius_if_user_does_not_have_any_items" storage="c:\users\juwilliams\desktop\personal\undead-planet\undeadearth.test\bin\debug\undeadearth.test.dll" id="d39a97f0-a02b-13f3-00ff-3ebdf64857ec">
      <Execution id="63ca8f75-e30f-4cd4-8f2f-354188896cf4" />
      <TestMethod codeBase="c:/Users/juwilliams/Desktop/Personal/Undead-Planet/UndeadEarth.Test/bin/Debug/UndeadEarth.Test.DLL" adapterTypeName="Microsoft.VisualStudio.TestTools.TestTypes.Unit.UnitTestAdapter, Microsoft.VisualStudio.QualityTools.Tips.UnitTest.Adapter, Version=10.0.0.0, Culture=neutral, PublicKeyToken=b03f5f7f11d50a3a" className="UndeadEarth.Test.Model.when_determining_users_min_sight_radius, UndeadEarth.Test, Version=1.0.0.0, Culture=neutral, PublicKeyToken=null" name="should_return_users_base_sight_radius_if_user_does_not_have_any_items" />
    </UnitTest>
    <UnitTest name="should_return_one_for_attack_power_if_user_exists_but_does_not_have_any_inventory" storage="c:\users\juwilliams\desktop\personal\undead-planet\undeadearth.test\bin\debug\undeadearth.test.dll" id="db113e6e-fe96-562f-4c9e-fac3dbaaeedc">
      <Execution id="97194ecd-97f5-4465-b779-74c337e5766a" />
      <TestMethod codeBase="c:/Users/juwilliams/Desktop/Personal/Undead-Planet/UndeadEarth.Test/bin/Debug/UndeadEarth.Test.DLL" adapterTypeName="Microsoft.VisualStudio.TestTools.TestTypes.Unit.UnitTestAdapter, Microsoft.VisualStudio.QualityTools.Tips.UnitTest.Adapter, Version=10.0.0.0, Culture=neutral, PublicKeyToken=b03f5f7f11d50a3a" className="UndeadEarth.Test.Model.when_retrieving_user_attack_power, UndeadEarth.Test, Version=1.0.0.0, Culture=neutral, PublicKeyToken=null" name="should_return_one_for_attack_power_if_user_exists_but_does_not_have_any_inventory" />
    </UnitTest>
    <UnitTest name="should_return_a_hunt_count_of_1_to_4_if_resolved_as_an_easy_hotzone" storage="c:\users\juwilliams\desktop\personal\undead-planet\undeadearth.test\bin\debug\undeadearth.test.dll" id="2e0e27a3-78b1-d62c-8532-284b3a845cc6">
      <Execution id="03b788f9-dd10-483b-a210-63553f5fe1f9" />
      <TestMethod codeBase="c:/Users/juwilliams/Desktop/Personal/Undead-Planet/UndeadEarth.Test/bin/Debug/UndeadEarth.Test.DLL" adapterTypeName="Microsoft.VisualStudio.TestTools.TestTypes.Unit.UnitTestAdapter, Microsoft.VisualStudio.QualityTools.Tips.UnitTest.Adapter, Version=10.0.0.0, Culture=neutral, PublicKeyToken=b03f5f7f11d50a3a" className="UndeadEarth.Test.Model.when_determining_zombie_pack_progress, UndeadEarth.Test, Version=1.0.0.0, Culture=neutral, PublicKeyToken=null" name="should_return_a_hunt_count_of_1_to_4_if_resolved_as_an_easy_hotzone" />
    </UnitTest>
    <UnitTest name="should_disregard_if_user_does_not_have_item" storage="c:\users\juwilliams\desktop\personal\undead-planet\undeadearth.test\bin\debug\undeadearth.test.dll" id="ce354fe1-08e2-7958-e209-2621b563d1da">
      <Execution id="467d61de-ea9e-423e-bddb-dfeac586b309" />
      <TestMethod codeBase="c:/Users/juwilliams/Desktop/Personal/Undead-Planet/UndeadEarth.Test/bin/Debug/UndeadEarth.Test.DLL" adapterTypeName="Microsoft.VisualStudio.TestTools.TestTypes.Unit.UnitTestAdapter, Microsoft.VisualStudio.QualityTools.Tips.UnitTest.Adapter, Version=10.0.0.0, Culture=neutral, PublicKeyToken=b03f5f7f11d50a3a" className="UndeadEarth.Test.Model.when_transferring_items_from_user_to_safe_house, UndeadEarth.Test, Version=1.0.0.0, Culture=neutral, PublicKeyToken=null" name="should_disregard_if_user_does_not_have_item" />
    </UnitTest>
    <UnitTest name="should_save_user_last_energy" storage="c:\users\juwilliams\desktop\personal\undead-planet\undeadearth.test\bin\debug\undeadearth.test.dll" id="b9daaf02-a2df-fc67-bf09-91db90f1040d">
      <Execution id="10b75f73-0dd6-4117-8aa0-a533270768d6" />
      <TestMethod codeBase="c:/Users/juwilliams/Desktop/Personal/Undead-Planet/UndeadEarth.Test/bin/Debug/UndeadEarth.Test.DLL" adapterTypeName="Microsoft.VisualStudio.TestTools.TestTypes.Unit.UnitTestAdapter, Microsoft.VisualStudio.QualityTools.Tips.UnitTest.Adapter, Version=10.0.0.0, Culture=neutral, PublicKeyToken=b03f5f7f11d50a3a" className="UndeadEarth.Test.Dal.Utility.when_saving_user_energy, UndeadEarth.Test, Version=1.0.0.0, Culture=neutral, PublicKeyToken=null" name="should_save_user_last_energy" />
    </UnitTest>
    <UnitTest name="should_disregard_facebook_user_ids_that_dont_exist" storage="c:\users\juwilliams\desktop\personal\undead-planet\undeadearth.test\bin\debug\undeadearth.test.dll" id="2c585954-d302-a7c2-bf0a-de2131be21ec">
      <Execution id="c120b97a-c721-42f7-b745-c4aef1b5e00e" />
      <TestMethod codeBase="c:/Users/juwilliams/Desktop/Personal/Undead-Planet/UndeadEarth.Test/bin/Debug/UndeadEarth.Test.DLL" adapterTypeName="Microsoft.VisualStudio.TestTools.TestTypes.Unit.UnitTestAdapter, Microsoft.VisualStudio.QualityTools.Tips.UnitTest.Adapter, Version=10.0.0.0, Culture=neutral, PublicKeyToken=b03f5f7f11d50a3a" className="UndeadEarth.Test.Dal.when_retrieving_user_rank, UndeadEarth.Test, Version=1.0.0.0, Culture=neutral, PublicKeyToken=null" name="should_disregard_facebook_user_ids_that_dont_exist" />
    </UnitTest>
    <UnitTest name="should_calculate_eastern_point" storage="c:\users\juwilliams\desktop\personal\undead-planet\undeadearth.test\bin\debug\undeadearth.test.dll" id="e2e442ef-e02c-6299-5fbd-dd49fb1d3672">
      <Execution id="cb5c0022-b316-41d5-b58a-d32dc597a6dd" />
      <TestMethod codeBase="c:/Users/juwilliams/Desktop/Personal/Undead-Planet/UndeadEarth.Test/bin/Debug/UndeadEarth.Test.DLL" adapterTypeName="Microsoft.VisualStudio.TestTools.TestTypes.Unit.UnitTestAdapter, Microsoft.VisualStudio.QualityTools.Tips.UnitTest.Adapter, Version=10.0.0.0, Culture=neutral, PublicKeyToken=b03f5f7f11d50a3a" className="UndeadEarth.Test.Model.when_calculating_distance, UndeadEarth.Test, Version=1.0.0.0, Culture=neutral, PublicKeyToken=null" name="should_calculate_eastern_point" />
    </UnitTest>
    <UnitTest name="should_throw_error_if_trying_to_update_user_inventory_amount_and_user_does_not_exist" storage="c:\users\juwilliams\desktop\personal\undead-planet\undeadearth.test\bin\debug\undeadearth.test.dll" id="38152b9e-3e48-dd5e-0e37-b7a27de7e225">
      <Execution id="2dd17734-d6e3-4403-9ef0-a16b6915d0e2" />
      <TestMethod codeBase="c:/Users/juwilliams/Desktop/Personal/Undead-Planet/UndeadEarth.Test/bin/Debug/UndeadEarth.Test.DLL" adapterTypeName="Microsoft.VisualStudio.TestTools.TestTypes.Unit.UnitTestAdapter, Microsoft.VisualStudio.QualityTools.Tips.UnitTest.Adapter, Version=10.0.0.0, Culture=neutral, PublicKeyToken=b03f5f7f11d50a3a" className="UndeadEarth.Test.Dal.when_saving_user, UndeadEarth.Test, Version=1.0.0.0, Culture=neutral, PublicKeyToken=null" name="should_throw_error_if_trying_to_update_user_inventory_amount_and_user_does_not_exist" />
    </UnitTest>
    <UnitTest name="should_return_an_empty_progress_if_user_does_not_exist" storage="c:\users\juwilliams\desktop\personal\undead-planet\undeadearth.test\bin\debug\undeadearth.test.dll" id="578c1082-4447-f4a0-bed7-4e23d16f558c">
      <Execution id="8bf10d25-2175-433f-bbfa-bda8ec167180" />
      <TestMethod codeBase="c:/Users/juwilliams/Desktop/Personal/Undead-Planet/UndeadEarth.Test/bin/Debug/UndeadEarth.Test.DLL" adapterTypeName="Microsoft.VisualStudio.TestTools.TestTypes.Unit.UnitTestAdapter, Microsoft.VisualStudio.QualityTools.Tips.UnitTest.Adapter, Version=10.0.0.0, Culture=neutral, PublicKeyToken=b03f5f7f11d50a3a" className="UndeadEarth.Test.Model.when_determining_zombie_pack_progress, UndeadEarth.Test, Version=1.0.0.0, Culture=neutral, PublicKeyToken=null" name="should_return_an_empty_progress_if_user_does_not_exist" />
    </UnitTest>
    <UnitTest name="should_return_0_if_time_passed_into_calculate_sight_radius_is_less_than_the_last_saved_sight_radius_record" storage="c:\users\juwilliams\desktop\personal\undead-planet\undeadearth.test\bin\debug\undeadearth.test.dll" id="1426a62d-a078-b4b5-817b-9f560bfc1dfe">
      <Execution id="da380121-dfc2-43b5-a16e-4d6132a6bad9" />
      <TestMethod codeBase="c:/Users/juwilliams/Desktop/Personal/Undead-Planet/UndeadEarth.Test/bin/Debug/UndeadEarth.Test.DLL" adapterTypeName="Microsoft.VisualStudio.TestTools.TestTypes.Unit.UnitTestAdapter, Microsoft.VisualStudio.QualityTools.Tips.UnitTest.Adapter, Version=10.0.0.0, Culture=neutral, PublicKeyToken=b03f5f7f11d50a3a" className="UndeadEarth.Test.Model.when_determining_users_current_sight_radius, UndeadEarth.Test, Version=1.0.0.0, Culture=neutral, PublicKeyToken=null" name="should_return_0_if_time_passed_into_calculate_sight_radius_is_less_than_the_last_saved_sight_radius_record" />
    </UnitTest>
    <UnitTest name="should_update_users_inventory_amount" storage="c:\users\juwilliams\desktop\personal\undead-planet\undeadearth.test\bin\debug\undeadearth.test.dll" id="bdc5cf0e-b6b0-aab1-b4c9-cfdf4e4262c3">
      <Execution id="e5f1416f-f04e-466e-a704-69c344dcc02d" />
      <TestMethod codeBase="c:/Users/juwilliams/Desktop/Personal/Undead-Planet/UndeadEarth.Test/bin/Debug/UndeadEarth.Test.DLL" adapterTypeName="Microsoft.VisualStudio.TestTools.TestTypes.Unit.UnitTestAdapter, Microsoft.VisualStudio.QualityTools.Tips.UnitTest.Adapter, Version=10.0.0.0, Culture=neutral, PublicKeyToken=b03f5f7f11d50a3a" className="UndeadEarth.Test.Dal.when_saving_user, UndeadEarth.Test, Version=1.0.0.0, Culture=neutral, PublicKeyToken=null" name="should_update_users_inventory_amount" />
    </UnitTest>
    <UnitTest name="should_return_base_sight_radius_for_user" storage="c:\users\juwilliams\desktop\personal\undead-planet\undeadearth.test\bin\debug\undeadearth.test.dll" id="05ef1086-81f0-526c-3f9d-15b7821d9bae">
      <Execution id="ba185ae0-d4c7-41e6-bc30-df4e493f497d" />
      <TestMethod codeBase="c:/Users/juwilliams/Desktop/Personal/Undead-Planet/UndeadEarth.Test/bin/Debug/UndeadEarth.Test.DLL" adapterTypeName="Microsoft.VisualStudio.TestTools.TestTypes.Unit.UnitTestAdapter, Microsoft.VisualStudio.QualityTools.Tips.UnitTest.Adapter, Version=10.0.0.0, Culture=neutral, PublicKeyToken=b03f5f7f11d50a3a" className="UndeadEarth.Test.Dal.when_retrieving_user_sight_radius, UndeadEarth.Test, Version=1.0.0.0, Culture=neutral, PublicKeyToken=null" name="should_return_base_sight_radius_for_user" />
    </UnitTest>
    <UnitTest name="should_not_insert_empty_record_for_user_if_non_exists" storage="c:\users\juwilliams\desktop\personal\undead-planet\undeadearth.test\bin\debug\undeadearth.test.dll" id="a679c5ef-1cea-4e1b-1357-8b9bcd95b672">
      <Execution id="1d90f2ac-167e-469a-a467-091aace438bb" />
      <TestMethod codeBase="c:/Users/juwilliams/Desktop/Personal/Undead-Planet/UndeadEarth.Test/bin/Debug/UndeadEarth.Test.DLL" adapterTypeName="Microsoft.VisualStudio.TestTools.TestTypes.Unit.UnitTestAdapter, Microsoft.VisualStudio.QualityTools.Tips.UnitTest.Adapter, Version=10.0.0.0, Culture=neutral, PublicKeyToken=b03f5f7f11d50a3a" className="UndeadEarth.Test.Dal.when_retrieving_user_counts, UndeadEarth.Test, Version=1.0.0.0, Culture=neutral, PublicKeyToken=null" name="should_not_insert_empty_record_for_user_if_non_exists" />
    </UnitTest>
    <UnitTest name="should_return_false_if_hotzone_is_not_a_starting_hotzone" storage="c:\users\juwilliams\desktop\personal\undead-planet\undeadearth.test\bin\debug\undeadearth.test.dll" id="e08ed2a3-8471-3997-30af-ab81916e00cb">
      <Execution id="07635df2-28d9-402f-baa8-3e18b033b9bf" />
      <TestMethod codeBase="c:/Users/juwilliams/Desktop/Personal/Undead-Planet/UndeadEarth.Test/bin/Debug/UndeadEarth.Test.DLL" adapterTypeName="Microsoft.VisualStudio.TestTools.TestTypes.Unit.UnitTestAdapter, Microsoft.VisualStudio.QualityTools.Tips.UnitTest.Adapter, Version=10.0.0.0, Culture=neutral, PublicKeyToken=b03f5f7f11d50a3a" className="UndeadEarth.Test.Dal.when_retrieving_hot_zones, UndeadEarth.Test, Version=1.0.0.0, Culture=neutral, PublicKeyToken=null" name="should_return_false_if_hotzone_is_not_a_starting_hotzone" />
    </UnitTest>
    <UnitTest name="should_return_achievement_for_collecting_100_dollars" storage="c:\users\juwilliams\desktop\personal\undead-planet\undeadearth.test\bin\debug\undeadearth.test.dll" id="d9d60eb2-6c40-96e0-e46e-37fba7b51acb">
      <Execution id="67486fe9-dd0c-483d-a2b8-496b5dae379c" />
      <TestMethod codeBase="c:/Users/juwilliams/Desktop/Personal/Undead-Planet/UndeadEarth.Test/bin/Debug/UndeadEarth.Test.DLL" adapterTypeName="Microsoft.VisualStudio.TestTools.TestTypes.Unit.UnitTestAdapter, Microsoft.VisualStudio.QualityTools.Tips.UnitTest.Adapter, Version=10.0.0.0, Culture=neutral, PublicKeyToken=b03f5f7f11d50a3a" className="UndeadEarth.Test.Model.when_retrieving_achievements, UndeadEarth.Test, Version=1.0.0.0, Culture=neutral, PublicKeyToken=null" name="should_return_achievement_for_collecting_100_dollars" />
    </UnitTest>
    <UnitTest name="should_return_last_sight_radius_saved_If_there_is_no_difference_between_the_current_time_passed_in_and_the_last_saved_sight_radius_from_the_repository" storage="c:\users\juwilliams\desktop\personal\undead-planet\undeadearth.test\bin\debug\undeadearth.test.dll" id="5af90bb7-e3b0-b5e7-29f7-fc8b0902be24">
      <Execution id="7347b35b-c843-4eaa-8400-e10d23dbec68" />
      <TestMethod codeBase="c:/Users/juwilliams/Desktop/Personal/Undead-Planet/UndeadEarth.Test/bin/Debug/UndeadEarth.Test.DLL" adapterTypeName="Microsoft.VisualStudio.TestTools.TestTypes.Unit.UnitTestAdapter, Microsoft.VisualStudio.QualityTools.Tips.UnitTest.Adapter, Version=10.0.0.0, Culture=neutral, PublicKeyToken=b03f5f7f11d50a3a" className="UndeadEarth.Test.Model.when_determining_users_current_sight_radius, UndeadEarth.Test, Version=1.0.0.0, Culture=neutral, PublicKeyToken=null" name="should_return_last_sight_radius_saved_If_there_is_no_difference_between_the_current_time_passed_in_and_the_last_saved_sight_radius_from_the_repository" />
    </UnitTest>
    <UnitTest name="should_return_remaining_zombie_packs_in_hot_zones" storage="c:\users\juwilliams\desktop\personal\undead-planet\undeadearth.test\bin\debug\undeadearth.test.dll" id="2528801b-adfc-fc02-0810-867a75b047c9">
      <Execution id="103803eb-7cec-4c2c-b7f2-5513b5ed8be4" />
      <TestMethod codeBase="c:/Users/juwilliams/Desktop/Personal/Undead-Planet/UndeadEarth.Test/bin/Debug/UndeadEarth.Test.DLL" adapterTypeName="Microsoft.VisualStudio.TestTools.TestTypes.Unit.UnitTestAdapter, Microsoft.VisualStudio.QualityTools.Tips.UnitTest.Adapter, Version=10.0.0.0, Culture=neutral, PublicKeyToken=b03f5f7f11d50a3a" className="UndeadEarth.Test.Dal.when_retrieving_hot_zones, UndeadEarth.Test, Version=1.0.0.0, Culture=neutral, PublicKeyToken=null" name="should_return_remaining_zombie_packs_in_hot_zones" />
    </UnitTest>
    <UnitTest name="should_return_true_if_zombie_pack_is_destroyed_by_user" storage="c:\users\juwilliams\desktop\personal\undead-planet\undeadearth.test\bin\debug\undeadearth.test.dll" id="461819df-bed1-d7c5-29ce-bdee0f8eaaa2">
      <Execution id="d1243a1b-3301-40bb-ba2b-72d944e88c6d" />
      <TestMethod codeBase="c:/Users/juwilliams/Desktop/Personal/Undead-Planet/UndeadEarth.Test/bin/Debug/UndeadEarth.Test.DLL" adapterTypeName="Microsoft.VisualStudio.TestTools.TestTypes.Unit.UnitTestAdapter, Microsoft.VisualStudio.QualityTools.Tips.UnitTest.Adapter, Version=10.0.0.0, Culture=neutral, PublicKeyToken=b03f5f7f11d50a3a" className="UndeadEarth.Test.Dal.when_retrieving_user_zombie_pack_progress, UndeadEarth.Test, Version=1.0.0.0, Culture=neutral, PublicKeyToken=null" name="should_return_true_if_zombie_pack_is_destroyed_by_user" />
    </UnitTest>
    <UnitTest name="should_not_throw_error_if_user_does_not_exist" storage="c:\users\juwilliams\desktop\personal\undead-planet\undeadearth.test\bin\debug\undeadearth.test.dll" id="ca1b8eb5-4ad5-3e56-62f6-d3c54fe84326">
      <Execution id="be16460d-f9d1-40b3-a830-6d16e8d4c701" />
      <TestMethod codeBase="c:/Users/juwilliams/Desktop/Personal/Undead-Planet/UndeadEarth.Test/bin/Debug/UndeadEarth.Test.DLL" adapterTypeName="Microsoft.VisualStudio.TestTools.TestTypes.Unit.UnitTestAdapter, Microsoft.VisualStudio.QualityTools.Tips.UnitTest.Adapter, Version=10.0.0.0, Culture=neutral, PublicKeyToken=b03f5f7f11d50a3a" className="UndeadEarth.Test.Dal.when_saving_user, UndeadEarth.Test, Version=1.0.0.0, Culture=neutral, PublicKeyToken=null" name="should_not_throw_error_if_user_does_not_exist" />
    </UnitTest>
    <UnitTest name="should_increment_miles_count_for_user" storage="c:\users\juwilliams\desktop\personal\undead-planet\undeadearth.test\bin\debug\undeadearth.test.dll" id="2a84edfa-8723-e5ed-8953-7dd9bec52c09">
      <Execution id="733950fd-8a84-414e-ab06-f951d4a9ff5e" />
      <TestMethod codeBase="c:/Users/juwilliams/Desktop/Personal/Undead-Planet/UndeadEarth.Test/bin/Debug/UndeadEarth.Test.DLL" adapterTypeName="Microsoft.VisualStudio.TestTools.TestTypes.Unit.UnitTestAdapter, Microsoft.VisualStudio.QualityTools.Tips.UnitTest.Adapter, Version=10.0.0.0, Culture=neutral, PublicKeyToken=b03f5f7f11d50a3a" className="UndeadEarth.Test.Dal.when_saving_user_counts, UndeadEarth.Test, Version=1.0.0.0, Culture=neutral, PublicKeyToken=null" name="should_increment_miles_count_for_user" />
    </UnitTest>
    <UnitTest name="should_return_baseline_energy_for_user_that_exists" storage="c:\users\juwilliams\desktop\personal\undead-planet\undeadearth.test\bin\debug\undeadearth.test.dll" id="7e9e7b54-d658-a1a5-ce5b-efa2cb03052c">
      <Execution id="dae68c33-8213-4d0e-9a6f-44dec6416a37" />
      <TestMethod codeBase="c:/Users/juwilliams/Desktop/Personal/Undead-Planet/UndeadEarth.Test/bin/Debug/UndeadEarth.Test.DLL" adapterTypeName="Microsoft.VisualStudio.TestTools.TestTypes.Unit.UnitTestAdapter, Microsoft.VisualStudio.QualityTools.Tips.UnitTest.Adapter, Version=10.0.0.0, Culture=neutral, PublicKeyToken=b03f5f7f11d50a3a" className="UndeadEarth.Test.Dal.when_retrieving_user, UndeadEarth.Test, Version=1.0.0.0, Culture=neutral, PublicKeyToken=null" name="should_return_baseline_energy_for_user_that_exists" />
    </UnitTest>
    <UnitTest name="should_return_null_if_zombie_pack_does_not_exist" storage="c:\users\juwilliams\desktop\personal\undead-planet\undeadearth.test\bin\debug\undeadearth.test.dll" id="9d81df93-5250-1a02-c112-738e62d8d757">
      <Execution id="5b9baa46-da14-4f97-bbf9-28f71f37ad42" />
      <TestMethod codeBase="c:/Users/juwilliams/Desktop/Personal/Undead-Planet/UndeadEarth.Test/bin/Debug/UndeadEarth.Test.DLL" adapterTypeName="Microsoft.VisualStudio.TestTools.TestTypes.Unit.UnitTestAdapter, Microsoft.VisualStudio.QualityTools.Tips.UnitTest.Adapter, Version=10.0.0.0, Culture=neutral, PublicKeyToken=b03f5f7f11d50a3a" className="UndeadEarth.Test.Dal.when_retrieving_zombie_packs, UndeadEarth.Test, Version=1.0.0.0, Culture=neutral, PublicKeyToken=null" name="should_return_null_if_zombie_pack_does_not_exist" />
    </UnitTest>
    <UnitTest name="when_checking_user_level_and_zombie_kills_to_update_attributes_should_not_update_if_not_enough_zombie_kills" storage="c:\users\juwilliams\desktop\personal\undead-planet\undeadearth.test\bin\debug\undeadearth.test.dll" id="d9751d6d-b53f-ae7f-743d-a442b6a2d81c">
      <Execution id="77f10b20-e075-4c59-9599-9f5cd97c338d" />
      <TestMethod codeBase="c:/Users/juwilliams/Desktop/Personal/Undead-Planet/UndeadEarth.Test/bin/Debug/UndeadEarth.Test.DLL" adapterTypeName="Microsoft.VisualStudio.TestTools.TestTypes.Unit.UnitTestAdapter, Microsoft.VisualStudio.QualityTools.Tips.UnitTest.Adapter, Version=10.0.0.0, Culture=neutral, PublicKeyToken=b03f5f7f11d50a3a" className="UndeadEarth.Test.Model.when_servicing_user_level_and_attributes, UndeadEarth.Test, Version=1.0.0.0, Culture=neutral, PublicKeyToken=null" name="when_checking_user_level_and_zombie_kills_to_update_attributes_should_not_update_if_not_enough_zombie_kills" />
    </UnitTest>
    <UnitTest name="should_update_users_zone_id_if_user_is_at_a_zombie_pack_location" storage="c:\users\juwilliams\desktop\personal\undead-planet\undeadearth.test\bin\debug\undeadearth.test.dll" id="ac6fd380-aa69-7042-79c1-72e377d208c7">
      <Execution id="b2a35acc-a72a-4f1d-8257-9b4ca6b28047" />
      <TestMethod codeBase="c:/Users/juwilliams/Desktop/Personal/Undead-Planet/UndeadEarth.Test/bin/Debug/UndeadEarth.Test.DLL" adapterTypeName="Microsoft.VisualStudio.TestTools.TestTypes.Unit.UnitTestAdapter, Microsoft.VisualStudio.QualityTools.Tips.UnitTest.Adapter, Version=10.0.0.0, Culture=neutral, PublicKeyToken=b03f5f7f11d50a3a" className="UndeadEarth.Test.Model.when_hunting_for_zombies, UndeadEarth.Test, Version=1.0.0.0, Culture=neutral, PublicKeyToken=null" name="should_update_users_zone_id_if_user_is_at_a_zombie_pack_location" />
    </UnitTest>
    <UnitTest name="should_retrieve_single_hotzone" storage="c:\users\juwilliams\desktop\personal\undead-planet\undeadearth.test\bin\debug\undeadearth.test.dll" id="310db446-5a38-a2ff-c0c6-33525d60392a">
      <Execution id="55303bc2-c297-4d0a-b03c-68f258ded617" />
      <TestMethod codeBase="c:/Users/juwilliams/Desktop/Personal/Undead-Planet/UndeadEarth.Test/bin/Debug/UndeadEarth.Test.DLL" adapterTypeName="Microsoft.VisualStudio.TestTools.TestTypes.Unit.UnitTestAdapter, Microsoft.VisualStudio.QualityTools.Tips.UnitTest.Adapter, Version=10.0.0.0, Culture=neutral, PublicKeyToken=b03f5f7f11d50a3a" className="UndeadEarth.Test.Dal.when_retrieving_hot_zones, UndeadEarth.Test, Version=1.0.0.0, Culture=neutral, PublicKeyToken=null" name="should_retrieve_single_hotzone" />
    </UnitTest>
    <UnitTest name="should_return_null_for_last_saved_energy_if_user_does_not_exist" storage="c:\users\juwilliams\desktop\personal\undead-planet\undeadearth.test\bin\debug\undeadearth.test.dll" id="83224f41-33be-cb5a-8243-f1cbb7067a6d">
      <Execution id="c8aa68d7-4dd1-41ea-918c-648f097e4c9b" />
      <TestMethod codeBase="c:/Users/juwilliams/Desktop/Personal/Undead-Planet/UndeadEarth.Test/bin/Debug/UndeadEarth.Test.DLL" adapterTypeName="Microsoft.VisualStudio.TestTools.TestTypes.Unit.UnitTestAdapter, Microsoft.VisualStudio.QualityTools.Tips.UnitTest.Adapter, Version=10.0.0.0, Culture=neutral, PublicKeyToken=b03f5f7f11d50a3a" className="UndeadEarth.Test.Dal.when_retrieving_user_energy, UndeadEarth.Test, Version=1.0.0.0, Culture=neutral, PublicKeyToken=null" name="should_return_null_for_last_saved_energy_if_user_does_not_exist" />
    </UnitTest>
    <UnitTest name="should_return_achievement_for_killing_1000000_zombies" storage="c:\users\juwilliams\desktop\personal\undead-planet\undeadearth.test\bin\debug\undeadearth.test.dll" id="8d764dc0-19cc-25ef-1223-85c01764c701">
      <Execution id="781bb11f-7f06-4d3c-ac78-e5751581cfb2" />
      <TestMethod codeBase="c:/Users/juwilliams/Desktop/Personal/Undead-Planet/UndeadEarth.Test/bin/Debug/UndeadEarth.Test.DLL" adapterTypeName="Microsoft.VisualStudio.TestTools.TestTypes.Unit.UnitTestAdapter, Microsoft.VisualStudio.QualityTools.Tips.UnitTest.Adapter, Version=10.0.0.0, Culture=neutral, PublicKeyToken=b03f5f7f11d50a3a" className="UndeadEarth.Test.Model.when_retrieving_achievements, UndeadEarth.Test, Version=1.0.0.0, Culture=neutral, PublicKeyToken=null" name="should_return_achievement_for_killing_1000000_zombies" />
    </UnitTest>
    <UnitTest name="should_disregard_if_store_does_not_exist" storage="c:\users\juwilliams\desktop\personal\undead-planet\undeadearth.test\bin\debug\undeadearth.test.dll" id="eaf1ea02-9828-2113-565b-2356e5e99e6b">
      <Execution id="b2e4ccf1-e239-45c4-a596-59b12bf41f0a" />
      <TestMethod codeBase="c:/Users/juwilliams/Desktop/Personal/Undead-Planet/UndeadEarth.Test/bin/Debug/UndeadEarth.Test.DLL" adapterTypeName="Microsoft.VisualStudio.TestTools.TestTypes.Unit.UnitTestAdapter, Microsoft.VisualStudio.QualityTools.Tips.UnitTest.Adapter, Version=10.0.0.0, Culture=neutral, PublicKeyToken=b03f5f7f11d50a3a" className="UndeadEarth.Test.Model.when_buying_items_from_shop, UndeadEarth.Test, Version=1.0.0.0, Culture=neutral, PublicKeyToken=null" name="should_disregard_if_store_does_not_exist" />
    </UnitTest>
    <UnitTest name="should_throw_error_when_returning_money_if_user_does_not_exist" storage="c:\users\juwilliams\desktop\personal\undead-planet\undeadearth.test\bin\debug\undeadearth.test.dll" id="aac835be-7dca-bf39-4e90-f32eb9f2669d">
      <Execution id="e168b206-5641-449c-874a-e36600419344" />
      <TestMethod codeBase="c:/Users/juwilliams/Desktop/Personal/Undead-Planet/UndeadEarth.Test/bin/Debug/UndeadEarth.Test.DLL" adapterTypeName="Microsoft.VisualStudio.TestTools.TestTypes.Unit.UnitTestAdapter, Microsoft.VisualStudio.QualityTools.Tips.UnitTest.Adapter, Version=10.0.0.0, Culture=neutral, PublicKeyToken=b03f5f7f11d50a3a" className="UndeadEarth.Test.Dal.when_retrieving_user, UndeadEarth.Test, Version=1.0.0.0, Culture=neutral, PublicKeyToken=null" name="should_throw_error_when_returning_money_if_user_does_not_exist" />
    </UnitTest>
    <UnitTest name="should_return_achievement_for_destroying_hotzone" storage="c:\users\juwilliams\desktop\personal\undead-planet\undeadearth.test\bin\debug\undeadearth.test.dll" id="f503de55-2c95-f110-a46c-919d6f50e064">
      <Execution id="12fe6100-9bf5-4393-8d5b-731704fd029f" />
      <TestMethod codeBase="c:/Users/juwilliams/Desktop/Personal/Undead-Planet/UndeadEarth.Test/bin/Debug/UndeadEarth.Test.DLL" adapterTypeName="Microsoft.VisualStudio.TestTools.TestTypes.Unit.UnitTestAdapter, Microsoft.VisualStudio.QualityTools.Tips.UnitTest.Adapter, Version=10.0.0.0, Culture=neutral, PublicKeyToken=b03f5f7f11d50a3a" className="UndeadEarth.Test.Model.when_retrieving_achievements, UndeadEarth.Test, Version=1.0.0.0, Culture=neutral, PublicKeyToken=null" name="should_return_achievement_for_destroying_hotzone" />
    </UnitTest>
    <UnitTest name="should_return_null_for_user_that_doesnt_exist" storage="c:\users\juwilliams\desktop\personal\undead-planet\undeadearth.test\bin\debug\undeadearth.test.dll" id="560e757d-7d9e-cf97-a66b-6eba9f0dbef7">
      <Execution id="88105db8-ea75-43a3-835b-e63224e0878c" />
      <TestMethod codeBase="c:/Users/juwilliams/Desktop/Personal/Undead-Planet/UndeadEarth.Test/bin/Debug/UndeadEarth.Test.DLL" adapterTypeName="Microsoft.VisualStudio.TestTools.TestTypes.Unit.UnitTestAdapter, Microsoft.VisualStudio.QualityTools.Tips.UnitTest.Adapter, Version=10.0.0.0, Culture=neutral, PublicKeyToken=b03f5f7f11d50a3a" className="UndeadEarth.Test.Dal.when_retrieving_user, UndeadEarth.Test, Version=1.0.0.0, Culture=neutral, PublicKeyToken=null" name="should_return_null_for_user_that_doesnt_exist" />
    </UnitTest>
    <UnitTest name="should_throw_error_when_returning_last_visited_hotzone_if_user_doesnt_exist" storage="c:\users\juwilliams\desktop\personal\undead-planet\undeadearth.test\bin\debug\undeadearth.test.dll" id="a082c5ab-9e9e-f9a3-c9b1-3688e77d4b93">
      <Execution id="e394c653-2239-4fe6-9b8a-583fa8c79717" />
      <TestMethod codeBase="c:/Users/juwilliams/Desktop/Personal/Undead-Planet/UndeadEarth.Test/bin/Debug/UndeadEarth.Test.DLL" adapterTypeName="Microsoft.VisualStudio.TestTools.TestTypes.Unit.UnitTestAdapter, Microsoft.VisualStudio.QualityTools.Tips.UnitTest.Adapter, Version=10.0.0.0, Culture=neutral, PublicKeyToken=b03f5f7f11d50a3a" className="UndeadEarth.Test.Dal.when_retrieving_user, UndeadEarth.Test, Version=1.0.0.0, Culture=neutral, PublicKeyToken=null" name="should_throw_error_when_returning_last_visited_hotzone_if_user_doesnt_exist" />
    </UnitTest>
    <UnitTest name="should_update_last_visited_hotzone_for_user" storage="c:\users\juwilliams\desktop\personal\undead-planet\undeadearth.test\bin\debug\undeadearth.test.dll" id="8ca88260-b717-95ca-37eb-ce8b3138fe45">
      <Execution id="769fcdb7-73c2-4af6-bc0c-f4ae50c28f4e" />
      <TestMethod codeBase="c:/Users/juwilliams/Desktop/Personal/Undead-Planet/UndeadEarth.Test/bin/Debug/UndeadEarth.Test.DLL" adapterTypeName="Microsoft.VisualStudio.TestTools.TestTypes.Unit.UnitTestAdapter, Microsoft.VisualStudio.QualityTools.Tips.UnitTest.Adapter, Version=10.0.0.0, Culture=neutral, PublicKeyToken=b03f5f7f11d50a3a" className="UndeadEarth.Test.Dal.when_saving_user, UndeadEarth.Test, Version=1.0.0.0, Culture=neutral, PublicKeyToken=null" name="should_update_last_visited_hotzone_for_user" />
    </UnitTest>
    <UnitTest name="should_disregard_if_user_does_not_exist" storage="c:\users\juwilliams\desktop\personal\undead-planet\undeadearth.test\bin\debug\undeadearth.test.dll" id="29506837-8c96-f6c6-14e0-93c8ab580351">
      <Execution id="93c394d6-dcdb-45ec-a22c-89ef2b8905a7" />
      <TestMethod codeBase="c:/Users/juwilliams/Desktop/Personal/Undead-Planet/UndeadEarth.Test/bin/Debug/UndeadEarth.Test.DLL" adapterTypeName="Microsoft.VisualStudio.TestTools.TestTypes.Unit.UnitTestAdapter, Microsoft.VisualStudio.QualityTools.Tips.UnitTest.Adapter, Version=10.0.0.0, Culture=neutral, PublicKeyToken=b03f5f7f11d50a3a" className="UndeadEarth.Test.Model.when_transferring_items_from_user_to_safe_house, UndeadEarth.Test, Version=1.0.0.0, Culture=neutral, PublicKeyToken=null" name="should_disregard_if_user_does_not_exist" />
    </UnitTest>
    <UnitTest name="should_return_base_energy_for_user" storage="c:\users\juwilliams\desktop\personal\undead-planet\undeadearth.test\bin\debug\undeadearth.test.dll" id="544cc1f1-3454-5e87-e24b-52c6acff6b61">
      <Execution id="95428f5a-b7b5-47a2-8ce7-992e3b06baf7" />
      <TestMethod codeBase="c:/Users/juwilliams/Desktop/Personal/Undead-Planet/UndeadEarth.Test/bin/Debug/UndeadEarth.Test.DLL" adapterTypeName="Microsoft.VisualStudio.TestTools.TestTypes.Unit.UnitTestAdapter, Microsoft.VisualStudio.QualityTools.Tips.UnitTest.Adapter, Version=10.0.0.0, Culture=neutral, PublicKeyToken=b03f5f7f11d50a3a" className="UndeadEarth.Test.Dal.when_retrieving_user_energy, UndeadEarth.Test, Version=1.0.0.0, Culture=neutral, PublicKeyToken=null" name="should_return_base_energy_for_user" />
    </UnitTest>
    <UnitTest name="should_save_item" storage="c:\users\juwilliams\desktop\personal\undead-planet\undeadearth.test\bin\debug\undeadearth.test.dll" id="e9fab572-8fef-43db-2f81-87bc2fbad50f">
      <Execution id="7d11fb9c-b8b8-455c-8f5e-6ac1035f7d65" />
      <TestMethod codeBase="c:/Users/juwilliams/Desktop/Personal/Undead-Planet/UndeadEarth.Test/bin/Debug/UndeadEarth.Test.DLL" adapterTypeName="Microsoft.VisualStudio.TestTools.TestTypes.Unit.UnitTestAdapter, Microsoft.VisualStudio.QualityTools.Tips.UnitTest.Adapter, Version=10.0.0.0, Culture=neutral, PublicKeyToken=b03f5f7f11d50a3a" className="UndeadEarth.Test.Dal.when_saving_user_items, UndeadEarth.Test, Version=1.0.0.0, Culture=neutral, PublicKeyToken=null" name="should_save_item" />
    </UnitTest>
    <UnitTest name="should_return_attack_power_along_with_any_attack_power_increase_from_buying_different_items_and_no_items_in_safehouse" storage="c:\users\juwilliams\desktop\personal\undead-planet\undeadearth.test\bin\debug\undeadearth.test.dll" id="bc2bbda1-dfbc-fff1-89f7-377eb332a077">
      <Execution id="8e41f4eb-f319-4b26-86a8-1cd8b1b921cd" />
      <TestMethod codeBase="c:/Users/juwilliams/Desktop/Personal/Undead-Planet/UndeadEarth.Test/bin/Debug/UndeadEarth.Test.DLL" adapterTypeName="Microsoft.VisualStudio.TestTools.TestTypes.Unit.UnitTestAdapter, Microsoft.VisualStudio.QualityTools.Tips.UnitTest.Adapter, Version=10.0.0.0, Culture=neutral, PublicKeyToken=b03f5f7f11d50a3a" className="UndeadEarth.Test.Model.when_determining_users_max_potential_attack_power, UndeadEarth.Test, Version=1.0.0.0, Culture=neutral, PublicKeyToken=null" name="should_return_attack_power_along_with_any_attack_power_increase_from_buying_different_items_and_no_items_in_safehouse" />
    </UnitTest>
    <UnitTest name="should_return_true_if_item_does_exist" storage="c:\users\juwilliams\desktop\personal\undead-planet\undeadearth.test\bin\debug\undeadearth.test.dll" id="9d65c075-cd74-d595-76f3-d465e66be801">
      <Execution id="c768a1ed-dfc3-4daa-a4c4-6584c65d89da" />
      <TestMethod codeBase="c:/Users/juwilliams/Desktop/Personal/Undead-Planet/UndeadEarth.Test/bin/Debug/UndeadEarth.Test.DLL" adapterTypeName="Microsoft.VisualStudio.TestTools.TestTypes.Unit.UnitTestAdapter, Microsoft.VisualStudio.QualityTools.Tips.UnitTest.Adapter, Version=10.0.0.0, Culture=neutral, PublicKeyToken=b03f5f7f11d50a3a" className="UndeadEarth.Test.Dal.when_retrieving_items, UndeadEarth.Test, Version=1.0.0.0, Culture=neutral, PublicKeyToken=null" name="should_return_true_if_item_does_exist" />
    </UnitTest>
    <UnitTest name="should_return_baseline_attack_power_for_user_that_exists" storage="c:\users\juwilliams\desktop\personal\undead-planet\undeadearth.test\bin\debug\undeadearth.test.dll" id="d51d0821-4280-76e7-8d6d-17b8ea1953f0">
      <Execution id="1d4398d0-73f2-4e0e-9ae2-cb68de7dfb49" />
      <TestMethod codeBase="c:/Users/juwilliams/Desktop/Personal/Undead-Planet/UndeadEarth.Test/bin/Debug/UndeadEarth.Test.DLL" adapterTypeName="Microsoft.VisualStudio.TestTools.TestTypes.Unit.UnitTestAdapter, Microsoft.VisualStudio.QualityTools.Tips.UnitTest.Adapter, Version=10.0.0.0, Culture=neutral, PublicKeyToken=b03f5f7f11d50a3a" className="UndeadEarth.Test.Dal.when_retrieving_user, UndeadEarth.Test, Version=1.0.0.0, Culture=neutral, PublicKeyToken=null" name="should_return_baseline_attack_power_for_user_that_exists" />
    </UnitTest>
    <UnitTest name="should_throw_error_if_facebook_user_id_is_zero" storage="c:\users\juwilliams\desktop\personal\undead-planet\undeadearth.test\bin\debug\undeadearth.test.dll" id="6ee3e612-4bf5-4b89-e2d7-9da260f06cb5">
      <Execution id="2038aa3a-2dd1-45e7-8bb6-242645727d79" />
      <TestMethod codeBase="c:/Users/juwilliams/Desktop/Personal/Undead-Planet/UndeadEarth.Test/bin/Debug/UndeadEarth.Test.DLL" adapterTypeName="Microsoft.VisualStudio.TestTools.TestTypes.Unit.UnitTestAdapter, Microsoft.VisualStudio.QualityTools.Tips.UnitTest.Adapter, Version=10.0.0.0, Culture=neutral, PublicKeyToken=b03f5f7f11d50a3a" className="UndeadEarth.Test.Dal.when_inserting_user, UndeadEarth.Test, Version=1.0.0.0, Culture=neutral, PublicKeyToken=null" name="should_throw_error_if_facebook_user_id_is_zero" />
    </UnitTest>
    <UnitTest name="should_return_achievement_for_killing_10_zombies" storage="c:\users\juwilliams\desktop\personal\undead-planet\undeadearth.test\bin\debug\undeadearth.test.dll" id="e731ae20-c844-7455-5d52-ca6eb82eb8c1">
      <Execution id="2ba4d644-5ce4-4079-8b0b-40f3ed39d880" />
      <TestMethod codeBase="c:/Users/juwilliams/Desktop/Personal/Undead-Planet/UndeadEarth.Test/bin/Debug/UndeadEarth.Test.DLL" adapterTypeName="Microsoft.VisualStudio.TestTools.TestTypes.Unit.UnitTestAdapter, Microsoft.VisualStudio.QualityTools.Tips.UnitTest.Adapter, Version=10.0.0.0, Culture=neutral, PublicKeyToken=b03f5f7f11d50a3a" className="UndeadEarth.Test.Model.when_retrieving_achievements, UndeadEarth.Test, Version=1.0.0.0, Culture=neutral, PublicKeyToken=null" name="should_return_achievement_for_killing_10_zombies" />
    </UnitTest>
    <UnitTest name="should_return_peak_attack" storage="c:\users\juwilliams\desktop\personal\undead-planet\undeadearth.test\bin\debug\undeadearth.test.dll" id="8139f5f3-bee3-cd07-2820-fcf4f70f9ff0">
      <Execution id="30fc08af-99de-4638-9bbc-1704c4129283" />
      <TestMethod codeBase="c:/Users/juwilliams/Desktop/Personal/Undead-Planet/UndeadEarth.Test/bin/Debug/UndeadEarth.Test.DLL" adapterTypeName="Microsoft.VisualStudio.TestTools.TestTypes.Unit.UnitTestAdapter, Microsoft.VisualStudio.QualityTools.Tips.UnitTest.Adapter, Version=10.0.0.0, Culture=neutral, PublicKeyToken=b03f5f7f11d50a3a" className="UndeadEarth.Test.Dal.when_retrieving_user_counts, UndeadEarth.Test, Version=1.0.0.0, Culture=neutral, PublicKeyToken=null" name="should_return_peak_attack" />
    </UnitTest>
    <UnitTest name="should_throw_error_when_returning_user_current_base_attack_if_user_doesnt_exist" storage="c:\users\juwilliams\desktop\personal\undead-planet\undeadearth.test\bin\debug\undeadearth.test.dll" id="c7989c99-7490-d68e-f8ba-99491ffceea3">
      <Execution id="b0926401-3bf7-4c2c-9c16-df65c6ec4ae9" />
      <TestMethod codeBase="c:/Users/juwilliams/Desktop/Personal/Undead-Planet/UndeadEarth.Test/bin/Debug/UndeadEarth.Test.DLL" adapterTypeName="Microsoft.VisualStudio.TestTools.TestTypes.Unit.UnitTestAdapter, Microsoft.VisualStudio.QualityTools.Tips.UnitTest.Adapter, Version=10.0.0.0, Culture=neutral, PublicKeyToken=b03f5f7f11d50a3a" className="UndeadEarth.Test.Dal.when_retrieving_user, UndeadEarth.Test, Version=1.0.0.0, Culture=neutral, PublicKeyToken=null" name="should_throw_error_when_returning_user_current_base_attack_if_user_doesnt_exist" />
    </UnitTest>
    <UnitTest name="should_return_2_user_ranks_ordered" storage="c:\users\juwilliams\desktop\personal\undead-planet\undeadearth.test\bin\debug\undeadearth.test.dll" id="f9af0abf-643a-0ae4-577c-59c40c69391a">
      <Execution id="170f3b59-7a5d-478f-865c-608e72258534" />
      <TestMethod codeBase="c:/Users/juwilliams/Desktop/Personal/Undead-Planet/UndeadEarth.Test/bin/Debug/UndeadEarth.Test.DLL" adapterTypeName="Microsoft.VisualStudio.TestTools.TestTypes.Unit.UnitTestAdapter, Microsoft.VisualStudio.QualityTools.Tips.UnitTest.Adapter, Version=10.0.0.0, Culture=neutral, PublicKeyToken=b03f5f7f11d50a3a" className="UndeadEarth.Test.Dal.when_retrieving_user_rank, UndeadEarth.Test, Version=1.0.0.0, Culture=neutral, PublicKeyToken=null" name="should_return_2_user_ranks_ordered" />
    </UnitTest>
    <UnitTest name="should_update_user_level_and_user_base_attack_and_user_base_energy_and_user_inventory_when_user_kills_enough_zombies_to_pass_level" storage="c:\users\juwilliams\desktop\personal\undead-planet\undeadearth.test\bin\debug\undeadearth.test.dll" id="bc231f56-0b8a-34bb-d73a-6bc2b970aa27">
      <Execution id="1aa449e2-beaa-411b-a273-82a8e760ad44" />
      <TestMethod codeBase="c:/Users/juwilliams/Desktop/Personal/Undead-Planet/UndeadEarth.Test/bin/Debug/UndeadEarth.Test.DLL" adapterTypeName="Microsoft.VisualStudio.TestTools.TestTypes.Unit.UnitTestAdapter, Microsoft.VisualStudio.QualityTools.Tips.UnitTest.Adapter, Version=10.0.0.0, Culture=neutral, PublicKeyToken=b03f5f7f11d50a3a" className="UndeadEarth.Test.Model.when_servicing_user_level_and_attributes, UndeadEarth.Test, Version=1.0.0.0, Culture=neutral, PublicKeyToken=null" name="should_update_user_level_and_user_base_attack_and_user_base_energy_and_user_inventory_when_user_kills_enough_zombies_to_pass_level" />
    </UnitTest>
    <UnitTest name="should_throw_error_if_user_does_not_exist" storage="c:\users\juwilliams\desktop\personal\undead-planet\undeadearth.test\bin\debug\undeadearth.test.dll" id="facd1619-809e-3892-1c5d-a369458909c6">
      <Execution id="452f0fef-1a9d-4788-b1c7-acda35896103" />
      <TestMethod codeBase="c:/Users/juwilliams/Desktop/Personal/Undead-Planet/UndeadEarth.Test/bin/Debug/UndeadEarth.Test.DLL" adapterTypeName="Microsoft.VisualStudio.TestTools.TestTypes.Unit.UnitTestAdapter, Microsoft.VisualStudio.QualityTools.Tips.UnitTest.Adapter, Version=10.0.0.0, Culture=neutral, PublicKeyToken=b03f5f7f11d50a3a" className="UndeadEarth.Test.Dal.when_retrieving_user_energy, UndeadEarth.Test, Version=1.0.0.0, Culture=neutral, PublicKeyToken=null" name="should_throw_error_if_user_does_not_exist" />
    </UnitTest>
    <UnitTest name="should_throw_error_for_saving_mas_energy_if_user_does_not_exist" storage="c:\users\juwilliams\desktop\personal\undead-planet\undeadearth.test\bin\debug\undeadearth.test.dll" id="c9e2118a-af3f-f908-ba61-20f5edd2b827">
      <Execution id="54382e97-5c24-47fc-8c64-696b50dbc765" />
      <TestMethod codeBase="c:/Users/juwilliams/Desktop/Personal/Undead-Planet/UndeadEarth.Test/bin/Debug/UndeadEarth.Test.DLL" adapterTypeName="Microsoft.VisualStudio.TestTools.TestTypes.Unit.UnitTestAdapter, Microsoft.VisualStudio.QualityTools.Tips.UnitTest.Adapter, Version=10.0.0.0, Culture=neutral, PublicKeyToken=b03f5f7f11d50a3a" className="UndeadEarth.Test.Dal.when_saving_user_sight_radius, UndeadEarth.Test, Version=1.0.0.0, Culture=neutral, PublicKeyToken=null" name="should_throw_error_for_saving_mas_energy_if_user_does_not_exist" />
    </UnitTest>
    <UnitTest name="should_not_hunt_if_user_is_not_at_zombie_pack_longitude" storage="c:\users\juwilliams\desktop\personal\undead-planet\undeadearth.test\bin\debug\undeadearth.test.dll" id="e714817d-ce86-8716-57bb-b981b1597240">
      <Execution id="abdaf3d3-86d4-49d9-a666-8a58136b4719" />
      <TestMethod codeBase="c:/Users/juwilliams/Desktop/Personal/Undead-Planet/UndeadEarth.Test/bin/Debug/UndeadEarth.Test.DLL" adapterTypeName="Microsoft.VisualStudio.TestTools.TestTypes.Unit.UnitTestAdapter, Microsoft.VisualStudio.QualityTools.Tips.UnitTest.Adapter, Version=10.0.0.0, Culture=neutral, PublicKeyToken=b03f5f7f11d50a3a" className="UndeadEarth.Test.Model.when_hunting_for_zombies, UndeadEarth.Test, Version=1.0.0.0, Culture=neutral, PublicKeyToken=null" name="should_not_hunt_if_user_is_not_at_zombie_pack_longitude" />
    </UnitTest>
    <UnitTest name="should_return_false_for_IsStartingHotzone_if_hotzone_doesnt_exist" storage="c:\users\juwilliams\desktop\personal\undead-planet\undeadearth.test\bin\debug\undeadearth.test.dll" id="269b2e64-447a-b926-cd3c-a38128cb3896">
      <Execution id="0555f4bb-8738-4ff7-a7d9-8460f736b282" />
      <TestMethod codeBase="c:/Users/juwilliams/Desktop/Personal/Undead-Planet/UndeadEarth.Test/bin/Debug/UndeadEarth.Test.DLL" adapterTypeName="Microsoft.VisualStudio.TestTools.TestTypes.Unit.UnitTestAdapter, Microsoft.VisualStudio.QualityTools.Tips.UnitTest.Adapter, Version=10.0.0.0, Culture=neutral, PublicKeyToken=b03f5f7f11d50a3a" className="UndeadEarth.Test.Dal.when_retrieving_hot_zones, UndeadEarth.Test, Version=1.0.0.0, Culture=neutral, PublicKeyToken=null" name="should_return_false_for_IsStartingHotzone_if_hotzone_doesnt_exist" />
    </UnitTest>
    <UnitTest name="should_disregard_safehouse_items_that_are_one_use" storage="c:\users\juwilliams\desktop\personal\undead-planet\undeadearth.test\bin\debug\undeadearth.test.dll" id="b56cc93a-1a34-87ca-906c-3850d1ae7b74">
      <Execution id="335b902b-d9e9-4216-a917-c3a3dbfce34e" />
      <TestMethod codeBase="c:/Users/juwilliams/Desktop/Personal/Undead-Planet/UndeadEarth.Test/bin/Debug/UndeadEarth.Test.DLL" adapterTypeName="Microsoft.VisualStudio.TestTools.TestTypes.Unit.UnitTestAdapter, Microsoft.VisualStudio.QualityTools.Tips.UnitTest.Adapter, Version=10.0.0.0, Culture=neutral, PublicKeyToken=b03f5f7f11d50a3a" className="UndeadEarth.Test.Model.when_determining_users_max_potential_attack_power, UndeadEarth.Test, Version=1.0.0.0, Culture=neutral, PublicKeyToken=null" name="should_disregard_safehouse_items_that_are_one_use" />
    </UnitTest>
    <UnitTest name="should_disregard_if_user_does_not_exist" storage="c:\users\juwilliams\desktop\personal\undead-planet\undeadearth.test\bin\debug\undeadearth.test.dll" id="81cb2920-61d9-e3df-f3bf-c3ed245e0ab0">
      <Execution id="f52f015b-20a8-4284-85be-7c0a93ca725e" />
      <TestMethod codeBase="c:/Users/juwilliams/Desktop/Personal/Undead-Planet/UndeadEarth.Test/bin/Debug/UndeadEarth.Test.DLL" adapterTypeName="Microsoft.VisualStudio.TestTools.TestTypes.Unit.UnitTestAdapter, Microsoft.VisualStudio.QualityTools.Tips.UnitTest.Adapter, Version=10.0.0.0, Culture=neutral, PublicKeyToken=b03f5f7f11d50a3a" className="UndeadEarth.Test.Model.when_transferring_items_from_safe_house_to_user, UndeadEarth.Test, Version=1.0.0.0, Culture=neutral, PublicKeyToken=null" name="should_disregard_if_user_does_not_exist" />
    </UnitTest>
    <UnitTest name="should_return_achievement_for_killing_1_zombie" storage="c:\users\juwilliams\desktop\personal\undead-planet\undeadearth.test\bin\debug\undeadearth.test.dll" id="1b56219d-f99d-2b01-66f0-01c3b94f4ee2">
      <Execution id="38f9c22d-4f27-4875-9192-653aa44fcef0" />
      <TestMethod codeBase="c:/Users/juwilliams/Desktop/Personal/Undead-Planet/UndeadEarth.Test/bin/Debug/UndeadEarth.Test.DLL" adapterTypeName="Microsoft.VisualStudio.TestTools.TestTypes.Unit.UnitTestAdapter, Microsoft.VisualStudio.QualityTools.Tips.UnitTest.Adapter, Version=10.0.0.0, Culture=neutral, PublicKeyToken=b03f5f7f11d50a3a" className="UndeadEarth.Test.Model.when_retrieving_achievements, UndeadEarth.Test, Version=1.0.0.0, Culture=neutral, PublicKeyToken=null" name="should_return_achievement_for_killing_1_zombie" />
    </UnitTest>
    <UnitTest name="should_return_achievement_for_killing_1000_zombies" storage="c:\users\juwilliams\desktop\personal\undead-planet\undeadearth.test\bin\debug\undeadearth.test.dll" id="809902e6-5c64-c35c-89c5-d13cd243728a">
      <Execution id="64b5f257-008e-45dd-acd8-b58a3b7e212f" />
      <TestMethod codeBase="c:/Users/juwilliams/Desktop/Personal/Undead-Planet/UndeadEarth.Test/bin/Debug/UndeadEarth.Test.DLL" adapterTypeName="Microsoft.VisualStudio.TestTools.TestTypes.Unit.UnitTestAdapter, Microsoft.VisualStudio.QualityTools.Tips.UnitTest.Adapter, Version=10.0.0.0, Culture=neutral, PublicKeyToken=b03f5f7f11d50a3a" className="UndeadEarth.Test.Model.when_retrieving_achievements, UndeadEarth.Test, Version=1.0.0.0, Culture=neutral, PublicKeyToken=null" name="should_return_achievement_for_killing_1000_zombies" />
    </UnitTest>
    <UnitTest name="should_return_achievement_for_peak_zombies_of_two" storage="c:\users\juwilliams\desktop\personal\undead-planet\undeadearth.test\bin\debug\undeadearth.test.dll" id="2604ff32-2b78-d0a6-0890-b8bb202063cc">
      <Execution id="c66d02e2-1fdb-480e-9021-c41ba063c135" />
      <TestMethod codeBase="c:/Users/juwilliams/Desktop/Personal/Undead-Planet/UndeadEarth.Test/bin/Debug/UndeadEarth.Test.DLL" adapterTypeName="Microsoft.VisualStudio.TestTools.TestTypes.Unit.UnitTestAdapter, Microsoft.VisualStudio.QualityTools.Tips.UnitTest.Adapter, Version=10.0.0.0, Culture=neutral, PublicKeyToken=b03f5f7f11d50a3a" className="UndeadEarth.Test.Model.when_retrieving_achievements, UndeadEarth.Test, Version=1.0.0.0, Culture=neutral, PublicKeyToken=null" name="should_return_achievement_for_peak_zombies_of_two" />
    </UnitTest>
    <UnitTest name="should_return_0_if_user_does_not_exist" storage="c:\users\juwilliams\desktop\personal\undead-planet\undeadearth.test\bin\debug\undeadearth.test.dll" id="d8a245d8-8db6-bd87-8600-23c0fc08446c">
      <Execution id="2038f16f-2ae8-449c-b642-e2c161e0fd0e" />
      <TestMethod codeBase="c:/Users/juwilliams/Desktop/Personal/Undead-Planet/UndeadEarth.Test/bin/Debug/UndeadEarth.Test.DLL" adapterTypeName="Microsoft.VisualStudio.TestTools.TestTypes.Unit.UnitTestAdapter, Microsoft.VisualStudio.QualityTools.Tips.UnitTest.Adapter, Version=10.0.0.0, Culture=neutral, PublicKeyToken=b03f5f7f11d50a3a" className="UndeadEarth.Test.Model.when_determining_users_current_sight_radius, UndeadEarth.Test, Version=1.0.0.0, Culture=neutral, PublicKeyToken=null" name="should_return_0_if_user_does_not_exist" />
    </UnitTest>
    <UnitTest name="should_retrieve_user_zombie_pack_progress_for_user" storage="c:\users\juwilliams\desktop\personal\undead-planet\undeadearth.test\bin\debug\undeadearth.test.dll" id="612613da-83db-bad4-0786-2d957381d4ad">
      <Execution id="b542dc29-b108-4fd8-8b99-83564f006c9d" />
      <TestMethod codeBase="c:/Users/juwilliams/Desktop/Personal/Undead-Planet/UndeadEarth.Test/bin/Debug/UndeadEarth.Test.DLL" adapterTypeName="Microsoft.VisualStudio.TestTools.TestTypes.Unit.UnitTestAdapter, Microsoft.VisualStudio.QualityTools.Tips.UnitTest.Adapter, Version=10.0.0.0, Culture=neutral, PublicKeyToken=b03f5f7f11d50a3a" className="UndeadEarth.Test.Dal.when_retrieving_user_zombie_pack_progress, UndeadEarth.Test, Version=1.0.0.0, Culture=neutral, PublicKeyToken=null" name="should_retrieve_user_zombie_pack_progress_for_user" />
    </UnitTest>
    <UnitTest name="should_truncate_seconds_and_milliseconds_from_times_that_are_being_used_for_calculating_sight_radius" storage="c:\users\juwilliams\desktop\personal\undead-planet\undeadearth.test\bin\debug\undeadearth.test.dll" id="f6ef8399-e04f-58b6-2ee9-2d40209a41f1">
      <Execution id="2aeb77a1-4d0e-499c-8497-12948cab91a5" />
      <TestMethod codeBase="c:/Users/juwilliams/Desktop/Personal/Undead-Planet/UndeadEarth.Test/bin/Debug/UndeadEarth.Test.DLL" adapterTypeName="Microsoft.VisualStudio.TestTools.TestTypes.Unit.UnitTestAdapter, Microsoft.VisualStudio.QualityTools.Tips.UnitTest.Adapter, Version=10.0.0.0, Culture=neutral, PublicKeyToken=b03f5f7f11d50a3a" className="UndeadEarth.Test.Model.when_determining_users_current_sight_radius, UndeadEarth.Test, Version=1.0.0.0, Culture=neutral, PublicKeyToken=null" name="should_truncate_seconds_and_milliseconds_from_times_that_are_being_used_for_calculating_sight_radius" />
    </UnitTest>
    <UnitTest name="should_return_rank_based_on_level" storage="c:\users\juwilliams\desktop\personal\undead-planet\undeadearth.test\bin\debug\undeadearth.test.dll" id="907b6781-056b-79a9-347c-c66f8f73c993">
      <Execution id="a803f986-98f0-48fd-87eb-42a209ae4631" />
      <TestMethod codeBase="c:/Users/juwilliams/Desktop/Personal/Undead-Planet/UndeadEarth.Test/bin/Debug/UndeadEarth.Test.DLL" adapterTypeName="Microsoft.VisualStudio.TestTools.TestTypes.Unit.UnitTestAdapter, Microsoft.VisualStudio.QualityTools.Tips.UnitTest.Adapter, Version=10.0.0.0, Culture=neutral, PublicKeyToken=b03f5f7f11d50a3a" className="UndeadEarth.Test.Dal.when_retrieving_user_rank, UndeadEarth.Test, Version=1.0.0.0, Culture=neutral, PublicKeyToken=null" name="should_return_rank_based_on_level" />
    </UnitTest>
    <UnitTest name="should_save_item_in_user_inventory_and_take_out_of_safe_house_inventory" storage="c:\users\juwilliams\desktop\personal\undead-planet\undeadearth.test\bin\debug\undeadearth.test.dll" id="5f1fabc6-b3c7-d9b8-821e-098ccaf3eed1">
      <Execution id="4bc1d3cf-ea76-40d6-a498-531a361c7fc7" />
      <TestMethod codeBase="c:/Users/juwilliams/Desktop/Personal/Undead-Planet/UndeadEarth.Test/bin/Debug/UndeadEarth.Test.DLL" adapterTypeName="Microsoft.VisualStudio.TestTools.TestTypes.Unit.UnitTestAdapter, Microsoft.VisualStudio.QualityTools.Tips.UnitTest.Adapter, Version=10.0.0.0, Culture=neutral, PublicKeyToken=b03f5f7f11d50a3a" className="UndeadEarth.Test.Model.when_transferring_items_from_safe_house_to_user, UndeadEarth.Test, Version=1.0.0.0, Culture=neutral, PublicKeyToken=null" name="should_save_item_in_user_inventory_and_take_out_of_safe_house_inventory" />
    </UnitTest>
    <UnitTest name="should_throw_error_if_facebook_user_id_is_0_and_retrieval_is_attempted" storage="c:\users\juwilliams\desktop\personal\undead-planet\undeadearth.test\bin\debug\undeadearth.test.dll" id="d10bf695-c889-b70c-ad2f-f77a6c930e0a">
      <Execution id="a4d78a81-fc00-44e9-a976-f36c965e27af" />
      <TestMethod codeBase="c:/Users/juwilliams/Desktop/Personal/Undead-Planet/UndeadEarth.Test/bin/Debug/UndeadEarth.Test.DLL" adapterTypeName="Microsoft.VisualStudio.TestTools.TestTypes.Unit.UnitTestAdapter, Microsoft.VisualStudio.QualityTools.Tips.UnitTest.Adapter, Version=10.0.0.0, Culture=neutral, PublicKeyToken=b03f5f7f11d50a3a" className="UndeadEarth.Test.Dal.when_retrieving_user, UndeadEarth.Test, Version=1.0.0.0, Culture=neutral, PublicKeyToken=null" name="should_throw_error_if_facebook_user_id_is_0_and_retrieval_is_attempted" />
    </UnitTest>
    <UnitTest name="should_create_counts_record_if_none_exists_for_user" storage="c:\users\juwilliams\desktop\personal\undead-planet\undeadearth.test\bin\debug\undeadearth.test.dll" id="4013d892-4605-1c26-5721-43931adf425c">
      <Execution id="78b11317-6209-4311-ad37-e33cde943a4c" />
      <TestMethod codeBase="c:/Users/juwilliams/Desktop/Personal/Undead-Planet/UndeadEarth.Test/bin/Debug/UndeadEarth.Test.DLL" adapterTypeName="Microsoft.VisualStudio.TestTools.TestTypes.Unit.UnitTestAdapter, Microsoft.VisualStudio.QualityTools.Tips.UnitTest.Adapter, Version=10.0.0.0, Culture=neutral, PublicKeyToken=b03f5f7f11d50a3a" className="UndeadEarth.Test.Dal.when_saving_user_counts, UndeadEarth.Test, Version=1.0.0.0, Culture=neutral, PublicKeyToken=null" name="should_create_counts_record_if_none_exists_for_user" />
    </UnitTest>
    <UnitTest name="should_give_user_a_random_amount_of_money_after_hunt" storage="c:\users\juwilliams\desktop\personal\undead-planet\undeadearth.test\bin\debug\undeadearth.test.dll" id="537a0821-9a13-8b7a-298b-1a1d7b7834c1">
      <Execution id="025c3492-4999-47e8-ba6b-0db5c359fe03" />
      <TestMethod codeBase="c:/Users/juwilliams/Desktop/Personal/Undead-Planet/UndeadEarth.Test/bin/Debug/UndeadEarth.Test.DLL" adapterTypeName="Microsoft.VisualStudio.TestTools.TestTypes.Unit.UnitTestAdapter, Microsoft.VisualStudio.QualityTools.Tips.UnitTest.Adapter, Version=10.0.0.0, Culture=neutral, PublicKeyToken=b03f5f7f11d50a3a" className="UndeadEarth.Test.Model.when_hunting_for_zombies, UndeadEarth.Test, Version=1.0.0.0, Culture=neutral, PublicKeyToken=null" name="should_give_user_a_random_amount_of_money_after_hunt" />
    </UnitTest>
    <UnitTest name="should_return_calcuated_sight_radius_for_user_based_on_minutes_passed_since_last_saved_sight_radius" storage="c:\users\juwilliams\desktop\personal\undead-planet\undeadearth.test\bin\debug\undeadearth.test.dll" id="95252275-5d7e-5275-9816-a53a17373eae">
      <Execution id="3d89e56c-5dd5-46b0-94ef-b5e18e8bee94" />
      <TestMethod codeBase="c:/Users/juwilliams/Desktop/Personal/Undead-Planet/UndeadEarth.Test/bin/Debug/UndeadEarth.Test.DLL" adapterTypeName="Microsoft.VisualStudio.TestTools.TestTypes.Unit.UnitTestAdapter, Microsoft.VisualStudio.QualityTools.Tips.UnitTest.Adapter, Version=10.0.0.0, Culture=neutral, PublicKeyToken=b03f5f7f11d50a3a" className="UndeadEarth.Test.Model.when_determining_users_current_sight_radius, UndeadEarth.Test, Version=1.0.0.0, Culture=neutral, PublicKeyToken=null" name="should_return_calcuated_sight_radius_for_user_based_on_minutes_passed_since_last_saved_sight_radius" />
    </UnitTest>
    <UnitTest name="when_checking_user_level_and_zombie_kills_to_update_attributes_should_return_if_user_does_not_exist" storage="c:\users\juwilliams\desktop\personal\undead-planet\undeadearth.test\bin\debug\undeadearth.test.dll" id="86374614-7da2-d70a-a3e6-d86ececa0915">
      <Execution id="69f499c2-73d5-44e4-a38d-38b8879039d1" />
      <TestMethod codeBase="c:/Users/juwilliams/Desktop/Personal/Undead-Planet/UndeadEarth.Test/bin/Debug/UndeadEarth.Test.DLL" adapterTypeName="Microsoft.VisualStudio.TestTools.TestTypes.Unit.UnitTestAdapter, Microsoft.VisualStudio.QualityTools.Tips.UnitTest.Adapter, Version=10.0.0.0, Culture=neutral, PublicKeyToken=b03f5f7f11d50a3a" className="UndeadEarth.Test.Model.when_servicing_user_level_and_attributes, UndeadEarth.Test, Version=1.0.0.0, Culture=neutral, PublicKeyToken=null" name="when_checking_user_level_and_zombie_kills_to_update_attributes_should_return_if_user_does_not_exist" />
    </UnitTest>
    <UnitTest name="should_return_achivement_for_destroying_10_hotzones" storage="c:\users\juwilliams\desktop\personal\undead-planet\undeadearth.test\bin\debug\undeadearth.test.dll" id="49540a47-9778-939f-7252-2442e060eeb3">
      <Execution id="c7c348cd-13d7-425f-82c3-596ca484c383" />
      <TestMethod codeBase="c:/Users/juwilliams/Desktop/Personal/Undead-Planet/UndeadEarth.Test/bin/Debug/UndeadEarth.Test.DLL" adapterTypeName="Microsoft.VisualStudio.TestTools.TestTypes.Unit.UnitTestAdapter, Microsoft.VisualStudio.QualityTools.Tips.UnitTest.Adapter, Version=10.0.0.0, Culture=neutral, PublicKeyToken=b03f5f7f11d50a3a" className="UndeadEarth.Test.Model.when_retrieving_achievements, UndeadEarth.Test, Version=1.0.0.0, Culture=neutral, PublicKeyToken=null" name="should_return_achivement_for_destroying_10_hotzones" />
    </UnitTest>
    <UnitTest name="should_retrieve_users_current_level" storage="c:\users\juwilliams\desktop\personal\undead-planet\undeadearth.test\bin\debug\undeadearth.test.dll" id="a6b9a5f6-83d7-1eba-5a05-ac8e16d1f134">
      <Execution id="d286dc2b-9159-4ac7-ad6d-ead0a09caba1" />
      <TestMethod codeBase="c:/Users/juwilliams/Desktop/Personal/Undead-Planet/UndeadEarth.Test/bin/Debug/UndeadEarth.Test.DLL" adapterTypeName="Microsoft.VisualStudio.TestTools.TestTypes.Unit.UnitTestAdapter, Microsoft.VisualStudio.QualityTools.Tips.UnitTest.Adapter, Version=10.0.0.0, Culture=neutral, PublicKeyToken=b03f5f7f11d50a3a" className="UndeadEarth.Test.Dal.when_retrieving_user, UndeadEarth.Test, Version=1.0.0.0, Culture=neutral, PublicKeyToken=null" name="should_retrieve_users_current_level" />
    </UnitTest>
    <UnitTest name="should_calculate_miles_between_two_points" storage="c:\users\juwilliams\desktop\personal\undead-planet\undeadearth.test\bin\debug\undeadearth.test.dll" id="f395261d-5bed-0fbe-8f0d-91e27b638206">
      <Execution id="6bac3dfa-8b06-49f8-9e58-04d6ebc064d6" />
      <TestMethod codeBase="c:/Users/juwilliams/Desktop/Personal/Undead-Planet/UndeadEarth.Test/bin/Debug/UndeadEarth.Test.DLL" adapterTypeName="Microsoft.VisualStudio.TestTools.TestTypes.Unit.UnitTestAdapter, Microsoft.VisualStudio.QualityTools.Tips.UnitTest.Adapter, Version=10.0.0.0, Culture=neutral, PublicKeyToken=b03f5f7f11d50a3a" className="UndeadEarth.Test.Model.when_calculating_distance, UndeadEarth.Test, Version=1.0.0.0, Culture=neutral, PublicKeyToken=null" name="should_calculate_miles_between_two_points" />
    </UnitTest>
    <UnitTest name="should_return_null_if_user_does_not_exist" storage="c:\users\juwilliams\desktop\personal\undead-planet\undeadearth.test\bin\debug\undeadearth.test.dll" id="9829ccd4-7897-563f-fa8f-058ccd4d2394">
      <Execution id="aab28944-3569-4032-ac7b-943dd110903b" />
      <TestMethod codeBase="c:/Users/juwilliams/Desktop/Personal/Undead-Planet/UndeadEarth.Test/bin/Debug/UndeadEarth.Test.DLL" adapterTypeName="Microsoft.VisualStudio.TestTools.TestTypes.Unit.UnitTestAdapter, Microsoft.VisualStudio.QualityTools.Tips.UnitTest.Adapter, Version=10.0.0.0, Culture=neutral, PublicKeyToken=b03f5f7f11d50a3a" className="UndeadEarth.Test.Dal.when_retrieving_user, UndeadEarth.Test, Version=1.0.0.0, Culture=neutral, PublicKeyToken=null" name="should_return_null_if_user_does_not_exist" />
    </UnitTest>
    <UnitTest name="should_update_hot_zone_if_user_is_on_new_hot_zone" storage="c:\users\juwilliams\desktop\personal\undead-planet\undeadearth.test\bin\debug\undeadearth.test.dll" id="5da90bcc-6e5d-3a2d-e174-d391c0422e11">
      <Execution id="c04a8961-53c6-4677-82f4-29499e956882" />
      <TestMethod codeBase="c:/Users/juwilliams/Desktop/Personal/Undead-Planet/UndeadEarth.Test/bin/Debug/UndeadEarth.Test.DLL" adapterTypeName="Microsoft.VisualStudio.TestTools.TestTypes.Unit.UnitTestAdapter, Microsoft.VisualStudio.QualityTools.Tips.UnitTest.Adapter, Version=10.0.0.0, Culture=neutral, PublicKeyToken=b03f5f7f11d50a3a" className="UndeadEarth.Test.Dal.when_saving_user, UndeadEarth.Test, Version=1.0.0.0, Culture=neutral, PublicKeyToken=null" name="should_update_hot_zone_if_user_is_on_new_hot_zone" />
    </UnitTest>
    <UnitTest name="should_update_zone_user_is_in" storage="c:\users\juwilliams\desktop\personal\undead-planet\undeadearth.test\bin\debug\undeadearth.test.dll" id="d9cc8fd3-0870-25cd-301c-1c45a9609c32">
      <Execution id="1abc8864-9e16-445e-a2f8-51f9e14d6f2f" />
      <TestMethod codeBase="c:/Users/juwilliams/Desktop/Personal/Undead-Planet/UndeadEarth.Test/bin/Debug/UndeadEarth.Test.DLL" adapterTypeName="Microsoft.VisualStudio.TestTools.TestTypes.Unit.UnitTestAdapter, Microsoft.VisualStudio.QualityTools.Tips.UnitTest.Adapter, Version=10.0.0.0, Culture=neutral, PublicKeyToken=b03f5f7f11d50a3a" className="UndeadEarth.Test.Dal.when_saving_user, UndeadEarth.Test, Version=1.0.0.0, Culture=neutral, PublicKeyToken=null" name="should_update_zone_user_is_in" />
    </UnitTest>
    <UnitTest name="should_remove_safe_house_item" storage="c:\users\juwilliams\desktop\personal\undead-planet\undeadearth.test\bin\debug\undeadearth.test.dll" id="f3417486-69dc-de2a-dd50-52fd43d006f5">
      <Execution id="4671038a-a974-4493-b15d-346dcb35cf8a" />
      <TestMethod codeBase="c:/Users/juwilliams/Desktop/Personal/Undead-Planet/UndeadEarth.Test/bin/Debug/UndeadEarth.Test.DLL" adapterTypeName="Microsoft.VisualStudio.TestTools.TestTypes.Unit.UnitTestAdapter, Microsoft.VisualStudio.QualityTools.Tips.UnitTest.Adapter, Version=10.0.0.0, Culture=neutral, PublicKeyToken=b03f5f7f11d50a3a" className="UndeadEarth.Test.Dal.when_retrieving_items, UndeadEarth.Test, Version=1.0.0.0, Culture=neutral, PublicKeyToken=null" name="should_remove_safe_house_item" />
    </UnitTest>
    <UnitTest name="should_take_into_consideration_equipped_items_when_determining_min_sight_radius" storage="c:\users\juwilliams\desktop\personal\undead-planet\undeadearth.test\bin\debug\undeadearth.test.dll" id="ba999509-487a-7f04-1438-f406952dc58e">
      <Execution id="373fd7c2-9eec-461c-b502-6bbc837bb3bb" />
      <TestMethod codeBase="c:/Users/juwilliams/Desktop/Personal/Undead-Planet/UndeadEarth.Test/bin/Debug/UndeadEarth.Test.DLL" adapterTypeName="Microsoft.VisualStudio.TestTools.TestTypes.Unit.UnitTestAdapter, Microsoft.VisualStudio.QualityTools.Tips.UnitTest.Adapter, Version=10.0.0.0, Culture=neutral, PublicKeyToken=b03f5f7f11d50a3a" className="UndeadEarth.Test.Model.when_determining_users_current_sight_radius, UndeadEarth.Test, Version=1.0.0.0, Culture=neutral, PublicKeyToken=null" name="should_take_into_consideration_equipped_items_when_determining_min_sight_radius" />
    </UnitTest>
    <UnitTest name="should_return_false_if_safe_house_does_not_exist" storage="c:\users\juwilliams\desktop\personal\undead-planet\undeadearth.test\bin\debug\undeadearth.test.dll" id="11b9b59c-993f-c435-5dd4-71b20fb4e5e5">
      <Execution id="40d97d0b-9c96-407b-b124-cbb9525c4883" />
      <TestMethod codeBase="c:/Users/juwilliams/Desktop/Personal/Undead-Planet/UndeadEarth.Test/bin/Debug/UndeadEarth.Test.DLL" adapterTypeName="Microsoft.VisualStudio.TestTools.TestTypes.Unit.UnitTestAdapter, Microsoft.VisualStudio.QualityTools.Tips.UnitTest.Adapter, Version=10.0.0.0, Culture=neutral, PublicKeyToken=b03f5f7f11d50a3a" className="UndeadEarth.Test.Dal.when_retrieving_safe_houses, UndeadEarth.Test, Version=1.0.0.0, Culture=neutral, PublicKeyToken=null" name="should_return_false_if_safe_house_does_not_exist" />
    </UnitTest>
    <UnitTest name="should_increment_hotzones_destroyed" storage="c:\users\juwilliams\desktop\personal\undead-planet\undeadearth.test\bin\debug\undeadearth.test.dll" id="50a0e180-73b1-f3e2-9755-9dfe75491e60">
      <Execution id="d8d9ca3a-e3d8-4ba8-be17-169adcf64cd7" />
      <TestMethod codeBase="c:/Users/juwilliams/Desktop/Personal/Undead-Planet/UndeadEarth.Test/bin/Debug/UndeadEarth.Test.DLL" adapterTypeName="Microsoft.VisualStudio.TestTools.TestTypes.Unit.UnitTestAdapter, Microsoft.VisualStudio.QualityTools.Tips.UnitTest.Adapter, Version=10.0.0.0, Culture=neutral, PublicKeyToken=b03f5f7f11d50a3a" className="UndeadEarth.Test.Dal.when_saving_user_counts, UndeadEarth.Test, Version=1.0.0.0, Culture=neutral, PublicKeyToken=null" name="should_increment_hotzones_destroyed" />
    </UnitTest>
    <UnitTest name="should_retrieve_stores_associated_with_hotzone" storage="c:\users\juwilliams\desktop\personal\undead-planet\undeadearth.test\bin\debug\undeadearth.test.dll" id="a882d58c-8888-fab1-21e4-618bb71ae1ce">
      <Execution id="912381d3-f477-4987-a0e3-2f62a6ded265" />
      <TestMethod codeBase="c:/Users/juwilliams/Desktop/Personal/Undead-Planet/UndeadEarth.Test/bin/Debug/UndeadEarth.Test.DLL" adapterTypeName="Microsoft.VisualStudio.TestTools.TestTypes.Unit.UnitTestAdapter, Microsoft.VisualStudio.QualityTools.Tips.UnitTest.Adapter, Version=10.0.0.0, Culture=neutral, PublicKeyToken=b03f5f7f11d50a3a" className="UndeadEarth.Test.Dal.when_retrieving_stores, UndeadEarth.Test, Version=1.0.0.0, Culture=neutral, PublicKeyToken=null" name="should_retrieve_stores_associated_with_hotzone" />
    </UnitTest>
    <UnitTest name="should_set_base_line_for_users_max_potential_if_last_hotzone_visited_is_null" storage="c:\users\juwilliams\desktop\personal\undead-planet\undeadearth.test\bin\debug\undeadearth.test.dll" id="95fac6cd-cd0a-1020-088f-f907c1eb2032">
      <Execution id="38b8a48e-9502-499f-92b7-57b2b7698540" />
      <TestMethod codeBase="c:/Users/juwilliams/Desktop/Personal/Undead-Planet/UndeadEarth.Test/bin/Debug/UndeadEarth.Test.DLL" adapterTypeName="Microsoft.VisualStudio.TestTools.TestTypes.Unit.UnitTestAdapter, Microsoft.VisualStudio.QualityTools.Tips.UnitTest.Adapter, Version=10.0.0.0, Culture=neutral, PublicKeyToken=b03f5f7f11d50a3a" className="UndeadEarth.Test.Model.when_determining_zombie_pack_progress, UndeadEarth.Test, Version=1.0.0.0, Culture=neutral, PublicKeyToken=null" name="should_set_base_line_for_users_max_potential_if_last_hotzone_visited_is_null" />
    </UnitTest>
    <UnitTest name="should_return_null_for_base_sight_radius_if_user_exists_but_max_sight_radius_is_null" storage="c:\users\juwilliams\desktop\personal\undead-planet\undeadearth.test\bin\debug\undeadearth.test.dll" id="55ffc7bf-3f9e-b38d-348c-5fc84dd1b9ed">
      <Execution id="ecff82e1-9900-42fd-93b0-49f74348b878" />
      <TestMethod codeBase="c:/Users/juwilliams/Desktop/Personal/Undead-Planet/UndeadEarth.Test/bin/Debug/UndeadEarth.Test.DLL" adapterTypeName="Microsoft.VisualStudio.TestTools.TestTypes.Unit.UnitTestAdapter, Microsoft.VisualStudio.QualityTools.Tips.UnitTest.Adapter, Version=10.0.0.0, Culture=neutral, PublicKeyToken=b03f5f7f11d50a3a" className="UndeadEarth.Test.Dal.when_retrieving_user_sight_radius, UndeadEarth.Test, Version=1.0.0.0, Culture=neutral, PublicKeyToken=null" name="should_return_null_for_base_sight_radius_if_user_exists_but_max_sight_radius_is_null" />
    </UnitTest>
    <UnitTest name="should_return_the_summation_of_the_attack_powers_of_items_on_person" storage="c:\users\juwilliams\desktop\personal\undead-planet\undeadearth.test\bin\debug\undeadearth.test.dll" id="19198647-e17a-fca8-64d0-a720ab9e3894">
      <Execution id="0bb1eef3-6284-4c3c-915c-5f5100edca3d" />
      <TestMethod codeBase="c:/Users/juwilliams/Desktop/Personal/Undead-Planet/UndeadEarth.Test/bin/Debug/UndeadEarth.Test.DLL" adapterTypeName="Microsoft.VisualStudio.TestTools.TestTypes.Unit.UnitTestAdapter, Microsoft.VisualStudio.QualityTools.Tips.UnitTest.Adapter, Version=10.0.0.0, Culture=neutral, PublicKeyToken=b03f5f7f11d50a3a" className="UndeadEarth.Test.Model.when_retrieving_user_attack_power, UndeadEarth.Test, Version=1.0.0.0, Culture=neutral, PublicKeyToken=null" name="should_return_the_summation_of_the_attack_powers_of_items_on_person" />
    </UnitTest>
    <UnitTest name="should_return_a_hunt_count_of_11_to_15_if_resolved_as_an_medium_hotzone" storage="c:\users\juwilliams\desktop\personal\undead-planet\undeadearth.test\bin\debug\undeadearth.test.dll" id="a3c6ca82-cc13-6187-156d-3e74897a9d8f">
      <Execution id="d3c3f82a-5437-4f03-9b65-12d4169d3045" />
      <TestMethod codeBase="c:/Users/juwilliams/Desktop/Personal/Undead-Planet/UndeadEarth.Test/bin/Debug/UndeadEarth.Test.DLL" adapterTypeName="Microsoft.VisualStudio.TestTools.TestTypes.Unit.UnitTestAdapter, Microsoft.VisualStudio.QualityTools.Tips.UnitTest.Adapter, Version=10.0.0.0, Culture=neutral, PublicKeyToken=b03f5f7f11d50a3a" className="UndeadEarth.Test.Model.when_determining_zombie_pack_progress, UndeadEarth.Test, Version=1.0.0.0, Culture=neutral, PublicKeyToken=null" name="should_return_a_hunt_count_of_11_to_15_if_resolved_as_an_medium_hotzone" />
    </UnitTest>
    <UnitTest name="should_return_the_amount_of_money_the_user_currently_has" storage="c:\users\juwilliams\desktop\personal\undead-planet\undeadearth.test\bin\debug\undeadearth.test.dll" id="6beb3a34-356e-6f1e-6b50-8d176c416598">
      <Execution id="f99e7284-af9a-4780-8cbb-d745513c3766" />
      <TestMethod codeBase="c:/Users/juwilliams/Desktop/Personal/Undead-Planet/UndeadEarth.Test/bin/Debug/UndeadEarth.Test.DLL" adapterTypeName="Microsoft.VisualStudio.TestTools.TestTypes.Unit.UnitTestAdapter, Microsoft.VisualStudio.QualityTools.Tips.UnitTest.Adapter, Version=10.0.0.0, Culture=neutral, PublicKeyToken=b03f5f7f11d50a3a" className="UndeadEarth.Test.Dal.when_retrieving_user, UndeadEarth.Test, Version=1.0.0.0, Culture=neutral, PublicKeyToken=null" name="should_return_the_amount_of_money_the_user_currently_has" />
    </UnitTest>
    <UnitTest name="should_return_base_eneryg_plus_any_equiped_items_that_affect_energy" storage="c:\users\juwilliams\desktop\personal\undead-planet\undeadearth.test\bin\debug\undeadearth.test.dll" id="17d3f4ec-e921-82a2-da9d-9f4177b91ac9">
      <Execution id="a61dbb30-3255-44b9-b7a4-da0be2a79a4b" />
      <TestMethod codeBase="c:/Users/juwilliams/Desktop/Personal/Undead-Planet/UndeadEarth.Test/bin/Debug/UndeadEarth.Test.DLL" adapterTypeName="Microsoft.VisualStudio.TestTools.TestTypes.Unit.UnitTestAdapter, Microsoft.VisualStudio.QualityTools.Tips.UnitTest.Adapter, Version=10.0.0.0, Culture=neutral, PublicKeyToken=b03f5f7f11d50a3a" className="UndeadEarth.Test.Model.when_determining_users_max_energy, UndeadEarth.Test, Version=1.0.0.0, Culture=neutral, PublicKeyToken=null" name="should_return_base_eneryg_plus_any_equiped_items_that_affect_energy" />
    </UnitTest>
    <UnitTest name="should_return_achievement_for_peak_zombies_1000" storage="c:\users\juwilliams\desktop\personal\undead-planet\undeadearth.test\bin\debug\undeadearth.test.dll" id="d531988b-f1bb-cf47-5dc0-2ed134630321">
      <Execution id="0788472b-9a5f-4cf5-ab05-743a833e64eb" />
      <TestMethod codeBase="c:/Users/juwilliams/Desktop/Personal/Undead-Planet/UndeadEarth.Test/bin/Debug/UndeadEarth.Test.DLL" adapterTypeName="Microsoft.VisualStudio.TestTools.TestTypes.Unit.UnitTestAdapter, Microsoft.VisualStudio.QualityTools.Tips.UnitTest.Adapter, Version=10.0.0.0, Culture=neutral, PublicKeyToken=b03f5f7f11d50a3a" className="UndeadEarth.Test.Model.when_retrieving_achievements, UndeadEarth.Test, Version=1.0.0.0, Culture=neutral, PublicKeyToken=null" name="should_return_achievement_for_peak_zombies_1000" />
    </UnitTest>
    <UnitTest name="should_return_achievement_for_destroying_100_zombie_packs" storage="c:\users\juwilliams\desktop\personal\undead-planet\undeadearth.test\bin\debug\undeadearth.test.dll" id="8cca1161-4d2c-f0a6-91e9-079cbe2f9201">
      <Execution id="6f47a262-2878-48ed-97d2-f9577ec94fb5" />
      <TestMethod codeBase="c:/Users/juwilliams/Desktop/Personal/Undead-Planet/UndeadEarth.Test/bin/Debug/UndeadEarth.Test.DLL" adapterTypeName="Microsoft.VisualStudio.TestTools.TestTypes.Unit.UnitTestAdapter, Microsoft.VisualStudio.QualityTools.Tips.UnitTest.Adapter, Version=10.0.0.0, Culture=neutral, PublicKeyToken=b03f5f7f11d50a3a" className="UndeadEarth.Test.Model.when_retrieving_achievements, UndeadEarth.Test, Version=1.0.0.0, Culture=neutral, PublicKeyToken=null" name="should_return_achievement_for_destroying_100_zombie_packs" />
    </UnitTest>
    <UnitTest name="should_return_true_if_zombiepack_exists" storage="c:\users\juwilliams\desktop\personal\undead-planet\undeadearth.test\bin\debug\undeadearth.test.dll" id="21e42ea8-d73d-440e-e599-8f8f475201e3">
      <Execution id="e76941bb-ce8e-42e7-b427-492990cf62ca" />
      <TestMethod codeBase="c:/Users/juwilliams/Desktop/Personal/Undead-Planet/UndeadEarth.Test/bin/Debug/UndeadEarth.Test.DLL" adapterTypeName="Microsoft.VisualStudio.TestTools.TestTypes.Unit.UnitTestAdapter, Microsoft.VisualStudio.QualityTools.Tips.UnitTest.Adapter, Version=10.0.0.0, Culture=neutral, PublicKeyToken=b03f5f7f11d50a3a" className="UndeadEarth.Test.Dal.when_checking_if_zombie_pack_exists, UndeadEarth.Test, Version=1.0.0.0, Culture=neutral, PublicKeyToken=null" name="should_return_true_if_zombiepack_exists" />
    </UnitTest>
    <UnitTest name="should_set_energy_to_100_for_user_who_exists_but_does_not_have_a_max_energy_value" storage="c:\users\juwilliams\desktop\personal\undead-planet\undeadearth.test\bin\debug\undeadearth.test.dll" id="9e0a45ef-94e7-5d2e-296e-d43084cdb72d">
      <Execution id="77333b12-2568-4618-b963-446a3955ec6d" />
      <TestMethod codeBase="c:/Users/juwilliams/Desktop/Personal/Undead-Planet/UndeadEarth.Test/bin/Debug/UndeadEarth.Test.DLL" adapterTypeName="Microsoft.VisualStudio.TestTools.TestTypes.Unit.UnitTestAdapter, Microsoft.VisualStudio.QualityTools.Tips.UnitTest.Adapter, Version=10.0.0.0, Culture=neutral, PublicKeyToken=b03f5f7f11d50a3a" className="UndeadEarth.Test.Model.when_determining_users_current_energy, UndeadEarth.Test, Version=1.0.0.0, Culture=neutral, PublicKeyToken=null" name="should_set_energy_to_100_for_user_who_exists_but_does_not_have_a_max_energy_value" />
    </UnitTest>
    <UnitTest name="should_return_user_if_user_exists" storage="c:\users\juwilliams\desktop\personal\undead-planet\undeadearth.test\bin\debug\undeadearth.test.dll" id="03d17922-b162-d76b-31f6-f34eb647e676">
      <Execution id="e819da75-5a46-4c6d-9723-584cfec574d8" />
      <TestMethod codeBase="c:/Users/juwilliams/Desktop/Personal/Undead-Planet/UndeadEarth.Test/bin/Debug/UndeadEarth.Test.DLL" adapterTypeName="Microsoft.VisualStudio.TestTools.TestTypes.Unit.UnitTestAdapter, Microsoft.VisualStudio.QualityTools.Tips.UnitTest.Adapter, Version=10.0.0.0, Culture=neutral, PublicKeyToken=b03f5f7f11d50a3a" className="UndeadEarth.Test.Dal.when_retrieving_user, UndeadEarth.Test, Version=1.0.0.0, Culture=neutral, PublicKeyToken=null" name="should_return_user_if_user_exists" />
    </UnitTest>
    <UnitTest name="should_return_false_if_user_does_not_have_item" storage="c:\users\juwilliams\desktop\personal\undead-planet\undeadearth.test\bin\debug\undeadearth.test.dll" id="ef68a9ee-23ea-2d7b-e344-622c97db6fd2">
      <Execution id="11b8ba16-9a7c-4881-a65d-da96a5667675" />
      <TestMethod codeBase="c:/Users/juwilliams/Desktop/Personal/Undead-Planet/UndeadEarth.Test/bin/Debug/UndeadEarth.Test.DLL" adapterTypeName="Microsoft.VisualStudio.TestTools.TestTypes.Unit.UnitTestAdapter, Microsoft.VisualStudio.QualityTools.Tips.UnitTest.Adapter, Version=10.0.0.0, Culture=neutral, PublicKeyToken=b03f5f7f11d50a3a" className="UndeadEarth.Test.Dal.when_retrieving_items, UndeadEarth.Test, Version=1.0.0.0, Culture=neutral, PublicKeyToken=null" name="should_return_false_if_user_does_not_have_item" />
    </UnitTest>
    <UnitTest name="should_get_user_item_id" storage="c:\users\juwilliams\desktop\personal\undead-planet\undeadearth.test\bin\debug\undeadearth.test.dll" id="540edc62-4548-f51c-ae34-777932919c2f">
      <Execution id="cf45a54d-7971-458d-a181-254ab5ba197d" />
      <TestMethod codeBase="c:/Users/juwilliams/Desktop/Personal/Undead-Planet/UndeadEarth.Test/bin/Debug/UndeadEarth.Test.DLL" adapterTypeName="Microsoft.VisualStudio.TestTools.TestTypes.Unit.UnitTestAdapter, Microsoft.VisualStudio.QualityTools.Tips.UnitTest.Adapter, Version=10.0.0.0, Culture=neutral, PublicKeyToken=b03f5f7f11d50a3a" className="UndeadEarth.Test.Dal.when_retrieving_items, UndeadEarth.Test, Version=1.0.0.0, Culture=neutral, PublicKeyToken=null" name="should_get_user_item_id" />
    </UnitTest>
    <UnitTest name="the_starting_location_should_be_saved" storage="c:\users\juwilliams\desktop\personal\undead-planet\undeadearth.test\bin\debug\undeadearth.test.dll" id="f5ca8613-0214-ec34-e723-d1095b6a17b4">
      <Execution id="49a76140-eb9e-4e02-9138-c7ac805a0fdc" />
      <TestMethod codeBase="c:/Users/juwilliams/Desktop/Personal/Undead-Planet/UndeadEarth.Test/bin/Debug/UndeadEarth.Test.DLL" adapterTypeName="Microsoft.VisualStudio.TestTools.TestTypes.Unit.UnitTestAdapter, Microsoft.VisualStudio.QualityTools.Tips.UnitTest.Adapter, Version=10.0.0.0, Culture=neutral, PublicKeyToken=b03f5f7f11d50a3a" className="UndeadEarth.Test.Dal.when_inserting_user, UndeadEarth.Test, Version=1.0.0.0, Culture=neutral, PublicKeyToken=null" name="the_starting_location_should_be_saved" />
    </UnitTest>
    <UnitTest name="should_update_users_base_attack" storage="c:\users\juwilliams\desktop\personal\undead-planet\undeadearth.test\bin\debug\undeadearth.test.dll" id="c154fab6-7379-ae56-989a-e56b1649db90">
      <Execution id="43138f96-32e6-4a73-8893-9871dbaaff45" />
      <TestMethod codeBase="c:/Users/juwilliams/Desktop/Personal/Undead-Planet/UndeadEarth.Test/bin/Debug/UndeadEarth.Test.DLL" adapterTypeName="Microsoft.VisualStudio.TestTools.TestTypes.Unit.UnitTestAdapter, Microsoft.VisualStudio.QualityTools.Tips.UnitTest.Adapter, Version=10.0.0.0, Culture=neutral, PublicKeyToken=b03f5f7f11d50a3a" className="UndeadEarth.Test.Dal.when_saving_user, UndeadEarth.Test, Version=1.0.0.0, Culture=neutral, PublicKeyToken=null" name="should_update_users_base_attack" />
    </UnitTest>
    <UnitTest name="should_return_achievement_for_killing_100000_zombies" storage="c:\users\juwilliams\desktop\personal\undead-planet\undeadearth.test\bin\debug\undeadearth.test.dll" id="0e9255e8-5116-355b-a604-cafe47e04c3c">
      <Execution id="e8e197c6-6ff7-4f3c-a5a7-41b5c22b2a67" />
      <TestMethod codeBase="c:/Users/juwilliams/Desktop/Personal/Undead-Planet/UndeadEarth.Test/bin/Debug/UndeadEarth.Test.DLL" adapterTypeName="Microsoft.VisualStudio.TestTools.TestTypes.Unit.UnitTestAdapter, Microsoft.VisualStudio.QualityTools.Tips.UnitTest.Adapter, Version=10.0.0.0, Culture=neutral, PublicKeyToken=b03f5f7f11d50a3a" className="UndeadEarth.Test.Model.when_retrieving_achievements, UndeadEarth.Test, Version=1.0.0.0, Culture=neutral, PublicKeyToken=null" name="should_return_achievement_for_killing_100000_zombies" />
    </UnitTest>
    <UnitTest name="should_return_list_of_user_items_from_user_id" storage="c:\users\juwilliams\desktop\personal\undead-planet\undeadearth.test\bin\debug\undeadearth.test.dll" id="d1295b3d-b18a-9feb-b9f7-b8d24a1390b4">
      <Execution id="e1334785-6282-4cf5-9ec4-35a9539a4bc7" />
      <TestMethod codeBase="c:/Users/juwilliams/Desktop/Personal/Undead-Planet/UndeadEarth.Test/bin/Debug/UndeadEarth.Test.DLL" adapterTypeName="Microsoft.VisualStudio.TestTools.TestTypes.Unit.UnitTestAdapter, Microsoft.VisualStudio.QualityTools.Tips.UnitTest.Adapter, Version=10.0.0.0, Culture=neutral, PublicKeyToken=b03f5f7f11d50a3a" className="UndeadEarth.Test.Dal.when_retrieving_items, UndeadEarth.Test, Version=1.0.0.0, Culture=neutral, PublicKeyToken=null" name="should_return_list_of_user_items_from_user_id" />
    </UnitTest>
    <UnitTest name="should_return_energy_along_with_any_energy_increase_from_buying_different_items_and_no_items_in_safehouse" storage="c:\users\juwilliams\desktop\personal\undead-planet\undeadearth.test\bin\debug\undeadearth.test.dll" id="b0037f39-501d-0ae0-4207-fd773fffa4a6">
      <Execution id="293be55e-7555-4ab5-af78-f8d49efc100c" />
      <TestMethod codeBase="c:/Users/juwilliams/Desktop/Personal/Undead-Planet/UndeadEarth.Test/bin/Debug/UndeadEarth.Test.DLL" adapterTypeName="Microsoft.VisualStudio.TestTools.TestTypes.Unit.UnitTestAdapter, Microsoft.VisualStudio.QualityTools.Tips.UnitTest.Adapter, Version=10.0.0.0, Culture=neutral, PublicKeyToken=b03f5f7f11d50a3a" className="UndeadEarth.Test.Model.when_determining_users_max_potential_energy, UndeadEarth.Test, Version=1.0.0.0, Culture=neutral, PublicKeyToken=null" name="should_return_energy_along_with_any_energy_increase_from_buying_different_items_and_no_items_in_safehouse" />
    </UnitTest>
    <UnitTest name="should_not_hunt_if_zombie_pack_doesnt_exist" storage="c:\users\juwilliams\desktop\personal\undead-planet\undeadearth.test\bin\debug\undeadearth.test.dll" id="9e682854-c61c-e4ee-d65c-e57b13656d39">
      <Execution id="2a3a6958-70af-4c53-8b8d-fa6691bb50f7" />
      <TestMethod codeBase="c:/Users/juwilliams/Desktop/Personal/Undead-Planet/UndeadEarth.Test/bin/Debug/UndeadEarth.Test.DLL" adapterTypeName="Microsoft.VisualStudio.TestTools.TestTypes.Unit.UnitTestAdapter, Microsoft.VisualStudio.QualityTools.Tips.UnitTest.Adapter, Version=10.0.0.0, Culture=neutral, PublicKeyToken=b03f5f7f11d50a3a" className="UndeadEarth.Test.Model.when_hunting_for_zombies, UndeadEarth.Test, Version=1.0.0.0, Culture=neutral, PublicKeyToken=null" name="should_not_hunt_if_zombie_pack_doesnt_exist" />
    </UnitTest>
    <UnitTest name="should_disregard_if_user_does_not_have_enough_money" storage="c:\users\juwilliams\desktop\personal\undead-planet\undeadearth.test\bin\debug\undeadearth.test.dll" id="27a4ff3c-3eae-1669-f1bc-bcc06d02612f">
      <Execution id="2f4733ac-4610-4195-acef-9e5285dac2ec" />
      <TestMethod codeBase="c:/Users/juwilliams/Desktop/Personal/Undead-Planet/UndeadEarth.Test/bin/Debug/UndeadEarth.Test.DLL" adapterTypeName="Microsoft.VisualStudio.TestTools.TestTypes.Unit.UnitTestAdapter, Microsoft.VisualStudio.QualityTools.Tips.UnitTest.Adapter, Version=10.0.0.0, Culture=neutral, PublicKeyToken=b03f5f7f11d50a3a" className="UndeadEarth.Test.Model.when_buying_items_from_shop, UndeadEarth.Test, Version=1.0.0.0, Culture=neutral, PublicKeyToken=null" name="should_disregard_if_user_does_not_have_enough_money" />
    </UnitTest>
    <UnitTest name="should_return_energy_cost_at_5_percent_of_maximum_potential" storage="c:\users\juwilliams\desktop\personal\undead-planet\undeadearth.test\bin\debug\undeadearth.test.dll" id="66e87870-2f0c-1802-4a46-f39d5c5c0c20">
      <Execution id="cd254121-15fe-43d4-82c7-aeeda927c9a1" />
      <TestMethod codeBase="c:/Users/juwilliams/Desktop/Personal/Undead-Planet/UndeadEarth.Test/bin/Debug/UndeadEarth.Test.DLL" adapterTypeName="Microsoft.VisualStudio.TestTools.TestTypes.Unit.UnitTestAdapter, Microsoft.VisualStudio.QualityTools.Tips.UnitTest.Adapter, Version=10.0.0.0, Culture=neutral, PublicKeyToken=b03f5f7f11d50a3a" className="UndeadEarth.Test.Model.when_determining_energy_cost_for_hunting_at_zombie_pack, UndeadEarth.Test, Version=1.0.0.0, Culture=neutral, PublicKeyToken=null" name="should_return_energy_cost_at_5_percent_of_maximum_potential" />
    </UnitTest>
    <UnitTest name="should_change_users_energy_if_item_has_energy_attribute_not_equal_to_zero" storage="c:\users\juwilliams\desktop\personal\undead-planet\undeadearth.test\bin\debug\undeadearth.test.dll" id="b25aa57b-bb9a-f05f-4179-18f54e514dcd">
      <Execution id="ef456f44-6ac8-4a73-839b-8bf569d63712" />
      <TestMethod codeBase="c:/Users/juwilliams/Desktop/Personal/Undead-Planet/UndeadEarth.Test/bin/Debug/UndeadEarth.Test.DLL" adapterTypeName="Microsoft.VisualStudio.TestTools.TestTypes.Unit.UnitTestAdapter, Microsoft.VisualStudio.QualityTools.Tips.UnitTest.Adapter, Version=10.0.0.0, Culture=neutral, PublicKeyToken=b03f5f7f11d50a3a" className="UndeadEarth.Test.Model.when_using_items, UndeadEarth.Test, Version=1.0.0.0, Culture=neutral, PublicKeyToken=null" name="should_change_users_energy_if_item_has_energy_attribute_not_equal_to_zero" />
    </UnitTest>
  </TestDefinitions>
  <TestLists>
    <TestList name="Results Not in a List" id="8c84fa94-04c1-424b-9868-57a2d4851a1d" />
    <TestList name="All Loaded Results" id="19431567-8539-422a-85d7-44ee4e166bda" />
  </TestLists>
  <TestEntries>
    <TestEntry testId="00803d11-60d8-3003-79e6-d2290acd2110" executionId="42242b35-6bff-4890-8aa8-83290813ee7b" testListId="8c84fa94-04c1-424b-9868-57a2d4851a1d" />
    <TestEntry testId="00f036f8-7ea4-f115-2065-21a527c875c4" executionId="be4fbaed-22d1-4008-a138-feb0b8190665" testListId="8c84fa94-04c1-424b-9868-57a2d4851a1d" />
    <TestEntry testId="01475b3a-fc7d-1f41-65ba-f4ddf4a86946" executionId="ed3a0b20-748f-4b55-af09-b55922edf785" testListId="8c84fa94-04c1-424b-9868-57a2d4851a1d" />
    <TestEntry testId="01612aab-c0ea-12bb-1a12-76fce19990e3" executionId="f29581e7-692d-44e1-9741-8cd2f5322236" testListId="8c84fa94-04c1-424b-9868-57a2d4851a1d" />
    <TestEntry testId="027692e3-3856-06fd-bce6-644a6cf7eb82" executionId="1907b52c-2fb6-40eb-b873-a7758d83e7b8" testListId="8c84fa94-04c1-424b-9868-57a2d4851a1d" />
    <TestEntry testId="03a8dd14-ba0a-c947-44ec-1c0c4c677ff9" executionId="f62c27b7-a550-4119-ae79-640d7608e1fa" testListId="8c84fa94-04c1-424b-9868-57a2d4851a1d" />
    <TestEntry testId="03d17922-b162-d76b-31f6-f34eb647e676" executionId="e819da75-5a46-4c6d-9723-584cfec574d8" testListId="8c84fa94-04c1-424b-9868-57a2d4851a1d" />
    <TestEntry testId="05ef1086-81f0-526c-3f9d-15b7821d9bae" executionId="ba185ae0-d4c7-41e6-bc30-df4e493f497d" testListId="8c84fa94-04c1-424b-9868-57a2d4851a1d" />
    <TestEntry testId="08042b30-bcf9-bd89-006e-14ec4c40ac45" executionId="52e31386-ccaf-4a19-baa2-3399aefefc4e" testListId="8c84fa94-04c1-424b-9868-57a2d4851a1d" />
    <TestEntry testId="08b982f7-3805-00b2-b01e-402a8abcd2ab" executionId="bd90f1c8-ec9c-4f6a-af9f-c631f29f49ac" testListId="8c84fa94-04c1-424b-9868-57a2d4851a1d" />
    <TestEntry testId="0c8abc46-7ae3-a530-a75d-2f31cb9a36fc" executionId="a57ae28a-a305-4386-acbe-9188cd30fde8" testListId="8c84fa94-04c1-424b-9868-57a2d4851a1d" />
    <TestEntry testId="0da63870-00bb-b6e5-56ff-c32676768cb3" executionId="081b97ed-2837-4ca3-9e1b-c2dec1a1f2ab" testListId="8c84fa94-04c1-424b-9868-57a2d4851a1d" />
    <TestEntry testId="0e9255e8-5116-355b-a604-cafe47e04c3c" executionId="e8e197c6-6ff7-4f3c-a5a7-41b5c22b2a67" testListId="8c84fa94-04c1-424b-9868-57a2d4851a1d" />
    <TestEntry testId="0ee84f2b-31e9-0047-e6f0-0ec71b544574" executionId="5517dce2-bd91-4f5f-b358-4a7cc3df0832" testListId="8c84fa94-04c1-424b-9868-57a2d4851a1d" />
    <TestEntry testId="10dff579-2252-675a-f00d-0bb39990c8c6" executionId="7f86f3cf-90bc-449c-9c2a-05d5a8a8951e" testListId="8c84fa94-04c1-424b-9868-57a2d4851a1d" />
    <TestEntry testId="1176458c-eb17-c2d6-8c27-e75b41695c1a" executionId="9ccbcd47-f79d-4da6-8c7f-dc78f4289061" testListId="8c84fa94-04c1-424b-9868-57a2d4851a1d" />
    <TestEntry testId="11b9b59c-993f-c435-5dd4-71b20fb4e5e5" executionId="40d97d0b-9c96-407b-b124-cbb9525c4883" testListId="8c84fa94-04c1-424b-9868-57a2d4851a1d" />
    <TestEntry testId="11ca7b9d-e2f9-e5ce-6eed-7e1247933dec" executionId="996eb9de-4a8f-4837-8144-865bc15b1ca5" testListId="8c84fa94-04c1-424b-9868-57a2d4851a1d" />
    <TestEntry testId="1339f28e-8dc2-ea63-491b-e46002a2f545" executionId="cb94f7f7-6b51-469f-b84f-625554dec070" testListId="8c84fa94-04c1-424b-9868-57a2d4851a1d" />
    <TestEntry testId="13954612-b76a-9796-df53-2efe3530832a" executionId="bd0b6ef2-3b13-4f37-9402-f6223e45c11f" testListId="8c84fa94-04c1-424b-9868-57a2d4851a1d" />
    <TestEntry testId="1426a62d-a078-b4b5-817b-9f560bfc1dfe" executionId="da380121-dfc2-43b5-a16e-4d6132a6bad9" testListId="8c84fa94-04c1-424b-9868-57a2d4851a1d" />
    <TestEntry testId="147b1cfd-fcbf-4ec1-a009-05f059879e52" executionId="9815654a-d8c7-4ee2-9b55-28a54f708d02" testListId="8c84fa94-04c1-424b-9868-57a2d4851a1d" />
    <TestEntry testId="15d93832-4f17-b3dc-992d-8c3088d960e1" executionId="3bff1de4-f4b8-4d5e-ae20-4cc3fb291600" testListId="8c84fa94-04c1-424b-9868-57a2d4851a1d" />
    <TestEntry testId="162e548e-a661-0b73-7a6e-7c4d1ab7a750" executionId="d610d149-4803-4bf6-b377-b46d9734530d" testListId="8c84fa94-04c1-424b-9868-57a2d4851a1d" />
    <TestEntry testId="166bc0da-4e9a-a151-a5ee-18d3adcd0291" executionId="6c9f3cf0-a881-42b3-8792-67eeaccf8706" testListId="8c84fa94-04c1-424b-9868-57a2d4851a1d" />
    <TestEntry testId="17c9071b-a2b6-56fe-9dc6-b3135a8d71e5" executionId="be754c80-34d1-46a1-9c10-b3c62254c1ac" testListId="8c84fa94-04c1-424b-9868-57a2d4851a1d" />
    <TestEntry testId="17d3f4ec-e921-82a2-da9d-9f4177b91ac9" executionId="a61dbb30-3255-44b9-b7a4-da0be2a79a4b" testListId="8c84fa94-04c1-424b-9868-57a2d4851a1d" />
    <TestEntry testId="19198647-e17a-fca8-64d0-a720ab9e3894" executionId="0bb1eef3-6284-4c3c-915c-5f5100edca3d" testListId="8c84fa94-04c1-424b-9868-57a2d4851a1d" />
    <TestEntry testId="1ade4597-88a4-ccb5-c182-1ea16f848376" executionId="c592efbb-b13e-4c77-9589-324e247ff460" testListId="8c84fa94-04c1-424b-9868-57a2d4851a1d" />
    <TestEntry testId="1b56219d-f99d-2b01-66f0-01c3b94f4ee2" executionId="38f9c22d-4f27-4875-9192-653aa44fcef0" testListId="8c84fa94-04c1-424b-9868-57a2d4851a1d" />
    <TestEntry testId="1cb99b44-08d0-1c2c-78e8-64869fef3154" executionId="5fa110f4-20b3-4738-a4fe-d67f810ac030" testListId="8c84fa94-04c1-424b-9868-57a2d4851a1d" />
    <TestEntry testId="1f745c7b-d05c-6f7b-abbb-12ef8bc4e839" executionId="2a0eb33f-2ac0-4ded-8515-0eebfd0e68ec" testListId="8c84fa94-04c1-424b-9868-57a2d4851a1d" />
    <TestEntry testId="1f98f9e8-cb47-74ae-9470-dfe55c54483a" executionId="b3c5a9a1-0a48-4703-bf15-f6444dec58e6" testListId="8c84fa94-04c1-424b-9868-57a2d4851a1d" />
    <TestEntry testId="20c7eedc-a25f-bd99-048a-d0191e8444d6" executionId="7779cfc7-1bc5-4bdc-83df-81e6ab1bb45f" testListId="8c84fa94-04c1-424b-9868-57a2d4851a1d" />
    <TestEntry testId="21426709-ea7c-0595-beae-1978da06ff6a" executionId="6f85fac9-6d2c-44fb-a64a-f5b744f50715" testListId="8c84fa94-04c1-424b-9868-57a2d4851a1d" />
    <TestEntry testId="214d4e68-bd5b-8ca7-2eae-cad7ae4b5618" executionId="3b3dcd5f-3784-4027-9cbc-e0c789bbd716" testListId="8c84fa94-04c1-424b-9868-57a2d4851a1d" />
    <TestEntry testId="21e42ea8-d73d-440e-e599-8f8f475201e3" executionId="e76941bb-ce8e-42e7-b427-492990cf62ca" testListId="8c84fa94-04c1-424b-9868-57a2d4851a1d" />
    <TestEntry testId="241aa01b-d31a-aa87-10ed-03e9fc36dd2d" executionId="cc306e9c-860e-4216-b2c5-4cece0cc95b8" testListId="8c84fa94-04c1-424b-9868-57a2d4851a1d" />
    <TestEntry testId="2448c480-75b4-6f61-f066-698054ffd863" executionId="03b90023-84ab-410b-9ae1-be51bc5dd26c" testListId="8c84fa94-04c1-424b-9868-57a2d4851a1d" />
    <TestEntry testId="24bc110f-ba75-2876-7218-d24fbd5282b6" executionId="a6e49bb1-d8b4-4f58-8c52-5807b1dca590" testListId="8c84fa94-04c1-424b-9868-57a2d4851a1d" />
    <TestEntry testId="24c64596-5cab-4a6f-68a2-2b1dbc11b2be" executionId="7a11e2ef-aa00-48fb-90e4-b1a14bdc8dde" testListId="8c84fa94-04c1-424b-9868-57a2d4851a1d" />
    <TestEntry testId="24e2889f-3174-5207-6e2d-3941d6d3ab4a" executionId="3bbf3dcb-99bd-44ea-9e41-725d2dbabac0" testListId="8c84fa94-04c1-424b-9868-57a2d4851a1d" />
    <TestEntry testId="2528801b-adfc-fc02-0810-867a75b047c9" executionId="103803eb-7cec-4c2c-b7f2-5513b5ed8be4" testListId="8c84fa94-04c1-424b-9868-57a2d4851a1d" />
    <TestEntry testId="25699796-3f06-4f57-c2f3-62593d0f8db7" executionId="c6e2ed5d-c396-42d0-8887-359635e34d83" testListId="8c84fa94-04c1-424b-9868-57a2d4851a1d" />
    <TestEntry testId="2604ff32-2b78-d0a6-0890-b8bb202063cc" executionId="c66d02e2-1fdb-480e-9021-c41ba063c135" testListId="8c84fa94-04c1-424b-9868-57a2d4851a1d" />
    <TestEntry testId="269b2e64-447a-b926-cd3c-a38128cb3896" executionId="0555f4bb-8738-4ff7-a7d9-8460f736b282" testListId="8c84fa94-04c1-424b-9868-57a2d4851a1d" />
    <TestEntry testId="26db6a1b-fb8c-0332-7a76-ee9c69851e7c" executionId="f3e01674-91a1-41d1-b7bc-24db3215ee5e" testListId="8c84fa94-04c1-424b-9868-57a2d4851a1d" />
    <TestEntry testId="27a4ff3c-3eae-1669-f1bc-bcc06d02612f" executionId="2f4733ac-4610-4195-acef-9e5285dac2ec" testListId="8c84fa94-04c1-424b-9868-57a2d4851a1d" />
    <TestEntry testId="27dffa83-35e8-a35a-74a3-14e94b831d3a" executionId="e25f2b4b-19b6-4794-9f2e-49e3793084db" testListId="8c84fa94-04c1-424b-9868-57a2d4851a1d" />
    <TestEntry testId="27e73228-a40a-9260-7cd7-3a5d45c78078" executionId="f56c44e9-587f-413a-b9c3-a1ee7f6017a6" testListId="8c84fa94-04c1-424b-9868-57a2d4851a1d" />
    <TestEntry testId="29506837-8c96-f6c6-14e0-93c8ab580351" executionId="93c394d6-dcdb-45ec-a22c-89ef2b8905a7" testListId="8c84fa94-04c1-424b-9868-57a2d4851a1d" />
    <TestEntry testId="2a84edfa-8723-e5ed-8953-7dd9bec52c09" executionId="733950fd-8a84-414e-ab06-f951d4a9ff5e" testListId="8c84fa94-04c1-424b-9868-57a2d4851a1d" />
    <TestEntry testId="2bb944ea-67c4-2ec5-7a6c-8e36c6922cdf" executionId="88b4cc0a-ece6-48b5-b5c9-c951644c9447" testListId="8c84fa94-04c1-424b-9868-57a2d4851a1d" />
    <TestEntry testId="2c585954-d302-a7c2-bf0a-de2131be21ec" executionId="c120b97a-c721-42f7-b745-c4aef1b5e00e" testListId="8c84fa94-04c1-424b-9868-57a2d4851a1d" />
    <TestEntry testId="2d393202-3b6b-ea77-5db0-849ebdcd5101" executionId="87d8eb86-bae1-4b29-824e-8aa3d432e1ca" testListId="8c84fa94-04c1-424b-9868-57a2d4851a1d" />
    <TestEntry testId="2db0a3b3-aad5-d46f-7403-c997f42720f5" executionId="c915962e-7f54-405e-9841-a8f046096814" testListId="8c84fa94-04c1-424b-9868-57a2d4851a1d" />
    <TestEntry testId="2e0e27a3-78b1-d62c-8532-284b3a845cc6" executionId="03b788f9-dd10-483b-a210-63553f5fe1f9" testListId="8c84fa94-04c1-424b-9868-57a2d4851a1d" />
    <TestEntry testId="310db446-5a38-a2ff-c0c6-33525d60392a" executionId="55303bc2-c297-4d0a-b03c-68f258ded617" testListId="8c84fa94-04c1-424b-9868-57a2d4851a1d" />
    <TestEntry testId="31907ecc-7480-4064-cd3b-514e2ff26de7" executionId="79991f9e-7b38-44e7-a30f-41f6c52189dd" testListId="8c84fa94-04c1-424b-9868-57a2d4851a1d" />
    <TestEntry testId="321c5a91-a83b-02fd-e40b-ce47e7f12083" executionId="2532aa9c-b937-4078-97a9-34131354eef0" testListId="8c84fa94-04c1-424b-9868-57a2d4851a1d" />
    <TestEntry testId="33a5dc0c-cb8c-881e-3374-24e7b48bd3e1" executionId="34052552-1517-4879-969b-c6b78850eaa0" testListId="8c84fa94-04c1-424b-9868-57a2d4851a1d" />
    <TestEntry testId="353e37f8-b3ee-d1bc-48f1-1354650acd50" executionId="9bd8b9f3-0d53-4303-bcf1-d112afbf2176" testListId="8c84fa94-04c1-424b-9868-57a2d4851a1d" />
    <TestEntry testId="35d7f681-d185-2e89-da65-ece3bc8e6e75" executionId="d9a89029-bbdf-4513-9905-954b12b63f37" testListId="8c84fa94-04c1-424b-9868-57a2d4851a1d" />
    <TestEntry testId="369b7a6d-08d3-f340-d283-f5ee6842f08e" executionId="5228b1f7-07cd-4c4c-ba33-b801fd7b7843" testListId="8c84fa94-04c1-424b-9868-57a2d4851a1d" />
    <TestEntry testId="38152b9e-3e48-dd5e-0e37-b7a27de7e225" executionId="2dd17734-d6e3-4403-9ef0-a16b6915d0e2" testListId="8c84fa94-04c1-424b-9868-57a2d4851a1d" />
    <TestEntry testId="3871d8b4-607c-f461-9b36-17221688eb47" executionId="e9b7f838-437e-4d07-b126-e6ba16ee2d26" testListId="8c84fa94-04c1-424b-9868-57a2d4851a1d" />
    <TestEntry testId="399d3773-04b9-f157-2193-2a81aa17c4e4" executionId="a62c09bb-5e94-489e-b489-4967eb9edf86" testListId="8c84fa94-04c1-424b-9868-57a2d4851a1d" />
    <TestEntry testId="3a65c876-9662-16ec-4c81-7bea778d6951" executionId="cca4502f-554c-4202-a40d-e22a4bed0266" testListId="8c84fa94-04c1-424b-9868-57a2d4851a1d" />
    <TestEntry testId="3b3489bf-140a-7d3d-ca59-73f946c71ab3" executionId="6d2b6902-1ad7-48a6-87de-dc551037d0df" testListId="8c84fa94-04c1-424b-9868-57a2d4851a1d" />
    <TestEntry testId="3bf90928-3e3e-817d-0c2a-b114432020ae" executionId="31112fa0-22d0-413d-89bc-5e799d4990cb" testListId="8c84fa94-04c1-424b-9868-57a2d4851a1d" />
    <TestEntry testId="3d1741aa-9576-2eb5-470e-7f713a2bc4d7" executionId="4e17ddab-289a-40a2-b846-7e41fbd72bdc" testListId="8c84fa94-04c1-424b-9868-57a2d4851a1d" />
    <TestEntry testId="3d4be643-5d31-3e26-f950-26a5f925e40b" executionId="950f81c2-df2c-4e45-a02d-07ffc2645246" testListId="8c84fa94-04c1-424b-9868-57a2d4851a1d" />
    <TestEntry testId="3dc86e55-9e89-b185-10f6-85c78270b263" executionId="dfb19bb5-2e4b-4174-9149-d9db9e95c7ca" testListId="8c84fa94-04c1-424b-9868-57a2d4851a1d" />
    <TestEntry testId="3e4c555c-eb52-8e6a-77bb-fba4f57ae14d" executionId="89b724c2-7312-4969-8cf5-cf1edc293f52" testListId="8c84fa94-04c1-424b-9868-57a2d4851a1d" />
    <TestEntry testId="4013d892-4605-1c26-5721-43931adf425c" executionId="78b11317-6209-4311-ad37-e33cde943a4c" testListId="8c84fa94-04c1-424b-9868-57a2d4851a1d" />
    <TestEntry testId="40ac08e5-9855-8df2-ac1a-e320ada85f67" executionId="f6646444-b4ae-4b58-b163-2f161e94ff0c" testListId="8c84fa94-04c1-424b-9868-57a2d4851a1d" />
    <TestEntry testId="40c4a339-897f-73e3-e8be-fed33feff0fc" executionId="c5edb80b-4bc9-43ae-a005-d4984b3b7493" testListId="8c84fa94-04c1-424b-9868-57a2d4851a1d" />
    <TestEntry testId="43a1b4c2-5164-126a-d787-254e51bf5cb0" executionId="b9766642-723c-494b-bd99-5298305bee19" testListId="8c84fa94-04c1-424b-9868-57a2d4851a1d" />
    <TestEntry testId="43ea7dc5-29f2-fc24-7626-37c50ab77488" executionId="4588afed-5b6e-4a39-8ef9-476ea8d833dd" testListId="8c84fa94-04c1-424b-9868-57a2d4851a1d" />
    <TestEntry testId="441c5aa1-1be2-b7ff-84a3-c2712387e211" executionId="298a4b4f-1dd0-4647-b4d3-cc3e96292b5d" testListId="8c84fa94-04c1-424b-9868-57a2d4851a1d" />
    <TestEntry testId="456f5311-d61b-5ef4-13ac-a1ceca766e06" executionId="feb62e95-a5bf-43ff-9992-68ff9e4ad02e" testListId="8c84fa94-04c1-424b-9868-57a2d4851a1d" />
    <TestEntry testId="461819df-bed1-d7c5-29ce-bdee0f8eaaa2" executionId="d1243a1b-3301-40bb-ba2b-72d944e88c6d" testListId="8c84fa94-04c1-424b-9868-57a2d4851a1d" />
    <TestEntry testId="48c2a012-1ba3-1243-1cd5-aab81b26906b" executionId="72cc3755-42c3-408a-8570-f637e242ed36" testListId="8c84fa94-04c1-424b-9868-57a2d4851a1d" />
    <TestEntry testId="49540a47-9778-939f-7252-2442e060eeb3" executionId="c7c348cd-13d7-425f-82c3-596ca484c383" testListId="8c84fa94-04c1-424b-9868-57a2d4851a1d" />
    <TestEntry testId="49e3a9e9-dcf0-f3e5-85da-9f5499fab731" executionId="9c26c299-b4b5-47a7-bc29-f07bf42ff171" testListId="8c84fa94-04c1-424b-9868-57a2d4851a1d" />
    <TestEntry testId="4aab1a6a-e217-fabe-67d7-73dafcd94369" executionId="4a1a4d02-49af-4d68-b023-c0e88f516a71" testListId="8c84fa94-04c1-424b-9868-57a2d4851a1d" />
    <TestEntry testId="4ad82b7e-b664-1e32-b013-da054510a32b" executionId="75ba6b1e-6a4f-40fa-a995-e83a9e74e3ad" testListId="8c84fa94-04c1-424b-9868-57a2d4851a1d" />
    <TestEntry testId="4c87210c-f927-e260-2776-9399fcbfbd1c" executionId="c0666056-3d8d-4368-8b65-c88ab9d364e1" testListId="8c84fa94-04c1-424b-9868-57a2d4851a1d" />
    <TestEntry testId="4d9cdfe2-8eee-3937-2a7d-b414e3b51b00" executionId="e8d4b67b-18fa-4e14-b1b9-f31fa24eae24" testListId="8c84fa94-04c1-424b-9868-57a2d4851a1d" />
    <TestEntry testId="50a0e180-73b1-f3e2-9755-9dfe75491e60" executionId="d8d9ca3a-e3d8-4ba8-be17-169adcf64cd7" testListId="8c84fa94-04c1-424b-9868-57a2d4851a1d" />
    <TestEntry testId="52c534e6-f8bb-1f9f-939a-d5c5c52fa419" executionId="b7dab392-6f86-4a4e-9025-21e2c66578eb" testListId="8c84fa94-04c1-424b-9868-57a2d4851a1d" />
    <TestEntry testId="537a0821-9a13-8b7a-298b-1a1d7b7834c1" executionId="025c3492-4999-47e8-ba6b-0db5c359fe03" testListId="8c84fa94-04c1-424b-9868-57a2d4851a1d" />
    <TestEntry testId="537a2b77-3b56-7fda-5cef-ce5b7fef8e47" executionId="7dd58fd4-85b5-4dc3-83df-c426286b764e" testListId="8c84fa94-04c1-424b-9868-57a2d4851a1d" />
    <TestEntry testId="53d3d174-2438-d916-b931-5b84347506a5" executionId="1d7f0656-a217-4d5b-990b-99151a0a886a" testListId="8c84fa94-04c1-424b-9868-57a2d4851a1d" />
    <TestEntry testId="540edc62-4548-f51c-ae34-777932919c2f" executionId="cf45a54d-7971-458d-a181-254ab5ba197d" testListId="8c84fa94-04c1-424b-9868-57a2d4851a1d" />
    <TestEntry testId="544cc1f1-3454-5e87-e24b-52c6acff6b61" executionId="95428f5a-b7b5-47a2-8ce7-992e3b06baf7" testListId="8c84fa94-04c1-424b-9868-57a2d4851a1d" />
    <TestEntry testId="556fe5d0-aedd-a933-babc-4606a23e064e" executionId="b5fb8732-9a50-4588-808f-4d8ea2e70871" testListId="8c84fa94-04c1-424b-9868-57a2d4851a1d" />
    <TestEntry testId="55ffc7bf-3f9e-b38d-348c-5fc84dd1b9ed" executionId="ecff82e1-9900-42fd-93b0-49f74348b878" testListId="8c84fa94-04c1-424b-9868-57a2d4851a1d" />
    <TestEntry testId="560e757d-7d9e-cf97-a66b-6eba9f0dbef7" executionId="88105db8-ea75-43a3-835b-e63224e0878c" testListId="8c84fa94-04c1-424b-9868-57a2d4851a1d" />
    <TestEntry testId="578c1082-4447-f4a0-bed7-4e23d16f558c" executionId="8bf10d25-2175-433f-bbfa-bda8ec167180" testListId="8c84fa94-04c1-424b-9868-57a2d4851a1d" />
    <TestEntry testId="57effb65-6bba-b10e-d004-938020663a0f" executionId="e9f54667-3bfe-4cee-9052-320cc734b403" testListId="8c84fa94-04c1-424b-9868-57a2d4851a1d" />
    <TestEntry testId="57f6bfb3-878f-ec7b-71d8-e1ae592b6823" executionId="cc99693d-5526-44f9-bf84-9a64e208fbc3" testListId="8c84fa94-04c1-424b-9868-57a2d4851a1d" />
    <TestEntry testId="583a3b80-1851-93ab-c2ab-87d678e4ad81" executionId="93b04365-faba-4ede-bdee-e2a09a3e775c" testListId="8c84fa94-04c1-424b-9868-57a2d4851a1d" />
    <TestEntry testId="58cdb593-e628-53cb-1ff9-a712c7cfa07d" executionId="da14b010-e79f-499f-a35c-694f1917cf1a" testListId="8c84fa94-04c1-424b-9868-57a2d4851a1d" />
    <TestEntry testId="592a8210-389c-d154-bfaf-1570717dbd73" executionId="ab60cbfc-a06d-47a4-8e5a-d2bbaa76f25d" testListId="8c84fa94-04c1-424b-9868-57a2d4851a1d" />
    <TestEntry testId="5a128d3b-35ba-f233-4f32-be0f8dfb906e" executionId="84d3232d-fed0-4851-8952-8a2be75b3922" testListId="8c84fa94-04c1-424b-9868-57a2d4851a1d" />
    <TestEntry testId="5a7c17db-19ea-927d-e739-dca3cee988f6" executionId="aac97c1b-8ae9-4b0c-b4d1-0985eeac9f07" testListId="8c84fa94-04c1-424b-9868-57a2d4851a1d" />
    <TestEntry testId="5af90bb7-e3b0-b5e7-29f7-fc8b0902be24" executionId="7347b35b-c843-4eaa-8400-e10d23dbec68" testListId="8c84fa94-04c1-424b-9868-57a2d4851a1d" />
    <TestEntry testId="5afe1781-3ccb-0558-a937-e74f932ccd49" executionId="dff56678-7ad8-40f7-a360-108bc14bff01" testListId="8c84fa94-04c1-424b-9868-57a2d4851a1d" />
    <TestEntry testId="5b2a5f35-2435-a2ba-eaf1-4c274bced244" executionId="26937831-65c4-4114-ac39-b1e7b3a71905" testListId="8c84fa94-04c1-424b-9868-57a2d4851a1d" />
    <TestEntry testId="5b97deff-fa6b-c377-8ff2-c9c8d4bf8e55" executionId="1139bea4-57c8-4952-a37b-b802493145df" testListId="8c84fa94-04c1-424b-9868-57a2d4851a1d" />
    <TestEntry testId="5d04ca0e-dd33-bf62-c1bb-e7d225b4949c" executionId="a65bd135-4374-44d2-9b02-e0e3718e1ded" testListId="8c84fa94-04c1-424b-9868-57a2d4851a1d" />
    <TestEntry testId="5da90bcc-6e5d-3a2d-e174-d391c0422e11" executionId="c04a8961-53c6-4677-82f4-29499e956882" testListId="8c84fa94-04c1-424b-9868-57a2d4851a1d" />
    <TestEntry testId="5e0523e6-700c-d803-6a13-76f99c5ecb12" executionId="35ba496a-5f96-4e1c-8ded-85b3f99986f1" testListId="8c84fa94-04c1-424b-9868-57a2d4851a1d" />
    <TestEntry testId="5edbb1cd-bd31-7ac9-084c-f6f749883ff2" executionId="7376c4fc-ea64-4c20-a43a-54c51a098528" testListId="8c84fa94-04c1-424b-9868-57a2d4851a1d" />
    <TestEntry testId="5f1fabc6-b3c7-d9b8-821e-098ccaf3eed1" executionId="4bc1d3cf-ea76-40d6-a498-531a361c7fc7" testListId="8c84fa94-04c1-424b-9868-57a2d4851a1d" />
    <TestEntry testId="5f382a5a-614c-c9d5-67f1-1ceadc4420b1" executionId="250c50c0-8554-49ed-a2e8-f1202f0cc8a1" testListId="8c84fa94-04c1-424b-9868-57a2d4851a1d" />
    <TestEntry testId="5fa17309-6178-e440-0cb3-9987b0eaea65" executionId="f6149cf5-ef9a-4852-b923-9859c3b33892" testListId="8c84fa94-04c1-424b-9868-57a2d4851a1d" />
    <TestEntry testId="606e3bbd-fbf0-39e8-d39a-d95b2f760af1" executionId="16e19d31-829a-4c30-9faa-8ad2ffa01d26" testListId="8c84fa94-04c1-424b-9868-57a2d4851a1d" />
    <TestEntry testId="60b889f5-aa93-4766-ebaf-876bc425b3c4" executionId="1a372402-d4ad-4f68-bc60-1477798d9914" testListId="8c84fa94-04c1-424b-9868-57a2d4851a1d" />
    <TestEntry testId="612613da-83db-bad4-0786-2d957381d4ad" executionId="b542dc29-b108-4fd8-8b99-83564f006c9d" testListId="8c84fa94-04c1-424b-9868-57a2d4851a1d" />
    <TestEntry testId="61f1fbc3-1b38-ec7e-962e-44e1959bccb8" executionId="bce41551-ff39-4d39-aafe-3e1421f73d49" testListId="8c84fa94-04c1-424b-9868-57a2d4851a1d" />
    <TestEntry testId="61f447bc-f31d-7adc-e8ff-51ce31625b90" executionId="cd61cd12-ea56-44ca-bdff-7557f36fcf05" testListId="8c84fa94-04c1-424b-9868-57a2d4851a1d" />
    <TestEntry testId="65a45aea-1388-af89-1298-2c122710d67c" executionId="ca612ac5-0bb4-4fb6-86fb-e2add77aec3c" testListId="8c84fa94-04c1-424b-9868-57a2d4851a1d" />
    <TestEntry testId="65c104b2-1ff7-266c-33d4-c2e6789ce0d4" executionId="06554a25-e9d5-4591-bce1-239cd7567cd5" testListId="8c84fa94-04c1-424b-9868-57a2d4851a1d" />
    <TestEntry testId="66169587-8c61-bb11-f455-fab6b8497218" executionId="17f33ea3-1cb6-4e44-b5e3-9ed304c03d66" testListId="8c84fa94-04c1-424b-9868-57a2d4851a1d" />
    <TestEntry testId="66236707-8e98-8099-42db-7e8aeb3fbf02" executionId="ba78ad83-8f67-4a03-8d7b-ebac2dbe7d11" testListId="8c84fa94-04c1-424b-9868-57a2d4851a1d" />
    <TestEntry testId="66e87870-2f0c-1802-4a46-f39d5c5c0c20" executionId="cd254121-15fe-43d4-82c7-aeeda927c9a1" testListId="8c84fa94-04c1-424b-9868-57a2d4851a1d" />
    <TestEntry testId="685ba115-26b4-cfb7-772c-f8e84fc12c79" executionId="1cdc63e0-492f-4e3d-b878-a6080f4abf45" testListId="8c84fa94-04c1-424b-9868-57a2d4851a1d" />
    <TestEntry testId="68ea6353-2c49-a913-f384-cf2dc40e93c0" executionId="8832c521-9034-4511-8941-40b9fca62319" testListId="8c84fa94-04c1-424b-9868-57a2d4851a1d" />
    <TestEntry testId="69653733-6f17-afcb-14dc-a6126a62b1ee" executionId="73be31a2-391c-4f21-b8db-4ee702e4c367" testListId="8c84fa94-04c1-424b-9868-57a2d4851a1d" />
    <TestEntry testId="6b30f78c-5c97-e5aa-0928-de7f5ee83660" executionId="d65d75a3-04a3-4b0f-a21a-d53e13231554" testListId="8c84fa94-04c1-424b-9868-57a2d4851a1d" />
    <TestEntry testId="6beb3a34-356e-6f1e-6b50-8d176c416598" executionId="f99e7284-af9a-4780-8cbb-d745513c3766" testListId="8c84fa94-04c1-424b-9868-57a2d4851a1d" />
    <TestEntry testId="6c066a85-168d-65f4-cc37-317318414373" executionId="93e57cc0-c725-4e10-a23c-0646329a654e" testListId="8c84fa94-04c1-424b-9868-57a2d4851a1d" />
    <TestEntry testId="6d259f14-cf5c-860f-f3bc-07fb6a901208" executionId="6d965072-4938-421f-bfe2-98a70260d79d" testListId="8c84fa94-04c1-424b-9868-57a2d4851a1d" />
    <TestEntry testId="6d50870f-a5f5-48df-fa3a-fd929ac4d6d9" executionId="3884b7cc-7714-44a3-b9ac-dcdbab9dd09e" testListId="8c84fa94-04c1-424b-9868-57a2d4851a1d" />
    <TestEntry testId="6d677716-f4a3-32e4-d489-2827222e4b43" executionId="3843aae2-08f0-45d5-9677-db0adb10e9aa" testListId="8c84fa94-04c1-424b-9868-57a2d4851a1d" />
    <TestEntry testId="6d97d05d-3cb4-4245-56ca-8b9bbc35a993" executionId="e9ec461b-c854-47f2-ac4a-617ad8dd239f" testListId="8c84fa94-04c1-424b-9868-57a2d4851a1d" />
    <TestEntry testId="6e5c9897-01e5-0ddc-270e-62065e9e22f7" executionId="4a73a12b-3d6a-4487-aaa7-394c012d8e5e" testListId="8c84fa94-04c1-424b-9868-57a2d4851a1d" />
    <TestEntry testId="6ee3e612-4bf5-4b89-e2d7-9da260f06cb5" executionId="2038aa3a-2dd1-45e7-8bb6-242645727d79" testListId="8c84fa94-04c1-424b-9868-57a2d4851a1d" />
    <TestEntry testId="6efd94c0-48f1-f3dc-5a7c-d483288ae14d" executionId="31c80d9f-1ae2-4920-aa1e-12fb86a77dc6" testListId="8c84fa94-04c1-424b-9868-57a2d4851a1d" />
    <TestEntry testId="6f4679a3-c135-f19d-6bfb-2e441fc3cb12" executionId="2d47c3d8-a865-4475-9591-ef8589e587bb" testListId="8c84fa94-04c1-424b-9868-57a2d4851a1d" />
    <TestEntry testId="6f5b8bdf-f4f3-b0ac-2d17-1c769ba70ec7" executionId="3f373a8e-b35f-4d72-affc-5d50a86a135d" testListId="8c84fa94-04c1-424b-9868-57a2d4851a1d" />
    <TestEntry testId="6f612bd1-261c-e125-ca8e-f3d31afd386b" executionId="2c3948d2-d4aa-4ea3-9a0e-02cbb506b1ee" testListId="8c84fa94-04c1-424b-9868-57a2d4851a1d" />
    <TestEntry testId="6fb9a1f1-9260-fa0f-3246-029c6bade6db" executionId="7739148a-7854-41c4-82e9-e62caffcf2e8" testListId="8c84fa94-04c1-424b-9868-57a2d4851a1d" />
    <TestEntry testId="6fc1d911-2aa7-09d2-3f37-8e698e0a0e1a" executionId="b26fe754-5d95-4178-8cc3-1a70745fbe9f" testListId="8c84fa94-04c1-424b-9868-57a2d4851a1d" />
    <TestEntry testId="70a48ca4-778f-c05e-3b5d-4d1dd614ffe7" executionId="eb483069-c514-4603-9d54-bec436d7d034" testListId="8c84fa94-04c1-424b-9868-57a2d4851a1d" />
    <TestEntry testId="7153296b-7930-7df3-3632-012c2eca18ad" executionId="cd49ce65-3261-4aba-a90c-d7219cb599ab" testListId="8c84fa94-04c1-424b-9868-57a2d4851a1d" />
    <TestEntry testId="7209dcdb-bb1a-d89a-c5cb-4180ad1a5427" executionId="28d0ca4f-8d83-4295-8c63-5d919a1eb30f" testListId="8c84fa94-04c1-424b-9868-57a2d4851a1d" />
    <TestEntry testId="74c211d1-a8ea-e685-b3ae-006434becd54" executionId="d3be297f-0680-42d0-b268-c4aa80360ec3" testListId="8c84fa94-04c1-424b-9868-57a2d4851a1d" />
    <TestEntry testId="75a342b2-ef01-e34d-c6b4-7a9dc15f6b1e" executionId="23d4cf26-49b9-4362-abe0-0bced3d73cc5" testListId="8c84fa94-04c1-424b-9868-57a2d4851a1d" />
    <TestEntry testId="7685b20a-de0b-8bc0-6c22-3a9d32aab4bd" executionId="522f81eb-1734-426d-9aa4-cc009660b5a4" testListId="8c84fa94-04c1-424b-9868-57a2d4851a1d" />
    <TestEntry testId="799c0d6a-4d65-290e-a185-a723c64e9bd5" executionId="d80faa4c-39d2-4bbe-b210-3c3385e16052" testListId="8c84fa94-04c1-424b-9868-57a2d4851a1d" />
    <TestEntry testId="79f08418-c51b-ec01-a3f0-aeabf52599fa" executionId="75f846f0-feb5-40cb-a205-c4651772ee05" testListId="8c84fa94-04c1-424b-9868-57a2d4851a1d" />
    <TestEntry testId="7a4bb2ce-d62d-4561-dc89-28a6c8155af3" executionId="125a02fa-7de8-4c59-b016-4434c697c35d" testListId="8c84fa94-04c1-424b-9868-57a2d4851a1d" />
    <TestEntry testId="7acb1219-a69e-e102-dd8e-4060793e7b6e" executionId="573b7d09-20c0-4b1f-b95e-9a8db0ecfafb" testListId="8c84fa94-04c1-424b-9868-57a2d4851a1d" />
    <TestEntry testId="7ad2e801-5f6e-048b-7bcf-d285bb6f6be7" executionId="db02b08b-df1c-4d7d-b27c-1e35efdae8d8" testListId="8c84fa94-04c1-424b-9868-57a2d4851a1d" />
    <TestEntry testId="7b6f7aba-399c-6729-f243-4ff68995d88e" executionId="8096ba49-5c54-48c7-ba12-fc7365bbb7a1" testListId="8c84fa94-04c1-424b-9868-57a2d4851a1d" />
    <TestEntry testId="7b96fc08-5095-7079-15b5-f39e447dbf49" executionId="55f1dbe3-b2b3-4cf5-a428-0f8d5166022c" testListId="8c84fa94-04c1-424b-9868-57a2d4851a1d" />
    <TestEntry testId="7bf1b32b-b544-1d63-7f85-8cb3721cb13c" executionId="62180576-e45c-41c9-b648-2fd279e21709" testListId="8c84fa94-04c1-424b-9868-57a2d4851a1d" />
    <TestEntry testId="7c057236-5b5f-451c-5800-6e05c196b383" executionId="a877895b-8411-4065-b3b3-1683a9bff1b3" testListId="8c84fa94-04c1-424b-9868-57a2d4851a1d" />
    <TestEntry testId="7c9fa0fb-7cf0-12c6-f8da-d4fb82dffc47" executionId="61e3bc58-2197-4860-a890-dda762f1ea6d" testListId="8c84fa94-04c1-424b-9868-57a2d4851a1d" />
    <TestEntry testId="7d2305d4-075e-49ce-735b-3ccd549f53b8" executionId="566a7e96-ce75-4066-bed2-3fd73f35218d" testListId="8c84fa94-04c1-424b-9868-57a2d4851a1d" />
    <TestEntry testId="7d282b5a-4c68-651b-2ed3-0d406222883a" executionId="4f5f6f8b-e834-4d49-95cd-5a0c48c4bcbb" testListId="8c84fa94-04c1-424b-9868-57a2d4851a1d" />
    <TestEntry testId="7d9357cd-185a-7a7d-46d5-6e0825f094b5" executionId="1f48cf9c-cf05-484d-9612-66b0eef344f1" testListId="8c84fa94-04c1-424b-9868-57a2d4851a1d" />
    <TestEntry testId="7e4ecb77-6a2d-3a8f-0c42-71f8df3a6f64" executionId="70a5eebc-f556-442b-b87d-68bf9a804f4e" testListId="8c84fa94-04c1-424b-9868-57a2d4851a1d" />
    <TestEntry testId="7e9e7b54-d658-a1a5-ce5b-efa2cb03052c" executionId="dae68c33-8213-4d0e-9a6f-44dec6416a37" testListId="8c84fa94-04c1-424b-9868-57a2d4851a1d" />
    <TestEntry testId="809902e6-5c64-c35c-89c5-d13cd243728a" executionId="64b5f257-008e-45dd-acd8-b58a3b7e212f" testListId="8c84fa94-04c1-424b-9868-57a2d4851a1d" />
    <TestEntry testId="8139f5f3-bee3-cd07-2820-fcf4f70f9ff0" executionId="30fc08af-99de-4638-9bbc-1704c4129283" testListId="8c84fa94-04c1-424b-9868-57a2d4851a1d" />
    <TestEntry testId="81cb2920-61d9-e3df-f3bf-c3ed245e0ab0" executionId="f52f015b-20a8-4284-85be-7c0a93ca725e" testListId="8c84fa94-04c1-424b-9868-57a2d4851a1d" />
    <TestEntry testId="826e8ace-63e9-1203-1d2b-d3cb1c0565d3" executionId="7a282236-d89d-47b3-9ecc-6127ba1ab094" testListId="8c84fa94-04c1-424b-9868-57a2d4851a1d" />
    <TestEntry testId="83224f41-33be-cb5a-8243-f1cbb7067a6d" executionId="c8aa68d7-4dd1-41ea-918c-648f097e4c9b" testListId="8c84fa94-04c1-424b-9868-57a2d4851a1d" />
    <TestEntry testId="847097ef-3573-f329-f9db-f7704607c613" executionId="475d8a9b-810a-40c9-84d7-0fdc83b9406b" testListId="8c84fa94-04c1-424b-9868-57a2d4851a1d" />
    <TestEntry testId="8522a95f-e160-dcf6-186a-2eac6493fad8" executionId="04280240-ac28-454d-bd66-3fb1e5e745b6" testListId="8c84fa94-04c1-424b-9868-57a2d4851a1d" />
    <TestEntry testId="8538b685-e301-b4f2-f6ec-7abb74e1fb4b" executionId="eedd66ff-a610-4ff6-88b9-270c0d5f0707" testListId="8c84fa94-04c1-424b-9868-57a2d4851a1d" />
    <TestEntry testId="86374614-7da2-d70a-a3e6-d86ececa0915" executionId="69f499c2-73d5-44e4-a38d-38b8879039d1" testListId="8c84fa94-04c1-424b-9868-57a2d4851a1d" />
    <TestEntry testId="86693507-7b03-3b4f-52d7-489bc76e87d4" executionId="7a96c6b6-680c-4b90-9cff-fd87f9298810" testListId="8c84fa94-04c1-424b-9868-57a2d4851a1d" />
    <TestEntry testId="890ef093-5e72-8ed9-1c1c-1c73a74ec8fc" executionId="8d3823f5-61e9-4ae5-81c3-4f363b26105d" testListId="8c84fa94-04c1-424b-9868-57a2d4851a1d" />
    <TestEntry testId="8ca88260-b717-95ca-37eb-ce8b3138fe45" executionId="769fcdb7-73c2-4af6-bc0c-f4ae50c28f4e" testListId="8c84fa94-04c1-424b-9868-57a2d4851a1d" />
    <TestEntry testId="8cca1161-4d2c-f0a6-91e9-079cbe2f9201" executionId="6f47a262-2878-48ed-97d2-f9577ec94fb5" testListId="8c84fa94-04c1-424b-9868-57a2d4851a1d" />
    <TestEntry testId="8d764dc0-19cc-25ef-1223-85c01764c701" executionId="781bb11f-7f06-4d3c-ac78-e5751581cfb2" testListId="8c84fa94-04c1-424b-9868-57a2d4851a1d" />
    <TestEntry testId="8f46b492-6eff-ef62-7327-4eb38c11c2ef" executionId="1c79d16a-0350-4351-9278-ff7702e0744e" testListId="8c84fa94-04c1-424b-9868-57a2d4851a1d" />
    <TestEntry testId="907b6781-056b-79a9-347c-c66f8f73c993" executionId="a803f986-98f0-48fd-87eb-42a209ae4631" testListId="8c84fa94-04c1-424b-9868-57a2d4851a1d" />
    <TestEntry testId="9091ae17-a6a8-ad22-153b-b3d1f20f3512" executionId="fe824dd1-7872-41d2-8dce-9ec7aae9bde1" testListId="8c84fa94-04c1-424b-9868-57a2d4851a1d" />
    <TestEntry testId="936691d3-5e64-b7c4-4f5c-b1989c2cb7e6" executionId="e7369915-cdec-488d-9eb8-98e0b3f12229" testListId="8c84fa94-04c1-424b-9868-57a2d4851a1d" />
    <TestEntry testId="948eaf49-3d62-1046-def5-d76ed8415a60" executionId="e17db96f-b4fc-4d26-a18b-810bf95327bb" testListId="8c84fa94-04c1-424b-9868-57a2d4851a1d" />
    <TestEntry testId="95004e80-f255-f931-0117-595d4516dea1" executionId="a29bf3b7-d09e-40a1-b352-748742c6dcf6" testListId="8c84fa94-04c1-424b-9868-57a2d4851a1d" />
    <TestEntry testId="95252275-5d7e-5275-9816-a53a17373eae" executionId="3d89e56c-5dd5-46b0-94ef-b5e18e8bee94" testListId="8c84fa94-04c1-424b-9868-57a2d4851a1d" />
    <TestEntry testId="95c19639-802d-b1a1-d6b5-8e055a02797d" executionId="d92c4e43-1497-49d8-bab6-13faa531f688" testListId="8c84fa94-04c1-424b-9868-57a2d4851a1d" />
    <TestEntry testId="95fac6cd-cd0a-1020-088f-f907c1eb2032" executionId="38b8a48e-9502-499f-92b7-57b2b7698540" testListId="8c84fa94-04c1-424b-9868-57a2d4851a1d" />
    <TestEntry testId="9654d44e-cffe-084f-c793-37a48f54fd16" executionId="6f21a5a0-2512-4f5e-a204-0e4e159e7186" testListId="8c84fa94-04c1-424b-9868-57a2d4851a1d" />
    <TestEntry testId="9829ccd4-7897-563f-fa8f-058ccd4d2394" executionId="aab28944-3569-4032-ac7b-943dd110903b" testListId="8c84fa94-04c1-424b-9868-57a2d4851a1d" />
    <TestEntry testId="986c501e-f914-4dd0-53c3-b0c1bdfdf5be" executionId="1bdc32c7-c32e-4dea-9b15-f19948905c27" testListId="8c84fa94-04c1-424b-9868-57a2d4851a1d" />
    <TestEntry testId="99355754-b969-f315-3b5a-88e1622f783a" executionId="6675bf4d-c400-4ba8-b57c-394352a96ce1" testListId="8c84fa94-04c1-424b-9868-57a2d4851a1d" />
    <TestEntry testId="99d5bdbd-2ac1-c2dd-bd8e-ff998f163943" executionId="54e0a003-7635-4e2c-a88b-ed788f85e349" testListId="8c84fa94-04c1-424b-9868-57a2d4851a1d" />
    <TestEntry testId="9a36c4f0-6e47-6967-5e76-948bbb7a2e79" executionId="3a6e9d99-aeb6-4217-b2e1-467d3db18084" testListId="8c84fa94-04c1-424b-9868-57a2d4851a1d" />
    <TestEntry testId="9a78eead-dd54-3b88-317e-c7ec25cf0f93" executionId="30e37eae-a171-4ad9-98af-049f44eb70ec" testListId="8c84fa94-04c1-424b-9868-57a2d4851a1d" />
    <TestEntry testId="9a7f21c9-61b5-30cc-38aa-34a79b6a0201" executionId="07136ffe-b23d-4c63-8c67-79dd26afbbec" testListId="8c84fa94-04c1-424b-9868-57a2d4851a1d" />
    <TestEntry testId="9c6c437e-182b-5735-6616-67dd466d97ca" executionId="2bf14ca4-e864-450a-a34c-05b983ca46e7" testListId="8c84fa94-04c1-424b-9868-57a2d4851a1d" />
    <TestEntry testId="9d65c075-cd74-d595-76f3-d465e66be801" executionId="c768a1ed-dfc3-4daa-a4c4-6584c65d89da" testListId="8c84fa94-04c1-424b-9868-57a2d4851a1d" />
    <TestEntry testId="9d81df93-5250-1a02-c112-738e62d8d757" executionId="5b9baa46-da14-4f97-bbf9-28f71f37ad42" testListId="8c84fa94-04c1-424b-9868-57a2d4851a1d" />
    <TestEntry testId="9dde4be1-7360-a906-9538-025b609b4796" executionId="73d16533-4661-4d75-95ac-f78541623926" testListId="8c84fa94-04c1-424b-9868-57a2d4851a1d" />
    <TestEntry testId="9e0a45ef-94e7-5d2e-296e-d43084cdb72d" executionId="77333b12-2568-4618-b963-446a3955ec6d" testListId="8c84fa94-04c1-424b-9868-57a2d4851a1d" />
    <TestEntry testId="9e682854-c61c-e4ee-d65c-e57b13656d39" executionId="2a3a6958-70af-4c53-8b8d-fa6691bb50f7" testListId="8c84fa94-04c1-424b-9868-57a2d4851a1d" />
    <TestEntry testId="9f145708-6c3c-b063-e40e-7d892e8c9ec8" executionId="e9a6571c-928b-4d68-a297-d994d4ade7bc" testListId="8c84fa94-04c1-424b-9868-57a2d4851a1d" />
    <TestEntry testId="9f650caf-3801-3ddc-df66-451ef0461b2d" executionId="f8b60f12-a5cc-4e9f-aa6d-328decbdc5ef" testListId="8c84fa94-04c1-424b-9868-57a2d4851a1d" />
    <TestEntry testId="a082c5ab-9e9e-f9a3-c9b1-3688e77d4b93" executionId="e394c653-2239-4fe6-9b8a-583fa8c79717" testListId="8c84fa94-04c1-424b-9868-57a2d4851a1d" />
    <TestEntry testId="a2865b2e-10f7-d550-33c8-b7ec8623e85f" executionId="8e0764de-e18d-4428-b053-3032d7ef4e94" testListId="8c84fa94-04c1-424b-9868-57a2d4851a1d" />
    <TestEntry testId="a2cd0fe1-b87c-c070-6665-87346857dbcd" executionId="a512ab01-281e-4cdf-aab0-0c2e6d6f7f38" testListId="8c84fa94-04c1-424b-9868-57a2d4851a1d" />
    <TestEntry testId="a3c6ca82-cc13-6187-156d-3e74897a9d8f" executionId="d3c3f82a-5437-4f03-9b65-12d4169d3045" testListId="8c84fa94-04c1-424b-9868-57a2d4851a1d" />
    <TestEntry testId="a4df90b5-6a65-c11c-9306-ae984a6862f3" executionId="62eae492-fac5-4f40-87c4-f5b8b0b258a2" testListId="8c84fa94-04c1-424b-9868-57a2d4851a1d" />
    <TestEntry testId="a4e874d3-81be-9f49-2511-92f0df88cee7" executionId="bc879fa7-fee8-48b4-a640-1fe4438d8ae5" testListId="8c84fa94-04c1-424b-9868-57a2d4851a1d" />
    <TestEntry testId="a5d1a057-084a-abb3-2d76-06c401ccb8d8" executionId="881adeb9-5bb3-4ca2-9b2c-9c3028de9cc6" testListId="8c84fa94-04c1-424b-9868-57a2d4851a1d" />
    <TestEntry testId="a679c5ef-1cea-4e1b-1357-8b9bcd95b672" executionId="1d90f2ac-167e-469a-a467-091aace438bb" testListId="8c84fa94-04c1-424b-9868-57a2d4851a1d" />
    <TestEntry testId="a6b9a5f6-83d7-1eba-5a05-ac8e16d1f134" executionId="d286dc2b-9159-4ac7-ad6d-ead0a09caba1" testListId="8c84fa94-04c1-424b-9868-57a2d4851a1d" />
    <TestEntry testId="a7658188-1d86-06a8-b6f3-6e5c757f83b4" executionId="f03018d2-662c-4cfe-a85a-ecdaca95f003" testListId="8c84fa94-04c1-424b-9868-57a2d4851a1d" />
    <TestEntry testId="a7c3501c-4b66-95e5-cfa7-a3027a1486c4" executionId="51b851de-63bc-4494-8540-d29809649558" testListId="8c84fa94-04c1-424b-9868-57a2d4851a1d" />
    <TestEntry testId="a882d58c-8888-fab1-21e4-618bb71ae1ce" executionId="912381d3-f477-4987-a0e3-2f62a6ded265" testListId="8c84fa94-04c1-424b-9868-57a2d4851a1d" />
    <TestEntry testId="a92236ed-a367-c7c7-0a25-b11ae709bcb3" executionId="21af27a2-2ace-462c-a76b-be1e4eeda059" testListId="8c84fa94-04c1-424b-9868-57a2d4851a1d" />
    <TestEntry testId="a95e4141-d767-b753-e492-b99e6f8ee705" executionId="a7913b3a-c00c-43f5-a358-29416d074538" testListId="8c84fa94-04c1-424b-9868-57a2d4851a1d" />
    <TestEntry testId="aac835be-7dca-bf39-4e90-f32eb9f2669d" executionId="e168b206-5641-449c-874a-e36600419344" testListId="8c84fa94-04c1-424b-9868-57a2d4851a1d" />
    <TestEntry testId="aaf613d0-debf-b348-f6a8-625b151b543d" executionId="c2049397-398b-4b28-b90d-794c687efb31" testListId="8c84fa94-04c1-424b-9868-57a2d4851a1d" />
    <TestEntry testId="abb8373c-7671-9802-6d68-5c17e7124ebd" executionId="9ee0d22f-5869-45e2-b45d-251f48483c20" testListId="8c84fa94-04c1-424b-9868-57a2d4851a1d" />
    <TestEntry testId="ac6fd380-aa69-7042-79c1-72e377d208c7" executionId="b2a35acc-a72a-4f1d-8257-9b4ca6b28047" testListId="8c84fa94-04c1-424b-9868-57a2d4851a1d" />
    <TestEntry testId="af74033c-8ac7-9c6c-bed1-b5a7d2c06950" executionId="dcae33de-43ed-4ed9-8bcc-804f81a07ebe" testListId="8c84fa94-04c1-424b-9868-57a2d4851a1d" />
    <TestEntry testId="b0037f39-501d-0ae0-4207-fd773fffa4a6" executionId="293be55e-7555-4ab5-af78-f8d49efc100c" testListId="8c84fa94-04c1-424b-9868-57a2d4851a1d" />
    <TestEntry testId="b16bd29a-b3d8-bf0d-809b-edcc4ff2fca0" executionId="947f172b-880f-4e6c-a06f-387e4607217f" testListId="8c84fa94-04c1-424b-9868-57a2d4851a1d" />
    <TestEntry testId="b25aa57b-bb9a-f05f-4179-18f54e514dcd" executionId="ef456f44-6ac8-4a73-839b-8bf569d63712" testListId="8c84fa94-04c1-424b-9868-57a2d4851a1d" />
    <TestEntry testId="b28183ac-a700-53c3-0c4c-4c663c3d39eb" executionId="5b5b93ff-5ed8-4fed-a69f-dff124733af1" testListId="8c84fa94-04c1-424b-9868-57a2d4851a1d" />
    <TestEntry testId="b32170cc-6301-2795-2015-78cba1f92dc0" executionId="ef23bc70-7074-44c8-831c-0aa9f2af1b73" testListId="8c84fa94-04c1-424b-9868-57a2d4851a1d" />
    <TestEntry testId="b3df8862-1b3b-daec-78d1-26c8d0d4c769" executionId="70b9732a-89d5-45e2-81a3-beaf3992477c" testListId="8c84fa94-04c1-424b-9868-57a2d4851a1d" />
    <TestEntry testId="b3e73d9f-e8d5-d40e-f226-223e65b83b5c" executionId="28991c37-7d74-4708-bf15-9fb28635b84d" testListId="8c84fa94-04c1-424b-9868-57a2d4851a1d" />
    <TestEntry testId="b56cc93a-1a34-87ca-906c-3850d1ae7b74" executionId="335b902b-d9e9-4216-a917-c3a3dbfce34e" testListId="8c84fa94-04c1-424b-9868-57a2d4851a1d" />
    <TestEntry testId="b5bf2f35-dde6-66e3-7545-0164ceb4c3bb" executionId="10b92b9f-3b6e-48e4-8e78-2e076929116b" testListId="8c84fa94-04c1-424b-9868-57a2d4851a1d" />
    <TestEntry testId="b60197de-ab24-075d-fbab-bf70fa600887" executionId="c56d8144-2567-49f4-b109-5d4d479b8626" testListId="8c84fa94-04c1-424b-9868-57a2d4851a1d" />
    <TestEntry testId="b8158573-3e0f-248e-b423-b1311e92e807" executionId="1f7eeadb-f899-49de-b74a-f3a5ceeb1abe" testListId="8c84fa94-04c1-424b-9868-57a2d4851a1d" />
    <TestEntry testId="b9bdcc23-3882-fdc6-ae71-589fdcc2d732" executionId="4ea4f31a-22f3-465d-8a8d-fcaaa77673a2" testListId="8c84fa94-04c1-424b-9868-57a2d4851a1d" />
    <TestEntry testId="b9daaf02-a2df-fc67-bf09-91db90f1040d" executionId="10b75f73-0dd6-4117-8aa0-a533270768d6" testListId="8c84fa94-04c1-424b-9868-57a2d4851a1d" />
    <TestEntry testId="ba822c9a-2244-54af-db34-ae1b0ff7f2ea" executionId="2880f9d1-5fed-4795-89e5-83097a15ec0b" testListId="8c84fa94-04c1-424b-9868-57a2d4851a1d" />
    <TestEntry testId="ba89953e-a09d-28cf-6946-aa203e1b8fb8" executionId="c1d33d16-e798-4311-ad9b-93de21edca9a" testListId="8c84fa94-04c1-424b-9868-57a2d4851a1d" />
    <TestEntry testId="ba999509-487a-7f04-1438-f406952dc58e" executionId="373fd7c2-9eec-461c-b502-6bbc837bb3bb" testListId="8c84fa94-04c1-424b-9868-57a2d4851a1d" />
    <TestEntry testId="bb35c303-68f9-bb58-ec6c-79aa0b063947" executionId="ccbe5b3b-c477-4957-b5a9-0d26d222a678" testListId="8c84fa94-04c1-424b-9868-57a2d4851a1d" />
    <TestEntry testId="bb62f7f6-95bc-c16c-f91c-8661bb447531" executionId="bab5cc87-34b4-43a6-8d39-a4ea48c0e0a8" testListId="8c84fa94-04c1-424b-9868-57a2d4851a1d" />
    <TestEntry testId="bc231f56-0b8a-34bb-d73a-6bc2b970aa27" executionId="1aa449e2-beaa-411b-a273-82a8e760ad44" testListId="8c84fa94-04c1-424b-9868-57a2d4851a1d" />
    <TestEntry testId="bc2bbda1-dfbc-fff1-89f7-377eb332a077" executionId="8e41f4eb-f319-4b26-86a8-1cd8b1b921cd" testListId="8c84fa94-04c1-424b-9868-57a2d4851a1d" />
    <TestEntry testId="bdc5cf0e-b6b0-aab1-b4c9-cfdf4e4262c3" executionId="e5f1416f-f04e-466e-a704-69c344dcc02d" testListId="8c84fa94-04c1-424b-9868-57a2d4851a1d" />
    <TestEntry testId="bed0bac3-5433-e3b2-3646-ee5b82bf2f3c" executionId="50fd0861-ca77-477f-b92a-07f5f48bbc00" testListId="8c84fa94-04c1-424b-9868-57a2d4851a1d" />
    <TestEntry testId="c0f6a7ca-70c4-38dc-b622-ea187fd81d6d" executionId="5454cffe-eb01-459d-8458-5277ae83935c" testListId="8c84fa94-04c1-424b-9868-57a2d4851a1d" />
    <TestEntry testId="c154fab6-7379-ae56-989a-e56b1649db90" executionId="43138f96-32e6-4a73-8893-9871dbaaff45" testListId="8c84fa94-04c1-424b-9868-57a2d4851a1d" />
    <TestEntry testId="c19d7fe3-d556-ad76-9806-5e328516f06f" executionId="b5a6dd81-6aba-4537-b09d-5adfb8144deb" testListId="8c84fa94-04c1-424b-9868-57a2d4851a1d" />
    <TestEntry testId="c2fceb1f-5078-88e7-1674-00e75ecef9dd" executionId="9f74876e-4956-435f-8bf5-7bcc85324d7b" testListId="8c84fa94-04c1-424b-9868-57a2d4851a1d" />
    <TestEntry testId="c3a4535b-76d1-c39a-2397-114110fb9661" executionId="4c0c1801-b26e-4f7e-8301-ff6296dadf72" testListId="8c84fa94-04c1-424b-9868-57a2d4851a1d" />
    <TestEntry testId="c55622f2-a19b-2b7c-fbf0-3bcc9fa792bb" executionId="6a49cc76-62d6-4851-8c77-7842bcb07ba2" testListId="8c84fa94-04c1-424b-9868-57a2d4851a1d" />
    <TestEntry testId="c59ebd84-a390-b0a9-9601-b22bb9ff7f1d" executionId="234d0f77-8299-40c4-b0cf-1e8c7b3fa05b" testListId="8c84fa94-04c1-424b-9868-57a2d4851a1d" />
    <TestEntry testId="c5a39b6e-0b51-8275-3d9b-29919f35b9b0" executionId="bf2a98a1-e5fc-4e99-836e-dea11306d03d" testListId="8c84fa94-04c1-424b-9868-57a2d4851a1d" />
    <TestEntry testId="c7989c99-7490-d68e-f8ba-99491ffceea3" executionId="b0926401-3bf7-4c2c-9c16-df65c6ec4ae9" testListId="8c84fa94-04c1-424b-9868-57a2d4851a1d" />
    <TestEntry testId="c85e6447-a3ca-1d12-8c38-f937a72eca57" executionId="b3707c90-ec42-4e7c-8d4a-2dce2cb97783" testListId="8c84fa94-04c1-424b-9868-57a2d4851a1d" />
    <TestEntry testId="c9a124e9-2f09-63d2-22cf-ad1bad23f16c" executionId="7c9aec02-e86a-4261-a046-624a30551b4a" testListId="8c84fa94-04c1-424b-9868-57a2d4851a1d" />
    <TestEntry testId="c9e2118a-af3f-f908-ba61-20f5edd2b827" executionId="54382e97-5c24-47fc-8c64-696b50dbc765" testListId="8c84fa94-04c1-424b-9868-57a2d4851a1d" />
    <TestEntry testId="ca1b8eb5-4ad5-3e56-62f6-d3c54fe84326" executionId="be16460d-f9d1-40b3-a830-6d16e8d4c701" testListId="8c84fa94-04c1-424b-9868-57a2d4851a1d" />
    <TestEntry testId="cb08040d-63a1-ab84-f3c4-dce8729ce3d1" executionId="c28bdb44-05ba-428c-8bcf-4b8ab9356aba" testListId="8c84fa94-04c1-424b-9868-57a2d4851a1d" />
    <TestEntry testId="cb80e7a8-021c-5d6c-c831-c1f7e461a27c" executionId="901c2475-9243-4667-aa33-ae316378ed14" testListId="8c84fa94-04c1-424b-9868-57a2d4851a1d" />
    <TestEntry testId="ce354fe1-08e2-7958-e209-2621b563d1da" executionId="467d61de-ea9e-423e-bddb-dfeac586b309" testListId="8c84fa94-04c1-424b-9868-57a2d4851a1d" />
    <TestEntry testId="cf462ec4-8531-1e43-07c6-e34f96bb70c0" executionId="7d82801f-3dbe-4c02-ac6b-3ccdbed6949c" testListId="8c84fa94-04c1-424b-9868-57a2d4851a1d" />
    <TestEntry testId="cfacc8e4-11ef-5e59-c2dc-f7d2d86d5a2e" executionId="648dee72-84cf-4758-8156-543133957f7a" testListId="8c84fa94-04c1-424b-9868-57a2d4851a1d" />
    <TestEntry testId="cfb75f84-eedb-9c69-8ad1-7d1a16a63ca8" executionId="eaa91569-6a9f-455a-8da4-ddc4c0e6fb76" testListId="8c84fa94-04c1-424b-9868-57a2d4851a1d" />
    <TestEntry testId="d079bc7a-5632-90a3-fd08-a3194bc2d4b6" executionId="5a5dfe51-20c0-4569-be0b-8d85a79d310a" testListId="8c84fa94-04c1-424b-9868-57a2d4851a1d" />
    <TestEntry testId="d10bf695-c889-b70c-ad2f-f77a6c930e0a" executionId="a4d78a81-fc00-44e9-a976-f36c965e27af" testListId="8c84fa94-04c1-424b-9868-57a2d4851a1d" />
    <TestEntry testId="d1295b3d-b18a-9feb-b9f7-b8d24a1390b4" executionId="e1334785-6282-4cf5-9ec4-35a9539a4bc7" testListId="8c84fa94-04c1-424b-9868-57a2d4851a1d" />
    <TestEntry testId="d38373b0-d937-624e-5767-19dca8e2a1ff" executionId="d901435f-8d51-42b2-964a-55d65213c6f7" testListId="8c84fa94-04c1-424b-9868-57a2d4851a1d" />
    <TestEntry testId="d39a97f0-a02b-13f3-00ff-3ebdf64857ec" executionId="63ca8f75-e30f-4cd4-8f2f-354188896cf4" testListId="8c84fa94-04c1-424b-9868-57a2d4851a1d" />
    <TestEntry testId="d51d0821-4280-76e7-8d6d-17b8ea1953f0" executionId="1d4398d0-73f2-4e0e-9ae2-cb68de7dfb49" testListId="8c84fa94-04c1-424b-9868-57a2d4851a1d" />
    <TestEntry testId="d531988b-f1bb-cf47-5dc0-2ed134630321" executionId="0788472b-9a5f-4cf5-ab05-743a833e64eb" testListId="8c84fa94-04c1-424b-9868-57a2d4851a1d" />
    <TestEntry testId="d646a28e-30d8-4c55-0af1-38d31ab16a6a" executionId="a753ceea-7b17-4cda-9c65-a747f25ef7b1" testListId="8c84fa94-04c1-424b-9868-57a2d4851a1d" />
    <TestEntry testId="d688d02d-3269-304b-a6e8-10e959d858db" executionId="d732b9ae-3ec1-4281-89bc-a49bad52fc57" testListId="8c84fa94-04c1-424b-9868-57a2d4851a1d" />
    <TestEntry testId="d6a3e7bf-2e31-3f07-2490-3e67884ebb4a" executionId="08d91135-5a93-4125-8edb-854697168e46" testListId="8c84fa94-04c1-424b-9868-57a2d4851a1d" />
    <TestEntry testId="d8a245d8-8db6-bd87-8600-23c0fc08446c" executionId="2038f16f-2ae8-449c-b642-e2c161e0fd0e" testListId="8c84fa94-04c1-424b-9868-57a2d4851a1d" />
    <TestEntry testId="d9751d6d-b53f-ae7f-743d-a442b6a2d81c" executionId="77f10b20-e075-4c59-9599-9f5cd97c338d" testListId="8c84fa94-04c1-424b-9868-57a2d4851a1d" />
    <TestEntry testId="d9cc8fd3-0870-25cd-301c-1c45a9609c32" executionId="1abc8864-9e16-445e-a2f8-51f9e14d6f2f" testListId="8c84fa94-04c1-424b-9868-57a2d4851a1d" />
    <TestEntry testId="d9d60eb2-6c40-96e0-e46e-37fba7b51acb" executionId="67486fe9-dd0c-483d-a2b8-496b5dae379c" testListId="8c84fa94-04c1-424b-9868-57a2d4851a1d" />
    <TestEntry testId="da679302-1a0c-b7f2-1c7e-e59bb2763f0f" executionId="2851d459-c6a4-449c-8299-8bc4ef6dc524" testListId="8c84fa94-04c1-424b-9868-57a2d4851a1d" />
    <TestEntry testId="db113e6e-fe96-562f-4c9e-fac3dbaaeedc" executionId="97194ecd-97f5-4465-b779-74c337e5766a" testListId="8c84fa94-04c1-424b-9868-57a2d4851a1d" />
    <TestEntry testId="db2cbd38-a14d-b06e-fd2b-542b84645680" executionId="86a83375-29ed-4845-99e9-945e52d4a4ef" testListId="8c84fa94-04c1-424b-9868-57a2d4851a1d" />
    <TestEntry testId="dcd64675-21d8-0b9a-9cf5-ac50822ee771" executionId="90ed2a4c-5d82-45b1-add6-8122561a2def" testListId="8c84fa94-04c1-424b-9868-57a2d4851a1d" />
    <TestEntry testId="dcf1db6a-6e15-f745-8c61-5c0cbc68681f" executionId="c4e83e05-764f-49bd-a627-e7ddcf7a3fa5" testListId="8c84fa94-04c1-424b-9868-57a2d4851a1d" />
    <TestEntry testId="de169ee4-3985-9538-838d-f920eef5b26b" executionId="41f7a4e0-0eaa-41b9-b338-ff3eebd5c31a" testListId="8c84fa94-04c1-424b-9868-57a2d4851a1d" />
    <TestEntry testId="dfea3fa1-b295-8c05-710e-e2cb6ce3f9d6" executionId="d751876e-990a-413c-8b8f-a528d9a793e7" testListId="8c84fa94-04c1-424b-9868-57a2d4851a1d" />
    <TestEntry testId="e08ed2a3-8471-3997-30af-ab81916e00cb" executionId="07635df2-28d9-402f-baa8-3e18b033b9bf" testListId="8c84fa94-04c1-424b-9868-57a2d4851a1d" />
    <TestEntry testId="e1d44afa-1394-6d68-cf3a-361e5ec94e83" executionId="4e796165-f7ff-48f6-bc83-77a6ebb8af68" testListId="8c84fa94-04c1-424b-9868-57a2d4851a1d" />
    <TestEntry testId="e26f0cbc-ec75-e273-f755-4a50e6a1f30a" executionId="51513589-f4b7-4a36-b12d-099c2dc878d7" testListId="8c84fa94-04c1-424b-9868-57a2d4851a1d" />
    <TestEntry testId="e2e442ef-e02c-6299-5fbd-dd49fb1d3672" executionId="cb5c0022-b316-41d5-b58a-d32dc597a6dd" testListId="8c84fa94-04c1-424b-9868-57a2d4851a1d" />
    <TestEntry testId="e4615602-9641-d148-59c9-84c9addeee4f" executionId="c07d3280-d2c3-4cf4-a82d-77ff1d952aff" testListId="8c84fa94-04c1-424b-9868-57a2d4851a1d" />
    <TestEntry testId="e47b507d-8276-c45e-8213-bc71e7175571" executionId="6cf720e6-cda0-4a30-af7b-84cac6bdfb66" testListId="8c84fa94-04c1-424b-9868-57a2d4851a1d" />
    <TestEntry testId="e6a8c00a-faa8-0745-e831-40d2f4668ade" executionId="12b49366-484d-43d2-9824-d38cddb39fb4" testListId="8c84fa94-04c1-424b-9868-57a2d4851a1d" />
    <TestEntry testId="e714817d-ce86-8716-57bb-b981b1597240" executionId="abdaf3d3-86d4-49d9-a666-8a58136b4719" testListId="8c84fa94-04c1-424b-9868-57a2d4851a1d" />
    <TestEntry testId="e731ae20-c844-7455-5d52-ca6eb82eb8c1" executionId="2ba4d644-5ce4-4079-8b0b-40f3ed39d880" testListId="8c84fa94-04c1-424b-9868-57a2d4851a1d" />
    <TestEntry testId="e9706036-01bc-4fd1-60c9-f67ac8f10adb" executionId="78de4912-ff01-439b-93f4-6e0b441e65bb" testListId="8c84fa94-04c1-424b-9868-57a2d4851a1d" />
    <TestEntry testId="e9fab572-8fef-43db-2f81-87bc2fbad50f" executionId="7d11fb9c-b8b8-455c-8f5e-6ac1035f7d65" testListId="8c84fa94-04c1-424b-9868-57a2d4851a1d" />
    <TestEntry testId="ea325b6e-c3ab-3827-d099-c8e61f5a4b92" executionId="1974b514-3089-4396-a00b-41bae3f3088e" testListId="8c84fa94-04c1-424b-9868-57a2d4851a1d" />
    <TestEntry testId="eaf1ea02-9828-2113-565b-2356e5e99e6b" executionId="b2e4ccf1-e239-45c4-a596-59b12bf41f0a" testListId="8c84fa94-04c1-424b-9868-57a2d4851a1d" />
    <TestEntry testId="eb7106dc-eb88-ec99-7bfd-0b16f51297ea" executionId="b2107bf5-c861-4939-890e-e16548f3b1eb" testListId="8c84fa94-04c1-424b-9868-57a2d4851a1d" />
    <TestEntry testId="ec86a5c7-025b-b62c-fbf3-4b0194192c0a" executionId="6128f7ef-6bb9-407a-a02e-9a27946414b9" testListId="8c84fa94-04c1-424b-9868-57a2d4851a1d" />
    <TestEntry testId="ed27cc8b-f076-d5ca-e1a7-e11e80ed7216" executionId="fd2eaa43-d6f1-42d1-aa8d-c33d0ef6b5cf" testListId="8c84fa94-04c1-424b-9868-57a2d4851a1d" />
    <TestEntry testId="ef0ae882-4dcb-0302-71db-13ab90020039" executionId="4798eaaa-ea95-420c-9050-21c57c6102ce" testListId="8c84fa94-04c1-424b-9868-57a2d4851a1d" />
    <TestEntry testId="ef68a9ee-23ea-2d7b-e344-622c97db6fd2" executionId="11b8ba16-9a7c-4881-a65d-da96a5667675" testListId="8c84fa94-04c1-424b-9868-57a2d4851a1d" />
    <TestEntry testId="efd3fdf9-6214-c49f-4a2b-bfb2fe87d588" executionId="57e52cf4-11b6-4e65-a917-8e2b65bf6032" testListId="8c84fa94-04c1-424b-9868-57a2d4851a1d" />
    <TestEntry testId="f0a78964-7df7-6d28-3ebe-f82c2151fafb" executionId="06e1e450-32e1-46f0-985d-320be8836de9" testListId="8c84fa94-04c1-424b-9868-57a2d4851a1d" />
    <TestEntry testId="f171bbe9-81e2-ed24-643d-8a7305f52326" executionId="d4c98cc1-f555-4f3e-8113-3e4b22bbc5a4" testListId="8c84fa94-04c1-424b-9868-57a2d4851a1d" />
    <TestEntry testId="f3417486-69dc-de2a-dd50-52fd43d006f5" executionId="4671038a-a974-4493-b15d-346dcb35cf8a" testListId="8c84fa94-04c1-424b-9868-57a2d4851a1d" />
    <TestEntry testId="f395261d-5bed-0fbe-8f0d-91e27b638206" executionId="6bac3dfa-8b06-49f8-9e58-04d6ebc064d6" testListId="8c84fa94-04c1-424b-9868-57a2d4851a1d" />
    <TestEntry testId="f3fa3c96-f413-1277-0bee-c65969207b6c" executionId="561a48af-71fe-47a5-b07f-3a3dd36e6315" testListId="8c84fa94-04c1-424b-9868-57a2d4851a1d" />
    <TestEntry testId="f503de55-2c95-f110-a46c-919d6f50e064" executionId="12fe6100-9bf5-4393-8d5b-731704fd029f" testListId="8c84fa94-04c1-424b-9868-57a2d4851a1d" />
    <TestEntry testId="f5ca8613-0214-ec34-e723-d1095b6a17b4" executionId="49a76140-eb9e-4e02-9138-c7ac805a0fdc" testListId="8c84fa94-04c1-424b-9868-57a2d4851a1d" />
    <TestEntry testId="f6ae9d1e-5852-50cb-8378-e1ac4634a91b" executionId="85273679-0a61-4262-9183-6b0224148b36" testListId="8c84fa94-04c1-424b-9868-57a2d4851a1d" />
    <TestEntry testId="f6ef8399-e04f-58b6-2ee9-2d40209a41f1" executionId="2aeb77a1-4d0e-499c-8497-12948cab91a5" testListId="8c84fa94-04c1-424b-9868-57a2d4851a1d" />
    <TestEntry testId="f9af0abf-643a-0ae4-577c-59c40c69391a" executionId="170f3b59-7a5d-478f-865c-608e72258534" testListId="8c84fa94-04c1-424b-9868-57a2d4851a1d" />
    <TestEntry testId="f9b81dce-55e1-263a-0b23-09249cae8cd4" executionId="0ad7ba79-32d3-4b1f-a560-38be29bb708e" testListId="8c84fa94-04c1-424b-9868-57a2d4851a1d" />
    <TestEntry testId="f9c3b8d4-44eb-d441-d7b4-5980f2089bf1" executionId="32de4e1e-245c-4073-a266-ecef996d4fa3" testListId="8c84fa94-04c1-424b-9868-57a2d4851a1d" />
    <TestEntry testId="facd1619-809e-3892-1c5d-a369458909c6" executionId="452f0fef-1a9d-4788-b1c7-acda35896103" testListId="8c84fa94-04c1-424b-9868-57a2d4851a1d" />
    <TestEntry testId="fb8ca09b-7f12-89fe-19bf-bcebd7198872" executionId="2624214c-716b-45f7-a539-0e8c08b2f90b" testListId="8c84fa94-04c1-424b-9868-57a2d4851a1d" />
    <TestEntry testId="fda20422-40a9-5283-8a02-f548ab2ba5fd" executionId="cc91f1ed-d149-46d3-96dd-c441e8b14de7" testListId="8c84fa94-04c1-424b-9868-57a2d4851a1d" />
  </TestEntries>
  <Results>
    <UnitTestResult executionId="42242b35-6bff-4890-8aa8-83290813ee7b" testId="00803d11-60d8-3003-79e6-d2290acd2110" testName="should_not_set_sight_radius_lower_than_the_minimum_sight_radius_for_user" computerName="1WJ93R1-JWILLIA" duration="00:00:00.2410120" startTime="2012-08-20T13:35:47.4686006-05:00" endTime="2012-08-20T13:35:47.9636501-05:00" testType="13cdc9d9-ddb5-4fa4-a97d-d965ccfc6d4b" outcome="Passed" testListId="8c84fa94-04c1-424b-9868-57a2d4851a1d" relativeResultsDirectory="42242b35-6bff-4890-8aa8-83290813ee7b">
    </UnitTestResult>
    <UnitTestResult executionId="be4fbaed-22d1-4008-a138-feb0b8190665" testId="00f036f8-7ea4-f115-2065-21a527c875c4" testName="should_update_user_location_if_user_exists" computerName="1WJ93R1-JWILLIA" duration="00:00:00.2909942" startTime="2012-08-20T13:35:47.9696507-05:00" endTime="2012-08-20T13:35:48.2636801-05:00" testType="13cdc9d9-ddb5-4fa4-a97d-d965ccfc6d4b" outcome="Passed" testListId="8c84fa94-04c1-424b-9868-57a2d4851a1d" relativeResultsDirectory="be4fbaed-22d1-4008-a138-feb0b8190665">
    </UnitTestResult>
    <UnitTestResult executionId="ed3a0b20-748f-4b55-af09-b55922edf785" testId="01475b3a-fc7d-1f41-65ba-f4ddf4a86946" testName="should_return_hotzones_destroyed" computerName="1WJ93R1-JWILLIA" duration="00:00:00.0703397" startTime="2012-08-20T13:35:48.2686806-05:00" endTime="2012-08-20T13:35:48.3406878-05:00" testType="13cdc9d9-ddb5-4fa4-a97d-d965ccfc6d4b" outcome="Passed" testListId="8c84fa94-04c1-424b-9868-57a2d4851a1d" relativeResultsDirectory="ed3a0b20-748f-4b55-af09-b55922edf785">
    </UnitTestResult>
    <UnitTestResult executionId="f29581e7-692d-44e1-9741-8cd2f5322236" testId="01612aab-c0ea-12bb-1a12-76fce19990e3" testName="should_check_users_level_after_hunt" computerName="1WJ93R1-JWILLIA" duration="00:00:00.1041409" startTime="2012-08-20T13:35:48.3456883-05:00" endTime="2012-08-20T13:35:48.4526990-05:00" testType="13cdc9d9-ddb5-4fa4-a97d-d965ccfc6d4b" outcome="Passed" testListId="8c84fa94-04c1-424b-9868-57a2d4851a1d" relativeResultsDirectory="f29581e7-692d-44e1-9741-8cd2f5322236">
    </UnitTestResult>
    <UnitTestResult executionId="1907b52c-2fb6-40eb-b873-a7758d83e7b8" testId="027692e3-3856-06fd-bce6-644a6cf7eb82" testName="should_return_null_for_last_saved_sight_radius_if_user_exists_but_sight_radius_is_null" computerName="1WJ93R1-JWILLIA" duration="00:00:00.0231323" startTime="2012-08-20T13:35:48.4586996-05:00" endTime="2012-08-20T13:35:48.4837021-05:00" testType="13cdc9d9-ddb5-4fa4-a97d-d965ccfc6d4b" outcome="Passed" testListId="8c84fa94-04c1-424b-9868-57a2d4851a1d" relativeResultsDirectory="1907b52c-2fb6-40eb-b873-a7758d83e7b8">
    </UnitTestResult>
    <UnitTestResult executionId="f62c27b7-a550-4119-ae79-640d7608e1fa" testId="03a8dd14-ba0a-c947-44ec-1c0c4c677ff9" testName="should_return_all_zombie_packs_assocaited_with_hotzone" computerName="1WJ93R1-JWILLIA" duration="00:00:00.0442596" startTime="2012-08-20T13:35:48.4887026-05:00" endTime="2012-08-20T13:35:48.5347072-05:00" testType="13cdc9d9-ddb5-4fa4-a97d-d965ccfc6d4b" outcome="Passed" testListId="8c84fa94-04c1-424b-9868-57a2d4851a1d" relativeResultsDirectory="f62c27b7-a550-4119-ae79-640d7608e1fa">
    </UnitTestResult>
    <UnitTestResult executionId="e819da75-5a46-4c6d-9723-584cfec574d8" testId="03d17922-b162-d76b-31f6-f34eb647e676" testName="should_return_user_if_user_exists" computerName="1WJ93R1-JWILLIA" duration="00:00:00.0228501" startTime="2012-08-20T13:35:48.5397077-05:00" endTime="2012-08-20T13:35:48.5657103-05:00" testType="13cdc9d9-ddb5-4fa4-a97d-d965ccfc6d4b" outcome="Passed" testListId="8c84fa94-04c1-424b-9868-57a2d4851a1d" relativeResultsDirectory="e819da75-5a46-4c6d-9723-584cfec574d8">
    </UnitTestResult>
    <UnitTestResult executionId="ba185ae0-d4c7-41e6-bc30-df4e493f497d" testId="05ef1086-81f0-526c-3f9d-15b7821d9bae" testName="should_return_base_sight_radius_for_user" computerName="1WJ93R1-JWILLIA" duration="00:00:00.0260932" startTime="2012-08-20T13:35:48.5697107-05:00" endTime="2012-08-20T13:35:48.5987136-05:00" testType="13cdc9d9-ddb5-4fa4-a97d-d965ccfc6d4b" outcome="Passed" testListId="8c84fa94-04c1-424b-9868-57a2d4851a1d" relativeResultsDirectory="ba185ae0-d4c7-41e6-bc30-df4e493f497d">
    </UnitTestResult>
    <UnitTestResult executionId="52e31386-ccaf-4a19-baa2-3399aefefc4e" testId="08042b30-bcf9-bd89-006e-14ec4c40ac45" testName="should_disregard_if_item_does_not_exist" computerName="1WJ93R1-JWILLIA" duration="00:00:00.0170655" startTime="2012-08-20T13:35:48.6027140-05:00" endTime="2012-08-20T13:35:48.6227160-05:00" testType="13cdc9d9-ddb5-4fa4-a97d-d965ccfc6d4b" outcome="Passed" testListId="8c84fa94-04c1-424b-9868-57a2d4851a1d" relativeResultsDirectory="52e31386-ccaf-4a19-baa2-3399aefefc4e">
    </UnitTestResult>
    <UnitTestResult executionId="bd90f1c8-ec9c-4f6a-af9f-c631f29f49ac" testId="08b982f7-3805-00b2-b01e-402a8abcd2ab" testName="should_return_a_hunt_count_of_16_to_20_if_resolved_as_an_medium_hotzone" computerName="1WJ93R1-JWILLIA" duration="00:00:00.0383640" startTime="2012-08-20T13:35:48.6277165-05:00" endTime="2012-08-20T13:35:48.6687206-05:00" testType="13cdc9d9-ddb5-4fa4-a97d-d965ccfc6d4b" outcome="Passed" testListId="8c84fa94-04c1-424b-9868-57a2d4851a1d" relativeResultsDirectory="bd90f1c8-ec9c-4f6a-af9f-c631f29f49ac">
    </UnitTestResult>
    <UnitTestResult executionId="a57ae28a-a305-4386-acbe-9188cd30fde8" testId="0c8abc46-7ae3-a530-a75d-2f31cb9a36fc" testName="should_return_energy_based_on_items_in_safehouse_with_user_not_having_any_money" computerName="1WJ93R1-JWILLIA" duration="00:00:00.0283459" startTime="2012-08-20T13:35:48.6737211-05:00" endTime="2012-08-20T13:35:48.7037241-05:00" testType="13cdc9d9-ddb5-4fa4-a97d-d965ccfc6d4b" outcome="Passed" testListId="8c84fa94-04c1-424b-9868-57a2d4851a1d" relativeResultsDirectory="a57ae28a-a305-4386-acbe-9188cd30fde8">
    </UnitTestResult>
    <UnitTestResult executionId="081b97ed-2837-4ca3-9e1b-c2dec1a1f2ab" testId="0da63870-00bb-b6e5-56ff-c32676768cb3" testName="should_retrieve_item_by_item_id" computerName="1WJ93R1-JWILLIA" duration="00:00:00.0762349" startTime="2012-08-20T13:35:48.7097247-05:00" endTime="2012-08-20T13:35:48.7877325-05:00" testType="13cdc9d9-ddb5-4fa4-a97d-d965ccfc6d4b" outcome="Passed" testListId="8c84fa94-04c1-424b-9868-57a2d4851a1d" relativeResultsDirectory="081b97ed-2837-4ca3-9e1b-c2dec1a1f2ab">
    </UnitTestResult>
    <UnitTestResult executionId="e8e197c6-6ff7-4f3c-a5a7-41b5c22b2a67" testId="0e9255e8-5116-355b-a604-cafe47e04c3c" testName="should_return_achievement_for_killing_100000_zombies" computerName="1WJ93R1-JWILLIA" duration="00:00:00.0048595" startTime="2012-08-20T13:35:48.7937331-05:00" endTime="2012-08-20T13:35:48.8007338-05:00" testType="13cdc9d9-ddb5-4fa4-a97d-d965ccfc6d4b" outcome="Passed" testListId="8c84fa94-04c1-424b-9868-57a2d4851a1d" relativeResultsDirectory="e8e197c6-6ff7-4f3c-a5a7-41b5c22b2a67">
    </UnitTestResult>
    <UnitTestResult executionId="5517dce2-bd91-4f5f-b358-4a7cc3df0832" testId="0ee84f2b-31e9-0047-e6f0-0ec71b544574" testName="should_return_current_level_for_user" computerName="1WJ93R1-JWILLIA" duration="00:00:00.0045152" startTime="2012-08-20T13:35:48.8057343-05:00" endTime="2012-08-20T13:35:48.8137351-05:00" testType="13cdc9d9-ddb5-4fa4-a97d-d965ccfc6d4b" outcome="Passed" testListId="8c84fa94-04c1-424b-9868-57a2d4851a1d" relativeResultsDirectory="5517dce2-bd91-4f5f-b358-4a7cc3df0832">
    </UnitTestResult>
    <UnitTestResult executionId="7f86f3cf-90bc-449c-9c2a-05d5a8a8951e" testId="10dff579-2252-675a-f00d-0bb39990c8c6" testName="should_hunt_if_users_has_enough_energy" computerName="1WJ93R1-JWILLIA" duration="00:00:00.0123020" startTime="2012-08-20T13:35:48.8177355-05:00" endTime="2012-08-20T13:35:48.8327370-05:00" testType="13cdc9d9-ddb5-4fa4-a97d-d965ccfc6d4b" outcome="Passed" testListId="8c84fa94-04c1-424b-9868-57a2d4851a1d" relativeResultsDirectory="7f86f3cf-90bc-449c-9c2a-05d5a8a8951e">
    </UnitTestResult>
    <UnitTestResult executionId="9ccbcd47-f79d-4da6-8c7f-dc78f4289061" testId="1176458c-eb17-c2d6-8c27-e75b41695c1a" testName="should_return_base_energy_if_user_does_not_have_any_money_and_no_items_in_safehouse" computerName="1WJ93R1-JWILLIA" duration="00:00:00.0039083" startTime="2012-08-20T13:35:48.8367374-05:00" endTime="2012-08-20T13:35:48.8427380-05:00" testType="13cdc9d9-ddb5-4fa4-a97d-d965ccfc6d4b" outcome="Passed" testListId="8c84fa94-04c1-424b-9868-57a2d4851a1d" relativeResultsDirectory="9ccbcd47-f79d-4da6-8c7f-dc78f4289061">
    </UnitTestResult>
    <UnitTestResult executionId="40d97d0b-9c96-407b-b124-cbb9525c4883" testId="11b9b59c-993f-c435-5dd4-71b20fb4e5e5" testName="should_return_false_if_safe_house_does_not_exist" computerName="1WJ93R1-JWILLIA" duration="00:00:00.0396156" startTime="2012-08-20T13:35:48.8477385-05:00" endTime="2012-08-20T13:35:48.8897427-05:00" testType="13cdc9d9-ddb5-4fa4-a97d-d965ccfc6d4b" outcome="Passed" testListId="8c84fa94-04c1-424b-9868-57a2d4851a1d" relativeResultsDirectory="40d97d0b-9c96-407b-b124-cbb9525c4883">
    </UnitTestResult>
    <UnitTestResult executionId="996eb9de-4a8f-4837-8144-865bc15b1ca5" testId="11ca7b9d-e2f9-e5ce-6eed-7e1247933dec" testName="should_return_achievement_for_traveling_10_miles" computerName="1WJ93R1-JWILLIA" duration="00:00:00.0018711" startTime="2012-08-20T13:35:48.8947432-05:00" endTime="2012-08-20T13:35:48.8987436-05:00" testType="13cdc9d9-ddb5-4fa4-a97d-d965ccfc6d4b" outcome="Passed" testListId="8c84fa94-04c1-424b-9868-57a2d4851a1d" relativeResultsDirectory="996eb9de-4a8f-4837-8144-865bc15b1ca5">
    </UnitTestResult>
    <UnitTestResult executionId="cb94f7f7-6b51-469f-b84f-625554dec070" testId="1339f28e-8dc2-ea63-491b-e46002a2f545" testName="should_move_user_and_update_users_location_if_user_has_enough_energy_to_move_to_location" computerName="1WJ93R1-JWILLIA" duration="00:00:00.0109468" startTime="2012-08-20T13:35:48.9027440-05:00" endTime="2012-08-20T13:35:48.9157453-05:00" testType="13cdc9d9-ddb5-4fa4-a97d-d965ccfc6d4b" outcome="Passed" testListId="8c84fa94-04c1-424b-9868-57a2d4851a1d" relativeResultsDirectory="cb94f7f7-6b51-469f-b84f-625554dec070">
    </UnitTestResult>
    <UnitTestResult executionId="bd0b6ef2-3b13-4f37-9402-f6223e45c11f" testId="13954612-b76a-9796-df53-2efe3530832a" testName="should_return_achievement_for_collecting_100000_dollars" computerName="1WJ93R1-JWILLIA" duration="00:00:00.0015385" startTime="2012-08-20T13:35:48.9207458-05:00" endTime="2012-08-20T13:35:48.9237461-05:00" testType="13cdc9d9-ddb5-4fa4-a97d-d965ccfc6d4b" outcome="Passed" testListId="8c84fa94-04c1-424b-9868-57a2d4851a1d" relativeResultsDirectory="bd0b6ef2-3b13-4f37-9402-f6223e45c11f">
    </UnitTestResult>
    <UnitTestResult executionId="da380121-dfc2-43b5-a16e-4d6132a6bad9" testId="1426a62d-a078-b4b5-817b-9f560bfc1dfe" testName="should_return_0_if_time_passed_into_calculate_sight_radius_is_less_than_the_last_saved_sight_radius_record" computerName="1WJ93R1-JWILLIA" duration="00:00:00.0080205" startTime="2012-08-20T13:35:48.9297467-05:00" endTime="2012-08-20T13:35:48.9397477-05:00" testType="13cdc9d9-ddb5-4fa4-a97d-d965ccfc6d4b" outcome="Passed" testListId="8c84fa94-04c1-424b-9868-57a2d4851a1d" relativeResultsDirectory="da380121-dfc2-43b5-a16e-4d6132a6bad9">
    </UnitTestResult>
    <UnitTestResult executionId="9815654a-d8c7-4ee2-9b55-28a54f708d02" testId="147b1cfd-fcbf-4ec1-a009-05f059879e52" testName="should_record_money_earned_after_a_succesful_hunt" computerName="1WJ93R1-JWILLIA" duration="00:00:00.0134757" startTime="2012-08-20T13:35:48.9437481-05:00" endTime="2012-08-20T13:35:48.9597497-05:00" testType="13cdc9d9-ddb5-4fa4-a97d-d965ccfc6d4b" outcome="Passed" testListId="8c84fa94-04c1-424b-9868-57a2d4851a1d" relativeResultsDirectory="9815654a-d8c7-4ee2-9b55-28a54f708d02">
    </UnitTestResult>
    <UnitTestResult executionId="3bff1de4-f4b8-4d5e-ae20-4cc3fb291600" testId="15d93832-4f17-b3dc-992d-8c3088d960e1" testName="should_return_lastvisite_hotzone_id_for_user_that_has_visited_a_hotzone" computerName="1WJ93R1-JWILLIA" duration="00:00:00.0173827" startTime="2012-08-20T13:35:48.9637501-05:00" endTime="2012-08-20T13:35:48.9837521-05:00" testType="13cdc9d9-ddb5-4fa4-a97d-d965ccfc6d4b" outcome="Passed" testListId="8c84fa94-04c1-424b-9868-57a2d4851a1d" relativeResultsDirectory="3bff1de4-f4b8-4d5e-ae20-4cc3fb291600">
    </UnitTestResult>
    <UnitTestResult executionId="d610d149-4803-4bf6-b377-b46d9734530d" testId="162e548e-a661-0b73-7a6e-7c4d1ab7a750" testName="should_throw_error_if_trying_to_update_base_line_energy_and_user_does_not_exist" computerName="1WJ93R1-JWILLIA" duration="00:00:00.0215527" startTime="2012-08-20T13:35:48.9877525-05:00" endTime="2012-08-20T13:35:49.0117549-05:00" testType="13cdc9d9-ddb5-4fa4-a97d-d965ccfc6d4b" outcome="Passed" testListId="8c84fa94-04c1-424b-9868-57a2d4851a1d" relativeResultsDirectory="d610d149-4803-4bf6-b377-b46d9734530d">
    </UnitTestResult>
    <UnitTestResult executionId="6c9f3cf0-a881-42b3-8792-67eeaccf8706" testId="166bc0da-4e9a-a151-a5ee-18d3adcd0291" testName="should_return_achievement_for_collecting_10000_dollars" computerName="1WJ93R1-JWILLIA" duration="00:00:00.0011079" startTime="2012-08-20T13:35:49.0167554-05:00" endTime="2012-08-20T13:35:49.0197557-05:00" testType="13cdc9d9-ddb5-4fa4-a97d-d965ccfc6d4b" outcome="Passed" testListId="8c84fa94-04c1-424b-9868-57a2d4851a1d" relativeResultsDirectory="6c9f3cf0-a881-42b3-8792-67eeaccf8706">
    </UnitTestResult>
    <UnitTestResult executionId="be754c80-34d1-46a1-9c10-b3c62254c1ac" testId="17c9071b-a2b6-56fe-9dc6-b3135a8d71e5" testName="should_insert_zombie_pack_progress_that_does_exist" computerName="1WJ93R1-JWILLIA" duration="00:00:00.0493584" startTime="2012-08-20T13:35:49.0257563-05:00" endTime="2012-08-20T13:35:49.0767614-05:00" testType="13cdc9d9-ddb5-4fa4-a97d-d965ccfc6d4b" outcome="Passed" testListId="8c84fa94-04c1-424b-9868-57a2d4851a1d" relativeResultsDirectory="be754c80-34d1-46a1-9c10-b3c62254c1ac">
    </UnitTestResult>
    <UnitTestResult executionId="a61dbb30-3255-44b9-b7a4-da0be2a79a4b" testId="17d3f4ec-e921-82a2-da9d-9f4177b91ac9" testName="should_return_base_eneryg_plus_any_equiped_items_that_affect_energy" computerName="1WJ93R1-JWILLIA" duration="00:00:00.0076669" startTime="2012-08-20T13:35:49.0827620-05:00" endTime="2012-08-20T13:35:49.0927630-05:00" testType="13cdc9d9-ddb5-4fa4-a97d-d965ccfc6d4b" outcome="Passed" testListId="8c84fa94-04c1-424b-9868-57a2d4851a1d" relativeResultsDirectory="a61dbb30-3255-44b9-b7a4-da0be2a79a4b">
    </UnitTestResult>
    <UnitTestResult executionId="0bb1eef3-6284-4c3c-915c-5f5100edca3d" testId="19198647-e17a-fca8-64d0-a720ab9e3894" testName="should_return_the_summation_of_the_attack_powers_of_items_on_person" computerName="1WJ93R1-JWILLIA" duration="00:00:00.0065757" startTime="2012-08-20T13:35:49.0977635-05:00" endTime="2012-08-20T13:35:49.1057643-05:00" testType="13cdc9d9-ddb5-4fa4-a97d-d965ccfc6d4b" outcome="Passed" testListId="8c84fa94-04c1-424b-9868-57a2d4851a1d" relativeResultsDirectory="0bb1eef3-6284-4c3c-915c-5f5100edca3d">
    </UnitTestResult>
    <UnitTestResult executionId="c592efbb-b13e-4c77-9589-324e247ff460" testId="1ade4597-88a4-ccb5-c182-1ea16f848376" testName="should_return_achievement_for_destroying_100_hotzones" computerName="1WJ93R1-JWILLIA" duration="00:00:00.0021743" startTime="2012-08-20T13:35:49.1107648-05:00" endTime="2012-08-20T13:35:49.1157653-05:00" testType="13cdc9d9-ddb5-4fa4-a97d-d965ccfc6d4b" outcome="Passed" testListId="8c84fa94-04c1-424b-9868-57a2d4851a1d" relativeResultsDirectory="c592efbb-b13e-4c77-9589-324e247ff460">
    </UnitTestResult>
    <UnitTestResult executionId="38f9c22d-4f27-4875-9192-653aa44fcef0" testId="1b56219d-f99d-2b01-66f0-01c3b94f4ee2" testName="should_return_achievement_for_killing_1_zombie" computerName="1WJ93R1-JWILLIA" duration="00:00:00.0011461" startTime="2012-08-20T13:35:49.1207658-05:00" endTime="2012-08-20T13:35:49.1237661-05:00" testType="13cdc9d9-ddb5-4fa4-a97d-d965ccfc6d4b" outcome="Passed" testListId="8c84fa94-04c1-424b-9868-57a2d4851a1d" relativeResultsDirectory="38f9c22d-4f27-4875-9192-653aa44fcef0">
    </UnitTestResult>
    <UnitTestResult executionId="5fa110f4-20b3-4738-a4fe-d67f810ac030" testId="1cb99b44-08d0-1c2c-78e8-64869fef3154" testName="should_retrieve_all_stores" computerName="1WJ93R1-JWILLIA" duration="00:00:00.0467871" startTime="2012-08-20T13:35:49.1277665-05:00" endTime="2012-08-20T13:35:49.1767714-05:00" testType="13cdc9d9-ddb5-4fa4-a97d-d965ccfc6d4b" outcome="Passed" testListId="8c84fa94-04c1-424b-9868-57a2d4851a1d" relativeResultsDirectory="5fa110f4-20b3-4738-a4fe-d67f810ac030">
    </UnitTestResult>
    <UnitTestResult executionId="2a0eb33f-2ac0-4ded-8515-0eebfd0e68ec" testId="1f745c7b-d05c-6f7b-abbb-12ef8bc4e839" testName="should_determine_base_line_for_user_that_changes_hotzones_after_each_third_hotzone" computerName="1WJ93R1-JWILLIA" duration="00:00:00.0234523" startTime="2012-08-20T13:35:49.1827720-05:00" endTime="2012-08-20T13:35:49.2097747-05:00" testType="13cdc9d9-ddb5-4fa4-a97d-d965ccfc6d4b" outcome="Passed" testListId="8c84fa94-04c1-424b-9868-57a2d4851a1d" relativeResultsDirectory="2a0eb33f-2ac0-4ded-8515-0eebfd0e68ec">
    </UnitTestResult>
    <UnitTestResult executionId="b3c5a9a1-0a48-4703-bf15-f6444dec58e6" testId="1f98f9e8-cb47-74ae-9470-dfe55c54483a" testName="should_update_baseline_attack_power_for_user" computerName="1WJ93R1-JWILLIA" duration="00:00:00.0233912" startTime="2012-08-20T13:35:49.2147752-05:00" endTime="2012-08-20T13:35:49.2397777-05:00" testType="13cdc9d9-ddb5-4fa4-a97d-d965ccfc6d4b" outcome="Passed" testListId="8c84fa94-04c1-424b-9868-57a2d4851a1d" relativeResultsDirectory="b3c5a9a1-0a48-4703-bf15-f6444dec58e6">
    </UnitTestResult>
    <UnitTestResult executionId="7779cfc7-1bc5-4bdc-83df-81e6ab1bb45f" testId="20c7eedc-a25f-bd99-048a-d0191e8444d6" testName="should_throw_error_if_facebook_user_id_is_0_user_exists_is_attempted" computerName="1WJ93R1-JWILLIA" duration="00:00:00.0160601" startTime="2012-08-20T13:35:49.2447782-05:00" endTime="2012-08-20T13:35:49.2627800-05:00" testType="13cdc9d9-ddb5-4fa4-a97d-d965ccfc6d4b" outcome="Passed" testListId="8c84fa94-04c1-424b-9868-57a2d4851a1d" relativeResultsDirectory="7779cfc7-1bc5-4bdc-83df-81e6ab1bb45f">
    </UnitTestResult>
    <UnitTestResult executionId="6f85fac9-6d2c-44fb-a64a-f5b744f50715" testId="21426709-ea7c-0595-beae-1978da06ff6a" testName="should_record_zombies_killed_after_hunt" computerName="1WJ93R1-JWILLIA" duration="00:00:00.0111344" startTime="2012-08-20T13:35:49.2687806-05:00" endTime="2012-08-20T13:35:49.2817819-05:00" testType="13cdc9d9-ddb5-4fa4-a97d-d965ccfc6d4b" outcome="Passed" testListId="8c84fa94-04c1-424b-9868-57a2d4851a1d" relativeResultsDirectory="6f85fac9-6d2c-44fb-a64a-f5b744f50715">
    </UnitTestResult>
    <UnitTestResult executionId="3b3dcd5f-3784-4027-9cbc-e0c789bbd716" testId="214d4e68-bd5b-8ca7-2eae-cad7ae4b5618" testName="should_return_energy_along_with_any_energy_increase_from_many_items_in_safehouse" computerName="1WJ93R1-JWILLIA" duration="00:00:00.0054725" startTime="2012-08-20T13:35:49.2877825-05:00" endTime="2012-08-20T13:35:49.2947832-05:00" testType="13cdc9d9-ddb5-4fa4-a97d-d965ccfc6d4b" outcome="Passed" testListId="8c84fa94-04c1-424b-9868-57a2d4851a1d" relativeResultsDirectory="3b3dcd5f-3784-4027-9cbc-e0c789bbd716">
    </UnitTestResult>
    <UnitTestResult executionId="e76941bb-ce8e-42e7-b427-492990cf62ca" testId="21e42ea8-d73d-440e-e599-8f8f475201e3" testName="should_return_true_if_zombiepack_exists" computerName="1WJ93R1-JWILLIA" duration="00:00:00.0097274" startTime="2012-08-20T13:35:49.2997837-05:00" endTime="2012-08-20T13:35:49.3117849-05:00" testType="13cdc9d9-ddb5-4fa4-a97d-d965ccfc6d4b" outcome="Passed" testListId="8c84fa94-04c1-424b-9868-57a2d4851a1d" relativeResultsDirectory="e76941bb-ce8e-42e7-b427-492990cf62ca">
    </UnitTestResult>
    <UnitTestResult executionId="cc306e9c-860e-4216-b2c5-4cece0cc95b8" testId="241aa01b-d31a-aa87-10ed-03e9fc36dd2d" testName="should_throw_error_for_saving_last_energy_if_user_does_not_exist" computerName="1WJ93R1-JWILLIA" duration="00:00:00.0150511" startTime="2012-08-20T13:35:49.3167854-05:00" endTime="2012-08-20T13:35:49.3347872-05:00" testType="13cdc9d9-ddb5-4fa4-a97d-d965ccfc6d4b" outcome="Passed" testListId="8c84fa94-04c1-424b-9868-57a2d4851a1d" relativeResultsDirectory="cc306e9c-860e-4216-b2c5-4cece0cc95b8">
    </UnitTestResult>
    <UnitTestResult executionId="03b90023-84ab-410b-9ae1-be51bc5dd26c" testId="2448c480-75b4-6f61-f066-698054ffd863" testName="should_save_and_return_zombie_pack_progress_with_random_difficulty_if_its_the_first_time_user_has_visited_zombie_pack" computerName="1WJ93R1-JWILLIA" duration="00:00:00.0113942" startTime="2012-08-20T13:35:49.3407878-05:00" endTime="2012-08-20T13:35:49.3537891-05:00" testType="13cdc9d9-ddb5-4fa4-a97d-d965ccfc6d4b" outcome="Passed" testListId="8c84fa94-04c1-424b-9868-57a2d4851a1d" relativeResultsDirectory="03b90023-84ab-410b-9ae1-be51bc5dd26c">
    </UnitTestResult>
    <UnitTestResult executionId="a6e49bb1-d8b4-4f58-8c52-5807b1dca590" testId="24bc110f-ba75-2876-7218-d24fbd5282b6" testName="should_return_0_if_user_does_not_exist" computerName="1WJ93R1-JWILLIA" duration="00:00:00.0021277" startTime="2012-08-20T13:35:49.3587896-05:00" endTime="2012-08-20T13:35:49.3627900-05:00" testType="13cdc9d9-ddb5-4fa4-a97d-d965ccfc6d4b" outcome="Passed" testListId="8c84fa94-04c1-424b-9868-57a2d4851a1d" relativeResultsDirectory="a6e49bb1-d8b4-4f58-8c52-5807b1dca590">
    </UnitTestResult>
    <UnitTestResult executionId="7a11e2ef-aa00-48fb-90e4-b1a14bdc8dde" testId="24c64596-5cab-4a6f-68a2-2b1dbc11b2be" testName="should_remove_user_item" computerName="1WJ93R1-JWILLIA" duration="00:00:00.0373661" startTime="2012-08-20T13:35:49.3677905-05:00" endTime="2012-08-20T13:35:49.4077945-05:00" testType="13cdc9d9-ddb5-4fa4-a97d-d965ccfc6d4b" outcome="Passed" testListId="8c84fa94-04c1-424b-9868-57a2d4851a1d" relativeResultsDirectory="7a11e2ef-aa00-48fb-90e4-b1a14bdc8dde">
    </UnitTestResult>
    <UnitTestResult executionId="3bbf3dcb-99bd-44ea-9e41-725d2dbabac0" testId="24e2889f-3174-5207-6e2d-3941d6d3ab4a" testName="should_return_the_number_of_zombie_kills_needed_for_next_level" computerName="1WJ93R1-JWILLIA" duration="00:00:00.0006041" startTime="2012-08-20T13:35:49.4127950-05:00" endTime="2012-08-20T13:35:49.4147952-05:00" testType="13cdc9d9-ddb5-4fa4-a97d-d965ccfc6d4b" outcome="Passed" testListId="8c84fa94-04c1-424b-9868-57a2d4851a1d" relativeResultsDirectory="3bbf3dcb-99bd-44ea-9e41-725d2dbabac0">
    </UnitTestResult>
    <UnitTestResult executionId="103803eb-7cec-4c2c-b7f2-5513b5ed8be4" testId="2528801b-adfc-fc02-0810-867a75b047c9" testName="should_return_remaining_zombie_packs_in_hot_zones" computerName="1WJ93R1-JWILLIA" duration="00:00:00.0624354" startTime="2012-08-20T13:35:49.4197957-05:00" endTime="2012-08-20T13:35:49.4848022-05:00" testType="13cdc9d9-ddb5-4fa4-a97d-d965ccfc6d4b" outcome="Passed" testListId="8c84fa94-04c1-424b-9868-57a2d4851a1d" relativeResultsDirectory="103803eb-7cec-4c2c-b7f2-5513b5ed8be4">
    </UnitTestResult>
    <UnitTestResult executionId="c6e2ed5d-c396-42d0-8887-359635e34d83" testId="25699796-3f06-4f57-c2f3-62593d0f8db7" testName="should_retrieve_zombie_pack_by_id" computerName="1WJ93R1-JWILLIA" duration="00:00:00.0166927" startTime="2012-08-20T13:35:49.4888026-05:00" endTime="2012-08-20T13:35:49.5078045-05:00" testType="13cdc9d9-ddb5-4fa4-a97d-d965ccfc6d4b" outcome="Passed" testListId="8c84fa94-04c1-424b-9868-57a2d4851a1d" relativeResultsDirectory="c6e2ed5d-c396-42d0-8887-359635e34d83">
    </UnitTestResult>
    <UnitTestResult executionId="c66d02e2-1fdb-480e-9021-c41ba063c135" testId="2604ff32-2b78-d0a6-0890-b8bb202063cc" testName="should_return_achievement_for_peak_zombies_of_two" computerName="1WJ93R1-JWILLIA" duration="00:00:00.0015431" startTime="2012-08-20T13:35:49.5128050-05:00" endTime="2012-08-20T13:35:49.5168054-05:00" testType="13cdc9d9-ddb5-4fa4-a97d-d965ccfc6d4b" outcome="Passed" testListId="8c84fa94-04c1-424b-9868-57a2d4851a1d" relativeResultsDirectory="c66d02e2-1fdb-480e-9021-c41ba063c135">
    </UnitTestResult>
    <UnitTestResult executionId="0555f4bb-8738-4ff7-a7d9-8460f736b282" testId="269b2e64-447a-b926-cd3c-a38128cb3896" testName="should_return_false_for_IsStartingHotzone_if_hotzone_doesnt_exist" computerName="1WJ93R1-JWILLIA" duration="00:00:00.0289836" startTime="2012-08-20T13:35:49.5208058-05:00" endTime="2012-08-20T13:35:49.5518089-05:00" testType="13cdc9d9-ddb5-4fa4-a97d-d965ccfc6d4b" outcome="Passed" testListId="8c84fa94-04c1-424b-9868-57a2d4851a1d" relativeResultsDirectory="0555f4bb-8738-4ff7-a7d9-8460f736b282">
    </UnitTestResult>
    <UnitTestResult executionId="f3e01674-91a1-41d1-b7bc-24db3215ee5e" testId="26db6a1b-fb8c-0332-7a76-ee9c69851e7c" testName="should_replenish_energy_after_level_up" computerName="1WJ93R1-JWILLIA" duration="00:00:00.0221540" startTime="2012-08-20T13:35:49.5568094-05:00" endTime="2012-08-20T13:35:49.5818119-05:00" testType="13cdc9d9-ddb5-4fa4-a97d-d965ccfc6d4b" outcome="Passed" testListId="8c84fa94-04c1-424b-9868-57a2d4851a1d" relativeResultsDirectory="f3e01674-91a1-41d1-b7bc-24db3215ee5e">
    </UnitTestResult>
    <UnitTestResult executionId="2f4733ac-4610-4195-acef-9e5285dac2ec" testId="27a4ff3c-3eae-1669-f1bc-bcc06d02612f" testName="should_disregard_if_user_does_not_have_enough_money" computerName="1WJ93R1-JWILLIA" duration="00:00:00.0108909" startTime="2012-08-20T13:35:49.5858123-05:00" endTime="2012-08-20T13:35:49.5998137-05:00" testType="13cdc9d9-ddb5-4fa4-a97d-d965ccfc6d4b" outcome="Passed" testListId="8c84fa94-04c1-424b-9868-57a2d4851a1d" relativeResultsDirectory="2f4733ac-4610-4195-acef-9e5285dac2ec">
    </UnitTestResult>
    <UnitTestResult executionId="e25f2b4b-19b6-4794-9f2e-49e3793084db" testId="27dffa83-35e8-a35a-74a3-14e94b831d3a" testName="should_return_false_if_zombie_pack_is_not_destroyed_by_user" computerName="1WJ93R1-JWILLIA" duration="00:00:00.0431820" startTime="2012-08-20T13:35:49.6038141-05:00" endTime="2012-08-20T13:35:49.6498187-05:00" testType="13cdc9d9-ddb5-4fa4-a97d-d965ccfc6d4b" outcome="Passed" testListId="8c84fa94-04c1-424b-9868-57a2d4851a1d" relativeResultsDirectory="e25f2b4b-19b6-4794-9f2e-49e3793084db">
    </UnitTestResult>
    <UnitTestResult executionId="f56c44e9-587f-413a-b9c3-a1ee7f6017a6" testId="27e73228-a40a-9260-7cd7-3a5d45c78078" testName="should_return_max_energy_if_calculated_energy_for_time_passed_in_is_greater_than_max_energy_of_user" computerName="1WJ93R1-JWILLIA" duration="00:00:00.0090384" startTime="2012-08-20T13:35:49.6548192-05:00" endTime="2012-08-20T13:35:49.6668204-05:00" testType="13cdc9d9-ddb5-4fa4-a97d-d965ccfc6d4b" outcome="Passed" testListId="8c84fa94-04c1-424b-9868-57a2d4851a1d" relativeResultsDirectory="f56c44e9-587f-413a-b9c3-a1ee7f6017a6">
    </UnitTestResult>
    <UnitTestResult executionId="93c394d6-dcdb-45ec-a22c-89ef2b8905a7" testId="29506837-8c96-f6c6-14e0-93c8ab580351" testName="should_disregard_if_user_does_not_exist" computerName="1WJ93R1-JWILLIA" duration="00:00:00.0112319" startTime="2012-08-20T13:35:49.6718209-05:00" endTime="2012-08-20T13:35:49.6848222-05:00" testType="13cdc9d9-ddb5-4fa4-a97d-d965ccfc6d4b" outcome="Passed" testListId="8c84fa94-04c1-424b-9868-57a2d4851a1d" relativeResultsDirectory="93c394d6-dcdb-45ec-a22c-89ef2b8905a7">
    </UnitTestResult>
    <UnitTestResult executionId="733950fd-8a84-414e-ab06-f951d4a9ff5e" testId="2a84edfa-8723-e5ed-8953-7dd9bec52c09" testName="should_increment_miles_count_for_user" computerName="1WJ93R1-JWILLIA" duration="00:00:00.0247417" startTime="2012-08-20T13:35:49.6908228-05:00" endTime="2012-08-20T13:35:49.7178255-05:00" testType="13cdc9d9-ddb5-4fa4-a97d-d965ccfc6d4b" outcome="Passed" testListId="8c84fa94-04c1-424b-9868-57a2d4851a1d" relativeResultsDirectory="733950fd-8a84-414e-ab06-f951d4a9ff5e">
    </UnitTestResult>
    <UnitTestResult executionId="88b4cc0a-ece6-48b5-b5c9-c951644c9447" testId="2bb944ea-67c4-2ec5-7a6c-8e36c6922cdf" testName="should_return_attack_power_along_with_any_attack_power_increase_from_buying_many_of_the_same_item_with_no_items_in_safehouse" computerName="1WJ93R1-JWILLIA" duration="00:00:00.0071117" startTime="2012-08-20T13:35:49.7238261-05:00" endTime="2012-08-20T13:35:49.7328270-05:00" testType="13cdc9d9-ddb5-4fa4-a97d-d965ccfc6d4b" outcome="Passed" testListId="8c84fa94-04c1-424b-9868-57a2d4851a1d" relativeResultsDirectory="88b4cc0a-ece6-48b5-b5c9-c951644c9447">
    </UnitTestResult>
    <UnitTestResult executionId="c120b97a-c721-42f7-b745-c4aef1b5e00e" testId="2c585954-d302-a7c2-bf0a-de2131be21ec" testName="should_disregard_facebook_user_ids_that_dont_exist" computerName="1WJ93R1-JWILLIA" duration="00:00:00.0324180" startTime="2012-08-20T13:35:49.7378275-05:00" endTime="2012-08-20T13:35:49.7728310-05:00" testType="13cdc9d9-ddb5-4fa4-a97d-d965ccfc6d4b" outcome="Passed" testListId="8c84fa94-04c1-424b-9868-57a2d4851a1d" relativeResultsDirectory="c120b97a-c721-42f7-b745-c4aef1b5e00e">
    </UnitTestResult>
    <UnitTestResult executionId="87d8eb86-bae1-4b29-824e-8aa3d432e1ca" testId="2d393202-3b6b-ea77-5db0-849ebdcd5101" testName="should_return_items_below_a_given_prices" computerName="1WJ93R1-JWILLIA" duration="00:00:00.0336640" startTime="2012-08-20T13:35:49.7778315-05:00" endTime="2012-08-20T13:35:49.8138351-05:00" testType="13cdc9d9-ddb5-4fa4-a97d-d965ccfc6d4b" outcome="Passed" testListId="8c84fa94-04c1-424b-9868-57a2d4851a1d" relativeResultsDirectory="87d8eb86-bae1-4b29-824e-8aa3d432e1ca">
    </UnitTestResult>
    <UnitTestResult executionId="c915962e-7f54-405e-9841-a8f046096814" testId="2db0a3b3-aad5-d46f-7403-c997f42720f5" testName="should_return_achievement_for_destroying_1000_zombie_packs" computerName="1WJ93R1-JWILLIA" duration="00:00:00.0015553" startTime="2012-08-20T13:35:49.8198357-05:00" endTime="2012-08-20T13:35:49.8228360-05:00" testType="13cdc9d9-ddb5-4fa4-a97d-d965ccfc6d4b" outcome="Passed" testListId="8c84fa94-04c1-424b-9868-57a2d4851a1d" relativeResultsDirectory="c915962e-7f54-405e-9841-a8f046096814">
    </UnitTestResult>
    <UnitTestResult executionId="03b788f9-dd10-483b-a210-63553f5fe1f9" testId="2e0e27a3-78b1-d62c-8532-284b3a845cc6" testName="should_return_a_hunt_count_of_1_to_4_if_resolved_as_an_easy_hotzone" computerName="1WJ93R1-JWILLIA" duration="00:00:00.0094722" startTime="2012-08-20T13:35:49.8278365-05:00" endTime="2012-08-20T13:35:49.8388376-05:00" testType="13cdc9d9-ddb5-4fa4-a97d-d965ccfc6d4b" outcome="Passed" testListId="8c84fa94-04c1-424b-9868-57a2d4851a1d" relativeResultsDirectory="03b788f9-dd10-483b-a210-63553f5fe1f9">
    </UnitTestResult>
    <UnitTestResult executionId="55303bc2-c297-4d0a-b03c-68f258ded617" testId="310db446-5a38-a2ff-c0c6-33525d60392a" testName="should_retrieve_single_hotzone" computerName="1WJ93R1-JWILLIA" duration="00:00:00.0336491" startTime="2012-08-20T13:35:49.8438381-05:00" endTime="2012-08-20T13:35:49.8788416-05:00" testType="13cdc9d9-ddb5-4fa4-a97d-d965ccfc6d4b" outcome="Passed" testListId="8c84fa94-04c1-424b-9868-57a2d4851a1d" relativeResultsDirectory="55303bc2-c297-4d0a-b03c-68f258ded617">
    </UnitTestResult>
    <UnitTestResult executionId="79991f9e-7b38-44e7-a30f-41f6c52189dd" testId="31907ecc-7480-4064-cd3b-514e2ff26de7" testName="should_return_true_if_store_exists" computerName="1WJ93R1-JWILLIA" duration="00:00:00.0195664" startTime="2012-08-20T13:35:49.8838421-05:00" endTime="2012-08-20T13:35:49.9058443-05:00" testType="13cdc9d9-ddb5-4fa4-a97d-d965ccfc6d4b" outcome="Passed" testListId="8c84fa94-04c1-424b-9868-57a2d4851a1d" relativeResultsDirectory="79991f9e-7b38-44e7-a30f-41f6c52189dd">
    </UnitTestResult>
    <UnitTestResult executionId="2532aa9c-b937-4078-97a9-34131354eef0" testId="321c5a91-a83b-02fd-e40b-ce47e7f12083" testName="should_return_min_sight_radius_for_user_if_user_exists_but_last_saved_sight_radius_does_not_exist" computerName="1WJ93R1-JWILLIA" duration="00:00:00.0085215" startTime="2012-08-20T13:35:49.9108448-05:00" endTime="2012-08-20T13:35:49.9218459-05:00" testType="13cdc9d9-ddb5-4fa4-a97d-d965ccfc6d4b" outcome="Passed" testListId="8c84fa94-04c1-424b-9868-57a2d4851a1d" relativeResultsDirectory="2532aa9c-b937-4078-97a9-34131354eef0">
    </UnitTestResult>
    <UnitTestResult executionId="34052552-1517-4879-969b-c6b78850eaa0" testId="33a5dc0c-cb8c-881e-3374-24e7b48bd3e1" testName="should_return_last_saved_energy_for_user" computerName="1WJ93R1-JWILLIA" duration="00:00:00.0310255" startTime="2012-08-20T13:35:49.9258463-05:00" endTime="2012-08-20T13:35:49.9598497-05:00" testType="13cdc9d9-ddb5-4fa4-a97d-d965ccfc6d4b" outcome="Passed" testListId="8c84fa94-04c1-424b-9868-57a2d4851a1d" relativeResultsDirectory="34052552-1517-4879-969b-c6b78850eaa0">
    </UnitTestResult>
    <UnitTestResult executionId="9bd8b9f3-0d53-4303-bcf1-d112afbf2176" testId="353e37f8-b3ee-d1bc-48f1-1354650acd50" testName="should_mark_zombie_pack_as_destroyed_if_the_hunt_destroyed_the_last_zombie" computerName="1WJ93R1-JWILLIA" duration="00:00:00.0115906" startTime="2012-08-20T13:35:49.9648502-05:00" endTime="2012-08-20T13:35:49.9778515-05:00" testType="13cdc9d9-ddb5-4fa4-a97d-d965ccfc6d4b" outcome="Passed" testListId="8c84fa94-04c1-424b-9868-57a2d4851a1d" relativeResultsDirectory="9bd8b9f3-0d53-4303-bcf1-d112afbf2176">
    </UnitTestResult>
    <UnitTestResult executionId="d9a89029-bbdf-4513-9905-954b12b63f37" testId="35d7f681-d185-2e89-da65-ece3bc8e6e75" testName="should_return_if_user_has_not_killed_enough_zombies_for_next_level" computerName="1WJ93R1-JWILLIA" duration="00:00:00.0060285" startTime="2012-08-20T13:35:49.9828520-05:00" endTime="2012-08-20T13:35:49.9908528-05:00" testType="13cdc9d9-ddb5-4fa4-a97d-d965ccfc6d4b" outcome="Passed" testListId="8c84fa94-04c1-424b-9868-57a2d4851a1d" relativeResultsDirectory="d9a89029-bbdf-4513-9905-954b12b63f37">
    </UnitTestResult>
    <UnitTestResult executionId="5228b1f7-07cd-4c4c-ba33-b801fd7b7843" testId="369b7a6d-08d3-f340-d283-f5ee6842f08e" testName="should_return_false_if_hotzone_doesnt_exists" computerName="1WJ93R1-JWILLIA" duration="00:00:00.0285362" startTime="2012-08-20T13:35:49.9948532-05:00" endTime="2012-08-20T13:35:50.0258563-05:00" testType="13cdc9d9-ddb5-4fa4-a97d-d965ccfc6d4b" outcome="Passed" testListId="8c84fa94-04c1-424b-9868-57a2d4851a1d" relativeResultsDirectory="5228b1f7-07cd-4c4c-ba33-b801fd7b7843">
    </UnitTestResult>
    <UnitTestResult executionId="2dd17734-d6e3-4403-9ef0-a16b6915d0e2" testId="38152b9e-3e48-dd5e-0e37-b7a27de7e225" testName="should_throw_error_if_trying_to_update_user_inventory_amount_and_user_does_not_exist" computerName="1WJ93R1-JWILLIA" duration="00:00:00.0173710" startTime="2012-08-20T13:35:50.0298567-05:00" endTime="2012-08-20T13:35:50.0498587-05:00" testType="13cdc9d9-ddb5-4fa4-a97d-d965ccfc6d4b" outcome="Passed" testListId="8c84fa94-04c1-424b-9868-57a2d4851a1d" relativeResultsDirectory="2dd17734-d6e3-4403-9ef0-a16b6915d0e2">
    </UnitTestResult>
    <UnitTestResult executionId="e9b7f838-437e-4d07-b126-e6ba16ee2d26" testId="3871d8b4-607c-f461-9b36-17221688eb47" testName="should_return_achievement_for_traveling_10000_miles" computerName="1WJ93R1-JWILLIA" duration="00:00:00.0010972" startTime="2012-08-20T13:35:50.0538591-05:00" endTime="2012-08-20T13:35:50.0568594-05:00" testType="13cdc9d9-ddb5-4fa4-a97d-d965ccfc6d4b" outcome="Passed" testListId="8c84fa94-04c1-424b-9868-57a2d4851a1d" relativeResultsDirectory="e9b7f838-437e-4d07-b126-e6ba16ee2d26">
    </UnitTestResult>
    <UnitTestResult executionId="a62c09bb-5e94-489e-b489-4967eb9edf86" testId="399d3773-04b9-f157-2193-2a81aa17c4e4" testName="should_return_true_if_facebook_user_exists" computerName="1WJ93R1-JWILLIA" duration="00:00:00.0252665" startTime="2012-08-20T13:35:50.0618599-05:00" endTime="2012-08-20T13:35:50.0888626-05:00" testType="13cdc9d9-ddb5-4fa4-a97d-d965ccfc6d4b" outcome="Passed" testListId="8c84fa94-04c1-424b-9868-57a2d4851a1d" relativeResultsDirectory="a62c09bb-5e94-489e-b489-4967eb9edf86">
    </UnitTestResult>
    <UnitTestResult executionId="cca4502f-554c-4202-a40d-e22a4bed0266" testId="3a65c876-9662-16ec-4c81-7bea778d6951" testName="should_return_attack_power_along_with_any_attack_power_increase_from_buying_item_with_no_items_in_safehouse" computerName="1WJ93R1-JWILLIA" duration="00:00:00.0079384" startTime="2012-08-20T13:35:50.0948632-05:00" endTime="2012-08-20T13:35:50.1058643-05:00" testType="13cdc9d9-ddb5-4fa4-a97d-d965ccfc6d4b" outcome="Passed" testListId="8c84fa94-04c1-424b-9868-57a2d4851a1d" relativeResultsDirectory="cca4502f-554c-4202-a40d-e22a4bed0266">
    </UnitTestResult>
    <UnitTestResult executionId="6d2b6902-1ad7-48a6-87de-dc551037d0df" testId="3b3489bf-140a-7d3d-ca59-73f946c71ab3" testName="should_start_with_energy_of_100" computerName="1WJ93R1-JWILLIA" duration="00:00:00.0120440" startTime="2012-08-20T13:35:50.1108648-05:00" endTime="2012-08-20T13:35:50.1258663-05:00" testType="13cdc9d9-ddb5-4fa4-a97d-d965ccfc6d4b" outcome="Passed" testListId="8c84fa94-04c1-424b-9868-57a2d4851a1d" relativeResultsDirectory="6d2b6902-1ad7-48a6-87de-dc551037d0df">
    </UnitTestResult>
    <UnitTestResult executionId="31112fa0-22d0-413d-89bc-5e799d4990cb" testId="3bf90928-3e3e-817d-0c2a-b114432020ae" testName="should_set_last_saved_energy_to_max_energy_if_last_saved_energy_does_not_exist" computerName="1WJ93R1-JWILLIA" duration="00:00:00.0056105" startTime="2012-08-20T13:35:50.1298667-05:00" endTime="2012-08-20T13:35:50.1378675-05:00" testType="13cdc9d9-ddb5-4fa4-a97d-d965ccfc6d4b" outcome="Passed" testListId="8c84fa94-04c1-424b-9868-57a2d4851a1d" relativeResultsDirectory="31112fa0-22d0-413d-89bc-5e799d4990cb">
    </UnitTestResult>
    <UnitTestResult executionId="4e17ddab-289a-40a2-b846-7e41fbd72bdc" testId="3d1741aa-9576-2eb5-470e-7f713a2bc4d7" testName="should_return_false_if_safe_house_does_not_have_item" computerName="1WJ93R1-JWILLIA" duration="00:00:00.0270481" startTime="2012-08-20T13:35:50.1428680-05:00" endTime="2012-08-20T13:35:50.1718709-05:00" testType="13cdc9d9-ddb5-4fa4-a97d-d965ccfc6d4b" outcome="Passed" testListId="8c84fa94-04c1-424b-9868-57a2d4851a1d" relativeResultsDirectory="4e17ddab-289a-40a2-b846-7e41fbd72bdc">
    </UnitTestResult>
    <UnitTestResult executionId="950f81c2-df2c-4e45-a02d-07ffc2645246" testId="3d4be643-5d31-3e26-f950-26a5f925e40b" testName="should_return_all_stores_in_radius" computerName="1WJ93R1-JWILLIA" duration="00:00:00.0445512" startTime="2012-08-20T13:35:50.1758713-05:00" endTime="2012-08-20T13:35:50.2228760-05:00" testType="13cdc9d9-ddb5-4fa4-a97d-d965ccfc6d4b" outcome="Passed" testListId="8c84fa94-04c1-424b-9868-57a2d4851a1d" relativeResultsDirectory="950f81c2-df2c-4e45-a02d-07ffc2645246">
    </UnitTestResult>
    <UnitTestResult executionId="dfb19bb5-2e4b-4174-9149-d9db9e95c7ca" testId="3dc86e55-9e89-b185-10f6-85c78270b263" testName="the_starting_attack_power_should_be_1" computerName="1WJ93R1-JWILLIA" duration="00:00:00.0227852" startTime="2012-08-20T13:35:50.2278765-05:00" endTime="2012-08-20T13:35:50.2528790-05:00" testType="13cdc9d9-ddb5-4fa4-a97d-d965ccfc6d4b" outcome="Passed" testListId="8c84fa94-04c1-424b-9868-57a2d4851a1d" relativeResultsDirectory="dfb19bb5-2e4b-4174-9149-d9db9e95c7ca">
    </UnitTestResult>
    <UnitTestResult executionId="89b724c2-7312-4969-8cf5-cf1edc293f52" testId="3e4c555c-eb52-8e6a-77bb-fba4f57ae14d" testName="should_throw_error_for_saving_mas_energy_if_user_does_not_exist" computerName="1WJ93R1-JWILLIA" duration="00:00:00.0143490" startTime="2012-08-20T13:35:50.2588796-05:00" endTime="2012-08-20T13:35:50.2758813-05:00" testType="13cdc9d9-ddb5-4fa4-a97d-d965ccfc6d4b" outcome="Passed" testListId="8c84fa94-04c1-424b-9868-57a2d4851a1d" relativeResultsDirectory="89b724c2-7312-4969-8cf5-cf1edc293f52">
    </UnitTestResult>
    <UnitTestResult executionId="78b11317-6209-4311-ad37-e33cde943a4c" testId="4013d892-4605-1c26-5721-43931adf425c" testName="should_create_counts_record_if_none_exists_for_user" computerName="1WJ93R1-JWILLIA" duration="00:00:00.0125982" startTime="2012-08-20T13:35:50.2798817-05:00" endTime="2012-08-20T13:35:50.2948832-05:00" testType="13cdc9d9-ddb5-4fa4-a97d-d965ccfc6d4b" outcome="Passed" testListId="8c84fa94-04c1-424b-9868-57a2d4851a1d" relativeResultsDirectory="78b11317-6209-4311-ad37-e33cde943a4c">
    </UnitTestResult>
    <UnitTestResult executionId="f6646444-b4ae-4b58-b163-2f161e94ff0c" testId="40ac08e5-9855-8df2-ac1a-e320ada85f67" testName="should_create_user_with_starting_location" computerName="1WJ93R1-JWILLIA" duration="00:00:00.0047214" startTime="2012-08-20T13:35:50.2988836-05:00" endTime="2012-08-20T13:35:50.3058843-05:00" testType="13cdc9d9-ddb5-4fa4-a97d-d965ccfc6d4b" outcome="Passed" testListId="8c84fa94-04c1-424b-9868-57a2d4851a1d" relativeResultsDirectory="f6646444-b4ae-4b58-b163-2f161e94ff0c">
    </UnitTestResult>
    <UnitTestResult executionId="c5edb80b-4bc9-43ae-a005-d4984b3b7493" testId="40c4a339-897f-73e3-e8be-fed33feff0fc" testName="should_return_correct_inventory_slot_number_for_given_level" computerName="1WJ93R1-JWILLIA" duration="00:00:00.0004063" startTime="2012-08-20T13:35:50.3108848-05:00" endTime="2012-08-20T13:35:50.3128850-05:00" testType="13cdc9d9-ddb5-4fa4-a97d-d965ccfc6d4b" outcome="Passed" testListId="8c84fa94-04c1-424b-9868-57a2d4851a1d" relativeResultsDirectory="c5edb80b-4bc9-43ae-a005-d4984b3b7493">
    </UnitTestResult>
    <UnitTestResult executionId="b9766642-723c-494b-bd99-5298305bee19" testId="43a1b4c2-5164-126a-d787-254e51bf5cb0" testName="should_return_base_attack_power_if_user_does_not_have_any_money_and_no_items_in_safehouse" computerName="1WJ93R1-JWILLIA" duration="00:00:00.0038836" startTime="2012-08-20T13:35:50.3188856-05:00" endTime="2012-08-20T13:35:50.3248862-05:00" testType="13cdc9d9-ddb5-4fa4-a97d-d965ccfc6d4b" outcome="Passed" testListId="8c84fa94-04c1-424b-9868-57a2d4851a1d" relativeResultsDirectory="b9766642-723c-494b-bd99-5298305bee19">
    </UnitTestResult>
    <UnitTestResult executionId="4588afed-5b6e-4a39-8ef9-476ea8d833dd" testId="43ea7dc5-29f2-fc24-7626-37c50ab77488" testName="should_return_false_if_item_does_not_exist" computerName="1WJ93R1-JWILLIA" duration="00:00:00.0235377" startTime="2012-08-20T13:35:50.3298867-05:00" endTime="2012-08-20T13:35:50.3558893-05:00" testType="13cdc9d9-ddb5-4fa4-a97d-d965ccfc6d4b" outcome="Passed" testListId="8c84fa94-04c1-424b-9868-57a2d4851a1d" relativeResultsDirectory="4588afed-5b6e-4a39-8ef9-476ea8d833dd">
    </UnitTestResult>
    <UnitTestResult executionId="298a4b4f-1dd0-4647-b4d3-cc3e96292b5d" testId="441c5aa1-1be2-b7ff-84a3-c2712387e211" testName="should_return_false_if_user_does_not_exist" computerName="1WJ93R1-JWILLIA" duration="00:00:00.0221718" startTime="2012-08-20T13:35:50.3618899-05:00" endTime="2012-08-20T13:35:50.3858923-05:00" testType="13cdc9d9-ddb5-4fa4-a97d-d965ccfc6d4b" outcome="Passed" testListId="8c84fa94-04c1-424b-9868-57a2d4851a1d" relativeResultsDirectory="298a4b4f-1dd0-4647-b4d3-cc3e96292b5d">
    </UnitTestResult>
    <UnitTestResult executionId="feb62e95-a5bf-43ff-9992-68ff9e4ad02e" testId="456f5311-d61b-5ef4-13ac-a1ceca766e06" testName="should_return_achievement_for_collecting_1000000_dollars" computerName="1WJ93R1-JWILLIA" duration="00:00:00.0013519" startTime="2012-08-20T13:35:50.3928930-05:00" endTime="2012-08-20T13:35:50.3958933-05:00" testType="13cdc9d9-ddb5-4fa4-a97d-d965ccfc6d4b" outcome="Passed" testListId="8c84fa94-04c1-424b-9868-57a2d4851a1d" relativeResultsDirectory="feb62e95-a5bf-43ff-9992-68ff9e4ad02e">
    </UnitTestResult>
    <UnitTestResult executionId="d1243a1b-3301-40bb-ba2b-72d944e88c6d" testId="461819df-bed1-d7c5-29ce-bdee0f8eaaa2" testName="should_return_true_if_zombie_pack_is_destroyed_by_user" computerName="1WJ93R1-JWILLIA" duration="00:00:00.0323163" startTime="2012-08-20T13:35:50.4008938-05:00" endTime="2012-08-20T13:35:50.4348972-05:00" testType="13cdc9d9-ddb5-4fa4-a97d-d965ccfc6d4b" outcome="Passed" testListId="8c84fa94-04c1-424b-9868-57a2d4851a1d" relativeResultsDirectory="d1243a1b-3301-40bb-ba2b-72d944e88c6d">
    </UnitTestResult>
    <UnitTestResult executionId="72cc3755-42c3-408a-8570-f637e242ed36" testId="48c2a012-1ba3-1243-1cd5-aab81b26906b" testName="should_return_all_items_in_store" computerName="1WJ93R1-JWILLIA" duration="00:00:00.0205217" startTime="2012-08-20T13:35:50.4408978-05:00" endTime="2012-08-20T13:35:50.4649002-05:00" testType="13cdc9d9-ddb5-4fa4-a97d-d965ccfc6d4b" outcome="Passed" testListId="8c84fa94-04c1-424b-9868-57a2d4851a1d" relativeResultsDirectory="72cc3755-42c3-408a-8570-f637e242ed36">
    </UnitTestResult>
    <UnitTestResult executionId="c7c348cd-13d7-425f-82c3-596ca484c383" testId="49540a47-9778-939f-7252-2442e060eeb3" testName="should_return_achivement_for_destroying_10_hotzones" computerName="1WJ93R1-JWILLIA" duration="00:00:00.0010902" startTime="2012-08-20T13:35:50.4699007-05:00" endTime="2012-08-20T13:35:50.4729010-05:00" testType="13cdc9d9-ddb5-4fa4-a97d-d965ccfc6d4b" outcome="Passed" testListId="8c84fa94-04c1-424b-9868-57a2d4851a1d" relativeResultsDirectory="c7c348cd-13d7-425f-82c3-596ca484c383">
    </UnitTestResult>
    <UnitTestResult executionId="9c26c299-b4b5-47a7-bc29-f07bf42ff171" testId="49e3a9e9-dcf0-f3e5-85da-9f5499fab731" testName="should_calculate_western_point" computerName="1WJ93R1-JWILLIA" duration="00:00:00.0011293" startTime="2012-08-20T13:35:50.4769014-05:00" endTime="2012-08-20T13:35:50.4809018-05:00" testType="13cdc9d9-ddb5-4fa4-a97d-d965ccfc6d4b" outcome="Passed" testListId="8c84fa94-04c1-424b-9868-57a2d4851a1d" relativeResultsDirectory="9c26c299-b4b5-47a7-bc29-f07bf42ff171">
    </UnitTestResult>
    <UnitTestResult executionId="4a1a4d02-49af-4d68-b023-c0e88f516a71" testId="4aab1a6a-e217-fabe-67d7-73dafcd94369" testName="should_return_zero_if_attack_is_null" computerName="1WJ93R1-JWILLIA" duration="00:00:00.0217043" startTime="2012-08-20T13:35:50.4849022-05:00" endTime="2012-08-20T13:35:50.5099047-05:00" testType="13cdc9d9-ddb5-4fa4-a97d-d965ccfc6d4b" outcome="Passed" testListId="8c84fa94-04c1-424b-9868-57a2d4851a1d" relativeResultsDirectory="4a1a4d02-49af-4d68-b023-c0e88f516a71">
    </UnitTestResult>
    <UnitTestResult executionId="75ba6b1e-6a4f-40fa-a995-e83a9e74e3ad" testId="4ad82b7e-b664-1e32-b013-da054510a32b" testName="should_add_tent" computerName="1WJ93R1-JWILLIA" duration="00:00:00.0140337" startTime="2012-08-20T13:35:50.5139051-05:00" endTime="2012-08-20T13:35:50.5309068-05:00" testType="13cdc9d9-ddb5-4fa4-a97d-d965ccfc6d4b" outcome="Passed" testListId="8c84fa94-04c1-424b-9868-57a2d4851a1d" relativeResultsDirectory="75ba6b1e-6a4f-40fa-a995-e83a9e74e3ad">
    </UnitTestResult>
    <UnitTestResult executionId="c0666056-3d8d-4368-8b65-c88ab9d364e1" testId="4c87210c-f927-e260-2776-9399fcbfbd1c" testName="should_return_true_if_safe_house_exists" computerName="1WJ93R1-JWILLIA" duration="00:00:00.0223891" startTime="2012-08-20T13:35:50.5349072-05:00" endTime="2012-08-20T13:35:50.5599097-05:00" testType="13cdc9d9-ddb5-4fa4-a97d-d965ccfc6d4b" outcome="Passed" testListId="8c84fa94-04c1-424b-9868-57a2d4851a1d" relativeResultsDirectory="c0666056-3d8d-4368-8b65-c88ab9d364e1">
    </UnitTestResult>
    <UnitTestResult executionId="e8d4b67b-18fa-4e14-b1b9-f31fa24eae24" testId="4d9cdfe2-8eee-3937-2a7d-b414e3b51b00" testName="should_disregard_move_if_user_does_not_exist" computerName="1WJ93R1-JWILLIA" duration="00:00:00.0036830" startTime="2012-08-20T13:35:50.5649102-05:00" endTime="2012-08-20T13:35:50.5699107-05:00" testType="13cdc9d9-ddb5-4fa4-a97d-d965ccfc6d4b" outcome="Passed" testListId="8c84fa94-04c1-424b-9868-57a2d4851a1d" relativeResultsDirectory="e8d4b67b-18fa-4e14-b1b9-f31fa24eae24">
    </UnitTestResult>
    <UnitTestResult executionId="d8d9ca3a-e3d8-4ba8-be17-169adcf64cd7" testId="50a0e180-73b1-f3e2-9755-9dfe75491e60" testName="should_increment_hotzones_destroyed" computerName="1WJ93R1-JWILLIA" duration="00:00:00.0150749" startTime="2012-08-20T13:35:50.5749112-05:00" endTime="2012-08-20T13:35:50.5919129-05:00" testType="13cdc9d9-ddb5-4fa4-a97d-d965ccfc6d4b" outcome="Passed" testListId="8c84fa94-04c1-424b-9868-57a2d4851a1d" relativeResultsDirectory="d8d9ca3a-e3d8-4ba8-be17-169adcf64cd7">
    </UnitTestResult>
    <UnitTestResult executionId="b7dab392-6f86-4a4e-9025-21e2c66578eb" testId="52c534e6-f8bb-1f9f-939a-d5c5c52fa419" testName="should_record_how_many_miles_have_been_moved_for_achievements" computerName="1WJ93R1-JWILLIA" duration="00:00:00.0280380" startTime="2012-08-20T13:35:50.5969134-05:00" endTime="2012-08-20T13:35:50.6269164-05:00" testType="13cdc9d9-ddb5-4fa4-a97d-d965ccfc6d4b" outcome="Passed" testListId="8c84fa94-04c1-424b-9868-57a2d4851a1d" relativeResultsDirectory="b7dab392-6f86-4a4e-9025-21e2c66578eb">
    </UnitTestResult>
    <UnitTestResult executionId="025c3492-4999-47e8-ba6b-0db5c359fe03" testId="537a0821-9a13-8b7a-298b-1a1d7b7834c1" testName="should_give_user_a_random_amount_of_money_after_hunt" computerName="1WJ93R1-JWILLIA" duration="00:00:00.0128054" startTime="2012-08-20T13:35:50.6309168-05:00" endTime="2012-08-20T13:35:50.6459183-05:00" testType="13cdc9d9-ddb5-4fa4-a97d-d965ccfc6d4b" outcome="Passed" testListId="8c84fa94-04c1-424b-9868-57a2d4851a1d" relativeResultsDirectory="025c3492-4999-47e8-ba6b-0db5c359fe03">
    </UnitTestResult>
    <UnitTestResult executionId="7dd58fd4-85b5-4dc3-83df-c426286b764e" testId="537a2b77-3b56-7fda-5cef-ce5b7fef8e47" testName="should_return_achievement_for_collecting_1000_dollars" computerName="1WJ93R1-JWILLIA" duration="00:00:00.0010976" startTime="2012-08-20T13:35:50.6519189-05:00" endTime="2012-08-20T13:35:50.6549192-05:00" testType="13cdc9d9-ddb5-4fa4-a97d-d965ccfc6d4b" outcome="Passed" testListId="8c84fa94-04c1-424b-9868-57a2d4851a1d" relativeResultsDirectory="7dd58fd4-85b5-4dc3-83df-c426286b764e">
    </UnitTestResult>
    <UnitTestResult executionId="1d7f0656-a217-4d5b-990b-99151a0a886a" testId="53d3d174-2438-d916-b931-5b84347506a5" testName="should_return_true_if_hotzone_is_a_starting_hotzone" computerName="1WJ93R1-JWILLIA" duration="00:00:00.0276410" startTime="2012-08-20T13:35:50.6589196-05:00" endTime="2012-08-20T13:35:50.6889226-05:00" testType="13cdc9d9-ddb5-4fa4-a97d-d965ccfc6d4b" outcome="Passed" testListId="8c84fa94-04c1-424b-9868-57a2d4851a1d" relativeResultsDirectory="1d7f0656-a217-4d5b-990b-99151a0a886a">
    </UnitTestResult>
    <UnitTestResult executionId="cf45a54d-7971-458d-a181-254ab5ba197d" testId="540edc62-4548-f51c-ae34-777932919c2f" testName="should_get_user_item_id" computerName="1WJ93R1-JWILLIA" duration="00:00:00.0267626" startTime="2012-08-20T13:35:50.6929230-05:00" endTime="2012-08-20T13:35:50.7219259-05:00" testType="13cdc9d9-ddb5-4fa4-a97d-d965ccfc6d4b" outcome="Passed" testListId="8c84fa94-04c1-424b-9868-57a2d4851a1d" relativeResultsDirectory="cf45a54d-7971-458d-a181-254ab5ba197d">
    </UnitTestResult>
    <UnitTestResult executionId="95428f5a-b7b5-47a2-8ce7-992e3b06baf7" testId="544cc1f1-3454-5e87-e24b-52c6acff6b61" testName="should_return_base_energy_for_user" computerName="1WJ93R1-JWILLIA" duration="00:00:00.0159057" startTime="2012-08-20T13:35:50.7279265-05:00" endTime="2012-08-20T13:35:50.7459283-05:00" testType="13cdc9d9-ddb5-4fa4-a97d-d965ccfc6d4b" outcome="Passed" testListId="8c84fa94-04c1-424b-9868-57a2d4851a1d" relativeResultsDirectory="95428f5a-b7b5-47a2-8ce7-992e3b06baf7">
    </UnitTestResult>
    <UnitTestResult executionId="b5fb8732-9a50-4588-808f-4d8ea2e70871" testId="556fe5d0-aedd-a933-babc-4606a23e064e" testName="should_increment_zombie_pack_destroyed_count" computerName="1WJ93R1-JWILLIA" duration="00:00:00.0153128" startTime="2012-08-20T13:35:50.7509288-05:00" endTime="2012-08-20T13:35:50.7679305-05:00" testType="13cdc9d9-ddb5-4fa4-a97d-d965ccfc6d4b" outcome="Passed" testListId="8c84fa94-04c1-424b-9868-57a2d4851a1d" relativeResultsDirectory="b5fb8732-9a50-4588-808f-4d8ea2e70871">
    </UnitTestResult>
    <UnitTestResult executionId="ecff82e1-9900-42fd-93b0-49f74348b878" testId="55ffc7bf-3f9e-b38d-348c-5fc84dd1b9ed" testName="should_return_null_for_base_sight_radius_if_user_exists_but_max_sight_radius_is_null" computerName="1WJ93R1-JWILLIA" duration="00:00:00.0163629" startTime="2012-08-20T13:35:50.7729310-05:00" endTime="2012-08-20T13:35:50.7909328-05:00" testType="13cdc9d9-ddb5-4fa4-a97d-d965ccfc6d4b" outcome="Passed" testListId="8c84fa94-04c1-424b-9868-57a2d4851a1d" relativeResultsDirectory="ecff82e1-9900-42fd-93b0-49f74348b878">
    </UnitTestResult>
    <UnitTestResult executionId="88105db8-ea75-43a3-835b-e63224e0878c" testId="560e757d-7d9e-cf97-a66b-6eba9f0dbef7" testName="should_return_null_for_user_that_doesnt_exist" computerName="1WJ93R1-JWILLIA" duration="00:00:00.0158941" startTime="2012-08-20T13:35:50.7969334-05:00" endTime="2012-08-20T13:35:50.8149352-05:00" testType="13cdc9d9-ddb5-4fa4-a97d-d965ccfc6d4b" outcome="Passed" testListId="8c84fa94-04c1-424b-9868-57a2d4851a1d" relativeResultsDirectory="88105db8-ea75-43a3-835b-e63224e0878c">
    </UnitTestResult>
    <UnitTestResult executionId="8bf10d25-2175-433f-bbfa-bda8ec167180" testId="578c1082-4447-f4a0-bed7-4e23d16f558c" testName="should_return_an_empty_progress_if_user_does_not_exist" computerName="1WJ93R1-JWILLIA" duration="00:00:00.0018300" startTime="2012-08-20T13:35:50.8219359-05:00" endTime="2012-08-20T13:35:50.8259363-05:00" testType="13cdc9d9-ddb5-4fa4-a97d-d965ccfc6d4b" outcome="Passed" testListId="8c84fa94-04c1-424b-9868-57a2d4851a1d" relativeResultsDirectory="8bf10d25-2175-433f-bbfa-bda8ec167180">
    </UnitTestResult>
    <UnitTestResult executionId="e9f54667-3bfe-4cee-9052-320cc734b403" testId="57effb65-6bba-b10e-d004-938020663a0f" testName="should_return_0_if_time_passed_into_calculate_energy_is_less_than_the_last_saved_energy_record" computerName="1WJ93R1-JWILLIA" duration="00:00:00.0031054" startTime="2012-08-20T13:35:50.8309368-05:00" endTime="2012-08-20T13:35:50.8359373-05:00" testType="13cdc9d9-ddb5-4fa4-a97d-d965ccfc6d4b" outcome="Passed" testListId="8c84fa94-04c1-424b-9868-57a2d4851a1d" relativeResultsDirectory="e9f54667-3bfe-4cee-9052-320cc734b403">
    </UnitTestResult>
    <UnitTestResult executionId="cc99693d-5526-44f9-bf84-9a64e208fbc3" testId="57f6bfb3-878f-ec7b-71d8-e1ae592b6823" testName="should_return_number_of_zombie_packs_left" computerName="1WJ93R1-JWILLIA" duration="00:00:00.0337410" startTime="2012-08-20T13:35:50.8409378-05:00" endTime="2012-08-20T13:35:50.8779415-05:00" testType="13cdc9d9-ddb5-4fa4-a97d-d965ccfc6d4b" outcome="Passed" testListId="8c84fa94-04c1-424b-9868-57a2d4851a1d" relativeResultsDirectory="cc99693d-5526-44f9-bf84-9a64e208fbc3">
    </UnitTestResult>
    <UnitTestResult executionId="93b04365-faba-4ede-bdee-e2a09a3e775c" testId="583a3b80-1851-93ab-c2ab-87d678e4ad81" testName="should_return_true_if_user_has_item" computerName="1WJ93R1-JWILLIA" duration="00:00:00.0259915" startTime="2012-08-20T13:35:50.8829420-05:00" endTime="2012-08-20T13:35:50.9109448-05:00" testType="13cdc9d9-ddb5-4fa4-a97d-d965ccfc6d4b" outcome="Passed" testListId="8c84fa94-04c1-424b-9868-57a2d4851a1d" relativeResultsDirectory="93b04365-faba-4ede-bdee-e2a09a3e775c">
    </UnitTestResult>
    <UnitTestResult executionId="da14b010-e79f-499f-a35c-694f1917cf1a" testId="58cdb593-e628-53cb-1ff9-a712c7cfa07d" testName="should_disregard_creation_if_location_specified_is_not_a_starting_hot_zone" computerName="1WJ93R1-JWILLIA" duration="00:00:00.0059870" startTime="2012-08-20T13:35:50.9149452-05:00" endTime="2012-08-20T13:35:50.9229460-05:00" testType="13cdc9d9-ddb5-4fa4-a97d-d965ccfc6d4b" outcome="Passed" testListId="8c84fa94-04c1-424b-9868-57a2d4851a1d" relativeResultsDirectory="da14b010-e79f-499f-a35c-694f1917cf1a">
    </UnitTestResult>
    <UnitTestResult executionId="ab60cbfc-a06d-47a4-8e5a-d2bbaa76f25d" testId="592a8210-389c-d154-bfaf-1570717dbd73" testName="should_return_if_item_does_not_exist" computerName="1WJ93R1-JWILLIA" duration="00:00:00.0042386" startTime="2012-08-20T13:35:50.9279465-05:00" endTime="2012-08-20T13:35:50.9339471-05:00" testType="13cdc9d9-ddb5-4fa4-a97d-d965ccfc6d4b" outcome="Passed" testListId="8c84fa94-04c1-424b-9868-57a2d4851a1d" relativeResultsDirectory="ab60cbfc-a06d-47a4-8e5a-d2bbaa76f25d">
    </UnitTestResult>
    <UnitTestResult executionId="84d3232d-fed0-4851-8952-8a2be75b3922" testId="5a128d3b-35ba-f233-4f32-be0f8dfb906e" testName="should_not_hunt_if_user_doesnt_exist" computerName="1WJ93R1-JWILLIA" duration="00:00:00.0025554" startTime="2012-08-20T13:35:50.9389476-05:00" endTime="2012-08-20T13:35:50.9429480-05:00" testType="13cdc9d9-ddb5-4fa4-a97d-d965ccfc6d4b" outcome="Passed" testListId="8c84fa94-04c1-424b-9868-57a2d4851a1d" relativeResultsDirectory="84d3232d-fed0-4851-8952-8a2be75b3922">
    </UnitTestResult>
    <UnitTestResult executionId="aac97c1b-8ae9-4b0c-b4d1-0985eeac9f07" testId="5a7c17db-19ea-927d-e739-dca3cee988f6" testName="should_return_0_for_attack_power_if_user_does_not_exist" computerName="1WJ93R1-JWILLIA" duration="00:00:00.0038504" startTime="2012-08-20T13:35:50.9489486-05:00" endTime="2012-08-20T13:35:50.9549492-05:00" testType="13cdc9d9-ddb5-4fa4-a97d-d965ccfc6d4b" outcome="Passed" testListId="8c84fa94-04c1-424b-9868-57a2d4851a1d" relativeResultsDirectory="aac97c1b-8ae9-4b0c-b4d1-0985eeac9f07">
    </UnitTestResult>
    <UnitTestResult executionId="7347b35b-c843-4eaa-8400-e10d23dbec68" testId="5af90bb7-e3b0-b5e7-29f7-fc8b0902be24" testName="should_return_last_sight_radius_saved_If_there_is_no_difference_between_the_current_time_passed_in_and_the_last_saved_sight_radius_from_the_repository" computerName="1WJ93R1-JWILLIA" duration="00:00:00.0056213" startTime="2012-08-20T13:35:50.9589496-05:00" endTime="2012-08-20T13:35:50.9669504-05:00" testType="13cdc9d9-ddb5-4fa4-a97d-d965ccfc6d4b" outcome="Passed" testListId="8c84fa94-04c1-424b-9868-57a2d4851a1d" relativeResultsDirectory="7347b35b-c843-4eaa-8400-e10d23dbec68">
    </UnitTestResult>
    <UnitTestResult executionId="dff56678-7ad8-40f7-a360-108bc14bff01" testId="5afe1781-3ccb-0558-a937-e74f932ccd49" testName="should_retriever_an_empty_list_given_invalid_hotzone_id" computerName="1WJ93R1-JWILLIA" duration="00:00:00.0228892" startTime="2012-08-20T13:35:50.9729510-05:00" endTime="2012-08-20T13:35:50.9979535-05:00" testType="13cdc9d9-ddb5-4fa4-a97d-d965ccfc6d4b" outcome="Passed" testListId="8c84fa94-04c1-424b-9868-57a2d4851a1d" relativeResultsDirectory="dff56678-7ad8-40f7-a360-108bc14bff01">
    </UnitTestResult>
    <UnitTestResult executionId="26937831-65c4-4114-ac39-b1e7b3a71905" testId="5b2a5f35-2435-a2ba-eaf1-4c274bced244" testName="should_calculate_northern_point" computerName="1WJ93R1-JWILLIA" duration="00:00:00.0003391" startTime="2012-08-20T13:35:51.0029540-05:00" endTime="2012-08-20T13:35:51.0059543-05:00" testType="13cdc9d9-ddb5-4fa4-a97d-d965ccfc6d4b" outcome="Passed" testListId="8c84fa94-04c1-424b-9868-57a2d4851a1d" relativeResultsDirectory="26937831-65c4-4114-ac39-b1e7b3a71905">
    </UnitTestResult>
    <UnitTestResult executionId="1139bea4-57c8-4952-a37b-b802493145df" testId="5b97deff-fa6b-c377-8ff2-c9c8d4bf8e55" testName="should_retriever_an_empty_list_given_invalid_hotzone_id" computerName="1WJ93R1-JWILLIA" duration="00:00:00.0288017" startTime="2012-08-20T13:35:51.0099547-05:00" endTime="2012-08-20T13:35:51.0419579-05:00" testType="13cdc9d9-ddb5-4fa4-a97d-d965ccfc6d4b" outcome="Passed" testListId="8c84fa94-04c1-424b-9868-57a2d4851a1d" relativeResultsDirectory="1139bea4-57c8-4952-a37b-b802493145df">
    </UnitTestResult>
    <UnitTestResult executionId="a65bd135-4374-44d2-9b02-e0e3718e1ded" testId="5d04ca0e-dd33-bf62-c1bb-e7d225b4949c" testName="should_return_achievement_for_destroying_1_zombiePack" computerName="1WJ93R1-JWILLIA" duration="00:00:00.0011195" startTime="2012-08-20T13:35:51.0469584-05:00" endTime="2012-08-20T13:35:51.0499587-05:00" testType="13cdc9d9-ddb5-4fa4-a97d-d965ccfc6d4b" outcome="Passed" testListId="8c84fa94-04c1-424b-9868-57a2d4851a1d" relativeResultsDirectory="a65bd135-4374-44d2-9b02-e0e3718e1ded">
    </UnitTestResult>
    <UnitTestResult executionId="c04a8961-53c6-4677-82f4-29499e956882" testId="5da90bcc-6e5d-3a2d-e174-d391c0422e11" testName="should_update_hot_zone_if_user_is_on_new_hot_zone" computerName="1WJ93R1-JWILLIA" duration="00:00:00.0270597" startTime="2012-08-20T13:35:51.0549592-05:00" endTime="2012-08-20T13:35:51.0849622-05:00" testType="13cdc9d9-ddb5-4fa4-a97d-d965ccfc6d4b" outcome="Passed" testListId="8c84fa94-04c1-424b-9868-57a2d4851a1d" relativeResultsDirectory="c04a8961-53c6-4677-82f4-29499e956882">
    </UnitTestResult>
    <UnitTestResult executionId="35ba496a-5f96-4e1c-8ded-85b3f99986f1" testId="5e0523e6-700c-d803-6a13-76f99c5ecb12" testName="should_return_hotzones_that_are_marked_as_starting_hotzones" computerName="1WJ93R1-JWILLIA" duration="00:00:00.0365665" startTime="2012-08-20T13:35:51.0889626-05:00" endTime="2012-08-20T13:35:51.1279665-05:00" testType="13cdc9d9-ddb5-4fa4-a97d-d965ccfc6d4b" outcome="Passed" testListId="8c84fa94-04c1-424b-9868-57a2d4851a1d" relativeResultsDirectory="35ba496a-5f96-4e1c-8ded-85b3f99986f1">
    </UnitTestResult>
    <UnitTestResult executionId="7376c4fc-ea64-4c20-a43a-54c51a098528" testId="5edbb1cd-bd31-7ac9-084c-f6f749883ff2" testName="the_last_visited_hotzone_should_be_starting_location" computerName="1WJ93R1-JWILLIA" duration="00:00:00.0167646" startTime="2012-08-20T13:35:51.1329670-05:00" endTime="2012-08-20T13:35:51.1519689-05:00" testType="13cdc9d9-ddb5-4fa4-a97d-d965ccfc6d4b" outcome="Passed" testListId="8c84fa94-04c1-424b-9868-57a2d4851a1d" relativeResultsDirectory="7376c4fc-ea64-4c20-a43a-54c51a098528">
    </UnitTestResult>
    <UnitTestResult executionId="4bc1d3cf-ea76-40d6-a498-531a361c7fc7" testId="5f1fabc6-b3c7-d9b8-821e-098ccaf3eed1" testName="should_save_item_in_user_inventory_and_take_out_of_safe_house_inventory" computerName="1WJ93R1-JWILLIA" duration="00:00:00.0172231" startTime="2012-08-20T13:35:51.1569694-05:00" endTime="2012-08-20T13:35:51.1809718-05:00" testType="13cdc9d9-ddb5-4fa4-a97d-d965ccfc6d4b" outcome="Passed" testListId="8c84fa94-04c1-424b-9868-57a2d4851a1d" relativeResultsDirectory="4bc1d3cf-ea76-40d6-a498-531a361c7fc7">
    </UnitTestResult>
    <UnitTestResult executionId="250c50c0-8554-49ed-a2e8-f1202f0cc8a1" testId="5f382a5a-614c-c9d5-67f1-1ceadc4420b1" testName="should_set_user_current_base_energy" computerName="1WJ93R1-JWILLIA" duration="00:00:00.0210778" startTime="2012-08-20T13:35:51.1849722-05:00" endTime="2012-08-20T13:35:51.2079745-05:00" testType="13cdc9d9-ddb5-4fa4-a97d-d965ccfc6d4b" outcome="Passed" testListId="8c84fa94-04c1-424b-9868-57a2d4851a1d" relativeResultsDirectory="250c50c0-8554-49ed-a2e8-f1202f0cc8a1">
    </UnitTestResult>
    <UnitTestResult executionId="f6149cf5-ef9a-4852-b923-9859c3b33892" testId="5fa17309-6178-e440-0cb3-9987b0eaea65" testName="should_get_user_item_count" computerName="1WJ93R1-JWILLIA" duration="00:00:00.0257479" startTime="2012-08-20T13:35:51.2129750-05:00" endTime="2012-08-20T13:35:51.2409778-05:00" testType="13cdc9d9-ddb5-4fa4-a97d-d965ccfc6d4b" outcome="Passed" testListId="8c84fa94-04c1-424b-9868-57a2d4851a1d" relativeResultsDirectory="f6149cf5-ef9a-4852-b923-9859c3b33892">
    </UnitTestResult>
    <UnitTestResult executionId="16e19d31-829a-4c30-9faa-8ad2ffa01d26" testId="606e3bbd-fbf0-39e8-d39a-d95b2f760af1" testName="should_return_null_for_last_visited_hotzone_if_no_hotzone_has_been_set" computerName="1WJ93R1-JWILLIA" duration="00:00:00.0159678" startTime="2012-08-20T13:35:51.2449782-05:00" endTime="2012-08-20T13:35:51.2629800-05:00" testType="13cdc9d9-ddb5-4fa4-a97d-d965ccfc6d4b" outcome="Passed" testListId="8c84fa94-04c1-424b-9868-57a2d4851a1d" relativeResultsDirectory="16e19d31-829a-4c30-9faa-8ad2ffa01d26">
    </UnitTestResult>
    <UnitTestResult executionId="1a372402-d4ad-4f68-bc60-1477798d9914" testId="60b889f5-aa93-4766-ebaf-876bc425b3c4" testName="should_save_user_max_energy" computerName="1WJ93R1-JWILLIA" duration="00:00:00.0170617" startTime="2012-08-20T13:35:51.2679805-05:00" endTime="2012-08-20T13:35:51.2869824-05:00" testType="13cdc9d9-ddb5-4fa4-a97d-d965ccfc6d4b" outcome="Passed" testListId="8c84fa94-04c1-424b-9868-57a2d4851a1d" relativeResultsDirectory="1a372402-d4ad-4f68-bc60-1477798d9914">
    </UnitTestResult>
    <UnitTestResult executionId="b542dc29-b108-4fd8-8b99-83564f006c9d" testId="612613da-83db-bad4-0786-2d957381d4ad" testName="should_retrieve_user_zombie_pack_progress_for_user" computerName="1WJ93R1-JWILLIA" duration="00:00:00.0328131" startTime="2012-08-20T13:35:51.2929830-05:00" endTime="2012-08-20T13:35:51.3279865-05:00" testType="13cdc9d9-ddb5-4fa4-a97d-d965ccfc6d4b" outcome="Passed" testListId="8c84fa94-04c1-424b-9868-57a2d4851a1d" relativeResultsDirectory="b542dc29-b108-4fd8-8b99-83564f006c9d">
    </UnitTestResult>
    <UnitTestResult executionId="bce41551-ff39-4d39-aafe-3e1421f73d49" testId="61f1fbc3-1b38-ec7e-962e-44e1959bccb8" testName="should_return_hotzone_is_not_cleared_for_other_user" computerName="1WJ93R1-JWILLIA" duration="00:00:00.0758253" startTime="2012-08-20T13:35:51.3339871-05:00" endTime="2012-08-20T13:35:51.4119949-05:00" testType="13cdc9d9-ddb5-4fa4-a97d-d965ccfc6d4b" outcome="Passed" testListId="8c84fa94-04c1-424b-9868-57a2d4851a1d" relativeResultsDirectory="bce41551-ff39-4d39-aafe-3e1421f73d49">
    </UnitTestResult>
    <UnitTestResult executionId="cd61cd12-ea56-44ca-bdff-7557f36fcf05" testId="61f447bc-f31d-7adc-e8ff-51ce31625b90" testName="should_throw_error_for_saving_last_energy_if_user_does_not_exist" computerName="1WJ93R1-JWILLIA" duration="00:00:00.0135168" startTime="2012-08-20T13:35:51.4179955-05:00" endTime="2012-08-20T13:35:51.4339971-05:00" testType="13cdc9d9-ddb5-4fa4-a97d-d965ccfc6d4b" outcome="Passed" testListId="8c84fa94-04c1-424b-9868-57a2d4851a1d" relativeResultsDirectory="cd61cd12-ea56-44ca-bdff-7557f36fcf05">
    </UnitTestResult>
    <UnitTestResult executionId="ca612ac5-0bb4-4fb6-86fb-e2add77aec3c" testId="65a45aea-1388-af89-1298-2c122710d67c" testName="should_return_0_if_user_does_not_exist" computerName="1WJ93R1-JWILLIA" duration="00:00:00.0016859" startTime="2012-08-20T13:35:51.4399977-05:00" endTime="2012-08-20T13:35:51.4439981-05:00" testType="13cdc9d9-ddb5-4fa4-a97d-d965ccfc6d4b" outcome="Passed" testListId="8c84fa94-04c1-424b-9868-57a2d4851a1d" relativeResultsDirectory="ca612ac5-0bb4-4fb6-86fb-e2add77aec3c">
    </UnitTestResult>
    <UnitTestResult executionId="06554a25-e9d5-4591-bce1-239cd7567cd5" testId="65c104b2-1ff7-266c-33d4-c2e6789ce0d4" testName="should_throw_error_if_user_does_not_exist" computerName="1WJ93R1-JWILLIA" duration="00:00:00.0018506" startTime="2012-08-20T13:35:51.4479985-05:00" endTime="2012-08-20T13:35:51.4519989-05:00" testType="13cdc9d9-ddb5-4fa4-a97d-d965ccfc6d4b" outcome="Passed" testListId="8c84fa94-04c1-424b-9868-57a2d4851a1d" relativeResultsDirectory="06554a25-e9d5-4591-bce1-239cd7567cd5">
    </UnitTestResult>
    <UnitTestResult executionId="17f33ea3-1cb6-4e44-b5e3-9ed304c03d66" testId="66169587-8c61-bb11-f455-fab6b8497218" testName="should_return_achievement_for_collecting_10_dollars" computerName="1WJ93R1-JWILLIA" duration="00:00:00.0011685" startTime="2012-08-20T13:35:51.4579995-05:00" endTime="2012-08-20T13:35:51.4609998-05:00" testType="13cdc9d9-ddb5-4fa4-a97d-d965ccfc6d4b" outcome="Passed" testListId="8c84fa94-04c1-424b-9868-57a2d4851a1d" relativeResultsDirectory="17f33ea3-1cb6-4e44-b5e3-9ed304c03d66">
    </UnitTestResult>
    <UnitTestResult executionId="ba78ad83-8f67-4a03-8d7b-ebac2dbe7d11" testId="66236707-8e98-8099-42db-7e8aeb3fbf02" testName="should_retrieve_list_of_items_in_safe_house_that_belong_to_user" computerName="1WJ93R1-JWILLIA" duration="00:00:00.0302987" startTime="2012-08-20T13:35:51.4660003-05:00" endTime="2012-08-20T13:35:51.4980035-05:00" testType="13cdc9d9-ddb5-4fa4-a97d-d965ccfc6d4b" outcome="Passed" testListId="8c84fa94-04c1-424b-9868-57a2d4851a1d" relativeResultsDirectory="ba78ad83-8f67-4a03-8d7b-ebac2dbe7d11">
    </UnitTestResult>
    <UnitTestResult executionId="cd254121-15fe-43d4-82c7-aeeda927c9a1" testId="66e87870-2f0c-1802-4a46-f39d5c5c0c20" testName="should_return_energy_cost_at_5_percent_of_maximum_potential" computerName="1WJ93R1-JWILLIA" duration="00:00:00.0086167" startTime="2012-08-20T13:35:51.5030040-05:00" endTime="2012-08-20T13:35:51.5130050-05:00" testType="13cdc9d9-ddb5-4fa4-a97d-d965ccfc6d4b" outcome="Passed" testListId="8c84fa94-04c1-424b-9868-57a2d4851a1d" relativeResultsDirectory="cd254121-15fe-43d4-82c7-aeeda927c9a1">
    </UnitTestResult>
    <UnitTestResult executionId="1cdc63e0-492f-4e3d-b878-a6080f4abf45" testId="685ba115-26b4-cfb7-772c-f8e84fc12c79" testName="should_take_money_from_user_and_add_item_to_user_inventory" computerName="1WJ93R1-JWILLIA" duration="00:00:00.0150376" startTime="2012-08-20T13:35:51.5180055-05:00" endTime="2012-08-20T13:35:51.5350072-05:00" testType="13cdc9d9-ddb5-4fa4-a97d-d965ccfc6d4b" outcome="Passed" testListId="8c84fa94-04c1-424b-9868-57a2d4851a1d" relativeResultsDirectory="1cdc63e0-492f-4e3d-b878-a6080f4abf45">
    </UnitTestResult>
    <UnitTestResult executionId="8832c521-9034-4511-8941-40b9fca62319" testId="68ea6353-2c49-a913-f384-cf2dc40e93c0" testName="should_not_hunt_if_user_doesnt_have_enough_energy" computerName="1WJ93R1-JWILLIA" duration="00:00:00.0088453" startTime="2012-08-20T13:35:51.5390076-05:00" endTime="2012-08-20T13:35:51.5500087-05:00" testType="13cdc9d9-ddb5-4fa4-a97d-d965ccfc6d4b" outcome="Passed" testListId="8c84fa94-04c1-424b-9868-57a2d4851a1d" relativeResultsDirectory="8832c521-9034-4511-8941-40b9fca62319">
    </UnitTestResult>
    <UnitTestResult executionId="73be31a2-391c-4f21-b8db-4ee702e4c367" testId="69653733-6f17-afcb-14dc-a6126a62b1ee" testName="should_retrieve_user_current_base_energy" computerName="1WJ93R1-JWILLIA" duration="00:00:00.0165173" startTime="2012-08-20T13:35:51.5540091-05:00" endTime="2012-08-20T13:35:51.5730110-05:00" testType="13cdc9d9-ddb5-4fa4-a97d-d965ccfc6d4b" outcome="Passed" testListId="8c84fa94-04c1-424b-9868-57a2d4851a1d" relativeResultsDirectory="73be31a2-391c-4f21-b8db-4ee702e4c367">
    </UnitTestResult>
    <UnitTestResult executionId="d65d75a3-04a3-4b0f-a21a-d53e13231554" testId="6b30f78c-5c97-e5aa-0928-de7f5ee83660" testName="should_give_energy_based_on_best_items_from_user_usersafehouse_and_items_that_can_be_bought" computerName="1WJ93R1-JWILLIA" duration="00:00:00.0060593" startTime="2012-08-20T13:35:51.5780115-05:00" endTime="2012-08-20T13:35:51.5860123-05:00" testType="13cdc9d9-ddb5-4fa4-a97d-d965ccfc6d4b" outcome="Passed" testListId="8c84fa94-04c1-424b-9868-57a2d4851a1d" relativeResultsDirectory="d65d75a3-04a3-4b0f-a21a-d53e13231554">
    </UnitTestResult>
    <UnitTestResult executionId="f99e7284-af9a-4780-8cbb-d745513c3766" testId="6beb3a34-356e-6f1e-6b50-8d176c416598" testName="should_return_the_amount_of_money_the_user_currently_has" computerName="1WJ93R1-JWILLIA" duration="00:00:00.0164889" startTime="2012-08-20T13:35:51.5900127-05:00" endTime="2012-08-20T13:35:51.6080145-05:00" testType="13cdc9d9-ddb5-4fa4-a97d-d965ccfc6d4b" outcome="Passed" testListId="8c84fa94-04c1-424b-9868-57a2d4851a1d" relativeResultsDirectory="f99e7284-af9a-4780-8cbb-d745513c3766">
    </UnitTestResult>
    <UnitTestResult executionId="93e57cc0-c725-4e10-a23c-0646329a654e" testId="6c066a85-168d-65f4-cc37-317318414373" testName="should_return_achievement_for_destroying_10000_zombie_packs" computerName="1WJ93R1-JWILLIA" duration="00:00:00.0015646" startTime="2012-08-20T13:35:51.6130150-05:00" endTime="2012-08-20T13:35:51.6180155-05:00" testType="13cdc9d9-ddb5-4fa4-a97d-d965ccfc6d4b" outcome="Passed" testListId="8c84fa94-04c1-424b-9868-57a2d4851a1d" relativeResultsDirectory="93e57cc0-c725-4e10-a23c-0646329a654e">
    </UnitTestResult>
    <UnitTestResult executionId="6d965072-4938-421f-bfe2-98a70260d79d" testId="6d259f14-cf5c-860f-f3bc-07fb6a901208" testName="should_throw_error_if_user_already_exists" computerName="1WJ93R1-JWILLIA" duration="00:00:00.0152400" startTime="2012-08-20T13:35:51.6230160-05:00" endTime="2012-08-20T13:35:51.6410178-05:00" testType="13cdc9d9-ddb5-4fa4-a97d-d965ccfc6d4b" outcome="Passed" testListId="8c84fa94-04c1-424b-9868-57a2d4851a1d" relativeResultsDirectory="6d965072-4938-421f-bfe2-98a70260d79d">
    </UnitTestResult>
    <UnitTestResult executionId="3884b7cc-7714-44a3-b9ac-dcdbab9dd09e" testId="6d50870f-a5f5-48df-fa3a-fd929ac4d6d9" testName="should_update_users_energy_if_user_can_hunt" computerName="1WJ93R1-JWILLIA" duration="00:00:00.0117170" startTime="2012-08-20T13:35:51.6450182-05:00" endTime="2012-08-20T13:35:51.6590196-05:00" testType="13cdc9d9-ddb5-4fa4-a97d-d965ccfc6d4b" outcome="Passed" testListId="8c84fa94-04c1-424b-9868-57a2d4851a1d" relativeResultsDirectory="3884b7cc-7714-44a3-b9ac-dcdbab9dd09e">
    </UnitTestResult>
    <UnitTestResult executionId="3843aae2-08f0-45d5-9677-db0adb10e9aa" testId="6d677716-f4a3-32e4-d489-2827222e4b43" testName="should_return_achievement_for_killing_100_zombies" computerName="1WJ93R1-JWILLIA" duration="00:00:00.0011186" startTime="2012-08-20T13:35:51.6640201-05:00" endTime="2012-08-20T13:35:51.6670204-05:00" testType="13cdc9d9-ddb5-4fa4-a97d-d965ccfc6d4b" outcome="Passed" testListId="8c84fa94-04c1-424b-9868-57a2d4851a1d" relativeResultsDirectory="3843aae2-08f0-45d5-9677-db0adb10e9aa">
    </UnitTestResult>
    <UnitTestResult executionId="e9ec461b-c854-47f2-ac4a-617ad8dd239f" testId="6d97d05d-3cb4-4245-56ca-8b9bbc35a993" testName="should_return_true_if_safe_house_has_item" computerName="1WJ93R1-JWILLIA" duration="00:00:00.0237327" startTime="2012-08-20T13:35:51.6720209-05:00" endTime="2012-08-20T13:35:51.6970234-05:00" testType="13cdc9d9-ddb5-4fa4-a97d-d965ccfc6d4b" outcome="Passed" testListId="8c84fa94-04c1-424b-9868-57a2d4851a1d" relativeResultsDirectory="e9ec461b-c854-47f2-ac4a-617ad8dd239f">
    </UnitTestResult>
    <UnitTestResult executionId="4a73a12b-3d6a-4487-aaa7-394c012d8e5e" testId="6e5c9897-01e5-0ddc-270e-62065e9e22f7" testName="should_update_user_last_hotzone_location_after_successful_hunt" computerName="1WJ93R1-JWILLIA" duration="00:00:00.0134212" startTime="2012-08-20T13:35:51.7020239-05:00" endTime="2012-08-20T13:35:51.7170254-05:00" testType="13cdc9d9-ddb5-4fa4-a97d-d965ccfc6d4b" outcome="Passed" testListId="8c84fa94-04c1-424b-9868-57a2d4851a1d" relativeResultsDirectory="4a73a12b-3d6a-4487-aaa7-394c012d8e5e">
    </UnitTestResult>
    <UnitTestResult executionId="2038aa3a-2dd1-45e7-8bb6-242645727d79" testId="6ee3e612-4bf5-4b89-e2d7-9da260f06cb5" testName="should_throw_error_if_facebook_user_id_is_zero" computerName="1WJ93R1-JWILLIA" duration="00:00:00.0033056" startTime="2012-08-20T13:35:51.7220259-05:00" endTime="2012-08-20T13:35:51.7280265-05:00" testType="13cdc9d9-ddb5-4fa4-a97d-d965ccfc6d4b" outcome="Passed" testListId="8c84fa94-04c1-424b-9868-57a2d4851a1d" relativeResultsDirectory="2038aa3a-2dd1-45e7-8bb6-242645727d79">
    </UnitTestResult>
    <UnitTestResult executionId="31c80d9f-1ae2-4920-aa1e-12fb86a77dc6" testId="6efd94c0-48f1-f3dc-5a7c-d483288ae14d" testName="should_retrieve_user_current_base_attack" computerName="1WJ93R1-JWILLIA" duration="00:00:00.0155936" startTime="2012-08-20T13:35:51.7320269-05:00" endTime="2012-08-20T13:35:51.7500287-05:00" testType="13cdc9d9-ddb5-4fa4-a97d-d965ccfc6d4b" outcome="Passed" testListId="8c84fa94-04c1-424b-9868-57a2d4851a1d" relativeResultsDirectory="31c80d9f-1ae2-4920-aa1e-12fb86a77dc6">
    </UnitTestResult>
    <UnitTestResult executionId="2d47c3d8-a865-4475-9591-ef8589e587bb" testId="6f4679a3-c135-f19d-6bfb-2e441fc3cb12" testName="should_return_achievement_for_destroying_10_zombie_packs" computerName="1WJ93R1-JWILLIA" duration="00:00:00.0010972" startTime="2012-08-20T13:35:51.7550292-05:00" endTime="2012-08-20T13:35:51.7580295-05:00" testType="13cdc9d9-ddb5-4fa4-a97d-d965ccfc6d4b" outcome="Passed" testListId="8c84fa94-04c1-424b-9868-57a2d4851a1d" relativeResultsDirectory="2d47c3d8-a865-4475-9591-ef8589e587bb">
    </UnitTestResult>
    <UnitTestResult executionId="3f373a8e-b35f-4d72-affc-5d50a86a135d" testId="6f5b8bdf-f4f3-b0ac-2d17-1c769ba70ec7" testName="should_start_with_attack_power_of_1" computerName="1WJ93R1-JWILLIA" duration="00:00:00.0036694" startTime="2012-08-20T13:35:51.7620299-05:00" endTime="2012-08-20T13:35:51.7670304-05:00" testType="13cdc9d9-ddb5-4fa4-a97d-d965ccfc6d4b" outcome="Passed" testListId="8c84fa94-04c1-424b-9868-57a2d4851a1d" relativeResultsDirectory="3f373a8e-b35f-4d72-affc-5d50a86a135d">
    </UnitTestResult>
    <UnitTestResult executionId="2c3948d2-d4aa-4ea3-9a0e-02cbb506b1ee" testId="6f612bd1-261c-e125-ca8e-f3d31afd386b" testName="should_return_energy_along_with_any_energy_increase_from_buying_item_with_no_items_in_safehouse" computerName="1WJ93R1-JWILLIA" duration="00:00:00.0052985" startTime="2012-08-20T13:35:51.7720309-05:00" endTime="2012-08-20T13:35:51.7790316-05:00" testType="13cdc9d9-ddb5-4fa4-a97d-d965ccfc6d4b" outcome="Passed" testListId="8c84fa94-04c1-424b-9868-57a2d4851a1d" relativeResultsDirectory="2c3948d2-d4aa-4ea3-9a0e-02cbb506b1ee">
    </UnitTestResult>
    <UnitTestResult executionId="7739148a-7854-41c4-82e9-e62caffcf2e8" testId="6fb9a1f1-9260-fa0f-3246-029c6bade6db" testName="should_return_zero_if_energy_is_null" computerName="1WJ93R1-JWILLIA" duration="00:00:00.0232517" startTime="2012-08-20T13:35:51.7830320-05:00" endTime="2012-08-20T13:35:51.8090346-05:00" testType="13cdc9d9-ddb5-4fa4-a97d-d965ccfc6d4b" outcome="Passed" testListId="8c84fa94-04c1-424b-9868-57a2d4851a1d" relativeResultsDirectory="7739148a-7854-41c4-82e9-e62caffcf2e8">
    </UnitTestResult>
    <UnitTestResult executionId="b26fe754-5d95-4178-8cc3-1a70745fbe9f" testId="6fc1d911-2aa7-09d2-3f37-8e698e0a0e1a" testName="should_disregard_hunt_if_zombie_pack_does_not_have_any_zombies" computerName="1WJ93R1-JWILLIA" duration="00:00:00.0102434" startTime="2012-08-20T13:35:51.8150352-05:00" endTime="2012-08-20T13:35:51.8270364-05:00" testType="13cdc9d9-ddb5-4fa4-a97d-d965ccfc6d4b" outcome="Passed" testListId="8c84fa94-04c1-424b-9868-57a2d4851a1d" relativeResultsDirectory="b26fe754-5d95-4178-8cc3-1a70745fbe9f">
    </UnitTestResult>
    <UnitTestResult executionId="eb483069-c514-4603-9d54-bec436d7d034" testId="70a48ca4-778f-c05e-3b5d-4d1dd614ffe7" testName="should_truncate_seconds_and_milliseconds_from_times_that_are_being_used_for_calculating_energy" computerName="1WJ93R1-JWILLIA" duration="00:00:00.0053988" startTime="2012-08-20T13:35:51.8310368-05:00" endTime="2012-08-20T13:35:51.8390376-05:00" testType="13cdc9d9-ddb5-4fa4-a97d-d965ccfc6d4b" outcome="Passed" testListId="8c84fa94-04c1-424b-9868-57a2d4851a1d" relativeResultsDirectory="eb483069-c514-4603-9d54-bec436d7d034">
    </UnitTestResult>
    <UnitTestResult executionId="cd49ce65-3261-4aba-a90c-d7219cb599ab" testId="7153296b-7930-7df3-3632-012c2eca18ad" testName="should_update_users_energy_based_on_distance_moved" computerName="1WJ93R1-JWILLIA" duration="00:00:00.0079836" startTime="2012-08-20T13:35:51.8430380-05:00" endTime="2012-08-20T13:35:51.8530390-05:00" testType="13cdc9d9-ddb5-4fa4-a97d-d965ccfc6d4b" outcome="Passed" testListId="8c84fa94-04c1-424b-9868-57a2d4851a1d" relativeResultsDirectory="cd49ce65-3261-4aba-a90c-d7219cb599ab">
    </UnitTestResult>
    <UnitTestResult executionId="28d0ca4f-8d83-4295-8c63-5d919a1eb30f" testId="7209dcdb-bb1a-d89a-c5cb-4180ad1a5427" testName="should_return_all_hot_zones" computerName="1WJ93R1-JWILLIA" duration="00:00:00.0306751" startTime="2012-08-20T13:35:51.8570394-05:00" endTime="2012-08-20T13:35:51.8900427-05:00" testType="13cdc9d9-ddb5-4fa4-a97d-d965ccfc6d4b" outcome="Passed" testListId="8c84fa94-04c1-424b-9868-57a2d4851a1d" relativeResultsDirectory="28d0ca4f-8d83-4295-8c63-5d919a1eb30f">
    </UnitTestResult>
    <UnitTestResult executionId="d3be297f-0680-42d0-b268-c4aa80360ec3" testId="74c211d1-a8ea-e685-b3ae-006434becd54" testName="should_return_if_user_does_not_exist" computerName="1WJ93R1-JWILLIA" duration="00:00:00.0067539" startTime="2012-08-20T13:35:51.8940431-05:00" endTime="2012-08-20T13:35:51.9030440-05:00" testType="13cdc9d9-ddb5-4fa4-a97d-d965ccfc6d4b" outcome="Passed" testListId="8c84fa94-04c1-424b-9868-57a2d4851a1d" relativeResultsDirectory="d3be297f-0680-42d0-b268-c4aa80360ec3">
    </UnitTestResult>
    <UnitTestResult executionId="23d4cf26-49b9-4362-abe0-0bced3d73cc5" testId="75a342b2-ef01-e34d-c6b4-7a9dc15f6b1e" testName="should_not_hunt_if_user_is_not_at_zombie_pack_latitude" computerName="1WJ93R1-JWILLIA" duration="00:00:00.0065790" startTime="2012-08-20T13:35:51.9080445-05:00" endTime="2012-08-20T13:35:51.9160453-05:00" testType="13cdc9d9-ddb5-4fa4-a97d-d965ccfc6d4b" outcome="Passed" testListId="8c84fa94-04c1-424b-9868-57a2d4851a1d" relativeResultsDirectory="23d4cf26-49b9-4362-abe0-0bced3d73cc5">
    </UnitTestResult>
    <UnitTestResult executionId="522f81eb-1734-426d-9aa4-cc009660b5a4" testId="7685b20a-de0b-8bc0-6c22-3a9d32aab4bd" testName="should_disregard_if_safe_house_does_not_exist" computerName="1WJ93R1-JWILLIA" duration="00:00:00.0052663" startTime="2012-08-20T13:35:51.9210458-05:00" endTime="2012-08-20T13:35:51.9280465-05:00" testType="13cdc9d9-ddb5-4fa4-a97d-d965ccfc6d4b" outcome="Passed" testListId="8c84fa94-04c1-424b-9868-57a2d4851a1d" relativeResultsDirectory="522f81eb-1734-426d-9aa4-cc009660b5a4">
    </UnitTestResult>
    <UnitTestResult executionId="d80faa4c-39d2-4bbe-b210-3c3385e16052" testId="799c0d6a-4d65-290e-a185-a723c64e9bd5" testName="should_decrement_the_zombies_left_in_a_zombie_pack_after_a_hunt" computerName="1WJ93R1-JWILLIA" duration="00:00:00.0111227" startTime="2012-08-20T13:35:51.9320469-05:00" endTime="2012-08-20T13:35:51.9450482-05:00" testType="13cdc9d9-ddb5-4fa4-a97d-d965ccfc6d4b" outcome="Passed" testListId="8c84fa94-04c1-424b-9868-57a2d4851a1d" relativeResultsDirectory="d80faa4c-39d2-4bbe-b210-3c3385e16052">
    </UnitTestResult>
    <UnitTestResult executionId="75f846f0-feb5-40cb-a205-c4651772ee05" testId="79f08418-c51b-ec01-a3f0-aeabf52599fa" testName="should_destroy_zombie_pack_if_users_attack_power_exceeds_the_number_of_zombies" computerName="1WJ93R1-JWILLIA" duration="00:00:00.0150068" startTime="2012-08-20T13:35:51.9500487-05:00" endTime="2012-08-20T13:35:51.9680505-05:00" testType="13cdc9d9-ddb5-4fa4-a97d-d965ccfc6d4b" outcome="Passed" testListId="8c84fa94-04c1-424b-9868-57a2d4851a1d" relativeResultsDirectory="75f846f0-feb5-40cb-a205-c4651772ee05">
    </UnitTestResult>
    <UnitTestResult executionId="125a02fa-7de8-4c59-b016-4434c697c35d" testId="7a4bb2ce-d62d-4561-dc89-28a6c8155af3" testName="should_set_energy_to_zero_if_item_energy_plus_user_energy_is_negative" computerName="1WJ93R1-JWILLIA" duration="00:00:00.0084436" startTime="2012-08-20T13:35:51.9720509-05:00" endTime="2012-08-20T13:35:51.9830520-05:00" testType="13cdc9d9-ddb5-4fa4-a97d-d965ccfc6d4b" outcome="Passed" testListId="8c84fa94-04c1-424b-9868-57a2d4851a1d" relativeResultsDirectory="125a02fa-7de8-4c59-b016-4434c697c35d">
    </UnitTestResult>
    <UnitTestResult executionId="573b7d09-20c0-4b1f-b95e-9a8db0ecfafb" testId="7acb1219-a69e-e102-dd8e-4060793e7b6e" testName="should_throw_exception_when_returning_baseline_attack_power_for_user_that_doesnt_exist" computerName="1WJ93R1-JWILLIA" duration="00:00:00.0173803" startTime="2012-08-20T13:35:51.9870524-05:00" endTime="2012-08-20T13:35:52.0070544-05:00" testType="13cdc9d9-ddb5-4fa4-a97d-d965ccfc6d4b" outcome="Passed" testListId="8c84fa94-04c1-424b-9868-57a2d4851a1d" relativeResultsDirectory="573b7d09-20c0-4b1f-b95e-9a8db0ecfafb">
    </UnitTestResult>
    <UnitTestResult executionId="db02b08b-df1c-4d7d-b27c-1e35efdae8d8" testId="7ad2e801-5f6e-048b-7bcf-d285bb6f6be7" testName="should_insert_counts" computerName="1WJ93R1-JWILLIA" duration="00:00:00.0113116" startTime="2012-08-20T13:35:52.0120549-05:00" endTime="2012-08-20T13:35:52.0250562-05:00" testType="13cdc9d9-ddb5-4fa4-a97d-d965ccfc6d4b" outcome="Passed" testListId="8c84fa94-04c1-424b-9868-57a2d4851a1d" relativeResultsDirectory="db02b08b-df1c-4d7d-b27c-1e35efdae8d8">
    </UnitTestResult>
    <UnitTestResult executionId="8096ba49-5c54-48c7-ba12-fc7365bbb7a1" testId="7b6f7aba-399c-6729-f243-4ff68995d88e" testName="should_return_achievement_for_traveling_100_miles" computerName="1WJ93R1-JWILLIA" duration="00:00:00.0013057" startTime="2012-08-20T13:35:52.0300567-05:00" endTime="2012-08-20T13:35:52.0340571-05:00" testType="13cdc9d9-ddb5-4fa4-a97d-d965ccfc6d4b" outcome="Passed" testListId="8c84fa94-04c1-424b-9868-57a2d4851a1d" relativeResultsDirectory="8096ba49-5c54-48c7-ba12-fc7365bbb7a1">
    </UnitTestResult>
    <UnitTestResult executionId="55f1dbe3-b2b3-4cf5-a428-0f8d5166022c" testId="7b96fc08-5095-7079-15b5-f39e447dbf49" testName="should_return_max_energy_for_user_if_user_exists_but_last_saved_energy_does_not_exist" computerName="1WJ93R1-JWILLIA" duration="00:00:00.0040109" startTime="2012-08-20T13:35:52.0380575-05:00" endTime="2012-08-20T13:35:52.0440581-05:00" testType="13cdc9d9-ddb5-4fa4-a97d-d965ccfc6d4b" outcome="Passed" testListId="8c84fa94-04c1-424b-9868-57a2d4851a1d" relativeResultsDirectory="55f1dbe3-b2b3-4cf5-a428-0f8d5166022c">
    </UnitTestResult>
    <UnitTestResult executionId="62180576-e45c-41c9-b648-2fd279e21709" testId="7bf1b32b-b544-1d63-7f85-8cb3721cb13c" testName="should_disregard_if_user_has_more_than_the_allowed_amount_of_items" computerName="1WJ93R1-JWILLIA" duration="00:00:00.0070408" startTime="2012-08-20T13:35:52.0490586-05:00" endTime="2012-08-20T13:35:52.0580595-05:00" testType="13cdc9d9-ddb5-4fa4-a97d-d965ccfc6d4b" outcome="Passed" testListId="8c84fa94-04c1-424b-9868-57a2d4851a1d" relativeResultsDirectory="62180576-e45c-41c9-b648-2fd279e21709">
    </UnitTestResult>
    <UnitTestResult executionId="a877895b-8411-4065-b3b3-1683a9bff1b3" testId="7c057236-5b5f-451c-5800-6e05c196b383" testName="should_disregard_if_item_does_not_exist" computerName="1WJ93R1-JWILLIA" duration="00:00:00.0059917" startTime="2012-08-20T13:35:52.0620599-05:00" endTime="2012-08-20T13:35:52.0700607-05:00" testType="13cdc9d9-ddb5-4fa4-a97d-d965ccfc6d4b" outcome="Passed" testListId="8c84fa94-04c1-424b-9868-57a2d4851a1d" relativeResultsDirectory="a877895b-8411-4065-b3b3-1683a9bff1b3">
    </UnitTestResult>
    <UnitTestResult executionId="61e3bc58-2197-4860-a890-dda762f1ea6d" testId="7c9fa0fb-7cf0-12c6-f8da-d4fb82dffc47" testName="should_throw_error_if_trying_to_update_user_attack_power_and_user_does_not_exist" computerName="1WJ93R1-JWILLIA" duration="00:00:00.0178986" startTime="2012-08-20T13:35:52.0740611-05:00" endTime="2012-08-20T13:35:52.0940631-05:00" testType="13cdc9d9-ddb5-4fa4-a97d-d965ccfc6d4b" outcome="Passed" testListId="8c84fa94-04c1-424b-9868-57a2d4851a1d" relativeResultsDirectory="61e3bc58-2197-4860-a890-dda762f1ea6d">
    </UnitTestResult>
    <UnitTestResult executionId="566a7e96-ce75-4066-bed2-3fd73f35218d" testId="7d2305d4-075e-49ce-735b-3ccd549f53b8" testName="should_update_existing_zombie_pack_progress" computerName="1WJ93R1-JWILLIA" duration="00:00:00.0165490" startTime="2012-08-20T13:35:52.1000637-05:00" endTime="2012-08-20T13:35:52.1190656-05:00" testType="13cdc9d9-ddb5-4fa4-a97d-d965ccfc6d4b" outcome="Passed" testListId="8c84fa94-04c1-424b-9868-57a2d4851a1d" relativeResultsDirectory="566a7e96-ce75-4066-bed2-3fd73f35218d">
    </UnitTestResult>
    <UnitTestResult executionId="4f5f6f8b-e834-4d49-95cd-5a0c48c4bcbb" testId="7d282b5a-4c68-651b-2ed3-0d406222883a" testName="should_disregard_if_user_does_not_exist" computerName="1WJ93R1-JWILLIA" duration="00:00:00.0030163" startTime="2012-08-20T13:35:52.1230660-05:00" endTime="2012-08-20T13:35:52.1280665-05:00" testType="13cdc9d9-ddb5-4fa4-a97d-d965ccfc6d4b" outcome="Passed" testListId="8c84fa94-04c1-424b-9868-57a2d4851a1d" relativeResultsDirectory="4f5f6f8b-e834-4d49-95cd-5a0c48c4bcbb">
    </UnitTestResult>
    <UnitTestResult executionId="1f48cf9c-cf05-484d-9612-66b0eef344f1" testId="7d9357cd-185a-7a7d-46d5-6e0825f094b5" testName="should_save_item_in_safe_house_inventory_and_remove_from_user_inventory" computerName="1WJ93R1-JWILLIA" duration="00:00:00.0120706" startTime="2012-08-20T13:35:52.1320669-05:00" endTime="2012-08-20T13:35:52.1470684-05:00" testType="13cdc9d9-ddb5-4fa4-a97d-d965ccfc6d4b" outcome="Passed" testListId="8c84fa94-04c1-424b-9868-57a2d4851a1d" relativeResultsDirectory="1f48cf9c-cf05-484d-9612-66b0eef344f1">
    </UnitTestResult>
    <UnitTestResult executionId="70a5eebc-f556-442b-b87d-68bf9a804f4e" testId="7e4ecb77-6a2d-3a8f-0c42-71f8df3a6f64" testName="should_return_true_if_user_exists" computerName="1WJ93R1-JWILLIA" duration="00:00:00.0164394" startTime="2012-08-20T13:35:52.1510688-05:00" endTime="2012-08-20T13:35:52.1700707-05:00" testType="13cdc9d9-ddb5-4fa4-a97d-d965ccfc6d4b" outcome="Passed" testListId="8c84fa94-04c1-424b-9868-57a2d4851a1d" relativeResultsDirectory="70a5eebc-f556-442b-b87d-68bf9a804f4e">
    </UnitTestResult>
    <UnitTestResult executionId="dae68c33-8213-4d0e-9a6f-44dec6416a37" testId="7e9e7b54-d658-a1a5-ce5b-efa2cb03052c" testName="should_return_baseline_energy_for_user_that_exists" computerName="1WJ93R1-JWILLIA" duration="00:00:00.0172329" startTime="2012-08-20T13:35:52.1750712-05:00" endTime="2012-08-20T13:35:52.1940731-05:00" testType="13cdc9d9-ddb5-4fa4-a97d-d965ccfc6d4b" outcome="Passed" testListId="8c84fa94-04c1-424b-9868-57a2d4851a1d" relativeResultsDirectory="dae68c33-8213-4d0e-9a6f-44dec6416a37">
    </UnitTestResult>
    <UnitTestResult executionId="64b5f257-008e-45dd-acd8-b58a3b7e212f" testId="809902e6-5c64-c35c-89c5-d13cd243728a" testName="should_return_achievement_for_killing_1000_zombies" computerName="1WJ93R1-JWILLIA" duration="00:00:00.0010864" startTime="2012-08-20T13:35:52.2000737-05:00" endTime="2012-08-20T13:35:52.2030740-05:00" testType="13cdc9d9-ddb5-4fa4-a97d-d965ccfc6d4b" outcome="Passed" testListId="8c84fa94-04c1-424b-9868-57a2d4851a1d" relativeResultsDirectory="64b5f257-008e-45dd-acd8-b58a3b7e212f">
    </UnitTestResult>
    <UnitTestResult executionId="30fc08af-99de-4638-9bbc-1704c4129283" testId="8139f5f3-bee3-cd07-2820-fcf4f70f9ff0" testName="should_return_peak_attack" computerName="1WJ93R1-JWILLIA" duration="00:00:00.0237984" startTime="2012-08-20T13:35:52.2070744-05:00" endTime="2012-08-20T13:35:52.2330770-05:00" testType="13cdc9d9-ddb5-4fa4-a97d-d965ccfc6d4b" outcome="Passed" testListId="8c84fa94-04c1-424b-9868-57a2d4851a1d" relativeResultsDirectory="30fc08af-99de-4638-9bbc-1704c4129283">
    </UnitTestResult>
    <UnitTestResult executionId="f52f015b-20a8-4284-85be-7c0a93ca725e" testId="81cb2920-61d9-e3df-f3bf-c3ed245e0ab0" testName="should_disregard_if_user_does_not_exist" computerName="1WJ93R1-JWILLIA" duration="00:00:00.0040109" startTime="2012-08-20T13:35:52.2380775-05:00" endTime="2012-08-20T13:35:52.2440781-05:00" testType="13cdc9d9-ddb5-4fa4-a97d-d965ccfc6d4b" outcome="Passed" testListId="8c84fa94-04c1-424b-9868-57a2d4851a1d" relativeResultsDirectory="f52f015b-20a8-4284-85be-7c0a93ca725e">
    </UnitTestResult>
    <UnitTestResult executionId="7a282236-d89d-47b3-9ecc-6127ba1ab094" testId="826e8ace-63e9-1203-1d2b-d3cb1c0565d3" testName="should_insert_user_counts" computerName="1WJ93R1-JWILLIA" duration="00:00:00.0026949" startTime="2012-08-20T13:35:52.2480785-05:00" endTime="2012-08-20T13:35:52.2540791-05:00" testType="13cdc9d9-ddb5-4fa4-a97d-d965ccfc6d4b" outcome="Passed" testListId="8c84fa94-04c1-424b-9868-57a2d4851a1d" relativeResultsDirectory="7a282236-d89d-47b3-9ecc-6127ba1ab094">
    </UnitTestResult>
    <UnitTestResult executionId="c8aa68d7-4dd1-41ea-918c-648f097e4c9b" testId="83224f41-33be-cb5a-8243-f1cbb7067a6d" testName="should_return_null_for_last_saved_energy_if_user_does_not_exist" computerName="1WJ93R1-JWILLIA" duration="00:00:00.0248975" startTime="2012-08-20T13:35:52.2580795-05:00" endTime="2012-08-20T13:35:52.2850822-05:00" testType="13cdc9d9-ddb5-4fa4-a97d-d965ccfc6d4b" outcome="Passed" testListId="8c84fa94-04c1-424b-9868-57a2d4851a1d" relativeResultsDirectory="c8aa68d7-4dd1-41ea-918c-648f097e4c9b">
    </UnitTestResult>
    <UnitTestResult executionId="475d8a9b-810a-40c9-84d7-0fdc83b9406b" testId="847097ef-3573-f329-f9db-f7704607c613" testName="should_return_achievement_for_traveling_100000_miles" computerName="1WJ93R1-JWILLIA" duration="00:00:00.0010986" startTime="2012-08-20T13:35:52.2900827-05:00" endTime="2012-08-20T13:35:52.2930830-05:00" testType="13cdc9d9-ddb5-4fa4-a97d-d965ccfc6d4b" outcome="Passed" testListId="8c84fa94-04c1-424b-9868-57a2d4851a1d" relativeResultsDirectory="475d8a9b-810a-40c9-84d7-0fdc83b9406b">
    </UnitTestResult>
    <UnitTestResult executionId="04280240-ac28-454d-bd66-3fb1e5e745b6" testId="8522a95f-e160-dcf6-186a-2eac6493fad8" testName="should_disregard_if_safe_house_does_not_have_item" computerName="1WJ93R1-JWILLIA" duration="00:00:00.0095539" startTime="2012-08-20T13:35:52.2980835-05:00" endTime="2012-08-20T13:35:52.3090846-05:00" testType="13cdc9d9-ddb5-4fa4-a97d-d965ccfc6d4b" outcome="Passed" testListId="8c84fa94-04c1-424b-9868-57a2d4851a1d" relativeResultsDirectory="04280240-ac28-454d-bd66-3fb1e5e745b6">
    </UnitTestResult>
    <UnitTestResult executionId="eedd66ff-a610-4ff6-88b9-270c0d5f0707" testId="8538b685-e301-b4f2-f6ec-7abb74e1fb4b" testName="should_return_accumulated_money" computerName="1WJ93R1-JWILLIA" duration="00:00:00.0239062" startTime="2012-08-20T13:35:52.3140851-05:00" endTime="2012-08-20T13:35:52.3400877-05:00" testType="13cdc9d9-ddb5-4fa4-a97d-d965ccfc6d4b" outcome="Passed" testListId="8c84fa94-04c1-424b-9868-57a2d4851a1d" relativeResultsDirectory="eedd66ff-a610-4ff6-88b9-270c0d5f0707">
    </UnitTestResult>
    <UnitTestResult executionId="69f499c2-73d5-44e4-a38d-38b8879039d1" testId="86374614-7da2-d70a-a3e6-d86ececa0915" testName="when_checking_user_level_and_zombie_kills_to_update_attributes_should_return_if_user_does_not_exist" computerName="1WJ93R1-JWILLIA" duration="00:00:00.0085019" startTime="2012-08-20T13:35:52.3440881-05:00" endTime="2012-08-20T13:35:52.3550892-05:00" testType="13cdc9d9-ddb5-4fa4-a97d-d965ccfc6d4b" outcome="Passed" testListId="8c84fa94-04c1-424b-9868-57a2d4851a1d" relativeResultsDirectory="69f499c2-73d5-44e4-a38d-38b8879039d1">
    </UnitTestResult>
    <UnitTestResult executionId="7a96c6b6-680c-4b90-9cff-fd87f9298810" testId="86693507-7b03-3b4f-52d7-489bc76e87d4" testName="should_return_energy_along_with_any_energy_increase_from_buying_many_of_the_same_item_with_no_items_in_safehouse" computerName="1WJ93R1-JWILLIA" duration="00:00:00.0055387" startTime="2012-08-20T13:35:52.3590896-05:00" endTime="2012-08-20T13:35:52.3670904-05:00" testType="13cdc9d9-ddb5-4fa4-a97d-d965ccfc6d4b" outcome="Passed" testListId="8c84fa94-04c1-424b-9868-57a2d4851a1d" relativeResultsDirectory="7a96c6b6-680c-4b90-9cff-fd87f9298810">
    </UnitTestResult>
    <UnitTestResult executionId="8d3823f5-61e9-4ae5-81c3-4f363b26105d" testId="890ef093-5e72-8ed9-1c1c-1c73a74ec8fc" testName="should_set_user_current_base_attack" computerName="1WJ93R1-JWILLIA" duration="00:00:00.0203697" startTime="2012-08-20T13:35:52.3710908-05:00" endTime="2012-08-20T13:35:52.3940931-05:00" testType="13cdc9d9-ddb5-4fa4-a97d-d965ccfc6d4b" outcome="Passed" testListId="8c84fa94-04c1-424b-9868-57a2d4851a1d" relativeResultsDirectory="8d3823f5-61e9-4ae5-81c3-4f363b26105d">
    </UnitTestResult>
    <UnitTestResult executionId="769fcdb7-73c2-4af6-bc0c-f4ae50c28f4e" testId="8ca88260-b717-95ca-37eb-ce8b3138fe45" testName="should_update_last_visited_hotzone_for_user" computerName="1WJ93R1-JWILLIA" duration="00:00:00.0205922" startTime="2012-08-20T13:35:52.3980935-05:00" endTime="2012-08-20T13:35:52.4210958-05:00" testType="13cdc9d9-ddb5-4fa4-a97d-d965ccfc6d4b" outcome="Passed" testListId="8c84fa94-04c1-424b-9868-57a2d4851a1d" relativeResultsDirectory="769fcdb7-73c2-4af6-bc0c-f4ae50c28f4e">
    </UnitTestResult>
    <UnitTestResult executionId="6f47a262-2878-48ed-97d2-f9577ec94fb5" testId="8cca1161-4d2c-f0a6-91e9-079cbe2f9201" testName="should_return_achievement_for_destroying_100_zombie_packs" computerName="1WJ93R1-JWILLIA" duration="00:00:00.0010930" startTime="2012-08-20T13:35:52.4260963-05:00" endTime="2012-08-20T13:35:52.4290966-05:00" testType="13cdc9d9-ddb5-4fa4-a97d-d965ccfc6d4b" outcome="Passed" testListId="8c84fa94-04c1-424b-9868-57a2d4851a1d" relativeResultsDirectory="6f47a262-2878-48ed-97d2-f9577ec94fb5">
    </UnitTestResult>
    <UnitTestResult executionId="781bb11f-7f06-4d3c-ac78-e5751581cfb2" testId="8d764dc0-19cc-25ef-1223-85c01764c701" testName="should_return_achievement_for_killing_1000000_zombies" computerName="1WJ93R1-JWILLIA" duration="00:00:00.0011079" startTime="2012-08-20T13:35:52.4330970-05:00" endTime="2012-08-20T13:35:52.4360973-05:00" testType="13cdc9d9-ddb5-4fa4-a97d-d965ccfc6d4b" outcome="Passed" testListId="8c84fa94-04c1-424b-9868-57a2d4851a1d" relativeResultsDirectory="781bb11f-7f06-4d3c-ac78-e5751581cfb2">
    </UnitTestResult>
    <UnitTestResult executionId="1c79d16a-0350-4351-9278-ff7702e0744e" testId="8f46b492-6eff-ef62-7327-4eb38c11c2ef" testName="should_calculate_southern_point" computerName="1WJ93R1-JWILLIA" duration="00:00:00.0004790" startTime="2012-08-20T13:35:52.4410978-05:00" endTime="2012-08-20T13:35:52.4430980-05:00" testType="13cdc9d9-ddb5-4fa4-a97d-d965ccfc6d4b" outcome="Passed" testListId="8c84fa94-04c1-424b-9868-57a2d4851a1d" relativeResultsDirectory="1c79d16a-0350-4351-9278-ff7702e0744e">
    </UnitTestResult>
    <UnitTestResult executionId="a803f986-98f0-48fd-87eb-42a209ae4631" testId="907b6781-056b-79a9-347c-c66f8f73c993" testName="should_return_rank_based_on_level" computerName="1WJ93R1-JWILLIA" duration="00:00:00.0401973" startTime="2012-08-20T13:35:52.4490986-05:00" endTime="2012-08-20T13:35:52.4911028-05:00" testType="13cdc9d9-ddb5-4fa4-a97d-d965ccfc6d4b" outcome="Passed" testListId="8c84fa94-04c1-424b-9868-57a2d4851a1d" relativeResultsDirectory="a803f986-98f0-48fd-87eb-42a209ae4631">
    </UnitTestResult>
    <UnitTestResult executionId="fe824dd1-7872-41d2-8dce-9ec7aae9bde1" testId="9091ae17-a6a8-ad22-153b-b3d1f20f3512" testName="should_return_base_sight_radius_plus_any_equiped_items_that_affect_sight_radius" computerName="1WJ93R1-JWILLIA" duration="00:00:00.0060173" startTime="2012-08-20T13:35:52.4961033-05:00" endTime="2012-08-20T13:35:52.5041041-05:00" testType="13cdc9d9-ddb5-4fa4-a97d-d965ccfc6d4b" outcome="Passed" testListId="8c84fa94-04c1-424b-9868-57a2d4851a1d" relativeResultsDirectory="fe824dd1-7872-41d2-8dce-9ec7aae9bde1">
    </UnitTestResult>
    <UnitTestResult executionId="e7369915-cdec-488d-9eb8-98e0b3f12229" testId="936691d3-5e64-b7c4-4f5c-b1989c2cb7e6" testName="should_return_just_1_userrank" computerName="1WJ93R1-JWILLIA" duration="00:00:00.0265793" startTime="2012-08-20T13:35:52.5091046-05:00" endTime="2012-08-20T13:35:52.5371074-05:00" testType="13cdc9d9-ddb5-4fa4-a97d-d965ccfc6d4b" outcome="Passed" testListId="8c84fa94-04c1-424b-9868-57a2d4851a1d" relativeResultsDirectory="e7369915-cdec-488d-9eb8-98e0b3f12229">
    </UnitTestResult>
    <UnitTestResult executionId="e17db96f-b4fc-4d26-a18b-810bf95327bb" testId="948eaf49-3d62-1046-def5-d76ed8415a60" testName="should_retrieve_all_safe_houses_within_radius" computerName="1WJ93R1-JWILLIA" duration="00:00:00.0458947" startTime="2012-08-20T13:35:52.5421079-05:00" endTime="2012-08-20T13:35:52.5901127-05:00" testType="13cdc9d9-ddb5-4fa4-a97d-d965ccfc6d4b" outcome="Passed" testListId="8c84fa94-04c1-424b-9868-57a2d4851a1d" relativeResultsDirectory="e17db96f-b4fc-4d26-a18b-810bf95327bb">
    </UnitTestResult>
    <UnitTestResult executionId="a29bf3b7-d09e-40a1-b352-748742c6dcf6" testId="95004e80-f255-f931-0117-595d4516dea1" testName="should_return_zombie_packs_destroyed" computerName="1WJ93R1-JWILLIA" duration="00:00:00.0241395" startTime="2012-08-20T13:35:52.5951132-05:00" endTime="2012-08-20T13:35:52.6211158-05:00" testType="13cdc9d9-ddb5-4fa4-a97d-d965ccfc6d4b" outcome="Passed" testListId="8c84fa94-04c1-424b-9868-57a2d4851a1d" relativeResultsDirectory="a29bf3b7-d09e-40a1-b352-748742c6dcf6">
    </UnitTestResult>
    <UnitTestResult executionId="3d89e56c-5dd5-46b0-94ef-b5e18e8bee94" testId="95252275-5d7e-5275-9816-a53a17373eae" testName="should_return_calcuated_sight_radius_for_user_based_on_minutes_passed_since_last_saved_sight_radius" computerName="1WJ93R1-JWILLIA" duration="00:00:00.0055448" startTime="2012-08-20T13:35:52.6261163-05:00" endTime="2012-08-20T13:35:52.6331170-05:00" testType="13cdc9d9-ddb5-4fa4-a97d-d965ccfc6d4b" outcome="Passed" testListId="8c84fa94-04c1-424b-9868-57a2d4851a1d" relativeResultsDirectory="3d89e56c-5dd5-46b0-94ef-b5e18e8bee94">
    </UnitTestResult>
    <UnitTestResult executionId="d92c4e43-1497-49d8-bab6-13faa531f688" testId="95c19639-802d-b1a1-d6b5-8e055a02797d" testName="should_return_achievement_for_killing_10000_zombies" computerName="1WJ93R1-JWILLIA" duration="00:00:00.0011102" startTime="2012-08-20T13:35:52.6381175-05:00" endTime="2012-08-20T13:35:52.6411178-05:00" testType="13cdc9d9-ddb5-4fa4-a97d-d965ccfc6d4b" outcome="Passed" testListId="8c84fa94-04c1-424b-9868-57a2d4851a1d" relativeResultsDirectory="d92c4e43-1497-49d8-bab6-13faa531f688">
    </UnitTestResult>
    <UnitTestResult executionId="38b8a48e-9502-499f-92b7-57b2b7698540" testId="95fac6cd-cd0a-1020-088f-f907c1eb2032" testName="should_set_base_line_for_users_max_potential_if_last_hotzone_visited_is_null" computerName="1WJ93R1-JWILLIA" duration="00:00:00.0116209" startTime="2012-08-20T13:35:52.6451182-05:00" endTime="2012-08-20T13:35:52.6591196-05:00" testType="13cdc9d9-ddb5-4fa4-a97d-d965ccfc6d4b" outcome="Passed" testListId="8c84fa94-04c1-424b-9868-57a2d4851a1d" relativeResultsDirectory="38b8a48e-9502-499f-92b7-57b2b7698540">
    </UnitTestResult>
    <UnitTestResult executionId="6f21a5a0-2512-4f5e-a204-0e4e159e7186" testId="9654d44e-cffe-084f-c793-37a48f54fd16" testName="should_retrieve_safe_houses_associated_with_hotzone" computerName="1WJ93R1-JWILLIA" duration="00:00:00.0281140" startTime="2012-08-20T13:35:52.6631200-05:00" endTime="2012-08-20T13:35:52.6971234-05:00" testType="13cdc9d9-ddb5-4fa4-a97d-d965ccfc6d4b" outcome="Passed" testListId="8c84fa94-04c1-424b-9868-57a2d4851a1d" relativeResultsDirectory="6f21a5a0-2512-4f5e-a204-0e4e159e7186">
    </UnitTestResult>
    <UnitTestResult executionId="aab28944-3569-4032-ac7b-943dd110903b" testId="9829ccd4-7897-563f-fa8f-058ccd4d2394" testName="should_return_null_if_user_does_not_exist" computerName="1WJ93R1-JWILLIA" duration="00:00:00.0160695" startTime="2012-08-20T13:35:52.7011238-05:00" endTime="2012-08-20T13:35:52.7201257-05:00" testType="13cdc9d9-ddb5-4fa4-a97d-d965ccfc6d4b" outcome="Passed" testListId="8c84fa94-04c1-424b-9868-57a2d4851a1d" relativeResultsDirectory="aab28944-3569-4032-ac7b-943dd110903b">
    </UnitTestResult>
    <UnitTestResult executionId="1bdc32c7-c32e-4dea-9b15-f19948905c27" testId="986c501e-f914-4dd0-53c3-b0c1bdfdf5be" testName="should_return_true_if_hotzone_exists" computerName="1WJ93R1-JWILLIA" duration="00:00:00.0273910" startTime="2012-08-20T13:35:52.7241261-05:00" endTime="2012-08-20T13:35:52.7541291-05:00" testType="13cdc9d9-ddb5-4fa4-a97d-d965ccfc6d4b" outcome="Passed" testListId="8c84fa94-04c1-424b-9868-57a2d4851a1d" relativeResultsDirectory="1bdc32c7-c32e-4dea-9b15-f19948905c27">
    </UnitTestResult>
    <UnitTestResult executionId="6675bf4d-c400-4ba8-b57c-394352a96ce1" testId="99355754-b969-f315-3b5a-88e1622f783a" testName="should_set_last_energy_date_to_datetimenow_if_its_null_but_last_energy_isnt" computerName="1WJ93R1-JWILLIA" duration="00:00:00.0334186" startTime="2012-08-20T13:35:52.7581295-05:00" endTime="2012-08-20T13:35:52.7941331-05:00" testType="13cdc9d9-ddb5-4fa4-a97d-d965ccfc6d4b" outcome="Passed" testListId="8c84fa94-04c1-424b-9868-57a2d4851a1d" relativeResultsDirectory="6675bf4d-c400-4ba8-b57c-394352a96ce1">
    </UnitTestResult>
    <UnitTestResult executionId="54e0a003-7635-4e2c-a88b-ed788f85e349" testId="99d5bdbd-2ac1-c2dd-bd8e-ff998f163943" testName="should_disregard_creation_if_user_already_exists_for_facebookId" computerName="1WJ93R1-JWILLIA" duration="00:00:00.0049980" startTime="2012-08-20T13:35:52.7991336-05:00" endTime="2012-08-20T13:35:52.8061343-05:00" testType="13cdc9d9-ddb5-4fa4-a97d-d965ccfc6d4b" outcome="Passed" testListId="8c84fa94-04c1-424b-9868-57a2d4851a1d" relativeResultsDirectory="54e0a003-7635-4e2c-a88b-ed788f85e349">
    </UnitTestResult>
    <UnitTestResult executionId="3a6e9d99-aeb6-4217-b2e1-467d3db18084" testId="9a36c4f0-6e47-6967-5e76-948bbb7a2e79" testName="should_perform_partial_move_if_user_doesnt_have_enough_energy_to_go_the_entire_length" computerName="1WJ93R1-JWILLIA" duration="00:00:00.0099709" startTime="2012-08-20T13:35:52.8101347-05:00" endTime="2012-08-20T13:35:52.8231360-05:00" testType="13cdc9d9-ddb5-4fa4-a97d-d965ccfc6d4b" outcome="Passed" testListId="8c84fa94-04c1-424b-9868-57a2d4851a1d" relativeResultsDirectory="3a6e9d99-aeb6-4217-b2e1-467d3db18084">
    </UnitTestResult>
    <UnitTestResult executionId="30e37eae-a171-4ad9-98af-049f44eb70ec" testId="9a78eead-dd54-3b88-317e-c7ec25cf0f93" testName="should_throw_error_if_trying_update_user_level_and_user_does_not_exist" computerName="1WJ93R1-JWILLIA" duration="00:00:00.0180110" startTime="2012-08-20T13:35:52.8271364-05:00" endTime="2012-08-20T13:35:52.8481385-05:00" testType="13cdc9d9-ddb5-4fa4-a97d-d965ccfc6d4b" outcome="Passed" testListId="8c84fa94-04c1-424b-9868-57a2d4851a1d" relativeResultsDirectory="30e37eae-a171-4ad9-98af-049f44eb70ec">
    </UnitTestResult>
    <UnitTestResult executionId="07136ffe-b23d-4c63-8c67-79dd26afbbec" testId="9a7f21c9-61b5-30cc-38aa-34a79b6a0201" testName="should_take_into_consideration_equipped_items_when_determining_max_energy" computerName="1WJ93R1-JWILLIA" duration="00:00:00.0077966" startTime="2012-08-20T13:35:52.8521389-05:00" endTime="2012-08-20T13:35:52.8621399-05:00" testType="13cdc9d9-ddb5-4fa4-a97d-d965ccfc6d4b" outcome="Passed" testListId="8c84fa94-04c1-424b-9868-57a2d4851a1d" relativeResultsDirectory="07136ffe-b23d-4c63-8c67-79dd26afbbec">
    </UnitTestResult>
    <UnitTestResult executionId="2bf14ca4-e864-450a-a34c-05b983ca46e7" testId="9c6c437e-182b-5735-6616-67dd466d97ca" testName="should_return_if_item_is_not_one_time_use_item" computerName="1WJ93R1-JWILLIA" duration="00:00:00.0060873" startTime="2012-08-20T13:35:52.8661403-05:00" endTime="2012-08-20T13:35:52.8741411-05:00" testType="13cdc9d9-ddb5-4fa4-a97d-d965ccfc6d4b" outcome="Passed" testListId="8c84fa94-04c1-424b-9868-57a2d4851a1d" relativeResultsDirectory="2bf14ca4-e864-450a-a34c-05b983ca46e7">
    </UnitTestResult>
    <UnitTestResult executionId="c768a1ed-dfc3-4daa-a4c4-6584c65d89da" testId="9d65c075-cd74-d595-76f3-d465e66be801" testName="should_return_true_if_item_does_exist" computerName="1WJ93R1-JWILLIA" duration="00:00:00.0220197" startTime="2012-08-20T13:35:52.8791416-05:00" endTime="2012-08-20T13:35:52.9031440-05:00" testType="13cdc9d9-ddb5-4fa4-a97d-d965ccfc6d4b" outcome="Passed" testListId="8c84fa94-04c1-424b-9868-57a2d4851a1d" relativeResultsDirectory="c768a1ed-dfc3-4daa-a4c4-6584c65d89da">
    </UnitTestResult>
    <UnitTestResult executionId="5b9baa46-da14-4f97-bbf9-28f71f37ad42" testId="9d81df93-5250-1a02-c112-738e62d8d757" testName="should_return_null_if_zombie_pack_does_not_exist" computerName="1WJ93R1-JWILLIA" duration="00:00:00.0172007" startTime="2012-08-20T13:35:52.9081445-05:00" endTime="2012-08-20T13:35:52.9281465-05:00" testType="13cdc9d9-ddb5-4fa4-a97d-d965ccfc6d4b" outcome="Passed" testListId="8c84fa94-04c1-424b-9868-57a2d4851a1d" relativeResultsDirectory="5b9baa46-da14-4f97-bbf9-28f71f37ad42">
    </UnitTestResult>
    <UnitTestResult executionId="73d16533-4661-4d75-95ac-f78541623926" testId="9dde4be1-7360-a906-9538-025b609b4796" testName="should_set_last_sight_radius_date_to_datetimenow_if_its_null_but_last_sight_radius_isnt" computerName="1WJ93R1-JWILLIA" duration="00:00:00.0260502" startTime="2012-08-20T13:35:52.9321469-05:00" endTime="2012-08-20T13:35:52.9611498-05:00" testType="13cdc9d9-ddb5-4fa4-a97d-d965ccfc6d4b" outcome="Passed" testListId="8c84fa94-04c1-424b-9868-57a2d4851a1d" relativeResultsDirectory="73d16533-4661-4d75-95ac-f78541623926">
    </UnitTestResult>
    <UnitTestResult executionId="77333b12-2568-4618-b963-446a3955ec6d" testId="9e0a45ef-94e7-5d2e-296e-d43084cdb72d" testName="should_set_energy_to_100_for_user_who_exists_but_does_not_have_a_max_energy_value" computerName="1WJ93R1-JWILLIA" duration="00:00:00.0060243" startTime="2012-08-20T13:35:52.9661503-05:00" endTime="2012-08-20T13:35:52.9741511-05:00" testType="13cdc9d9-ddb5-4fa4-a97d-d965ccfc6d4b" outcome="Passed" testListId="8c84fa94-04c1-424b-9868-57a2d4851a1d" relativeResultsDirectory="77333b12-2568-4618-b963-446a3955ec6d">
    </UnitTestResult>
    <UnitTestResult executionId="2a3a6958-70af-4c53-8b8d-fa6691bb50f7" testId="9e682854-c61c-e4ee-d65c-e57b13656d39" testName="should_not_hunt_if_zombie_pack_doesnt_exist" computerName="1WJ93R1-JWILLIA" duration="00:00:00.0030383" startTime="2012-08-20T13:35:52.9801517-05:00" endTime="2012-08-20T13:35:52.9851522-05:00" testType="13cdc9d9-ddb5-4fa4-a97d-d965ccfc6d4b" outcome="Passed" testListId="8c84fa94-04c1-424b-9868-57a2d4851a1d" relativeResultsDirectory="2a3a6958-70af-4c53-8b8d-fa6691bb50f7">
    </UnitTestResult>
    <UnitTestResult executionId="e9a6571c-928b-4d68-a297-d994d4ade7bc" testId="9f145708-6c3c-b063-e40e-7d892e8c9ec8" testName="should_return_null_if_single_hotzone_doesnt_exist" computerName="1WJ93R1-JWILLIA" duration="00:00:00.0284093" startTime="2012-08-20T13:35:52.9901527-05:00" endTime="2012-08-20T13:35:53.0201557-05:00" testType="13cdc9d9-ddb5-4fa4-a97d-d965ccfc6d4b" outcome="Passed" testListId="8c84fa94-04c1-424b-9868-57a2d4851a1d" relativeResultsDirectory="e9a6571c-928b-4d68-a297-d994d4ade7bc">
    </UnitTestResult>
    <UnitTestResult executionId="f8b60f12-a5cc-4e9f-aa6d-328decbdc5ef" testId="9f650caf-3801-3ddc-df66-451ef0461b2d" testName="should_return_0_if_user_does_not_exist" computerName="1WJ93R1-JWILLIA" duration="00:00:00.0016924" startTime="2012-08-20T13:35:53.0251562-05:00" endTime="2012-08-20T13:35:53.0291566-05:00" testType="13cdc9d9-ddb5-4fa4-a97d-d965ccfc6d4b" outcome="Passed" testListId="8c84fa94-04c1-424b-9868-57a2d4851a1d" relativeResultsDirectory="f8b60f12-a5cc-4e9f-aa6d-328decbdc5ef">
    </UnitTestResult>
    <UnitTestResult executionId="e394c653-2239-4fe6-9b8a-583fa8c79717" testId="a082c5ab-9e9e-f9a3-c9b1-3688e77d4b93" testName="should_throw_error_when_returning_last_visited_hotzone_if_user_doesnt_exist" computerName="1WJ93R1-JWILLIA" duration="00:00:00.0160261" startTime="2012-08-20T13:35:53.0331570-05:00" endTime="2012-08-20T13:35:53.0521589-05:00" testType="13cdc9d9-ddb5-4fa4-a97d-d965ccfc6d4b" outcome="Passed" testListId="8c84fa94-04c1-424b-9868-57a2d4851a1d" relativeResultsDirectory="e394c653-2239-4fe6-9b8a-583fa8c79717">
    </UnitTestResult>
    <UnitTestResult executionId="8e0764de-e18d-4428-b053-3032d7ef4e94" testId="a2865b2e-10f7-d550-33c8-b7ec8623e85f" testName="should_set_last_saved_sight_radius_to_base_sight_radius_if_last_saved_radius_does_not_exist" computerName="1WJ93R1-JWILLIA" duration="00:00:00.0053726" startTime="2012-08-20T13:35:53.0571594-05:00" endTime="2012-08-20T13:35:53.0651602-05:00" testType="13cdc9d9-ddb5-4fa4-a97d-d965ccfc6d4b" outcome="Passed" testListId="8c84fa94-04c1-424b-9868-57a2d4851a1d" relativeResultsDirectory="8e0764de-e18d-4428-b053-3032d7ef4e94">
    </UnitTestResult>
    <UnitTestResult executionId="a512ab01-281e-4cdf-aab0-0c2e6d6f7f38" testId="a2cd0fe1-b87c-c070-6665-87346857dbcd" testName="given_user_has_money_and_items_in_safe_house_and_can_buy_items_should_return_the_energy_that_is_greater_between_safehouse_items_and_store_items" computerName="1WJ93R1-JWILLIA" duration="00:00:00.0056035" startTime="2012-08-20T13:35:53.0701607-05:00" endTime="2012-08-20T13:35:53.0781615-05:00" testType="13cdc9d9-ddb5-4fa4-a97d-d965ccfc6d4b" outcome="Passed" testListId="8c84fa94-04c1-424b-9868-57a2d4851a1d" relativeResultsDirectory="a512ab01-281e-4cdf-aab0-0c2e6d6f7f38">
    </UnitTestResult>
    <UnitTestResult executionId="d3c3f82a-5437-4f03-9b65-12d4169d3045" testId="a3c6ca82-cc13-6187-156d-3e74897a9d8f" testName="should_return_a_hunt_count_of_11_to_15_if_resolved_as_an_medium_hotzone" computerName="1WJ93R1-JWILLIA" duration="00:00:00.0096430" startTime="2012-08-20T13:35:53.0841621-05:00" endTime="2012-08-20T13:35:53.0951632-05:00" testType="13cdc9d9-ddb5-4fa4-a97d-d965ccfc6d4b" outcome="Passed" testListId="8c84fa94-04c1-424b-9868-57a2d4851a1d" relativeResultsDirectory="d3c3f82a-5437-4f03-9b65-12d4169d3045">
    </UnitTestResult>
    <UnitTestResult executionId="62eae492-fac5-4f40-87c4-f5b8b0b258a2" testId="a4df90b5-6a65-c11c-9306-ae984a6862f3" testName="should_return_achievement_for_peak_zombies_100" computerName="1WJ93R1-JWILLIA" duration="00:00:00.0012021" startTime="2012-08-20T13:35:53.1001637-05:00" endTime="2012-08-20T13:35:53.1031640-05:00" testType="13cdc9d9-ddb5-4fa4-a97d-d965ccfc6d4b" outcome="Passed" testListId="8c84fa94-04c1-424b-9868-57a2d4851a1d" relativeResultsDirectory="62eae492-fac5-4f40-87c4-f5b8b0b258a2">
    </UnitTestResult>
    <UnitTestResult executionId="bc879fa7-fee8-48b4-a640-1fe4438d8ae5" testId="a4e874d3-81be-9f49-2511-92f0df88cee7" testName="should_throw_exception_when_returning_baseline_energy_for_user_that_doesnt_exist" computerName="1WJ93R1-JWILLIA" duration="00:00:00.0161744" startTime="2012-08-20T13:35:53.1071644-05:00" endTime="2012-08-20T13:35:53.1261663-05:00" testType="13cdc9d9-ddb5-4fa4-a97d-d965ccfc6d4b" outcome="Passed" testListId="8c84fa94-04c1-424b-9868-57a2d4851a1d" relativeResultsDirectory="bc879fa7-fee8-48b4-a640-1fe4438d8ae5">
    </UnitTestResult>
    <UnitTestResult executionId="881adeb9-5bb3-4ca2-9b2c-9c3028de9cc6" testId="a5d1a057-084a-abb3-2d76-06c401ccb8d8" testName="should_return_false_if_store_does_not_exist" computerName="1WJ93R1-JWILLIA" duration="00:00:00.0183091" startTime="2012-08-20T13:35:53.1301667-05:00" endTime="2012-08-20T13:35:53.1511688-05:00" testType="13cdc9d9-ddb5-4fa4-a97d-d965ccfc6d4b" outcome="Passed" testListId="8c84fa94-04c1-424b-9868-57a2d4851a1d" relativeResultsDirectory="881adeb9-5bb3-4ca2-9b2c-9c3028de9cc6">
    </UnitTestResult>
    <UnitTestResult executionId="1d90f2ac-167e-469a-a467-091aace438bb" testId="a679c5ef-1cea-4e1b-1357-8b9bcd95b672" testName="should_not_insert_empty_record_for_user_if_non_exists" computerName="1WJ93R1-JWILLIA" duration="00:00:00.0261249" startTime="2012-08-20T13:35:53.1551692-05:00" endTime="2012-08-20T13:35:53.1841721-05:00" testType="13cdc9d9-ddb5-4fa4-a97d-d965ccfc6d4b" outcome="Passed" testListId="8c84fa94-04c1-424b-9868-57a2d4851a1d" relativeResultsDirectory="1d90f2ac-167e-469a-a467-091aace438bb">
    </UnitTestResult>
    <UnitTestResult executionId="d286dc2b-9159-4ac7-ad6d-ead0a09caba1" testId="a6b9a5f6-83d7-1eba-5a05-ac8e16d1f134" testName="should_retrieve_users_current_level" computerName="1WJ93R1-JWILLIA" duration="00:00:00.0163853" startTime="2012-08-20T13:35:53.1891726-05:00" endTime="2012-08-20T13:35:53.2081745-05:00" testType="13cdc9d9-ddb5-4fa4-a97d-d965ccfc6d4b" outcome="Passed" testListId="8c84fa94-04c1-424b-9868-57a2d4851a1d" relativeResultsDirectory="d286dc2b-9159-4ac7-ad6d-ead0a09caba1">
    </UnitTestResult>
    <UnitTestResult executionId="f03018d2-662c-4cfe-a85a-ecdaca95f003" testId="a7658188-1d86-06a8-b6f3-6e5c757f83b4" testName="should_set_user_level" computerName="1WJ93R1-JWILLIA" duration="00:00:00.0204410" startTime="2012-08-20T13:35:53.2141751-05:00" endTime="2012-08-20T13:35:53.2361773-05:00" testType="13cdc9d9-ddb5-4fa4-a97d-d965ccfc6d4b" outcome="Passed" testListId="8c84fa94-04c1-424b-9868-57a2d4851a1d" relativeResultsDirectory="f03018d2-662c-4cfe-a85a-ecdaca95f003">
    </UnitTestResult>
    <UnitTestResult executionId="51b851de-63bc-4494-8540-d29809649558" testId="a7c3501c-4b66-95e5-cfa7-a3027a1486c4" testName="should_return_current_zombie_pack_progress_if_user_has_already_visited_zombie_pack" computerName="1WJ93R1-JWILLIA" duration="00:00:00.0047806" startTime="2012-08-20T13:35:53.2411778-05:00" endTime="2012-08-20T13:35:53.2481785-05:00" testType="13cdc9d9-ddb5-4fa4-a97d-d965ccfc6d4b" outcome="Passed" testListId="8c84fa94-04c1-424b-9868-57a2d4851a1d" relativeResultsDirectory="51b851de-63bc-4494-8540-d29809649558">
    </UnitTestResult>
    <UnitTestResult executionId="912381d3-f477-4987-a0e3-2f62a6ded265" testId="a882d58c-8888-fab1-21e4-618bb71ae1ce" testName="should_retrieve_stores_associated_with_hotzone" computerName="1WJ93R1-JWILLIA" duration="00:00:00.0198108" startTime="2012-08-20T13:35:53.2541791-05:00" endTime="2012-08-20T13:35:53.2761813-05:00" testType="13cdc9d9-ddb5-4fa4-a97d-d965ccfc6d4b" outcome="Passed" testListId="8c84fa94-04c1-424b-9868-57a2d4851a1d" relativeResultsDirectory="912381d3-f477-4987-a0e3-2f62a6ded265">
    </UnitTestResult>
    <UnitTestResult executionId="21af27a2-2ace-462c-a76b-be1e4eeda059" testId="a92236ed-a367-c7c7-0a25-b11ae709bcb3" testName="should_throw_error_when_returning_user_energy_and_user_doesnt_exist" computerName="1WJ93R1-JWILLIA" duration="00:00:00.0160396" startTime="2012-08-20T13:35:53.2801817-05:00" endTime="2012-08-20T13:35:53.2981835-05:00" testType="13cdc9d9-ddb5-4fa4-a97d-d965ccfc6d4b" outcome="Passed" testListId="8c84fa94-04c1-424b-9868-57a2d4851a1d" relativeResultsDirectory="21af27a2-2ace-462c-a76b-be1e4eeda059">
    </UnitTestResult>
    <UnitTestResult executionId="a7913b3a-c00c-43f5-a358-29416d074538" testId="a95e4141-d767-b753-e492-b99e6f8ee705" testName="should_return_all_zombie_packs_in_radius" computerName="1WJ93R1-JWILLIA" duration="00:00:00.0342513" startTime="2012-08-20T13:35:53.3031840-05:00" endTime="2012-08-20T13:35:53.3421879-05:00" testType="13cdc9d9-ddb5-4fa4-a97d-d965ccfc6d4b" outcome="Passed" testListId="8c84fa94-04c1-424b-9868-57a2d4851a1d" relativeResultsDirectory="a7913b3a-c00c-43f5-a358-29416d074538">
    </UnitTestResult>
    <UnitTestResult executionId="e168b206-5641-449c-874a-e36600419344" testId="aac835be-7dca-bf39-4e90-f32eb9f2669d" testName="should_throw_error_when_returning_money_if_user_does_not_exist" computerName="1WJ93R1-JWILLIA" duration="00:00:00.0161833" startTime="2012-08-20T13:35:53.3481885-05:00" endTime="2012-08-20T13:35:53.3661903-05:00" testType="13cdc9d9-ddb5-4fa4-a97d-d965ccfc6d4b" outcome="Passed" testListId="8c84fa94-04c1-424b-9868-57a2d4851a1d" relativeResultsDirectory="e168b206-5641-449c-874a-e36600419344">
    </UnitTestResult>
    <UnitTestResult executionId="c2049397-398b-4b28-b90d-794c687efb31" testId="aaf613d0-debf-b348-f6a8-625b151b543d" testName="should_save_user_max_energy" computerName="1WJ93R1-JWILLIA" duration="00:00:00.0193746" startTime="2012-08-20T13:35:53.3721909-05:00" endTime="2012-08-20T13:35:53.3941931-05:00" testType="13cdc9d9-ddb5-4fa4-a97d-d965ccfc6d4b" outcome="Passed" testListId="8c84fa94-04c1-424b-9868-57a2d4851a1d" relativeResultsDirectory="c2049397-398b-4b28-b90d-794c687efb31">
    </UnitTestResult>
    <UnitTestResult executionId="9ee0d22f-5869-45e2-b45d-251f48483c20" testId="abb8373c-7671-9802-6d68-5c17e7124ebd" testName="should_record_hotzone_destoryed_if_hunting_cleared_hotzone" computerName="1WJ93R1-JWILLIA" duration="00:00:00.0182112" startTime="2012-08-20T13:35:53.4001937-05:00" endTime="2012-08-20T13:35:53.4201957-05:00" testType="13cdc9d9-ddb5-4fa4-a97d-d965ccfc6d4b" outcome="Passed" testListId="8c84fa94-04c1-424b-9868-57a2d4851a1d" relativeResultsDirectory="9ee0d22f-5869-45e2-b45d-251f48483c20">
    </UnitTestResult>
    <UnitTestResult executionId="b2a35acc-a72a-4f1d-8257-9b4ca6b28047" testId="ac6fd380-aa69-7042-79c1-72e377d208c7" testName="should_update_users_zone_id_if_user_is_at_a_zombie_pack_location" computerName="1WJ93R1-JWILLIA" duration="00:00:00.0131898" startTime="2012-08-20T13:35:53.4251962-05:00" endTime="2012-08-20T13:35:53.4411978-05:00" testType="13cdc9d9-ddb5-4fa4-a97d-d965ccfc6d4b" outcome="Passed" testListId="8c84fa94-04c1-424b-9868-57a2d4851a1d" relativeResultsDirectory="b2a35acc-a72a-4f1d-8257-9b4ca6b28047">
    </UnitTestResult>
    <UnitTestResult executionId="dcae33de-43ed-4ed9-8bcc-804f81a07ebe" testId="af74033c-8ac7-9c6c-bed1-b5a7d2c06950" testName="should_set_latitude_longitude_position_for_hotzone" computerName="1WJ93R1-JWILLIA" duration="00:00:00.0048474" startTime="2012-08-20T13:35:53.4461983-05:00" endTime="2012-08-20T13:35:53.4531990-05:00" testType="13cdc9d9-ddb5-4fa4-a97d-d965ccfc6d4b" outcome="Passed" testListId="8c84fa94-04c1-424b-9868-57a2d4851a1d" relativeResultsDirectory="dcae33de-43ed-4ed9-8bcc-804f81a07ebe">
    </UnitTestResult>
    <UnitTestResult executionId="293be55e-7555-4ab5-af78-f8d49efc100c" testId="b0037f39-501d-0ae0-4207-fd773fffa4a6" testName="should_return_energy_along_with_any_energy_increase_from_buying_different_items_and_no_items_in_safehouse" computerName="1WJ93R1-JWILLIA" duration="00:00:00.0057901" startTime="2012-08-20T13:35:53.4571994-05:00" endTime="2012-08-20T13:35:53.4652002-05:00" testType="13cdc9d9-ddb5-4fa4-a97d-d965ccfc6d4b" outcome="Passed" testListId="8c84fa94-04c1-424b-9868-57a2d4851a1d" relativeResultsDirectory="293be55e-7555-4ab5-af78-f8d49efc100c">
    </UnitTestResult>
    <UnitTestResult executionId="947f172b-880f-4e6c-a06f-387e4607217f" testId="b16bd29a-b3d8-bf0d-809b-edcc4ff2fca0" testName="should_return_hotzone_as_cleared" computerName="1WJ93R1-JWILLIA" duration="00:00:00.0453638" startTime="2012-08-20T13:35:53.4692006-05:00" endTime="2012-08-20T13:35:53.5172054-05:00" testType="13cdc9d9-ddb5-4fa4-a97d-d965ccfc6d4b" outcome="Passed" testListId="8c84fa94-04c1-424b-9868-57a2d4851a1d" relativeResultsDirectory="947f172b-880f-4e6c-a06f-387e4607217f">
    </UnitTestResult>
    <UnitTestResult executionId="ef456f44-6ac8-4a73-839b-8bf569d63712" testId="b25aa57b-bb9a-f05f-4179-18f54e514dcd" testName="should_change_users_energy_if_item_has_energy_attribute_not_equal_to_zero" computerName="1WJ93R1-JWILLIA" duration="00:00:00.0079440" startTime="2012-08-20T13:35:53.5222059-05:00" endTime="2012-08-20T13:35:53.5322069-05:00" testType="13cdc9d9-ddb5-4fa4-a97d-d965ccfc6d4b" outcome="Passed" testListId="8c84fa94-04c1-424b-9868-57a2d4851a1d" relativeResultsDirectory="ef456f44-6ac8-4a73-839b-8bf569d63712">
    </UnitTestResult>
    <UnitTestResult executionId="5b5b93ff-5ed8-4fed-a69f-dff124733af1" testId="b28183ac-a700-53c3-0c4c-4c663c3d39eb" testName="should_set_to_max_energy_if_item_energy_is_greater_than_max" computerName="1WJ93R1-JWILLIA" duration="00:00:00.0077168" startTime="2012-08-20T13:35:53.5382075-05:00" endTime="2012-08-20T13:35:53.5472084-05:00" testType="13cdc9d9-ddb5-4fa4-a97d-d965ccfc6d4b" outcome="Passed" testListId="8c84fa94-04c1-424b-9868-57a2d4851a1d" relativeResultsDirectory="5b5b93ff-5ed8-4fed-a69f-dff124733af1">
    </UnitTestResult>
    <UnitTestResult executionId="ef23bc70-7074-44c8-831c-0aa9f2af1b73" testId="b32170cc-6301-2795-2015-78cba1f92dc0" testName="should_return_0_for_energy_if_user_does_not_exist" computerName="1WJ93R1-JWILLIA" duration="00:00:00.0034437" startTime="2012-08-20T13:35:53.5522089-05:00" endTime="2012-08-20T13:35:53.5572094-05:00" testType="13cdc9d9-ddb5-4fa4-a97d-d965ccfc6d4b" outcome="Passed" testListId="8c84fa94-04c1-424b-9868-57a2d4851a1d" relativeResultsDirectory="ef23bc70-7074-44c8-831c-0aa9f2af1b73">
    </UnitTestResult>
    <UnitTestResult executionId="70b9732a-89d5-45e2-81a3-beaf3992477c" testId="b3df8862-1b3b-daec-78d1-26c8d0d4c769" testName="should_set_peak_attack_if_greater_than_whats_currently_saved" computerName="1WJ93R1-JWILLIA" duration="00:00:00.0145664" startTime="2012-08-20T13:35:53.5632100-05:00" endTime="2012-08-20T13:35:53.5792116-05:00" testType="13cdc9d9-ddb5-4fa4-a97d-d965ccfc6d4b" outcome="Passed" testListId="8c84fa94-04c1-424b-9868-57a2d4851a1d" relativeResultsDirectory="70b9732a-89d5-45e2-81a3-beaf3992477c">
    </UnitTestResult>
    <UnitTestResult executionId="28991c37-7d74-4708-bf15-9fb28635b84d" testId="b3e73d9f-e8d5-d40e-f226-223e65b83b5c" testName="should_return_false_if_facebook_user_doesnt_exist" computerName="1WJ93R1-JWILLIA" duration="00:00:00.0170501" startTime="2012-08-20T13:35:53.5842121-05:00" endTime="2012-08-20T13:35:53.6032140-05:00" testType="13cdc9d9-ddb5-4fa4-a97d-d965ccfc6d4b" outcome="Passed" testListId="8c84fa94-04c1-424b-9868-57a2d4851a1d" relativeResultsDirectory="28991c37-7d74-4708-bf15-9fb28635b84d">
    </UnitTestResult>
    <UnitTestResult executionId="335b902b-d9e9-4216-a917-c3a3dbfce34e" testId="b56cc93a-1a34-87ca-906c-3850d1ae7b74" testName="should_disregard_safehouse_items_that_are_one_use" computerName="1WJ93R1-JWILLIA" duration="00:00:00.0057500" startTime="2012-08-20T13:35:53.6092146-05:00" endTime="2012-08-20T13:35:53.6172154-05:00" testType="13cdc9d9-ddb5-4fa4-a97d-d965ccfc6d4b" outcome="Passed" testListId="8c84fa94-04c1-424b-9868-57a2d4851a1d" relativeResultsDirectory="335b902b-d9e9-4216-a917-c3a3dbfce34e">
    </UnitTestResult>
    <UnitTestResult executionId="10b92b9f-3b6e-48e4-8e78-2e076929116b" testId="b5bf2f35-dde6-66e3-7545-0164ceb4c3bb" testName="should_disregard_one_use_items_that_can_be_bought" computerName="1WJ93R1-JWILLIA" duration="00:00:00.0055690" startTime="2012-08-20T13:35:53.6222159-05:00" endTime="2012-08-20T13:35:53.6302167-05:00" testType="13cdc9d9-ddb5-4fa4-a97d-d965ccfc6d4b" outcome="Passed" testListId="8c84fa94-04c1-424b-9868-57a2d4851a1d" relativeResultsDirectory="10b92b9f-3b6e-48e4-8e78-2e076929116b">
    </UnitTestResult>
    <UnitTestResult executionId="c56d8144-2567-49f4-b109-5d4d479b8626" testId="b60197de-ab24-075d-fbab-bf70fa600887" testName="should_return_falise_if_user_zombie_pack_progress_does_not_exist" computerName="1WJ93R1-JWILLIA" duration="00:00:00.0339033" startTime="2012-08-20T13:35:53.6342171-05:00" endTime="2012-08-20T13:35:53.6712208-05:00" testType="13cdc9d9-ddb5-4fa4-a97d-d965ccfc6d4b" outcome="Passed" testListId="8c84fa94-04c1-424b-9868-57a2d4851a1d" relativeResultsDirectory="c56d8144-2567-49f4-b109-5d4d479b8626">
    </UnitTestResult>
    <UnitTestResult executionId="1f7eeadb-f899-49de-b74a-f3a5ceeb1abe" testId="b8158573-3e0f-248e-b423-b1311e92e807" testName="should_return_a_hunt_count_of_5_to_10_if_resolved_as_an_medium_hotzone" computerName="1WJ93R1-JWILLIA" duration="00:00:00.0095455" startTime="2012-08-20T13:35:53.6752212-05:00" endTime="2012-08-20T13:35:53.6872224-05:00" testType="13cdc9d9-ddb5-4fa4-a97d-d965ccfc6d4b" outcome="Passed" testListId="8c84fa94-04c1-424b-9868-57a2d4851a1d" relativeResultsDirectory="1f7eeadb-f899-49de-b74a-f3a5ceeb1abe">
    </UnitTestResult>
    <UnitTestResult executionId="4ea4f31a-22f3-465d-8a8d-fcaaa77673a2" testId="b9bdcc23-3882-fdc6-ae71-589fdcc2d732" testName="should_return_users_base_energy_if_user_does_not_have_any_items" computerName="1WJ93R1-JWILLIA" duration="00:00:00.0040776" startTime="2012-08-20T13:35:53.6922229-05:00" endTime="2012-08-20T13:35:53.6982235-05:00" testType="13cdc9d9-ddb5-4fa4-a97d-d965ccfc6d4b" outcome="Passed" testListId="8c84fa94-04c1-424b-9868-57a2d4851a1d" relativeResultsDirectory="4ea4f31a-22f3-465d-8a8d-fcaaa77673a2">
    </UnitTestResult>
    <UnitTestResult executionId="10b75f73-0dd6-4117-8aa0-a533270768d6" testId="b9daaf02-a2df-fc67-bf09-91db90f1040d" testName="should_save_user_last_energy" computerName="1WJ93R1-JWILLIA" duration="00:00:00.0167403" startTime="2012-08-20T13:35:53.7032240-05:00" endTime="2012-08-20T13:35:53.7222259-05:00" testType="13cdc9d9-ddb5-4fa4-a97d-d965ccfc6d4b" outcome="Passed" testListId="8c84fa94-04c1-424b-9868-57a2d4851a1d" relativeResultsDirectory="10b75f73-0dd6-4117-8aa0-a533270768d6">
    </UnitTestResult>
    <UnitTestResult executionId="2880f9d1-5fed-4795-89e5-83097a15ec0b" testId="ba822c9a-2244-54af-db34-ae1b0ff7f2ea" testName="the_starting_energy_should_be_100" computerName="1WJ93R1-JWILLIA" duration="00:00:00.0158577" startTime="2012-08-20T13:35:53.7262263-05:00" endTime="2012-08-20T13:35:53.7442281-05:00" testType="13cdc9d9-ddb5-4fa4-a97d-d965ccfc6d4b" outcome="Passed" testListId="8c84fa94-04c1-424b-9868-57a2d4851a1d" relativeResultsDirectory="2880f9d1-5fed-4795-89e5-83097a15ec0b">
    </UnitTestResult>
    <UnitTestResult executionId="c1d33d16-e798-4311-ad9b-93de21edca9a" testId="ba89953e-a09d-28cf-6946-aa203e1b8fb8" testName="should_return_an_empty_progress_if_zombie_pack_doesnt_exist" computerName="1WJ93R1-JWILLIA" duration="00:00:00.0028708" startTime="2012-08-20T13:35:53.7502287-05:00" endTime="2012-08-20T13:35:53.7552292-05:00" testType="13cdc9d9-ddb5-4fa4-a97d-d965ccfc6d4b" outcome="Passed" testListId="8c84fa94-04c1-424b-9868-57a2d4851a1d" relativeResultsDirectory="c1d33d16-e798-4311-ad9b-93de21edca9a">
    </UnitTestResult>
    <UnitTestResult executionId="373fd7c2-9eec-461c-b502-6bbc837bb3bb" testId="ba999509-487a-7f04-1438-f406952dc58e" testName="should_take_into_consideration_equipped_items_when_determining_min_sight_radius" computerName="1WJ93R1-JWILLIA" duration="00:00:00.0079253" startTime="2012-08-20T13:35:53.7612298-05:00" endTime="2012-08-20T13:35:53.7712308-05:00" testType="13cdc9d9-ddb5-4fa4-a97d-d965ccfc6d4b" outcome="Passed" testListId="8c84fa94-04c1-424b-9868-57a2d4851a1d" relativeResultsDirectory="373fd7c2-9eec-461c-b502-6bbc837bb3bb">
    </UnitTestResult>
    <UnitTestResult executionId="ccbe5b3b-c477-4957-b5a9-0d26d222a678" testId="bb35c303-68f9-bb58-ec6c-79aa0b063947" testName="should_return_zero_for_attack_power_if_user_does_not_exist" computerName="1WJ93R1-JWILLIA" duration="00:00:00.0016896" startTime="2012-08-20T13:35:53.7772314-05:00" endTime="2012-08-20T13:35:53.7802317-05:00" testType="13cdc9d9-ddb5-4fa4-a97d-d965ccfc6d4b" outcome="Passed" testListId="8c84fa94-04c1-424b-9868-57a2d4851a1d" relativeResultsDirectory="ccbe5b3b-c477-4957-b5a9-0d26d222a678">
    </UnitTestResult>
    <UnitTestResult executionId="bab5cc87-34b4-43a6-8d39-a4ea48c0e0a8" testId="bb62f7f6-95bc-c16c-f91c-8661bb447531" testName="should_change_users_sight_radius_if_item_has_a_distance_attribute_not_equal_to_zero" computerName="1WJ93R1-JWILLIA" duration="00:00:00.0079883" startTime="2012-08-20T13:35:53.7852322-05:00" endTime="2012-08-20T13:35:53.7952332-05:00" testType="13cdc9d9-ddb5-4fa4-a97d-d965ccfc6d4b" outcome="Passed" testListId="8c84fa94-04c1-424b-9868-57a2d4851a1d" relativeResultsDirectory="bab5cc87-34b4-43a6-8d39-a4ea48c0e0a8">
    </UnitTestResult>
    <UnitTestResult executionId="1aa449e2-beaa-411b-a273-82a8e760ad44" testId="bc231f56-0b8a-34bb-d73a-6bc2b970aa27" testName="should_update_user_level_and_user_base_attack_and_user_base_energy_and_user_inventory_when_user_kills_enough_zombies_to_pass_level" computerName="1WJ93R1-JWILLIA" duration="00:00:00.0068864" startTime="2012-08-20T13:35:53.7992336-05:00" endTime="2012-08-20T13:35:53.8082345-05:00" testType="13cdc9d9-ddb5-4fa4-a97d-d965ccfc6d4b" outcome="Passed" testListId="8c84fa94-04c1-424b-9868-57a2d4851a1d" relativeResultsDirectory="1aa449e2-beaa-411b-a273-82a8e760ad44">
    </UnitTestResult>
    <UnitTestResult executionId="8e41f4eb-f319-4b26-86a8-1cd8b1b921cd" testId="bc2bbda1-dfbc-fff1-89f7-377eb332a077" testName="should_return_attack_power_along_with_any_attack_power_increase_from_buying_different_items_and_no_items_in_safehouse" computerName="1WJ93R1-JWILLIA" duration="00:00:00.0055149" startTime="2012-08-20T13:35:53.8122349-05:00" endTime="2012-08-20T13:35:53.8202357-05:00" testType="13cdc9d9-ddb5-4fa4-a97d-d965ccfc6d4b" outcome="Passed" testListId="8c84fa94-04c1-424b-9868-57a2d4851a1d" relativeResultsDirectory="8e41f4eb-f319-4b26-86a8-1cd8b1b921cd">
    </UnitTestResult>
    <UnitTestResult executionId="e5f1416f-f04e-466e-a704-69c344dcc02d" testId="bdc5cf0e-b6b0-aab1-b4c9-cfdf4e4262c3" testName="should_update_users_inventory_amount" computerName="1WJ93R1-JWILLIA" duration="00:00:00.0220122" startTime="2012-08-20T13:35:53.8242361-05:00" endTime="2012-08-20T13:35:53.8492386-05:00" testType="13cdc9d9-ddb5-4fa4-a97d-d965ccfc6d4b" outcome="Passed" testListId="8c84fa94-04c1-424b-9868-57a2d4851a1d" relativeResultsDirectory="e5f1416f-f04e-466e-a704-69c344dcc02d">
    </UnitTestResult>
    <UnitTestResult executionId="50fd0861-ca77-477f-b92a-07f5f48bbc00" testId="bed0bac3-5433-e3b2-3646-ee5b82bf2f3c" testName="should_return_attack_power_based_on_items_in_safehouse_with_user_not_having_any_money" computerName="1WJ93R1-JWILLIA" duration="00:00:00.0065837" startTime="2012-08-20T13:35:53.8542391-05:00" endTime="2012-08-20T13:35:53.8632400-05:00" testType="13cdc9d9-ddb5-4fa4-a97d-d965ccfc6d4b" outcome="Passed" testListId="8c84fa94-04c1-424b-9868-57a2d4851a1d" relativeResultsDirectory="50fd0861-ca77-477f-b92a-07f5f48bbc00">
    </UnitTestResult>
    <UnitTestResult executionId="5454cffe-eb01-459d-8458-5277ae83935c" testId="c0f6a7ca-70c4-38dc-b622-ea187fd81d6d" testName="should_return_achievement_for_peak_zombies_10" computerName="1WJ93R1-JWILLIA" duration="00:00:00.0011251" startTime="2012-08-20T13:35:53.8682405-05:00" endTime="2012-08-20T13:35:53.8712408-05:00" testType="13cdc9d9-ddb5-4fa4-a97d-d965ccfc6d4b" outcome="Passed" testListId="8c84fa94-04c1-424b-9868-57a2d4851a1d" relativeResultsDirectory="5454cffe-eb01-459d-8458-5277ae83935c">
    </UnitTestResult>
    <UnitTestResult executionId="43138f96-32e6-4a73-8893-9871dbaaff45" testId="c154fab6-7379-ae56-989a-e56b1649db90" testName="should_update_users_base_attack" computerName="1WJ93R1-JWILLIA" duration="00:00:00.0234318" startTime="2012-08-20T13:35:53.8762413-05:00" endTime="2012-08-20T13:35:53.9012438-05:00" testType="13cdc9d9-ddb5-4fa4-a97d-d965ccfc6d4b" outcome="Passed" testListId="8c84fa94-04c1-424b-9868-57a2d4851a1d" relativeResultsDirectory="43138f96-32e6-4a73-8893-9871dbaaff45">
    </UnitTestResult>
    <UnitTestResult executionId="b5a6dd81-6aba-4537-b09d-5adfb8144deb" testId="c19d7fe3-d556-ad76-9806-5e328516f06f" testName="should_return_correct_energy_for_given_level" computerName="1WJ93R1-JWILLIA" duration="00:00:00.0003969" startTime="2012-08-20T13:35:53.9062443-05:00" endTime="2012-08-20T13:35:53.9082445-05:00" testType="13cdc9d9-ddb5-4fa4-a97d-d965ccfc6d4b" outcome="Passed" testListId="8c84fa94-04c1-424b-9868-57a2d4851a1d" relativeResultsDirectory="b5a6dd81-6aba-4537-b09d-5adfb8144deb">
    </UnitTestResult>
    <UnitTestResult executionId="9f74876e-4956-435f-8bf5-7bcc85324d7b" testId="c2fceb1f-5078-88e7-1674-00e75ecef9dd" testName="should_disregard_safehouse_items_that_are_one_use" computerName="1WJ93R1-JWILLIA" duration="00:00:00.0055639" startTime="2012-08-20T13:35:53.9132450-05:00" endTime="2012-08-20T13:35:53.9202457-05:00" testType="13cdc9d9-ddb5-4fa4-a97d-d965ccfc6d4b" outcome="Passed" testListId="8c84fa94-04c1-424b-9868-57a2d4851a1d" relativeResultsDirectory="9f74876e-4956-435f-8bf5-7bcc85324d7b">
    </UnitTestResult>
    <UnitTestResult executionId="4c0c1801-b26e-4f7e-8301-ff6296dadf72" testId="c3a4535b-76d1-c39a-2397-114110fb9661" testName="should_disregard_if_user_has_max_items_already" computerName="1WJ93R1-JWILLIA" duration="00:00:00.0116928" startTime="2012-08-20T13:35:53.9252462-05:00" endTime="2012-08-20T13:35:53.9392476-05:00" testType="13cdc9d9-ddb5-4fa4-a97d-d965ccfc6d4b" outcome="Passed" testListId="8c84fa94-04c1-424b-9868-57a2d4851a1d" relativeResultsDirectory="4c0c1801-b26e-4f7e-8301-ff6296dadf72">
    </UnitTestResult>
    <UnitTestResult executionId="6a49cc76-62d6-4851-8c77-7842bcb07ba2" testId="c55622f2-a19b-2b7c-fbf0-3bcc9fa792bb" testName="should_disregard_if_item_does_not_exist" computerName="1WJ93R1-JWILLIA" duration="00:00:00.0064045" startTime="2012-08-20T13:35:53.9442481-05:00" endTime="2012-08-20T13:35:53.9522489-05:00" testType="13cdc9d9-ddb5-4fa4-a97d-d965ccfc6d4b" outcome="Passed" testListId="8c84fa94-04c1-424b-9868-57a2d4851a1d" relativeResultsDirectory="6a49cc76-62d6-4851-8c77-7842bcb07ba2">
    </UnitTestResult>
    <UnitTestResult executionId="234d0f77-8299-40c4-b0cf-1e8c7b3fa05b" testId="c59ebd84-a390-b0a9-9601-b22bb9ff7f1d" testName="should_start_with_5_tents_on_person" computerName="1WJ93R1-JWILLIA" duration="00:00:00.0023021" startTime="2012-08-20T13:35:53.9582495-05:00" endTime="2012-08-20T13:35:53.9632500-05:00" testType="13cdc9d9-ddb5-4fa4-a97d-d965ccfc6d4b" outcome="Passed" testListId="8c84fa94-04c1-424b-9868-57a2d4851a1d" relativeResultsDirectory="234d0f77-8299-40c4-b0cf-1e8c7b3fa05b">
    </UnitTestResult>
    <UnitTestResult executionId="bf2a98a1-e5fc-4e99-836e-dea11306d03d" testId="c5a39b6e-0b51-8275-3d9b-29919f35b9b0" testName="should_return_user_by_facebook_user_id" computerName="1WJ93R1-JWILLIA" duration="00:00:00.0165327" startTime="2012-08-20T13:35:53.9672504-05:00" endTime="2012-08-20T13:35:53.9862523-05:00" testType="13cdc9d9-ddb5-4fa4-a97d-d965ccfc6d4b" outcome="Passed" testListId="8c84fa94-04c1-424b-9868-57a2d4851a1d" relativeResultsDirectory="bf2a98a1-e5fc-4e99-836e-dea11306d03d">
    </UnitTestResult>
    <UnitTestResult executionId="b0926401-3bf7-4c2c-9c16-df65c6ec4ae9" testId="c7989c99-7490-d68e-f8ba-99491ffceea3" testName="should_throw_error_when_returning_user_current_base_attack_if_user_doesnt_exist" computerName="1WJ93R1-JWILLIA" duration="00:00:00.0161572" startTime="2012-08-20T13:35:53.9922529-05:00" endTime="2012-08-20T13:35:54.0102547-05:00" testType="13cdc9d9-ddb5-4fa4-a97d-d965ccfc6d4b" outcome="Passed" testListId="8c84fa94-04c1-424b-9868-57a2d4851a1d" relativeResultsDirectory="b0926401-3bf7-4c2c-9c16-df65c6ec4ae9">
    </UnitTestResult>
    <UnitTestResult executionId="b3707c90-ec42-4e7c-8d4a-2dce2cb97783" testId="c85e6447-a3ca-1d12-8c38-f937a72eca57" testName="should_return_attack_power_along_with_any_attack_power_increase_from_multiple_safehouse_items_and_user_has_no_money" computerName="1WJ93R1-JWILLIA" duration="00:00:00.0062860" startTime="2012-08-20T13:35:54.0152552-05:00" endTime="2012-08-20T13:35:54.0242561-05:00" testType="13cdc9d9-ddb5-4fa4-a97d-d965ccfc6d4b" outcome="Passed" testListId="8c84fa94-04c1-424b-9868-57a2d4851a1d" relativeResultsDirectory="b3707c90-ec42-4e7c-8d4a-2dce2cb97783">
    </UnitTestResult>
    <UnitTestResult executionId="7c9aec02-e86a-4261-a046-624a30551b4a" testId="c9a124e9-2f09-63d2-22cf-ad1bad23f16c" testName="the_energy_for_determining_zombie_pack_difficulty_should_be_100" computerName="1WJ93R1-JWILLIA" duration="00:00:00.0252693" startTime="2012-08-20T13:35:54.0292566-05:00" endTime="2012-08-20T13:35:54.0562593-05:00" testType="13cdc9d9-ddb5-4fa4-a97d-d965ccfc6d4b" outcome="Passed" testListId="8c84fa94-04c1-424b-9868-57a2d4851a1d" relativeResultsDirectory="7c9aec02-e86a-4261-a046-624a30551b4a">
    </UnitTestResult>
    <UnitTestResult executionId="54382e97-5c24-47fc-8c64-696b50dbc765" testId="c9e2118a-af3f-f908-ba61-20f5edd2b827" testName="should_throw_error_for_saving_mas_energy_if_user_does_not_exist" computerName="1WJ93R1-JWILLIA" duration="00:00:00.0140206" startTime="2012-08-20T13:35:54.0612598-05:00" endTime="2012-08-20T13:35:54.0782615-05:00" testType="13cdc9d9-ddb5-4fa4-a97d-d965ccfc6d4b" outcome="Passed" testListId="8c84fa94-04c1-424b-9868-57a2d4851a1d" relativeResultsDirectory="54382e97-5c24-47fc-8c64-696b50dbc765">
    </UnitTestResult>
    <UnitTestResult executionId="be16460d-f9d1-40b3-a830-6d16e8d4c701" testId="ca1b8eb5-4ad5-3e56-62f6-d3c54fe84326" testName="should_not_throw_error_if_user_does_not_exist" computerName="1WJ93R1-JWILLIA" duration="00:00:00.0239841" startTime="2012-08-20T13:35:54.0822619-05:00" endTime="2012-08-20T13:35:54.1092646-05:00" testType="13cdc9d9-ddb5-4fa4-a97d-d965ccfc6d4b" outcome="Passed" testListId="8c84fa94-04c1-424b-9868-57a2d4851a1d" relativeResultsDirectory="be16460d-f9d1-40b3-a830-6d16e8d4c701">
    </UnitTestResult>
    <UnitTestResult executionId="c28bdb44-05ba-428c-8bcf-4b8ab9356aba" testId="cb08040d-63a1-ab84-f3c4-dce8729ce3d1" testName="should_retrieve_zombies_detroyed" computerName="1WJ93R1-JWILLIA" duration="00:00:00.0234131" startTime="2012-08-20T13:35:54.1132650-05:00" endTime="2012-08-20T13:35:54.1402677-05:00" testType="13cdc9d9-ddb5-4fa4-a97d-d965ccfc6d4b" outcome="Passed" testListId="8c84fa94-04c1-424b-9868-57a2d4851a1d" relativeResultsDirectory="c28bdb44-05ba-428c-8bcf-4b8ab9356aba">
    </UnitTestResult>
    <UnitTestResult executionId="901c2475-9243-4667-aa33-ae316378ed14" testId="cb80e7a8-021c-5d6c-c831-c1f7e461a27c" testName="should_return_zero_if_distance_is_null" computerName="1WJ93R1-JWILLIA" duration="00:00:00.0229821" startTime="2012-08-20T13:35:54.1462683-05:00" endTime="2012-08-20T13:35:54.1712708-05:00" testType="13cdc9d9-ddb5-4fa4-a97d-d965ccfc6d4b" outcome="Passed" testListId="8c84fa94-04c1-424b-9868-57a2d4851a1d" relativeResultsDirectory="901c2475-9243-4667-aa33-ae316378ed14">
    </UnitTestResult>
    <UnitTestResult executionId="467d61de-ea9e-423e-bddb-dfeac586b309" testId="ce354fe1-08e2-7958-e209-2621b563d1da" testName="should_disregard_if_user_does_not_have_item" computerName="1WJ93R1-JWILLIA" duration="00:00:00.0082057" startTime="2012-08-20T13:35:54.1772714-05:00" endTime="2012-08-20T13:35:54.1882725-05:00" testType="13cdc9d9-ddb5-4fa4-a97d-d965ccfc6d4b" outcome="Passed" testListId="8c84fa94-04c1-424b-9868-57a2d4851a1d" relativeResultsDirectory="467d61de-ea9e-423e-bddb-dfeac586b309">
    </UnitTestResult>
    <UnitTestResult executionId="7d82801f-3dbe-4c02-ac6b-3ccdbed6949c" testId="cf462ec4-8531-1e43-07c6-e34f96bb70c0" testName="should_set_sight_radius_to_5_for_user_who_exists_but_does_not_have_a_base_sight_radius_value" computerName="1WJ93R1-JWILLIA" duration="00:00:00.0061741" startTime="2012-08-20T13:35:54.1922729-05:00" endTime="2012-08-20T13:35:54.2012738-05:00" testType="13cdc9d9-ddb5-4fa4-a97d-d965ccfc6d4b" outcome="Passed" testListId="8c84fa94-04c1-424b-9868-57a2d4851a1d" relativeResultsDirectory="7d82801f-3dbe-4c02-ac6b-3ccdbed6949c">
    </UnitTestResult>
    <UnitTestResult executionId="648dee72-84cf-4758-8156-543133957f7a" testId="cfacc8e4-11ef-5e59-c2dc-f7d2d86d5a2e" testName="should_return_false_if_zombiepack_does_not_exist" computerName="1WJ93R1-JWILLIA" duration="00:00:00.0081250" startTime="2012-08-20T13:35:54.2062743-05:00" endTime="2012-08-20T13:35:54.2162753-05:00" testType="13cdc9d9-ddb5-4fa4-a97d-d965ccfc6d4b" outcome="Passed" testListId="8c84fa94-04c1-424b-9868-57a2d4851a1d" relativeResultsDirectory="648dee72-84cf-4758-8156-543133957f7a">
    </UnitTestResult>
    <UnitTestResult executionId="eaa91569-6a9f-455a-8da4-ddc4c0e6fb76" testId="cfb75f84-eedb-9c69-8ad1-7d1a16a63ca8" testName="given_user_has_money_and_items_in_safe_house_and_can_buy_items_should_return_best_combination" computerName="1WJ93R1-JWILLIA" duration="00:00:00.0057379" startTime="2012-08-20T13:35:54.2212758-05:00" endTime="2012-08-20T13:35:54.2292766-05:00" testType="13cdc9d9-ddb5-4fa4-a97d-d965ccfc6d4b" outcome="Passed" testListId="8c84fa94-04c1-424b-9868-57a2d4851a1d" relativeResultsDirectory="eaa91569-6a9f-455a-8da4-ddc4c0e6fb76">
    </UnitTestResult>
    <UnitTestResult executionId="5a5dfe51-20c0-4569-be0b-8d85a79d310a" testId="d079bc7a-5632-90a3-fd08-a3194bc2d4b6" testName="should_return_null_if_no_item_found" computerName="1WJ93R1-JWILLIA" duration="00:00:00.0224041" startTime="2012-08-20T13:35:54.2332770-05:00" endTime="2012-08-20T13:35:54.2582795-05:00" testType="13cdc9d9-ddb5-4fa4-a97d-d965ccfc6d4b" outcome="Passed" testListId="8c84fa94-04c1-424b-9868-57a2d4851a1d" relativeResultsDirectory="5a5dfe51-20c0-4569-be0b-8d85a79d310a">
    </UnitTestResult>
    <UnitTestResult executionId="a4d78a81-fc00-44e9-a976-f36c965e27af" testId="d10bf695-c889-b70c-ad2f-f77a6c930e0a" testName="should_throw_error_if_facebook_user_id_is_0_and_retrieval_is_attempted" computerName="1WJ93R1-JWILLIA" duration="00:00:00.0155885" startTime="2012-08-20T13:35:54.2632800-05:00" endTime="2012-08-20T13:35:54.2812818-05:00" testType="13cdc9d9-ddb5-4fa4-a97d-d965ccfc6d4b" outcome="Passed" testListId="8c84fa94-04c1-424b-9868-57a2d4851a1d" relativeResultsDirectory="a4d78a81-fc00-44e9-a976-f36c965e27af">
    </UnitTestResult>
    <UnitTestResult executionId="e1334785-6282-4cf5-9ec4-35a9539a4bc7" testId="d1295b3d-b18a-9feb-b9f7-b8d24a1390b4" testName="should_return_list_of_user_items_from_user_id" computerName="1WJ93R1-JWILLIA" duration="00:00:00.0303187" startTime="2012-08-20T13:35:54.2852822-05:00" endTime="2012-08-20T13:35:54.3182855-05:00" testType="13cdc9d9-ddb5-4fa4-a97d-d965ccfc6d4b" outcome="Passed" testListId="8c84fa94-04c1-424b-9868-57a2d4851a1d" relativeResultsDirectory="e1334785-6282-4cf5-9ec4-35a9539a4bc7">
    </UnitTestResult>
    <UnitTestResult executionId="d901435f-8d51-42b2-964a-55d65213c6f7" testId="d38373b0-d937-624e-5767-19dca8e2a1ff" testName="should_set_base_line_for_users_max_potential_if_last_hotzone_visited_does_not_equal_the_hotzone_for_the_current_zombie_pack_for_every_third_hotzone" computerName="1WJ93R1-JWILLIA" duration="00:00:00.0118248" startTime="2012-08-20T13:35:54.3232860-05:00" endTime="2012-08-20T13:35:54.3362873-05:00" testType="13cdc9d9-ddb5-4fa4-a97d-d965ccfc6d4b" outcome="Passed" testListId="8c84fa94-04c1-424b-9868-57a2d4851a1d" relativeResultsDirectory="d901435f-8d51-42b2-964a-55d65213c6f7">
    </UnitTestResult>
    <UnitTestResult executionId="63ca8f75-e30f-4cd4-8f2f-354188896cf4" testId="d39a97f0-a02b-13f3-00ff-3ebdf64857ec" testName="should_return_users_base_sight_radius_if_user_does_not_have_any_items" computerName="1WJ93R1-JWILLIA" duration="00:00:00.0039395" startTime="2012-08-20T13:35:54.3422879-05:00" endTime="2012-08-20T13:35:54.3482885-05:00" testType="13cdc9d9-ddb5-4fa4-a97d-d965ccfc6d4b" outcome="Passed" testListId="8c84fa94-04c1-424b-9868-57a2d4851a1d" relativeResultsDirectory="63ca8f75-e30f-4cd4-8f2f-354188896cf4">
    </UnitTestResult>
    <UnitTestResult executionId="1d4398d0-73f2-4e0e-9ae2-cb68de7dfb49" testId="d51d0821-4280-76e7-8d6d-17b8ea1953f0" testName="should_return_baseline_attack_power_for_user_that_exists" computerName="1WJ93R1-JWILLIA" duration="00:00:00.0169777" startTime="2012-08-20T13:35:54.3542891-05:00" endTime="2012-08-20T13:35:54.3732910-05:00" testType="13cdc9d9-ddb5-4fa4-a97d-d965ccfc6d4b" outcome="Passed" testListId="8c84fa94-04c1-424b-9868-57a2d4851a1d" relativeResultsDirectory="1d4398d0-73f2-4e0e-9ae2-cb68de7dfb49">
    </UnitTestResult>
    <UnitTestResult executionId="0788472b-9a5f-4cf5-ab05-743a833e64eb" testId="d531988b-f1bb-cf47-5dc0-2ed134630321" testName="should_return_achievement_for_peak_zombies_1000" computerName="1WJ93R1-JWILLIA" duration="00:00:00.0011060" startTime="2012-08-20T13:35:54.3782915-05:00" endTime="2012-08-20T13:35:54.3812918-05:00" testType="13cdc9d9-ddb5-4fa4-a97d-d965ccfc6d4b" outcome="Passed" testListId="8c84fa94-04c1-424b-9868-57a2d4851a1d" relativeResultsDirectory="0788472b-9a5f-4cf5-ab05-743a833e64eb">
    </UnitTestResult>
    <UnitTestResult executionId="a753ceea-7b17-4cda-9c65-a747f25ef7b1" testId="d646a28e-30d8-4c55-0af1-38d31ab16a6a" testName="should_decrement_number_of_zombies_by_users_attack_power_on_successful_hunt" computerName="1WJ93R1-JWILLIA" duration="00:00:00.0116643" startTime="2012-08-20T13:35:54.3862923-05:00" endTime="2012-08-20T13:35:54.4002937-05:00" testType="13cdc9d9-ddb5-4fa4-a97d-d965ccfc6d4b" outcome="Passed" testListId="8c84fa94-04c1-424b-9868-57a2d4851a1d" relativeResultsDirectory="a753ceea-7b17-4cda-9c65-a747f25ef7b1">
    </UnitTestResult>
    <UnitTestResult executionId="d732b9ae-3ec1-4281-89bc-a49bad52fc57" testId="d688d02d-3269-304b-a6e8-10e959d858db" testName="should_return_last_energy_saved_If_there_is_no_difference_between_the_current_time_passed_in_and_the_last_saved_energy_from_the_repository" computerName="1WJ93R1-JWILLIA" duration="00:00:00.0052411" startTime="2012-08-20T13:35:54.4042941-05:00" endTime="2012-08-20T13:35:54.4122949-05:00" testType="13cdc9d9-ddb5-4fa4-a97d-d965ccfc6d4b" outcome="Passed" testListId="8c84fa94-04c1-424b-9868-57a2d4851a1d" relativeResultsDirectory="d732b9ae-3ec1-4281-89bc-a49bad52fc57">
    </UnitTestResult>
    <UnitTestResult executionId="08d91135-5a93-4125-8edb-854697168e46" testId="d6a3e7bf-2e31-3f07-2490-3e67884ebb4a" testName="should_retrieve_safe_house_item_id" computerName="1WJ93R1-JWILLIA" duration="00:00:00.0279993" startTime="2012-08-20T13:35:54.4162953-05:00" endTime="2012-08-20T13:35:54.4462983-05:00" testType="13cdc9d9-ddb5-4fa4-a97d-d965ccfc6d4b" outcome="Passed" testListId="8c84fa94-04c1-424b-9868-57a2d4851a1d" relativeResultsDirectory="08d91135-5a93-4125-8edb-854697168e46">
    </UnitTestResult>
    <UnitTestResult executionId="2038f16f-2ae8-449c-b642-e2c161e0fd0e" testId="d8a245d8-8db6-bd87-8600-23c0fc08446c" testName="should_return_0_if_user_does_not_exist" computerName="1WJ93R1-JWILLIA" duration="00:00:00.0016999" startTime="2012-08-20T13:35:54.4522989-05:00" endTime="2012-08-20T13:35:54.4562993-05:00" testType="13cdc9d9-ddb5-4fa4-a97d-d965ccfc6d4b" outcome="Passed" testListId="8c84fa94-04c1-424b-9868-57a2d4851a1d" relativeResultsDirectory="2038f16f-2ae8-449c-b642-e2c161e0fd0e">
    </UnitTestResult>
    <UnitTestResult executionId="77f10b20-e075-4c59-9599-9f5cd97c338d" testId="d9751d6d-b53f-ae7f-743d-a442b6a2d81c" testName="when_checking_user_level_and_zombie_kills_to_update_attributes_should_not_update_if_not_enough_zombie_kills" computerName="1WJ93R1-JWILLIA" duration="00:00:00.0016682" startTime="2012-08-20T13:35:54.4612998-05:00" endTime="2012-08-20T13:35:54.4653002-05:00" testType="13cdc9d9-ddb5-4fa4-a97d-d965ccfc6d4b" outcome="Passed" testListId="8c84fa94-04c1-424b-9868-57a2d4851a1d" relativeResultsDirectory="77f10b20-e075-4c59-9599-9f5cd97c338d">
    </UnitTestResult>
    <UnitTestResult executionId="1abc8864-9e16-445e-a2f8-51f9e14d6f2f" testId="d9cc8fd3-0870-25cd-301c-1c45a9609c32" testName="should_update_zone_user_is_in" computerName="1WJ93R1-JWILLIA" duration="00:00:00.0219119" startTime="2012-08-20T13:35:54.4703007-05:00" endTime="2012-08-20T13:35:54.4943031-05:00" testType="13cdc9d9-ddb5-4fa4-a97d-d965ccfc6d4b" outcome="Passed" testListId="8c84fa94-04c1-424b-9868-57a2d4851a1d" relativeResultsDirectory="1abc8864-9e16-445e-a2f8-51f9e14d6f2f">
    </UnitTestResult>
    <UnitTestResult executionId="67486fe9-dd0c-483d-a2b8-496b5dae379c" testId="d9d60eb2-6c40-96e0-e46e-37fba7b51acb" testName="should_return_achievement_for_collecting_100_dollars" computerName="1WJ93R1-JWILLIA" duration="00:00:00.0011028" startTime="2012-08-20T13:35:54.4993036-05:00" endTime="2012-08-20T13:35:54.5023039-05:00" testType="13cdc9d9-ddb5-4fa4-a97d-d965ccfc6d4b" outcome="Passed" testListId="8c84fa94-04c1-424b-9868-57a2d4851a1d" relativeResultsDirectory="67486fe9-dd0c-483d-a2b8-496b5dae379c">
    </UnitTestResult>
    <UnitTestResult executionId="2851d459-c6a4-449c-8299-8bc4ef6dc524" testId="da679302-1a0c-b7f2-1c7e-e59bb2763f0f" testName="should_return_null_for_last_saved_energy_if_user_exists_but_energy_is_null" computerName="1WJ93R1-JWILLIA" duration="00:00:00.0241334" startTime="2012-08-20T13:35:54.5063043-05:00" endTime="2012-08-20T13:35:54.5323069-05:00" testType="13cdc9d9-ddb5-4fa4-a97d-d965ccfc6d4b" outcome="Passed" testListId="8c84fa94-04c1-424b-9868-57a2d4851a1d" relativeResultsDirectory="2851d459-c6a4-449c-8299-8bc4ef6dc524">
    </UnitTestResult>
    <UnitTestResult executionId="97194ecd-97f5-4465-b779-74c337e5766a" testId="db113e6e-fe96-562f-4c9e-fac3dbaaeedc" testName="should_return_one_for_attack_power_if_user_exists_but_does_not_have_any_inventory" computerName="1WJ93R1-JWILLIA" duration="00:00:00.0036624" startTime="2012-08-20T13:35:54.5373074-05:00" endTime="2012-08-20T13:35:54.5433080-05:00" testType="13cdc9d9-ddb5-4fa4-a97d-d965ccfc6d4b" outcome="Passed" testListId="8c84fa94-04c1-424b-9868-57a2d4851a1d" relativeResultsDirectory="97194ecd-97f5-4465-b779-74c337e5766a">
    </UnitTestResult>
    <UnitTestResult executionId="86a83375-29ed-4845-99e9-945e52d4a4ef" testId="db2cbd38-a14d-b06e-fd2b-542b84645680" testName="should_add_money_passed_in_to_money_of_the_current_user" computerName="1WJ93R1-JWILLIA" duration="00:00:00.0201812" startTime="2012-08-20T13:35:54.5473084-05:00" endTime="2012-08-20T13:35:54.5703107-05:00" testType="13cdc9d9-ddb5-4fa4-a97d-d965ccfc6d4b" outcome="Passed" testListId="8c84fa94-04c1-424b-9868-57a2d4851a1d" relativeResultsDirectory="86a83375-29ed-4845-99e9-945e52d4a4ef">
    </UnitTestResult>
    <UnitTestResult executionId="90ed2a4c-5d82-45b1-add6-8122561a2def" testId="dcd64675-21d8-0b9a-9cf5-ac50822ee771" testName="should_return_null_for_base_sight_radius_if_user_does_not_exist" computerName="1WJ93R1-JWILLIA" duration="00:00:00.0162402" startTime="2012-08-20T13:35:54.5763113-05:00" endTime="2012-08-20T13:35:54.5943131-05:00" testType="13cdc9d9-ddb5-4fa4-a97d-d965ccfc6d4b" outcome="Passed" testListId="8c84fa94-04c1-424b-9868-57a2d4851a1d" relativeResultsDirectory="90ed2a4c-5d82-45b1-add6-8122561a2def">
    </UnitTestResult>
    <UnitTestResult executionId="c4e83e05-764f-49bd-a627-e7ddcf7a3fa5" testId="dcf1db6a-6e15-f745-8c61-5c0cbc68681f" testName="should_throw_exception_if_update_on_baseline_is_done_on_user_that_doest_exist" computerName="1WJ93R1-JWILLIA" duration="00:00:00.0172404" startTime="2012-08-20T13:35:54.6003137-05:00" endTime="2012-08-20T13:35:54.6203157-05:00" testType="13cdc9d9-ddb5-4fa4-a97d-d965ccfc6d4b" outcome="Passed" testListId="8c84fa94-04c1-424b-9868-57a2d4851a1d" relativeResultsDirectory="c4e83e05-764f-49bd-a627-e7ddcf7a3fa5">
    </UnitTestResult>
    <UnitTestResult executionId="41f7a4e0-0eaa-41b9-b338-ff3eebd5c31a" testId="de169ee4-3985-9538-838d-f920eef5b26b" testName="should_retrieve_miles_traveled_for_user_that_exists" computerName="1WJ93R1-JWILLIA" duration="00:00:00.0238726" startTime="2012-08-20T13:35:54.6243161-05:00" endTime="2012-08-20T13:35:54.6503187-05:00" testType="13cdc9d9-ddb5-4fa4-a97d-d965ccfc6d4b" outcome="Passed" testListId="8c84fa94-04c1-424b-9868-57a2d4851a1d" relativeResultsDirectory="41f7a4e0-0eaa-41b9-b338-ff3eebd5c31a">
    </UnitTestResult>
    <UnitTestResult executionId="d751876e-990a-413c-8b8f-a528d9a793e7" testId="dfea3fa1-b295-8c05-710e-e2cb6ce3f9d6" testName="should_return_min_sight_radius_if_calculated_sight_for_time_passed_in_is_less_than_min_sight_radius_of_user" computerName="1WJ93R1-JWILLIA" duration="00:00:00.0083727" startTime="2012-08-20T13:35:54.6553192-05:00" endTime="2012-08-20T13:35:54.6663203-05:00" testType="13cdc9d9-ddb5-4fa4-a97d-d965ccfc6d4b" outcome="Passed" testListId="8c84fa94-04c1-424b-9868-57a2d4851a1d" relativeResultsDirectory="d751876e-990a-413c-8b8f-a528d9a793e7">
    </UnitTestResult>
    <UnitTestResult executionId="07635df2-28d9-402f-baa8-3e18b033b9bf" testId="e08ed2a3-8471-3997-30af-ab81916e00cb" testName="should_return_false_if_hotzone_is_not_a_starting_hotzone" computerName="1WJ93R1-JWILLIA" duration="00:00:00.0262378" startTime="2012-08-20T13:35:54.6703207-05:00" endTime="2012-08-20T13:35:54.6983235-05:00" testType="13cdc9d9-ddb5-4fa4-a97d-d965ccfc6d4b" outcome="Passed" testListId="8c84fa94-04c1-424b-9868-57a2d4851a1d" relativeResultsDirectory="07635df2-28d9-402f-baa8-3e18b033b9bf">
    </UnitTestResult>
    <UnitTestResult executionId="4e796165-f7ff-48f6-bc83-77a6ebb8af68" testId="e1d44afa-1394-6d68-cf3a-361e5ec94e83" testName="should_throw_exception_when_retrieving_user_level_and_user_does_not_exist" computerName="1WJ93R1-JWILLIA" duration="00:00:00.0164875" startTime="2012-08-20T13:35:54.7053242-05:00" endTime="2012-08-20T13:35:54.7233260-05:00" testType="13cdc9d9-ddb5-4fa4-a97d-d965ccfc6d4b" outcome="Passed" testListId="8c84fa94-04c1-424b-9868-57a2d4851a1d" relativeResultsDirectory="4e796165-f7ff-48f6-bc83-77a6ebb8af68">
    </UnitTestResult>
    <UnitTestResult executionId="51513589-f4b7-4a36-b12d-099c2dc878d7" testId="e26f0cbc-ec75-e273-f755-4a50e6a1f30a" testName="should_return_hotzone_id_containing_zombie_pack" computerName="1WJ93R1-JWILLIA" duration="00:00:00.0226149" startTime="2012-08-20T13:35:54.7293266-05:00" endTime="2012-08-20T13:35:54.7543291-05:00" testType="13cdc9d9-ddb5-4fa4-a97d-d965ccfc6d4b" outcome="Passed" testListId="8c84fa94-04c1-424b-9868-57a2d4851a1d" relativeResultsDirectory="51513589-f4b7-4a36-b12d-099c2dc878d7">
    </UnitTestResult>
    <UnitTestResult executionId="cb5c0022-b316-41d5-b58a-d32dc597a6dd" testId="e2e442ef-e02c-6299-5fbd-dd49fb1d3672" testName="should_calculate_eastern_point" computerName="1WJ93R1-JWILLIA" duration="00:00:00.0003270" startTime="2012-08-20T13:35:54.7593296-05:00" endTime="2012-08-20T13:35:54.7623299-05:00" testType="13cdc9d9-ddb5-4fa4-a97d-d965ccfc6d4b" outcome="Passed" testListId="8c84fa94-04c1-424b-9868-57a2d4851a1d" relativeResultsDirectory="cb5c0022-b316-41d5-b58a-d32dc597a6dd">
    </UnitTestResult>
    <UnitTestResult executionId="c07d3280-d2c3-4cf4-a82d-77ff1d952aff" testId="e4615602-9641-d148-59c9-84c9addeee4f" testName="should_record_zombiepack_destoryed_if_zombiepack_cleared" computerName="1WJ93R1-JWILLIA" duration="00:00:00.0127862" startTime="2012-08-20T13:35:54.7663303-05:00" endTime="2012-08-20T13:35:54.7813318-05:00" testType="13cdc9d9-ddb5-4fa4-a97d-d965ccfc6d4b" outcome="Passed" testListId="8c84fa94-04c1-424b-9868-57a2d4851a1d" relativeResultsDirectory="c07d3280-d2c3-4cf4-a82d-77ff1d952aff">
    </UnitTestResult>
    <UnitTestResult executionId="6cf720e6-cda0-4a30-af7b-84cac6bdfb66" testId="e47b507d-8276-c45e-8213-bc71e7175571" testName="should_return_achievement_for_traveling_1000_miles" computerName="1WJ93R1-JWILLIA" duration="00:00:00.0012063" startTime="2012-08-20T13:35:54.7863323-05:00" endTime="2012-08-20T13:35:54.7893326-05:00" testType="13cdc9d9-ddb5-4fa4-a97d-d965ccfc6d4b" outcome="Passed" testListId="8c84fa94-04c1-424b-9868-57a2d4851a1d" relativeResultsDirectory="6cf720e6-cda0-4a30-af7b-84cac6bdfb66">
    </UnitTestResult>
    <UnitTestResult executionId="12b49366-484d-43d2-9824-d38cddb39fb4" testId="e6a8c00a-faa8-0745-e831-40d2f4668ade" testName="should_record_peak_zombies_destroyed" computerName="1WJ93R1-JWILLIA" duration="00:00:00.0124457" startTime="2012-08-20T13:35:54.7933330-05:00" endTime="2012-08-20T13:35:54.8083345-05:00" testType="13cdc9d9-ddb5-4fa4-a97d-d965ccfc6d4b" outcome="Passed" testListId="8c84fa94-04c1-424b-9868-57a2d4851a1d" relativeResultsDirectory="12b49366-484d-43d2-9824-d38cddb39fb4">
    </UnitTestResult>
    <UnitTestResult executionId="abdaf3d3-86d4-49d9-a666-8a58136b4719" testId="e714817d-ce86-8716-57bb-b981b1597240" testName="should_not_hunt_if_user_is_not_at_zombie_pack_longitude" computerName="1WJ93R1-JWILLIA" duration="00:00:00.0074994" startTime="2012-08-20T13:35:54.8123349-05:00" endTime="2012-08-20T13:35:54.8223359-05:00" testType="13cdc9d9-ddb5-4fa4-a97d-d965ccfc6d4b" outcome="Passed" testListId="8c84fa94-04c1-424b-9868-57a2d4851a1d" relativeResultsDirectory="abdaf3d3-86d4-49d9-a666-8a58136b4719">
    </UnitTestResult>
    <UnitTestResult executionId="2ba4d644-5ce4-4079-8b0b-40f3ed39d880" testId="e731ae20-c844-7455-5d52-ca6eb82eb8c1" testName="should_return_achievement_for_killing_10_zombies" computerName="1WJ93R1-JWILLIA" duration="00:00:00.0010902" startTime="2012-08-20T13:35:54.8263363-05:00" endTime="2012-08-20T13:35:54.8303367-05:00" testType="13cdc9d9-ddb5-4fa4-a97d-d965ccfc6d4b" outcome="Passed" testListId="8c84fa94-04c1-424b-9868-57a2d4851a1d" relativeResultsDirectory="2ba4d644-5ce4-4079-8b0b-40f3ed39d880">
    </UnitTestResult>
    <UnitTestResult executionId="78de4912-ff01-439b-93f4-6e0b441e65bb" testId="e9706036-01bc-4fd1-60c9-f67ac8f10adb" testName="should_disregard_one_use_items_that_can_be_bought" computerName="1WJ93R1-JWILLIA" duration="00:00:00.0056707" startTime="2012-08-20T13:35:54.8343371-05:00" endTime="2012-08-20T13:35:54.8423379-05:00" testType="13cdc9d9-ddb5-4fa4-a97d-d965ccfc6d4b" outcome="Passed" testListId="8c84fa94-04c1-424b-9868-57a2d4851a1d" relativeResultsDirectory="78de4912-ff01-439b-93f4-6e0b441e65bb">
    </UnitTestResult>
    <UnitTestResult executionId="7d11fb9c-b8b8-455c-8f5e-6ac1035f7d65" testId="e9fab572-8fef-43db-2f81-87bc2fbad50f" testName="should_save_item" computerName="1WJ93R1-JWILLIA" duration="00:00:00.0172007" startTime="2012-08-20T13:35:54.8463383-05:00" endTime="2012-08-20T13:35:54.8663403-05:00" testType="13cdc9d9-ddb5-4fa4-a97d-d965ccfc6d4b" outcome="Passed" testListId="8c84fa94-04c1-424b-9868-57a2d4851a1d" relativeResultsDirectory="7d11fb9c-b8b8-455c-8f5e-6ac1035f7d65">
    </UnitTestResult>
    <UnitTestResult executionId="1974b514-3089-4396-a00b-41bae3f3088e" testId="ea325b6e-c3ab-3827-d099-c8e61f5a4b92" testName="should_save_user_sight_radius" computerName="1WJ93R1-JWILLIA" duration="00:00:00.0212238" startTime="2012-08-20T13:35:54.8723409-05:00" endTime="2012-08-20T13:35:54.8963433-05:00" testType="13cdc9d9-ddb5-4fa4-a97d-d965ccfc6d4b" outcome="Passed" testListId="8c84fa94-04c1-424b-9868-57a2d4851a1d" relativeResultsDirectory="1974b514-3089-4396-a00b-41bae3f3088e">
    </UnitTestResult>
    <UnitTestResult executionId="b2e4ccf1-e239-45c4-a596-59b12bf41f0a" testId="eaf1ea02-9828-2113-565b-2356e5e99e6b" testName="should_disregard_if_store_does_not_exist" computerName="1WJ93R1-JWILLIA" duration="00:00:00.0093258" startTime="2012-08-20T13:35:54.9013438-05:00" endTime="2012-08-20T13:35:54.9123449-05:00" testType="13cdc9d9-ddb5-4fa4-a97d-d965ccfc6d4b" outcome="Passed" testListId="8c84fa94-04c1-424b-9868-57a2d4851a1d" relativeResultsDirectory="b2e4ccf1-e239-45c4-a596-59b12bf41f0a">
    </UnitTestResult>
    <UnitTestResult executionId="b2107bf5-c861-4939-890e-e16548f3b1eb" testId="eb7106dc-eb88-ec99-7bfd-0b16f51297ea" testName="should_increment_accumulated_money" computerName="1WJ93R1-JWILLIA" duration="00:00:00.0152722" startTime="2012-08-20T13:35:54.9163453-05:00" endTime="2012-08-20T13:35:54.9343471-05:00" testType="13cdc9d9-ddb5-4fa4-a97d-d965ccfc6d4b" outcome="Passed" testListId="8c84fa94-04c1-424b-9868-57a2d4851a1d" relativeResultsDirectory="b2107bf5-c861-4939-890e-e16548f3b1eb">
    </UnitTestResult>
    <UnitTestResult executionId="6128f7ef-6bb9-407a-a02e-9a27946414b9" testId="ec86a5c7-025b-b62c-fbf3-4b0194192c0a" testName="should_throw_exception_if_update_on_last_visit_hotzone_is_done_on_user_that_doest_exist" computerName="1WJ93R1-JWILLIA" duration="00:00:00.0173556" startTime="2012-08-20T13:35:54.9403477-05:00" endTime="2012-08-20T13:35:54.9593496-05:00" testType="13cdc9d9-ddb5-4fa4-a97d-d965ccfc6d4b" outcome="Passed" testListId="8c84fa94-04c1-424b-9868-57a2d4851a1d" relativeResultsDirectory="6128f7ef-6bb9-407a-a02e-9a27946414b9">
    </UnitTestResult>
    <UnitTestResult executionId="fd2eaa43-d6f1-42d1-aa8d-c33d0ef6b5cf" testId="ed27cc8b-f076-d5ca-e1a7-e11e80ed7216" testName="the_attack_for_determinging_zombie_pack_difficulty_should_be_1" computerName="1WJ93R1-JWILLIA" duration="00:00:00.0162519" startTime="2012-08-20T13:35:54.9643501-05:00" endTime="2012-08-20T13:35:54.9833520-05:00" testType="13cdc9d9-ddb5-4fa4-a97d-d965ccfc6d4b" outcome="Passed" testListId="8c84fa94-04c1-424b-9868-57a2d4851a1d" relativeResultsDirectory="fd2eaa43-d6f1-42d1-aa8d-c33d0ef6b5cf">
    </UnitTestResult>
    <UnitTestResult executionId="4798eaaa-ea95-420c-9050-21c57c6102ce" testId="ef0ae882-4dcb-0302-71db-13ab90020039" testName="should_update_users_base_energy" computerName="1WJ93R1-JWILLIA" duration="00:00:00.0202936" startTime="2012-08-20T13:35:54.9883525-05:00" endTime="2012-08-20T13:35:55.0103547-05:00" testType="13cdc9d9-ddb5-4fa4-a97d-d965ccfc6d4b" outcome="Passed" testListId="8c84fa94-04c1-424b-9868-57a2d4851a1d" relativeResultsDirectory="4798eaaa-ea95-420c-9050-21c57c6102ce">
    </UnitTestResult>
    <UnitTestResult executionId="11b8ba16-9a7c-4881-a65d-da96a5667675" testId="ef68a9ee-23ea-2d7b-e344-622c97db6fd2" testName="should_return_false_if_user_does_not_have_item" computerName="1WJ93R1-JWILLIA" duration="00:00:00.0267640" startTime="2012-08-20T13:35:55.0163553-05:00" endTime="2012-08-20T13:35:55.0463583-05:00" testType="13cdc9d9-ddb5-4fa4-a97d-d965ccfc6d4b" outcome="Passed" testListId="8c84fa94-04c1-424b-9868-57a2d4851a1d" relativeResultsDirectory="11b8ba16-9a7c-4881-a65d-da96a5667675">
    </UnitTestResult>
    <UnitTestResult executionId="57e52cf4-11b6-4e65-a917-8e2b65bf6032" testId="efd3fdf9-6214-c49f-4a2b-bfb2fe87d588" testName="should_return_last_saved_sight_radius_for_user" computerName="1WJ93R1-JWILLIA" duration="00:00:00.0160606" startTime="2012-08-20T13:35:55.0513588-05:00" endTime="2012-08-20T13:35:55.0693606-05:00" testType="13cdc9d9-ddb5-4fa4-a97d-d965ccfc6d4b" outcome="Passed" testListId="8c84fa94-04c1-424b-9868-57a2d4851a1d" relativeResultsDirectory="57e52cf4-11b6-4e65-a917-8e2b65bf6032">
    </UnitTestResult>
    <UnitTestResult executionId="06e1e450-32e1-46f0-985d-320be8836de9" testId="f0a78964-7df7-6d28-3ebe-f82c2151fafb" testName="should_return_calcuated_energy_for_user_based_on_minutes_passed_since_last_saved_energy" computerName="1WJ93R1-JWILLIA" duration="00:00:00.0054421" startTime="2012-08-20T13:35:55.0753612-05:00" endTime="2012-08-20T13:35:55.0833620-05:00" testType="13cdc9d9-ddb5-4fa4-a97d-d965ccfc6d4b" outcome="Passed" testListId="8c84fa94-04c1-424b-9868-57a2d4851a1d" relativeResultsDirectory="06e1e450-32e1-46f0-985d-320be8836de9">
    </UnitTestResult>
    <UnitTestResult executionId="d4c98cc1-f555-4f3e-8113-3e4b22bbc5a4" testId="f171bbe9-81e2-ed24-643d-8a7305f52326" testName="should_return_null_for_last_saved_sight_radius_if_user_does_not_exist" computerName="1WJ93R1-JWILLIA" duration="00:00:00.0157989" startTime="2012-08-20T13:35:55.0873624-05:00" endTime="2012-08-20T13:35:55.1053642-05:00" testType="13cdc9d9-ddb5-4fa4-a97d-d965ccfc6d4b" outcome="Passed" testListId="8c84fa94-04c1-424b-9868-57a2d4851a1d" relativeResultsDirectory="d4c98cc1-f555-4f3e-8113-3e4b22bbc5a4">
    </UnitTestResult>
    <UnitTestResult executionId="4671038a-a974-4493-b15d-346dcb35cf8a" testId="f3417486-69dc-de2a-dd50-52fd43d006f5" testName="should_remove_safe_house_item" computerName="1WJ93R1-JWILLIA" duration="00:00:00.0309979" startTime="2012-08-20T13:35:55.1093646-05:00" endTime="2012-08-20T13:35:55.1423679-05:00" testType="13cdc9d9-ddb5-4fa4-a97d-d965ccfc6d4b" outcome="Passed" testListId="8c84fa94-04c1-424b-9868-57a2d4851a1d" relativeResultsDirectory="4671038a-a974-4493-b15d-346dcb35cf8a">
    </UnitTestResult>
    <UnitTestResult executionId="6bac3dfa-8b06-49f8-9e58-04d6ebc064d6" testId="f395261d-5bed-0fbe-8f0d-91e27b638206" testName="should_calculate_miles_between_two_points" computerName="1WJ93R1-JWILLIA" duration="00:00:00.0007762" startTime="2012-08-20T13:35:55.1473684-05:00" endTime="2012-08-20T13:35:55.1513688-05:00" testType="13cdc9d9-ddb5-4fa4-a97d-d965ccfc6d4b" outcome="Passed" testListId="8c84fa94-04c1-424b-9868-57a2d4851a1d" relativeResultsDirectory="6bac3dfa-8b06-49f8-9e58-04d6ebc064d6">
    </UnitTestResult>
    <UnitTestResult executionId="561a48af-71fe-47a5-b07f-3a3dd36e6315" testId="f3fa3c96-f413-1277-0bee-c65969207b6c" testName="should_increment_zombies_killed_for_user" computerName="1WJ93R1-JWILLIA" duration="00:00:00.0151957" startTime="2012-08-20T13:35:55.1553692-05:00" endTime="2012-08-20T13:35:55.1723709-05:00" testType="13cdc9d9-ddb5-4fa4-a97d-d965ccfc6d4b" outcome="Passed" testListId="8c84fa94-04c1-424b-9868-57a2d4851a1d" relativeResultsDirectory="561a48af-71fe-47a5-b07f-3a3dd36e6315">
    </UnitTestResult>
    <UnitTestResult executionId="12fe6100-9bf5-4393-8d5b-731704fd029f" testId="f503de55-2c95-f110-a46c-919d6f50e064" testName="should_return_achievement_for_destroying_hotzone" computerName="1WJ93R1-JWILLIA" duration="00:00:00.0011051" startTime="2012-08-20T13:35:55.1773714-05:00" endTime="2012-08-20T13:35:55.1803717-05:00" testType="13cdc9d9-ddb5-4fa4-a97d-d965ccfc6d4b" outcome="Passed" testListId="8c84fa94-04c1-424b-9868-57a2d4851a1d" relativeResultsDirectory="12fe6100-9bf5-4393-8d5b-731704fd029f">
    </UnitTestResult>
    <UnitTestResult executionId="49a76140-eb9e-4e02-9138-c7ac805a0fdc" testId="f5ca8613-0214-ec34-e723-d1095b6a17b4" testName="the_starting_location_should_be_saved" computerName="1WJ93R1-JWILLIA" duration="00:00:00.0179523" startTime="2012-08-20T13:35:55.1853722-05:00" endTime="2012-08-20T13:35:55.2063743-05:00" testType="13cdc9d9-ddb5-4fa4-a97d-d965ccfc6d4b" outcome="Passed" testListId="8c84fa94-04c1-424b-9868-57a2d4851a1d" relativeResultsDirectory="49a76140-eb9e-4e02-9138-c7ac805a0fdc">
    </UnitTestResult>
    <UnitTestResult executionId="85273679-0a61-4262-9183-6b0224148b36" testId="f6ae9d1e-5852-50cb-8378-e1ac4634a91b" testName="should_return_0_for_base_energy" computerName="1WJ93R1-JWILLIA" duration="00:00:00.0164945" startTime="2012-08-20T13:35:55.2103747-05:00" endTime="2012-08-20T13:35:55.2293766-05:00" testType="13cdc9d9-ddb5-4fa4-a97d-d965ccfc6d4b" outcome="Passed" testListId="8c84fa94-04c1-424b-9868-57a2d4851a1d" relativeResultsDirectory="85273679-0a61-4262-9183-6b0224148b36">
    </UnitTestResult>
    <UnitTestResult executionId="2aeb77a1-4d0e-499c-8497-12948cab91a5" testId="f6ef8399-e04f-58b6-2ee9-2d40209a41f1" testName="should_truncate_seconds_and_milliseconds_from_times_that_are_being_used_for_calculating_sight_radius" computerName="1WJ93R1-JWILLIA" duration="00:00:00.0084394" startTime="2012-08-20T13:35:55.2353772-05:00" endTime="2012-08-20T13:35:55.2463783-05:00" testType="13cdc9d9-ddb5-4fa4-a97d-d965ccfc6d4b" outcome="Passed" testListId="8c84fa94-04c1-424b-9868-57a2d4851a1d" relativeResultsDirectory="2aeb77a1-4d0e-499c-8497-12948cab91a5">
    </UnitTestResult>
    <UnitTestResult executionId="170f3b59-7a5d-478f-865c-608e72258534" testId="f9af0abf-643a-0ae4-577c-59c40c69391a" testName="should_return_2_user_ranks_ordered" computerName="1WJ93R1-JWILLIA" duration="00:00:00.0344930" startTime="2012-08-20T13:35:55.2513788-05:00" endTime="2012-08-20T13:35:55.2883825-05:00" testType="13cdc9d9-ddb5-4fa4-a97d-d965ccfc6d4b" outcome="Passed" testListId="8c84fa94-04c1-424b-9868-57a2d4851a1d" relativeResultsDirectory="170f3b59-7a5d-478f-865c-608e72258534">
    </UnitTestResult>
    <UnitTestResult executionId="0ad7ba79-32d3-4b1f-a560-38be29bb708e" testId="f9b81dce-55e1-263a-0b23-09249cae8cd4" testName="should_return_correct_base_attack_power_for_given_level" computerName="1WJ93R1-JWILLIA" duration="00:00:00.0006078" startTime="2012-08-20T13:35:55.2933830-05:00" endTime="2012-08-20T13:35:55.2973834-05:00" testType="13cdc9d9-ddb5-4fa4-a97d-d965ccfc6d4b" outcome="Passed" testListId="8c84fa94-04c1-424b-9868-57a2d4851a1d" relativeResultsDirectory="0ad7ba79-32d3-4b1f-a560-38be29bb708e">
    </UnitTestResult>
    <UnitTestResult executionId="32de4e1e-245c-4073-a266-ecef996d4fa3" testId="f9c3b8d4-44eb-d441-d7b4-5980f2089bf1" testName="should_save_user_item_in_safe_house" computerName="1WJ93R1-JWILLIA" duration="00:00:00.0347388" startTime="2012-08-20T13:35:55.3013838-05:00" endTime="2012-08-20T13:35:55.3383875-05:00" testType="13cdc9d9-ddb5-4fa4-a97d-d965ccfc6d4b" outcome="Passed" testListId="8c84fa94-04c1-424b-9868-57a2d4851a1d" relativeResultsDirectory="32de4e1e-245c-4073-a266-ecef996d4fa3">
    </UnitTestResult>
    <UnitTestResult executionId="452f0fef-1a9d-4788-b1c7-acda35896103" testId="facd1619-809e-3892-1c5d-a369458909c6" testName="should_throw_error_if_user_does_not_exist" computerName="1WJ93R1-JWILLIA" duration="00:00:00.0163526" startTime="2012-08-20T13:35:55.3423879-05:00" endTime="2012-08-20T13:35:55.3613898-05:00" testType="13cdc9d9-ddb5-4fa4-a97d-d965ccfc6d4b" outcome="Passed" testListId="8c84fa94-04c1-424b-9868-57a2d4851a1d" relativeResultsDirectory="452f0fef-1a9d-4788-b1c7-acda35896103">
    </UnitTestResult>
    <UnitTestResult executionId="2624214c-716b-45f7-a539-0e8c08b2f90b" testId="fb8ca09b-7f12-89fe-19bf-bcebd7198872" testName="should_retrieve_user_current_item_slot_capacity" computerName="1WJ93R1-JWILLIA" duration="00:00:00.0166377" startTime="2012-08-20T13:35:55.3663903-05:00" endTime="2012-08-20T13:35:55.3843921-05:00" testType="13cdc9d9-ddb5-4fa4-a97d-d965ccfc6d4b" outcome="Passed" testListId="8c84fa94-04c1-424b-9868-57a2d4851a1d" relativeResultsDirectory="2624214c-716b-45f7-a539-0e8c08b2f90b">
    </UnitTestResult>
    <UnitTestResult executionId="cc91f1ed-d149-46d3-96dd-c441e8b14de7" testId="fda20422-40a9-5283-8a02-f548ab2ba5fd" testName="should_disregard_if_safe_house_does_not_exist" computerName="1WJ93R1-JWILLIA" duration="00:00:00.0069592" startTime="2012-08-20T13:35:55.3893926-05:00" endTime="2012-08-20T13:35:55.3993936-05:00" testType="13cdc9d9-ddb5-4fa4-a97d-d965ccfc6d4b" outcome="Passed" testListId="8c84fa94-04c1-424b-9868-57a2d4851a1d" relativeResultsDirectory="cc91f1ed-d149-46d3-96dd-c441e8b14de7">
    </UnitTestResult>
  </Results>
</TestRun>